2017-09-20 11:07:54,979 INFO ### Start new logging
2017-09-20 11:07:54,979 INFO hidden_layer_sizes=[9]
2017-09-20 11:07:54,979 INFO learning_rate=0.001000
2017-09-20 11:07:54,979 INFO learn month 2016-01
2017-09-20 11:07:54,980 DEBUG load file: /export/scratch/1kastner/neural_networks/training_data_filtered.csv
2017-09-20 11:08:09,474 DEBUG concatenated:          temperature            lat            lon  temperature_eddh  \
count  393383.000000  550521.000000  550521.000000     550521.000000   
mean        2.059360      53.578461      10.041939          1.017200   
std         4.891989       0.066918       0.099170          5.162118   
min       -14.800000      53.406700       9.806540         -9.000000   
25%        -1.600000      53.553200       9.968440         -4.000000   
50%         2.400000      53.590500      10.042290          1.000000   
75%         5.500000      53.624740      10.118920          5.000000   
max        12.000000      53.707710      10.256800         11.000000   

       dewpoint_eddh  windspeed_eddh  windgust_eddh  winddirection_eddh  \
count  550521.000000   550521.000000  550521.000000       550521.000000   
mean       -0.533271       17.604012       0.069816          184.248575   
std         5.582188        8.990153       1.926209           77.304414   
min       -12.000000        0.000000       0.000000            0.000000   
25%        -5.000000       11.100000       0.000000          120.000000   
50%         1.000000       16.700000       0.000000          210.000000   
75%         3.000000       24.100000       0.000000          240.000000   
max        10.000000       44.400000      64.800000          360.000000   

       pressure_eddh  humidity_eddh  precipitation_eddh         hour_0  \
count  550521.000000  550521.000000                 0.0  550521.000000   
mean     1010.524427      89.287784                 NaN       0.042207   
std        11.734947      10.243025                 NaN       0.201062   
min       986.000000      44.000000                 NaN       0.000000   
25%      1002.000000      82.000000                 NaN       0.000000   
50%      1011.000000      93.000000                 NaN       0.000000   
75%      1020.000000     100.000000                 NaN       0.000000   
max      1032.000000     100.000000                 NaN       1.000000   

              hour_1        hour_10        hour_11        hour_12  \
count  550521.000000  550521.000000  550521.000000  550521.000000   
mean        0.041937       0.042779       0.042863       0.042678   
std         0.200445       0.202360       0.202548       0.202130   
min         0.000000       0.000000       0.000000       0.000000   
25%         0.000000       0.000000       0.000000       0.000000   
50%         0.000000       0.000000       0.000000       0.000000   
75%         0.000000       0.000000       0.000000       0.000000   
max         1.000000       1.000000       1.000000       1.000000   

             hour_13        hour_14        hour_15        hour_16  \
count  550521.000000  550521.000000  550521.000000  550521.000000   
mean        0.042660       0.042614       0.042173       0.042307   
std         0.202089       0.201986       0.200983       0.201289   
min         0.000000       0.000000       0.000000       0.000000   
25%         0.000000       0.000000       0.000000       0.000000   
50%         0.000000       0.000000       0.000000       0.000000   
75%         0.000000       0.000000       0.000000       0.000000   
max         1.000000       1.000000       1.000000       1.000000   

             hour_17        hour_18        hour_19         hour_2  \
count  550521.000000  550521.000000  550521.000000  550521.000000   
mean        0.042460       0.041710       0.042774       0.040342   
std         0.201636       0.199925       0.202347       0.196760   
min         0.000000       0.000000       0.000000       0.000000   
25%         0.000000       0.000000       0.000000       0.000000   
50%         0.000000       0.000000       0.000000       0.000000   
75%         0.000000       0.000000       0.000000       0.000000   
max         1.000000       1.000000       1.000000       1.000000   

             hour_20        hour_21        hour_22        hour_23  \
count  550521.000000  550521.000000  550521.000000  550521.000000   
mean        0.042155       0.041335       0.042507       0.042460   
std         0.200942       0.199065       0.201743       0.201636   
min         0.000000       0.000000       0.000000       0.000000   
25%         0.000000       0.000000       0.000000       0.000000   
50%         0.000000       0.000000       0.000000       0.000000   
75%         0.000000       0.000000       0.000000       0.000000   
max         1.000000       1.000000       1.000000       1.000000   

              hour_3         hour_4         hour_5         hour_6  \
count  550521.000000  550521.000000  550521.000000  550521.000000   
mean        0.038849       0.038211       0.039902       0.040883   
std         0.193234       0.191706       0.195730       0.198020   
min         0.000000       0.000000       0.000000       0.000000   
25%         0.000000       0.000000       0.000000       0.000000   
50%         0.000000       0.000000       0.000000       0.000000   
75%         0.000000       0.000000       0.000000       0.000000   
max         1.000000       1.000000       1.000000       1.000000   

              hour_7         hour_8         hour_9  cloudcover_eddh_dummy_0  \
count  550521.000000  550521.000000  550521.000000            550521.000000   
mean        0.041172       0.041027       0.041997                 0.253978   
std         0.198688       0.198352       0.200582                 0.435285   
min         0.000000       0.000000       0.000000                 0.000000   
25%         0.000000       0.000000       0.000000                 0.000000   
50%         0.000000       0.000000       0.000000                 0.000000   
75%         0.000000       0.000000       0.000000                 1.000000   
max         1.000000       1.000000       1.000000                 1.000000   

       cloudcover_eddh_dummy_1  cloudcover_eddh_dummy_2  \
count            550521.000000            550521.000000   
mean                  0.036569                 0.047163   
std                   0.187701                 0.211987   
min                   0.000000                 0.000000   
25%                   0.000000                 0.000000   
50%                   0.000000                 0.000000   
75%                   0.000000                 0.000000   
max                   1.000000                 1.000000   

       cloudcover_eddh_dummy_3  cloudcover_eddh_dummy_4  \
count            550521.000000            550521.000000   
mean                  0.517230                 0.135588   
std                   0.499703                 0.342351   
min                   0.000000                 0.000000   
25%                   0.000000                 0.000000   
50%                   1.000000                 0.000000   
75%                   1.000000                 0.000000   
max                   1.000000                 1.000000   

       cloudcover_eddh_dummy_5  
count            550521.000000  
mean                  0.009473  
std                   0.096867  
min                   0.000000  
25%                   0.000000  
50%                   0.000000  
75%                   0.000000  
max                   1.000000  
2017-09-20 11:08:09,958 DEBUG nans:         temperature       lat       lon  temperature_eddh  dewpoint_eddh  \
0               NaN  53.66080  10.06555               3.0            3.0   
5               NaN  53.59522  10.04229               3.0            3.0   
13              NaN  53.55887   9.94116               3.0            3.0   
127             NaN  53.66080  10.06555               3.0            3.0   
134             NaN  53.55887   9.94116               3.0            3.0   
...             ...       ...       ...               ...            ...   
550511          NaN  53.47430   9.86037               5.0            4.0   
550515          NaN  53.51992  10.02841               5.0            4.0   
550516          NaN  53.62919  10.05876               5.0            4.0   
550517          NaN  53.62584   9.91891               5.0            4.0   
550519          NaN  53.59758  10.08933               5.0            4.0   

        windspeed_eddh  windgust_eddh  winddirection_eddh  pressure_eddh  \
0                  7.2            0.0               160.0         1023.0   
5                  7.2            0.0               160.0         1023.0   
13                 7.2            0.0               160.0         1023.0   
127                7.2            0.0               160.0         1023.0   
134                7.2            0.0               160.0         1023.0   
...                ...            ...                 ...            ...   
550511            14.8            0.0               250.0         1005.0   
550515            14.8            0.0               250.0         1005.0   
550516            14.8            0.0               250.0         1005.0   
550517            14.8            0.0               250.0         1005.0   
550519            14.8            0.0               250.0         1005.0   

        humidity_eddh  hour_0  hour_1  hour_10  hour_11  hour_12  hour_13  \
0                94.0       1       0        0        0        0        0   
5                94.0       1       0        0        0        0        0   
13               94.0       1       0        0        0        0        0   
127              94.0       1       0        0        0        0        0   
134              94.0       1       0        0        0        0        0   
...               ...     ...     ...      ...      ...      ...      ...   
550511           93.0       0       0        0        0        0        0   
550515           93.0       0       0        0        0        0        0   
550516           93.0       0       0        0        0        0        0   
550517           93.0       0       0        0        0        0        0   
550519           93.0       0       0        0        0        0        0   

        hour_14  hour_15  hour_16  hour_17  hour_18  hour_19  hour_2  hour_20  \
0             0        0        0        0        0        0       0        0   
5             0        0        0        0        0        0       0        0   
13            0        0        0        0        0        0       0        0   
127           0        0        0        0        0        0       0        0   
134           0        0        0        0        0        0       0        0   
...         ...      ...      ...      ...      ...      ...     ...      ...   
550511        0        0        0        0        0        0       0        0   
550515        0        0        0        0        0        0       0        0   
550516        0        0        0        0        0        0       0        0   
550517        0        0        0        0        0        0       0        0   
550519        0        0        0        0        0        0       0        0   

        hour_21  hour_22  hour_23  hour_3  hour_4  hour_5  hour_6  hour_7  \
0             0        0        0       0       0       0       0       0   
5             0        0        0       0       0       0       0       0   
13            0        0        0       0       0       0       0       0   
127           0        0        0       0       0       0       0       0   
134           0        0        0       0       0       0       0       0   
...         ...      ...      ...     ...     ...     ...     ...     ...   
550511        0        0        1       0       0       0       0       0   
550515        0        0        1       0       0       0       0       0   
550516        0        0        1       0       0       0       0       0   
550517        0        0        1       0       0       0       0       0   
550519        0        0        1       0       0       0       0       0   

        hour_8  hour_9  cloudcover_eddh_dummy_0  cloudcover_eddh_dummy_1  \
0            0       0                        1                        0   
5            0       0                        1                        0   
13           0       0                        1                        0   
127          0       0                        1                        0   
134          0       0                        1                        0   
...        ...     ...                      ...                      ...   
550511       0       0                        0                        0   
550515       0       0                        0                        0   
550516       0       0                        0                        0   
550517       0       0                        0                        0   
550519       0       0                        0                        0   

        cloudcover_eddh_dummy_2  cloudcover_eddh_dummy_3  \
0                             0                        0   
5                             0                        0   
13                            0                        0   
127                           0                        0   
134                           0                        0   
...                         ...                      ...   
550511                        0                        1   
550515                        0                        1   
550516                        0                        1   
550517                        0                        1   
550519                        0                        1   

        cloudcover_eddh_dummy_4  cloudcover_eddh_dummy_5  
0                             0                        0  
5                             0                        0  
13                            0                        0  
127                           0                        0  
134                           0                        0  
...                         ...                      ...  
550511                        0                        0  
550515                        0                        0  
550516                        0                        0  
550517                        0                        0  
550519                        0                        0  

[157138 rows x 40 columns]
2017-09-20 11:08:10,457 DEBUG before: 550521, after: 393383
2017-09-20 11:08:10,457 DEBUG percentage: 139
2017-09-20 11:08:10,458 DEBUG drop input: temperature
2017-09-20 11:08:10,471 DEBUG         lat       lon  temperature_eddh  dewpoint_eddh  windspeed_eddh  \
1  53.57735  10.09428               3.0            3.0             7.2   

   windgust_eddh  winddirection_eddh  pressure_eddh  humidity_eddh  hour_0  \
1            0.0               160.0         1023.0           94.0       1   

   hour_1  hour_10  hour_11  hour_12  hour_13  hour_14  hour_15  hour_16  \
1       0        0        0        0        0        0        0        0   

   hour_17  hour_18  hour_19  hour_2  hour_20  hour_21  hour_22  hour_23  \
1        0        0        0       0        0        0        0        0   

   hour_3  hour_4  hour_5  hour_6  hour_7  hour_8  hour_9  \
1       0       0       0       0       0       0       0   

   cloudcover_eddh_dummy_0  cloudcover_eddh_dummy_1  cloudcover_eddh_dummy_2  \
1                        1                        0                        0   

   cloudcover_eddh_dummy_3  cloudcover_eddh_dummy_4  cloudcover_eddh_dummy_5  
1                        0                        0                        0  
2017-09-20 11:08:10,489 DEBUG    temperature
1          2.7
2017-09-20 11:08:10,530 DEBUG input_data[0]: [  5.35773500e+01   1.00942800e+01   3.00000000e+00   3.00000000e+00
   7.20000000e+00   0.00000000e+00   1.60000000e+02   1.02300000e+03
   9.40000000e+01   1.00000000e+00   0.00000000e+00   0.00000000e+00
   0.00000000e+00   0.00000000e+00   0.00000000e+00   0.00000000e+00
   0.00000000e+00   0.00000000e+00   0.00000000e+00   0.00000000e+00
   0.00000000e+00   0.00000000e+00   0.00000000e+00   0.00000000e+00
   0.00000000e+00   0.00000000e+00   0.00000000e+00   0.00000000e+00
   0.00000000e+00   0.00000000e+00   0.00000000e+00   0.00000000e+00
   0.00000000e+00   1.00000000e+00   0.00000000e+00   0.00000000e+00
   0.00000000e+00   0.00000000e+00   0.00000000e+00]
2017-09-20 11:08:10,530 DEBUG target[0]: [ 2.7]
2017-09-20 11:08:10,540 ERROR /informatik2/students/home/1kastner/.local/lib/python3.5/site-packages/sklearn/neural_network/multilayer_perceptron.py:1266: DataConversionWarning: A column-vector y was passed when a 1d array was expected. Please change the shape of y to (n_samples, ), for example using ravel().
2017-09-20 11:08:10,540 ERROR   y = column_or_1d(y, warn=True)
2017-09-20 11:08:13,578 INFO Training RMSE: 1.006
2017-09-20 11:08:13,579 INFO validate with month 2016-02
2017-09-20 11:08:19,237 DEBUG before: 216811, after: 166413
2017-09-20 11:08:19,238 DEBUG percentage: 130
2017-09-20 11:08:19,289 INFO Evaluation RMSE: 0.936
2017-09-20 11:08:19,289 INFO learn month 2016-02
2017-09-20 11:08:32,741 DEBUG before: 505851, after: 381778
2017-09-20 11:08:32,741 DEBUG percentage: 132
2017-09-20 11:08:52,196 INFO Training RMSE: 0.959
2017-09-20 11:08:52,198 INFO validate with month 2016-03
2017-09-20 11:08:57,790 DEBUG before: 233230, after: 168643
2017-09-20 11:08:57,791 DEBUG percentage: 138
2017-09-20 11:08:57,998 INFO Evaluation RMSE: 1.350
2017-09-20 11:08:58,003 INFO learn month 2016-03
2017-09-20 11:09:11,491 DEBUG before: 543249, after: 393239
2017-09-20 11:09:11,492 DEBUG percentage: 138
2017-09-20 11:09:16,020 INFO Training RMSE: 1.125
2017-09-20 11:09:16,021 INFO validate with month 2016-04
2017-09-20 11:09:21,580 DEBUG before: 223812, after: 165966
2017-09-20 11:09:21,585 DEBUG percentage: 134
2017-09-20 11:09:21,678 INFO Evaluation RMSE: 1.219
2017-09-20 11:09:21,679 INFO learn month 2016-04
2017-09-20 11:09:35,489 DEBUG before: 549153, after: 403528
2017-09-20 11:09:35,493 DEBUG percentage: 136
2017-09-20 11:09:39,236 INFO Training RMSE: 1.177
2017-09-20 11:09:39,237 INFO validate with month 2016-05
2017-09-20 11:09:44,782 DEBUG before: 228912, after: 174077
2017-09-20 11:09:44,783 DEBUG percentage: 131
2017-09-20 11:09:44,843 INFO Evaluation RMSE: 1.552
2017-09-20 11:09:44,844 INFO learn month 2016-05
2017-09-20 11:09:58,292 DEBUG before: 564980, after: 424700
2017-09-20 11:09:58,293 DEBUG percentage: 133
2017-09-20 11:10:03,269 INFO Training RMSE: 1.395
2017-09-20 11:10:03,270 INFO validate with month 2016-06
2017-09-20 11:10:08,884 DEBUG before: 220987, after: 166713
2017-09-20 11:10:08,884 DEBUG percentage: 132
2017-09-20 11:10:09,033 INFO Evaluation RMSE: 1.459
2017-09-20 11:10:09,033 INFO learn month 2016-06
2017-09-20 11:10:22,362 DEBUG before: 534640, after: 397557
2017-09-20 11:10:22,363 DEBUG percentage: 134
2017-09-20 11:10:26,165 INFO Training RMSE: 1.351
2017-09-20 11:10:26,166 INFO validate with month 2016-07
2017-09-20 11:10:31,788 DEBUG before: 199665, after: 163430
2017-09-20 11:10:31,792 DEBUG percentage: 122
2017-09-20 11:10:31,848 INFO Evaluation RMSE: 1.273
2017-09-20 11:10:31,849 INFO learn month 2016-07
2017-09-20 11:10:45,194 DEBUG before: 501163, after: 408429
2017-09-20 11:10:45,195 DEBUG percentage: 122
2017-09-20 11:10:48,425 INFO Training RMSE: 1.317
2017-09-20 11:10:48,426 INFO validate with month 2016-08
2017-09-20 11:10:54,208 DEBUG before: 192256, after: 163555
2017-09-20 11:10:54,210 DEBUG percentage: 117
2017-09-20 11:10:54,271 INFO Evaluation RMSE: 1.339
2017-09-20 11:10:54,271 INFO learn month 2016-08
2017-09-20 11:11:07,661 DEBUG before: 459198, after: 389684
2017-09-20 11:11:07,663 DEBUG percentage: 117
2017-09-20 11:11:22,622 INFO Training RMSE: 1.359
2017-09-20 11:11:22,648 INFO validate with month 2016-09
2017-09-20 11:11:28,149 DEBUG before: 198134, after: 175742
2017-09-20 11:11:28,150 DEBUG percentage: 112
2017-09-20 11:11:28,392 INFO Evaluation RMSE: 1.379
2017-09-20 11:11:28,392 INFO learn month 2016-09
2017-09-20 11:11:41,716 DEBUG before: 485771, after: 432341
2017-09-20 11:11:41,718 DEBUG percentage: 112
2017-09-20 11:12:15,960 INFO Training RMSE: 1.472
2017-09-20 11:12:15,969 INFO validate with month 2016-10
2017-09-20 11:12:22,071 DEBUG before: 188679, after: 149024
2017-09-20 11:12:22,072 DEBUG percentage: 126
2017-09-20 11:12:22,281 INFO Evaluation RMSE: 1.555
2017-09-20 11:12:22,281 INFO learn month 2016-10
2017-09-20 11:12:36,860 DEBUG before: 450500, after: 345032
2017-09-20 11:12:36,861 DEBUG percentage: 130
2017-09-20 11:12:40,001 INFO Training RMSE: 1.053
2017-09-20 11:12:40,002 INFO validate with month 2016-11
2017-09-20 11:12:46,447 DEBUG before: 135214, after: 109088
2017-09-20 11:12:46,448 DEBUG percentage: 123
2017-09-20 11:12:46,488 INFO Evaluation RMSE: 2.021
2017-09-20 11:12:46,488 INFO learn month 2016-11
2017-09-20 11:13:01,485 DEBUG before: 314697, after: 247112
2017-09-20 11:13:01,486 DEBUG percentage: 127
2017-09-20 11:13:05,717 INFO Training RMSE: 1.271
2017-09-20 11:13:05,718 INFO validate with month 2016-12
2017-09-20 11:13:13,137 DEBUG before: 173829, after: 130651
2017-09-20 11:13:13,138 DEBUG percentage: 133
2017-09-20 11:13:13,200 INFO Evaluation RMSE: 1.277
2017-09-20 11:13:13,201 INFO {'verbose': False, 'hidden_layer_sizes': [9], 'nesterovs_momentum': True, 'tol': 0.0001, 'momentum': 0.9, 'beta_2': 0.999, 'learning_rate': 'constant', 'max_iter': 200, 'activation': 'relu', 'solver': 'adam', 'shuffle': True, 'power_t': 0.5, 'epsilon': 1e-08, 'learning_rate_init': 0.001, 'random_state': None, 'early_stopping': False, 'batch_size': 'auto', 'alpha': 0.0001, 'beta_1': 0.9, 'warm_start': False, 'validation_fraction': 0.1}
