2017-09-18 21:18:25,600 INFO ### Start new logging
2017-09-18 21:18:25,600 INFO hidden_layer_sizes=[5, 13]
2017-09-18 21:18:25,600 INFO learning_rate=0.001000
2017-09-18 21:18:25,601 INFO learn month 2016-01
2017-09-18 21:18:25,601 DEBUG load file: /export/scratch/1kastner/neural_networks/training_data_filtered.csv
2017-09-18 21:18:39,795 DEBUG concatenated:          temperature            lat            lon  temperature_eddh  \
count  393383.000000  550521.000000  550521.000000     550521.000000   
mean        2.059360      53.578461      10.041939          1.017200   
std         4.891989       0.066918       0.099170          5.162118   
min       -14.800000      53.406700       9.806540         -9.000000   
25%        -1.600000      53.553200       9.968440         -4.000000   
50%         2.400000      53.590500      10.042290          1.000000   
75%         5.500000      53.624740      10.118920          5.000000   
max        12.000000      53.707710      10.256800         11.000000   

       dewpoint_eddh  windspeed_eddh  windgust_eddh  winddirection_eddh  \
count  550521.000000   550521.000000  550521.000000       550521.000000   
mean       -0.533271       17.604012       0.069816          184.248575   
std         5.582188        8.990153       1.926209           77.304414   
min       -12.000000        0.000000       0.000000            0.000000   
25%        -5.000000       11.100000       0.000000          120.000000   
50%         1.000000       16.700000       0.000000          210.000000   
75%         3.000000       24.100000       0.000000          240.000000   
max        10.000000       44.400000      64.800000          360.000000   

       pressure_eddh  humidity_eddh  precipitation_eddh         hour_0  \
count  550521.000000  550521.000000                 0.0  550521.000000   
mean     1010.524427      89.287784                 NaN       0.042207   
std        11.734947      10.243025                 NaN       0.201062   
min       986.000000      44.000000                 NaN       0.000000   
25%      1002.000000      82.000000                 NaN       0.000000   
50%      1011.000000      93.000000                 NaN       0.000000   
75%      1020.000000     100.000000                 NaN       0.000000   
max      1032.000000     100.000000                 NaN       1.000000   

              hour_1        hour_10        hour_11        hour_12  \
count  550521.000000  550521.000000  550521.000000  550521.000000   
mean        0.041937       0.042779       0.042863       0.042678   
std         0.200445       0.202360       0.202548       0.202130   
min         0.000000       0.000000       0.000000       0.000000   
25%         0.000000       0.000000       0.000000       0.000000   
50%         0.000000       0.000000       0.000000       0.000000   
75%         0.000000       0.000000       0.000000       0.000000   
max         1.000000       1.000000       1.000000       1.000000   

             hour_13        hour_14        hour_15        hour_16  \
count  550521.000000  550521.000000  550521.000000  550521.000000   
mean        0.042660       0.042614       0.042173       0.042307   
std         0.202089       0.201986       0.200983       0.201289   
min         0.000000       0.000000       0.000000       0.000000   
25%         0.000000       0.000000       0.000000       0.000000   
50%         0.000000       0.000000       0.000000       0.000000   
75%         0.000000       0.000000       0.000000       0.000000   
max         1.000000       1.000000       1.000000       1.000000   

             hour_17        hour_18        hour_19         hour_2  \
count  550521.000000  550521.000000  550521.000000  550521.000000   
mean        0.042460       0.041710       0.042774       0.040342   
std         0.201636       0.199925       0.202347       0.196760   
min         0.000000       0.000000       0.000000       0.000000   
25%         0.000000       0.000000       0.000000       0.000000   
50%         0.000000       0.000000       0.000000       0.000000   
75%         0.000000       0.000000       0.000000       0.000000   
max         1.000000       1.000000       1.000000       1.000000   

             hour_20        hour_21        hour_22        hour_23  \
count  550521.000000  550521.000000  550521.000000  550521.000000   
mean        0.042155       0.041335       0.042507       0.042460   
std         0.200942       0.199065       0.201743       0.201636   
min         0.000000       0.000000       0.000000       0.000000   
25%         0.000000       0.000000       0.000000       0.000000   
50%         0.000000       0.000000       0.000000       0.000000   
75%         0.000000       0.000000       0.000000       0.000000   
max         1.000000       1.000000       1.000000       1.000000   

              hour_3         hour_4         hour_5         hour_6  \
count  550521.000000  550521.000000  550521.000000  550521.000000   
mean        0.038849       0.038211       0.039902       0.040883   
std         0.193234       0.191706       0.195730       0.198020   
min         0.000000       0.000000       0.000000       0.000000   
25%         0.000000       0.000000       0.000000       0.000000   
50%         0.000000       0.000000       0.000000       0.000000   
75%         0.000000       0.000000       0.000000       0.000000   
max         1.000000       1.000000       1.000000       1.000000   

              hour_7         hour_8         hour_9  cloudcover_eddh_dummy_0  \
count  550521.000000  550521.000000  550521.000000            550521.000000   
mean        0.041172       0.041027       0.041997                 0.253978   
std         0.198688       0.198352       0.200582                 0.435285   
min         0.000000       0.000000       0.000000                 0.000000   
25%         0.000000       0.000000       0.000000                 0.000000   
50%         0.000000       0.000000       0.000000                 0.000000   
75%         0.000000       0.000000       0.000000                 1.000000   
max         1.000000       1.000000       1.000000                 1.000000   

       cloudcover_eddh_dummy_1  cloudcover_eddh_dummy_2  \
count            550521.000000            550521.000000   
mean                  0.036569                 0.047163   
std                   0.187701                 0.211987   
min                   0.000000                 0.000000   
25%                   0.000000                 0.000000   
50%                   0.000000                 0.000000   
75%                   0.000000                 0.000000   
max                   1.000000                 1.000000   

       cloudcover_eddh_dummy_3  cloudcover_eddh_dummy_4  \
count            550521.000000            550521.000000   
mean                  0.517230                 0.135588   
std                   0.499703                 0.342351   
min                   0.000000                 0.000000   
25%                   0.000000                 0.000000   
50%                   1.000000                 0.000000   
75%                   1.000000                 0.000000   
max                   1.000000                 1.000000   

       cloudcover_eddh_dummy_5  
count            550521.000000  
mean                  0.009473  
std                   0.096867  
min                   0.000000  
25%                   0.000000  
50%                   0.000000  
75%                   0.000000  
max                   1.000000  
2017-09-18 21:18:40,286 DEBUG nans:         temperature       lat       lon  temperature_eddh  dewpoint_eddh  \
0               NaN  53.66080  10.06555               3.0            3.0   
5               NaN  53.59522  10.04229               3.0            3.0   
13              NaN  53.55887   9.94116               3.0            3.0   
127             NaN  53.66080  10.06555               3.0            3.0   
134             NaN  53.55887   9.94116               3.0            3.0   
...             ...       ...       ...               ...            ...   
550511          NaN  53.47430   9.86037               5.0            4.0   
550515          NaN  53.51992  10.02841               5.0            4.0   
550516          NaN  53.62919  10.05876               5.0            4.0   
550517          NaN  53.62584   9.91891               5.0            4.0   
550519          NaN  53.59758  10.08933               5.0            4.0   

        windspeed_eddh  windgust_eddh  winddirection_eddh  pressure_eddh  \
0                  7.2            0.0               160.0         1023.0   
5                  7.2            0.0               160.0         1023.0   
13                 7.2            0.0               160.0         1023.0   
127                7.2            0.0               160.0         1023.0   
134                7.2            0.0               160.0         1023.0   
...                ...            ...                 ...            ...   
550511            14.8            0.0               250.0         1005.0   
550515            14.8            0.0               250.0         1005.0   
550516            14.8            0.0               250.0         1005.0   
550517            14.8            0.0               250.0         1005.0   
550519            14.8            0.0               250.0         1005.0   

        humidity_eddh  hour_0  hour_1  hour_10  hour_11  hour_12  hour_13  \
0                94.0       1       0        0        0        0        0   
5                94.0       1       0        0        0        0        0   
13               94.0       1       0        0        0        0        0   
127              94.0       1       0        0        0        0        0   
134              94.0       1       0        0        0        0        0   
...               ...     ...     ...      ...      ...      ...      ...   
550511           93.0       0       0        0        0        0        0   
550515           93.0       0       0        0        0        0        0   
550516           93.0       0       0        0        0        0        0   
550517           93.0       0       0        0        0        0        0   
550519           93.0       0       0        0        0        0        0   

        hour_14  hour_15  hour_16  hour_17  hour_18  hour_19  hour_2  hour_20  \
0             0        0        0        0        0        0       0        0   
5             0        0        0        0        0        0       0        0   
13            0        0        0        0        0        0       0        0   
127           0        0        0        0        0        0       0        0   
134           0        0        0        0        0        0       0        0   
...         ...      ...      ...      ...      ...      ...     ...      ...   
550511        0        0        0        0        0        0       0        0   
550515        0        0        0        0        0        0       0        0   
550516        0        0        0        0        0        0       0        0   
550517        0        0        0        0        0        0       0        0   
550519        0        0        0        0        0        0       0        0   

        hour_21  hour_22  hour_23  hour_3  hour_4  hour_5  hour_6  hour_7  \
0             0        0        0       0       0       0       0       0   
5             0        0        0       0       0       0       0       0   
13            0        0        0       0       0       0       0       0   
127           0        0        0       0       0       0       0       0   
134           0        0        0       0       0       0       0       0   
...         ...      ...      ...     ...     ...     ...     ...     ...   
550511        0        0        1       0       0       0       0       0   
550515        0        0        1       0       0       0       0       0   
550516        0        0        1       0       0       0       0       0   
550517        0        0        1       0       0       0       0       0   
550519        0        0        1       0       0       0       0       0   

        hour_8  hour_9  cloudcover_eddh_dummy_0  cloudcover_eddh_dummy_1  \
0            0       0                        1                        0   
5            0       0                        1                        0   
13           0       0                        1                        0   
127          0       0                        1                        0   
134          0       0                        1                        0   
...        ...     ...                      ...                      ...   
550511       0       0                        0                        0   
550515       0       0                        0                        0   
550516       0       0                        0                        0   
550517       0       0                        0                        0   
550519       0       0                        0                        0   

        cloudcover_eddh_dummy_2  cloudcover_eddh_dummy_3  \
0                             0                        0   
5                             0                        0   
13                            0                        0   
127                           0                        0   
134                           0                        0   
...                         ...                      ...   
550511                        0                        1   
550515                        0                        1   
550516                        0                        1   
550517                        0                        1   
550519                        0                        1   

        cloudcover_eddh_dummy_4  cloudcover_eddh_dummy_5  
0                             0                        0  
5                             0                        0  
13                            0                        0  
127                           0                        0  
134                           0                        0  
...                         ...                      ...  
550511                        0                        0  
550515                        0                        0  
550516                        0                        0  
550517                        0                        0  
550519                        0                        0  

[157138 rows x 40 columns]
2017-09-18 21:18:40,774 DEBUG before: 550521, after: 393383
2017-09-18 21:18:40,774 DEBUG percentage: 139
2017-09-18 21:18:40,775 DEBUG drop input: temperature
2017-09-18 21:18:40,785 DEBUG         lat       lon  temperature_eddh  dewpoint_eddh  windspeed_eddh  \
1  53.57735  10.09428               3.0            3.0             7.2   

   windgust_eddh  winddirection_eddh  pressure_eddh  humidity_eddh  hour_0  \
1            0.0               160.0         1023.0           94.0       1   

   hour_1  hour_10  hour_11  hour_12  hour_13  hour_14  hour_15  hour_16  \
1       0        0        0        0        0        0        0        0   

   hour_17  hour_18  hour_19  hour_2  hour_20  hour_21  hour_22  hour_23  \
1        0        0        0       0        0        0        0        0   

   hour_3  hour_4  hour_5  hour_6  hour_7  hour_8  hour_9  \
1       0       0       0       0       0       0       0   

   cloudcover_eddh_dummy_0  cloudcover_eddh_dummy_1  cloudcover_eddh_dummy_2  \
1                        1                        0                        0   

   cloudcover_eddh_dummy_3  cloudcover_eddh_dummy_4  cloudcover_eddh_dummy_5  
1                        0                        0                        0  
2017-09-18 21:18:40,804 DEBUG    temperature
1          2.7
2017-09-18 21:18:40,844 DEBUG input_data[0]: [  5.35773500e+01   1.00942800e+01   3.00000000e+00   3.00000000e+00
   7.20000000e+00   0.00000000e+00   1.60000000e+02   1.02300000e+03
   9.40000000e+01   1.00000000e+00   0.00000000e+00   0.00000000e+00
   0.00000000e+00   0.00000000e+00   0.00000000e+00   0.00000000e+00
   0.00000000e+00   0.00000000e+00   0.00000000e+00   0.00000000e+00
   0.00000000e+00   0.00000000e+00   0.00000000e+00   0.00000000e+00
   0.00000000e+00   0.00000000e+00   0.00000000e+00   0.00000000e+00
   0.00000000e+00   0.00000000e+00   0.00000000e+00   0.00000000e+00
   0.00000000e+00   1.00000000e+00   0.00000000e+00   0.00000000e+00
   0.00000000e+00   0.00000000e+00   0.00000000e+00]
2017-09-18 21:18:40,845 DEBUG target[0]: [ 2.7]
2017-09-18 21:18:40,855 ERROR /informatik2/students/home/1kastner/.local/lib/python3.5/site-packages/sklearn/neural_network/multilayer_perceptron.py:1266: DataConversionWarning: A column-vector y was passed when a 1d array was expected. Please change the shape of y to (n_samples, ), for example using ravel().
2017-09-18 21:18:40,855 ERROR   y = column_or_1d(y, warn=True)
2017-09-18 21:18:46,494 INFO Training RMSE: 0.972
2017-09-18 21:18:46,495 INFO validate with month 2016-02
2017-09-18 21:18:51,949 DEBUG before: 216811, after: 166413
2017-09-18 21:18:51,949 DEBUG percentage: 130
2017-09-18 21:18:52,053 INFO Evaluation RMSE: 0.984
2017-09-18 21:18:52,054 INFO learn month 2016-02
2017-09-18 21:19:05,236 DEBUG before: 505851, after: 381778
2017-09-18 21:19:05,236 DEBUG percentage: 132
2017-09-18 21:20:15,637 INFO Training RMSE: 0.931
2017-09-18 21:20:15,638 INFO validate with month 2016-03
2017-09-18 21:20:21,120 DEBUG before: 233230, after: 168643
2017-09-18 21:20:21,120 DEBUG percentage: 138
2017-09-18 21:20:21,299 INFO Evaluation RMSE: 1.165
2017-09-18 21:20:21,306 INFO learn month 2016-03
2017-09-18 21:20:34,463 DEBUG before: 543249, after: 393239
2017-09-18 21:20:34,463 DEBUG percentage: 138
2017-09-18 21:21:26,498 INFO Training RMSE: 1.036
2017-09-18 21:21:26,499 INFO validate with month 2016-04
2017-09-18 21:21:31,984 DEBUG before: 223812, after: 165966
2017-09-18 21:21:31,984 DEBUG percentage: 134
2017-09-18 21:21:32,150 INFO Evaluation RMSE: 1.189
2017-09-18 21:21:32,150 INFO learn month 2016-04
2017-09-18 21:21:45,298 DEBUG before: 549153, after: 403528
2017-09-18 21:21:45,298 DEBUG percentage: 136
2017-09-18 21:22:38,814 INFO Training RMSE: 1.152
2017-09-18 21:22:38,815 INFO validate with month 2016-05
2017-09-18 21:22:44,268 DEBUG before: 228912, after: 174077
2017-09-18 21:22:44,268 DEBUG percentage: 131
2017-09-18 21:22:44,480 INFO Evaluation RMSE: 1.509
2017-09-18 21:22:44,487 INFO learn month 2016-05
2017-09-18 21:22:57,665 DEBUG before: 564980, after: 424700
2017-09-18 21:22:57,666 DEBUG percentage: 133
2017-09-18 21:23:55,739 INFO Training RMSE: 1.321
2017-09-18 21:23:55,741 INFO validate with month 2016-06
2017-09-18 21:24:01,204 DEBUG before: 220987, after: 166713
2017-09-18 21:24:01,205 DEBUG percentage: 132
2017-09-18 21:24:01,424 INFO Evaluation RMSE: 1.353
2017-09-18 21:24:01,432 INFO learn month 2016-06
2017-09-18 21:24:14,565 DEBUG before: 534640, after: 397557
2017-09-18 21:24:14,565 DEBUG percentage: 134
2017-09-18 21:25:08,102 INFO Training RMSE: 1.322
2017-09-18 21:25:08,103 INFO validate with month 2016-07
2017-09-18 21:25:13,564 DEBUG before: 199665, after: 163430
2017-09-18 21:25:13,564 DEBUG percentage: 122
2017-09-18 21:25:13,733 INFO Evaluation RMSE: 1.238
2017-09-18 21:25:13,733 INFO learn month 2016-07
2017-09-18 21:25:26,727 DEBUG before: 501163, after: 408429
2017-09-18 21:25:26,727 DEBUG percentage: 122
2017-09-18 21:25:46,052 INFO Training RMSE: 1.268
2017-09-18 21:25:46,053 INFO validate with month 2016-08
2017-09-18 21:25:51,545 DEBUG before: 192256, after: 163555
2017-09-18 21:25:51,545 DEBUG percentage: 117
2017-09-18 21:25:51,695 INFO Evaluation RMSE: 1.302
2017-09-18 21:25:51,695 INFO learn month 2016-08
2017-09-18 21:26:04,762 DEBUG before: 459198, after: 389684
2017-09-18 21:26:04,762 DEBUG percentage: 117
2017-09-18 21:26:54,571 INFO Training RMSE: 1.361
2017-09-18 21:26:54,572 INFO validate with month 2016-09
2017-09-18 21:27:00,081 DEBUG before: 198134, after: 175742
2017-09-18 21:27:00,081 DEBUG percentage: 112
2017-09-18 21:27:00,353 INFO Evaluation RMSE: 1.386
2017-09-18 21:27:00,354 INFO learn month 2016-09
2017-09-18 21:27:13,476 DEBUG before: 485771, after: 432341
2017-09-18 21:27:13,476 DEBUG percentage: 112
2017-09-18 21:28:21,792 INFO Training RMSE: 1.438
2017-09-18 21:28:21,793 INFO validate with month 2016-10
2017-09-18 21:28:27,301 DEBUG before: 188679, after: 149024
2017-09-18 21:28:27,302 DEBUG percentage: 126
2017-09-18 21:28:27,413 INFO Evaluation RMSE: 1.548
2017-09-18 21:28:27,413 INFO learn month 2016-10
2017-09-18 21:28:40,477 DEBUG before: 450500, after: 345032
2017-09-18 21:28:40,478 DEBUG percentage: 130
2017-09-18 21:28:46,114 INFO Training RMSE: 1.029
2017-09-18 21:28:46,115 INFO validate with month 2016-11
2017-09-18 21:28:51,576 DEBUG before: 135214, after: 109088
2017-09-18 21:28:51,576 DEBUG percentage: 123
2017-09-18 21:28:51,635 INFO Evaluation RMSE: 1.700
2017-09-18 21:28:51,636 INFO learn month 2016-11
2017-09-18 21:29:04,578 DEBUG before: 314697, after: 247112
2017-09-18 21:29:04,579 DEBUG percentage: 127
2017-09-18 21:29:50,134 INFO Training RMSE: 1.188
2017-09-18 21:29:50,135 INFO validate with month 2016-12
2017-09-18 21:29:56,566 DEBUG before: 173829, after: 130651
2017-09-18 21:29:56,566 DEBUG percentage: 133
2017-09-18 21:29:56,759 INFO Evaluation RMSE: 0.986
2017-09-18 21:29:56,760 INFO {'momentum': 0.9, 'batch_size': 'auto', 'shuffle': True, 'beta_2': 0.999, 'tol': 0.0001, 'hidden_layer_sizes': [5, 13], 'solver': 'adam', 'alpha': 0.0001, 'verbose': False, 'learning_rate_init': 0.001, 'beta_1': 0.9, 'epsilon': 1e-08, 'random_state': None, 'power_t': 0.5, 'warm_start': False, 'validation_fraction': 0.1, 'activation': 'relu', 'nesterovs_momentum': True, 'max_iter': 200, 'early_stopping': False, 'learning_rate': 'constant'}
