2017-09-23 11:42:54,735 INFO ### Start new logging
2017-09-23 11:42:54,735 INFO General Overview
2017-09-23 11:42:54,735 INFO targets: HCM IHM LGM LWM RIM SGM SWM WGM WWM ZOM
2017-09-23 11:42:54,737 INFO neighbours: IHAMBURG138 IHAMBURG1933 IHAMBURG52 IHAMBURG446 IHHGROSS2 IHAMBURG606 IHAMBURG2065 IHAMBURG1628 IHAMBURG628 IHAMBURG308 IHAMBURG1186 IHAMBURG270 IHAMBURG1428 IHAMBURG1919 IHAMBURG844 IHHNIEND2 IHAMBURG1973 IHAMBURG1476 IHAMBURG1813 IHHSASEL2 IHAMBURG787 IHAMBURG1346 IHAMBURG1360 IHAMBURG664 IHAMBURG435 IHAMBURG108 IHAMBURG760 IHAMBURG2080 IAHRENSB13 IHAMBURG20 IHAMBURG276 IHHOSDOR2 IHAMBURG1112 IHAMBURG592 IHAMBURG251 IHAMBURG106 IHAMBURG1336 IHAMBURG172 IHAMBURG1068 IHAMBURG1982 IHAMBURG1823 IHHSCHNE2 IHAMBURG684 IHAMBURG1108 IHAMBURG1929 IHAMBURG863 IHHEIDEL3 IHAMBURG1152 IHAMBURG1526 IHAMBURG1759 IHAMBURG774 IHAMBURG315 IHAMBURG53 IHAMBURG465 IHHLOKST3 IHAMBURG469 IHHSTEIN2 IBARSBTT19 IHAMBURG1158 IHAMBURG1230 IHAMBURG1799 IHAMBURG515 IHAMBURG1156 IHAMBURG565 IHAMBURG2008 IHAMBURG398 IHAMBURG250 IHAMBURG497 IHAMBURG791 IHAMBURG1036 IHHBARMB6 IHAMBURG412 IHAMBURG1990 IHAMBURG277 IHAMBURG154 IHAMBURG646 IHAMBURG1709 IHAMBURG1082 IHAMBURG365 IHHALSTE2 IHAMBURG662 IHAMBURG1783 IHAMBURG229 IHAMBURG1182 IHAMBURG1044 IHAMBURG789 IHAMBURG1661 IHAMBURG550 IHHWINTE2 IHAMBURG1699 IHHHAMBU3 IWEDEL8 IHAMBURG1860 IHAMBURG1582 IHAMBURG355 IHAMBURG1136 IHAMBURG335 IHAMBURG123 IHAMBURG1830 IHAMBURG969 IHAMBURG638 IHAMBURG594 IHAMBURG990 IHAMBURG1697 IHAMBURG1411 IHAMBURG2031 IHAMBURG10 IHAMBURG1675 IHAMBURG279 IHAMBURG674 IHAMBURG2030 IHAMBURG1967 IHAMBURG316 INORDERS2 IHAMBURG1602 IHAMBURG2048 IHHKIRCH2 IWINSENL6 IHAMBURG2073 IHAMBURG1974 IHAMBURG998 IHAMBURG1502 IHAMBURG180 IHAMBURG222 IHAMBURG441 IHAMBURG1306 IHAMBURG367 IHAMBURG1368 IHAMBURG1008 IHAMBURG1492 IHAMBURG104 IHAMBURG1498 IHAMBURG1462 IHAMBURG285 IHAMBURG360 IHAMBURG1779 IHAMBURG39 IHAMBURG159 ISEEVETA74 IHAMBURG1194 IHAMBURG2017 IHAMBURG719 IHAMBURG1084 IHHSCHNE4 IHAMBURG268 IHAMBURG262 IHHHAMBU2 IHAMBURG2079 IHAMBURG190 IHAMBURG170 INORDERS21 IHAMBURG169 IHAMBURG394 IHAMBURG812 IHAMBURG2081 IHAMBURG1200 IHAMBURG1128 IHAMBURG119 IHAMBURG1548 IHAMBURG1785 IHAMBURG797 IHAMBURG963 IHAMBURG1755 IHAMBURG1002 IHAMBURG707 IHHHOHEN3 IHAMBURG910 IHHHINSC3 IHAMBURG2018 IHAMBURG93 IHAMBURG1671 IHAMBURG450 IHAMBURG1928 IHHSINST2 IHAMBURG1504 IHAMBURG152 IHAMBURG1056 IHAMBURG1266 IHAMBURG1811 IHAMBURG92 IHAMBURG439 IHAMBURG258 IHHRISSE2 IHAMBURG1916 IHAMBURG109 IHAMBURG978 IHHKLEIN2 IHAMBURG144 IHAMBURG1164 IHAMBURG1655 IHAMBURG56 IHAMBURG1064 IHAMBURG1256 IHAMBURG136 IHAMBURG1735 IHAMBURG153 IHAMBURG867 IBORNSEN2 IHAMBURG1377 ILBHOOPT2 IHAMBURG242 IHAMBURG840 IHHLURUP2 IHAMBURG517 IHAMBURG630 IHAMBURG61 IHAMBURG2085 IHAMBURG1166 IHAMBURG1995 IHAMBURG1174 ILBALVES2 IHAMBURG1302 IHAMBURG99 IHAMBURG1586 IHAMBURG292 IHHMARIE4 IHAMBURG1932 IHAMBURG189 IBARSBTT22 IHAMBURG1116 IHAMBURG1631 IHHROTHE2 IHAMBURG269 IHAMBURG2024 IHAMBURG723 IHAMBURG1795 IHAMBURG1606 IHHMARIE2 IHAMBURG280 IHAMBURG1092 IHAMBURG1234 IHAMBURG168 IHAMBURG1753 IHAMBURG715 IHAMBURG1102 IHAMBURG951 IHAMBURG375 IHHCURSL2 IHAMBURG2072 INORDERS72 IHAMBURG1942 IHAMBURG699 IHHEINLA2 IHAMBURG2002 IHAMBURG204 IHAMBURG778 IHAMBURG537 IHAMBURG2062 IHAMBURG410 IHHMARIE3 IHAMBURG150 IHAMBURG974 IHAMBURG1614 IHAMBURG1220 IHAMBURG219 IHAMBURG188 IHAMBURG1198 IHAMBURG938 IHAMBURG1622 IHAMBURG1254 IHAMBURG1864 IHAMBURG475 IHAMBURG230 IHAMBURG489 IHAMBURG479 IHAMBURG82 IHAMBURG1244 IHAMBURG342 IHAMBURG1805 IHAMBURG1391 IHAMBURG336 IHAMBURG540 IHAMBURG390 IHAMBURG1946 IHAMBURG1635 IHAMBURG239 IHAMBURG1028 IHAMBURG824 IHAMBURG22 IHAMBURG361 IHAMBURG600 IHAMBURG406 IHHBARMB5 IHHWILHE2 IHAMBURG1538 IHAMBURG1945 IHAMBURG140 IHAMBURG352 IHAMBURG741 IHAMBURG42 IHAMBURG405 IHAMBURG34 IHHHELLB3 IHAMBURG98 IHAMBURG32 IHAMBURG149 IHHFARMS2 IHAMBURG146 IHAMBURG95 IHAMBURG340 IHAMBURG110 IHAMBURG333 IHAMBURG1915 IHAMBURG1427 IHAMBURG243 IHAMBURG64 IHAMBURG1086 IHAMBURG354 IHAMBURG261 IHAMBURG1308 IHAMBURG353 IHAMBURG256 IHAMBURG132 IHAMBURG1890 IHAMBURG1771 IHAMBURG508 IHAMBURG648 IHAMBURG1464 IHAMBURG326 IHAMBURG1920 IHAMBURG1645 IHAMBURG1236 IHAMBURG1316 IHAMBURG640 IHAMBURG1436 IHAMBURG988 IHAMBURG656 INORDERS98 IHAMBURG1797 IHAMBURG1270 IHAMBURG803 IHAMBURG89 IHAMBURG1791 IHAMBURG1268 IHAMBURG1470 IHAMBURG1922 IHAMBURG376 IHAMBURG1214 IHAMBURG50 IHAMBURG1639 IHAMBURG1389 IHAMBURG274 IHAMBURG1184 IHAMBURG1110 IHAMBURG2039 IHAMBURG158 IHAMBURG955 IHAMBURG81 IHAMBURG1058 IHAMBURG1841 IHAMBURG1988 IHAMBURG1208 IHAMBURG454 IHAMBURG329 IHAMBURG216 IHAMBURG1837 IHHHAMBU5 IHAMBURG610 IHAMBURG1843 IHAMBURG1015 IHAMBURG1264 IHHOTTEN2 IHAMBURG403 IHAMBURG927 IWENTORF21 IHAMBURG598 IHAMBURG1962 IHAMBURG1681 IHAMBURG971 IHAMBURG957 IHAMBURG887 IHAMBURG875 IHAMBURG1124 IHAMBURG1941 IHAMBURG341 IHAMBURG2016 IHAMBURG2009 IHAMBURG1620 IHAMBURG1350 IHAMBURG1880 INORDERS16 IHAMBURG214 IHAMBURG233 IHAMBURG113 IHAMBURG46 IHAMBURG1930 IHAMBURG1379 IHAMBURG131 IHAMBURG1326 IHAMBURG1212 IHAMBURG1052 IHAMBURG1950 IHAMBURG487 IHAMBURG84 IHAMBURG935 IHAMBURG338 IHHEIDEL5 IHAMBURG626 IHAMBURG2006 IHAMBURG2026 IHAMBURG1332 IHAMBURG215 IHAMBURG1789 IHAMBURG1773 IHHBERGS2 IHAMBURG499 IHAMBURG1252 IHAMBURG1961 INORDERS5 IHAMBURG1679 IHAMBURG164 IHAMBURG1815 IHHWINTE4 IHAMBURG218 IHHMEIEN2 IHAMBURG2005 IHAMBURG404 IHAMBURG1372 IHAMBURG460 IHAMBURG751 IHAMBURG423 IHAMBURG417 IHAMBURG162 IHAMBURG1918 IHAMBURG1540 IHAMBURG1421 IHAMBURG1088 ISEEVETA49 IHHEIDEL4 IHAMBURG1076 IHAMBURG1150 IHAMBURG289 IHAMBURG772 IHAMBURG1176 IHAMBURG2041 IHAMBURG1114 IHAMBURG471 ISCHENEF11 IHAMBURG924 IHAMBURG237 IHAMBURG1144 IHAMBURG1188 IHAMBURG2069
2017-09-23 11:42:54,737 INFO End overview
2017-09-23 11:42:54,737 INFO Several Runs
2017-09-23 11:42:54,737 INFO end targets
2017-09-23 11:42:54,737 INFO overall results
2017-09-23 11:42:54,737 INFO interpolate for HCM
2017-09-23 11:42:54,738 INFO currently at 1 out of 10
2017-09-23 11:42:54,738 INFO use IHAMBURG138 IHAMBURG1933 IHAMBURG52 IHAMBURG446 IHHGROSS2 IHAMBURG606 IHAMBURG2065 IHAMBURG1628 IHAMBURG628 IHAMBURG308 IHAMBURG1186 IHAMBURG270 IHAMBURG1428 IHAMBURG1919 IHAMBURG844 IHHNIEND2 IHAMBURG1973 IHAMBURG1476 IHAMBURG1813 IHHSASEL2 IHAMBURG787 IHAMBURG1346 IHAMBURG1360 IHAMBURG664 IHAMBURG435 IHAMBURG108 IHAMBURG760 IHAMBURG2080 IAHRENSB13 IHAMBURG20 IHAMBURG276 IHHOSDOR2 IHAMBURG1112 IHAMBURG592 IHAMBURG251 IHAMBURG106 IHAMBURG1336 IHAMBURG172 IHAMBURG1068 IHAMBURG1982 IHAMBURG1823 IHHSCHNE2 IHAMBURG684 IHAMBURG1108 IHAMBURG1929 IHAMBURG863 IHHEIDEL3 IHAMBURG1152 IHAMBURG1526 IHAMBURG1759 IHAMBURG774 IHAMBURG315 IHAMBURG53 IHAMBURG465 IHHLOKST3 IHAMBURG469 IHHSTEIN2 IBARSBTT19 IHAMBURG1158 IHAMBURG1230 IHAMBURG1799 IHAMBURG515 IHAMBURG1156 IHAMBURG565 IHAMBURG2008 IHAMBURG398 IHAMBURG250 IHAMBURG497 IHAMBURG791 IHAMBURG1036 IHHBARMB6 IHAMBURG412 IHAMBURG1990 IHAMBURG277 IHAMBURG154 IHAMBURG646 IHAMBURG1709 IHAMBURG1082 IHAMBURG365 IHHALSTE2 IHAMBURG662 IHAMBURG1783 IHAMBURG229 IHAMBURG1182 IHAMBURG1044 IHAMBURG789 IHAMBURG1661 IHAMBURG550 IHHWINTE2 IHAMBURG1699 IHHHAMBU3 IWEDEL8 IHAMBURG1860 IHAMBURG1582 IHAMBURG355 IHAMBURG1136 IHAMBURG335 IHAMBURG123 IHAMBURG1830 IHAMBURG969 IHAMBURG638 IHAMBURG594 IHAMBURG990 IHAMBURG1697 IHAMBURG1411 IHAMBURG2031 IHAMBURG10 IHAMBURG1675 IHAMBURG279 IHAMBURG674 IHAMBURG2030 IHAMBURG1967 IHAMBURG316 INORDERS2 IHAMBURG1602 IHAMBURG2048 IHHKIRCH2 IWINSENL6 IHAMBURG2073 IHAMBURG1974 IHAMBURG998 IHAMBURG1502 IHAMBURG180 IHAMBURG222 IHAMBURG441 IHAMBURG1306 IHAMBURG367 IHAMBURG1368 IHAMBURG1008 IHAMBURG1492 IHAMBURG104 IHAMBURG1498 IHAMBURG1462 IHAMBURG285 IHAMBURG360 IHAMBURG1779 IHAMBURG39 IHAMBURG159 ISEEVETA74 IHAMBURG1194 IHAMBURG2017 IHAMBURG719 IHAMBURG1084 IHHSCHNE4 IHAMBURG268 IHAMBURG262 IHHHAMBU2 IHAMBURG2079 IHAMBURG190 IHAMBURG170 INORDERS21 IHAMBURG169 IHAMBURG394 IHAMBURG812 IHAMBURG2081 IHAMBURG1200 IHAMBURG1128 IHAMBURG119 IHAMBURG1548 IHAMBURG1785 IHAMBURG797 IHAMBURG963 IHAMBURG1755 IHAMBURG1002 IHAMBURG707 IHHHOHEN3 IHAMBURG910 IHHHINSC3 IHAMBURG2018 IHAMBURG93 IHAMBURG1671 IHAMBURG450 IHAMBURG1928 IHHSINST2 IHAMBURG1504 IHAMBURG152 IHAMBURG1056 IHAMBURG1266 IHAMBURG1811 IHAMBURG92 IHAMBURG439 IHAMBURG258 IHHRISSE2 IHAMBURG1916 IHAMBURG109 IHAMBURG978 IHHKLEIN2 IHAMBURG144 IHAMBURG1164 IHAMBURG1655 IHAMBURG56 IHAMBURG1064 IHAMBURG1256 IHAMBURG136 IHAMBURG1735 IHAMBURG153 IHAMBURG867 IBORNSEN2 IHAMBURG1377 ILBHOOPT2 IHAMBURG242 IHAMBURG840 IHHLURUP2 IHAMBURG517 IHAMBURG630 IHAMBURG61 IHAMBURG2085 IHAMBURG1166 IHAMBURG1995 IHAMBURG1174 ILBALVES2 IHAMBURG1302 IHAMBURG99 IHAMBURG1586 IHAMBURG292 IHHMARIE4 IHAMBURG1932 IHAMBURG189 IBARSBTT22 IHAMBURG1116 IHAMBURG1631 IHHROTHE2 IHAMBURG269 IHAMBURG2024 IHAMBURG723 IHAMBURG1795 IHAMBURG1606 IHHMARIE2 IHAMBURG280 IHAMBURG1092 IHAMBURG1234 IHAMBURG168 IHAMBURG1753 IHAMBURG715 IHAMBURG1102 IHAMBURG951 IHAMBURG375 IHHCURSL2 IHAMBURG2072 INORDERS72 IHAMBURG1942 IHAMBURG699 IHHEINLA2 IHAMBURG2002 IHAMBURG204 IHAMBURG778 IHAMBURG537 IHAMBURG2062 IHAMBURG410 IHHMARIE3 IHAMBURG150 IHAMBURG974 IHAMBURG1614 IHAMBURG1220 IHAMBURG219 IHAMBURG188 IHAMBURG1198 IHAMBURG938 IHAMBURG1622 IHAMBURG1254 IHAMBURG1864 IHAMBURG475 IHAMBURG230 IHAMBURG489 IHAMBURG479 IHAMBURG82 IHAMBURG1244 IHAMBURG342 IHAMBURG1805 IHAMBURG1391 IHAMBURG336 IHAMBURG540 IHAMBURG390 IHAMBURG1946 IHAMBURG1635 IHAMBURG239 IHAMBURG1028 IHAMBURG824 IHAMBURG22 IHAMBURG361 IHAMBURG600 IHAMBURG406 IHHBARMB5 IHHWILHE2 IHAMBURG1538 IHAMBURG1945 IHAMBURG140 IHAMBURG352 IHAMBURG741 IHAMBURG42 IHAMBURG405 IHAMBURG34 IHHHELLB3 IHAMBURG98 IHAMBURG32 IHAMBURG149 IHHFARMS2 IHAMBURG146 IHAMBURG95 IHAMBURG340 IHAMBURG110 IHAMBURG333 IHAMBURG1915 IHAMBURG1427 IHAMBURG243 IHAMBURG64 IHAMBURG1086 IHAMBURG354 IHAMBURG261 IHAMBURG1308 IHAMBURG353 IHAMBURG256 IHAMBURG132 IHAMBURG1890 IHAMBURG1771 IHAMBURG508 IHAMBURG648 IHAMBURG1464 IHAMBURG326 IHAMBURG1920 IHAMBURG1645 IHAMBURG1236 IHAMBURG1316 IHAMBURG640 IHAMBURG1436 IHAMBURG988 IHAMBURG656 INORDERS98 IHAMBURG1797 IHAMBURG1270 IHAMBURG803 IHAMBURG89 IHAMBURG1791 IHAMBURG1268 IHAMBURG1470 IHAMBURG1922 IHAMBURG376 IHAMBURG1214 IHAMBURG50 IHAMBURG1639 IHAMBURG1389 IHAMBURG274 IHAMBURG1184 IHAMBURG1110 IHAMBURG2039 IHAMBURG158 IHAMBURG955 IHAMBURG81 IHAMBURG1058 IHAMBURG1841 IHAMBURG1988 IHAMBURG1208 IHAMBURG454 IHAMBURG329 IHAMBURG216 IHAMBURG1837 IHHHAMBU5 IHAMBURG610 IHAMBURG1843 IHAMBURG1015 IHAMBURG1264 IHHOTTEN2 IHAMBURG403 IHAMBURG927 IWENTORF21 IHAMBURG598 IHAMBURG1962 IHAMBURG1681 IHAMBURG971 IHAMBURG957 IHAMBURG887 IHAMBURG875 IHAMBURG1124 IHAMBURG1941 IHAMBURG341 IHAMBURG2016 IHAMBURG2009 IHAMBURG1620 IHAMBURG1350 IHAMBURG1880 INORDERS16 IHAMBURG214 IHAMBURG233 IHAMBURG113 IHAMBURG46 IHAMBURG1930 IHAMBURG1379 IHAMBURG131 IHAMBURG1326 IHAMBURG1212 IHAMBURG1052 IHAMBURG1950 IHAMBURG487 IHAMBURG84 IHAMBURG935 IHAMBURG338 IHHEIDEL5 IHAMBURG626 IHAMBURG2006 IHAMBURG2026 IHAMBURG1332 IHAMBURG215 IHAMBURG1789 IHAMBURG1773 IHHBERGS2 IHAMBURG499 IHAMBURG1252 IHAMBURG1961 INORDERS5 IHAMBURG1679 IHAMBURG164 IHAMBURG1815 IHHWINTE4 IHAMBURG218 IHHMEIEN2 IHAMBURG2005 IHAMBURG404 IHAMBURG1372 IHAMBURG460 IHAMBURG751 IHAMBURG423 IHAMBURG417 IHAMBURG162 IHAMBURG1918 IHAMBURG1540 IHAMBURG1421 IHAMBURG1088 ISEEVETA49 IHHEIDEL4 IHAMBURG1076 IHAMBURG1150 IHAMBURG289 IHAMBURG772 IHAMBURG1176 IHAMBURG2041 IHAMBURG1114 IHAMBURG471 ISCHENEF11 IHAMBURG924 IHAMBURG237 IHAMBURG1144 IHAMBURG1188 IHAMBURG2069
2017-09-23 11:43:23,380 DEBUG done: 0.000 percent
2017-09-23 11:56:20,902 DEBUG done: 13.661 percent
2017-09-23 12:09:01,031 DEBUG done: 27.322 percent
2017-09-23 12:22:05,849 DEBUG done: 40.984 percent
2017-09-23 12:35:06,086 DEBUG done: 54.645 percent
2017-09-23 12:48:44,749 DEBUG done: 68.306 percent
2017-09-23 13:02:58,173 DEBUG done: 81.967 percent
2017-09-23 13:17:10,640 DEBUG done: 95.628 percent
2017-09-23 13:21:51,122 INFO min_all     1.905 n=1464
2017-09-23 13:21:51,143 INFO max_cn5     1.654 n=1464
2017-09-23 13:21:51,143 INFO min_cn3     0.781 n=1464
2017-09-23 13:21:51,143 INFO median_all  0.777 n=1464
2017-09-23 13:21:51,144 INFO idw_p4_cn3  1.122 n=1464
2017-09-23 13:21:51,144 INFO idw_p2_all  0.857 n=1464
2017-09-23 13:21:51,144 INFO median_cn3  0.930 n=1464
2017-09-23 13:21:51,144 INFO idw_p2_cn3  1.073 n=1464
2017-09-23 13:21:51,144 INFO idw_p3_all  0.943 n=1464
2017-09-23 13:21:51,144 INFO min_cn5     0.747 n=1464
2017-09-23 13:21:51,144 INFO max_cn3     1.583 n=1464
2017-09-23 13:21:51,144 INFO mean_cn3    0.984 n=1464
2017-09-23 13:21:51,145 INFO idw_p1_all  0.811 n=1464
2017-09-23 13:21:51,145 INFO mean_all    0.799 n=1464
2017-09-23 13:21:51,145 INFO mean_cn5    0.956 n=1464
2017-09-23 13:21:51,145 INFO median_cn5  0.924 n=1464
2017-09-23 13:21:51,145 INFO idw_p1_cn3  1.041 n=1464
2017-09-23 13:21:51,145 INFO idw_p3_cn5  1.057 n=1464
2017-09-23 13:21:51,145 INFO idw_p1_cn5  0.976 n=1464
2017-09-23 13:21:51,145 INFO idw_p4_all  1.016 n=1464
2017-09-23 13:21:51,145 INFO idw_p4_cn5  1.081 n=1464
2017-09-23 13:21:51,146 INFO idw_p2_cn5  1.021 n=1464
2017-09-23 13:21:51,146 INFO max_all     3.273 n=1464
2017-09-23 13:21:51,146 INFO idw_p3_cn3  1.102 n=1464
2017-09-23 13:21:51,146 INFO end method list
2017-09-23 13:21:51,151 INFO interpolate for IHM
2017-09-23 13:21:51,151 INFO currently at 2 out of 10
2017-09-23 13:21:51,152 INFO use IHAMBURG138 IHAMBURG1933 IHAMBURG52 IHAMBURG446 IHHGROSS2 IHAMBURG606 IHAMBURG2065 IHAMBURG1628 IHAMBURG628 IHAMBURG308 IHAMBURG1186 IHAMBURG270 IHAMBURG1428 IHAMBURG1919 IHAMBURG844 IHHNIEND2 IHAMBURG1973 IHAMBURG1476 IHAMBURG1813 IHHSASEL2 IHAMBURG787 IHAMBURG1346 IHAMBURG1360 IHAMBURG664 IHAMBURG435 IHAMBURG108 IHAMBURG760 IHAMBURG2080 IAHRENSB13 IHAMBURG20 IHAMBURG276 IHHOSDOR2 IHAMBURG1112 IHAMBURG592 IHAMBURG251 IHAMBURG106 IHAMBURG1336 IHAMBURG172 IHAMBURG1068 IHAMBURG1982 IHAMBURG1823 IHHSCHNE2 IHAMBURG684 IHAMBURG1108 IHAMBURG1929 IHAMBURG863 IHHEIDEL3 IHAMBURG1152 IHAMBURG1526 IHAMBURG1759 IHAMBURG774 IHAMBURG315 IHAMBURG53 IHAMBURG465 IHHLOKST3 IHAMBURG469 IHHSTEIN2 IBARSBTT19 IHAMBURG1158 IHAMBURG1230 IHAMBURG1799 IHAMBURG515 IHAMBURG1156 IHAMBURG565 IHAMBURG2008 IHAMBURG398 IHAMBURG250 IHAMBURG497 IHAMBURG791 IHAMBURG1036 IHHBARMB6 IHAMBURG412 IHAMBURG1990 IHAMBURG277 IHAMBURG154 IHAMBURG646 IHAMBURG1709 IHAMBURG1082 IHAMBURG365 IHHALSTE2 IHAMBURG662 IHAMBURG1783 IHAMBURG229 IHAMBURG1182 IHAMBURG1044 IHAMBURG789 IHAMBURG1661 IHAMBURG550 IHHWINTE2 IHAMBURG1699 IHHHAMBU3 IWEDEL8 IHAMBURG1860 IHAMBURG1582 IHAMBURG355 IHAMBURG1136 IHAMBURG335 IHAMBURG123 IHAMBURG1830 IHAMBURG969 IHAMBURG638 IHAMBURG594 IHAMBURG990 IHAMBURG1697 IHAMBURG1411 IHAMBURG2031 IHAMBURG10 IHAMBURG1675 IHAMBURG279 IHAMBURG674 IHAMBURG2030 IHAMBURG1967 IHAMBURG316 INORDERS2 IHAMBURG1602 IHAMBURG2048 IHHKIRCH2 IWINSENL6 IHAMBURG2073 IHAMBURG1974 IHAMBURG998 IHAMBURG1502 IHAMBURG180 IHAMBURG222 IHAMBURG441 IHAMBURG1306 IHAMBURG367 IHAMBURG1368 IHAMBURG1008 IHAMBURG1492 IHAMBURG104 IHAMBURG1498 IHAMBURG1462 IHAMBURG285 IHAMBURG360 IHAMBURG1779 IHAMBURG39 IHAMBURG159 ISEEVETA74 IHAMBURG1194 IHAMBURG2017 IHAMBURG719 IHAMBURG1084 IHHSCHNE4 IHAMBURG268 IHAMBURG262 IHHHAMBU2 IHAMBURG2079 IHAMBURG190 IHAMBURG170 INORDERS21 IHAMBURG169 IHAMBURG394 IHAMBURG812 IHAMBURG2081 IHAMBURG1200 IHAMBURG1128 IHAMBURG119 IHAMBURG1548 IHAMBURG1785 IHAMBURG797 IHAMBURG963 IHAMBURG1755 IHAMBURG1002 IHAMBURG707 IHHHOHEN3 IHAMBURG910 IHHHINSC3 IHAMBURG2018 IHAMBURG93 IHAMBURG1671 IHAMBURG450 IHAMBURG1928 IHHSINST2 IHAMBURG1504 IHAMBURG152 IHAMBURG1056 IHAMBURG1266 IHAMBURG1811 IHAMBURG92 IHAMBURG439 IHAMBURG258 IHHRISSE2 IHAMBURG1916 IHAMBURG109 IHAMBURG978 IHHKLEIN2 IHAMBURG144 IHAMBURG1164 IHAMBURG1655 IHAMBURG56 IHAMBURG1064 IHAMBURG1256 IHAMBURG136 IHAMBURG1735 IHAMBURG153 IHAMBURG867 IBORNSEN2 IHAMBURG1377 ILBHOOPT2 IHAMBURG242 IHAMBURG840 IHHLURUP2 IHAMBURG517 IHAMBURG630 IHAMBURG61 IHAMBURG2085 IHAMBURG1166 IHAMBURG1995 IHAMBURG1174 ILBALVES2 IHAMBURG1302 IHAMBURG99 IHAMBURG1586 IHAMBURG292 IHHMARIE4 IHAMBURG1932 IHAMBURG189 IBARSBTT22 IHAMBURG1116 IHAMBURG1631 IHHROTHE2 IHAMBURG269 IHAMBURG2024 IHAMBURG723 IHAMBURG1795 IHAMBURG1606 IHHMARIE2 IHAMBURG280 IHAMBURG1092 IHAMBURG1234 IHAMBURG168 IHAMBURG1753 IHAMBURG715 IHAMBURG1102 IHAMBURG951 IHAMBURG375 IHHCURSL2 IHAMBURG2072 INORDERS72 IHAMBURG1942 IHAMBURG699 IHHEINLA2 IHAMBURG2002 IHAMBURG204 IHAMBURG778 IHAMBURG537 IHAMBURG2062 IHAMBURG410 IHHMARIE3 IHAMBURG150 IHAMBURG974 IHAMBURG1614 IHAMBURG1220 IHAMBURG219 IHAMBURG188 IHAMBURG1198 IHAMBURG938 IHAMBURG1622 IHAMBURG1254 IHAMBURG1864 IHAMBURG475 IHAMBURG230 IHAMBURG489 IHAMBURG479 IHAMBURG82 IHAMBURG1244 IHAMBURG342 IHAMBURG1805 IHAMBURG1391 IHAMBURG336 IHAMBURG540 IHAMBURG390 IHAMBURG1946 IHAMBURG1635 IHAMBURG239 IHAMBURG1028 IHAMBURG824 IHAMBURG22 IHAMBURG361 IHAMBURG600 IHAMBURG406 IHHBARMB5 IHHWILHE2 IHAMBURG1538 IHAMBURG1945 IHAMBURG140 IHAMBURG352 IHAMBURG741 IHAMBURG42 IHAMBURG405 IHAMBURG34 IHHHELLB3 IHAMBURG98 IHAMBURG32 IHAMBURG149 IHHFARMS2 IHAMBURG146 IHAMBURG95 IHAMBURG340 IHAMBURG110 IHAMBURG333 IHAMBURG1915 IHAMBURG1427 IHAMBURG243 IHAMBURG64 IHAMBURG1086 IHAMBURG354 IHAMBURG261 IHAMBURG1308 IHAMBURG353 IHAMBURG256 IHAMBURG132 IHAMBURG1890 IHAMBURG1771 IHAMBURG508 IHAMBURG648 IHAMBURG1464 IHAMBURG326 IHAMBURG1920 IHAMBURG1645 IHAMBURG1236 IHAMBURG1316 IHAMBURG640 IHAMBURG1436 IHAMBURG988 IHAMBURG656 INORDERS98 IHAMBURG1797 IHAMBURG1270 IHAMBURG803 IHAMBURG89 IHAMBURG1791 IHAMBURG1268 IHAMBURG1470 IHAMBURG1922 IHAMBURG376 IHAMBURG1214 IHAMBURG50 IHAMBURG1639 IHAMBURG1389 IHAMBURG274 IHAMBURG1184 IHAMBURG1110 IHAMBURG2039 IHAMBURG158 IHAMBURG955 IHAMBURG81 IHAMBURG1058 IHAMBURG1841 IHAMBURG1988 IHAMBURG1208 IHAMBURG454 IHAMBURG329 IHAMBURG216 IHAMBURG1837 IHHHAMBU5 IHAMBURG610 IHAMBURG1843 IHAMBURG1015 IHAMBURG1264 IHHOTTEN2 IHAMBURG403 IHAMBURG927 IWENTORF21 IHAMBURG598 IHAMBURG1962 IHAMBURG1681 IHAMBURG971 IHAMBURG957 IHAMBURG887 IHAMBURG875 IHAMBURG1124 IHAMBURG1941 IHAMBURG341 IHAMBURG2016 IHAMBURG2009 IHAMBURG1620 IHAMBURG1350 IHAMBURG1880 INORDERS16 IHAMBURG214 IHAMBURG233 IHAMBURG113 IHAMBURG46 IHAMBURG1930 IHAMBURG1379 IHAMBURG131 IHAMBURG1326 IHAMBURG1212 IHAMBURG1052 IHAMBURG1950 IHAMBURG487 IHAMBURG84 IHAMBURG935 IHAMBURG338 IHHEIDEL5 IHAMBURG626 IHAMBURG2006 IHAMBURG2026 IHAMBURG1332 IHAMBURG215 IHAMBURG1789 IHAMBURG1773 IHHBERGS2 IHAMBURG499 IHAMBURG1252 IHAMBURG1961 INORDERS5 IHAMBURG1679 IHAMBURG164 IHAMBURG1815 IHHWINTE4 IHAMBURG218 IHHMEIEN2 IHAMBURG2005 IHAMBURG404 IHAMBURG1372 IHAMBURG460 IHAMBURG751 IHAMBURG423 IHAMBURG417 IHAMBURG162 IHAMBURG1918 IHAMBURG1540 IHAMBURG1421 IHAMBURG1088 ISEEVETA49 IHHEIDEL4 IHAMBURG1076 IHAMBURG1150 IHAMBURG289 IHAMBURG772 IHAMBURG1176 IHAMBURG2041 IHAMBURG1114 IHAMBURG471 ISCHENEF11 IHAMBURG924 IHAMBURG237 IHAMBURG1144 IHAMBURG1188 IHAMBURG2069
2017-09-23 13:21:54,812 DEBUG done: 0.000 percent
2017-09-23 13:34:54,325 DEBUG done: 13.661 percent
2017-09-23 13:47:47,153 DEBUG done: 27.322 percent
2017-09-23 14:01:25,112 DEBUG done: 40.984 percent
2017-09-23 14:14:54,155 DEBUG done: 54.645 percent
2017-09-23 14:29:16,873 DEBUG done: 68.306 percent
2017-09-23 14:43:47,679 DEBUG done: 81.967 percent
2017-09-23 14:57:54,227 DEBUG done: 95.628 percent
2017-09-23 15:02:36,297 INFO min_all     2.058 n=1464
2017-09-23 15:02:36,322 INFO max_cn5     1.384 n=1464
2017-09-23 15:02:36,322 INFO min_cn3     0.811 n=1464
2017-09-23 15:02:36,322 INFO median_all  0.803 n=1464
2017-09-23 15:02:36,322 INFO idw_p4_cn3  1.012 n=1464
2017-09-23 15:02:36,323 INFO idw_p2_all  0.909 n=1464
2017-09-23 15:02:36,323 INFO median_cn3  1.005 n=1464
2017-09-23 15:02:36,323 INFO idw_p2_cn3  1.011 n=1464
2017-09-23 15:02:36,323 INFO idw_p3_all  1.022 n=1464
2017-09-23 15:02:36,323 INFO min_cn5     0.734 n=1464
2017-09-23 15:02:36,323 INFO max_cn3     1.348 n=1464
2017-09-23 15:02:36,323 INFO mean_cn3    0.975 n=1464
2017-09-23 15:02:36,323 INFO idw_p1_all  0.838 n=1464
2017-09-23 15:02:36,324 INFO mean_all    0.817 n=1464
2017-09-23 15:02:36,324 INFO mean_cn5    0.881 n=1464
2017-09-23 15:02:36,324 INFO median_cn5  0.925 n=1464
2017-09-23 15:02:36,324 INFO idw_p1_cn3  1.014 n=1464
2017-09-23 15:02:36,324 INFO idw_p3_cn5  0.914 n=1464
2017-09-23 15:02:36,324 INFO idw_p1_cn5  0.906 n=1464
2017-09-23 15:02:36,324 INFO idw_p4_all  1.110 n=1464
2017-09-23 15:02:36,324 INFO idw_p4_cn5  0.917 n=1464
2017-09-23 15:02:36,324 INFO idw_p2_cn5  0.910 n=1464
2017-09-23 15:02:36,325 INFO max_all     3.143 n=1464
2017-09-23 15:02:36,325 INFO idw_p3_cn3  1.011 n=1464
2017-09-23 15:02:36,325 INFO end method list
2017-09-23 15:02:36,330 INFO interpolate for LGM
2017-09-23 15:02:36,330 INFO currently at 3 out of 10
2017-09-23 15:02:36,330 INFO use IHAMBURG138 IHAMBURG1933 IHAMBURG52 IHAMBURG446 IHHGROSS2 IHAMBURG606 IHAMBURG2065 IHAMBURG1628 IHAMBURG628 IHAMBURG308 IHAMBURG1186 IHAMBURG270 IHAMBURG1428 IHAMBURG1919 IHAMBURG844 IHHNIEND2 IHAMBURG1973 IHAMBURG1476 IHAMBURG1813 IHHSASEL2 IHAMBURG787 IHAMBURG1346 IHAMBURG1360 IHAMBURG664 IHAMBURG435 IHAMBURG108 IHAMBURG760 IHAMBURG2080 IAHRENSB13 IHAMBURG20 IHAMBURG276 IHHOSDOR2 IHAMBURG1112 IHAMBURG592 IHAMBURG251 IHAMBURG106 IHAMBURG1336 IHAMBURG172 IHAMBURG1068 IHAMBURG1982 IHAMBURG1823 IHHSCHNE2 IHAMBURG684 IHAMBURG1108 IHAMBURG1929 IHAMBURG863 IHHEIDEL3 IHAMBURG1152 IHAMBURG1526 IHAMBURG1759 IHAMBURG774 IHAMBURG315 IHAMBURG53 IHAMBURG465 IHHLOKST3 IHAMBURG469 IHHSTEIN2 IBARSBTT19 IHAMBURG1158 IHAMBURG1230 IHAMBURG1799 IHAMBURG515 IHAMBURG1156 IHAMBURG565 IHAMBURG2008 IHAMBURG398 IHAMBURG250 IHAMBURG497 IHAMBURG791 IHAMBURG1036 IHHBARMB6 IHAMBURG412 IHAMBURG1990 IHAMBURG277 IHAMBURG154 IHAMBURG646 IHAMBURG1709 IHAMBURG1082 IHAMBURG365 IHHALSTE2 IHAMBURG662 IHAMBURG1783 IHAMBURG229 IHAMBURG1182 IHAMBURG1044 IHAMBURG789 IHAMBURG1661 IHAMBURG550 IHHWINTE2 IHAMBURG1699 IHHHAMBU3 IWEDEL8 IHAMBURG1860 IHAMBURG1582 IHAMBURG355 IHAMBURG1136 IHAMBURG335 IHAMBURG123 IHAMBURG1830 IHAMBURG969 IHAMBURG638 IHAMBURG594 IHAMBURG990 IHAMBURG1697 IHAMBURG1411 IHAMBURG2031 IHAMBURG10 IHAMBURG1675 IHAMBURG279 IHAMBURG674 IHAMBURG2030 IHAMBURG1967 IHAMBURG316 INORDERS2 IHAMBURG1602 IHAMBURG2048 IHHKIRCH2 IWINSENL6 IHAMBURG2073 IHAMBURG1974 IHAMBURG998 IHAMBURG1502 IHAMBURG180 IHAMBURG222 IHAMBURG441 IHAMBURG1306 IHAMBURG367 IHAMBURG1368 IHAMBURG1008 IHAMBURG1492 IHAMBURG104 IHAMBURG1498 IHAMBURG1462 IHAMBURG285 IHAMBURG360 IHAMBURG1779 IHAMBURG39 IHAMBURG159 ISEEVETA74 IHAMBURG1194 IHAMBURG2017 IHAMBURG719 IHAMBURG1084 IHHSCHNE4 IHAMBURG268 IHAMBURG262 IHHHAMBU2 IHAMBURG2079 IHAMBURG190 IHAMBURG170 INORDERS21 IHAMBURG169 IHAMBURG394 IHAMBURG812 IHAMBURG2081 IHAMBURG1200 IHAMBURG1128 IHAMBURG119 IHAMBURG1548 IHAMBURG1785 IHAMBURG797 IHAMBURG963 IHAMBURG1755 IHAMBURG1002 IHAMBURG707 IHHHOHEN3 IHAMBURG910 IHHHINSC3 IHAMBURG2018 IHAMBURG93 IHAMBURG1671 IHAMBURG450 IHAMBURG1928 IHHSINST2 IHAMBURG1504 IHAMBURG152 IHAMBURG1056 IHAMBURG1266 IHAMBURG1811 IHAMBURG92 IHAMBURG439 IHAMBURG258 IHHRISSE2 IHAMBURG1916 IHAMBURG109 IHAMBURG978 IHHKLEIN2 IHAMBURG144 IHAMBURG1164 IHAMBURG1655 IHAMBURG56 IHAMBURG1064 IHAMBURG1256 IHAMBURG136 IHAMBURG1735 IHAMBURG153 IHAMBURG867 IBORNSEN2 IHAMBURG1377 ILBHOOPT2 IHAMBURG242 IHAMBURG840 IHHLURUP2 IHAMBURG517 IHAMBURG630 IHAMBURG61 IHAMBURG2085 IHAMBURG1166 IHAMBURG1995 IHAMBURG1174 ILBALVES2 IHAMBURG1302 IHAMBURG99 IHAMBURG1586 IHAMBURG292 IHHMARIE4 IHAMBURG1932 IHAMBURG189 IBARSBTT22 IHAMBURG1116 IHAMBURG1631 IHHROTHE2 IHAMBURG269 IHAMBURG2024 IHAMBURG723 IHAMBURG1795 IHAMBURG1606 IHHMARIE2 IHAMBURG280 IHAMBURG1092 IHAMBURG1234 IHAMBURG168 IHAMBURG1753 IHAMBURG715 IHAMBURG1102 IHAMBURG951 IHAMBURG375 IHHCURSL2 IHAMBURG2072 INORDERS72 IHAMBURG1942 IHAMBURG699 IHHEINLA2 IHAMBURG2002 IHAMBURG204 IHAMBURG778 IHAMBURG537 IHAMBURG2062 IHAMBURG410 IHHMARIE3 IHAMBURG150 IHAMBURG974 IHAMBURG1614 IHAMBURG1220 IHAMBURG219 IHAMBURG188 IHAMBURG1198 IHAMBURG938 IHAMBURG1622 IHAMBURG1254 IHAMBURG1864 IHAMBURG475 IHAMBURG230 IHAMBURG489 IHAMBURG479 IHAMBURG82 IHAMBURG1244 IHAMBURG342 IHAMBURG1805 IHAMBURG1391 IHAMBURG336 IHAMBURG540 IHAMBURG390 IHAMBURG1946 IHAMBURG1635 IHAMBURG239 IHAMBURG1028 IHAMBURG824 IHAMBURG22 IHAMBURG361 IHAMBURG600 IHAMBURG406 IHHBARMB5 IHHWILHE2 IHAMBURG1538 IHAMBURG1945 IHAMBURG140 IHAMBURG352 IHAMBURG741 IHAMBURG42 IHAMBURG405 IHAMBURG34 IHHHELLB3 IHAMBURG98 IHAMBURG32 IHAMBURG149 IHHFARMS2 IHAMBURG146 IHAMBURG95 IHAMBURG340 IHAMBURG110 IHAMBURG333 IHAMBURG1915 IHAMBURG1427 IHAMBURG243 IHAMBURG64 IHAMBURG1086 IHAMBURG354 IHAMBURG261 IHAMBURG1308 IHAMBURG353 IHAMBURG256 IHAMBURG132 IHAMBURG1890 IHAMBURG1771 IHAMBURG508 IHAMBURG648 IHAMBURG1464 IHAMBURG326 IHAMBURG1920 IHAMBURG1645 IHAMBURG1236 IHAMBURG1316 IHAMBURG640 IHAMBURG1436 IHAMBURG988 IHAMBURG656 INORDERS98 IHAMBURG1797 IHAMBURG1270 IHAMBURG803 IHAMBURG89 IHAMBURG1791 IHAMBURG1268 IHAMBURG1470 IHAMBURG1922 IHAMBURG376 IHAMBURG1214 IHAMBURG50 IHAMBURG1639 IHAMBURG1389 IHAMBURG274 IHAMBURG1184 IHAMBURG1110 IHAMBURG2039 IHAMBURG158 IHAMBURG955 IHAMBURG81 IHAMBURG1058 IHAMBURG1841 IHAMBURG1988 IHAMBURG1208 IHAMBURG454 IHAMBURG329 IHAMBURG216 IHAMBURG1837 IHHHAMBU5 IHAMBURG610 IHAMBURG1843 IHAMBURG1015 IHAMBURG1264 IHHOTTEN2 IHAMBURG403 IHAMBURG927 IWENTORF21 IHAMBURG598 IHAMBURG1962 IHAMBURG1681 IHAMBURG971 IHAMBURG957 IHAMBURG887 IHAMBURG875 IHAMBURG1124 IHAMBURG1941 IHAMBURG341 IHAMBURG2016 IHAMBURG2009 IHAMBURG1620 IHAMBURG1350 IHAMBURG1880 INORDERS16 IHAMBURG214 IHAMBURG233 IHAMBURG113 IHAMBURG46 IHAMBURG1930 IHAMBURG1379 IHAMBURG131 IHAMBURG1326 IHAMBURG1212 IHAMBURG1052 IHAMBURG1950 IHAMBURG487 IHAMBURG84 IHAMBURG935 IHAMBURG338 IHHEIDEL5 IHAMBURG626 IHAMBURG2006 IHAMBURG2026 IHAMBURG1332 IHAMBURG215 IHAMBURG1789 IHAMBURG1773 IHHBERGS2 IHAMBURG499 IHAMBURG1252 IHAMBURG1961 INORDERS5 IHAMBURG1679 IHAMBURG164 IHAMBURG1815 IHHWINTE4 IHAMBURG218 IHHMEIEN2 IHAMBURG2005 IHAMBURG404 IHAMBURG1372 IHAMBURG460 IHAMBURG751 IHAMBURG423 IHAMBURG417 IHAMBURG162 IHAMBURG1918 IHAMBURG1540 IHAMBURG1421 IHAMBURG1088 ISEEVETA49 IHHEIDEL4 IHAMBURG1076 IHAMBURG1150 IHAMBURG289 IHAMBURG772 IHAMBURG1176 IHAMBURG2041 IHAMBURG1114 IHAMBURG471 ISCHENEF11 IHAMBURG924 IHAMBURG237 IHAMBURG1144 IHAMBURG1188 IHAMBURG2069
2017-09-23 15:02:40,890 DEBUG done: 0.000 percent
2017-09-23 15:15:41,960 DEBUG done: 13.661 percent
2017-09-23 15:28:38,466 DEBUG done: 27.322 percent
2017-09-23 15:41:55,051 DEBUG done: 40.984 percent
2017-09-23 15:54:37,276 DEBUG done: 54.645 percent
2017-09-23 16:08:44,428 DEBUG done: 68.306 percent
2017-09-23 16:23:10,511 DEBUG done: 81.967 percent
2017-09-23 16:37:24,042 DEBUG done: 95.628 percent
2017-09-23 16:42:04,006 INFO min_all     1.068 n=1461
2017-09-23 16:42:04,029 INFO max_cn5     2.212 n=1461
2017-09-23 16:42:04,029 INFO min_cn3     1.130 n=1461
2017-09-23 16:42:04,029 INFO median_all  1.721 n=1461
2017-09-23 16:42:04,030 INFO idw_p4_cn3  1.170 n=1461
2017-09-23 16:42:04,030 INFO idw_p2_all  1.629 n=1461
2017-09-23 16:42:04,030 INFO median_cn3  1.158 n=1461
2017-09-23 16:42:04,030 INFO idw_p2_cn3  1.180 n=1461
2017-09-23 16:42:04,030 INFO idw_p3_all  1.625 n=1461
2017-09-23 16:42:04,030 INFO min_cn5     0.993 n=1461
2017-09-23 16:42:04,030 INFO max_cn3     1.323 n=1461
2017-09-23 16:42:04,030 INFO mean_cn3    1.189 n=1461
2017-09-23 16:42:04,031 INFO idw_p1_all  1.726 n=1461
2017-09-23 16:42:04,031 INFO mean_all    1.758 n=1461
2017-09-23 16:42:04,031 INFO mean_cn5    1.338 n=1461
2017-09-23 16:42:04,031 INFO median_cn5  1.203 n=1461
2017-09-23 16:42:04,031 INFO idw_p1_cn3  1.186 n=1461
2017-09-23 16:42:04,031 INFO idw_p3_cn5  1.254 n=1461
2017-09-23 16:42:04,031 INFO idw_p1_cn5  1.216 n=1461
2017-09-23 16:42:04,032 INFO idw_p4_all  1.625 n=1461
2017-09-23 16:42:04,032 INFO idw_p4_cn5  1.278 n=1461
2017-09-23 16:42:04,032 INFO idw_p2_cn5  1.231 n=1461
2017-09-23 16:42:04,032 INFO max_all     4.414 n=1461
2017-09-23 16:42:04,032 INFO idw_p3_cn3  1.174 n=1461
2017-09-23 16:42:04,032 INFO end method list
2017-09-23 16:42:04,037 INFO interpolate for LWM
2017-09-23 16:42:04,037 INFO currently at 4 out of 10
2017-09-23 16:42:04,037 INFO use IHAMBURG138 IHAMBURG1933 IHAMBURG52 IHAMBURG446 IHHGROSS2 IHAMBURG606 IHAMBURG2065 IHAMBURG1628 IHAMBURG628 IHAMBURG308 IHAMBURG1186 IHAMBURG270 IHAMBURG1428 IHAMBURG1919 IHAMBURG844 IHHNIEND2 IHAMBURG1973 IHAMBURG1476 IHAMBURG1813 IHHSASEL2 IHAMBURG787 IHAMBURG1346 IHAMBURG1360 IHAMBURG664 IHAMBURG435 IHAMBURG108 IHAMBURG760 IHAMBURG2080 IAHRENSB13 IHAMBURG20 IHAMBURG276 IHHOSDOR2 IHAMBURG1112 IHAMBURG592 IHAMBURG251 IHAMBURG106 IHAMBURG1336 IHAMBURG172 IHAMBURG1068 IHAMBURG1982 IHAMBURG1823 IHHSCHNE2 IHAMBURG684 IHAMBURG1108 IHAMBURG1929 IHAMBURG863 IHHEIDEL3 IHAMBURG1152 IHAMBURG1526 IHAMBURG1759 IHAMBURG774 IHAMBURG315 IHAMBURG53 IHAMBURG465 IHHLOKST3 IHAMBURG469 IHHSTEIN2 IBARSBTT19 IHAMBURG1158 IHAMBURG1230 IHAMBURG1799 IHAMBURG515 IHAMBURG1156 IHAMBURG565 IHAMBURG2008 IHAMBURG398 IHAMBURG250 IHAMBURG497 IHAMBURG791 IHAMBURG1036 IHHBARMB6 IHAMBURG412 IHAMBURG1990 IHAMBURG277 IHAMBURG154 IHAMBURG646 IHAMBURG1709 IHAMBURG1082 IHAMBURG365 IHHALSTE2 IHAMBURG662 IHAMBURG1783 IHAMBURG229 IHAMBURG1182 IHAMBURG1044 IHAMBURG789 IHAMBURG1661 IHAMBURG550 IHHWINTE2 IHAMBURG1699 IHHHAMBU3 IWEDEL8 IHAMBURG1860 IHAMBURG1582 IHAMBURG355 IHAMBURG1136 IHAMBURG335 IHAMBURG123 IHAMBURG1830 IHAMBURG969 IHAMBURG638 IHAMBURG594 IHAMBURG990 IHAMBURG1697 IHAMBURG1411 IHAMBURG2031 IHAMBURG10 IHAMBURG1675 IHAMBURG279 IHAMBURG674 IHAMBURG2030 IHAMBURG1967 IHAMBURG316 INORDERS2 IHAMBURG1602 IHAMBURG2048 IHHKIRCH2 IWINSENL6 IHAMBURG2073 IHAMBURG1974 IHAMBURG998 IHAMBURG1502 IHAMBURG180 IHAMBURG222 IHAMBURG441 IHAMBURG1306 IHAMBURG367 IHAMBURG1368 IHAMBURG1008 IHAMBURG1492 IHAMBURG104 IHAMBURG1498 IHAMBURG1462 IHAMBURG285 IHAMBURG360 IHAMBURG1779 IHAMBURG39 IHAMBURG159 ISEEVETA74 IHAMBURG1194 IHAMBURG2017 IHAMBURG719 IHAMBURG1084 IHHSCHNE4 IHAMBURG268 IHAMBURG262 IHHHAMBU2 IHAMBURG2079 IHAMBURG190 IHAMBURG170 INORDERS21 IHAMBURG169 IHAMBURG394 IHAMBURG812 IHAMBURG2081 IHAMBURG1200 IHAMBURG1128 IHAMBURG119 IHAMBURG1548 IHAMBURG1785 IHAMBURG797 IHAMBURG963 IHAMBURG1755 IHAMBURG1002 IHAMBURG707 IHHHOHEN3 IHAMBURG910 IHHHINSC3 IHAMBURG2018 IHAMBURG93 IHAMBURG1671 IHAMBURG450 IHAMBURG1928 IHHSINST2 IHAMBURG1504 IHAMBURG152 IHAMBURG1056 IHAMBURG1266 IHAMBURG1811 IHAMBURG92 IHAMBURG439 IHAMBURG258 IHHRISSE2 IHAMBURG1916 IHAMBURG109 IHAMBURG978 IHHKLEIN2 IHAMBURG144 IHAMBURG1164 IHAMBURG1655 IHAMBURG56 IHAMBURG1064 IHAMBURG1256 IHAMBURG136 IHAMBURG1735 IHAMBURG153 IHAMBURG867 IBORNSEN2 IHAMBURG1377 ILBHOOPT2 IHAMBURG242 IHAMBURG840 IHHLURUP2 IHAMBURG517 IHAMBURG630 IHAMBURG61 IHAMBURG2085 IHAMBURG1166 IHAMBURG1995 IHAMBURG1174 ILBALVES2 IHAMBURG1302 IHAMBURG99 IHAMBURG1586 IHAMBURG292 IHHMARIE4 IHAMBURG1932 IHAMBURG189 IBARSBTT22 IHAMBURG1116 IHAMBURG1631 IHHROTHE2 IHAMBURG269 IHAMBURG2024 IHAMBURG723 IHAMBURG1795 IHAMBURG1606 IHHMARIE2 IHAMBURG280 IHAMBURG1092 IHAMBURG1234 IHAMBURG168 IHAMBURG1753 IHAMBURG715 IHAMBURG1102 IHAMBURG951 IHAMBURG375 IHHCURSL2 IHAMBURG2072 INORDERS72 IHAMBURG1942 IHAMBURG699 IHHEINLA2 IHAMBURG2002 IHAMBURG204 IHAMBURG778 IHAMBURG537 IHAMBURG2062 IHAMBURG410 IHHMARIE3 IHAMBURG150 IHAMBURG974 IHAMBURG1614 IHAMBURG1220 IHAMBURG219 IHAMBURG188 IHAMBURG1198 IHAMBURG938 IHAMBURG1622 IHAMBURG1254 IHAMBURG1864 IHAMBURG475 IHAMBURG230 IHAMBURG489 IHAMBURG479 IHAMBURG82 IHAMBURG1244 IHAMBURG342 IHAMBURG1805 IHAMBURG1391 IHAMBURG336 IHAMBURG540 IHAMBURG390 IHAMBURG1946 IHAMBURG1635 IHAMBURG239 IHAMBURG1028 IHAMBURG824 IHAMBURG22 IHAMBURG361 IHAMBURG600 IHAMBURG406 IHHBARMB5 IHHWILHE2 IHAMBURG1538 IHAMBURG1945 IHAMBURG140 IHAMBURG352 IHAMBURG741 IHAMBURG42 IHAMBURG405 IHAMBURG34 IHHHELLB3 IHAMBURG98 IHAMBURG32 IHAMBURG149 IHHFARMS2 IHAMBURG146 IHAMBURG95 IHAMBURG340 IHAMBURG110 IHAMBURG333 IHAMBURG1915 IHAMBURG1427 IHAMBURG243 IHAMBURG64 IHAMBURG1086 IHAMBURG354 IHAMBURG261 IHAMBURG1308 IHAMBURG353 IHAMBURG256 IHAMBURG132 IHAMBURG1890 IHAMBURG1771 IHAMBURG508 IHAMBURG648 IHAMBURG1464 IHAMBURG326 IHAMBURG1920 IHAMBURG1645 IHAMBURG1236 IHAMBURG1316 IHAMBURG640 IHAMBURG1436 IHAMBURG988 IHAMBURG656 INORDERS98 IHAMBURG1797 IHAMBURG1270 IHAMBURG803 IHAMBURG89 IHAMBURG1791 IHAMBURG1268 IHAMBURG1470 IHAMBURG1922 IHAMBURG376 IHAMBURG1214 IHAMBURG50 IHAMBURG1639 IHAMBURG1389 IHAMBURG274 IHAMBURG1184 IHAMBURG1110 IHAMBURG2039 IHAMBURG158 IHAMBURG955 IHAMBURG81 IHAMBURG1058 IHAMBURG1841 IHAMBURG1988 IHAMBURG1208 IHAMBURG454 IHAMBURG329 IHAMBURG216 IHAMBURG1837 IHHHAMBU5 IHAMBURG610 IHAMBURG1843 IHAMBURG1015 IHAMBURG1264 IHHOTTEN2 IHAMBURG403 IHAMBURG927 IWENTORF21 IHAMBURG598 IHAMBURG1962 IHAMBURG1681 IHAMBURG971 IHAMBURG957 IHAMBURG887 IHAMBURG875 IHAMBURG1124 IHAMBURG1941 IHAMBURG341 IHAMBURG2016 IHAMBURG2009 IHAMBURG1620 IHAMBURG1350 IHAMBURG1880 INORDERS16 IHAMBURG214 IHAMBURG233 IHAMBURG113 IHAMBURG46 IHAMBURG1930 IHAMBURG1379 IHAMBURG131 IHAMBURG1326 IHAMBURG1212 IHAMBURG1052 IHAMBURG1950 IHAMBURG487 IHAMBURG84 IHAMBURG935 IHAMBURG338 IHHEIDEL5 IHAMBURG626 IHAMBURG2006 IHAMBURG2026 IHAMBURG1332 IHAMBURG215 IHAMBURG1789 IHAMBURG1773 IHHBERGS2 IHAMBURG499 IHAMBURG1252 IHAMBURG1961 INORDERS5 IHAMBURG1679 IHAMBURG164 IHAMBURG1815 IHHWINTE4 IHAMBURG218 IHHMEIEN2 IHAMBURG2005 IHAMBURG404 IHAMBURG1372 IHAMBURG460 IHAMBURG751 IHAMBURG423 IHAMBURG417 IHAMBURG162 IHAMBURG1918 IHAMBURG1540 IHAMBURG1421 IHAMBURG1088 ISEEVETA49 IHHEIDEL4 IHAMBURG1076 IHAMBURG1150 IHAMBURG289 IHAMBURG772 IHAMBURG1176 IHAMBURG2041 IHAMBURG1114 IHAMBURG471 ISCHENEF11 IHAMBURG924 IHAMBURG237 IHAMBURG1144 IHAMBURG1188 IHAMBURG2069
2017-09-23 16:42:07,760 DEBUG done: 0.000 percent
2017-09-23 16:55:23,222 DEBUG done: 13.661 percent
2017-09-23 17:08:41,617 DEBUG done: 27.322 percent
2017-09-23 17:22:21,717 DEBUG done: 40.984 percent
2017-09-23 17:35:52,930 DEBUG done: 54.645 percent
2017-09-23 17:49:52,526 DEBUG done: 68.306 percent
2017-09-23 18:04:00,850 DEBUG done: 81.967 percent
2017-09-23 18:18:19,553 DEBUG done: 95.628 percent
2017-09-23 18:23:05,699 INFO min_all     0.971 n=1422
2017-09-23 18:23:05,700 INFO max_cn5     2.327 n=1422
2017-09-23 18:23:05,700 INFO min_cn3     1.110 n=1422
2017-09-23 18:23:05,700 INFO median_all  1.842 n=1422
2017-09-23 18:23:05,700 INFO idw_p4_cn3  1.155 n=1422
2017-09-23 18:23:05,700 INFO idw_p2_all  1.709 n=1422
2017-09-23 18:23:05,701 INFO median_cn3  1.140 n=1422
2017-09-23 18:23:05,701 INFO idw_p2_cn3  1.169 n=1422
2017-09-23 18:23:05,701 INFO idw_p3_all  1.701 n=1422
2017-09-23 18:23:05,701 INFO min_cn5     1.050 n=1422
2017-09-23 18:23:05,701 INFO max_cn3     1.458 n=1422
2017-09-23 18:23:05,701 INFO mean_cn3    1.209 n=1422
2017-09-23 18:23:05,701 INFO idw_p1_all  1.831 n=1422
2017-09-23 18:23:05,701 INFO mean_all    1.873 n=1422
2017-09-23 18:23:05,701 INFO mean_cn5    1.418 n=1422
2017-09-23 18:23:05,702 INFO median_cn5  1.237 n=1422
2017-09-23 18:23:05,702 INFO idw_p1_cn3  1.177 n=1422
2017-09-23 18:23:05,702 INFO idw_p3_cn5  1.540 n=1422
2017-09-23 18:23:05,702 INFO idw_p1_cn5  1.470 n=1422
2017-09-23 18:23:05,702 INFO idw_p4_all  1.701 n=1422
2017-09-23 18:23:05,702 INFO idw_p4_cn5  1.528 n=1422
2017-09-23 18:23:05,702 INFO idw_p2_cn5  1.526 n=1422
2017-09-23 18:23:05,702 INFO max_all     4.574 n=1422
2017-09-23 18:23:05,703 INFO idw_p3_cn3  1.161 n=1422
2017-09-23 18:23:05,703 INFO end method list
2017-09-23 18:23:05,712 INFO interpolate for RIM
2017-09-23 18:23:05,712 INFO currently at 5 out of 10
2017-09-23 18:23:05,712 INFO use IHAMBURG138 IHAMBURG1933 IHAMBURG52 IHAMBURG446 IHHGROSS2 IHAMBURG606 IHAMBURG2065 IHAMBURG1628 IHAMBURG628 IHAMBURG308 IHAMBURG1186 IHAMBURG270 IHAMBURG1428 IHAMBURG1919 IHAMBURG844 IHHNIEND2 IHAMBURG1973 IHAMBURG1476 IHAMBURG1813 IHHSASEL2 IHAMBURG787 IHAMBURG1346 IHAMBURG1360 IHAMBURG664 IHAMBURG435 IHAMBURG108 IHAMBURG760 IHAMBURG2080 IAHRENSB13 IHAMBURG20 IHAMBURG276 IHHOSDOR2 IHAMBURG1112 IHAMBURG592 IHAMBURG251 IHAMBURG106 IHAMBURG1336 IHAMBURG172 IHAMBURG1068 IHAMBURG1982 IHAMBURG1823 IHHSCHNE2 IHAMBURG684 IHAMBURG1108 IHAMBURG1929 IHAMBURG863 IHHEIDEL3 IHAMBURG1152 IHAMBURG1526 IHAMBURG1759 IHAMBURG774 IHAMBURG315 IHAMBURG53 IHAMBURG465 IHHLOKST3 IHAMBURG469 IHHSTEIN2 IBARSBTT19 IHAMBURG1158 IHAMBURG1230 IHAMBURG1799 IHAMBURG515 IHAMBURG1156 IHAMBURG565 IHAMBURG2008 IHAMBURG398 IHAMBURG250 IHAMBURG497 IHAMBURG791 IHAMBURG1036 IHHBARMB6 IHAMBURG412 IHAMBURG1990 IHAMBURG277 IHAMBURG154 IHAMBURG646 IHAMBURG1709 IHAMBURG1082 IHAMBURG365 IHHALSTE2 IHAMBURG662 IHAMBURG1783 IHAMBURG229 IHAMBURG1182 IHAMBURG1044 IHAMBURG789 IHAMBURG1661 IHAMBURG550 IHHWINTE2 IHAMBURG1699 IHHHAMBU3 IWEDEL8 IHAMBURG1860 IHAMBURG1582 IHAMBURG355 IHAMBURG1136 IHAMBURG335 IHAMBURG123 IHAMBURG1830 IHAMBURG969 IHAMBURG638 IHAMBURG594 IHAMBURG990 IHAMBURG1697 IHAMBURG1411 IHAMBURG2031 IHAMBURG10 IHAMBURG1675 IHAMBURG279 IHAMBURG674 IHAMBURG2030 IHAMBURG1967 IHAMBURG316 INORDERS2 IHAMBURG1602 IHAMBURG2048 IHHKIRCH2 IWINSENL6 IHAMBURG2073 IHAMBURG1974 IHAMBURG998 IHAMBURG1502 IHAMBURG180 IHAMBURG222 IHAMBURG441 IHAMBURG1306 IHAMBURG367 IHAMBURG1368 IHAMBURG1008 IHAMBURG1492 IHAMBURG104 IHAMBURG1498 IHAMBURG1462 IHAMBURG285 IHAMBURG360 IHAMBURG1779 IHAMBURG39 IHAMBURG159 ISEEVETA74 IHAMBURG1194 IHAMBURG2017 IHAMBURG719 IHAMBURG1084 IHHSCHNE4 IHAMBURG268 IHAMBURG262 IHHHAMBU2 IHAMBURG2079 IHAMBURG190 IHAMBURG170 INORDERS21 IHAMBURG169 IHAMBURG394 IHAMBURG812 IHAMBURG2081 IHAMBURG1200 IHAMBURG1128 IHAMBURG119 IHAMBURG1548 IHAMBURG1785 IHAMBURG797 IHAMBURG963 IHAMBURG1755 IHAMBURG1002 IHAMBURG707 IHHHOHEN3 IHAMBURG910 IHHHINSC3 IHAMBURG2018 IHAMBURG93 IHAMBURG1671 IHAMBURG450 IHAMBURG1928 IHHSINST2 IHAMBURG1504 IHAMBURG152 IHAMBURG1056 IHAMBURG1266 IHAMBURG1811 IHAMBURG92 IHAMBURG439 IHAMBURG258 IHHRISSE2 IHAMBURG1916 IHAMBURG109 IHAMBURG978 IHHKLEIN2 IHAMBURG144 IHAMBURG1164 IHAMBURG1655 IHAMBURG56 IHAMBURG1064 IHAMBURG1256 IHAMBURG136 IHAMBURG1735 IHAMBURG153 IHAMBURG867 IBORNSEN2 IHAMBURG1377 ILBHOOPT2 IHAMBURG242 IHAMBURG840 IHHLURUP2 IHAMBURG517 IHAMBURG630 IHAMBURG61 IHAMBURG2085 IHAMBURG1166 IHAMBURG1995 IHAMBURG1174 ILBALVES2 IHAMBURG1302 IHAMBURG99 IHAMBURG1586 IHAMBURG292 IHHMARIE4 IHAMBURG1932 IHAMBURG189 IBARSBTT22 IHAMBURG1116 IHAMBURG1631 IHHROTHE2 IHAMBURG269 IHAMBURG2024 IHAMBURG723 IHAMBURG1795 IHAMBURG1606 IHHMARIE2 IHAMBURG280 IHAMBURG1092 IHAMBURG1234 IHAMBURG168 IHAMBURG1753 IHAMBURG715 IHAMBURG1102 IHAMBURG951 IHAMBURG375 IHHCURSL2 IHAMBURG2072 INORDERS72 IHAMBURG1942 IHAMBURG699 IHHEINLA2 IHAMBURG2002 IHAMBURG204 IHAMBURG778 IHAMBURG537 IHAMBURG2062 IHAMBURG410 IHHMARIE3 IHAMBURG150 IHAMBURG974 IHAMBURG1614 IHAMBURG1220 IHAMBURG219 IHAMBURG188 IHAMBURG1198 IHAMBURG938 IHAMBURG1622 IHAMBURG1254 IHAMBURG1864 IHAMBURG475 IHAMBURG230 IHAMBURG489 IHAMBURG479 IHAMBURG82 IHAMBURG1244 IHAMBURG342 IHAMBURG1805 IHAMBURG1391 IHAMBURG336 IHAMBURG540 IHAMBURG390 IHAMBURG1946 IHAMBURG1635 IHAMBURG239 IHAMBURG1028 IHAMBURG824 IHAMBURG22 IHAMBURG361 IHAMBURG600 IHAMBURG406 IHHBARMB5 IHHWILHE2 IHAMBURG1538 IHAMBURG1945 IHAMBURG140 IHAMBURG352 IHAMBURG741 IHAMBURG42 IHAMBURG405 IHAMBURG34 IHHHELLB3 IHAMBURG98 IHAMBURG32 IHAMBURG149 IHHFARMS2 IHAMBURG146 IHAMBURG95 IHAMBURG340 IHAMBURG110 IHAMBURG333 IHAMBURG1915 IHAMBURG1427 IHAMBURG243 IHAMBURG64 IHAMBURG1086 IHAMBURG354 IHAMBURG261 IHAMBURG1308 IHAMBURG353 IHAMBURG256 IHAMBURG132 IHAMBURG1890 IHAMBURG1771 IHAMBURG508 IHAMBURG648 IHAMBURG1464 IHAMBURG326 IHAMBURG1920 IHAMBURG1645 IHAMBURG1236 IHAMBURG1316 IHAMBURG640 IHAMBURG1436 IHAMBURG988 IHAMBURG656 INORDERS98 IHAMBURG1797 IHAMBURG1270 IHAMBURG803 IHAMBURG89 IHAMBURG1791 IHAMBURG1268 IHAMBURG1470 IHAMBURG1922 IHAMBURG376 IHAMBURG1214 IHAMBURG50 IHAMBURG1639 IHAMBURG1389 IHAMBURG274 IHAMBURG1184 IHAMBURG1110 IHAMBURG2039 IHAMBURG158 IHAMBURG955 IHAMBURG81 IHAMBURG1058 IHAMBURG1841 IHAMBURG1988 IHAMBURG1208 IHAMBURG454 IHAMBURG329 IHAMBURG216 IHAMBURG1837 IHHHAMBU5 IHAMBURG610 IHAMBURG1843 IHAMBURG1015 IHAMBURG1264 IHHOTTEN2 IHAMBURG403 IHAMBURG927 IWENTORF21 IHAMBURG598 IHAMBURG1962 IHAMBURG1681 IHAMBURG971 IHAMBURG957 IHAMBURG887 IHAMBURG875 IHAMBURG1124 IHAMBURG1941 IHAMBURG341 IHAMBURG2016 IHAMBURG2009 IHAMBURG1620 IHAMBURG1350 IHAMBURG1880 INORDERS16 IHAMBURG214 IHAMBURG233 IHAMBURG113 IHAMBURG46 IHAMBURG1930 IHAMBURG1379 IHAMBURG131 IHAMBURG1326 IHAMBURG1212 IHAMBURG1052 IHAMBURG1950 IHAMBURG487 IHAMBURG84 IHAMBURG935 IHAMBURG338 IHHEIDEL5 IHAMBURG626 IHAMBURG2006 IHAMBURG2026 IHAMBURG1332 IHAMBURG215 IHAMBURG1789 IHAMBURG1773 IHHBERGS2 IHAMBURG499 IHAMBURG1252 IHAMBURG1961 INORDERS5 IHAMBURG1679 IHAMBURG164 IHAMBURG1815 IHHWINTE4 IHAMBURG218 IHHMEIEN2 IHAMBURG2005 IHAMBURG404 IHAMBURG1372 IHAMBURG460 IHAMBURG751 IHAMBURG423 IHAMBURG417 IHAMBURG162 IHAMBURG1918 IHAMBURG1540 IHAMBURG1421 IHAMBURG1088 ISEEVETA49 IHHEIDEL4 IHAMBURG1076 IHAMBURG1150 IHAMBURG289 IHAMBURG772 IHAMBURG1176 IHAMBURG2041 IHAMBURG1114 IHAMBURG471 ISCHENEF11 IHAMBURG924 IHAMBURG237 IHAMBURG1144 IHAMBURG1188 IHAMBURG2069
2017-09-23 18:23:09,675 DEBUG done: 0.000 percent
2017-09-23 18:36:14,916 DEBUG done: 13.661 percent
2017-09-23 18:49:17,470 DEBUG done: 27.322 percent
2017-09-23 19:02:50,582 DEBUG done: 40.984 percent
2017-09-23 19:16:06,564 DEBUG done: 54.645 percent
2017-09-23 19:29:38,465 DEBUG done: 68.306 percent
2017-09-23 19:43:43,455 DEBUG done: 81.967 percent
2017-09-23 19:57:37,803 DEBUG done: 95.628 percent
2017-09-23 20:02:15,901 INFO min_all     1.230 n=1459
2017-09-23 20:02:15,923 INFO max_cn5     1.278 n=1459
2017-09-23 20:02:15,923 INFO min_cn3     1.120 n=1459
2017-09-23 20:02:15,924 INFO median_all  1.573 n=1459
2017-09-23 20:02:15,924 INFO idw_p4_cn3  1.179 n=1459
2017-09-23 20:02:15,924 INFO idw_p2_all  1.615 n=1459
2017-09-23 20:02:15,924 INFO median_cn3  1.130 n=1459
2017-09-23 20:02:15,924 INFO idw_p2_cn3  1.172 n=1459
2017-09-23 20:02:15,924 INFO idw_p3_all  1.593 n=1459
2017-09-23 20:02:15,924 INFO min_cn5     1.110 n=1459
2017-09-23 20:02:15,924 INFO max_cn3     1.248 n=1459
2017-09-23 20:02:15,925 INFO mean_cn3    1.127 n=1459
2017-09-23 20:02:15,925 INFO idw_p1_all  1.620 n=1459
2017-09-23 20:02:15,925 INFO mean_all    1.604 n=1459
2017-09-23 20:02:15,925 INFO mean_cn5    1.109 n=1459
2017-09-23 20:02:15,925 INFO median_cn5  1.138 n=1459
2017-09-23 20:02:15,925 INFO idw_p1_cn3  1.166 n=1459
2017-09-23 20:02:15,925 INFO idw_p3_cn5  1.121 n=1459
2017-09-23 20:02:15,925 INFO idw_p1_cn5  1.112 n=1459
2017-09-23 20:02:15,926 INFO idw_p4_all  1.569 n=1459
2017-09-23 20:02:15,926 INFO idw_p4_cn5  1.123 n=1459
2017-09-23 20:02:15,926 INFO idw_p2_cn5  1.117 n=1459
2017-09-23 20:02:15,926 INFO max_all     4.220 n=1459
2017-09-23 20:02:15,926 INFO idw_p3_cn3  1.175 n=1459
2017-09-23 20:02:15,926 INFO end method list
2017-09-23 20:02:15,930 INFO interpolate for SGM
2017-09-23 20:02:15,930 INFO currently at 6 out of 10
2017-09-23 20:02:15,931 INFO use IHAMBURG138 IHAMBURG1933 IHAMBURG52 IHAMBURG446 IHHGROSS2 IHAMBURG606 IHAMBURG2065 IHAMBURG1628 IHAMBURG628 IHAMBURG308 IHAMBURG1186 IHAMBURG270 IHAMBURG1428 IHAMBURG1919 IHAMBURG844 IHHNIEND2 IHAMBURG1973 IHAMBURG1476 IHAMBURG1813 IHHSASEL2 IHAMBURG787 IHAMBURG1346 IHAMBURG1360 IHAMBURG664 IHAMBURG435 IHAMBURG108 IHAMBURG760 IHAMBURG2080 IAHRENSB13 IHAMBURG20 IHAMBURG276 IHHOSDOR2 IHAMBURG1112 IHAMBURG592 IHAMBURG251 IHAMBURG106 IHAMBURG1336 IHAMBURG172 IHAMBURG1068 IHAMBURG1982 IHAMBURG1823 IHHSCHNE2 IHAMBURG684 IHAMBURG1108 IHAMBURG1929 IHAMBURG863 IHHEIDEL3 IHAMBURG1152 IHAMBURG1526 IHAMBURG1759 IHAMBURG774 IHAMBURG315 IHAMBURG53 IHAMBURG465 IHHLOKST3 IHAMBURG469 IHHSTEIN2 IBARSBTT19 IHAMBURG1158 IHAMBURG1230 IHAMBURG1799 IHAMBURG515 IHAMBURG1156 IHAMBURG565 IHAMBURG2008 IHAMBURG398 IHAMBURG250 IHAMBURG497 IHAMBURG791 IHAMBURG1036 IHHBARMB6 IHAMBURG412 IHAMBURG1990 IHAMBURG277 IHAMBURG154 IHAMBURG646 IHAMBURG1709 IHAMBURG1082 IHAMBURG365 IHHALSTE2 IHAMBURG662 IHAMBURG1783 IHAMBURG229 IHAMBURG1182 IHAMBURG1044 IHAMBURG789 IHAMBURG1661 IHAMBURG550 IHHWINTE2 IHAMBURG1699 IHHHAMBU3 IWEDEL8 IHAMBURG1860 IHAMBURG1582 IHAMBURG355 IHAMBURG1136 IHAMBURG335 IHAMBURG123 IHAMBURG1830 IHAMBURG969 IHAMBURG638 IHAMBURG594 IHAMBURG990 IHAMBURG1697 IHAMBURG1411 IHAMBURG2031 IHAMBURG10 IHAMBURG1675 IHAMBURG279 IHAMBURG674 IHAMBURG2030 IHAMBURG1967 IHAMBURG316 INORDERS2 IHAMBURG1602 IHAMBURG2048 IHHKIRCH2 IWINSENL6 IHAMBURG2073 IHAMBURG1974 IHAMBURG998 IHAMBURG1502 IHAMBURG180 IHAMBURG222 IHAMBURG441 IHAMBURG1306 IHAMBURG367 IHAMBURG1368 IHAMBURG1008 IHAMBURG1492 IHAMBURG104 IHAMBURG1498 IHAMBURG1462 IHAMBURG285 IHAMBURG360 IHAMBURG1779 IHAMBURG39 IHAMBURG159 ISEEVETA74 IHAMBURG1194 IHAMBURG2017 IHAMBURG719 IHAMBURG1084 IHHSCHNE4 IHAMBURG268 IHAMBURG262 IHHHAMBU2 IHAMBURG2079 IHAMBURG190 IHAMBURG170 INORDERS21 IHAMBURG169 IHAMBURG394 IHAMBURG812 IHAMBURG2081 IHAMBURG1200 IHAMBURG1128 IHAMBURG119 IHAMBURG1548 IHAMBURG1785 IHAMBURG797 IHAMBURG963 IHAMBURG1755 IHAMBURG1002 IHAMBURG707 IHHHOHEN3 IHAMBURG910 IHHHINSC3 IHAMBURG2018 IHAMBURG93 IHAMBURG1671 IHAMBURG450 IHAMBURG1928 IHHSINST2 IHAMBURG1504 IHAMBURG152 IHAMBURG1056 IHAMBURG1266 IHAMBURG1811 IHAMBURG92 IHAMBURG439 IHAMBURG258 IHHRISSE2 IHAMBURG1916 IHAMBURG109 IHAMBURG978 IHHKLEIN2 IHAMBURG144 IHAMBURG1164 IHAMBURG1655 IHAMBURG56 IHAMBURG1064 IHAMBURG1256 IHAMBURG136 IHAMBURG1735 IHAMBURG153 IHAMBURG867 IBORNSEN2 IHAMBURG1377 ILBHOOPT2 IHAMBURG242 IHAMBURG840 IHHLURUP2 IHAMBURG517 IHAMBURG630 IHAMBURG61 IHAMBURG2085 IHAMBURG1166 IHAMBURG1995 IHAMBURG1174 ILBALVES2 IHAMBURG1302 IHAMBURG99 IHAMBURG1586 IHAMBURG292 IHHMARIE4 IHAMBURG1932 IHAMBURG189 IBARSBTT22 IHAMBURG1116 IHAMBURG1631 IHHROTHE2 IHAMBURG269 IHAMBURG2024 IHAMBURG723 IHAMBURG1795 IHAMBURG1606 IHHMARIE2 IHAMBURG280 IHAMBURG1092 IHAMBURG1234 IHAMBURG168 IHAMBURG1753 IHAMBURG715 IHAMBURG1102 IHAMBURG951 IHAMBURG375 IHHCURSL2 IHAMBURG2072 INORDERS72 IHAMBURG1942 IHAMBURG699 IHHEINLA2 IHAMBURG2002 IHAMBURG204 IHAMBURG778 IHAMBURG537 IHAMBURG2062 IHAMBURG410 IHHMARIE3 IHAMBURG150 IHAMBURG974 IHAMBURG1614 IHAMBURG1220 IHAMBURG219 IHAMBURG188 IHAMBURG1198 IHAMBURG938 IHAMBURG1622 IHAMBURG1254 IHAMBURG1864 IHAMBURG475 IHAMBURG230 IHAMBURG489 IHAMBURG479 IHAMBURG82 IHAMBURG1244 IHAMBURG342 IHAMBURG1805 IHAMBURG1391 IHAMBURG336 IHAMBURG540 IHAMBURG390 IHAMBURG1946 IHAMBURG1635 IHAMBURG239 IHAMBURG1028 IHAMBURG824 IHAMBURG22 IHAMBURG361 IHAMBURG600 IHAMBURG406 IHHBARMB5 IHHWILHE2 IHAMBURG1538 IHAMBURG1945 IHAMBURG140 IHAMBURG352 IHAMBURG741 IHAMBURG42 IHAMBURG405 IHAMBURG34 IHHHELLB3 IHAMBURG98 IHAMBURG32 IHAMBURG149 IHHFARMS2 IHAMBURG146 IHAMBURG95 IHAMBURG340 IHAMBURG110 IHAMBURG333 IHAMBURG1915 IHAMBURG1427 IHAMBURG243 IHAMBURG64 IHAMBURG1086 IHAMBURG354 IHAMBURG261 IHAMBURG1308 IHAMBURG353 IHAMBURG256 IHAMBURG132 IHAMBURG1890 IHAMBURG1771 IHAMBURG508 IHAMBURG648 IHAMBURG1464 IHAMBURG326 IHAMBURG1920 IHAMBURG1645 IHAMBURG1236 IHAMBURG1316 IHAMBURG640 IHAMBURG1436 IHAMBURG988 IHAMBURG656 INORDERS98 IHAMBURG1797 IHAMBURG1270 IHAMBURG803 IHAMBURG89 IHAMBURG1791 IHAMBURG1268 IHAMBURG1470 IHAMBURG1922 IHAMBURG376 IHAMBURG1214 IHAMBURG50 IHAMBURG1639 IHAMBURG1389 IHAMBURG274 IHAMBURG1184 IHAMBURG1110 IHAMBURG2039 IHAMBURG158 IHAMBURG955 IHAMBURG81 IHAMBURG1058 IHAMBURG1841 IHAMBURG1988 IHAMBURG1208 IHAMBURG454 IHAMBURG329 IHAMBURG216 IHAMBURG1837 IHHHAMBU5 IHAMBURG610 IHAMBURG1843 IHAMBURG1015 IHAMBURG1264 IHHOTTEN2 IHAMBURG403 IHAMBURG927 IWENTORF21 IHAMBURG598 IHAMBURG1962 IHAMBURG1681 IHAMBURG971 IHAMBURG957 IHAMBURG887 IHAMBURG875 IHAMBURG1124 IHAMBURG1941 IHAMBURG341 IHAMBURG2016 IHAMBURG2009 IHAMBURG1620 IHAMBURG1350 IHAMBURG1880 INORDERS16 IHAMBURG214 IHAMBURG233 IHAMBURG113 IHAMBURG46 IHAMBURG1930 IHAMBURG1379 IHAMBURG131 IHAMBURG1326 IHAMBURG1212 IHAMBURG1052 IHAMBURG1950 IHAMBURG487 IHAMBURG84 IHAMBURG935 IHAMBURG338 IHHEIDEL5 IHAMBURG626 IHAMBURG2006 IHAMBURG2026 IHAMBURG1332 IHAMBURG215 IHAMBURG1789 IHAMBURG1773 IHHBERGS2 IHAMBURG499 IHAMBURG1252 IHAMBURG1961 INORDERS5 IHAMBURG1679 IHAMBURG164 IHAMBURG1815 IHHWINTE4 IHAMBURG218 IHHMEIEN2 IHAMBURG2005 IHAMBURG404 IHAMBURG1372 IHAMBURG460 IHAMBURG751 IHAMBURG423 IHAMBURG417 IHAMBURG162 IHAMBURG1918 IHAMBURG1540 IHAMBURG1421 IHAMBURG1088 ISEEVETA49 IHHEIDEL4 IHAMBURG1076 IHAMBURG1150 IHAMBURG289 IHAMBURG772 IHAMBURG1176 IHAMBURG2041 IHAMBURG1114 IHAMBURG471 ISCHENEF11 IHAMBURG924 IHAMBURG237 IHAMBURG1144 IHAMBURG1188 IHAMBURG2069
2017-09-23 20:02:19,617 DEBUG done: 0.000 percent
2017-09-23 20:14:52,648 DEBUG done: 13.661 percent
2017-09-23 20:27:23,612 DEBUG done: 27.322 percent
2017-09-23 20:40:14,520 DEBUG done: 40.984 percent
2017-09-23 20:53:09,127 DEBUG done: 54.645 percent
2017-09-23 21:06:38,319 DEBUG done: 68.306 percent
2017-09-23 21:20:40,058 DEBUG done: 81.967 percent
2017-09-23 21:34:31,020 DEBUG done: 95.628 percent
2017-09-23 21:39:04,170 INFO min_all     1.080 n=1464
2017-09-23 21:39:04,171 INFO max_cn5     2.297 n=1464
2017-09-23 21:39:04,172 INFO min_cn3     1.191 n=1464
2017-09-23 21:39:04,172 INFO median_all  1.533 n=1464
2017-09-23 21:39:04,172 INFO idw_p4_cn3  1.632 n=1464
2017-09-23 21:39:04,172 INFO idw_p2_all  1.615 n=1464
2017-09-23 21:39:04,172 INFO median_cn3  1.649 n=1464
2017-09-23 21:39:04,172 INFO idw_p2_cn3  1.563 n=1464
2017-09-23 21:39:04,172 INFO idw_p3_all  1.608 n=1464
2017-09-23 21:39:04,172 INFO min_cn5     1.153 n=1464
2017-09-23 21:39:04,172 INFO max_cn3     1.831 n=1464
2017-09-23 21:39:04,173 INFO mean_cn3    1.524 n=1464
2017-09-23 21:39:04,173 INFO idw_p1_all  1.604 n=1464
2017-09-23 21:39:04,173 INFO mean_all    1.579 n=1464
2017-09-23 21:39:04,173 INFO mean_cn5    1.608 n=1464
2017-09-23 21:39:04,173 INFO median_cn5  1.598 n=1464
2017-09-23 21:39:04,173 INFO idw_p1_cn3  1.502 n=1464
2017-09-23 21:39:04,173 INFO idw_p3_cn5  1.514 n=1464
2017-09-23 21:39:04,173 INFO idw_p1_cn5  1.541 n=1464
2017-09-23 21:39:04,173 INFO idw_p4_all  1.590 n=1464
2017-09-23 21:39:04,173 INFO idw_p4_cn5  1.508 n=1464
2017-09-23 21:39:04,174 INFO idw_p2_cn5  1.523 n=1464
2017-09-23 21:39:04,174 INFO max_all     4.269 n=1464
2017-09-23 21:39:04,174 INFO idw_p3_cn3  1.605 n=1464
2017-09-23 21:39:04,174 INFO end method list
2017-09-23 21:39:04,182 INFO interpolate for SWM
2017-09-23 21:39:04,183 INFO currently at 7 out of 10
2017-09-23 21:39:04,183 INFO use IHAMBURG138 IHAMBURG1933 IHAMBURG52 IHAMBURG446 IHHGROSS2 IHAMBURG606 IHAMBURG2065 IHAMBURG1628 IHAMBURG628 IHAMBURG308 IHAMBURG1186 IHAMBURG270 IHAMBURG1428 IHAMBURG1919 IHAMBURG844 IHHNIEND2 IHAMBURG1973 IHAMBURG1476 IHAMBURG1813 IHHSASEL2 IHAMBURG787 IHAMBURG1346 IHAMBURG1360 IHAMBURG664 IHAMBURG435 IHAMBURG108 IHAMBURG760 IHAMBURG2080 IAHRENSB13 IHAMBURG20 IHAMBURG276 IHHOSDOR2 IHAMBURG1112 IHAMBURG592 IHAMBURG251 IHAMBURG106 IHAMBURG1336 IHAMBURG172 IHAMBURG1068 IHAMBURG1982 IHAMBURG1823 IHHSCHNE2 IHAMBURG684 IHAMBURG1108 IHAMBURG1929 IHAMBURG863 IHHEIDEL3 IHAMBURG1152 IHAMBURG1526 IHAMBURG1759 IHAMBURG774 IHAMBURG315 IHAMBURG53 IHAMBURG465 IHHLOKST3 IHAMBURG469 IHHSTEIN2 IBARSBTT19 IHAMBURG1158 IHAMBURG1230 IHAMBURG1799 IHAMBURG515 IHAMBURG1156 IHAMBURG565 IHAMBURG2008 IHAMBURG398 IHAMBURG250 IHAMBURG497 IHAMBURG791 IHAMBURG1036 IHHBARMB6 IHAMBURG412 IHAMBURG1990 IHAMBURG277 IHAMBURG154 IHAMBURG646 IHAMBURG1709 IHAMBURG1082 IHAMBURG365 IHHALSTE2 IHAMBURG662 IHAMBURG1783 IHAMBURG229 IHAMBURG1182 IHAMBURG1044 IHAMBURG789 IHAMBURG1661 IHAMBURG550 IHHWINTE2 IHAMBURG1699 IHHHAMBU3 IWEDEL8 IHAMBURG1860 IHAMBURG1582 IHAMBURG355 IHAMBURG1136 IHAMBURG335 IHAMBURG123 IHAMBURG1830 IHAMBURG969 IHAMBURG638 IHAMBURG594 IHAMBURG990 IHAMBURG1697 IHAMBURG1411 IHAMBURG2031 IHAMBURG10 IHAMBURG1675 IHAMBURG279 IHAMBURG674 IHAMBURG2030 IHAMBURG1967 IHAMBURG316 INORDERS2 IHAMBURG1602 IHAMBURG2048 IHHKIRCH2 IWINSENL6 IHAMBURG2073 IHAMBURG1974 IHAMBURG998 IHAMBURG1502 IHAMBURG180 IHAMBURG222 IHAMBURG441 IHAMBURG1306 IHAMBURG367 IHAMBURG1368 IHAMBURG1008 IHAMBURG1492 IHAMBURG104 IHAMBURG1498 IHAMBURG1462 IHAMBURG285 IHAMBURG360 IHAMBURG1779 IHAMBURG39 IHAMBURG159 ISEEVETA74 IHAMBURG1194 IHAMBURG2017 IHAMBURG719 IHAMBURG1084 IHHSCHNE4 IHAMBURG268 IHAMBURG262 IHHHAMBU2 IHAMBURG2079 IHAMBURG190 IHAMBURG170 INORDERS21 IHAMBURG169 IHAMBURG394 IHAMBURG812 IHAMBURG2081 IHAMBURG1200 IHAMBURG1128 IHAMBURG119 IHAMBURG1548 IHAMBURG1785 IHAMBURG797 IHAMBURG963 IHAMBURG1755 IHAMBURG1002 IHAMBURG707 IHHHOHEN3 IHAMBURG910 IHHHINSC3 IHAMBURG2018 IHAMBURG93 IHAMBURG1671 IHAMBURG450 IHAMBURG1928 IHHSINST2 IHAMBURG1504 IHAMBURG152 IHAMBURG1056 IHAMBURG1266 IHAMBURG1811 IHAMBURG92 IHAMBURG439 IHAMBURG258 IHHRISSE2 IHAMBURG1916 IHAMBURG109 IHAMBURG978 IHHKLEIN2 IHAMBURG144 IHAMBURG1164 IHAMBURG1655 IHAMBURG56 IHAMBURG1064 IHAMBURG1256 IHAMBURG136 IHAMBURG1735 IHAMBURG153 IHAMBURG867 IBORNSEN2 IHAMBURG1377 ILBHOOPT2 IHAMBURG242 IHAMBURG840 IHHLURUP2 IHAMBURG517 IHAMBURG630 IHAMBURG61 IHAMBURG2085 IHAMBURG1166 IHAMBURG1995 IHAMBURG1174 ILBALVES2 IHAMBURG1302 IHAMBURG99 IHAMBURG1586 IHAMBURG292 IHHMARIE4 IHAMBURG1932 IHAMBURG189 IBARSBTT22 IHAMBURG1116 IHAMBURG1631 IHHROTHE2 IHAMBURG269 IHAMBURG2024 IHAMBURG723 IHAMBURG1795 IHAMBURG1606 IHHMARIE2 IHAMBURG280 IHAMBURG1092 IHAMBURG1234 IHAMBURG168 IHAMBURG1753 IHAMBURG715 IHAMBURG1102 IHAMBURG951 IHAMBURG375 IHHCURSL2 IHAMBURG2072 INORDERS72 IHAMBURG1942 IHAMBURG699 IHHEINLA2 IHAMBURG2002 IHAMBURG204 IHAMBURG778 IHAMBURG537 IHAMBURG2062 IHAMBURG410 IHHMARIE3 IHAMBURG150 IHAMBURG974 IHAMBURG1614 IHAMBURG1220 IHAMBURG219 IHAMBURG188 IHAMBURG1198 IHAMBURG938 IHAMBURG1622 IHAMBURG1254 IHAMBURG1864 IHAMBURG475 IHAMBURG230 IHAMBURG489 IHAMBURG479 IHAMBURG82 IHAMBURG1244 IHAMBURG342 IHAMBURG1805 IHAMBURG1391 IHAMBURG336 IHAMBURG540 IHAMBURG390 IHAMBURG1946 IHAMBURG1635 IHAMBURG239 IHAMBURG1028 IHAMBURG824 IHAMBURG22 IHAMBURG361 IHAMBURG600 IHAMBURG406 IHHBARMB5 IHHWILHE2 IHAMBURG1538 IHAMBURG1945 IHAMBURG140 IHAMBURG352 IHAMBURG741 IHAMBURG42 IHAMBURG405 IHAMBURG34 IHHHELLB3 IHAMBURG98 IHAMBURG32 IHAMBURG149 IHHFARMS2 IHAMBURG146 IHAMBURG95 IHAMBURG340 IHAMBURG110 IHAMBURG333 IHAMBURG1915 IHAMBURG1427 IHAMBURG243 IHAMBURG64 IHAMBURG1086 IHAMBURG354 IHAMBURG261 IHAMBURG1308 IHAMBURG353 IHAMBURG256 IHAMBURG132 IHAMBURG1890 IHAMBURG1771 IHAMBURG508 IHAMBURG648 IHAMBURG1464 IHAMBURG326 IHAMBURG1920 IHAMBURG1645 IHAMBURG1236 IHAMBURG1316 IHAMBURG640 IHAMBURG1436 IHAMBURG988 IHAMBURG656 INORDERS98 IHAMBURG1797 IHAMBURG1270 IHAMBURG803 IHAMBURG89 IHAMBURG1791 IHAMBURG1268 IHAMBURG1470 IHAMBURG1922 IHAMBURG376 IHAMBURG1214 IHAMBURG50 IHAMBURG1639 IHAMBURG1389 IHAMBURG274 IHAMBURG1184 IHAMBURG1110 IHAMBURG2039 IHAMBURG158 IHAMBURG955 IHAMBURG81 IHAMBURG1058 IHAMBURG1841 IHAMBURG1988 IHAMBURG1208 IHAMBURG454 IHAMBURG329 IHAMBURG216 IHAMBURG1837 IHHHAMBU5 IHAMBURG610 IHAMBURG1843 IHAMBURG1015 IHAMBURG1264 IHHOTTEN2 IHAMBURG403 IHAMBURG927 IWENTORF21 IHAMBURG598 IHAMBURG1962 IHAMBURG1681 IHAMBURG971 IHAMBURG957 IHAMBURG887 IHAMBURG875 IHAMBURG1124 IHAMBURG1941 IHAMBURG341 IHAMBURG2016 IHAMBURG2009 IHAMBURG1620 IHAMBURG1350 IHAMBURG1880 INORDERS16 IHAMBURG214 IHAMBURG233 IHAMBURG113 IHAMBURG46 IHAMBURG1930 IHAMBURG1379 IHAMBURG131 IHAMBURG1326 IHAMBURG1212 IHAMBURG1052 IHAMBURG1950 IHAMBURG487 IHAMBURG84 IHAMBURG935 IHAMBURG338 IHHEIDEL5 IHAMBURG626 IHAMBURG2006 IHAMBURG2026 IHAMBURG1332 IHAMBURG215 IHAMBURG1789 IHAMBURG1773 IHHBERGS2 IHAMBURG499 IHAMBURG1252 IHAMBURG1961 INORDERS5 IHAMBURG1679 IHAMBURG164 IHAMBURG1815 IHHWINTE4 IHAMBURG218 IHHMEIEN2 IHAMBURG2005 IHAMBURG404 IHAMBURG1372 IHAMBURG460 IHAMBURG751 IHAMBURG423 IHAMBURG417 IHAMBURG162 IHAMBURG1918 IHAMBURG1540 IHAMBURG1421 IHAMBURG1088 ISEEVETA49 IHHEIDEL4 IHAMBURG1076 IHAMBURG1150 IHAMBURG289 IHAMBURG772 IHAMBURG1176 IHAMBURG2041 IHAMBURG1114 IHAMBURG471 ISCHENEF11 IHAMBURG924 IHAMBURG237 IHAMBURG1144 IHAMBURG1188 IHAMBURG2069
2017-09-23 21:39:07,812 DEBUG done: 0.000 percent
2017-09-23 21:52:07,027 DEBUG done: 13.661 percent
2017-09-23 22:05:05,387 DEBUG done: 27.322 percent
2017-09-23 22:18:26,547 DEBUG done: 40.984 percent
2017-09-23 22:31:33,470 DEBUG done: 54.645 percent
2017-09-23 22:45:15,049 DEBUG done: 68.306 percent
2017-09-23 22:59:32,519 DEBUG done: 81.967 percent
2017-09-23 23:13:26,405 DEBUG done: 95.628 percent
2017-09-23 23:17:59,536 INFO min_all     1.137 n=1451
2017-09-23 23:17:59,537 INFO max_cn5     2.177 n=1451
2017-09-23 23:17:59,537 INFO min_cn3     0.912 n=1451
2017-09-23 23:17:59,537 INFO median_all  1.276 n=1451
2017-09-23 23:17:59,537 INFO idw_p4_cn3  1.243 n=1451
2017-09-23 23:17:59,537 INFO idw_p2_all  1.373 n=1451
2017-09-23 23:17:59,538 INFO median_cn3  1.293 n=1451
2017-09-23 23:17:59,538 INFO idw_p2_cn3  1.264 n=1451
2017-09-23 23:17:59,538 INFO idw_p3_all  1.385 n=1451
2017-09-23 23:17:59,538 INFO min_cn5     0.860 n=1451
2017-09-23 23:17:59,538 INFO max_cn3     2.045 n=1451
2017-09-23 23:17:59,538 INFO mean_cn3    1.336 n=1451
2017-09-23 23:17:59,538 INFO idw_p1_all  1.353 n=1451
2017-09-23 23:17:59,538 INFO mean_all    1.327 n=1451
2017-09-23 23:17:59,538 INFO mean_cn5    1.276 n=1451
2017-09-23 23:17:59,539 INFO median_cn5  1.174 n=1451
2017-09-23 23:17:59,539 INFO idw_p1_cn3  1.291 n=1451
2017-09-23 23:17:59,539 INFO idw_p3_cn5  1.083 n=1451
2017-09-23 23:17:59,539 INFO idw_p1_cn5  1.143 n=1451
2017-09-23 23:17:59,539 INFO idw_p4_all  1.384 n=1451
2017-09-23 23:17:59,539 INFO idw_p4_cn5  1.075 n=1451
2017-09-23 23:17:59,539 INFO idw_p2_cn5  1.101 n=1451
2017-09-23 23:17:59,539 INFO max_all     4.072 n=1451
2017-09-23 23:17:59,540 INFO idw_p3_cn3  1.251 n=1451
2017-09-23 23:17:59,540 INFO end method list
2017-09-23 23:17:59,549 INFO interpolate for WGM
2017-09-23 23:17:59,549 INFO currently at 8 out of 10
2017-09-23 23:17:59,549 INFO use IHAMBURG138 IHAMBURG1933 IHAMBURG52 IHAMBURG446 IHHGROSS2 IHAMBURG606 IHAMBURG2065 IHAMBURG1628 IHAMBURG628 IHAMBURG308 IHAMBURG1186 IHAMBURG270 IHAMBURG1428 IHAMBURG1919 IHAMBURG844 IHHNIEND2 IHAMBURG1973 IHAMBURG1476 IHAMBURG1813 IHHSASEL2 IHAMBURG787 IHAMBURG1346 IHAMBURG1360 IHAMBURG664 IHAMBURG435 IHAMBURG108 IHAMBURG760 IHAMBURG2080 IAHRENSB13 IHAMBURG20 IHAMBURG276 IHHOSDOR2 IHAMBURG1112 IHAMBURG592 IHAMBURG251 IHAMBURG106 IHAMBURG1336 IHAMBURG172 IHAMBURG1068 IHAMBURG1982 IHAMBURG1823 IHHSCHNE2 IHAMBURG684 IHAMBURG1108 IHAMBURG1929 IHAMBURG863 IHHEIDEL3 IHAMBURG1152 IHAMBURG1526 IHAMBURG1759 IHAMBURG774 IHAMBURG315 IHAMBURG53 IHAMBURG465 IHHLOKST3 IHAMBURG469 IHHSTEIN2 IBARSBTT19 IHAMBURG1158 IHAMBURG1230 IHAMBURG1799 IHAMBURG515 IHAMBURG1156 IHAMBURG565 IHAMBURG2008 IHAMBURG398 IHAMBURG250 IHAMBURG497 IHAMBURG791 IHAMBURG1036 IHHBARMB6 IHAMBURG412 IHAMBURG1990 IHAMBURG277 IHAMBURG154 IHAMBURG646 IHAMBURG1709 IHAMBURG1082 IHAMBURG365 IHHALSTE2 IHAMBURG662 IHAMBURG1783 IHAMBURG229 IHAMBURG1182 IHAMBURG1044 IHAMBURG789 IHAMBURG1661 IHAMBURG550 IHHWINTE2 IHAMBURG1699 IHHHAMBU3 IWEDEL8 IHAMBURG1860 IHAMBURG1582 IHAMBURG355 IHAMBURG1136 IHAMBURG335 IHAMBURG123 IHAMBURG1830 IHAMBURG969 IHAMBURG638 IHAMBURG594 IHAMBURG990 IHAMBURG1697 IHAMBURG1411 IHAMBURG2031 IHAMBURG10 IHAMBURG1675 IHAMBURG279 IHAMBURG674 IHAMBURG2030 IHAMBURG1967 IHAMBURG316 INORDERS2 IHAMBURG1602 IHAMBURG2048 IHHKIRCH2 IWINSENL6 IHAMBURG2073 IHAMBURG1974 IHAMBURG998 IHAMBURG1502 IHAMBURG180 IHAMBURG222 IHAMBURG441 IHAMBURG1306 IHAMBURG367 IHAMBURG1368 IHAMBURG1008 IHAMBURG1492 IHAMBURG104 IHAMBURG1498 IHAMBURG1462 IHAMBURG285 IHAMBURG360 IHAMBURG1779 IHAMBURG39 IHAMBURG159 ISEEVETA74 IHAMBURG1194 IHAMBURG2017 IHAMBURG719 IHAMBURG1084 IHHSCHNE4 IHAMBURG268 IHAMBURG262 IHHHAMBU2 IHAMBURG2079 IHAMBURG190 IHAMBURG170 INORDERS21 IHAMBURG169 IHAMBURG394 IHAMBURG812 IHAMBURG2081 IHAMBURG1200 IHAMBURG1128 IHAMBURG119 IHAMBURG1548 IHAMBURG1785 IHAMBURG797 IHAMBURG963 IHAMBURG1755 IHAMBURG1002 IHAMBURG707 IHHHOHEN3 IHAMBURG910 IHHHINSC3 IHAMBURG2018 IHAMBURG93 IHAMBURG1671 IHAMBURG450 IHAMBURG1928 IHHSINST2 IHAMBURG1504 IHAMBURG152 IHAMBURG1056 IHAMBURG1266 IHAMBURG1811 IHAMBURG92 IHAMBURG439 IHAMBURG258 IHHRISSE2 IHAMBURG1916 IHAMBURG109 IHAMBURG978 IHHKLEIN2 IHAMBURG144 IHAMBURG1164 IHAMBURG1655 IHAMBURG56 IHAMBURG1064 IHAMBURG1256 IHAMBURG136 IHAMBURG1735 IHAMBURG153 IHAMBURG867 IBORNSEN2 IHAMBURG1377 ILBHOOPT2 IHAMBURG242 IHAMBURG840 IHHLURUP2 IHAMBURG517 IHAMBURG630 IHAMBURG61 IHAMBURG2085 IHAMBURG1166 IHAMBURG1995 IHAMBURG1174 ILBALVES2 IHAMBURG1302 IHAMBURG99 IHAMBURG1586 IHAMBURG292 IHHMARIE4 IHAMBURG1932 IHAMBURG189 IBARSBTT22 IHAMBURG1116 IHAMBURG1631 IHHROTHE2 IHAMBURG269 IHAMBURG2024 IHAMBURG723 IHAMBURG1795 IHAMBURG1606 IHHMARIE2 IHAMBURG280 IHAMBURG1092 IHAMBURG1234 IHAMBURG168 IHAMBURG1753 IHAMBURG715 IHAMBURG1102 IHAMBURG951 IHAMBURG375 IHHCURSL2 IHAMBURG2072 INORDERS72 IHAMBURG1942 IHAMBURG699 IHHEINLA2 IHAMBURG2002 IHAMBURG204 IHAMBURG778 IHAMBURG537 IHAMBURG2062 IHAMBURG410 IHHMARIE3 IHAMBURG150 IHAMBURG974 IHAMBURG1614 IHAMBURG1220 IHAMBURG219 IHAMBURG188 IHAMBURG1198 IHAMBURG938 IHAMBURG1622 IHAMBURG1254 IHAMBURG1864 IHAMBURG475 IHAMBURG230 IHAMBURG489 IHAMBURG479 IHAMBURG82 IHAMBURG1244 IHAMBURG342 IHAMBURG1805 IHAMBURG1391 IHAMBURG336 IHAMBURG540 IHAMBURG390 IHAMBURG1946 IHAMBURG1635 IHAMBURG239 IHAMBURG1028 IHAMBURG824 IHAMBURG22 IHAMBURG361 IHAMBURG600 IHAMBURG406 IHHBARMB5 IHHWILHE2 IHAMBURG1538 IHAMBURG1945 IHAMBURG140 IHAMBURG352 IHAMBURG741 IHAMBURG42 IHAMBURG405 IHAMBURG34 IHHHELLB3 IHAMBURG98 IHAMBURG32 IHAMBURG149 IHHFARMS2 IHAMBURG146 IHAMBURG95 IHAMBURG340 IHAMBURG110 IHAMBURG333 IHAMBURG1915 IHAMBURG1427 IHAMBURG243 IHAMBURG64 IHAMBURG1086 IHAMBURG354 IHAMBURG261 IHAMBURG1308 IHAMBURG353 IHAMBURG256 IHAMBURG132 IHAMBURG1890 IHAMBURG1771 IHAMBURG508 IHAMBURG648 IHAMBURG1464 IHAMBURG326 IHAMBURG1920 IHAMBURG1645 IHAMBURG1236 IHAMBURG1316 IHAMBURG640 IHAMBURG1436 IHAMBURG988 IHAMBURG656 INORDERS98 IHAMBURG1797 IHAMBURG1270 IHAMBURG803 IHAMBURG89 IHAMBURG1791 IHAMBURG1268 IHAMBURG1470 IHAMBURG1922 IHAMBURG376 IHAMBURG1214 IHAMBURG50 IHAMBURG1639 IHAMBURG1389 IHAMBURG274 IHAMBURG1184 IHAMBURG1110 IHAMBURG2039 IHAMBURG158 IHAMBURG955 IHAMBURG81 IHAMBURG1058 IHAMBURG1841 IHAMBURG1988 IHAMBURG1208 IHAMBURG454 IHAMBURG329 IHAMBURG216 IHAMBURG1837 IHHHAMBU5 IHAMBURG610 IHAMBURG1843 IHAMBURG1015 IHAMBURG1264 IHHOTTEN2 IHAMBURG403 IHAMBURG927 IWENTORF21 IHAMBURG598 IHAMBURG1962 IHAMBURG1681 IHAMBURG971 IHAMBURG957 IHAMBURG887 IHAMBURG875 IHAMBURG1124 IHAMBURG1941 IHAMBURG341 IHAMBURG2016 IHAMBURG2009 IHAMBURG1620 IHAMBURG1350 IHAMBURG1880 INORDERS16 IHAMBURG214 IHAMBURG233 IHAMBURG113 IHAMBURG46 IHAMBURG1930 IHAMBURG1379 IHAMBURG131 IHAMBURG1326 IHAMBURG1212 IHAMBURG1052 IHAMBURG1950 IHAMBURG487 IHAMBURG84 IHAMBURG935 IHAMBURG338 IHHEIDEL5 IHAMBURG626 IHAMBURG2006 IHAMBURG2026 IHAMBURG1332 IHAMBURG215 IHAMBURG1789 IHAMBURG1773 IHHBERGS2 IHAMBURG499 IHAMBURG1252 IHAMBURG1961 INORDERS5 IHAMBURG1679 IHAMBURG164 IHAMBURG1815 IHHWINTE4 IHAMBURG218 IHHMEIEN2 IHAMBURG2005 IHAMBURG404 IHAMBURG1372 IHAMBURG460 IHAMBURG751 IHAMBURG423 IHAMBURG417 IHAMBURG162 IHAMBURG1918 IHAMBURG1540 IHAMBURG1421 IHAMBURG1088 ISEEVETA49 IHHEIDEL4 IHAMBURG1076 IHAMBURG1150 IHAMBURG289 IHAMBURG772 IHAMBURG1176 IHAMBURG2041 IHAMBURG1114 IHAMBURG471 ISCHENEF11 IHAMBURG924 IHAMBURG237 IHAMBURG1144 IHAMBURG1188 IHAMBURG2069
2017-09-23 23:18:03,144 DEBUG done: 0.000 percent
2017-09-23 23:30:50,313 DEBUG done: 13.661 percent
2017-09-23 23:43:32,814 DEBUG done: 27.322 percent
2017-09-23 23:56:42,485 DEBUG done: 40.984 percent
2017-09-24 00:09:21,127 DEBUG done: 54.645 percent
2017-09-24 00:22:49,315 DEBUG done: 68.306 percent
2017-09-24 00:36:50,414 DEBUG done: 81.967 percent
2017-09-24 00:50:52,006 DEBUG done: 95.628 percent
2017-09-24 00:55:23,665 INFO min_all     1.270 n=1460
2017-09-24 00:55:23,666 INFO max_cn5     1.788 n=1460
2017-09-24 00:55:23,666 INFO min_cn3     1.230 n=1460
2017-09-24 00:55:23,666 INFO median_all  1.192 n=1460
2017-09-24 00:55:23,666 INFO idw_p4_cn3  1.400 n=1460
2017-09-24 00:55:23,666 INFO idw_p2_all  1.115 n=1460
2017-09-24 00:55:23,666 INFO median_cn3  1.436 n=1460
2017-09-24 00:55:23,667 INFO idw_p2_cn3  1.396 n=1460
2017-09-24 00:55:23,667 INFO idw_p3_all  1.229 n=1460
2017-09-24 00:55:23,667 INFO min_cn5     1.139 n=1460
2017-09-24 00:55:23,667 INFO max_cn3     1.645 n=1460
2017-09-24 00:55:23,667 INFO mean_cn3    1.410 n=1460
2017-09-24 00:55:23,667 INFO idw_p1_all  1.143 n=1460
2017-09-24 00:55:23,667 INFO mean_all    1.229 n=1460
2017-09-24 00:55:23,668 INFO mean_cn5    1.412 n=1460
2017-09-24 00:55:23,668 INFO median_cn5  1.412 n=1460
2017-09-24 00:55:23,668 INFO idw_p1_cn3  1.394 n=1460
2017-09-24 00:55:23,668 INFO idw_p3_cn5  1.517 n=1460
2017-09-24 00:55:23,668 INFO idw_p1_cn5  1.450 n=1460
2017-09-24 00:55:23,668 INFO idw_p4_all  1.301 n=1460
2017-09-24 00:55:23,668 INFO idw_p4_cn5  1.525 n=1460
2017-09-24 00:55:23,668 INFO idw_p2_cn5  1.497 n=1460
2017-09-24 00:55:23,668 INFO max_all     3.891 n=1460
2017-09-24 00:55:23,668 INFO idw_p3_cn3  1.398 n=1460
2017-09-24 00:55:23,669 INFO end method list
2017-09-24 00:55:23,673 INFO interpolate for WWM
2017-09-24 00:55:23,673 INFO currently at 9 out of 10
2017-09-24 00:55:23,673 INFO use IHAMBURG138 IHAMBURG1933 IHAMBURG52 IHAMBURG446 IHHGROSS2 IHAMBURG606 IHAMBURG2065 IHAMBURG1628 IHAMBURG628 IHAMBURG308 IHAMBURG1186 IHAMBURG270 IHAMBURG1428 IHAMBURG1919 IHAMBURG844 IHHNIEND2 IHAMBURG1973 IHAMBURG1476 IHAMBURG1813 IHHSASEL2 IHAMBURG787 IHAMBURG1346 IHAMBURG1360 IHAMBURG664 IHAMBURG435 IHAMBURG108 IHAMBURG760 IHAMBURG2080 IAHRENSB13 IHAMBURG20 IHAMBURG276 IHHOSDOR2 IHAMBURG1112 IHAMBURG592 IHAMBURG251 IHAMBURG106 IHAMBURG1336 IHAMBURG172 IHAMBURG1068 IHAMBURG1982 IHAMBURG1823 IHHSCHNE2 IHAMBURG684 IHAMBURG1108 IHAMBURG1929 IHAMBURG863 IHHEIDEL3 IHAMBURG1152 IHAMBURG1526 IHAMBURG1759 IHAMBURG774 IHAMBURG315 IHAMBURG53 IHAMBURG465 IHHLOKST3 IHAMBURG469 IHHSTEIN2 IBARSBTT19 IHAMBURG1158 IHAMBURG1230 IHAMBURG1799 IHAMBURG515 IHAMBURG1156 IHAMBURG565 IHAMBURG2008 IHAMBURG398 IHAMBURG250 IHAMBURG497 IHAMBURG791 IHAMBURG1036 IHHBARMB6 IHAMBURG412 IHAMBURG1990 IHAMBURG277 IHAMBURG154 IHAMBURG646 IHAMBURG1709 IHAMBURG1082 IHAMBURG365 IHHALSTE2 IHAMBURG662 IHAMBURG1783 IHAMBURG229 IHAMBURG1182 IHAMBURG1044 IHAMBURG789 IHAMBURG1661 IHAMBURG550 IHHWINTE2 IHAMBURG1699 IHHHAMBU3 IWEDEL8 IHAMBURG1860 IHAMBURG1582 IHAMBURG355 IHAMBURG1136 IHAMBURG335 IHAMBURG123 IHAMBURG1830 IHAMBURG969 IHAMBURG638 IHAMBURG594 IHAMBURG990 IHAMBURG1697 IHAMBURG1411 IHAMBURG2031 IHAMBURG10 IHAMBURG1675 IHAMBURG279 IHAMBURG674 IHAMBURG2030 IHAMBURG1967 IHAMBURG316 INORDERS2 IHAMBURG1602 IHAMBURG2048 IHHKIRCH2 IWINSENL6 IHAMBURG2073 IHAMBURG1974 IHAMBURG998 IHAMBURG1502 IHAMBURG180 IHAMBURG222 IHAMBURG441 IHAMBURG1306 IHAMBURG367 IHAMBURG1368 IHAMBURG1008 IHAMBURG1492 IHAMBURG104 IHAMBURG1498 IHAMBURG1462 IHAMBURG285 IHAMBURG360 IHAMBURG1779 IHAMBURG39 IHAMBURG159 ISEEVETA74 IHAMBURG1194 IHAMBURG2017 IHAMBURG719 IHAMBURG1084 IHHSCHNE4 IHAMBURG268 IHAMBURG262 IHHHAMBU2 IHAMBURG2079 IHAMBURG190 IHAMBURG170 INORDERS21 IHAMBURG169 IHAMBURG394 IHAMBURG812 IHAMBURG2081 IHAMBURG1200 IHAMBURG1128 IHAMBURG119 IHAMBURG1548 IHAMBURG1785 IHAMBURG797 IHAMBURG963 IHAMBURG1755 IHAMBURG1002 IHAMBURG707 IHHHOHEN3 IHAMBURG910 IHHHINSC3 IHAMBURG2018 IHAMBURG93 IHAMBURG1671 IHAMBURG450 IHAMBURG1928 IHHSINST2 IHAMBURG1504 IHAMBURG152 IHAMBURG1056 IHAMBURG1266 IHAMBURG1811 IHAMBURG92 IHAMBURG439 IHAMBURG258 IHHRISSE2 IHAMBURG1916 IHAMBURG109 IHAMBURG978 IHHKLEIN2 IHAMBURG144 IHAMBURG1164 IHAMBURG1655 IHAMBURG56 IHAMBURG1064 IHAMBURG1256 IHAMBURG136 IHAMBURG1735 IHAMBURG153 IHAMBURG867 IBORNSEN2 IHAMBURG1377 ILBHOOPT2 IHAMBURG242 IHAMBURG840 IHHLURUP2 IHAMBURG517 IHAMBURG630 IHAMBURG61 IHAMBURG2085 IHAMBURG1166 IHAMBURG1995 IHAMBURG1174 ILBALVES2 IHAMBURG1302 IHAMBURG99 IHAMBURG1586 IHAMBURG292 IHHMARIE4 IHAMBURG1932 IHAMBURG189 IBARSBTT22 IHAMBURG1116 IHAMBURG1631 IHHROTHE2 IHAMBURG269 IHAMBURG2024 IHAMBURG723 IHAMBURG1795 IHAMBURG1606 IHHMARIE2 IHAMBURG280 IHAMBURG1092 IHAMBURG1234 IHAMBURG168 IHAMBURG1753 IHAMBURG715 IHAMBURG1102 IHAMBURG951 IHAMBURG375 IHHCURSL2 IHAMBURG2072 INORDERS72 IHAMBURG1942 IHAMBURG699 IHHEINLA2 IHAMBURG2002 IHAMBURG204 IHAMBURG778 IHAMBURG537 IHAMBURG2062 IHAMBURG410 IHHMARIE3 IHAMBURG150 IHAMBURG974 IHAMBURG1614 IHAMBURG1220 IHAMBURG219 IHAMBURG188 IHAMBURG1198 IHAMBURG938 IHAMBURG1622 IHAMBURG1254 IHAMBURG1864 IHAMBURG475 IHAMBURG230 IHAMBURG489 IHAMBURG479 IHAMBURG82 IHAMBURG1244 IHAMBURG342 IHAMBURG1805 IHAMBURG1391 IHAMBURG336 IHAMBURG540 IHAMBURG390 IHAMBURG1946 IHAMBURG1635 IHAMBURG239 IHAMBURG1028 IHAMBURG824 IHAMBURG22 IHAMBURG361 IHAMBURG600 IHAMBURG406 IHHBARMB5 IHHWILHE2 IHAMBURG1538 IHAMBURG1945 IHAMBURG140 IHAMBURG352 IHAMBURG741 IHAMBURG42 IHAMBURG405 IHAMBURG34 IHHHELLB3 IHAMBURG98 IHAMBURG32 IHAMBURG149 IHHFARMS2 IHAMBURG146 IHAMBURG95 IHAMBURG340 IHAMBURG110 IHAMBURG333 IHAMBURG1915 IHAMBURG1427 IHAMBURG243 IHAMBURG64 IHAMBURG1086 IHAMBURG354 IHAMBURG261 IHAMBURG1308 IHAMBURG353 IHAMBURG256 IHAMBURG132 IHAMBURG1890 IHAMBURG1771 IHAMBURG508 IHAMBURG648 IHAMBURG1464 IHAMBURG326 IHAMBURG1920 IHAMBURG1645 IHAMBURG1236 IHAMBURG1316 IHAMBURG640 IHAMBURG1436 IHAMBURG988 IHAMBURG656 INORDERS98 IHAMBURG1797 IHAMBURG1270 IHAMBURG803 IHAMBURG89 IHAMBURG1791 IHAMBURG1268 IHAMBURG1470 IHAMBURG1922 IHAMBURG376 IHAMBURG1214 IHAMBURG50 IHAMBURG1639 IHAMBURG1389 IHAMBURG274 IHAMBURG1184 IHAMBURG1110 IHAMBURG2039 IHAMBURG158 IHAMBURG955 IHAMBURG81 IHAMBURG1058 IHAMBURG1841 IHAMBURG1988 IHAMBURG1208 IHAMBURG454 IHAMBURG329 IHAMBURG216 IHAMBURG1837 IHHHAMBU5 IHAMBURG610 IHAMBURG1843 IHAMBURG1015 IHAMBURG1264 IHHOTTEN2 IHAMBURG403 IHAMBURG927 IWENTORF21 IHAMBURG598 IHAMBURG1962 IHAMBURG1681 IHAMBURG971 IHAMBURG957 IHAMBURG887 IHAMBURG875 IHAMBURG1124 IHAMBURG1941 IHAMBURG341 IHAMBURG2016 IHAMBURG2009 IHAMBURG1620 IHAMBURG1350 IHAMBURG1880 INORDERS16 IHAMBURG214 IHAMBURG233 IHAMBURG113 IHAMBURG46 IHAMBURG1930 IHAMBURG1379 IHAMBURG131 IHAMBURG1326 IHAMBURG1212 IHAMBURG1052 IHAMBURG1950 IHAMBURG487 IHAMBURG84 IHAMBURG935 IHAMBURG338 IHHEIDEL5 IHAMBURG626 IHAMBURG2006 IHAMBURG2026 IHAMBURG1332 IHAMBURG215 IHAMBURG1789 IHAMBURG1773 IHHBERGS2 IHAMBURG499 IHAMBURG1252 IHAMBURG1961 INORDERS5 IHAMBURG1679 IHAMBURG164 IHAMBURG1815 IHHWINTE4 IHAMBURG218 IHHMEIEN2 IHAMBURG2005 IHAMBURG404 IHAMBURG1372 IHAMBURG460 IHAMBURG751 IHAMBURG423 IHAMBURG417 IHAMBURG162 IHAMBURG1918 IHAMBURG1540 IHAMBURG1421 IHAMBURG1088 ISEEVETA49 IHHEIDEL4 IHAMBURG1076 IHAMBURG1150 IHAMBURG289 IHAMBURG772 IHAMBURG1176 IHAMBURG2041 IHAMBURG1114 IHAMBURG471 ISCHENEF11 IHAMBURG924 IHAMBURG237 IHAMBURG1144 IHAMBURG1188 IHAMBURG2069
2017-09-24 00:55:27,257 DEBUG done: 0.000 percent
2017-09-24 01:08:10,899 DEBUG done: 13.661 percent
2017-09-24 01:20:44,276 DEBUG done: 27.322 percent
2017-09-24 01:33:35,118 DEBUG done: 40.984 percent
2017-09-24 01:46:15,401 DEBUG done: 54.645 percent
2017-09-24 01:59:45,049 DEBUG done: 68.306 percent
2017-09-24 02:13:45,057 DEBUG done: 81.967 percent
2017-09-24 02:27:37,559 DEBUG done: 95.628 percent
2017-09-24 02:32:13,238 INFO min_all     1.186 n=1464
2017-09-24 02:32:13,261 INFO max_cn5     1.902 n=1464
2017-09-24 02:32:13,261 INFO min_cn3     1.280 n=1464
2017-09-24 02:32:13,261 INFO median_all  1.232 n=1464
2017-09-24 02:32:13,261 INFO idw_p4_cn3  1.491 n=1464
2017-09-24 02:32:13,261 INFO idw_p2_all  1.128 n=1464
2017-09-24 02:32:13,261 INFO median_cn3  1.501 n=1464
2017-09-24 02:32:13,261 INFO idw_p2_cn3  1.469 n=1464
2017-09-24 02:32:13,262 INFO idw_p3_all  1.232 n=1464
2017-09-24 02:32:13,262 INFO min_cn5     1.146 n=1464
2017-09-24 02:32:13,262 INFO max_cn3     1.642 n=1464
2017-09-24 02:32:13,262 INFO mean_cn3    1.453 n=1464
2017-09-24 02:32:13,262 INFO idw_p1_all  1.173 n=1464
2017-09-24 02:32:13,262 INFO mean_all    1.266 n=1464
2017-09-24 02:32:13,262 INFO mean_cn5    1.459 n=1464
2017-09-24 02:32:13,262 INFO median_cn5  1.460 n=1464
2017-09-24 02:32:13,262 INFO idw_p1_cn3  1.456 n=1464
2017-09-24 02:32:13,263 INFO idw_p3_cn5  1.458 n=1464
2017-09-24 02:32:13,263 INFO idw_p1_cn5  1.450 n=1464
2017-09-24 02:32:13,263 INFO idw_p4_all  1.300 n=1464
2017-09-24 02:32:13,263 INFO idw_p4_cn5  1.460 n=1464
2017-09-24 02:32:13,263 INFO idw_p2_cn5  1.454 n=1464
2017-09-24 02:32:13,263 INFO max_all     3.915 n=1464
2017-09-24 02:32:13,263 INFO idw_p3_cn3  1.481 n=1464
2017-09-24 02:32:13,264 INFO end method list
2017-09-24 02:32:13,268 INFO interpolate for ZOM
2017-09-24 02:32:13,269 INFO currently at 10 out of 10
2017-09-24 02:32:13,269 INFO use IHAMBURG138 IHAMBURG1933 IHAMBURG52 IHAMBURG446 IHHGROSS2 IHAMBURG606 IHAMBURG2065 IHAMBURG1628 IHAMBURG628 IHAMBURG308 IHAMBURG1186 IHAMBURG270 IHAMBURG1428 IHAMBURG1919 IHAMBURG844 IHHNIEND2 IHAMBURG1973 IHAMBURG1476 IHAMBURG1813 IHHSASEL2 IHAMBURG787 IHAMBURG1346 IHAMBURG1360 IHAMBURG664 IHAMBURG435 IHAMBURG108 IHAMBURG760 IHAMBURG2080 IAHRENSB13 IHAMBURG20 IHAMBURG276 IHHOSDOR2 IHAMBURG1112 IHAMBURG592 IHAMBURG251 IHAMBURG106 IHAMBURG1336 IHAMBURG172 IHAMBURG1068 IHAMBURG1982 IHAMBURG1823 IHHSCHNE2 IHAMBURG684 IHAMBURG1108 IHAMBURG1929 IHAMBURG863 IHHEIDEL3 IHAMBURG1152 IHAMBURG1526 IHAMBURG1759 IHAMBURG774 IHAMBURG315 IHAMBURG53 IHAMBURG465 IHHLOKST3 IHAMBURG469 IHHSTEIN2 IBARSBTT19 IHAMBURG1158 IHAMBURG1230 IHAMBURG1799 IHAMBURG515 IHAMBURG1156 IHAMBURG565 IHAMBURG2008 IHAMBURG398 IHAMBURG250 IHAMBURG497 IHAMBURG791 IHAMBURG1036 IHHBARMB6 IHAMBURG412 IHAMBURG1990 IHAMBURG277 IHAMBURG154 IHAMBURG646 IHAMBURG1709 IHAMBURG1082 IHAMBURG365 IHHALSTE2 IHAMBURG662 IHAMBURG1783 IHAMBURG229 IHAMBURG1182 IHAMBURG1044 IHAMBURG789 IHAMBURG1661 IHAMBURG550 IHHWINTE2 IHAMBURG1699 IHHHAMBU3 IWEDEL8 IHAMBURG1860 IHAMBURG1582 IHAMBURG355 IHAMBURG1136 IHAMBURG335 IHAMBURG123 IHAMBURG1830 IHAMBURG969 IHAMBURG638 IHAMBURG594 IHAMBURG990 IHAMBURG1697 IHAMBURG1411 IHAMBURG2031 IHAMBURG10 IHAMBURG1675 IHAMBURG279 IHAMBURG674 IHAMBURG2030 IHAMBURG1967 IHAMBURG316 INORDERS2 IHAMBURG1602 IHAMBURG2048 IHHKIRCH2 IWINSENL6 IHAMBURG2073 IHAMBURG1974 IHAMBURG998 IHAMBURG1502 IHAMBURG180 IHAMBURG222 IHAMBURG441 IHAMBURG1306 IHAMBURG367 IHAMBURG1368 IHAMBURG1008 IHAMBURG1492 IHAMBURG104 IHAMBURG1498 IHAMBURG1462 IHAMBURG285 IHAMBURG360 IHAMBURG1779 IHAMBURG39 IHAMBURG159 ISEEVETA74 IHAMBURG1194 IHAMBURG2017 IHAMBURG719 IHAMBURG1084 IHHSCHNE4 IHAMBURG268 IHAMBURG262 IHHHAMBU2 IHAMBURG2079 IHAMBURG190 IHAMBURG170 INORDERS21 IHAMBURG169 IHAMBURG394 IHAMBURG812 IHAMBURG2081 IHAMBURG1200 IHAMBURG1128 IHAMBURG119 IHAMBURG1548 IHAMBURG1785 IHAMBURG797 IHAMBURG963 IHAMBURG1755 IHAMBURG1002 IHAMBURG707 IHHHOHEN3 IHAMBURG910 IHHHINSC3 IHAMBURG2018 IHAMBURG93 IHAMBURG1671 IHAMBURG450 IHAMBURG1928 IHHSINST2 IHAMBURG1504 IHAMBURG152 IHAMBURG1056 IHAMBURG1266 IHAMBURG1811 IHAMBURG92 IHAMBURG439 IHAMBURG258 IHHRISSE2 IHAMBURG1916 IHAMBURG109 IHAMBURG978 IHHKLEIN2 IHAMBURG144 IHAMBURG1164 IHAMBURG1655 IHAMBURG56 IHAMBURG1064 IHAMBURG1256 IHAMBURG136 IHAMBURG1735 IHAMBURG153 IHAMBURG867 IBORNSEN2 IHAMBURG1377 ILBHOOPT2 IHAMBURG242 IHAMBURG840 IHHLURUP2 IHAMBURG517 IHAMBURG630 IHAMBURG61 IHAMBURG2085 IHAMBURG1166 IHAMBURG1995 IHAMBURG1174 ILBALVES2 IHAMBURG1302 IHAMBURG99 IHAMBURG1586 IHAMBURG292 IHHMARIE4 IHAMBURG1932 IHAMBURG189 IBARSBTT22 IHAMBURG1116 IHAMBURG1631 IHHROTHE2 IHAMBURG269 IHAMBURG2024 IHAMBURG723 IHAMBURG1795 IHAMBURG1606 IHHMARIE2 IHAMBURG280 IHAMBURG1092 IHAMBURG1234 IHAMBURG168 IHAMBURG1753 IHAMBURG715 IHAMBURG1102 IHAMBURG951 IHAMBURG375 IHHCURSL2 IHAMBURG2072 INORDERS72 IHAMBURG1942 IHAMBURG699 IHHEINLA2 IHAMBURG2002 IHAMBURG204 IHAMBURG778 IHAMBURG537 IHAMBURG2062 IHAMBURG410 IHHMARIE3 IHAMBURG150 IHAMBURG974 IHAMBURG1614 IHAMBURG1220 IHAMBURG219 IHAMBURG188 IHAMBURG1198 IHAMBURG938 IHAMBURG1622 IHAMBURG1254 IHAMBURG1864 IHAMBURG475 IHAMBURG230 IHAMBURG489 IHAMBURG479 IHAMBURG82 IHAMBURG1244 IHAMBURG342 IHAMBURG1805 IHAMBURG1391 IHAMBURG336 IHAMBURG540 IHAMBURG390 IHAMBURG1946 IHAMBURG1635 IHAMBURG239 IHAMBURG1028 IHAMBURG824 IHAMBURG22 IHAMBURG361 IHAMBURG600 IHAMBURG406 IHHBARMB5 IHHWILHE2 IHAMBURG1538 IHAMBURG1945 IHAMBURG140 IHAMBURG352 IHAMBURG741 IHAMBURG42 IHAMBURG405 IHAMBURG34 IHHHELLB3 IHAMBURG98 IHAMBURG32 IHAMBURG149 IHHFARMS2 IHAMBURG146 IHAMBURG95 IHAMBURG340 IHAMBURG110 IHAMBURG333 IHAMBURG1915 IHAMBURG1427 IHAMBURG243 IHAMBURG64 IHAMBURG1086 IHAMBURG354 IHAMBURG261 IHAMBURG1308 IHAMBURG353 IHAMBURG256 IHAMBURG132 IHAMBURG1890 IHAMBURG1771 IHAMBURG508 IHAMBURG648 IHAMBURG1464 IHAMBURG326 IHAMBURG1920 IHAMBURG1645 IHAMBURG1236 IHAMBURG1316 IHAMBURG640 IHAMBURG1436 IHAMBURG988 IHAMBURG656 INORDERS98 IHAMBURG1797 IHAMBURG1270 IHAMBURG803 IHAMBURG89 IHAMBURG1791 IHAMBURG1268 IHAMBURG1470 IHAMBURG1922 IHAMBURG376 IHAMBURG1214 IHAMBURG50 IHAMBURG1639 IHAMBURG1389 IHAMBURG274 IHAMBURG1184 IHAMBURG1110 IHAMBURG2039 IHAMBURG158 IHAMBURG955 IHAMBURG81 IHAMBURG1058 IHAMBURG1841 IHAMBURG1988 IHAMBURG1208 IHAMBURG454 IHAMBURG329 IHAMBURG216 IHAMBURG1837 IHHHAMBU5 IHAMBURG610 IHAMBURG1843 IHAMBURG1015 IHAMBURG1264 IHHOTTEN2 IHAMBURG403 IHAMBURG927 IWENTORF21 IHAMBURG598 IHAMBURG1962 IHAMBURG1681 IHAMBURG971 IHAMBURG957 IHAMBURG887 IHAMBURG875 IHAMBURG1124 IHAMBURG1941 IHAMBURG341 IHAMBURG2016 IHAMBURG2009 IHAMBURG1620 IHAMBURG1350 IHAMBURG1880 INORDERS16 IHAMBURG214 IHAMBURG233 IHAMBURG113 IHAMBURG46 IHAMBURG1930 IHAMBURG1379 IHAMBURG131 IHAMBURG1326 IHAMBURG1212 IHAMBURG1052 IHAMBURG1950 IHAMBURG487 IHAMBURG84 IHAMBURG935 IHAMBURG338 IHHEIDEL5 IHAMBURG626 IHAMBURG2006 IHAMBURG2026 IHAMBURG1332 IHAMBURG215 IHAMBURG1789 IHAMBURG1773 IHHBERGS2 IHAMBURG499 IHAMBURG1252 IHAMBURG1961 INORDERS5 IHAMBURG1679 IHAMBURG164 IHAMBURG1815 IHHWINTE4 IHAMBURG218 IHHMEIEN2 IHAMBURG2005 IHAMBURG404 IHAMBURG1372 IHAMBURG460 IHAMBURG751 IHAMBURG423 IHAMBURG417 IHAMBURG162 IHAMBURG1918 IHAMBURG1540 IHAMBURG1421 IHAMBURG1088 ISEEVETA49 IHHEIDEL4 IHAMBURG1076 IHAMBURG1150 IHAMBURG289 IHAMBURG772 IHAMBURG1176 IHAMBURG2041 IHAMBURG1114 IHAMBURG471 ISCHENEF11 IHAMBURG924 IHAMBURG237 IHAMBURG1144 IHAMBURG1188 IHAMBURG2069
2017-09-24 02:32:16,907 DEBUG done: 0.000 percent
2017-09-24 02:44:55,694 DEBUG done: 13.661 percent
2017-09-24 02:57:25,096 DEBUG done: 27.322 percent
2017-09-24 03:10:23,068 DEBUG done: 40.984 percent
2017-09-24 03:23:15,945 DEBUG done: 54.645 percent
2017-09-24 03:36:44,406 DEBUG done: 68.306 percent
2017-09-24 03:50:43,560 DEBUG done: 81.967 percent
2017-09-24 04:04:51,196 DEBUG done: 95.628 percent
2017-09-24 04:09:40,258 INFO min_all     1.542 n=1463
2017-09-24 04:09:40,259 INFO max_cn5     2.814 n=1463
2017-09-24 04:09:40,259 INFO min_cn3     1.190 n=1463
2017-09-24 04:09:40,259 INFO median_all  0.894 n=1463
2017-09-24 04:09:40,260 INFO idw_p4_cn3  2.621 n=1463
2017-09-24 04:09:40,260 INFO idw_p2_all  0.900 n=1463
2017-09-24 04:09:40,260 INFO median_cn3  2.571 n=1463
2017-09-24 04:09:40,260 INFO idw_p2_cn3  2.624 n=1463
2017-09-24 04:09:40,260 INFO idw_p3_all  0.938 n=1463
2017-09-24 04:09:40,260 INFO min_cn5     0.999 n=1463
2017-09-24 04:09:40,260 INFO max_cn3     2.729 n=1463
2017-09-24 04:09:40,260 INFO mean_cn3    2.091 n=1463
2017-09-24 04:09:40,260 INFO idw_p1_all  0.935 n=1463
2017-09-24 04:09:40,261 INFO mean_all    0.929 n=1463
2017-09-24 04:09:40,261 INFO mean_cn5    1.646 n=1463
2017-09-24 04:09:40,261 INFO median_cn5  1.331 n=1463
2017-09-24 04:09:40,261 INFO idw_p1_cn3  2.626 n=1463
2017-09-24 04:09:40,261 INFO idw_p3_cn5  1.462 n=1463
2017-09-24 04:09:40,261 INFO idw_p1_cn5  1.692 n=1463
2017-09-24 04:09:40,261 INFO idw_p4_all  1.002 n=1463
2017-09-24 04:09:40,261 INFO idw_p4_cn5  1.374 n=1463
2017-09-24 04:09:40,261 INFO idw_p2_cn5  1.572 n=1463
2017-09-24 04:09:40,262 INFO max_all     3.571 n=1463
2017-09-24 04:09:40,262 INFO idw_p3_cn3  2.623 n=1463
2017-09-24 04:09:40,262 INFO end method list
2017-09-24 04:09:40,337 INFO min_all     1.39118 n=14572
2017-09-24 04:09:40,337 INFO min_cn3     1.08845 n=14572
2017-09-24 04:09:40,337 INFO median_all  1.33205 n=14572
2017-09-24 04:09:40,338 INFO idw_p2_all  1.32386 n=14572
2017-09-24 04:09:40,338 INFO idw_p4_all  1.38067 n=14572
2017-09-24 04:09:40,338 INFO median_cn3  1.45394 n=14572
2017-09-24 04:09:40,339 INFO idw_p3_all  1.35587 n=14572
2017-09-24 04:09:40,339 INFO min_cn5     1.00455 n=14572
2017-09-24 04:09:40,339 INFO max_cn3     1.73659 n=14572
2017-09-24 04:09:40,340 INFO mean_cn3    1.36607 n=14572
2017-09-24 04:09:40,340 INFO mean_all    1.36601 n=14572
2017-09-24 04:09:40,340 INFO idw_p4_cn3  1.47196 n=14572
2017-09-24 04:09:40,341 INFO idw_p3_cn5  1.31029 n=14572
2017-09-24 04:09:40,341 INFO idw_p1_cn5  1.31879 n=14572
2017-09-24 04:09:40,341 INFO idw_p4_cn5  1.30387 n=14572
2017-09-24 04:09:40,342 INFO idw_p2_cn5  1.31574 n=14572
2017-09-24 04:09:40,342 INFO max_all     3.95808 n=14572
2017-09-24 04:09:40,342 INFO idw_p3_cn3  1.46780 n=14572
2017-09-24 04:09:40,342 INFO max_cn5     2.03237 n=14572
2017-09-24 04:09:40,343 INFO idw_p1_all  1.35013 n=14572
2017-09-24 04:09:40,343 INFO idw_p2_cn3  1.46169 n=14572
2017-09-24 04:09:40,343 INFO mean_cn5    1.33271 n=14572
2017-09-24 04:09:40,344 INFO idw_p1_cn3  1.45500 n=14572
2017-09-24 04:09:40,344 INFO median_cn5  1.25753 n=14572
