2017-09-22 18:47:16,195 INFO ### Start new logging
2017-09-22 18:47:16,196 INFO General Overview
2017-09-22 18:47:16,196 INFO targets: HCM IHM LGM LWM RIM SGM SWM WGM WWM ZOM
2017-09-22 18:47:16,197 INFO neighbours: IHAMBURG2045 IHAMBURG1916 IHAMBURG1628 IHAMBURG1128 IHAMBURG1108 IHAMBURG1988 IHAMBURG1631 IHAMBURG1102 IHAMBURG338 IHAMBURG92 IHHSCHNE2 IHAMBURG308 IHAMBURG537 IHHHAMBU4 IHAMBURG1661 IHAMBURG515 IHAMBURG1092 IHAMBURG1308 IHAMBURG927 IHAMBURG1174 IHAMBURG1614 IHAMBURG109 IHAMBURG1789 IHHEISSE2 IHAMBURG963 IHHWILHE2 IHAMBURG465 IHAMBURG1639 IHAMBURG863 IHAMBURG1809 IHAMBURG1176 IHAMBURG1142 IHAMBURG654 IHAMBURG1586 IHAMBURG404 IHAMBURG610 IHAMBURG450 IHAMBURG1683 IHAMBURG1182 IHAMBURG34 IHAMBURG715 IHAMBURG1428 ISEEVETA49 IHAMBURG2005 IHAMBURG1516 IHAMBURG969 IHAMBURG1427 IHAMBURG172 IHAMBURG402 IHAMBURG1940 IHAMBURG376 IHAMBURG2073 IHAMBURG1220 IHAMBURG632 IHAMBURG163 IHAMBURG1379 IHAMBURG737 IHAMBURG1950 IHAMBURG887 IHAMBURG1841 IHAMBURG412 IHHLURUP2 IHAMBURG1594 IHAMBURG2088 IHAMBURG292 IHAMBURG723 IHAMBURG1326 IHAMBURG199 IHAMBURG215 IHHHAMBU2 IHAMBURG81 IHAMBURG1779 IHAMBURG1933 IWINSENL6 IHAMBURG1932 IHAMBURG2024 IHAMBURG190 IHAMBURG514 IHAMBURG1372 IHAMBURG380 IHHWINTE4 IHAMBURG531 IHAMBURG198 IHAMBURG118 IHAMBURG778 IHAMBURG272 IHAMBURG2072 IHHWINTE2 IHAMBURG1270 IHAMBURG1500 IHAMBURG175 IHAMBURG1336 IHAMBURG1462 IHAMBURG805 IHAMBURG206 IHAMBURG914 IHHNEUGR2 IHAMBURG660 IHAMBURG405 IHAMBURG261 IHAMBURG138 IHAMBURG1184 IHAMBURG664 IHAMBURG1771 IHAMBURG938 IHAMBURG2010 IHAMBURG171 IHAMBURG924 IHAMBURG213 IHAMBURG1264 IHAMBURG192 IHAMBURG1616 IOSTSTEI3 IHAMBURG1843 IHAMBURG410 IHAMBURG2085 IBORNSEN2 IHHKLEIN2 IHAMBURG353 IHAMBURG656 IHHROTHE2 IHAMBURG230 IHAMBURG1036 IHAMBURG277 IHAMBURG1058 IHHHARBU2 IHAMBURG224 IHAMBURG797 IHAMBURG341 IHHGRUEN2 IHAMBURG1753 IHAMBURG209 IHAMBURG2039 IHAMBURG1124 IHAMBURG2029 IHAMBURG1056 IHAMBURG1635 IHAMBURG1076 IHAMBURG84 IHAMBURG113 IHAMBURG2017 IHAMBURG2062 IHAMBURG1234 IHAMBURG1314 IHAMBURG270 IHHSINST2 IHAMBURG290 IHAMBURG592 IHAMBURG276 IHAMBURG22 IBNNINGS3 IHAMBURG1068 IHAMBURG711 IHAMBURG1346 IHAMBURG60 IHAMBURG1508 IHHRISSE2 IHAMBURG195 IHAMBURG2018 IHAMBURG550 IHAMBURG375 IHHSASEL2 IHAMBURG1618 IHAMBURG152 IHAMBURG2069 IHAMBURG1952 IHAMBURG957 IHAMBURG260 IHAMBURG180 IHAMBURG1711 IHAMBURG142 IHAMBURG1054 IHAMBURG1494 IHHMARIE3 IHAMBURG1785 IHAMBURG166 IHAMBURG1504 IHAMBURG1152 IHAMBURG955 IHAMBURG1923 IHAMBURG1502 IHAMBURG933 IHAMBURG340 IHHBARMB5 IHAMBURG132 IHAMBURG1086 IHAMBURG1377 IHAMBURG44 IHAMBURG441 IHAMBURG662 IHHHOHEN2 IHAMBURG316 IHAMBURG1805 IHAMBURG158 IHAMBURG1296 IHAMBURG1870 IHAMBURG990 IHAMBURG2011 IHAMBURG1156 IHAMBURG1915 IHAMBURG1052 IHAMBURG367 IHAMBURG604 IHAMBURG638 IHHHINSC3 IHAMBURG398 IHAMBURG719 IHAMBURG373 INORDERS16 IHAMBURG2031 IHAMBURG335 IHAMBURG1110 IHAMBURG57 IHAMBURG427 IHAMBURG1699 IHAMBURG1374 IHAMBURG1391 IHAMBURG1671 IHAMBURG150 IHAMBURG417 IHAMBURG1476 IHAMBURG1512 IHAMBURG1917 IHAMBURG1015 IHAMBURG1282 IHAMBURG1268 IHAMBURG342 IHAMBURG184 IHAMBURG329 IHAMBURG707 IHHHOHEN3 IHAMBURG1180 IHAMBURG471 IHHWANDS2 IHAMBURG2016 IHAMBURG1164 IHAMBURG751 IHAMBURG1044 IHAMBURG50 IHAMBURG360 IHAMBURG1830 IHAMBURG229 IHAMBURG251 IHAMBURG1918 IHAMBURG168 IHAMBURG1478 IHAMBURG1144 IHAMBURG487 IHAMBURG106 IHHEINLA2 IHHBARMB6 IHAMBURG1735 IHAMBURG1791 IHHALSTE2 IHAMBURG46 IHAMBURG1998 IHAMBURG1383 IHHMARIE5 IHAMBURG1389 IHAMBURG1920 IHHEIDEL5 IHAMBURG2034 IHAMBURG497 IHAMBURG279 IHAMBURG1198 IHAMBURG164 IHAMBURG1787 IHAMBURG1602 IHAMBURG935 IHAMBURG222 IHAMBURG1629 ISEEVETA78 IHAMBURG1350 IHHOTTEN2 IHAMBURG527 IHAMBURG1300 IHAMBURG1136 IHAMBURG1582 IHAMBURG252 IHAMBURG1254 IHAMBURG1106 IHAMBURG1799 IHAMBURG1332 IHAMBURG1795 IHAMBURG256 IHAMBURG565 IHAMBURG53 IHAMBURG456 IHAMBURG1484 IHAMBURG875 IHAMBURG824 IHHFARMS2 IHHMARIE2 IHAMBURG1082 IHAMBURG1880 IHAMBURG1252 IHAMBURG1945 IHHOHMOO2 IHHNIEND2 IHAMBURG280 IHAMBURG2066 IHAMBURG469 IHAMBURG1929 IHHSTEIN2 IHAMBURG1002 IHAMBURG851 IHAMBURG1064 IHAMBURG1540 IHAMBURG594 IHAMBURG355 IHAMBURG162 IHAMBURG1284 IHAMBURG1172 IHAMBURG406 IHORN16 IHHFUHLS3 IHHLANGE3 IHAMBURG32 IHAMBURG1942 IHAMBURG1370 IHAMBURG762 IHHSTEIL2 IHAMBURG1697 IHHEIDEL3 IHAMBURG128 IHHLOHBR3 IHAMBURG110 IHAMBURG1600 IHAMBURG47 IHAMBURG978 IHAMBURG254 IBARSBTT19 IHAMBURG98 IHAMBURG119 IHAMBURG219 IHAMBURG286 IHAMBURG1134 IHAMBURG64 IHAMBURG169 IHAMBURG880 IHAMBURG250 IHAMBURG867 IHAMBURG1192 IHAMBURG460 IHAMBURG508 IHAMBURG108 IHAMBURG1166 IHAMBURG1470 IHAMBURG136 IHAMBURG988 IHAMBURG274 IHAMBURG2081 IHAMBURG789 IHAMBURG1342 IHAMBURG1464 IHAMBURG1360 IHAMBURG1548 IHAMBURG269 IHAMBURG2079 IHAMBURG646 IHAMBURG20 IHAMBURG262 IHHHAMBU3 IHHHAMBU5 IWENTORF21 IHHEIDEL2 IHAMBURG242 IHAMBURG1212 IAHRENSB13 IHAMBURG243 IHAMBURG628 IHAMBURG1026 IHAMBURG900 IHAMBURG352 IHAMBURG1755 IHAMBURG971 IHHGROSS2 IHAMBURG2030 IHAMBURG170 IHAMBURG684 IHAMBURG1298 IHAMBURG1526 IHAMBURG1819 IHAMBURG1194 IHAMBURG1941 IHAMBURG1498 IHHNEUBO3 IHAMBURG123 IHHFARMS3 IHAMBURG598 IHAMBURG1845 IHAMBURG489 IHAMBURG1200 IHAMBURG2076 IHAMBURG1679 IHAMBURG1074 IHAMBURG731 IHAMBURG333 IHAMBURG1114 IHAMBURG1622 INORDERS5 IHAMBURG812 IHAMBURG52 IHAMBURG2042 IHAMBURG2075 IHHBERGS2 IHAMBURG56 IHHEIDEL4 IHAMBURG475 IHAMBURG2070 IHAMBURG1411 IHAMBURG2065 IHAMBURG431 IHAMBURG436 IHAMBURG1118 IHAMBURG772 IHAMBURG2013 IHAMBURG1890 IHHHINSC4 IHAMBURG1008 IHAMBURG233 IHAMBURG1967 IHAMBURG205 IHAMBURG847 ILBALVES2 IHAMBURG1953 IHAMBURG361 INORDERS21 IHHOSDOR2 IHAMBURG1990 ISANKTUR5 IHAMBURG1208 IHAMBURG41 IHAMBURG976 IHAMBURG237 IHAMBURG1864 IHAMBURG183 IHAMBURG1436 IHAMBURG69 IHAMBURG1236 IHAMBURG1306 IHAMBURG140 IHAMBURG153
2017-09-22 18:47:16,197 INFO End overview
2017-09-22 18:47:16,197 INFO Several Runs
2017-09-22 18:47:16,197 INFO end targets
2017-09-22 18:47:16,197 INFO overall results
2017-09-22 18:47:16,197 INFO interpolate for HCM
2017-09-22 18:47:16,197 INFO currently at 1 out of 10
2017-09-22 18:47:16,197 INFO use IHAMBURG2045 IHAMBURG1916 IHAMBURG1628 IHAMBURG1128 IHAMBURG1108 IHAMBURG1988 IHAMBURG1631 IHAMBURG1102 IHAMBURG338 IHAMBURG92 IHHSCHNE2 IHAMBURG308 IHAMBURG537 IHHHAMBU4 IHAMBURG1661 IHAMBURG515 IHAMBURG1092 IHAMBURG1308 IHAMBURG927 IHAMBURG1174 IHAMBURG1614 IHAMBURG109 IHAMBURG1789 IHHEISSE2 IHAMBURG963 IHHWILHE2 IHAMBURG465 IHAMBURG1639 IHAMBURG863 IHAMBURG1809 IHAMBURG1176 IHAMBURG1142 IHAMBURG654 IHAMBURG1586 IHAMBURG404 IHAMBURG610 IHAMBURG450 IHAMBURG1683 IHAMBURG1182 IHAMBURG34 IHAMBURG715 IHAMBURG1428 ISEEVETA49 IHAMBURG2005 IHAMBURG1516 IHAMBURG969 IHAMBURG1427 IHAMBURG172 IHAMBURG402 IHAMBURG1940 IHAMBURG376 IHAMBURG2073 IHAMBURG1220 IHAMBURG632 IHAMBURG163 IHAMBURG1379 IHAMBURG737 IHAMBURG1950 IHAMBURG887 IHAMBURG1841 IHAMBURG412 IHHLURUP2 IHAMBURG1594 IHAMBURG2088 IHAMBURG292 IHAMBURG723 IHAMBURG1326 IHAMBURG199 IHAMBURG215 IHHHAMBU2 IHAMBURG81 IHAMBURG1779 IHAMBURG1933 IWINSENL6 IHAMBURG1932 IHAMBURG2024 IHAMBURG190 IHAMBURG514 IHAMBURG1372 IHAMBURG380 IHHWINTE4 IHAMBURG531 IHAMBURG198 IHAMBURG118 IHAMBURG778 IHAMBURG272 IHAMBURG2072 IHHWINTE2 IHAMBURG1270 IHAMBURG1500 IHAMBURG175 IHAMBURG1336 IHAMBURG1462 IHAMBURG805 IHAMBURG206 IHAMBURG914 IHHNEUGR2 IHAMBURG660 IHAMBURG405 IHAMBURG261 IHAMBURG138 IHAMBURG1184 IHAMBURG664 IHAMBURG1771 IHAMBURG938 IHAMBURG2010 IHAMBURG171 IHAMBURG924 IHAMBURG213 IHAMBURG1264 IHAMBURG192 IHAMBURG1616 IOSTSTEI3 IHAMBURG1843 IHAMBURG410 IHAMBURG2085 IBORNSEN2 IHHKLEIN2 IHAMBURG353 IHAMBURG656 IHHROTHE2 IHAMBURG230 IHAMBURG1036 IHAMBURG277 IHAMBURG1058 IHHHARBU2 IHAMBURG224 IHAMBURG797 IHAMBURG341 IHHGRUEN2 IHAMBURG1753 IHAMBURG209 IHAMBURG2039 IHAMBURG1124 IHAMBURG2029 IHAMBURG1056 IHAMBURG1635 IHAMBURG1076 IHAMBURG84 IHAMBURG113 IHAMBURG2017 IHAMBURG2062 IHAMBURG1234 IHAMBURG1314 IHAMBURG270 IHHSINST2 IHAMBURG290 IHAMBURG592 IHAMBURG276 IHAMBURG22 IBNNINGS3 IHAMBURG1068 IHAMBURG711 IHAMBURG1346 IHAMBURG60 IHAMBURG1508 IHHRISSE2 IHAMBURG195 IHAMBURG2018 IHAMBURG550 IHAMBURG375 IHHSASEL2 IHAMBURG1618 IHAMBURG152 IHAMBURG2069 IHAMBURG1952 IHAMBURG957 IHAMBURG260 IHAMBURG180 IHAMBURG1711 IHAMBURG142 IHAMBURG1054 IHAMBURG1494 IHHMARIE3 IHAMBURG1785 IHAMBURG166 IHAMBURG1504 IHAMBURG1152 IHAMBURG955 IHAMBURG1923 IHAMBURG1502 IHAMBURG933 IHAMBURG340 IHHBARMB5 IHAMBURG132 IHAMBURG1086 IHAMBURG1377 IHAMBURG44 IHAMBURG441 IHAMBURG662 IHHHOHEN2 IHAMBURG316 IHAMBURG1805 IHAMBURG158 IHAMBURG1296 IHAMBURG1870 IHAMBURG990 IHAMBURG2011 IHAMBURG1156 IHAMBURG1915 IHAMBURG1052 IHAMBURG367 IHAMBURG604 IHAMBURG638 IHHHINSC3 IHAMBURG398 IHAMBURG719 IHAMBURG373 INORDERS16 IHAMBURG2031 IHAMBURG335 IHAMBURG1110 IHAMBURG57 IHAMBURG427 IHAMBURG1699 IHAMBURG1374 IHAMBURG1391 IHAMBURG1671 IHAMBURG150 IHAMBURG417 IHAMBURG1476 IHAMBURG1512 IHAMBURG1917 IHAMBURG1015 IHAMBURG1282 IHAMBURG1268 IHAMBURG342 IHAMBURG184 IHAMBURG329 IHAMBURG707 IHHHOHEN3 IHAMBURG1180 IHAMBURG471 IHHWANDS2 IHAMBURG2016 IHAMBURG1164 IHAMBURG751 IHAMBURG1044 IHAMBURG50 IHAMBURG360 IHAMBURG1830 IHAMBURG229 IHAMBURG251 IHAMBURG1918 IHAMBURG168 IHAMBURG1478 IHAMBURG1144 IHAMBURG487 IHAMBURG106 IHHEINLA2 IHHBARMB6 IHAMBURG1735 IHAMBURG1791 IHHALSTE2 IHAMBURG46 IHAMBURG1998 IHAMBURG1383 IHHMARIE5 IHAMBURG1389 IHAMBURG1920 IHHEIDEL5 IHAMBURG2034 IHAMBURG497 IHAMBURG279 IHAMBURG1198 IHAMBURG164 IHAMBURG1787 IHAMBURG1602 IHAMBURG935 IHAMBURG222 IHAMBURG1629 ISEEVETA78 IHAMBURG1350 IHHOTTEN2 IHAMBURG527 IHAMBURG1300 IHAMBURG1136 IHAMBURG1582 IHAMBURG252 IHAMBURG1254 IHAMBURG1106 IHAMBURG1799 IHAMBURG1332 IHAMBURG1795 IHAMBURG256 IHAMBURG565 IHAMBURG53 IHAMBURG456 IHAMBURG1484 IHAMBURG875 IHAMBURG824 IHHFARMS2 IHHMARIE2 IHAMBURG1082 IHAMBURG1880 IHAMBURG1252 IHAMBURG1945 IHHOHMOO2 IHHNIEND2 IHAMBURG280 IHAMBURG2066 IHAMBURG469 IHAMBURG1929 IHHSTEIN2 IHAMBURG1002 IHAMBURG851 IHAMBURG1064 IHAMBURG1540 IHAMBURG594 IHAMBURG355 IHAMBURG162 IHAMBURG1284 IHAMBURG1172 IHAMBURG406 IHORN16 IHHFUHLS3 IHHLANGE3 IHAMBURG32 IHAMBURG1942 IHAMBURG1370 IHAMBURG762 IHHSTEIL2 IHAMBURG1697 IHHEIDEL3 IHAMBURG128 IHHLOHBR3 IHAMBURG110 IHAMBURG1600 IHAMBURG47 IHAMBURG978 IHAMBURG254 IBARSBTT19 IHAMBURG98 IHAMBURG119 IHAMBURG219 IHAMBURG286 IHAMBURG1134 IHAMBURG64 IHAMBURG169 IHAMBURG880 IHAMBURG250 IHAMBURG867 IHAMBURG1192 IHAMBURG460 IHAMBURG508 IHAMBURG108 IHAMBURG1166 IHAMBURG1470 IHAMBURG136 IHAMBURG988 IHAMBURG274 IHAMBURG2081 IHAMBURG789 IHAMBURG1342 IHAMBURG1464 IHAMBURG1360 IHAMBURG1548 IHAMBURG269 IHAMBURG2079 IHAMBURG646 IHAMBURG20 IHAMBURG262 IHHHAMBU3 IHHHAMBU5 IWENTORF21 IHHEIDEL2 IHAMBURG242 IHAMBURG1212 IAHRENSB13 IHAMBURG243 IHAMBURG628 IHAMBURG1026 IHAMBURG900 IHAMBURG352 IHAMBURG1755 IHAMBURG971 IHHGROSS2 IHAMBURG2030 IHAMBURG170 IHAMBURG684 IHAMBURG1298 IHAMBURG1526 IHAMBURG1819 IHAMBURG1194 IHAMBURG1941 IHAMBURG1498 IHHNEUBO3 IHAMBURG123 IHHFARMS3 IHAMBURG598 IHAMBURG1845 IHAMBURG489 IHAMBURG1200 IHAMBURG2076 IHAMBURG1679 IHAMBURG1074 IHAMBURG731 IHAMBURG333 IHAMBURG1114 IHAMBURG1622 INORDERS5 IHAMBURG812 IHAMBURG52 IHAMBURG2042 IHAMBURG2075 IHHBERGS2 IHAMBURG56 IHHEIDEL4 IHAMBURG475 IHAMBURG2070 IHAMBURG1411 IHAMBURG2065 IHAMBURG431 IHAMBURG436 IHAMBURG1118 IHAMBURG772 IHAMBURG2013 IHAMBURG1890 IHHHINSC4 IHAMBURG1008 IHAMBURG233 IHAMBURG1967 IHAMBURG205 IHAMBURG847 ILBALVES2 IHAMBURG1953 IHAMBURG361 INORDERS21 IHHOSDOR2 IHAMBURG1990 ISANKTUR5 IHAMBURG1208 IHAMBURG41 IHAMBURG976 IHAMBURG237 IHAMBURG1864 IHAMBURG183 IHAMBURG1436 IHAMBURG69 IHAMBURG1236 IHAMBURG1306 IHAMBURG140 IHAMBURG153
2017-09-22 18:47:48,889 DEBUG done: 0.000 percent
2017-09-22 19:00:42,413 DEBUG done: 13.661 percent
2017-09-22 19:13:22,917 DEBUG done: 27.322 percent
2017-09-22 19:26:32,783 DEBUG done: 40.984 percent
2017-09-22 19:39:58,244 DEBUG done: 54.645 percent
2017-09-22 19:54:18,635 DEBUG done: 68.306 percent
2017-09-22 20:09:15,795 DEBUG done: 81.967 percent
2017-09-22 20:24:24,933 DEBUG done: 95.628 percent
2017-09-22 20:29:29,877 INFO idw_p4_all  1.009 n=1464
2017-09-22 20:29:29,877 INFO max_all     3.145 n=1464
2017-09-22 20:29:29,877 INFO idw_p1_all  0.802 n=1464
2017-09-22 20:29:29,878 INFO idw_p3_all  0.943 n=1464
2017-09-22 20:29:29,878 INFO min_all     1.794 n=1464
2017-09-22 20:29:29,878 INFO min_cn5     0.751 n=1464
2017-09-22 20:29:29,878 INFO idw_p1_cn3  1.068 n=1464
2017-09-22 20:29:29,878 INFO max_cn3     1.318 n=1464
2017-09-22 20:29:29,878 INFO mean_cn5    0.932 n=1464
2017-09-22 20:29:29,878 INFO mean_all    0.779 n=1464
2017-09-22 20:29:29,878 INFO median_cn3  1.006 n=1464
2017-09-22 20:29:29,878 INFO idw_p4_cn5  0.902 n=1464
2017-09-22 20:29:29,878 INFO idw_p3_cn3  1.046 n=1464
2017-09-22 20:29:29,878 INFO idw_p3_cn5  0.900 n=1464
2017-09-22 20:29:29,878 INFO idw_p2_all  0.858 n=1464
2017-09-22 20:29:29,878 INFO idw_p2_cn3  1.056 n=1464
2017-09-22 20:29:29,878 INFO max_cn5     1.407 n=1464
2017-09-22 20:29:29,878 INFO mean_cn3    0.992 n=1464
2017-09-22 20:29:29,879 INFO median_cn5  0.909 n=1464
2017-09-22 20:29:29,879 INFO median_all  0.743 n=1464
2017-09-22 20:29:29,879 INFO min_cn3     0.815 n=1464
2017-09-22 20:29:29,879 INFO idw_p1_cn5  0.909 n=1464
2017-09-22 20:29:29,879 INFO idw_p2_cn5  0.899 n=1464
2017-09-22 20:29:29,879 INFO idw_p4_cn3  1.039 n=1464
2017-09-22 20:29:29,879 INFO end method list
2017-09-22 20:29:29,885 INFO interpolate for IHM
2017-09-22 20:29:29,885 INFO currently at 2 out of 10
2017-09-22 20:29:29,885 INFO use IHAMBURG2045 IHAMBURG1916 IHAMBURG1628 IHAMBURG1128 IHAMBURG1108 IHAMBURG1988 IHAMBURG1631 IHAMBURG1102 IHAMBURG338 IHAMBURG92 IHHSCHNE2 IHAMBURG308 IHAMBURG537 IHHHAMBU4 IHAMBURG1661 IHAMBURG515 IHAMBURG1092 IHAMBURG1308 IHAMBURG927 IHAMBURG1174 IHAMBURG1614 IHAMBURG109 IHAMBURG1789 IHHEISSE2 IHAMBURG963 IHHWILHE2 IHAMBURG465 IHAMBURG1639 IHAMBURG863 IHAMBURG1809 IHAMBURG1176 IHAMBURG1142 IHAMBURG654 IHAMBURG1586 IHAMBURG404 IHAMBURG610 IHAMBURG450 IHAMBURG1683 IHAMBURG1182 IHAMBURG34 IHAMBURG715 IHAMBURG1428 ISEEVETA49 IHAMBURG2005 IHAMBURG1516 IHAMBURG969 IHAMBURG1427 IHAMBURG172 IHAMBURG402 IHAMBURG1940 IHAMBURG376 IHAMBURG2073 IHAMBURG1220 IHAMBURG632 IHAMBURG163 IHAMBURG1379 IHAMBURG737 IHAMBURG1950 IHAMBURG887 IHAMBURG1841 IHAMBURG412 IHHLURUP2 IHAMBURG1594 IHAMBURG2088 IHAMBURG292 IHAMBURG723 IHAMBURG1326 IHAMBURG199 IHAMBURG215 IHHHAMBU2 IHAMBURG81 IHAMBURG1779 IHAMBURG1933 IWINSENL6 IHAMBURG1932 IHAMBURG2024 IHAMBURG190 IHAMBURG514 IHAMBURG1372 IHAMBURG380 IHHWINTE4 IHAMBURG531 IHAMBURG198 IHAMBURG118 IHAMBURG778 IHAMBURG272 IHAMBURG2072 IHHWINTE2 IHAMBURG1270 IHAMBURG1500 IHAMBURG175 IHAMBURG1336 IHAMBURG1462 IHAMBURG805 IHAMBURG206 IHAMBURG914 IHHNEUGR2 IHAMBURG660 IHAMBURG405 IHAMBURG261 IHAMBURG138 IHAMBURG1184 IHAMBURG664 IHAMBURG1771 IHAMBURG938 IHAMBURG2010 IHAMBURG171 IHAMBURG924 IHAMBURG213 IHAMBURG1264 IHAMBURG192 IHAMBURG1616 IOSTSTEI3 IHAMBURG1843 IHAMBURG410 IHAMBURG2085 IBORNSEN2 IHHKLEIN2 IHAMBURG353 IHAMBURG656 IHHROTHE2 IHAMBURG230 IHAMBURG1036 IHAMBURG277 IHAMBURG1058 IHHHARBU2 IHAMBURG224 IHAMBURG797 IHAMBURG341 IHHGRUEN2 IHAMBURG1753 IHAMBURG209 IHAMBURG2039 IHAMBURG1124 IHAMBURG2029 IHAMBURG1056 IHAMBURG1635 IHAMBURG1076 IHAMBURG84 IHAMBURG113 IHAMBURG2017 IHAMBURG2062 IHAMBURG1234 IHAMBURG1314 IHAMBURG270 IHHSINST2 IHAMBURG290 IHAMBURG592 IHAMBURG276 IHAMBURG22 IBNNINGS3 IHAMBURG1068 IHAMBURG711 IHAMBURG1346 IHAMBURG60 IHAMBURG1508 IHHRISSE2 IHAMBURG195 IHAMBURG2018 IHAMBURG550 IHAMBURG375 IHHSASEL2 IHAMBURG1618 IHAMBURG152 IHAMBURG2069 IHAMBURG1952 IHAMBURG957 IHAMBURG260 IHAMBURG180 IHAMBURG1711 IHAMBURG142 IHAMBURG1054 IHAMBURG1494 IHHMARIE3 IHAMBURG1785 IHAMBURG166 IHAMBURG1504 IHAMBURG1152 IHAMBURG955 IHAMBURG1923 IHAMBURG1502 IHAMBURG933 IHAMBURG340 IHHBARMB5 IHAMBURG132 IHAMBURG1086 IHAMBURG1377 IHAMBURG44 IHAMBURG441 IHAMBURG662 IHHHOHEN2 IHAMBURG316 IHAMBURG1805 IHAMBURG158 IHAMBURG1296 IHAMBURG1870 IHAMBURG990 IHAMBURG2011 IHAMBURG1156 IHAMBURG1915 IHAMBURG1052 IHAMBURG367 IHAMBURG604 IHAMBURG638 IHHHINSC3 IHAMBURG398 IHAMBURG719 IHAMBURG373 INORDERS16 IHAMBURG2031 IHAMBURG335 IHAMBURG1110 IHAMBURG57 IHAMBURG427 IHAMBURG1699 IHAMBURG1374 IHAMBURG1391 IHAMBURG1671 IHAMBURG150 IHAMBURG417 IHAMBURG1476 IHAMBURG1512 IHAMBURG1917 IHAMBURG1015 IHAMBURG1282 IHAMBURG1268 IHAMBURG342 IHAMBURG184 IHAMBURG329 IHAMBURG707 IHHHOHEN3 IHAMBURG1180 IHAMBURG471 IHHWANDS2 IHAMBURG2016 IHAMBURG1164 IHAMBURG751 IHAMBURG1044 IHAMBURG50 IHAMBURG360 IHAMBURG1830 IHAMBURG229 IHAMBURG251 IHAMBURG1918 IHAMBURG168 IHAMBURG1478 IHAMBURG1144 IHAMBURG487 IHAMBURG106 IHHEINLA2 IHHBARMB6 IHAMBURG1735 IHAMBURG1791 IHHALSTE2 IHAMBURG46 IHAMBURG1998 IHAMBURG1383 IHHMARIE5 IHAMBURG1389 IHAMBURG1920 IHHEIDEL5 IHAMBURG2034 IHAMBURG497 IHAMBURG279 IHAMBURG1198 IHAMBURG164 IHAMBURG1787 IHAMBURG1602 IHAMBURG935 IHAMBURG222 IHAMBURG1629 ISEEVETA78 IHAMBURG1350 IHHOTTEN2 IHAMBURG527 IHAMBURG1300 IHAMBURG1136 IHAMBURG1582 IHAMBURG252 IHAMBURG1254 IHAMBURG1106 IHAMBURG1799 IHAMBURG1332 IHAMBURG1795 IHAMBURG256 IHAMBURG565 IHAMBURG53 IHAMBURG456 IHAMBURG1484 IHAMBURG875 IHAMBURG824 IHHFARMS2 IHHMARIE2 IHAMBURG1082 IHAMBURG1880 IHAMBURG1252 IHAMBURG1945 IHHOHMOO2 IHHNIEND2 IHAMBURG280 IHAMBURG2066 IHAMBURG469 IHAMBURG1929 IHHSTEIN2 IHAMBURG1002 IHAMBURG851 IHAMBURG1064 IHAMBURG1540 IHAMBURG594 IHAMBURG355 IHAMBURG162 IHAMBURG1284 IHAMBURG1172 IHAMBURG406 IHORN16 IHHFUHLS3 IHHLANGE3 IHAMBURG32 IHAMBURG1942 IHAMBURG1370 IHAMBURG762 IHHSTEIL2 IHAMBURG1697 IHHEIDEL3 IHAMBURG128 IHHLOHBR3 IHAMBURG110 IHAMBURG1600 IHAMBURG47 IHAMBURG978 IHAMBURG254 IBARSBTT19 IHAMBURG98 IHAMBURG119 IHAMBURG219 IHAMBURG286 IHAMBURG1134 IHAMBURG64 IHAMBURG169 IHAMBURG880 IHAMBURG250 IHAMBURG867 IHAMBURG1192 IHAMBURG460 IHAMBURG508 IHAMBURG108 IHAMBURG1166 IHAMBURG1470 IHAMBURG136 IHAMBURG988 IHAMBURG274 IHAMBURG2081 IHAMBURG789 IHAMBURG1342 IHAMBURG1464 IHAMBURG1360 IHAMBURG1548 IHAMBURG269 IHAMBURG2079 IHAMBURG646 IHAMBURG20 IHAMBURG262 IHHHAMBU3 IHHHAMBU5 IWENTORF21 IHHEIDEL2 IHAMBURG242 IHAMBURG1212 IAHRENSB13 IHAMBURG243 IHAMBURG628 IHAMBURG1026 IHAMBURG900 IHAMBURG352 IHAMBURG1755 IHAMBURG971 IHHGROSS2 IHAMBURG2030 IHAMBURG170 IHAMBURG684 IHAMBURG1298 IHAMBURG1526 IHAMBURG1819 IHAMBURG1194 IHAMBURG1941 IHAMBURG1498 IHHNEUBO3 IHAMBURG123 IHHFARMS3 IHAMBURG598 IHAMBURG1845 IHAMBURG489 IHAMBURG1200 IHAMBURG2076 IHAMBURG1679 IHAMBURG1074 IHAMBURG731 IHAMBURG333 IHAMBURG1114 IHAMBURG1622 INORDERS5 IHAMBURG812 IHAMBURG52 IHAMBURG2042 IHAMBURG2075 IHHBERGS2 IHAMBURG56 IHHEIDEL4 IHAMBURG475 IHAMBURG2070 IHAMBURG1411 IHAMBURG2065 IHAMBURG431 IHAMBURG436 IHAMBURG1118 IHAMBURG772 IHAMBURG2013 IHAMBURG1890 IHHHINSC4 IHAMBURG1008 IHAMBURG233 IHAMBURG1967 IHAMBURG205 IHAMBURG847 ILBALVES2 IHAMBURG1953 IHAMBURG361 INORDERS21 IHHOSDOR2 IHAMBURG1990 ISANKTUR5 IHAMBURG1208 IHAMBURG41 IHAMBURG976 IHAMBURG237 IHAMBURG1864 IHAMBURG183 IHAMBURG1436 IHAMBURG69 IHAMBURG1236 IHAMBURG1306 IHAMBURG140 IHAMBURG153
2017-09-22 20:29:33,814 DEBUG done: 0.000 percent
2017-09-22 20:43:23,365 DEBUG done: 13.661 percent
2017-09-22 20:56:44,652 DEBUG done: 27.322 percent
2017-09-22 21:10:23,833 DEBUG done: 40.984 percent
2017-09-22 21:23:52,674 DEBUG done: 54.645 percent
2017-09-22 21:38:26,798 DEBUG done: 68.306 percent
2017-09-22 22:03:09,703 DEBUG done: 81.967 percent
2017-09-22 22:26:36,204 DEBUG done: 95.628 percent
2017-09-22 22:41:35,630 INFO idw_p4_all  1.142 n=1464
2017-09-22 22:26:36,204 DEBUG done: 95.628 percent
2017-09-22 22:41:35,630 INFO idw_p4_all  1.142 n=1464
2017-09-22 22:41:51,009 INFO max_all     3.058 n=1464
2017-09-22 22:41:51,009 INFO idw_p1_all  0.857 n=1464
2017-09-22 22:41:51,009 INFO idw_p3_all  1.058 n=1464
2017-09-22 22:41:51,009 INFO min_all     1.959 n=1464
2017-09-22 22:41:51,010 INFO min_cn5     0.694 n=1464
2017-09-22 22:41:51,010 INFO idw_p1_cn3  0.940 n=1464
2017-09-22 22:41:51,010 INFO max_cn3     1.354 n=1464
2017-09-22 22:41:51,010 INFO mean_cn5    0.822 n=1464
2017-09-22 22:41:51,010 INFO mean_all    0.824 n=1464
2017-09-22 22:41:51,010 INFO median_cn3  0.894 n=1464
2017-09-22 22:41:51,010 INFO idw_p4_cn5  0.899 n=1464
2017-09-22 22:41:51,010 INFO idw_p3_cn3  0.950 n=1464
2017-09-22 22:41:51,010 INFO idw_p3_cn5  0.893 n=1464
2017-09-22 22:41:51,011 INFO idw_p2_all  0.943 n=1464
2017-09-22 22:41:51,011 INFO idw_p2_cn3  0.945 n=1464
2017-09-22 22:41:51,011 INFO max_cn5     1.377 n=1464
2017-09-22 22:41:51,011 INFO mean_cn3    0.900 n=1464
2017-09-22 22:41:51,011 INFO median_cn5  0.830 n=1464
2017-09-22 22:41:51,011 INFO median_all  0.789 n=1464
2017-09-22 22:41:51,011 INFO min_cn3     0.682 n=1464
2017-09-22 22:41:51,011 INFO idw_p1_cn5  0.857 n=1464
2017-09-22 22:41:51,011 INFO idw_p2_cn5  0.881 n=1464
2017-09-22 22:41:51,012 INFO idw_p4_cn3  0.955 n=1464
2017-09-22 22:41:51,012 INFO end method list
2017-09-22 22:41:51,020 INFO interpolate for LGM
2017-09-22 22:41:51,020 INFO currently at 3 out of 10
2017-09-22 22:41:51,020 INFO use IHAMBURG2045 IHAMBURG1916 IHAMBURG1628 IHAMBURG1128 IHAMBURG1108 IHAMBURG1988 IHAMBURG1631 IHAMBURG1102 IHAMBURG338 IHAMBURG92 IHHSCHNE2 IHAMBURG308 IHAMBURG537 IHHHAMBU4 IHAMBURG1661 IHAMBURG515 IHAMBURG1092 IHAMBURG1308 IHAMBURG927 IHAMBURG1174 IHAMBURG1614 IHAMBURG109 IHAMBURG1789 IHHEISSE2 IHAMBURG963 IHHWILHE2 IHAMBURG465 IHAMBURG1639 IHAMBURG863 IHAMBURG1809 IHAMBURG1176 IHAMBURG1142 IHAMBURG654 IHAMBURG1586 IHAMBURG404 IHAMBURG610 IHAMBURG450 IHAMBURG1683 IHAMBURG1182 IHAMBURG34 IHAMBURG715 IHAMBURG1428 ISEEVETA49 IHAMBURG2005 IHAMBURG1516 IHAMBURG969 IHAMBURG1427 IHAMBURG172 IHAMBURG402 IHAMBURG1940 IHAMBURG376 IHAMBURG2073 IHAMBURG1220 IHAMBURG632 IHAMBURG163 IHAMBURG1379 IHAMBURG737 IHAMBURG1950 IHAMBURG887 IHAMBURG1841 IHAMBURG412 IHHLURUP2 IHAMBURG1594 IHAMBURG2088 IHAMBURG292 IHAMBURG723 IHAMBURG1326 IHAMBURG199 IHAMBURG215 IHHHAMBU2 IHAMBURG81 IHAMBURG1779 IHAMBURG1933 IWINSENL6 IHAMBURG1932 IHAMBURG2024 IHAMBURG190 IHAMBURG514 IHAMBURG1372 IHAMBURG380 IHHWINTE4 IHAMBURG531 IHAMBURG198 IHAMBURG118 IHAMBURG778 IHAMBURG272 IHAMBURG2072 IHHWINTE2 IHAMBURG1270 IHAMBURG1500 IHAMBURG175 IHAMBURG1336 IHAMBURG1462 IHAMBURG805 IHAMBURG206 IHAMBURG914 IHHNEUGR2 IHAMBURG660 IHAMBURG405 IHAMBURG261 IHAMBURG138 IHAMBURG1184 IHAMBURG664 IHAMBURG1771 IHAMBURG938 IHAMBURG2010 IHAMBURG171 IHAMBURG924 IHAMBURG213 IHAMBURG1264 IHAMBURG192 IHAMBURG1616 IOSTSTEI3 IHAMBURG1843 IHAMBURG410 IHAMBURG2085 IBORNSEN2 IHHKLEIN2 IHAMBURG353 IHAMBURG656 IHHROTHE2 IHAMBURG230 IHAMBURG1036 IHAMBURG277 IHAMBURG1058 IHHHARBU2 IHAMBURG224 IHAMBURG797 IHAMBURG341 IHHGRUEN2 IHAMBURG1753 IHAMBURG209 IHAMBURG2039 IHAMBURG1124 IHAMBURG2029 IHAMBURG1056 IHAMBURG1635 IHAMBURG1076 IHAMBURG84 IHAMBURG113 IHAMBURG2017 IHAMBURG2062 IHAMBURG1234 IHAMBURG1314 IHAMBURG270 IHHSINST2 IHAMBURG290 IHAMBURG592 IHAMBURG276 IHAMBURG22 IBNNINGS3 IHAMBURG1068 IHAMBURG711 IHAMBURG1346 IHAMBURG60 IHAMBURG1508 IHHRISSE2 IHAMBURG195 IHAMBURG2018 IHAMBURG550 IHAMBURG375 IHHSASEL2 IHAMBURG1618 IHAMBURG152 IHAMBURG2069 IHAMBURG1952 IHAMBURG957 IHAMBURG260 IHAMBURG180 IHAMBURG1711 IHAMBURG142 IHAMBURG1054 IHAMBURG1494 IHHMARIE3 IHAMBURG1785 IHAMBURG166 IHAMBURG1504 IHAMBURG1152 IHAMBURG955 IHAMBURG1923 IHAMBURG1502 IHAMBURG933 IHAMBURG340 IHHBARMB5 IHAMBURG132 IHAMBURG1086 IHAMBURG1377 IHAMBURG44 IHAMBURG441 IHAMBURG662 IHHHOHEN2 IHAMBURG316 IHAMBURG1805 IHAMBURG158 IHAMBURG1296 IHAMBURG1870 IHAMBURG990 IHAMBURG2011 IHAMBURG1156 IHAMBURG1915 IHAMBURG1052 IHAMBURG367 IHAMBURG604 IHAMBURG638 IHHHINSC3 IHAMBURG398 IHAMBURG719 IHAMBURG373 INORDERS16 IHAMBURG2031 IHAMBURG335 IHAMBURG1110 IHAMBURG57 IHAMBURG427 IHAMBURG1699 IHAMBURG1374 IHAMBURG1391 IHAMBURG1671 IHAMBURG150 IHAMBURG417 IHAMBURG1476 IHAMBURG1512 IHAMBURG1917 IHAMBURG1015 IHAMBURG1282 IHAMBURG1268 IHAMBURG342 IHAMBURG184 IHAMBURG329 IHAMBURG707 IHHHOHEN3 IHAMBURG1180 IHAMBURG471 IHHWANDS2 IHAMBURG2016 IHAMBURG1164 IHAMBURG751 IHAMBURG1044 IHAMBURG50 IHAMBURG360 IHAMBURG1830 IHAMBURG229 IHAMBURG251 IHAMBURG1918 IHAMBURG168 IHAMBURG1478 IHAMBURG1144 IHAMBURG487 IHAMBURG106 IHHEINLA2 IHHBARMB6 IHAMBURG1735 IHAMBURG1791 IHHALSTE2 IHAMBURG46 IHAMBURG1998 IHAMBURG1383 IHHMARIE5 IHAMBURG1389 IHAMBURG1920 IHHEIDEL5 IHAMBURG2034 IHAMBURG497 IHAMBURG279 IHAMBURG1198 IHAMBURG164 IHAMBURG1787 IHAMBURG1602 IHAMBURG935 IHAMBURG222 IHAMBURG1629 ISEEVETA78 IHAMBURG1350 IHHOTTEN2 IHAMBURG527 IHAMBURG1300 IHAMBURG1136 IHAMBURG1582 IHAMBURG252 IHAMBURG1254 IHAMBURG1106 IHAMBURG1799 IHAMBURG1332 IHAMBURG1795 IHAMBURG256 IHAMBURG565 IHAMBURG53 IHAMBURG456 IHAMBURG1484 IHAMBURG875 IHAMBURG824 IHHFARMS2 IHHMARIE2 IHAMBURG1082 IHAMBURG1880 IHAMBURG1252 IHAMBURG1945 IHHOHMOO2 IHHNIEND2 IHAMBURG280 IHAMBURG2066 IHAMBURG469 IHAMBURG1929 IHHSTEIN2 IHAMBURG1002 IHAMBURG851 IHAMBURG1064 IHAMBURG1540 IHAMBURG594 IHAMBURG355 IHAMBURG162 IHAMBURG1284 IHAMBURG1172 IHAMBURG406 IHORN16 IHHFUHLS3 IHHLANGE3 IHAMBURG32 IHAMBURG1942 IHAMBURG1370 IHAMBURG762 IHHSTEIL2 IHAMBURG1697 IHHEIDEL3 IHAMBURG128 IHHLOHBR3 IHAMBURG110 IHAMBURG1600 IHAMBURG47 IHAMBURG978 IHAMBURG254 IBARSBTT19 IHAMBURG98 IHAMBURG119 IHAMBURG219 IHAMBURG286 IHAMBURG1134 IHAMBURG64 IHAMBURG169 IHAMBURG880 IHAMBURG250 IHAMBURG867 IHAMBURG1192 IHAMBURG460 IHAMBURG508 IHAMBURG108 IHAMBURG1166 IHAMBURG1470 IHAMBURG136 IHAMBURG988 IHAMBURG274 IHAMBURG2081 IHAMBURG789 IHAMBURG1342 IHAMBURG1464 IHAMBURG1360 IHAMBURG1548 IHAMBURG269 IHAMBURG2079 IHAMBURG646 IHAMBURG20 IHAMBURG262 IHHHAMBU3 IHHHAMBU5 IWENTORF21 IHHEIDEL2 IHAMBURG242 IHAMBURG1212 IAHRENSB13 IHAMBURG243 IHAMBURG628 IHAMBURG1026 IHAMBURG900 IHAMBURG352 IHAMBURG1755 IHAMBURG971 IHHGROSS2 IHAMBURG2030 IHAMBURG170 IHAMBURG684 IHAMBURG1298 IHAMBURG1526 IHAMBURG1819 IHAMBURG1194 IHAMBURG1941 IHAMBURG1498 IHHNEUBO3 IHAMBURG123 IHHFARMS3 IHAMBURG598 IHAMBURG1845 IHAMBURG489 IHAMBURG1200 IHAMBURG2076 IHAMBURG1679 IHAMBURG1074 IHAMBURG731 IHAMBURG333 IHAMBURG1114 IHAMBURG1622 INORDERS5 IHAMBURG812 IHAMBURG52 IHAMBURG2042 IHAMBURG2075 IHHBERGS2 IHAMBURG56 IHHEIDEL4 IHAMBURG475 IHAMBURG2070 IHAMBURG1411 IHAMBURG2065 IHAMBURG431 IHAMBURG436 IHAMBURG1118 IHAMBURG772 IHAMBURG2013 IHAMBURG1890 IHHHINSC4 IHAMBURG1008 IHAMBURG233 IHAMBURG1967 IHAMBURG205 IHAMBURG847 ILBALVES2 IHAMBURG1953 IHAMBURG361 INORDERS21 IHHOSDOR2 IHAMBURG1990 ISANKTUR5 IHAMBURG1208 IHAMBURG41 IHAMBURG976 IHAMBURG237 IHAMBURG1864 IHAMBURG183 IHAMBURG1436 IHAMBURG69 IHAMBURG1236 IHAMBURG1306 IHAMBURG140 IHAMBURG153
2017-09-22 22:41:55,933 DEBUG done: 0.000 percent
2017-09-22 22:54:38,990 DEBUG done: 13.661 percent
2017-09-22 22:41:55,933 DEBUG done: 0.000 percent
2017-09-22 22:54:38,990 DEBUG done: 13.661 percent
2017-09-22 23:07:14,917 DEBUG done: 27.322 percent
2017-09-22 23:19:48,508 DEBUG done: 40.984 percent
2017-09-22 23:32:18,154 DEBUG done: 54.645 percent
2017-09-22 23:45:24,219 DEBUG done: 68.306 percent
2017-09-22 23:58:45,092 DEBUG done: 81.967 percent
2017-09-23 00:12:10,825 DEBUG done: 95.628 percent
2017-09-23 00:16:38,821 INFO idw_p4_all  1.672 n=1461
2017-09-23 00:16:38,843 INFO max_all     4.153 n=1461
2017-09-23 00:16:38,843 INFO idw_p1_all  1.745 n=1461
2017-09-23 00:16:38,843 INFO idw_p3_all  1.672 n=1461
2017-09-23 00:16:38,844 INFO min_all     1.018 n=1461
2017-09-23 00:16:38,844 INFO min_cn5     1.156 n=1461
2017-09-23 00:16:38,844 INFO idw_p1_cn3  1.267 n=1461
2017-09-23 00:16:38,844 INFO max_cn3     1.275 n=1461
2017-09-23 00:16:38,844 INFO mean_cn5    1.303 n=1461
2017-09-23 00:16:38,844 INFO mean_all    1.759 n=1461
2017-09-23 00:16:38,844 INFO median_cn3  1.261 n=1461
2017-09-23 00:16:38,844 INFO idw_p4_cn5  1.279 n=1461
2017-09-23 00:16:38,844 INFO idw_p3_cn3  1.267 n=1461
2017-09-23 00:16:38,844 INFO idw_p3_cn5  1.277 n=1461
2017-09-23 00:16:38,844 INFO idw_p2_all  1.673 n=1461
2017-09-23 00:16:38,844 INFO idw_p2_cn3  1.267 n=1461
2017-09-23 00:16:38,844 INFO max_cn5     1.674 n=1461
2017-09-23 00:16:38,844 INFO mean_cn3    1.263 n=1461
2017-09-23 00:16:38,845 INFO median_cn5  1.268 n=1461
2017-09-23 00:16:38,845 INFO median_all  1.755 n=1461
2017-09-23 00:16:38,845 INFO min_cn3     1.256 n=1461
2017-09-23 00:16:38,845 INFO idw_p1_cn5  1.273 n=1461
2017-09-23 00:16:38,845 INFO idw_p2_cn5  1.275 n=1461
2017-09-23 00:16:38,845 INFO idw_p4_cn3  1.267 n=1461
2017-09-23 00:16:38,845 INFO end method list
2017-09-23 00:16:38,851 INFO interpolate for LWM
2017-09-23 00:16:38,851 INFO currently at 4 out of 10
2017-09-23 00:16:38,851 INFO use IHAMBURG2045 IHAMBURG1916 IHAMBURG1628 IHAMBURG1128 IHAMBURG1108 IHAMBURG1988 IHAMBURG1631 IHAMBURG1102 IHAMBURG338 IHAMBURG92 IHHSCHNE2 IHAMBURG308 IHAMBURG537 IHHHAMBU4 IHAMBURG1661 IHAMBURG515 IHAMBURG1092 IHAMBURG1308 IHAMBURG927 IHAMBURG1174 IHAMBURG1614 IHAMBURG109 IHAMBURG1789 IHHEISSE2 IHAMBURG963 IHHWILHE2 IHAMBURG465 IHAMBURG1639 IHAMBURG863 IHAMBURG1809 IHAMBURG1176 IHAMBURG1142 IHAMBURG654 IHAMBURG1586 IHAMBURG404 IHAMBURG610 IHAMBURG450 IHAMBURG1683 IHAMBURG1182 IHAMBURG34 IHAMBURG715 IHAMBURG1428 ISEEVETA49 IHAMBURG2005 IHAMBURG1516 IHAMBURG969 IHAMBURG1427 IHAMBURG172 IHAMBURG402 IHAMBURG1940 IHAMBURG376 IHAMBURG2073 IHAMBURG1220 IHAMBURG632 IHAMBURG163 IHAMBURG1379 IHAMBURG737 IHAMBURG1950 IHAMBURG887 IHAMBURG1841 IHAMBURG412 IHHLURUP2 IHAMBURG1594 IHAMBURG2088 IHAMBURG292 IHAMBURG723 IHAMBURG1326 IHAMBURG199 IHAMBURG215 IHHHAMBU2 IHAMBURG81 IHAMBURG1779 IHAMBURG1933 IWINSENL6 IHAMBURG1932 IHAMBURG2024 IHAMBURG190 IHAMBURG514 IHAMBURG1372 IHAMBURG380 IHHWINTE4 IHAMBURG531 IHAMBURG198 IHAMBURG118 IHAMBURG778 IHAMBURG272 IHAMBURG2072 IHHWINTE2 IHAMBURG1270 IHAMBURG1500 IHAMBURG175 IHAMBURG1336 IHAMBURG1462 IHAMBURG805 IHAMBURG206 IHAMBURG914 IHHNEUGR2 IHAMBURG660 IHAMBURG405 IHAMBURG261 IHAMBURG138 IHAMBURG1184 IHAMBURG664 IHAMBURG1771 IHAMBURG938 IHAMBURG2010 IHAMBURG171 IHAMBURG924 IHAMBURG213 IHAMBURG1264 IHAMBURG192 IHAMBURG1616 IOSTSTEI3 IHAMBURG1843 IHAMBURG410 IHAMBURG2085 IBORNSEN2 IHHKLEIN2 IHAMBURG353 IHAMBURG656 IHHROTHE2 IHAMBURG230 IHAMBURG1036 IHAMBURG277 IHAMBURG1058 IHHHARBU2 IHAMBURG224 IHAMBURG797 IHAMBURG341 IHHGRUEN2 IHAMBURG1753 IHAMBURG209 IHAMBURG2039 IHAMBURG1124 IHAMBURG2029 IHAMBURG1056 IHAMBURG1635 IHAMBURG1076 IHAMBURG84 IHAMBURG113 IHAMBURG2017 IHAMBURG2062 IHAMBURG1234 IHAMBURG1314 IHAMBURG270 IHHSINST2 IHAMBURG290 IHAMBURG592 IHAMBURG276 IHAMBURG22 IBNNINGS3 IHAMBURG1068 IHAMBURG711 IHAMBURG1346 IHAMBURG60 IHAMBURG1508 IHHRISSE2 IHAMBURG195 IHAMBURG2018 IHAMBURG550 IHAMBURG375 IHHSASEL2 IHAMBURG1618 IHAMBURG152 IHAMBURG2069 IHAMBURG1952 IHAMBURG957 IHAMBURG260 IHAMBURG180 IHAMBURG1711 IHAMBURG142 IHAMBURG1054 IHAMBURG1494 IHHMARIE3 IHAMBURG1785 IHAMBURG166 IHAMBURG1504 IHAMBURG1152 IHAMBURG955 IHAMBURG1923 IHAMBURG1502 IHAMBURG933 IHAMBURG340 IHHBARMB5 IHAMBURG132 IHAMBURG1086 IHAMBURG1377 IHAMBURG44 IHAMBURG441 IHAMBURG662 IHHHOHEN2 IHAMBURG316 IHAMBURG1805 IHAMBURG158 IHAMBURG1296 IHAMBURG1870 IHAMBURG990 IHAMBURG2011 IHAMBURG1156 IHAMBURG1915 IHAMBURG1052 IHAMBURG367 IHAMBURG604 IHAMBURG638 IHHHINSC3 IHAMBURG398 IHAMBURG719 IHAMBURG373 INORDERS16 IHAMBURG2031 IHAMBURG335 IHAMBURG1110 IHAMBURG57 IHAMBURG427 IHAMBURG1699 IHAMBURG1374 IHAMBURG1391 IHAMBURG1671 IHAMBURG150 IHAMBURG417 IHAMBURG1476 IHAMBURG1512 IHAMBURG1917 IHAMBURG1015 IHAMBURG1282 IHAMBURG1268 IHAMBURG342 IHAMBURG184 IHAMBURG329 IHAMBURG707 IHHHOHEN3 IHAMBURG1180 IHAMBURG471 IHHWANDS2 IHAMBURG2016 IHAMBURG1164 IHAMBURG751 IHAMBURG1044 IHAMBURG50 IHAMBURG360 IHAMBURG1830 IHAMBURG229 IHAMBURG251 IHAMBURG1918 IHAMBURG168 IHAMBURG1478 IHAMBURG1144 IHAMBURG487 IHAMBURG106 IHHEINLA2 IHHBARMB6 IHAMBURG1735 IHAMBURG1791 IHHALSTE2 IHAMBURG46 IHAMBURG1998 IHAMBURG1383 IHHMARIE5 IHAMBURG1389 IHAMBURG1920 IHHEIDEL5 IHAMBURG2034 IHAMBURG497 IHAMBURG279 IHAMBURG1198 IHAMBURG164 IHAMBURG1787 IHAMBURG1602 IHAMBURG935 IHAMBURG222 IHAMBURG1629 ISEEVETA78 IHAMBURG1350 IHHOTTEN2 IHAMBURG527 IHAMBURG1300 IHAMBURG1136 IHAMBURG1582 IHAMBURG252 IHAMBURG1254 IHAMBURG1106 IHAMBURG1799 IHAMBURG1332 IHAMBURG1795 IHAMBURG256 IHAMBURG565 IHAMBURG53 IHAMBURG456 IHAMBURG1484 IHAMBURG875 IHAMBURG824 IHHFARMS2 IHHMARIE2 IHAMBURG1082 IHAMBURG1880 IHAMBURG1252 IHAMBURG1945 IHHOHMOO2 IHHNIEND2 IHAMBURG280 IHAMBURG2066 IHAMBURG469 IHAMBURG1929 IHHSTEIN2 IHAMBURG1002 IHAMBURG851 IHAMBURG1064 IHAMBURG1540 IHAMBURG594 IHAMBURG355 IHAMBURG162 IHAMBURG1284 IHAMBURG1172 IHAMBURG406 IHORN16 IHHFUHLS3 IHHLANGE3 IHAMBURG32 IHAMBURG1942 IHAMBURG1370 IHAMBURG762 IHHSTEIL2 IHAMBURG1697 IHHEIDEL3 IHAMBURG128 IHHLOHBR3 IHAMBURG110 IHAMBURG1600 IHAMBURG47 IHAMBURG978 IHAMBURG254 IBARSBTT19 IHAMBURG98 IHAMBURG119 IHAMBURG219 IHAMBURG286 IHAMBURG1134 IHAMBURG64 IHAMBURG169 IHAMBURG880 IHAMBURG250 IHAMBURG867 IHAMBURG1192 IHAMBURG460 IHAMBURG508 IHAMBURG108 IHAMBURG1166 IHAMBURG1470 IHAMBURG136 IHAMBURG988 IHAMBURG274 IHAMBURG2081 IHAMBURG789 IHAMBURG1342 IHAMBURG1464 IHAMBURG1360 IHAMBURG1548 IHAMBURG269 IHAMBURG2079 IHAMBURG646 IHAMBURG20 IHAMBURG262 IHHHAMBU3 IHHHAMBU5 IWENTORF21 IHHEIDEL2 IHAMBURG242 IHAMBURG1212 IAHRENSB13 IHAMBURG243 IHAMBURG628 IHAMBURG1026 IHAMBURG900 IHAMBURG352 IHAMBURG1755 IHAMBURG971 IHHGROSS2 IHAMBURG2030 IHAMBURG170 IHAMBURG684 IHAMBURG1298 IHAMBURG1526 IHAMBURG1819 IHAMBURG1194 IHAMBURG1941 IHAMBURG1498 IHHNEUBO3 IHAMBURG123 IHHFARMS3 IHAMBURG598 IHAMBURG1845 IHAMBURG489 IHAMBURG1200 IHAMBURG2076 IHAMBURG1679 IHAMBURG1074 IHAMBURG731 IHAMBURG333 IHAMBURG1114 IHAMBURG1622 INORDERS5 IHAMBURG812 IHAMBURG52 IHAMBURG2042 IHAMBURG2075 IHHBERGS2 IHAMBURG56 IHHEIDEL4 IHAMBURG475 IHAMBURG2070 IHAMBURG1411 IHAMBURG2065 IHAMBURG431 IHAMBURG436 IHAMBURG1118 IHAMBURG772 IHAMBURG2013 IHAMBURG1890 IHHHINSC4 IHAMBURG1008 IHAMBURG233 IHAMBURG1967 IHAMBURG205 IHAMBURG847 ILBALVES2 IHAMBURG1953 IHAMBURG361 INORDERS21 IHHOSDOR2 IHAMBURG1990 ISANKTUR5 IHAMBURG1208 IHAMBURG41 IHAMBURG976 IHAMBURG237 IHAMBURG1864 IHAMBURG183 IHAMBURG1436 IHAMBURG69 IHAMBURG1236 IHAMBURG1306 IHAMBURG140 IHAMBURG153
2017-09-23 00:16:42,440 DEBUG done: 0.000 percent
2017-09-23 00:28:55,555 DEBUG done: 13.661 percent
2017-09-23 00:41:10,489 DEBUG done: 27.322 percent
2017-09-23 00:53:51,997 DEBUG done: 40.984 percent
2017-09-23 01:06:27,526 DEBUG done: 54.645 percent
2017-09-23 01:19:23,479 DEBUG done: 68.306 percent
2017-09-23 01:32:34,823 DEBUG done: 81.967 percent
2017-09-23 01:46:12,623 DEBUG done: 95.628 percent
2017-09-23 01:50:44,521 INFO idw_p4_all  1.791 n=1420
2017-09-23 01:50:44,521 INFO max_all     4.366 n=1420
2017-09-23 01:50:44,522 INFO idw_p1_all  1.901 n=1420
2017-09-23 01:50:44,522 INFO idw_p3_all  1.792 n=1420
2017-09-23 01:50:44,522 INFO min_all     0.995 n=1420
2017-09-23 01:50:44,522 INFO min_cn5     1.204 n=1420
2017-09-23 01:50:44,522 INFO idw_p1_cn3  1.298 n=1420
2017-09-23 01:50:44,522 INFO max_cn3     1.336 n=1420
2017-09-23 01:50:44,522 INFO mean_cn5    1.444 n=1420
2017-09-23 01:50:44,522 INFO mean_all    1.923 n=1420
2017-09-23 01:50:44,522 INFO median_cn3  1.304 n=1420
2017-09-23 01:50:44,522 INFO idw_p4_cn5  1.336 n=1420
2017-09-23 01:50:44,522 INFO idw_p3_cn3  1.297 n=1420
2017-09-23 01:50:44,522 INFO idw_p3_cn5  1.338 n=1420
2017-09-23 01:50:44,522 INFO idw_p2_all  1.799 n=1420
2017-09-23 01:50:44,522 INFO idw_p2_cn3  1.297 n=1420
2017-09-23 01:50:44,522 INFO max_cn5     2.307 n=1420
2017-09-23 01:50:44,522 INFO mean_cn3    1.303 n=1420
2017-09-23 01:50:44,522 INFO median_cn5  1.300 n=1420
2017-09-23 01:50:44,522 INFO median_all  1.924 n=1420
2017-09-23 01:50:44,523 INFO min_cn3     1.282 n=1420
2017-09-23 01:50:44,523 INFO idw_p1_cn5  1.333 n=1420
2017-09-23 01:50:44,523 INFO idw_p2_cn5  1.337 n=1420
2017-09-23 01:50:44,523 INFO idw_p4_cn3  1.297 n=1420
2017-09-23 01:50:44,523 INFO end method list
2017-09-23 01:50:44,527 INFO interpolate for RIM
2017-09-23 01:50:44,527 INFO currently at 5 out of 10
2017-09-23 01:50:44,527 INFO use IHAMBURG2045 IHAMBURG1916 IHAMBURG1628 IHAMBURG1128 IHAMBURG1108 IHAMBURG1988 IHAMBURG1631 IHAMBURG1102 IHAMBURG338 IHAMBURG92 IHHSCHNE2 IHAMBURG308 IHAMBURG537 IHHHAMBU4 IHAMBURG1661 IHAMBURG515 IHAMBURG1092 IHAMBURG1308 IHAMBURG927 IHAMBURG1174 IHAMBURG1614 IHAMBURG109 IHAMBURG1789 IHHEISSE2 IHAMBURG963 IHHWILHE2 IHAMBURG465 IHAMBURG1639 IHAMBURG863 IHAMBURG1809 IHAMBURG1176 IHAMBURG1142 IHAMBURG654 IHAMBURG1586 IHAMBURG404 IHAMBURG610 IHAMBURG450 IHAMBURG1683 IHAMBURG1182 IHAMBURG34 IHAMBURG715 IHAMBURG1428 ISEEVETA49 IHAMBURG2005 IHAMBURG1516 IHAMBURG969 IHAMBURG1427 IHAMBURG172 IHAMBURG402 IHAMBURG1940 IHAMBURG376 IHAMBURG2073 IHAMBURG1220 IHAMBURG632 IHAMBURG163 IHAMBURG1379 IHAMBURG737 IHAMBURG1950 IHAMBURG887 IHAMBURG1841 IHAMBURG412 IHHLURUP2 IHAMBURG1594 IHAMBURG2088 IHAMBURG292 IHAMBURG723 IHAMBURG1326 IHAMBURG199 IHAMBURG215 IHHHAMBU2 IHAMBURG81 IHAMBURG1779 IHAMBURG1933 IWINSENL6 IHAMBURG1932 IHAMBURG2024 IHAMBURG190 IHAMBURG514 IHAMBURG1372 IHAMBURG380 IHHWINTE4 IHAMBURG531 IHAMBURG198 IHAMBURG118 IHAMBURG778 IHAMBURG272 IHAMBURG2072 IHHWINTE2 IHAMBURG1270 IHAMBURG1500 IHAMBURG175 IHAMBURG1336 IHAMBURG1462 IHAMBURG805 IHAMBURG206 IHAMBURG914 IHHNEUGR2 IHAMBURG660 IHAMBURG405 IHAMBURG261 IHAMBURG138 IHAMBURG1184 IHAMBURG664 IHAMBURG1771 IHAMBURG938 IHAMBURG2010 IHAMBURG171 IHAMBURG924 IHAMBURG213 IHAMBURG1264 IHAMBURG192 IHAMBURG1616 IOSTSTEI3 IHAMBURG1843 IHAMBURG410 IHAMBURG2085 IBORNSEN2 IHHKLEIN2 IHAMBURG353 IHAMBURG656 IHHROTHE2 IHAMBURG230 IHAMBURG1036 IHAMBURG277 IHAMBURG1058 IHHHARBU2 IHAMBURG224 IHAMBURG797 IHAMBURG341 IHHGRUEN2 IHAMBURG1753 IHAMBURG209 IHAMBURG2039 IHAMBURG1124 IHAMBURG2029 IHAMBURG1056 IHAMBURG1635 IHAMBURG1076 IHAMBURG84 IHAMBURG113 IHAMBURG2017 IHAMBURG2062 IHAMBURG1234 IHAMBURG1314 IHAMBURG270 IHHSINST2 IHAMBURG290 IHAMBURG592 IHAMBURG276 IHAMBURG22 IBNNINGS3 IHAMBURG1068 IHAMBURG711 IHAMBURG1346 IHAMBURG60 IHAMBURG1508 IHHRISSE2 IHAMBURG195 IHAMBURG2018 IHAMBURG550 IHAMBURG375 IHHSASEL2 IHAMBURG1618 IHAMBURG152 IHAMBURG2069 IHAMBURG1952 IHAMBURG957 IHAMBURG260 IHAMBURG180 IHAMBURG1711 IHAMBURG142 IHAMBURG1054 IHAMBURG1494 IHHMARIE3 IHAMBURG1785 IHAMBURG166 IHAMBURG1504 IHAMBURG1152 IHAMBURG955 IHAMBURG1923 IHAMBURG1502 IHAMBURG933 IHAMBURG340 IHHBARMB5 IHAMBURG132 IHAMBURG1086 IHAMBURG1377 IHAMBURG44 IHAMBURG441 IHAMBURG662 IHHHOHEN2 IHAMBURG316 IHAMBURG1805 IHAMBURG158 IHAMBURG1296 IHAMBURG1870 IHAMBURG990 IHAMBURG2011 IHAMBURG1156 IHAMBURG1915 IHAMBURG1052 IHAMBURG367 IHAMBURG604 IHAMBURG638 IHHHINSC3 IHAMBURG398 IHAMBURG719 IHAMBURG373 INORDERS16 IHAMBURG2031 IHAMBURG335 IHAMBURG1110 IHAMBURG57 IHAMBURG427 IHAMBURG1699 IHAMBURG1374 IHAMBURG1391 IHAMBURG1671 IHAMBURG150 IHAMBURG417 IHAMBURG1476 IHAMBURG1512 IHAMBURG1917 IHAMBURG1015 IHAMBURG1282 IHAMBURG1268 IHAMBURG342 IHAMBURG184 IHAMBURG329 IHAMBURG707 IHHHOHEN3 IHAMBURG1180 IHAMBURG471 IHHWANDS2 IHAMBURG2016 IHAMBURG1164 IHAMBURG751 IHAMBURG1044 IHAMBURG50 IHAMBURG360 IHAMBURG1830 IHAMBURG229 IHAMBURG251 IHAMBURG1918 IHAMBURG168 IHAMBURG1478 IHAMBURG1144 IHAMBURG487 IHAMBURG106 IHHEINLA2 IHHBARMB6 IHAMBURG1735 IHAMBURG1791 IHHALSTE2 IHAMBURG46 IHAMBURG1998 IHAMBURG1383 IHHMARIE5 IHAMBURG1389 IHAMBURG1920 IHHEIDEL5 IHAMBURG2034 IHAMBURG497 IHAMBURG279 IHAMBURG1198 IHAMBURG164 IHAMBURG1787 IHAMBURG1602 IHAMBURG935 IHAMBURG222 IHAMBURG1629 ISEEVETA78 IHAMBURG1350 IHHOTTEN2 IHAMBURG527 IHAMBURG1300 IHAMBURG1136 IHAMBURG1582 IHAMBURG252 IHAMBURG1254 IHAMBURG1106 IHAMBURG1799 IHAMBURG1332 IHAMBURG1795 IHAMBURG256 IHAMBURG565 IHAMBURG53 IHAMBURG456 IHAMBURG1484 IHAMBURG875 IHAMBURG824 IHHFARMS2 IHHMARIE2 IHAMBURG1082 IHAMBURG1880 IHAMBURG1252 IHAMBURG1945 IHHOHMOO2 IHHNIEND2 IHAMBURG280 IHAMBURG2066 IHAMBURG469 IHAMBURG1929 IHHSTEIN2 IHAMBURG1002 IHAMBURG851 IHAMBURG1064 IHAMBURG1540 IHAMBURG594 IHAMBURG355 IHAMBURG162 IHAMBURG1284 IHAMBURG1172 IHAMBURG406 IHORN16 IHHFUHLS3 IHHLANGE3 IHAMBURG32 IHAMBURG1942 IHAMBURG1370 IHAMBURG762 IHHSTEIL2 IHAMBURG1697 IHHEIDEL3 IHAMBURG128 IHHLOHBR3 IHAMBURG110 IHAMBURG1600 IHAMBURG47 IHAMBURG978 IHAMBURG254 IBARSBTT19 IHAMBURG98 IHAMBURG119 IHAMBURG219 IHAMBURG286 IHAMBURG1134 IHAMBURG64 IHAMBURG169 IHAMBURG880 IHAMBURG250 IHAMBURG867 IHAMBURG1192 IHAMBURG460 IHAMBURG508 IHAMBURG108 IHAMBURG1166 IHAMBURG1470 IHAMBURG136 IHAMBURG988 IHAMBURG274 IHAMBURG2081 IHAMBURG789 IHAMBURG1342 IHAMBURG1464 IHAMBURG1360 IHAMBURG1548 IHAMBURG269 IHAMBURG2079 IHAMBURG646 IHAMBURG20 IHAMBURG262 IHHHAMBU3 IHHHAMBU5 IWENTORF21 IHHEIDEL2 IHAMBURG242 IHAMBURG1212 IAHRENSB13 IHAMBURG243 IHAMBURG628 IHAMBURG1026 IHAMBURG900 IHAMBURG352 IHAMBURG1755 IHAMBURG971 IHHGROSS2 IHAMBURG2030 IHAMBURG170 IHAMBURG684 IHAMBURG1298 IHAMBURG1526 IHAMBURG1819 IHAMBURG1194 IHAMBURG1941 IHAMBURG1498 IHHNEUBO3 IHAMBURG123 IHHFARMS3 IHAMBURG598 IHAMBURG1845 IHAMBURG489 IHAMBURG1200 IHAMBURG2076 IHAMBURG1679 IHAMBURG1074 IHAMBURG731 IHAMBURG333 IHAMBURG1114 IHAMBURG1622 INORDERS5 IHAMBURG812 IHAMBURG52 IHAMBURG2042 IHAMBURG2075 IHHBERGS2 IHAMBURG56 IHHEIDEL4 IHAMBURG475 IHAMBURG2070 IHAMBURG1411 IHAMBURG2065 IHAMBURG431 IHAMBURG436 IHAMBURG1118 IHAMBURG772 IHAMBURG2013 IHAMBURG1890 IHHHINSC4 IHAMBURG1008 IHAMBURG233 IHAMBURG1967 IHAMBURG205 IHAMBURG847 ILBALVES2 IHAMBURG1953 IHAMBURG361 INORDERS21 IHHOSDOR2 IHAMBURG1990 ISANKTUR5 IHAMBURG1208 IHAMBURG41 IHAMBURG976 IHAMBURG237 IHAMBURG1864 IHAMBURG183 IHAMBURG1436 IHAMBURG69 IHAMBURG1236 IHAMBURG1306 IHAMBURG140 IHAMBURG153
2017-09-23 01:50:48,088 DEBUG done: 0.000 percent
2017-09-23 02:03:13,557 DEBUG done: 13.661 percent
2017-09-23 02:15:27,576 DEBUG done: 27.322 percent
2017-09-23 02:28:00,315 DEBUG done: 40.984 percent
2017-09-23 02:40:32,128 DEBUG done: 54.645 percent
2017-09-23 02:53:42,749 DEBUG done: 68.306 percent
2017-09-23 03:07:05,374 DEBUG done: 81.967 percent
2017-09-23 03:20:34,885 DEBUG done: 95.628 percent
2017-09-23 03:24:56,061 INFO idw_p4_all  1.595 n=1461
2017-09-23 03:24:56,061 INFO max_all     3.998 n=1461
2017-09-23 03:24:56,061 INFO idw_p1_all  1.653 n=1461
2017-09-23 03:24:56,061 INFO idw_p3_all  1.632 n=1461
2017-09-23 03:24:56,061 INFO min_all     1.161 n=1461
2017-09-23 03:24:56,061 INFO min_cn5     1.233 n=1461
2017-09-23 03:24:56,062 INFO idw_p1_cn3  1.274 n=1461
2017-09-23 03:24:56,062 INFO max_cn3     1.406 n=1461
2017-09-23 03:24:56,062 INFO mean_cn5    1.273 n=1461
2017-09-23 03:24:56,062 INFO mean_all    1.625 n=1461
2017-09-23 03:24:56,062 INFO median_cn3  1.246 n=1461
2017-09-23 03:24:56,062 INFO idw_p4_cn5  1.235 n=1461
2017-09-23 03:24:56,062 INFO idw_p3_cn3  1.250 n=1461
2017-09-23 03:24:56,062 INFO idw_p3_cn5  1.235 n=1461
2017-09-23 03:24:56,062 INFO idw_p2_all  1.658 n=1461
2017-09-23 03:24:56,062 INFO idw_p2_cn3  1.256 n=1461
2017-09-23 03:24:56,062 INFO max_cn5     1.497 n=1461
2017-09-23 03:24:56,062 INFO mean_cn3    1.281 n=1461
2017-09-23 03:24:56,062 INFO median_cn5  1.240 n=1461
2017-09-23 03:24:56,062 INFO median_all  1.623 n=1461
2017-09-23 03:24:56,062 INFO min_cn3     1.234 n=1461
2017-09-23 03:24:56,062 INFO idw_p1_cn5  1.245 n=1461
2017-09-23 03:24:56,062 INFO idw_p2_cn5  1.237 n=1461
2017-09-23 03:24:56,062 INFO idw_p4_cn3  1.248 n=1461
2017-09-23 03:24:56,062 INFO end method list
2017-09-23 03:24:56,066 INFO interpolate for SGM
2017-09-23 03:24:56,066 INFO currently at 6 out of 10
2017-09-23 03:24:56,066 INFO use IHAMBURG2045 IHAMBURG1916 IHAMBURG1628 IHAMBURG1128 IHAMBURG1108 IHAMBURG1988 IHAMBURG1631 IHAMBURG1102 IHAMBURG338 IHAMBURG92 IHHSCHNE2 IHAMBURG308 IHAMBURG537 IHHHAMBU4 IHAMBURG1661 IHAMBURG515 IHAMBURG1092 IHAMBURG1308 IHAMBURG927 IHAMBURG1174 IHAMBURG1614 IHAMBURG109 IHAMBURG1789 IHHEISSE2 IHAMBURG963 IHHWILHE2 IHAMBURG465 IHAMBURG1639 IHAMBURG863 IHAMBURG1809 IHAMBURG1176 IHAMBURG1142 IHAMBURG654 IHAMBURG1586 IHAMBURG404 IHAMBURG610 IHAMBURG450 IHAMBURG1683 IHAMBURG1182 IHAMBURG34 IHAMBURG715 IHAMBURG1428 ISEEVETA49 IHAMBURG2005 IHAMBURG1516 IHAMBURG969 IHAMBURG1427 IHAMBURG172 IHAMBURG402 IHAMBURG1940 IHAMBURG376 IHAMBURG2073 IHAMBURG1220 IHAMBURG632 IHAMBURG163 IHAMBURG1379 IHAMBURG737 IHAMBURG1950 IHAMBURG887 IHAMBURG1841 IHAMBURG412 IHHLURUP2 IHAMBURG1594 IHAMBURG2088 IHAMBURG292 IHAMBURG723 IHAMBURG1326 IHAMBURG199 IHAMBURG215 IHHHAMBU2 IHAMBURG81 IHAMBURG1779 IHAMBURG1933 IWINSENL6 IHAMBURG1932 IHAMBURG2024 IHAMBURG190 IHAMBURG514 IHAMBURG1372 IHAMBURG380 IHHWINTE4 IHAMBURG531 IHAMBURG198 IHAMBURG118 IHAMBURG778 IHAMBURG272 IHAMBURG2072 IHHWINTE2 IHAMBURG1270 IHAMBURG1500 IHAMBURG175 IHAMBURG1336 IHAMBURG1462 IHAMBURG805 IHAMBURG206 IHAMBURG914 IHHNEUGR2 IHAMBURG660 IHAMBURG405 IHAMBURG261 IHAMBURG138 IHAMBURG1184 IHAMBURG664 IHAMBURG1771 IHAMBURG938 IHAMBURG2010 IHAMBURG171 IHAMBURG924 IHAMBURG213 IHAMBURG1264 IHAMBURG192 IHAMBURG1616 IOSTSTEI3 IHAMBURG1843 IHAMBURG410 IHAMBURG2085 IBORNSEN2 IHHKLEIN2 IHAMBURG353 IHAMBURG656 IHHROTHE2 IHAMBURG230 IHAMBURG1036 IHAMBURG277 IHAMBURG1058 IHHHARBU2 IHAMBURG224 IHAMBURG797 IHAMBURG341 IHHGRUEN2 IHAMBURG1753 IHAMBURG209 IHAMBURG2039 IHAMBURG1124 IHAMBURG2029 IHAMBURG1056 IHAMBURG1635 IHAMBURG1076 IHAMBURG84 IHAMBURG113 IHAMBURG2017 IHAMBURG2062 IHAMBURG1234 IHAMBURG1314 IHAMBURG270 IHHSINST2 IHAMBURG290 IHAMBURG592 IHAMBURG276 IHAMBURG22 IBNNINGS3 IHAMBURG1068 IHAMBURG711 IHAMBURG1346 IHAMBURG60 IHAMBURG1508 IHHRISSE2 IHAMBURG195 IHAMBURG2018 IHAMBURG550 IHAMBURG375 IHHSASEL2 IHAMBURG1618 IHAMBURG152 IHAMBURG2069 IHAMBURG1952 IHAMBURG957 IHAMBURG260 IHAMBURG180 IHAMBURG1711 IHAMBURG142 IHAMBURG1054 IHAMBURG1494 IHHMARIE3 IHAMBURG1785 IHAMBURG166 IHAMBURG1504 IHAMBURG1152 IHAMBURG955 IHAMBURG1923 IHAMBURG1502 IHAMBURG933 IHAMBURG340 IHHBARMB5 IHAMBURG132 IHAMBURG1086 IHAMBURG1377 IHAMBURG44 IHAMBURG441 IHAMBURG662 IHHHOHEN2 IHAMBURG316 IHAMBURG1805 IHAMBURG158 IHAMBURG1296 IHAMBURG1870 IHAMBURG990 IHAMBURG2011 IHAMBURG1156 IHAMBURG1915 IHAMBURG1052 IHAMBURG367 IHAMBURG604 IHAMBURG638 IHHHINSC3 IHAMBURG398 IHAMBURG719 IHAMBURG373 INORDERS16 IHAMBURG2031 IHAMBURG335 IHAMBURG1110 IHAMBURG57 IHAMBURG427 IHAMBURG1699 IHAMBURG1374 IHAMBURG1391 IHAMBURG1671 IHAMBURG150 IHAMBURG417 IHAMBURG1476 IHAMBURG1512 IHAMBURG1917 IHAMBURG1015 IHAMBURG1282 IHAMBURG1268 IHAMBURG342 IHAMBURG184 IHAMBURG329 IHAMBURG707 IHHHOHEN3 IHAMBURG1180 IHAMBURG471 IHHWANDS2 IHAMBURG2016 IHAMBURG1164 IHAMBURG751 IHAMBURG1044 IHAMBURG50 IHAMBURG360 IHAMBURG1830 IHAMBURG229 IHAMBURG251 IHAMBURG1918 IHAMBURG168 IHAMBURG1478 IHAMBURG1144 IHAMBURG487 IHAMBURG106 IHHEINLA2 IHHBARMB6 IHAMBURG1735 IHAMBURG1791 IHHALSTE2 IHAMBURG46 IHAMBURG1998 IHAMBURG1383 IHHMARIE5 IHAMBURG1389 IHAMBURG1920 IHHEIDEL5 IHAMBURG2034 IHAMBURG497 IHAMBURG279 IHAMBURG1198 IHAMBURG164 IHAMBURG1787 IHAMBURG1602 IHAMBURG935 IHAMBURG222 IHAMBURG1629 ISEEVETA78 IHAMBURG1350 IHHOTTEN2 IHAMBURG527 IHAMBURG1300 IHAMBURG1136 IHAMBURG1582 IHAMBURG252 IHAMBURG1254 IHAMBURG1106 IHAMBURG1799 IHAMBURG1332 IHAMBURG1795 IHAMBURG256 IHAMBURG565 IHAMBURG53 IHAMBURG456 IHAMBURG1484 IHAMBURG875 IHAMBURG824 IHHFARMS2 IHHMARIE2 IHAMBURG1082 IHAMBURG1880 IHAMBURG1252 IHAMBURG1945 IHHOHMOO2 IHHNIEND2 IHAMBURG280 IHAMBURG2066 IHAMBURG469 IHAMBURG1929 IHHSTEIN2 IHAMBURG1002 IHAMBURG851 IHAMBURG1064 IHAMBURG1540 IHAMBURG594 IHAMBURG355 IHAMBURG162 IHAMBURG1284 IHAMBURG1172 IHAMBURG406 IHORN16 IHHFUHLS3 IHHLANGE3 IHAMBURG32 IHAMBURG1942 IHAMBURG1370 IHAMBURG762 IHHSTEIL2 IHAMBURG1697 IHHEIDEL3 IHAMBURG128 IHHLOHBR3 IHAMBURG110 IHAMBURG1600 IHAMBURG47 IHAMBURG978 IHAMBURG254 IBARSBTT19 IHAMBURG98 IHAMBURG119 IHAMBURG219 IHAMBURG286 IHAMBURG1134 IHAMBURG64 IHAMBURG169 IHAMBURG880 IHAMBURG250 IHAMBURG867 IHAMBURG1192 IHAMBURG460 IHAMBURG508 IHAMBURG108 IHAMBURG1166 IHAMBURG1470 IHAMBURG136 IHAMBURG988 IHAMBURG274 IHAMBURG2081 IHAMBURG789 IHAMBURG1342 IHAMBURG1464 IHAMBURG1360 IHAMBURG1548 IHAMBURG269 IHAMBURG2079 IHAMBURG646 IHAMBURG20 IHAMBURG262 IHHHAMBU3 IHHHAMBU5 IWENTORF21 IHHEIDEL2 IHAMBURG242 IHAMBURG1212 IAHRENSB13 IHAMBURG243 IHAMBURG628 IHAMBURG1026 IHAMBURG900 IHAMBURG352 IHAMBURG1755 IHAMBURG971 IHHGROSS2 IHAMBURG2030 IHAMBURG170 IHAMBURG684 IHAMBURG1298 IHAMBURG1526 IHAMBURG1819 IHAMBURG1194 IHAMBURG1941 IHAMBURG1498 IHHNEUBO3 IHAMBURG123 IHHFARMS3 IHAMBURG598 IHAMBURG1845 IHAMBURG489 IHAMBURG1200 IHAMBURG2076 IHAMBURG1679 IHAMBURG1074 IHAMBURG731 IHAMBURG333 IHAMBURG1114 IHAMBURG1622 INORDERS5 IHAMBURG812 IHAMBURG52 IHAMBURG2042 IHAMBURG2075 IHHBERGS2 IHAMBURG56 IHHEIDEL4 IHAMBURG475 IHAMBURG2070 IHAMBURG1411 IHAMBURG2065 IHAMBURG431 IHAMBURG436 IHAMBURG1118 IHAMBURG772 IHAMBURG2013 IHAMBURG1890 IHHHINSC4 IHAMBURG1008 IHAMBURG233 IHAMBURG1967 IHAMBURG205 IHAMBURG847 ILBALVES2 IHAMBURG1953 IHAMBURG361 INORDERS21 IHHOSDOR2 IHAMBURG1990 ISANKTUR5 IHAMBURG1208 IHAMBURG41 IHAMBURG976 IHAMBURG237 IHAMBURG1864 IHAMBURG183 IHAMBURG1436 IHAMBURG69 IHAMBURG1236 IHAMBURG1306 IHAMBURG140 IHAMBURG153
2017-09-23 03:24:59,530 DEBUG done: 0.000 percent
2017-09-23 03:37:04,067 DEBUG done: 13.661 percent
2017-09-23 03:49:03,218 DEBUG done: 27.322 percent
2017-09-23 04:01:26,404 DEBUG done: 40.984 percent
2017-09-23 04:13:42,799 DEBUG done: 54.645 percent
2017-09-23 04:26:36,049 DEBUG done: 68.306 percent
2017-09-23 04:39:50,291 DEBUG done: 81.967 percent
2017-09-23 04:53:21,035 DEBUG done: 95.628 percent
2017-09-23 04:57:55,212 INFO idw_p4_all  1.670 n=1464
2017-09-23 04:57:55,238 INFO max_all     4.068 n=1464
2017-09-23 04:57:55,239 INFO idw_p1_all  1.679 n=1464
2017-09-23 04:57:55,239 INFO idw_p3_all  1.696 n=1464
2017-09-23 04:57:55,239 INFO min_all     1.073 n=1464
2017-09-23 04:57:55,239 INFO min_cn5     1.332 n=1464
2017-09-23 04:57:55,239 INFO idw_p1_cn3  1.662 n=1464
2017-09-23 04:57:55,239 INFO max_cn3     1.955 n=1464
2017-09-23 04:57:55,239 INFO mean_cn5    1.656 n=1464
2017-09-23 04:57:55,239 INFO mean_all    1.643 n=1464
2017-09-23 04:57:55,239 INFO median_cn3  1.645 n=1464
2017-09-23 04:57:55,239 INFO idw_p4_cn5  1.682 n=1464
2017-09-23 04:57:55,239 INFO idw_p3_cn3  1.675 n=1464
2017-09-23 04:57:55,239 INFO idw_p3_cn5  1.681 n=1464
2017-09-23 04:57:55,239 INFO idw_p2_all  1.702 n=1464
2017-09-23 04:57:55,239 INFO idw_p2_cn3  1.669 n=1464
2017-09-23 04:57:55,239 INFO max_cn5     2.062 n=1464
2017-09-23 04:57:55,239 INFO mean_cn3    1.667 n=1464
2017-09-23 04:57:55,239 INFO median_cn5  1.665 n=1464
2017-09-23 04:57:55,240 INFO median_all  1.632 n=1464
2017-09-23 04:57:55,240 INFO min_cn3     1.453 n=1464
2017-09-23 04:57:55,240 INFO idw_p1_cn5  1.680 n=1464
2017-09-23 04:57:55,240 INFO idw_p2_cn5  1.681 n=1464
2017-09-23 04:57:55,240 INFO idw_p4_cn3  1.679 n=1464
2017-09-23 04:57:55,240 INFO end method list
2017-09-23 04:57:55,244 INFO interpolate for SWM
2017-09-23 04:57:55,244 INFO currently at 7 out of 10
2017-09-23 04:57:55,244 INFO use IHAMBURG2045 IHAMBURG1916 IHAMBURG1628 IHAMBURG1128 IHAMBURG1108 IHAMBURG1988 IHAMBURG1631 IHAMBURG1102 IHAMBURG338 IHAMBURG92 IHHSCHNE2 IHAMBURG308 IHAMBURG537 IHHHAMBU4 IHAMBURG1661 IHAMBURG515 IHAMBURG1092 IHAMBURG1308 IHAMBURG927 IHAMBURG1174 IHAMBURG1614 IHAMBURG109 IHAMBURG1789 IHHEISSE2 IHAMBURG963 IHHWILHE2 IHAMBURG465 IHAMBURG1639 IHAMBURG863 IHAMBURG1809 IHAMBURG1176 IHAMBURG1142 IHAMBURG654 IHAMBURG1586 IHAMBURG404 IHAMBURG610 IHAMBURG450 IHAMBURG1683 IHAMBURG1182 IHAMBURG34 IHAMBURG715 IHAMBURG1428 ISEEVETA49 IHAMBURG2005 IHAMBURG1516 IHAMBURG969 IHAMBURG1427 IHAMBURG172 IHAMBURG402 IHAMBURG1940 IHAMBURG376 IHAMBURG2073 IHAMBURG1220 IHAMBURG632 IHAMBURG163 IHAMBURG1379 IHAMBURG737 IHAMBURG1950 IHAMBURG887 IHAMBURG1841 IHAMBURG412 IHHLURUP2 IHAMBURG1594 IHAMBURG2088 IHAMBURG292 IHAMBURG723 IHAMBURG1326 IHAMBURG199 IHAMBURG215 IHHHAMBU2 IHAMBURG81 IHAMBURG1779 IHAMBURG1933 IWINSENL6 IHAMBURG1932 IHAMBURG2024 IHAMBURG190 IHAMBURG514 IHAMBURG1372 IHAMBURG380 IHHWINTE4 IHAMBURG531 IHAMBURG198 IHAMBURG118 IHAMBURG778 IHAMBURG272 IHAMBURG2072 IHHWINTE2 IHAMBURG1270 IHAMBURG1500 IHAMBURG175 IHAMBURG1336 IHAMBURG1462 IHAMBURG805 IHAMBURG206 IHAMBURG914 IHHNEUGR2 IHAMBURG660 IHAMBURG405 IHAMBURG261 IHAMBURG138 IHAMBURG1184 IHAMBURG664 IHAMBURG1771 IHAMBURG938 IHAMBURG2010 IHAMBURG171 IHAMBURG924 IHAMBURG213 IHAMBURG1264 IHAMBURG192 IHAMBURG1616 IOSTSTEI3 IHAMBURG1843 IHAMBURG410 IHAMBURG2085 IBORNSEN2 IHHKLEIN2 IHAMBURG353 IHAMBURG656 IHHROTHE2 IHAMBURG230 IHAMBURG1036 IHAMBURG277 IHAMBURG1058 IHHHARBU2 IHAMBURG224 IHAMBURG797 IHAMBURG341 IHHGRUEN2 IHAMBURG1753 IHAMBURG209 IHAMBURG2039 IHAMBURG1124 IHAMBURG2029 IHAMBURG1056 IHAMBURG1635 IHAMBURG1076 IHAMBURG84 IHAMBURG113 IHAMBURG2017 IHAMBURG2062 IHAMBURG1234 IHAMBURG1314 IHAMBURG270 IHHSINST2 IHAMBURG290 IHAMBURG592 IHAMBURG276 IHAMBURG22 IBNNINGS3 IHAMBURG1068 IHAMBURG711 IHAMBURG1346 IHAMBURG60 IHAMBURG1508 IHHRISSE2 IHAMBURG195 IHAMBURG2018 IHAMBURG550 IHAMBURG375 IHHSASEL2 IHAMBURG1618 IHAMBURG152 IHAMBURG2069 IHAMBURG1952 IHAMBURG957 IHAMBURG260 IHAMBURG180 IHAMBURG1711 IHAMBURG142 IHAMBURG1054 IHAMBURG1494 IHHMARIE3 IHAMBURG1785 IHAMBURG166 IHAMBURG1504 IHAMBURG1152 IHAMBURG955 IHAMBURG1923 IHAMBURG1502 IHAMBURG933 IHAMBURG340 IHHBARMB5 IHAMBURG132 IHAMBURG1086 IHAMBURG1377 IHAMBURG44 IHAMBURG441 IHAMBURG662 IHHHOHEN2 IHAMBURG316 IHAMBURG1805 IHAMBURG158 IHAMBURG1296 IHAMBURG1870 IHAMBURG990 IHAMBURG2011 IHAMBURG1156 IHAMBURG1915 IHAMBURG1052 IHAMBURG367 IHAMBURG604 IHAMBURG638 IHHHINSC3 IHAMBURG398 IHAMBURG719 IHAMBURG373 INORDERS16 IHAMBURG2031 IHAMBURG335 IHAMBURG1110 IHAMBURG57 IHAMBURG427 IHAMBURG1699 IHAMBURG1374 IHAMBURG1391 IHAMBURG1671 IHAMBURG150 IHAMBURG417 IHAMBURG1476 IHAMBURG1512 IHAMBURG1917 IHAMBURG1015 IHAMBURG1282 IHAMBURG1268 IHAMBURG342 IHAMBURG184 IHAMBURG329 IHAMBURG707 IHHHOHEN3 IHAMBURG1180 IHAMBURG471 IHHWANDS2 IHAMBURG2016 IHAMBURG1164 IHAMBURG751 IHAMBURG1044 IHAMBURG50 IHAMBURG360 IHAMBURG1830 IHAMBURG229 IHAMBURG251 IHAMBURG1918 IHAMBURG168 IHAMBURG1478 IHAMBURG1144 IHAMBURG487 IHAMBURG106 IHHEINLA2 IHHBARMB6 IHAMBURG1735 IHAMBURG1791 IHHALSTE2 IHAMBURG46 IHAMBURG1998 IHAMBURG1383 IHHMARIE5 IHAMBURG1389 IHAMBURG1920 IHHEIDEL5 IHAMBURG2034 IHAMBURG497 IHAMBURG279 IHAMBURG1198 IHAMBURG164 IHAMBURG1787 IHAMBURG1602 IHAMBURG935 IHAMBURG222 IHAMBURG1629 ISEEVETA78 IHAMBURG1350 IHHOTTEN2 IHAMBURG527 IHAMBURG1300 IHAMBURG1136 IHAMBURG1582 IHAMBURG252 IHAMBURG1254 IHAMBURG1106 IHAMBURG1799 IHAMBURG1332 IHAMBURG1795 IHAMBURG256 IHAMBURG565 IHAMBURG53 IHAMBURG456 IHAMBURG1484 IHAMBURG875 IHAMBURG824 IHHFARMS2 IHHMARIE2 IHAMBURG1082 IHAMBURG1880 IHAMBURG1252 IHAMBURG1945 IHHOHMOO2 IHHNIEND2 IHAMBURG280 IHAMBURG2066 IHAMBURG469 IHAMBURG1929 IHHSTEIN2 IHAMBURG1002 IHAMBURG851 IHAMBURG1064 IHAMBURG1540 IHAMBURG594 IHAMBURG355 IHAMBURG162 IHAMBURG1284 IHAMBURG1172 IHAMBURG406 IHORN16 IHHFUHLS3 IHHLANGE3 IHAMBURG32 IHAMBURG1942 IHAMBURG1370 IHAMBURG762 IHHSTEIL2 IHAMBURG1697 IHHEIDEL3 IHAMBURG128 IHHLOHBR3 IHAMBURG110 IHAMBURG1600 IHAMBURG47 IHAMBURG978 IHAMBURG254 IBARSBTT19 IHAMBURG98 IHAMBURG119 IHAMBURG219 IHAMBURG286 IHAMBURG1134 IHAMBURG64 IHAMBURG169 IHAMBURG880 IHAMBURG250 IHAMBURG867 IHAMBURG1192 IHAMBURG460 IHAMBURG508 IHAMBURG108 IHAMBURG1166 IHAMBURG1470 IHAMBURG136 IHAMBURG988 IHAMBURG274 IHAMBURG2081 IHAMBURG789 IHAMBURG1342 IHAMBURG1464 IHAMBURG1360 IHAMBURG1548 IHAMBURG269 IHAMBURG2079 IHAMBURG646 IHAMBURG20 IHAMBURG262 IHHHAMBU3 IHHHAMBU5 IWENTORF21 IHHEIDEL2 IHAMBURG242 IHAMBURG1212 IAHRENSB13 IHAMBURG243 IHAMBURG628 IHAMBURG1026 IHAMBURG900 IHAMBURG352 IHAMBURG1755 IHAMBURG971 IHHGROSS2 IHAMBURG2030 IHAMBURG170 IHAMBURG684 IHAMBURG1298 IHAMBURG1526 IHAMBURG1819 IHAMBURG1194 IHAMBURG1941 IHAMBURG1498 IHHNEUBO3 IHAMBURG123 IHHFARMS3 IHAMBURG598 IHAMBURG1845 IHAMBURG489 IHAMBURG1200 IHAMBURG2076 IHAMBURG1679 IHAMBURG1074 IHAMBURG731 IHAMBURG333 IHAMBURG1114 IHAMBURG1622 INORDERS5 IHAMBURG812 IHAMBURG52 IHAMBURG2042 IHAMBURG2075 IHHBERGS2 IHAMBURG56 IHHEIDEL4 IHAMBURG475 IHAMBURG2070 IHAMBURG1411 IHAMBURG2065 IHAMBURG431 IHAMBURG436 IHAMBURG1118 IHAMBURG772 IHAMBURG2013 IHAMBURG1890 IHHHINSC4 IHAMBURG1008 IHAMBURG233 IHAMBURG1967 IHAMBURG205 IHAMBURG847 ILBALVES2 IHAMBURG1953 IHAMBURG361 INORDERS21 IHHOSDOR2 IHAMBURG1990 ISANKTUR5 IHAMBURG1208 IHAMBURG41 IHAMBURG976 IHAMBURG237 IHAMBURG1864 IHAMBURG183 IHAMBURG1436 IHAMBURG69 IHAMBURG1236 IHAMBURG1306 IHAMBURG140 IHAMBURG153
2017-09-23 04:57:58,716 DEBUG done: 0.000 percent
2017-09-23 05:10:11,888 DEBUG done: 13.661 percent
2017-09-23 05:22:18,993 DEBUG done: 27.322 percent
2017-09-23 05:34:52,514 DEBUG done: 40.984 percent
2017-09-23 05:47:19,120 DEBUG done: 54.645 percent
2017-09-23 06:00:25,626 DEBUG done: 68.306 percent
2017-09-23 06:13:47,264 DEBUG done: 81.967 percent
2017-09-23 06:26:53,395 DEBUG done: 95.628 percent
2017-09-23 06:31:21,652 INFO idw_p4_all  1.442 n=1448
2017-09-23 06:31:21,652 INFO max_all     3.866 n=1448
2017-09-23 06:31:21,653 INFO idw_p1_all  1.403 n=1448
2017-09-23 06:31:21,653 INFO idw_p3_all  1.453 n=1448
2017-09-23 06:31:21,653 INFO min_all     1.096 n=1448
2017-09-23 06:31:21,653 INFO min_cn5     1.034 n=1448
2017-09-23 06:31:21,653 INFO idw_p1_cn3  1.353 n=1448
2017-09-23 06:31:21,653 INFO max_cn3     1.684 n=1448
2017-09-23 06:31:21,653 INFO mean_cn5    1.411 n=1448
2017-09-23 06:31:21,653 INFO mean_all    1.360 n=1448
2017-09-23 06:31:21,653 INFO median_cn3  1.359 n=1448
2017-09-23 06:31:21,653 INFO idw_p4_cn5  1.550 n=1448
2017-09-23 06:31:21,653 INFO idw_p3_cn3  1.351 n=1448
2017-09-23 06:31:21,653 INFO idw_p3_cn5  1.530 n=1448
2017-09-23 06:31:21,653 INFO idw_p2_all  1.440 n=1448
2017-09-23 06:31:21,653 INFO idw_p2_cn3  1.352 n=1448
2017-09-23 06:31:21,653 INFO max_cn5     1.958 n=1448
2017-09-23 06:31:21,653 INFO mean_cn3    1.356 n=1448
2017-09-23 06:31:21,653 INFO median_cn5  1.365 n=1448
2017-09-23 06:31:21,653 INFO median_all  1.336 n=1448
2017-09-23 06:31:21,654 INFO min_cn3     1.098 n=1448
2017-09-23 06:31:21,654 INFO idw_p1_cn5  1.424 n=1448
2017-09-23 06:31:21,654 INFO idw_p2_cn5  1.488 n=1448
2017-09-23 06:31:21,654 INFO idw_p4_cn3  1.351 n=1448
2017-09-23 06:31:21,654 INFO end method list
2017-09-23 06:31:21,658 INFO interpolate for WGM
2017-09-23 06:31:21,658 INFO currently at 8 out of 10
2017-09-23 06:31:21,658 INFO use IHAMBURG2045 IHAMBURG1916 IHAMBURG1628 IHAMBURG1128 IHAMBURG1108 IHAMBURG1988 IHAMBURG1631 IHAMBURG1102 IHAMBURG338 IHAMBURG92 IHHSCHNE2 IHAMBURG308 IHAMBURG537 IHHHAMBU4 IHAMBURG1661 IHAMBURG515 IHAMBURG1092 IHAMBURG1308 IHAMBURG927 IHAMBURG1174 IHAMBURG1614 IHAMBURG109 IHAMBURG1789 IHHEISSE2 IHAMBURG963 IHHWILHE2 IHAMBURG465 IHAMBURG1639 IHAMBURG863 IHAMBURG1809 IHAMBURG1176 IHAMBURG1142 IHAMBURG654 IHAMBURG1586 IHAMBURG404 IHAMBURG610 IHAMBURG450 IHAMBURG1683 IHAMBURG1182 IHAMBURG34 IHAMBURG715 IHAMBURG1428 ISEEVETA49 IHAMBURG2005 IHAMBURG1516 IHAMBURG969 IHAMBURG1427 IHAMBURG172 IHAMBURG402 IHAMBURG1940 IHAMBURG376 IHAMBURG2073 IHAMBURG1220 IHAMBURG632 IHAMBURG163 IHAMBURG1379 IHAMBURG737 IHAMBURG1950 IHAMBURG887 IHAMBURG1841 IHAMBURG412 IHHLURUP2 IHAMBURG1594 IHAMBURG2088 IHAMBURG292 IHAMBURG723 IHAMBURG1326 IHAMBURG199 IHAMBURG215 IHHHAMBU2 IHAMBURG81 IHAMBURG1779 IHAMBURG1933 IWINSENL6 IHAMBURG1932 IHAMBURG2024 IHAMBURG190 IHAMBURG514 IHAMBURG1372 IHAMBURG380 IHHWINTE4 IHAMBURG531 IHAMBURG198 IHAMBURG118 IHAMBURG778 IHAMBURG272 IHAMBURG2072 IHHWINTE2 IHAMBURG1270 IHAMBURG1500 IHAMBURG175 IHAMBURG1336 IHAMBURG1462 IHAMBURG805 IHAMBURG206 IHAMBURG914 IHHNEUGR2 IHAMBURG660 IHAMBURG405 IHAMBURG261 IHAMBURG138 IHAMBURG1184 IHAMBURG664 IHAMBURG1771 IHAMBURG938 IHAMBURG2010 IHAMBURG171 IHAMBURG924 IHAMBURG213 IHAMBURG1264 IHAMBURG192 IHAMBURG1616 IOSTSTEI3 IHAMBURG1843 IHAMBURG410 IHAMBURG2085 IBORNSEN2 IHHKLEIN2 IHAMBURG353 IHAMBURG656 IHHROTHE2 IHAMBURG230 IHAMBURG1036 IHAMBURG277 IHAMBURG1058 IHHHARBU2 IHAMBURG224 IHAMBURG797 IHAMBURG341 IHHGRUEN2 IHAMBURG1753 IHAMBURG209 IHAMBURG2039 IHAMBURG1124 IHAMBURG2029 IHAMBURG1056 IHAMBURG1635 IHAMBURG1076 IHAMBURG84 IHAMBURG113 IHAMBURG2017 IHAMBURG2062 IHAMBURG1234 IHAMBURG1314 IHAMBURG270 IHHSINST2 IHAMBURG290 IHAMBURG592 IHAMBURG276 IHAMBURG22 IBNNINGS3 IHAMBURG1068 IHAMBURG711 IHAMBURG1346 IHAMBURG60 IHAMBURG1508 IHHRISSE2 IHAMBURG195 IHAMBURG2018 IHAMBURG550 IHAMBURG375 IHHSASEL2 IHAMBURG1618 IHAMBURG152 IHAMBURG2069 IHAMBURG1952 IHAMBURG957 IHAMBURG260 IHAMBURG180 IHAMBURG1711 IHAMBURG142 IHAMBURG1054 IHAMBURG1494 IHHMARIE3 IHAMBURG1785 IHAMBURG166 IHAMBURG1504 IHAMBURG1152 IHAMBURG955 IHAMBURG1923 IHAMBURG1502 IHAMBURG933 IHAMBURG340 IHHBARMB5 IHAMBURG132 IHAMBURG1086 IHAMBURG1377 IHAMBURG44 IHAMBURG441 IHAMBURG662 IHHHOHEN2 IHAMBURG316 IHAMBURG1805 IHAMBURG158 IHAMBURG1296 IHAMBURG1870 IHAMBURG990 IHAMBURG2011 IHAMBURG1156 IHAMBURG1915 IHAMBURG1052 IHAMBURG367 IHAMBURG604 IHAMBURG638 IHHHINSC3 IHAMBURG398 IHAMBURG719 IHAMBURG373 INORDERS16 IHAMBURG2031 IHAMBURG335 IHAMBURG1110 IHAMBURG57 IHAMBURG427 IHAMBURG1699 IHAMBURG1374 IHAMBURG1391 IHAMBURG1671 IHAMBURG150 IHAMBURG417 IHAMBURG1476 IHAMBURG1512 IHAMBURG1917 IHAMBURG1015 IHAMBURG1282 IHAMBURG1268 IHAMBURG342 IHAMBURG184 IHAMBURG329 IHAMBURG707 IHHHOHEN3 IHAMBURG1180 IHAMBURG471 IHHWANDS2 IHAMBURG2016 IHAMBURG1164 IHAMBURG751 IHAMBURG1044 IHAMBURG50 IHAMBURG360 IHAMBURG1830 IHAMBURG229 IHAMBURG251 IHAMBURG1918 IHAMBURG168 IHAMBURG1478 IHAMBURG1144 IHAMBURG487 IHAMBURG106 IHHEINLA2 IHHBARMB6 IHAMBURG1735 IHAMBURG1791 IHHALSTE2 IHAMBURG46 IHAMBURG1998 IHAMBURG1383 IHHMARIE5 IHAMBURG1389 IHAMBURG1920 IHHEIDEL5 IHAMBURG2034 IHAMBURG497 IHAMBURG279 IHAMBURG1198 IHAMBURG164 IHAMBURG1787 IHAMBURG1602 IHAMBURG935 IHAMBURG222 IHAMBURG1629 ISEEVETA78 IHAMBURG1350 IHHOTTEN2 IHAMBURG527 IHAMBURG1300 IHAMBURG1136 IHAMBURG1582 IHAMBURG252 IHAMBURG1254 IHAMBURG1106 IHAMBURG1799 IHAMBURG1332 IHAMBURG1795 IHAMBURG256 IHAMBURG565 IHAMBURG53 IHAMBURG456 IHAMBURG1484 IHAMBURG875 IHAMBURG824 IHHFARMS2 IHHMARIE2 IHAMBURG1082 IHAMBURG1880 IHAMBURG1252 IHAMBURG1945 IHHOHMOO2 IHHNIEND2 IHAMBURG280 IHAMBURG2066 IHAMBURG469 IHAMBURG1929 IHHSTEIN2 IHAMBURG1002 IHAMBURG851 IHAMBURG1064 IHAMBURG1540 IHAMBURG594 IHAMBURG355 IHAMBURG162 IHAMBURG1284 IHAMBURG1172 IHAMBURG406 IHORN16 IHHFUHLS3 IHHLANGE3 IHAMBURG32 IHAMBURG1942 IHAMBURG1370 IHAMBURG762 IHHSTEIL2 IHAMBURG1697 IHHEIDEL3 IHAMBURG128 IHHLOHBR3 IHAMBURG110 IHAMBURG1600 IHAMBURG47 IHAMBURG978 IHAMBURG254 IBARSBTT19 IHAMBURG98 IHAMBURG119 IHAMBURG219 IHAMBURG286 IHAMBURG1134 IHAMBURG64 IHAMBURG169 IHAMBURG880 IHAMBURG250 IHAMBURG867 IHAMBURG1192 IHAMBURG460 IHAMBURG508 IHAMBURG108 IHAMBURG1166 IHAMBURG1470 IHAMBURG136 IHAMBURG988 IHAMBURG274 IHAMBURG2081 IHAMBURG789 IHAMBURG1342 IHAMBURG1464 IHAMBURG1360 IHAMBURG1548 IHAMBURG269 IHAMBURG2079 IHAMBURG646 IHAMBURG20 IHAMBURG262 IHHHAMBU3 IHHHAMBU5 IWENTORF21 IHHEIDEL2 IHAMBURG242 IHAMBURG1212 IAHRENSB13 IHAMBURG243 IHAMBURG628 IHAMBURG1026 IHAMBURG900 IHAMBURG352 IHAMBURG1755 IHAMBURG971 IHHGROSS2 IHAMBURG2030 IHAMBURG170 IHAMBURG684 IHAMBURG1298 IHAMBURG1526 IHAMBURG1819 IHAMBURG1194 IHAMBURG1941 IHAMBURG1498 IHHNEUBO3 IHAMBURG123 IHHFARMS3 IHAMBURG598 IHAMBURG1845 IHAMBURG489 IHAMBURG1200 IHAMBURG2076 IHAMBURG1679 IHAMBURG1074 IHAMBURG731 IHAMBURG333 IHAMBURG1114 IHAMBURG1622 INORDERS5 IHAMBURG812 IHAMBURG52 IHAMBURG2042 IHAMBURG2075 IHHBERGS2 IHAMBURG56 IHHEIDEL4 IHAMBURG475 IHAMBURG2070 IHAMBURG1411 IHAMBURG2065 IHAMBURG431 IHAMBURG436 IHAMBURG1118 IHAMBURG772 IHAMBURG2013 IHAMBURG1890 IHHHINSC4 IHAMBURG1008 IHAMBURG233 IHAMBURG1967 IHAMBURG205 IHAMBURG847 ILBALVES2 IHAMBURG1953 IHAMBURG361 INORDERS21 IHHOSDOR2 IHAMBURG1990 ISANKTUR5 IHAMBURG1208 IHAMBURG41 IHAMBURG976 IHAMBURG237 IHAMBURG1864 IHAMBURG183 IHAMBURG1436 IHAMBURG69 IHAMBURG1236 IHAMBURG1306 IHAMBURG140 IHAMBURG153
2017-09-23 06:31:25,115 DEBUG done: 0.000 percent
2017-09-23 06:43:33,590 DEBUG done: 13.661 percent
2017-09-23 06:55:32,519 DEBUG done: 27.322 percent
2017-09-23 07:07:54,910 DEBUG done: 40.984 percent
2017-09-23 07:20:12,574 DEBUG done: 54.645 percent
2017-09-23 07:33:07,632 DEBUG done: 68.306 percent
2017-09-23 07:46:29,655 DEBUG done: 81.967 percent
2017-09-23 07:59:53,239 DEBUG done: 95.628 percent
2017-09-23 08:04:28,515 INFO idw_p4_all  1.173 n=1462
2017-09-23 08:04:28,537 INFO max_all     3.646 n=1462
2017-09-23 08:04:28,537 INFO idw_p1_all  1.146 n=1462
2017-09-23 08:04:28,537 INFO idw_p3_all  1.131 n=1462
2017-09-23 08:04:28,537 INFO min_all     1.169 n=1462
2017-09-23 08:04:28,537 INFO min_cn5     1.267 n=1462
2017-09-23 08:04:28,537 INFO idw_p1_cn3  1.466 n=1462
2017-09-23 08:04:28,537 INFO max_cn3     1.863 n=1462
2017-09-23 08:04:28,537 INFO mean_cn5    1.596 n=1462
2017-09-23 08:04:28,537 INFO mean_all    1.267 n=1462
2017-09-23 08:04:28,537 INFO median_cn3  1.521 n=1462
2017-09-23 08:04:28,537 INFO idw_p4_cn5  1.754 n=1462
2017-09-23 08:04:28,537 INFO idw_p3_cn3  1.472 n=1462
2017-09-23 08:04:28,537 INFO idw_p3_cn5  1.745 n=1462
2017-09-23 08:04:28,538 INFO idw_p2_all  1.059 n=1462
2017-09-23 08:04:28,538 INFO idw_p2_cn3  1.469 n=1462
2017-09-23 08:04:28,538 INFO max_cn5     2.089 n=1462
2017-09-23 08:04:28,538 INFO mean_cn3    1.536 n=1462
2017-09-23 08:04:28,538 INFO median_cn5  1.561 n=1462
2017-09-23 08:04:28,538 INFO median_all  1.260 n=1462
2017-09-23 08:04:28,538 INFO min_cn3     1.319 n=1462
2017-09-23 08:04:28,538 INFO idw_p1_cn5  1.631 n=1462
2017-09-23 08:04:28,538 INFO idw_p2_cn5  1.715 n=1462
2017-09-23 08:04:28,538 INFO idw_p4_cn3  1.473 n=1462
2017-09-23 08:04:28,538 INFO end method list
2017-09-23 08:04:28,542 INFO interpolate for WWM
2017-09-23 08:04:28,542 INFO currently at 9 out of 10
2017-09-23 08:04:28,542 INFO use IHAMBURG2045 IHAMBURG1916 IHAMBURG1628 IHAMBURG1128 IHAMBURG1108 IHAMBURG1988 IHAMBURG1631 IHAMBURG1102 IHAMBURG338 IHAMBURG92 IHHSCHNE2 IHAMBURG308 IHAMBURG537 IHHHAMBU4 IHAMBURG1661 IHAMBURG515 IHAMBURG1092 IHAMBURG1308 IHAMBURG927 IHAMBURG1174 IHAMBURG1614 IHAMBURG109 IHAMBURG1789 IHHEISSE2 IHAMBURG963 IHHWILHE2 IHAMBURG465 IHAMBURG1639 IHAMBURG863 IHAMBURG1809 IHAMBURG1176 IHAMBURG1142 IHAMBURG654 IHAMBURG1586 IHAMBURG404 IHAMBURG610 IHAMBURG450 IHAMBURG1683 IHAMBURG1182 IHAMBURG34 IHAMBURG715 IHAMBURG1428 ISEEVETA49 IHAMBURG2005 IHAMBURG1516 IHAMBURG969 IHAMBURG1427 IHAMBURG172 IHAMBURG402 IHAMBURG1940 IHAMBURG376 IHAMBURG2073 IHAMBURG1220 IHAMBURG632 IHAMBURG163 IHAMBURG1379 IHAMBURG737 IHAMBURG1950 IHAMBURG887 IHAMBURG1841 IHAMBURG412 IHHLURUP2 IHAMBURG1594 IHAMBURG2088 IHAMBURG292 IHAMBURG723 IHAMBURG1326 IHAMBURG199 IHAMBURG215 IHHHAMBU2 IHAMBURG81 IHAMBURG1779 IHAMBURG1933 IWINSENL6 IHAMBURG1932 IHAMBURG2024 IHAMBURG190 IHAMBURG514 IHAMBURG1372 IHAMBURG380 IHHWINTE4 IHAMBURG531 IHAMBURG198 IHAMBURG118 IHAMBURG778 IHAMBURG272 IHAMBURG2072 IHHWINTE2 IHAMBURG1270 IHAMBURG1500 IHAMBURG175 IHAMBURG1336 IHAMBURG1462 IHAMBURG805 IHAMBURG206 IHAMBURG914 IHHNEUGR2 IHAMBURG660 IHAMBURG405 IHAMBURG261 IHAMBURG138 IHAMBURG1184 IHAMBURG664 IHAMBURG1771 IHAMBURG938 IHAMBURG2010 IHAMBURG171 IHAMBURG924 IHAMBURG213 IHAMBURG1264 IHAMBURG192 IHAMBURG1616 IOSTSTEI3 IHAMBURG1843 IHAMBURG410 IHAMBURG2085 IBORNSEN2 IHHKLEIN2 IHAMBURG353 IHAMBURG656 IHHROTHE2 IHAMBURG230 IHAMBURG1036 IHAMBURG277 IHAMBURG1058 IHHHARBU2 IHAMBURG224 IHAMBURG797 IHAMBURG341 IHHGRUEN2 IHAMBURG1753 IHAMBURG209 IHAMBURG2039 IHAMBURG1124 IHAMBURG2029 IHAMBURG1056 IHAMBURG1635 IHAMBURG1076 IHAMBURG84 IHAMBURG113 IHAMBURG2017 IHAMBURG2062 IHAMBURG1234 IHAMBURG1314 IHAMBURG270 IHHSINST2 IHAMBURG290 IHAMBURG592 IHAMBURG276 IHAMBURG22 IBNNINGS3 IHAMBURG1068 IHAMBURG711 IHAMBURG1346 IHAMBURG60 IHAMBURG1508 IHHRISSE2 IHAMBURG195 IHAMBURG2018 IHAMBURG550 IHAMBURG375 IHHSASEL2 IHAMBURG1618 IHAMBURG152 IHAMBURG2069 IHAMBURG1952 IHAMBURG957 IHAMBURG260 IHAMBURG180 IHAMBURG1711 IHAMBURG142 IHAMBURG1054 IHAMBURG1494 IHHMARIE3 IHAMBURG1785 IHAMBURG166 IHAMBURG1504 IHAMBURG1152 IHAMBURG955 IHAMBURG1923 IHAMBURG1502 IHAMBURG933 IHAMBURG340 IHHBARMB5 IHAMBURG132 IHAMBURG1086 IHAMBURG1377 IHAMBURG44 IHAMBURG441 IHAMBURG662 IHHHOHEN2 IHAMBURG316 IHAMBURG1805 IHAMBURG158 IHAMBURG1296 IHAMBURG1870 IHAMBURG990 IHAMBURG2011 IHAMBURG1156 IHAMBURG1915 IHAMBURG1052 IHAMBURG367 IHAMBURG604 IHAMBURG638 IHHHINSC3 IHAMBURG398 IHAMBURG719 IHAMBURG373 INORDERS16 IHAMBURG2031 IHAMBURG335 IHAMBURG1110 IHAMBURG57 IHAMBURG427 IHAMBURG1699 IHAMBURG1374 IHAMBURG1391 IHAMBURG1671 IHAMBURG150 IHAMBURG417 IHAMBURG1476 IHAMBURG1512 IHAMBURG1917 IHAMBURG1015 IHAMBURG1282 IHAMBURG1268 IHAMBURG342 IHAMBURG184 IHAMBURG329 IHAMBURG707 IHHHOHEN3 IHAMBURG1180 IHAMBURG471 IHHWANDS2 IHAMBURG2016 IHAMBURG1164 IHAMBURG751 IHAMBURG1044 IHAMBURG50 IHAMBURG360 IHAMBURG1830 IHAMBURG229 IHAMBURG251 IHAMBURG1918 IHAMBURG168 IHAMBURG1478 IHAMBURG1144 IHAMBURG487 IHAMBURG106 IHHEINLA2 IHHBARMB6 IHAMBURG1735 IHAMBURG1791 IHHALSTE2 IHAMBURG46 IHAMBURG1998 IHAMBURG1383 IHHMARIE5 IHAMBURG1389 IHAMBURG1920 IHHEIDEL5 IHAMBURG2034 IHAMBURG497 IHAMBURG279 IHAMBURG1198 IHAMBURG164 IHAMBURG1787 IHAMBURG1602 IHAMBURG935 IHAMBURG222 IHAMBURG1629 ISEEVETA78 IHAMBURG1350 IHHOTTEN2 IHAMBURG527 IHAMBURG1300 IHAMBURG1136 IHAMBURG1582 IHAMBURG252 IHAMBURG1254 IHAMBURG1106 IHAMBURG1799 IHAMBURG1332 IHAMBURG1795 IHAMBURG256 IHAMBURG565 IHAMBURG53 IHAMBURG456 IHAMBURG1484 IHAMBURG875 IHAMBURG824 IHHFARMS2 IHHMARIE2 IHAMBURG1082 IHAMBURG1880 IHAMBURG1252 IHAMBURG1945 IHHOHMOO2 IHHNIEND2 IHAMBURG280 IHAMBURG2066 IHAMBURG469 IHAMBURG1929 IHHSTEIN2 IHAMBURG1002 IHAMBURG851 IHAMBURG1064 IHAMBURG1540 IHAMBURG594 IHAMBURG355 IHAMBURG162 IHAMBURG1284 IHAMBURG1172 IHAMBURG406 IHORN16 IHHFUHLS3 IHHLANGE3 IHAMBURG32 IHAMBURG1942 IHAMBURG1370 IHAMBURG762 IHHSTEIL2 IHAMBURG1697 IHHEIDEL3 IHAMBURG128 IHHLOHBR3 IHAMBURG110 IHAMBURG1600 IHAMBURG47 IHAMBURG978 IHAMBURG254 IBARSBTT19 IHAMBURG98 IHAMBURG119 IHAMBURG219 IHAMBURG286 IHAMBURG1134 IHAMBURG64 IHAMBURG169 IHAMBURG880 IHAMBURG250 IHAMBURG867 IHAMBURG1192 IHAMBURG460 IHAMBURG508 IHAMBURG108 IHAMBURG1166 IHAMBURG1470 IHAMBURG136 IHAMBURG988 IHAMBURG274 IHAMBURG2081 IHAMBURG789 IHAMBURG1342 IHAMBURG1464 IHAMBURG1360 IHAMBURG1548 IHAMBURG269 IHAMBURG2079 IHAMBURG646 IHAMBURG20 IHAMBURG262 IHHHAMBU3 IHHHAMBU5 IWENTORF21 IHHEIDEL2 IHAMBURG242 IHAMBURG1212 IAHRENSB13 IHAMBURG243 IHAMBURG628 IHAMBURG1026 IHAMBURG900 IHAMBURG352 IHAMBURG1755 IHAMBURG971 IHHGROSS2 IHAMBURG2030 IHAMBURG170 IHAMBURG684 IHAMBURG1298 IHAMBURG1526 IHAMBURG1819 IHAMBURG1194 IHAMBURG1941 IHAMBURG1498 IHHNEUBO3 IHAMBURG123 IHHFARMS3 IHAMBURG598 IHAMBURG1845 IHAMBURG489 IHAMBURG1200 IHAMBURG2076 IHAMBURG1679 IHAMBURG1074 IHAMBURG731 IHAMBURG333 IHAMBURG1114 IHAMBURG1622 INORDERS5 IHAMBURG812 IHAMBURG52 IHAMBURG2042 IHAMBURG2075 IHHBERGS2 IHAMBURG56 IHHEIDEL4 IHAMBURG475 IHAMBURG2070 IHAMBURG1411 IHAMBURG2065 IHAMBURG431 IHAMBURG436 IHAMBURG1118 IHAMBURG772 IHAMBURG2013 IHAMBURG1890 IHHHINSC4 IHAMBURG1008 IHAMBURG233 IHAMBURG1967 IHAMBURG205 IHAMBURG847 ILBALVES2 IHAMBURG1953 IHAMBURG361 INORDERS21 IHHOSDOR2 IHAMBURG1990 ISANKTUR5 IHAMBURG1208 IHAMBURG41 IHAMBURG976 IHAMBURG237 IHAMBURG1864 IHAMBURG183 IHAMBURG1436 IHAMBURG69 IHAMBURG1236 IHAMBURG1306 IHAMBURG140 IHAMBURG153
2017-09-23 08:04:32,004 DEBUG done: 0.000 percent
2017-09-23 08:16:50,932 DEBUG done: 13.661 percent
2017-09-23 08:29:01,341 DEBUG done: 27.322 percent
2017-09-23 08:41:28,798 DEBUG done: 40.984 percent
2017-09-23 08:53:52,288 DEBUG done: 54.645 percent
2017-09-23 09:06:51,912 DEBUG done: 68.306 percent
2017-09-23 09:20:22,416 DEBUG done: 81.967 percent
2017-09-23 09:34:15,425 DEBUG done: 95.628 percent
2017-09-23 09:38:58,356 INFO idw_p4_all  1.167 n=1464
2017-09-23 09:38:58,357 INFO max_all     3.808 n=1464
2017-09-23 09:38:58,357 INFO idw_p1_all  1.216 n=1464
2017-09-23 09:38:58,357 INFO idw_p3_all  1.136 n=1464
2017-09-23 09:38:58,357 INFO min_all     1.112 n=1464
2017-09-23 09:38:58,357 INFO min_cn5     1.309 n=1464
2017-09-23 09:38:58,357 INFO idw_p1_cn3  1.547 n=1464
2017-09-23 09:38:58,357 INFO max_cn3     1.752 n=1464
2017-09-23 09:38:58,357 INFO mean_cn5    1.664 n=1464
2017-09-23 09:38:58,357 INFO mean_all    1.338 n=1464
2017-09-23 09:38:58,357 INFO median_cn3  1.590 n=1464
2017-09-23 09:38:58,357 INFO idw_p4_cn5  1.630 n=1464
2017-09-23 09:38:58,357 INFO idw_p3_cn3  1.571 n=1464
2017-09-23 09:38:58,357 INFO idw_p3_cn5  1.622 n=1464
2017-09-23 09:38:58,357 INFO idw_p2_all  1.099 n=1464
2017-09-23 09:38:58,357 INFO idw_p2_cn3  1.560 n=1464
2017-09-23 09:38:58,358 INFO max_cn5     2.283 n=1464
2017-09-23 09:38:58,358 INFO mean_cn3    1.552 n=1464
2017-09-23 09:38:58,358 INFO median_cn5  1.616 n=1464
2017-09-23 09:38:58,358 INFO median_all  1.330 n=1464
2017-09-23 09:38:58,358 INFO min_cn3     1.379 n=1464
2017-09-23 09:38:58,358 INFO idw_p1_cn5  1.604 n=1464
2017-09-23 09:38:58,358 INFO idw_p2_cn5  1.611 n=1464
2017-09-23 09:38:58,358 INFO idw_p4_cn3  1.580 n=1464
2017-09-23 09:38:58,358 INFO end method list
2017-09-23 09:38:58,362 INFO interpolate for ZOM
2017-09-23 09:38:58,362 INFO currently at 10 out of 10
2017-09-23 09:38:58,362 INFO use IHAMBURG2045 IHAMBURG1916 IHAMBURG1628 IHAMBURG1128 IHAMBURG1108 IHAMBURG1988 IHAMBURG1631 IHAMBURG1102 IHAMBURG338 IHAMBURG92 IHHSCHNE2 IHAMBURG308 IHAMBURG537 IHHHAMBU4 IHAMBURG1661 IHAMBURG515 IHAMBURG1092 IHAMBURG1308 IHAMBURG927 IHAMBURG1174 IHAMBURG1614 IHAMBURG109 IHAMBURG1789 IHHEISSE2 IHAMBURG963 IHHWILHE2 IHAMBURG465 IHAMBURG1639 IHAMBURG863 IHAMBURG1809 IHAMBURG1176 IHAMBURG1142 IHAMBURG654 IHAMBURG1586 IHAMBURG404 IHAMBURG610 IHAMBURG450 IHAMBURG1683 IHAMBURG1182 IHAMBURG34 IHAMBURG715 IHAMBURG1428 ISEEVETA49 IHAMBURG2005 IHAMBURG1516 IHAMBURG969 IHAMBURG1427 IHAMBURG172 IHAMBURG402 IHAMBURG1940 IHAMBURG376 IHAMBURG2073 IHAMBURG1220 IHAMBURG632 IHAMBURG163 IHAMBURG1379 IHAMBURG737 IHAMBURG1950 IHAMBURG887 IHAMBURG1841 IHAMBURG412 IHHLURUP2 IHAMBURG1594 IHAMBURG2088 IHAMBURG292 IHAMBURG723 IHAMBURG1326 IHAMBURG199 IHAMBURG215 IHHHAMBU2 IHAMBURG81 IHAMBURG1779 IHAMBURG1933 IWINSENL6 IHAMBURG1932 IHAMBURG2024 IHAMBURG190 IHAMBURG514 IHAMBURG1372 IHAMBURG380 IHHWINTE4 IHAMBURG531 IHAMBURG198 IHAMBURG118 IHAMBURG778 IHAMBURG272 IHAMBURG2072 IHHWINTE2 IHAMBURG1270 IHAMBURG1500 IHAMBURG175 IHAMBURG1336 IHAMBURG1462 IHAMBURG805 IHAMBURG206 IHAMBURG914 IHHNEUGR2 IHAMBURG660 IHAMBURG405 IHAMBURG261 IHAMBURG138 IHAMBURG1184 IHAMBURG664 IHAMBURG1771 IHAMBURG938 IHAMBURG2010 IHAMBURG171 IHAMBURG924 IHAMBURG213 IHAMBURG1264 IHAMBURG192 IHAMBURG1616 IOSTSTEI3 IHAMBURG1843 IHAMBURG410 IHAMBURG2085 IBORNSEN2 IHHKLEIN2 IHAMBURG353 IHAMBURG656 IHHROTHE2 IHAMBURG230 IHAMBURG1036 IHAMBURG277 IHAMBURG1058 IHHHARBU2 IHAMBURG224 IHAMBURG797 IHAMBURG341 IHHGRUEN2 IHAMBURG1753 IHAMBURG209 IHAMBURG2039 IHAMBURG1124 IHAMBURG2029 IHAMBURG1056 IHAMBURG1635 IHAMBURG1076 IHAMBURG84 IHAMBURG113 IHAMBURG2017 IHAMBURG2062 IHAMBURG1234 IHAMBURG1314 IHAMBURG270 IHHSINST2 IHAMBURG290 IHAMBURG592 IHAMBURG276 IHAMBURG22 IBNNINGS3 IHAMBURG1068 IHAMBURG711 IHAMBURG1346 IHAMBURG60 IHAMBURG1508 IHHRISSE2 IHAMBURG195 IHAMBURG2018 IHAMBURG550 IHAMBURG375 IHHSASEL2 IHAMBURG1618 IHAMBURG152 IHAMBURG2069 IHAMBURG1952 IHAMBURG957 IHAMBURG260 IHAMBURG180 IHAMBURG1711 IHAMBURG142 IHAMBURG1054 IHAMBURG1494 IHHMARIE3 IHAMBURG1785 IHAMBURG166 IHAMBURG1504 IHAMBURG1152 IHAMBURG955 IHAMBURG1923 IHAMBURG1502 IHAMBURG933 IHAMBURG340 IHHBARMB5 IHAMBURG132 IHAMBURG1086 IHAMBURG1377 IHAMBURG44 IHAMBURG441 IHAMBURG662 IHHHOHEN2 IHAMBURG316 IHAMBURG1805 IHAMBURG158 IHAMBURG1296 IHAMBURG1870 IHAMBURG990 IHAMBURG2011 IHAMBURG1156 IHAMBURG1915 IHAMBURG1052 IHAMBURG367 IHAMBURG604 IHAMBURG638 IHHHINSC3 IHAMBURG398 IHAMBURG719 IHAMBURG373 INORDERS16 IHAMBURG2031 IHAMBURG335 IHAMBURG1110 IHAMBURG57 IHAMBURG427 IHAMBURG1699 IHAMBURG1374 IHAMBURG1391 IHAMBURG1671 IHAMBURG150 IHAMBURG417 IHAMBURG1476 IHAMBURG1512 IHAMBURG1917 IHAMBURG1015 IHAMBURG1282 IHAMBURG1268 IHAMBURG342 IHAMBURG184 IHAMBURG329 IHAMBURG707 IHHHOHEN3 IHAMBURG1180 IHAMBURG471 IHHWANDS2 IHAMBURG2016 IHAMBURG1164 IHAMBURG751 IHAMBURG1044 IHAMBURG50 IHAMBURG360 IHAMBURG1830 IHAMBURG229 IHAMBURG251 IHAMBURG1918 IHAMBURG168 IHAMBURG1478 IHAMBURG1144 IHAMBURG487 IHAMBURG106 IHHEINLA2 IHHBARMB6 IHAMBURG1735 IHAMBURG1791 IHHALSTE2 IHAMBURG46 IHAMBURG1998 IHAMBURG1383 IHHMARIE5 IHAMBURG1389 IHAMBURG1920 IHHEIDEL5 IHAMBURG2034 IHAMBURG497 IHAMBURG279 IHAMBURG1198 IHAMBURG164 IHAMBURG1787 IHAMBURG1602 IHAMBURG935 IHAMBURG222 IHAMBURG1629 ISEEVETA78 IHAMBURG1350 IHHOTTEN2 IHAMBURG527 IHAMBURG1300 IHAMBURG1136 IHAMBURG1582 IHAMBURG252 IHAMBURG1254 IHAMBURG1106 IHAMBURG1799 IHAMBURG1332 IHAMBURG1795 IHAMBURG256 IHAMBURG565 IHAMBURG53 IHAMBURG456 IHAMBURG1484 IHAMBURG875 IHAMBURG824 IHHFARMS2 IHHMARIE2 IHAMBURG1082 IHAMBURG1880 IHAMBURG1252 IHAMBURG1945 IHHOHMOO2 IHHNIEND2 IHAMBURG280 IHAMBURG2066 IHAMBURG469 IHAMBURG1929 IHHSTEIN2 IHAMBURG1002 IHAMBURG851 IHAMBURG1064 IHAMBURG1540 IHAMBURG594 IHAMBURG355 IHAMBURG162 IHAMBURG1284 IHAMBURG1172 IHAMBURG406 IHORN16 IHHFUHLS3 IHHLANGE3 IHAMBURG32 IHAMBURG1942 IHAMBURG1370 IHAMBURG762 IHHSTEIL2 IHAMBURG1697 IHHEIDEL3 IHAMBURG128 IHHLOHBR3 IHAMBURG110 IHAMBURG1600 IHAMBURG47 IHAMBURG978 IHAMBURG254 IBARSBTT19 IHAMBURG98 IHAMBURG119 IHAMBURG219 IHAMBURG286 IHAMBURG1134 IHAMBURG64 IHAMBURG169 IHAMBURG880 IHAMBURG250 IHAMBURG867 IHAMBURG1192 IHAMBURG460 IHAMBURG508 IHAMBURG108 IHAMBURG1166 IHAMBURG1470 IHAMBURG136 IHAMBURG988 IHAMBURG274 IHAMBURG2081 IHAMBURG789 IHAMBURG1342 IHAMBURG1464 IHAMBURG1360 IHAMBURG1548 IHAMBURG269 IHAMBURG2079 IHAMBURG646 IHAMBURG20 IHAMBURG262 IHHHAMBU3 IHHHAMBU5 IWENTORF21 IHHEIDEL2 IHAMBURG242 IHAMBURG1212 IAHRENSB13 IHAMBURG243 IHAMBURG628 IHAMBURG1026 IHAMBURG900 IHAMBURG352 IHAMBURG1755 IHAMBURG971 IHHGROSS2 IHAMBURG2030 IHAMBURG170 IHAMBURG684 IHAMBURG1298 IHAMBURG1526 IHAMBURG1819 IHAMBURG1194 IHAMBURG1941 IHAMBURG1498 IHHNEUBO3 IHAMBURG123 IHHFARMS3 IHAMBURG598 IHAMBURG1845 IHAMBURG489 IHAMBURG1200 IHAMBURG2076 IHAMBURG1679 IHAMBURG1074 IHAMBURG731 IHAMBURG333 IHAMBURG1114 IHAMBURG1622 INORDERS5 IHAMBURG812 IHAMBURG52 IHAMBURG2042 IHAMBURG2075 IHHBERGS2 IHAMBURG56 IHHEIDEL4 IHAMBURG475 IHAMBURG2070 IHAMBURG1411 IHAMBURG2065 IHAMBURG431 IHAMBURG436 IHAMBURG1118 IHAMBURG772 IHAMBURG2013 IHAMBURG1890 IHHHINSC4 IHAMBURG1008 IHAMBURG233 IHAMBURG1967 IHAMBURG205 IHAMBURG847 ILBALVES2 IHAMBURG1953 IHAMBURG361 INORDERS21 IHHOSDOR2 IHAMBURG1990 ISANKTUR5 IHAMBURG1208 IHAMBURG41 IHAMBURG976 IHAMBURG237 IHAMBURG1864 IHAMBURG183 IHAMBURG1436 IHAMBURG69 IHAMBURG1236 IHAMBURG1306 IHAMBURG140 IHAMBURG153
2017-09-23 09:39:01,833 DEBUG done: 0.000 percent
2017-09-23 09:51:28,631 DEBUG done: 13.661 percent
2017-09-23 10:03:39,456 DEBUG done: 27.322 percent
2017-09-23 10:16:17,847 DEBUG done: 40.984 percent
2017-09-23 10:28:45,653 DEBUG done: 54.645 percent
2017-09-23 10:41:58,982 DEBUG done: 68.306 percent
2017-09-23 10:55:33,783 DEBUG done: 81.967 percent
2017-09-23 11:09:11,159 DEBUG done: 95.628 percent
2017-09-23 11:13:44,132 INFO idw_p4_all  1.023 n=1461
2017-09-23 11:13:44,154 INFO max_all     3.360 n=1461
2017-09-23 11:13:44,154 INFO idw_p1_all  0.971 n=1461
2017-09-23 11:13:44,154 INFO idw_p3_all  0.990 n=1461
2017-09-23 11:13:44,154 INFO min_all     1.430 n=1461
2017-09-23 11:13:44,154 INFO min_cn5     0.987 n=1461
2017-09-23 11:13:44,154 INFO idw_p1_cn3  1.733 n=1461
2017-09-23 11:13:44,154 INFO max_cn3     1.913 n=1461
2017-09-23 11:13:44,154 INFO mean_cn5    1.396 n=1461
2017-09-23 11:13:44,155 INFO mean_all    0.949 n=1461
2017-09-23 11:13:44,155 INFO median_cn3  1.706 n=1461
2017-09-23 11:13:44,155 INFO idw_p4_cn5  1.619 n=1461
2017-09-23 11:13:44,155 INFO idw_p3_cn3  1.781 n=1461
2017-09-23 11:13:44,155 INFO idw_p3_cn5  1.586 n=1461
2017-09-23 11:13:44,155 INFO idw_p2_all  0.970 n=1461
2017-09-23 11:13:44,155 INFO idw_p2_cn3  1.762 n=1461
2017-09-23 11:13:44,155 INFO max_cn5     2.166 n=1461
2017-09-23 11:13:44,155 INFO mean_cn3    1.522 n=1461
2017-09-23 11:13:44,155 INFO median_cn5  1.362 n=1461
2017-09-23 11:13:44,155 INFO median_all  0.941 n=1461
2017-09-23 11:13:44,155 INFO min_cn3     1.153 n=1461
2017-09-23 11:13:44,155 INFO idw_p1_cn5  1.483 n=1461
2017-09-23 11:13:44,155 INFO idw_p2_cn5  1.540 n=1461
2017-09-23 11:13:44,155 INFO idw_p4_cn3  1.792 n=1461
2017-09-23 11:13:44,155 INFO end method list
2017-09-23 11:13:44,191 INFO max_all     3.76775 n=14569
2017-09-23 11:13:44,192 INFO idw_p1_all  1.38701 n=14569
2017-09-23 11:13:44,192 INFO idw_p3_all  1.38456 n=14569
2017-09-23 11:13:44,192 INFO min_all     1.32146 n=14569
2017-09-23 11:13:44,192 INFO idw_p1_cn3  1.38122 n=14569
2017-09-23 11:13:44,193 INFO mean_cn5    1.37634 n=14569
2017-09-23 11:13:44,193 INFO median_all  1.38666 n=14569
2017-09-23 11:13:44,193 INFO idw_p4_cn5  1.41984 n=14569
2017-09-23 11:13:44,193 INFO idw_p3_cn3  1.38899 n=14569
2017-09-23 11:13:44,193 INFO idw_p2_cn3  1.38522 n=14569
2017-09-23 11:13:44,194 INFO min_cn3     1.18959 n=14569
2017-09-23 11:13:44,194 INFO idw_p2_cn5  1.39555 n=14569
2017-09-23 11:13:44,194 INFO idw_p4_all  1.39591 n=14569
2017-09-23 11:13:44,194 INFO min_cn5     1.11725 n=14569
2017-09-23 11:13:44,194 INFO max_cn3     1.60732 n=14569
2017-09-23 11:13:44,195 INFO mean_all    1.39680 n=14569
2017-09-23 11:13:44,195 INFO median_cn3  1.37726 n=14569
2017-09-23 11:13:44,195 INFO idw_p2_all  1.36396 n=14569
2017-09-23 11:13:44,195 INFO max_cn5     1.91157 n=14569
2017-09-23 11:13:44,195 INFO mean_cn3    1.35780 n=14569
2017-09-23 11:13:44,196 INFO idw_p4_cn3  1.39168 n=14569
2017-09-23 11:13:44,196 INFO median_cn5  1.33751 n=14569
2017-09-23 11:13:44,196 INFO idw_p1_cn5  1.37104 n=14569
2017-09-23 11:13:44,196 INFO idw_p3_cn5  1.41106 n=14569
