2017-09-24 04:11:15,685 INFO ### Start new logging
2017-09-24 04:11:15,685 INFO General Overview
2017-09-24 04:11:15,685 INFO targets: HCM IHM LGM LWM RIM SGM SWM WGM WWM ZOM
2017-09-24 04:11:15,685 INFO neighbours: IHHSASEL2 IHAMBURG709 IHAMBURG1306 IHAMBURG598 IHAMBURG82 IHAMBURG1973 IHAMBURG1176 IHAMBURG910 IHAMBURG1586 IHAMBURG89 IHAMBURG237 IHAMBURG2031 IHAMBURG851 IHAMBURG1917 IHAMBURG628 IHAMBURG1421 IHAMBURG1124 IHAMBURG218 INORDERS72 IHAMBURG441 IHAMBURG1116 IHAMBURG450 IHAMBURG2008 IHAMBURG1254 IHAMBURG1464 IHAMBURG1864 IHAMBURG1990 IHAMBURG47 IHAMBURG2075 IHAMBURG2011 IHAMBURG1054 IHAMBURG190 IHAMBURG2039 IHAMBURG1622 IHAMBURG1830 IHAMBURG1058 IHAMBURG762 INORDERS16 IHAMBURG155 IHAMBURG175 IHAMBURG1374 IHAMBURG1204 IHAMBURG1389 IHAMBURG1182 IHAMBURG159 IHAMBURG699 IHAMBURG1292 IHAMBURG620 IHAMBURG1635 IHAMBURG1805 IHAMBURG840 IHAMBURG400 IHAMBURG1922 IHAMBURG1606 IHAMBURG2069 IHHWANDS2 IHAMBURG1795 IHAMBURG1044 IHHHINSC3 IHAMBURG1268 IHHFARMS3 IHAMBURG630 IHAMBURG594 IHAMBURG531 IHAMBURG64 IHAMBURG316 IHAMBURG1773 IHAMBURG206 IHAMBURG276 IHAMBURG1890 IHAMBURG98 IHAMBURG1933 IHAMBURG1755 IHHWINTE4 IHHNEUBO3 IHAMBURG1735 IBARSBTT22 IHAMBURG69 IHAMBURG1158 IHAMBURG1172 IHAMBURG1088 IHAMBURG2052 IHAMBURG1699 IHAMBURG1643 IHAMBURG81 IHAMBURG976 IHHFARMS2 IHAMBURG1256 IHAMBURG1516 IHAMBURG1298 IHAMBURG1015 IHAMBURG2066 IHAMBURG92 IHAMBURG119 IHAMBURG342 IHAMBURG90 IHAMBURG267 IHAMBURG969 IWEDEL8 IHHEISSE2 IHAMBURG1220 IHAMBURG1336 IHAMBURG863 IHAMBURG974 IHAMBURG1961 IHAMBURG1120 IHAMBURG1918 IHHHAMBU3 IHAMBURG243 IHAMBURG1920 IBARSBTT19 IHAMBURG2024 IHHLOKST3 ISEEVETA49 IHAMBURG1428 IHAMBURG978 IHAMBURG648 IHAMBURG118 IHAMBURG465 IHAMBURG1314 IHAMBURG508 IHAMBURG41 IHAMBURG723 IHAMBURG1783 IHAMBURG1476 IHAMBURG1346 IHAMBURG741 IHAMBURG355 IHAMBURG475 IHAMBURG812 IHHHOHEN2 IHHLANGE3 IHAMBURG2085 IHAMBURG1484 IHAMBURG1112 IHAMBURG1639 IHAMBURG1928 IHAMBURG550 IHORN16 IHAMBURG285 IHAMBURG1082 IHAMBURG1192 IHAMBURG435 IHAMBURG149 IHAMBURG460 IHHGROSS2 IHAMBURG2088 IBNNINGS3 IHHEIDEL2 INORDERS5 IHAMBURG1945 IHAMBURG2080 IHAMBURG42 IHAMBURG1086 IHHKLEIN2 IHAMBURG1977 IHHFUHLS3 IHAMBURG1368 IHAMBURG789 IHAMBURG1998 IHAMBURG540 IHAMBURG289 IHAMBURG537 IHHHARBU2 IHAMBURG867 IHAMBURG2041 ISCHENEF11 IHAMBURG412 IHHEIDEL5 IHAMBURG60 IHAMBURG2070 IHAMBURG693 IHAMBURG1391 IHAMBURG514 IHAMBURG955 IHAMBURG1823 IHAMBURG1880 IHAMBURG1234 IHAMBURG142 IHAMBURG1986 IHHBARMB5 IHAMBURG737 IHAMBURG1548 IHAMBURG1919 IHAMBURG1216 IWENTORF21 IHHEINLA2 IHAMBURG567 IHAMBURG990 IHAMBURG1166 IHAMBURG1494 IHAMBURG774 IHAMBURG269 IHAMBURG880 IHAMBURG1753 IHAMBURG1190 IHHHAMBU4 IHAMBURG279 IHAMBURG1860 IHAMBURG1631 IHAMBURG417 IHAMBURG216 IHAMBURG1982 IHAMBURG168 IHAMBURG199 IHAMBURG291 IHHSTEIL2 IHAMBURG469 IHAMBURG423 IHAMBURG1248 IHAMBURG61 IHAMBURG805 IHHMEIEN2 IHAMBURG998 IHHGRUEN2 IHHHELLB2 IHAMBURG1302 IHHLURUP2 IHAMBURG20 IHAMBURG2016 IHAMBURG93 IHAMBURG1645 IHAMBURG1108 IHAMBURG1144 IHAMBURG847 IHAMBURG1332 IHAMBURG436 IHAMBURG719 IHAMBURG803 IHAMBURG410 IHAMBURG1164 IHAMBURG53 IHAMBURG1411 IHHHOHEN3 IHAMBURG166 IHAMBURG481 IHHBARMB6 IHAMBURG1614 IHAMBURG274 IHAMBURG707 IHHMARIE2 IHAMBURG1910 IHAMBURG315 IHAMBURG336 INORDERS2 IHAMBURG1068 IHAMBURG354 ILBHOOPT2 IHAMBURG1458 IHAMBURG215 IHAMBURG1985 IHAMBURG1152 IHAMBURG1136 IHAMBURG262 IHAMBURG2002 IHAMBURG1974 IHAMBURG2009 IHAMBURG1372 IHAMBURG46 IHAMBURG452 IHAMBURG128 IHAMBURG1797 IHAMBURG280 IHAMBURG1629 IHAMBURG1709 IHAMBURG1360 IHAMBURG1150 IHAMBURG1084 IHAMBURG1832 IHAMBURG654 IHAMBURG2025 IHAMBURG1538 IHAMBURG1616 IHAMBURG1174 IHAMBURG268 IHAMBURG114 IHAMBURG213 IHAMBURG113 IHAMBURG403 IHAMBURG1462 IHAMBURG195 IHAMBURG527 IHAMBURG1512 IHAMBURG1427 IHAMBURG32 IHAMBURG1282 IHAMBURG99 IHAMBURG1771 IHAMBURG390 IHAMBURG1076 IHAMBURG1916 IHAMBURG360 IHAMBURG2079 IHAMBURG1508 IHAMBURG1711 IHHNEUGR2 IHAMBURG308 IHHSTEIN2 IHAMBURG1940 IHAMBURG154 IHAMBURG1064 IHAMBURG49 IHAMBURG1470 IHHSCHNE3 IHAMBURG489 IHAMBURG1142 IHHLOHBR3 IHAMBURG1976 IHAMBURG1002 IHAMBURG1184 IHAMBURG935 IHHMARIE4 IHAMBURG1661 IHAMBURG1600 IHAMBURG600 IHAMBURG10 IHAMBURG200 IHAMBURG1504 IHAMBURG456 IHHSCHNE2 IHAMBURG340 IHAMBURG1870 IHAMBURG335 IHAMBURG1342 IHAMBURG110 IHAMBURG44 IHAMBURG515 IHAMBURG674 IHAMBURG1436 IHAMBURG1819 IHAMBURG1106 IHAMBURG1929 IHHKIRCH2 IHHWELLI2 IHAMBURG646 IHAMBURG352 IHAMBURG163 IHHOHMOO2 IHAMBURG427 IHAMBURG106 IHAMBURG140 IHAMBURG471 IHAMBURG1759 IHAMBURG333 IHAMBURG2081 IHAMBURG1052 IHAMBURG1967 IHAMBURG363 IHAMBURG180 IHAMBURG924 IHAMBURG252 IHAMBURG1989 INORDERS98 IHAMBURG1230 IHAMBURG2048 IHAMBURG2013 IHAMBURG1995 IHAMBURG2026 IHAMBURG1671 IHAMBURG242 IHAMBURG1950 IHAMBURG1008 IHAMBURG260 IHAMBURG2005 IHAMBURG951 IHAMBURG2043 IHAMBURG79 IHAMBURG109 IHAMBURG626 IHAMBURG2076 IHAMBURG229 IHAMBURG224 IHAMBURG1270 IHAMBURG431 IHAMBURG258 IHAMBURG1787 IHAMBURG1300 IHHMARIE3 INORDERS21 IHAMBURG394 IHAMBURG1988 IHAMBURG1962 IHHOSDOR2 IHAMBURG1697 IHAMBURG1284 IHAMBURG1200 IHAMBURG380 IHAMBURG406 IHAMBURG214 IHAMBURG1675 IHAMBURG963 IHAMBURG610 IHAMBURG153 IHAMBURG1691 IHAMBURG1056 IHAMBURG684 IHAMBURG487 IHAMBURG454 IHAMBURG162 IHAMBURG2000 IHAMBURG341 IHAMBURG2042 IHAMBURG1843 IHAMBURG1118 IHAMBURG1102 IHAMBURG1620 IHAMBURG1194 IHAMBURG439 IHAMBURG373 IHAMBURG1156 IHAMBURG184 IWINSENL6 IHAMBURG405 IHAMBURG1628 IHHALSTE2 IHAMBURG172 IHAMBURG144 IHAMBURG1379 IHAMBURG1296 IHAMBURG132 IHAMBURG131 IHAMBURG375 IHAMBURG1383 IHAMBURG517 IHAMBURG1252 IHAMBURG1930 IHAMBURG497 IHAMBURG957 IHAMBURG751 IHAMBURG1198 IHAMBURG205 IHAMBURG22 IHAMBURG402 IHAMBURG479 IHHCURSL2 IHHROTHE2 IHAMBURG640 IHAMBURG592 IHAMBURG1932 IHAMBURG270 IHAMBURG108 IHAMBURG188 IHAMBURG1841
2017-09-24 04:11:15,685 INFO End overview
2017-09-24 04:11:15,686 INFO Several Runs
2017-09-24 04:11:15,686 INFO end targets
2017-09-24 04:11:15,686 INFO overall result
2017-09-24 04:11:15,686 INFO interpolate for HCM
2017-09-24 04:11:15,686 INFO currently at 1 out of 10
2017-09-24 04:11:15,686 INFO use IHHSASEL2 IHAMBURG709 IHAMBURG1306 IHAMBURG598 IHAMBURG82 IHAMBURG1973 IHAMBURG1176 IHAMBURG910 IHAMBURG1586 IHAMBURG89 IHAMBURG237 IHAMBURG2031 IHAMBURG851 IHAMBURG1917 IHAMBURG628 IHAMBURG1421 IHAMBURG1124 IHAMBURG218 INORDERS72 IHAMBURG441 IHAMBURG1116 IHAMBURG450 IHAMBURG2008 IHAMBURG1254 IHAMBURG1464 IHAMBURG1864 IHAMBURG1990 IHAMBURG47 IHAMBURG2075 IHAMBURG2011 IHAMBURG1054 IHAMBURG190 IHAMBURG2039 IHAMBURG1622 IHAMBURG1830 IHAMBURG1058 IHAMBURG762 INORDERS16 IHAMBURG155 IHAMBURG175 IHAMBURG1374 IHAMBURG1204 IHAMBURG1389 IHAMBURG1182 IHAMBURG159 IHAMBURG699 IHAMBURG1292 IHAMBURG620 IHAMBURG1635 IHAMBURG1805 IHAMBURG840 IHAMBURG400 IHAMBURG1922 IHAMBURG1606 IHAMBURG2069 IHHWANDS2 IHAMBURG1795 IHAMBURG1044 IHHHINSC3 IHAMBURG1268 IHHFARMS3 IHAMBURG630 IHAMBURG594 IHAMBURG531 IHAMBURG64 IHAMBURG316 IHAMBURG1773 IHAMBURG206 IHAMBURG276 IHAMBURG1890 IHAMBURG98 IHAMBURG1933 IHAMBURG1755 IHHWINTE4 IHHNEUBO3 IHAMBURG1735 IBARSBTT22 IHAMBURG69 IHAMBURG1158 IHAMBURG1172 IHAMBURG1088 IHAMBURG2052 IHAMBURG1699 IHAMBURG1643 IHAMBURG81 IHAMBURG976 IHHFARMS2 IHAMBURG1256 IHAMBURG1516 IHAMBURG1298 IHAMBURG1015 IHAMBURG2066 IHAMBURG92 IHAMBURG119 IHAMBURG342 IHAMBURG90 IHAMBURG267 IHAMBURG969 IWEDEL8 IHHEISSE2 IHAMBURG1220 IHAMBURG1336 IHAMBURG863 IHAMBURG974 IHAMBURG1961 IHAMBURG1120 IHAMBURG1918 IHHHAMBU3 IHAMBURG243 IHAMBURG1920 IBARSBTT19 IHAMBURG2024 IHHLOKST3 ISEEVETA49 IHAMBURG1428 IHAMBURG978 IHAMBURG648 IHAMBURG118 IHAMBURG465 IHAMBURG1314 IHAMBURG508 IHAMBURG41 IHAMBURG723 IHAMBURG1783 IHAMBURG1476 IHAMBURG1346 IHAMBURG741 IHAMBURG355 IHAMBURG475 IHAMBURG812 IHHHOHEN2 IHHLANGE3 IHAMBURG2085 IHAMBURG1484 IHAMBURG1112 IHAMBURG1639 IHAMBURG1928 IHAMBURG550 IHORN16 IHAMBURG285 IHAMBURG1082 IHAMBURG1192 IHAMBURG435 IHAMBURG149 IHAMBURG460 IHHGROSS2 IHAMBURG2088 IBNNINGS3 IHHEIDEL2 INORDERS5 IHAMBURG1945 IHAMBURG2080 IHAMBURG42 IHAMBURG1086 IHHKLEIN2 IHAMBURG1977 IHHFUHLS3 IHAMBURG1368 IHAMBURG789 IHAMBURG1998 IHAMBURG540 IHAMBURG289 IHAMBURG537 IHHHARBU2 IHAMBURG867 IHAMBURG2041 ISCHENEF11 IHAMBURG412 IHHEIDEL5 IHAMBURG60 IHAMBURG2070 IHAMBURG693 IHAMBURG1391 IHAMBURG514 IHAMBURG955 IHAMBURG1823 IHAMBURG1880 IHAMBURG1234 IHAMBURG142 IHAMBURG1986 IHHBARMB5 IHAMBURG737 IHAMBURG1548 IHAMBURG1919 IHAMBURG1216 IWENTORF21 IHHEINLA2 IHAMBURG567 IHAMBURG990 IHAMBURG1166 IHAMBURG1494 IHAMBURG774 IHAMBURG269 IHAMBURG880 IHAMBURG1753 IHAMBURG1190 IHHHAMBU4 IHAMBURG279 IHAMBURG1860 IHAMBURG1631 IHAMBURG417 IHAMBURG216 IHAMBURG1982 IHAMBURG168 IHAMBURG199 IHAMBURG291 IHHSTEIL2 IHAMBURG469 IHAMBURG423 IHAMBURG1248 IHAMBURG61 IHAMBURG805 IHHMEIEN2 IHAMBURG998 IHHGRUEN2 IHHHELLB2 IHAMBURG1302 IHHLURUP2 IHAMBURG20 IHAMBURG2016 IHAMBURG93 IHAMBURG1645 IHAMBURG1108 IHAMBURG1144 IHAMBURG847 IHAMBURG1332 IHAMBURG436 IHAMBURG719 IHAMBURG803 IHAMBURG410 IHAMBURG1164 IHAMBURG53 IHAMBURG1411 IHHHOHEN3 IHAMBURG166 IHAMBURG481 IHHBARMB6 IHAMBURG1614 IHAMBURG274 IHAMBURG707 IHHMARIE2 IHAMBURG1910 IHAMBURG315 IHAMBURG336 INORDERS2 IHAMBURG1068 IHAMBURG354 ILBHOOPT2 IHAMBURG1458 IHAMBURG215 IHAMBURG1985 IHAMBURG1152 IHAMBURG1136 IHAMBURG262 IHAMBURG2002 IHAMBURG1974 IHAMBURG2009 IHAMBURG1372 IHAMBURG46 IHAMBURG452 IHAMBURG128 IHAMBURG1797 IHAMBURG280 IHAMBURG1629 IHAMBURG1709 IHAMBURG1360 IHAMBURG1150 IHAMBURG1084 IHAMBURG1832 IHAMBURG654 IHAMBURG2025 IHAMBURG1538 IHAMBURG1616 IHAMBURG1174 IHAMBURG268 IHAMBURG114 IHAMBURG213 IHAMBURG113 IHAMBURG403 IHAMBURG1462 IHAMBURG195 IHAMBURG527 IHAMBURG1512 IHAMBURG1427 IHAMBURG32 IHAMBURG1282 IHAMBURG99 IHAMBURG1771 IHAMBURG390 IHAMBURG1076 IHAMBURG1916 IHAMBURG360 IHAMBURG2079 IHAMBURG1508 IHAMBURG1711 IHHNEUGR2 IHAMBURG308 IHHSTEIN2 IHAMBURG1940 IHAMBURG154 IHAMBURG1064 IHAMBURG49 IHAMBURG1470 IHHSCHNE3 IHAMBURG489 IHAMBURG1142 IHHLOHBR3 IHAMBURG1976 IHAMBURG1002 IHAMBURG1184 IHAMBURG935 IHHMARIE4 IHAMBURG1661 IHAMBURG1600 IHAMBURG600 IHAMBURG10 IHAMBURG200 IHAMBURG1504 IHAMBURG456 IHHSCHNE2 IHAMBURG340 IHAMBURG1870 IHAMBURG335 IHAMBURG1342 IHAMBURG110 IHAMBURG44 IHAMBURG515 IHAMBURG674 IHAMBURG1436 IHAMBURG1819 IHAMBURG1106 IHAMBURG1929 IHHKIRCH2 IHHWELLI2 IHAMBURG646 IHAMBURG352 IHAMBURG163 IHHOHMOO2 IHAMBURG427 IHAMBURG106 IHAMBURG140 IHAMBURG471 IHAMBURG1759 IHAMBURG333 IHAMBURG2081 IHAMBURG1052 IHAMBURG1967 IHAMBURG363 IHAMBURG180 IHAMBURG924 IHAMBURG252 IHAMBURG1989 INORDERS98 IHAMBURG1230 IHAMBURG2048 IHAMBURG2013 IHAMBURG1995 IHAMBURG2026 IHAMBURG1671 IHAMBURG242 IHAMBURG1950 IHAMBURG1008 IHAMBURG260 IHAMBURG2005 IHAMBURG951 IHAMBURG2043 IHAMBURG79 IHAMBURG109 IHAMBURG626 IHAMBURG2076 IHAMBURG229 IHAMBURG224 IHAMBURG1270 IHAMBURG431 IHAMBURG258 IHAMBURG1787 IHAMBURG1300 IHHMARIE3 INORDERS21 IHAMBURG394 IHAMBURG1988 IHAMBURG1962 IHHOSDOR2 IHAMBURG1697 IHAMBURG1284 IHAMBURG1200 IHAMBURG380 IHAMBURG406 IHAMBURG214 IHAMBURG1675 IHAMBURG963 IHAMBURG610 IHAMBURG153 IHAMBURG1691 IHAMBURG1056 IHAMBURG684 IHAMBURG487 IHAMBURG454 IHAMBURG162 IHAMBURG2000 IHAMBURG341 IHAMBURG2042 IHAMBURG1843 IHAMBURG1118 IHAMBURG1102 IHAMBURG1620 IHAMBURG1194 IHAMBURG439 IHAMBURG373 IHAMBURG1156 IHAMBURG184 IWINSENL6 IHAMBURG405 IHAMBURG1628 IHHALSTE2 IHAMBURG172 IHAMBURG144 IHAMBURG1379 IHAMBURG1296 IHAMBURG132 IHAMBURG131 IHAMBURG375 IHAMBURG1383 IHAMBURG517 IHAMBURG1252 IHAMBURG1930 IHAMBURG497 IHAMBURG957 IHAMBURG751 IHAMBURG1198 IHAMBURG205 IHAMBURG22 IHAMBURG402 IHAMBURG479 IHHCURSL2 IHHROTHE2 IHAMBURG640 IHAMBURG592 IHAMBURG1932 IHAMBURG270 IHAMBURG108 IHAMBURG188 IHAMBURG1841
2017-09-24 04:11:52,098 DEBUG done: 0.000 percent
2017-09-24 04:25:12,259 DEBUG done: 13.661 percent
2017-09-24 04:38:20,665 DEBUG done: 27.322 percent
2017-09-24 04:51:41,144 DEBUG done: 40.984 percent
2017-09-24 05:04:55,241 DEBUG done: 54.645 percent
2017-09-24 05:19:01,341 DEBUG done: 68.306 percent
2017-09-24 05:33:44,311 DEBUG done: 81.967 percent
2017-09-24 05:48:17,815 DEBUG done: 95.628 percent
2017-09-24 05:53:11,014 INFO mean_cn5    1.060 n=1463
2017-09-24 05:53:11,014 INFO min_cn5     0.822 n=1463
2017-09-24 05:53:11,015 INFO idw_p3_cn5  1.023 n=1463
2017-09-24 05:53:11,015 INFO max_cn5     1.592 n=1463
2017-09-24 05:53:11,015 INFO median_all  0.767 n=1463
2017-09-24 05:53:11,015 INFO idw_p4_all  1.055 n=1463
2017-09-24 05:53:11,015 INFO mean_all    0.799 n=1463
2017-09-24 05:53:11,015 INFO idw_p2_cn5  1.021 n=1463
2017-09-24 05:53:11,015 INFO min_all     1.811 n=1463
2017-09-24 05:53:11,015 INFO min_cn3     0.906 n=1463
2017-09-24 05:53:11,015 INFO idw_p1_cn3  1.177 n=1463
2017-09-24 05:53:11,015 INFO idw_p2_cn3  1.163 n=1463
2017-09-24 05:53:11,015 INFO idw_p4_cn5  1.024 n=1463
2017-09-24 05:53:11,015 INFO idw_p1_cn5  1.020 n=1463
2017-09-24 05:53:11,015 INFO idw_p1_all  0.816 n=1463
2017-09-24 05:53:11,015 INFO mean_cn3    1.147 n=1463
2017-09-24 05:53:11,015 INFO idw_p3_cn3  1.155 n=1463
2017-09-24 05:53:11,015 INFO idw_p2_all  0.877 n=1463
2017-09-24 05:53:11,015 INFO median_cn3  1.119 n=1463
2017-09-24 05:53:11,016 INFO max_all     3.264 n=1463
2017-09-24 05:53:11,016 INFO max_cn3     1.547 n=1463
2017-09-24 05:53:11,016 INFO idw_p4_cn3  1.151 n=1463
2017-09-24 05:53:11,016 INFO median_cn5  1.022 n=1463
2017-09-24 05:53:11,016 INFO idw_p3_all  0.979 n=1463
2017-09-24 05:53:11,016 INFO end method list
2017-09-24 05:53:11,020 INFO interpolate for IHM
2017-09-24 05:53:11,021 INFO currently at 2 out of 10
2017-09-24 05:53:11,021 INFO use IHHSASEL2 IHAMBURG709 IHAMBURG1306 IHAMBURG598 IHAMBURG82 IHAMBURG1973 IHAMBURG1176 IHAMBURG910 IHAMBURG1586 IHAMBURG89 IHAMBURG237 IHAMBURG2031 IHAMBURG851 IHAMBURG1917 IHAMBURG628 IHAMBURG1421 IHAMBURG1124 IHAMBURG218 INORDERS72 IHAMBURG441 IHAMBURG1116 IHAMBURG450 IHAMBURG2008 IHAMBURG1254 IHAMBURG1464 IHAMBURG1864 IHAMBURG1990 IHAMBURG47 IHAMBURG2075 IHAMBURG2011 IHAMBURG1054 IHAMBURG190 IHAMBURG2039 IHAMBURG1622 IHAMBURG1830 IHAMBURG1058 IHAMBURG762 INORDERS16 IHAMBURG155 IHAMBURG175 IHAMBURG1374 IHAMBURG1204 IHAMBURG1389 IHAMBURG1182 IHAMBURG159 IHAMBURG699 IHAMBURG1292 IHAMBURG620 IHAMBURG1635 IHAMBURG1805 IHAMBURG840 IHAMBURG400 IHAMBURG1922 IHAMBURG1606 IHAMBURG2069 IHHWANDS2 IHAMBURG1795 IHAMBURG1044 IHHHINSC3 IHAMBURG1268 IHHFARMS3 IHAMBURG630 IHAMBURG594 IHAMBURG531 IHAMBURG64 IHAMBURG316 IHAMBURG1773 IHAMBURG206 IHAMBURG276 IHAMBURG1890 IHAMBURG98 IHAMBURG1933 IHAMBURG1755 IHHWINTE4 IHHNEUBO3 IHAMBURG1735 IBARSBTT22 IHAMBURG69 IHAMBURG1158 IHAMBURG1172 IHAMBURG1088 IHAMBURG2052 IHAMBURG1699 IHAMBURG1643 IHAMBURG81 IHAMBURG976 IHHFARMS2 IHAMBURG1256 IHAMBURG1516 IHAMBURG1298 IHAMBURG1015 IHAMBURG2066 IHAMBURG92 IHAMBURG119 IHAMBURG342 IHAMBURG90 IHAMBURG267 IHAMBURG969 IWEDEL8 IHHEISSE2 IHAMBURG1220 IHAMBURG1336 IHAMBURG863 IHAMBURG974 IHAMBURG1961 IHAMBURG1120 IHAMBURG1918 IHHHAMBU3 IHAMBURG243 IHAMBURG1920 IBARSBTT19 IHAMBURG2024 IHHLOKST3 ISEEVETA49 IHAMBURG1428 IHAMBURG978 IHAMBURG648 IHAMBURG118 IHAMBURG465 IHAMBURG1314 IHAMBURG508 IHAMBURG41 IHAMBURG723 IHAMBURG1783 IHAMBURG1476 IHAMBURG1346 IHAMBURG741 IHAMBURG355 IHAMBURG475 IHAMBURG812 IHHHOHEN2 IHHLANGE3 IHAMBURG2085 IHAMBURG1484 IHAMBURG1112 IHAMBURG1639 IHAMBURG1928 IHAMBURG550 IHORN16 IHAMBURG285 IHAMBURG1082 IHAMBURG1192 IHAMBURG435 IHAMBURG149 IHAMBURG460 IHHGROSS2 IHAMBURG2088 IBNNINGS3 IHHEIDEL2 INORDERS5 IHAMBURG1945 IHAMBURG2080 IHAMBURG42 IHAMBURG1086 IHHKLEIN2 IHAMBURG1977 IHHFUHLS3 IHAMBURG1368 IHAMBURG789 IHAMBURG1998 IHAMBURG540 IHAMBURG289 IHAMBURG537 IHHHARBU2 IHAMBURG867 IHAMBURG2041 ISCHENEF11 IHAMBURG412 IHHEIDEL5 IHAMBURG60 IHAMBURG2070 IHAMBURG693 IHAMBURG1391 IHAMBURG514 IHAMBURG955 IHAMBURG1823 IHAMBURG1880 IHAMBURG1234 IHAMBURG142 IHAMBURG1986 IHHBARMB5 IHAMBURG737 IHAMBURG1548 IHAMBURG1919 IHAMBURG1216 IWENTORF21 IHHEINLA2 IHAMBURG567 IHAMBURG990 IHAMBURG1166 IHAMBURG1494 IHAMBURG774 IHAMBURG269 IHAMBURG880 IHAMBURG1753 IHAMBURG1190 IHHHAMBU4 IHAMBURG279 IHAMBURG1860 IHAMBURG1631 IHAMBURG417 IHAMBURG216 IHAMBURG1982 IHAMBURG168 IHAMBURG199 IHAMBURG291 IHHSTEIL2 IHAMBURG469 IHAMBURG423 IHAMBURG1248 IHAMBURG61 IHAMBURG805 IHHMEIEN2 IHAMBURG998 IHHGRUEN2 IHHHELLB2 IHAMBURG1302 IHHLURUP2 IHAMBURG20 IHAMBURG2016 IHAMBURG93 IHAMBURG1645 IHAMBURG1108 IHAMBURG1144 IHAMBURG847 IHAMBURG1332 IHAMBURG436 IHAMBURG719 IHAMBURG803 IHAMBURG410 IHAMBURG1164 IHAMBURG53 IHAMBURG1411 IHHHOHEN3 IHAMBURG166 IHAMBURG481 IHHBARMB6 IHAMBURG1614 IHAMBURG274 IHAMBURG707 IHHMARIE2 IHAMBURG1910 IHAMBURG315 IHAMBURG336 INORDERS2 IHAMBURG1068 IHAMBURG354 ILBHOOPT2 IHAMBURG1458 IHAMBURG215 IHAMBURG1985 IHAMBURG1152 IHAMBURG1136 IHAMBURG262 IHAMBURG2002 IHAMBURG1974 IHAMBURG2009 IHAMBURG1372 IHAMBURG46 IHAMBURG452 IHAMBURG128 IHAMBURG1797 IHAMBURG280 IHAMBURG1629 IHAMBURG1709 IHAMBURG1360 IHAMBURG1150 IHAMBURG1084 IHAMBURG1832 IHAMBURG654 IHAMBURG2025 IHAMBURG1538 IHAMBURG1616 IHAMBURG1174 IHAMBURG268 IHAMBURG114 IHAMBURG213 IHAMBURG113 IHAMBURG403 IHAMBURG1462 IHAMBURG195 IHAMBURG527 IHAMBURG1512 IHAMBURG1427 IHAMBURG32 IHAMBURG1282 IHAMBURG99 IHAMBURG1771 IHAMBURG390 IHAMBURG1076 IHAMBURG1916 IHAMBURG360 IHAMBURG2079 IHAMBURG1508 IHAMBURG1711 IHHNEUGR2 IHAMBURG308 IHHSTEIN2 IHAMBURG1940 IHAMBURG154 IHAMBURG1064 IHAMBURG49 IHAMBURG1470 IHHSCHNE3 IHAMBURG489 IHAMBURG1142 IHHLOHBR3 IHAMBURG1976 IHAMBURG1002 IHAMBURG1184 IHAMBURG935 IHHMARIE4 IHAMBURG1661 IHAMBURG1600 IHAMBURG600 IHAMBURG10 IHAMBURG200 IHAMBURG1504 IHAMBURG456 IHHSCHNE2 IHAMBURG340 IHAMBURG1870 IHAMBURG335 IHAMBURG1342 IHAMBURG110 IHAMBURG44 IHAMBURG515 IHAMBURG674 IHAMBURG1436 IHAMBURG1819 IHAMBURG1106 IHAMBURG1929 IHHKIRCH2 IHHWELLI2 IHAMBURG646 IHAMBURG352 IHAMBURG163 IHHOHMOO2 IHAMBURG427 IHAMBURG106 IHAMBURG140 IHAMBURG471 IHAMBURG1759 IHAMBURG333 IHAMBURG2081 IHAMBURG1052 IHAMBURG1967 IHAMBURG363 IHAMBURG180 IHAMBURG924 IHAMBURG252 IHAMBURG1989 INORDERS98 IHAMBURG1230 IHAMBURG2048 IHAMBURG2013 IHAMBURG1995 IHAMBURG2026 IHAMBURG1671 IHAMBURG242 IHAMBURG1950 IHAMBURG1008 IHAMBURG260 IHAMBURG2005 IHAMBURG951 IHAMBURG2043 IHAMBURG79 IHAMBURG109 IHAMBURG626 IHAMBURG2076 IHAMBURG229 IHAMBURG224 IHAMBURG1270 IHAMBURG431 IHAMBURG258 IHAMBURG1787 IHAMBURG1300 IHHMARIE3 INORDERS21 IHAMBURG394 IHAMBURG1988 IHAMBURG1962 IHHOSDOR2 IHAMBURG1697 IHAMBURG1284 IHAMBURG1200 IHAMBURG380 IHAMBURG406 IHAMBURG214 IHAMBURG1675 IHAMBURG963 IHAMBURG610 IHAMBURG153 IHAMBURG1691 IHAMBURG1056 IHAMBURG684 IHAMBURG487 IHAMBURG454 IHAMBURG162 IHAMBURG2000 IHAMBURG341 IHAMBURG2042 IHAMBURG1843 IHAMBURG1118 IHAMBURG1102 IHAMBURG1620 IHAMBURG1194 IHAMBURG439 IHAMBURG373 IHAMBURG1156 IHAMBURG184 IWINSENL6 IHAMBURG405 IHAMBURG1628 IHHALSTE2 IHAMBURG172 IHAMBURG144 IHAMBURG1379 IHAMBURG1296 IHAMBURG132 IHAMBURG131 IHAMBURG375 IHAMBURG1383 IHAMBURG517 IHAMBURG1252 IHAMBURG1930 IHAMBURG497 IHAMBURG957 IHAMBURG751 IHAMBURG1198 IHAMBURG205 IHAMBURG22 IHAMBURG402 IHAMBURG479 IHHCURSL2 IHHROTHE2 IHAMBURG640 IHAMBURG592 IHAMBURG1932 IHAMBURG270 IHAMBURG108 IHAMBURG188 IHAMBURG1841
2017-09-24 05:53:16,150 DEBUG done: 0.000 percent
2017-09-24 06:06:24,877 DEBUG done: 13.661 percent
2017-09-24 06:19:24,948 DEBUG done: 27.322 percent
2017-09-24 06:32:46,552 DEBUG done: 40.984 percent
2017-09-24 06:45:40,996 DEBUG done: 54.645 percent
2017-09-24 06:59:33,570 DEBUG done: 68.306 percent
2017-09-24 07:14:06,295 DEBUG done: 81.967 percent
2017-09-24 07:28:21,615 DEBUG done: 95.628 percent
2017-09-24 07:33:13,981 INFO mean_cn5    0.931 n=1464
2017-09-24 07:33:13,981 INFO min_cn5     0.668 n=1464
2017-09-24 07:33:13,982 INFO idw_p3_cn5  0.945 n=1464
2017-09-24 07:33:13,982 INFO max_cn5     1.580 n=1464
2017-09-24 07:33:13,982 INFO median_all  0.766 n=1464
2017-09-24 07:33:13,982 INFO idw_p4_all  1.162 n=1464
2017-09-24 07:33:13,982 INFO mean_all    0.802 n=1464
2017-09-24 07:33:13,982 INFO idw_p2_cn5  0.957 n=1464
2017-09-24 07:33:13,982 INFO min_all     1.982 n=1464
2017-09-24 07:33:13,982 INFO min_cn3     0.785 n=1464
2017-09-24 07:33:13,982 INFO idw_p1_cn3  1.171 n=1464
2017-09-24 07:33:13,982 INFO idw_p2_cn3  1.218 n=1464
2017-09-24 07:33:13,982 INFO idw_p4_cn5  0.934 n=1464
2017-09-24 07:33:13,982 INFO idw_p1_cn5  0.969 n=1464
2017-09-24 07:33:13,982 INFO idw_p1_all  0.834 n=1464
2017-09-24 07:33:13,982 INFO mean_cn3    1.065 n=1464
2017-09-24 07:33:13,982 INFO idw_p3_cn3  1.248 n=1464
2017-09-24 07:33:13,982 INFO idw_p2_all  0.932 n=1464
2017-09-24 07:33:13,982 INFO median_cn3  1.062 n=1464
2017-09-24 07:33:13,982 INFO max_all     3.147 n=1464
2017-09-24 07:33:13,983 INFO max_cn3     1.532 n=1464
2017-09-24 07:33:13,983 INFO idw_p4_cn3  1.265 n=1464
2017-09-24 07:33:13,983 INFO median_cn5  0.893 n=1464
2017-09-24 07:33:13,983 INFO idw_p3_all  1.071 n=1464
2017-09-24 07:33:13,983 INFO end method list
2017-09-24 07:33:13,987 INFO interpolate for LGM
2017-09-24 07:33:13,987 INFO currently at 3 out of 10
2017-09-24 07:33:13,987 INFO use IHHSASEL2 IHAMBURG709 IHAMBURG1306 IHAMBURG598 IHAMBURG82 IHAMBURG1973 IHAMBURG1176 IHAMBURG910 IHAMBURG1586 IHAMBURG89 IHAMBURG237 IHAMBURG2031 IHAMBURG851 IHAMBURG1917 IHAMBURG628 IHAMBURG1421 IHAMBURG1124 IHAMBURG218 INORDERS72 IHAMBURG441 IHAMBURG1116 IHAMBURG450 IHAMBURG2008 IHAMBURG1254 IHAMBURG1464 IHAMBURG1864 IHAMBURG1990 IHAMBURG47 IHAMBURG2075 IHAMBURG2011 IHAMBURG1054 IHAMBURG190 IHAMBURG2039 IHAMBURG1622 IHAMBURG1830 IHAMBURG1058 IHAMBURG762 INORDERS16 IHAMBURG155 IHAMBURG175 IHAMBURG1374 IHAMBURG1204 IHAMBURG1389 IHAMBURG1182 IHAMBURG159 IHAMBURG699 IHAMBURG1292 IHAMBURG620 IHAMBURG1635 IHAMBURG1805 IHAMBURG840 IHAMBURG400 IHAMBURG1922 IHAMBURG1606 IHAMBURG2069 IHHWANDS2 IHAMBURG1795 IHAMBURG1044 IHHHINSC3 IHAMBURG1268 IHHFARMS3 IHAMBURG630 IHAMBURG594 IHAMBURG531 IHAMBURG64 IHAMBURG316 IHAMBURG1773 IHAMBURG206 IHAMBURG276 IHAMBURG1890 IHAMBURG98 IHAMBURG1933 IHAMBURG1755 IHHWINTE4 IHHNEUBO3 IHAMBURG1735 IBARSBTT22 IHAMBURG69 IHAMBURG1158 IHAMBURG1172 IHAMBURG1088 IHAMBURG2052 IHAMBURG1699 IHAMBURG1643 IHAMBURG81 IHAMBURG976 IHHFARMS2 IHAMBURG1256 IHAMBURG1516 IHAMBURG1298 IHAMBURG1015 IHAMBURG2066 IHAMBURG92 IHAMBURG119 IHAMBURG342 IHAMBURG90 IHAMBURG267 IHAMBURG969 IWEDEL8 IHHEISSE2 IHAMBURG1220 IHAMBURG1336 IHAMBURG863 IHAMBURG974 IHAMBURG1961 IHAMBURG1120 IHAMBURG1918 IHHHAMBU3 IHAMBURG243 IHAMBURG1920 IBARSBTT19 IHAMBURG2024 IHHLOKST3 ISEEVETA49 IHAMBURG1428 IHAMBURG978 IHAMBURG648 IHAMBURG118 IHAMBURG465 IHAMBURG1314 IHAMBURG508 IHAMBURG41 IHAMBURG723 IHAMBURG1783 IHAMBURG1476 IHAMBURG1346 IHAMBURG741 IHAMBURG355 IHAMBURG475 IHAMBURG812 IHHHOHEN2 IHHLANGE3 IHAMBURG2085 IHAMBURG1484 IHAMBURG1112 IHAMBURG1639 IHAMBURG1928 IHAMBURG550 IHORN16 IHAMBURG285 IHAMBURG1082 IHAMBURG1192 IHAMBURG435 IHAMBURG149 IHAMBURG460 IHHGROSS2 IHAMBURG2088 IBNNINGS3 IHHEIDEL2 INORDERS5 IHAMBURG1945 IHAMBURG2080 IHAMBURG42 IHAMBURG1086 IHHKLEIN2 IHAMBURG1977 IHHFUHLS3 IHAMBURG1368 IHAMBURG789 IHAMBURG1998 IHAMBURG540 IHAMBURG289 IHAMBURG537 IHHHARBU2 IHAMBURG867 IHAMBURG2041 ISCHENEF11 IHAMBURG412 IHHEIDEL5 IHAMBURG60 IHAMBURG2070 IHAMBURG693 IHAMBURG1391 IHAMBURG514 IHAMBURG955 IHAMBURG1823 IHAMBURG1880 IHAMBURG1234 IHAMBURG142 IHAMBURG1986 IHHBARMB5 IHAMBURG737 IHAMBURG1548 IHAMBURG1919 IHAMBURG1216 IWENTORF21 IHHEINLA2 IHAMBURG567 IHAMBURG990 IHAMBURG1166 IHAMBURG1494 IHAMBURG774 IHAMBURG269 IHAMBURG880 IHAMBURG1753 IHAMBURG1190 IHHHAMBU4 IHAMBURG279 IHAMBURG1860 IHAMBURG1631 IHAMBURG417 IHAMBURG216 IHAMBURG1982 IHAMBURG168 IHAMBURG199 IHAMBURG291 IHHSTEIL2 IHAMBURG469 IHAMBURG423 IHAMBURG1248 IHAMBURG61 IHAMBURG805 IHHMEIEN2 IHAMBURG998 IHHGRUEN2 IHHHELLB2 IHAMBURG1302 IHHLURUP2 IHAMBURG20 IHAMBURG2016 IHAMBURG93 IHAMBURG1645 IHAMBURG1108 IHAMBURG1144 IHAMBURG847 IHAMBURG1332 IHAMBURG436 IHAMBURG719 IHAMBURG803 IHAMBURG410 IHAMBURG1164 IHAMBURG53 IHAMBURG1411 IHHHOHEN3 IHAMBURG166 IHAMBURG481 IHHBARMB6 IHAMBURG1614 IHAMBURG274 IHAMBURG707 IHHMARIE2 IHAMBURG1910 IHAMBURG315 IHAMBURG336 INORDERS2 IHAMBURG1068 IHAMBURG354 ILBHOOPT2 IHAMBURG1458 IHAMBURG215 IHAMBURG1985 IHAMBURG1152 IHAMBURG1136 IHAMBURG262 IHAMBURG2002 IHAMBURG1974 IHAMBURG2009 IHAMBURG1372 IHAMBURG46 IHAMBURG452 IHAMBURG128 IHAMBURG1797 IHAMBURG280 IHAMBURG1629 IHAMBURG1709 IHAMBURG1360 IHAMBURG1150 IHAMBURG1084 IHAMBURG1832 IHAMBURG654 IHAMBURG2025 IHAMBURG1538 IHAMBURG1616 IHAMBURG1174 IHAMBURG268 IHAMBURG114 IHAMBURG213 IHAMBURG113 IHAMBURG403 IHAMBURG1462 IHAMBURG195 IHAMBURG527 IHAMBURG1512 IHAMBURG1427 IHAMBURG32 IHAMBURG1282 IHAMBURG99 IHAMBURG1771 IHAMBURG390 IHAMBURG1076 IHAMBURG1916 IHAMBURG360 IHAMBURG2079 IHAMBURG1508 IHAMBURG1711 IHHNEUGR2 IHAMBURG308 IHHSTEIN2 IHAMBURG1940 IHAMBURG154 IHAMBURG1064 IHAMBURG49 IHAMBURG1470 IHHSCHNE3 IHAMBURG489 IHAMBURG1142 IHHLOHBR3 IHAMBURG1976 IHAMBURG1002 IHAMBURG1184 IHAMBURG935 IHHMARIE4 IHAMBURG1661 IHAMBURG1600 IHAMBURG600 IHAMBURG10 IHAMBURG200 IHAMBURG1504 IHAMBURG456 IHHSCHNE2 IHAMBURG340 IHAMBURG1870 IHAMBURG335 IHAMBURG1342 IHAMBURG110 IHAMBURG44 IHAMBURG515 IHAMBURG674 IHAMBURG1436 IHAMBURG1819 IHAMBURG1106 IHAMBURG1929 IHHKIRCH2 IHHWELLI2 IHAMBURG646 IHAMBURG352 IHAMBURG163 IHHOHMOO2 IHAMBURG427 IHAMBURG106 IHAMBURG140 IHAMBURG471 IHAMBURG1759 IHAMBURG333 IHAMBURG2081 IHAMBURG1052 IHAMBURG1967 IHAMBURG363 IHAMBURG180 IHAMBURG924 IHAMBURG252 IHAMBURG1989 INORDERS98 IHAMBURG1230 IHAMBURG2048 IHAMBURG2013 IHAMBURG1995 IHAMBURG2026 IHAMBURG1671 IHAMBURG242 IHAMBURG1950 IHAMBURG1008 IHAMBURG260 IHAMBURG2005 IHAMBURG951 IHAMBURG2043 IHAMBURG79 IHAMBURG109 IHAMBURG626 IHAMBURG2076 IHAMBURG229 IHAMBURG224 IHAMBURG1270 IHAMBURG431 IHAMBURG258 IHAMBURG1787 IHAMBURG1300 IHHMARIE3 INORDERS21 IHAMBURG394 IHAMBURG1988 IHAMBURG1962 IHHOSDOR2 IHAMBURG1697 IHAMBURG1284 IHAMBURG1200 IHAMBURG380 IHAMBURG406 IHAMBURG214 IHAMBURG1675 IHAMBURG963 IHAMBURG610 IHAMBURG153 IHAMBURG1691 IHAMBURG1056 IHAMBURG684 IHAMBURG487 IHAMBURG454 IHAMBURG162 IHAMBURG2000 IHAMBURG341 IHAMBURG2042 IHAMBURG1843 IHAMBURG1118 IHAMBURG1102 IHAMBURG1620 IHAMBURG1194 IHAMBURG439 IHAMBURG373 IHAMBURG1156 IHAMBURG184 IWINSENL6 IHAMBURG405 IHAMBURG1628 IHHALSTE2 IHAMBURG172 IHAMBURG144 IHAMBURG1379 IHAMBURG1296 IHAMBURG132 IHAMBURG131 IHAMBURG375 IHAMBURG1383 IHAMBURG517 IHAMBURG1252 IHAMBURG1930 IHAMBURG497 IHAMBURG957 IHAMBURG751 IHAMBURG1198 IHAMBURG205 IHAMBURG22 IHAMBURG402 IHAMBURG479 IHHCURSL2 IHHROTHE2 IHAMBURG640 IHAMBURG592 IHAMBURG1932 IHAMBURG270 IHAMBURG108 IHAMBURG188 IHAMBURG1841
2017-09-24 07:33:17,779 DEBUG done: 0.000 percent
2017-09-24 07:46:22,198 DEBUG done: 13.661 percent
2017-09-24 07:59:06,058 DEBUG done: 27.322 percent
2017-09-24 08:12:14,206 DEBUG done: 40.984 percent
2017-09-24 08:25:15,510 DEBUG done: 54.645 percent
2017-09-24 08:39:12,009 DEBUG done: 68.306 percent
2017-09-24 08:53:44,614 DEBUG done: 81.967 percent
2017-09-24 09:08:17,395 DEBUG done: 95.628 percent
2017-09-24 09:13:01,013 INFO mean_cn5    1.399 n=1461
2017-09-24 09:13:01,014 INFO min_cn5     1.030 n=1461
2017-09-24 09:13:01,014 INFO idw_p3_cn5  1.319 n=1461
2017-09-24 09:13:01,014 INFO max_cn5     2.281 n=1461
2017-09-24 09:13:01,014 INFO median_all  1.742 n=1461
2017-09-24 09:13:01,014 INFO idw_p4_all  1.663 n=1461
2017-09-24 09:13:01,014 INFO mean_all    1.745 n=1461
2017-09-24 09:13:01,014 INFO idw_p2_cn5  1.320 n=1461
2017-09-24 09:13:01,014 INFO min_all     1.080 n=1461
2017-09-24 09:13:01,014 INFO min_cn3     1.257 n=1461
2017-09-24 09:13:01,014 INFO idw_p1_cn3  1.321 n=1461
2017-09-24 09:13:01,014 INFO idw_p2_cn3  1.307 n=1461
2017-09-24 09:13:01,014 INFO idw_p4_cn5  1.321 n=1461
2017-09-24 09:13:01,014 INFO idw_p1_cn5  1.326 n=1461
2017-09-24 09:13:01,015 INFO idw_p1_all  1.729 n=1461
2017-09-24 09:13:01,015 INFO mean_cn3    1.331 n=1461
2017-09-24 09:13:01,015 INFO idw_p3_cn3  1.304 n=1461
2017-09-24 09:13:01,015 INFO idw_p2_all  1.665 n=1461
2017-09-24 09:13:01,015 INFO median_cn3  1.289 n=1461
2017-09-24 09:13:01,015 INFO max_all     4.266 n=1461
2017-09-24 09:13:01,015 INFO max_cn3     1.493 n=1461
2017-09-24 09:13:01,015 INFO idw_p4_cn3  1.305 n=1461
2017-09-24 09:13:01,015 INFO median_cn5  1.311 n=1461
2017-09-24 09:13:01,015 INFO idw_p3_all  1.663 n=1461
2017-09-24 09:13:01,015 INFO end method list
2017-09-24 09:13:01,019 INFO interpolate for LWM
2017-09-24 09:13:01,020 INFO currently at 4 out of 10
2017-09-24 09:13:01,020 INFO use IHHSASEL2 IHAMBURG709 IHAMBURG1306 IHAMBURG598 IHAMBURG82 IHAMBURG1973 IHAMBURG1176 IHAMBURG910 IHAMBURG1586 IHAMBURG89 IHAMBURG237 IHAMBURG2031 IHAMBURG851 IHAMBURG1917 IHAMBURG628 IHAMBURG1421 IHAMBURG1124 IHAMBURG218 INORDERS72 IHAMBURG441 IHAMBURG1116 IHAMBURG450 IHAMBURG2008 IHAMBURG1254 IHAMBURG1464 IHAMBURG1864 IHAMBURG1990 IHAMBURG47 IHAMBURG2075 IHAMBURG2011 IHAMBURG1054 IHAMBURG190 IHAMBURG2039 IHAMBURG1622 IHAMBURG1830 IHAMBURG1058 IHAMBURG762 INORDERS16 IHAMBURG155 IHAMBURG175 IHAMBURG1374 IHAMBURG1204 IHAMBURG1389 IHAMBURG1182 IHAMBURG159 IHAMBURG699 IHAMBURG1292 IHAMBURG620 IHAMBURG1635 IHAMBURG1805 IHAMBURG840 IHAMBURG400 IHAMBURG1922 IHAMBURG1606 IHAMBURG2069 IHHWANDS2 IHAMBURG1795 IHAMBURG1044 IHHHINSC3 IHAMBURG1268 IHHFARMS3 IHAMBURG630 IHAMBURG594 IHAMBURG531 IHAMBURG64 IHAMBURG316 IHAMBURG1773 IHAMBURG206 IHAMBURG276 IHAMBURG1890 IHAMBURG98 IHAMBURG1933 IHAMBURG1755 IHHWINTE4 IHHNEUBO3 IHAMBURG1735 IBARSBTT22 IHAMBURG69 IHAMBURG1158 IHAMBURG1172 IHAMBURG1088 IHAMBURG2052 IHAMBURG1699 IHAMBURG1643 IHAMBURG81 IHAMBURG976 IHHFARMS2 IHAMBURG1256 IHAMBURG1516 IHAMBURG1298 IHAMBURG1015 IHAMBURG2066 IHAMBURG92 IHAMBURG119 IHAMBURG342 IHAMBURG90 IHAMBURG267 IHAMBURG969 IWEDEL8 IHHEISSE2 IHAMBURG1220 IHAMBURG1336 IHAMBURG863 IHAMBURG974 IHAMBURG1961 IHAMBURG1120 IHAMBURG1918 IHHHAMBU3 IHAMBURG243 IHAMBURG1920 IBARSBTT19 IHAMBURG2024 IHHLOKST3 ISEEVETA49 IHAMBURG1428 IHAMBURG978 IHAMBURG648 IHAMBURG118 IHAMBURG465 IHAMBURG1314 IHAMBURG508 IHAMBURG41 IHAMBURG723 IHAMBURG1783 IHAMBURG1476 IHAMBURG1346 IHAMBURG741 IHAMBURG355 IHAMBURG475 IHAMBURG812 IHHHOHEN2 IHHLANGE3 IHAMBURG2085 IHAMBURG1484 IHAMBURG1112 IHAMBURG1639 IHAMBURG1928 IHAMBURG550 IHORN16 IHAMBURG285 IHAMBURG1082 IHAMBURG1192 IHAMBURG435 IHAMBURG149 IHAMBURG460 IHHGROSS2 IHAMBURG2088 IBNNINGS3 IHHEIDEL2 INORDERS5 IHAMBURG1945 IHAMBURG2080 IHAMBURG42 IHAMBURG1086 IHHKLEIN2 IHAMBURG1977 IHHFUHLS3 IHAMBURG1368 IHAMBURG789 IHAMBURG1998 IHAMBURG540 IHAMBURG289 IHAMBURG537 IHHHARBU2 IHAMBURG867 IHAMBURG2041 ISCHENEF11 IHAMBURG412 IHHEIDEL5 IHAMBURG60 IHAMBURG2070 IHAMBURG693 IHAMBURG1391 IHAMBURG514 IHAMBURG955 IHAMBURG1823 IHAMBURG1880 IHAMBURG1234 IHAMBURG142 IHAMBURG1986 IHHBARMB5 IHAMBURG737 IHAMBURG1548 IHAMBURG1919 IHAMBURG1216 IWENTORF21 IHHEINLA2 IHAMBURG567 IHAMBURG990 IHAMBURG1166 IHAMBURG1494 IHAMBURG774 IHAMBURG269 IHAMBURG880 IHAMBURG1753 IHAMBURG1190 IHHHAMBU4 IHAMBURG279 IHAMBURG1860 IHAMBURG1631 IHAMBURG417 IHAMBURG216 IHAMBURG1982 IHAMBURG168 IHAMBURG199 IHAMBURG291 IHHSTEIL2 IHAMBURG469 IHAMBURG423 IHAMBURG1248 IHAMBURG61 IHAMBURG805 IHHMEIEN2 IHAMBURG998 IHHGRUEN2 IHHHELLB2 IHAMBURG1302 IHHLURUP2 IHAMBURG20 IHAMBURG2016 IHAMBURG93 IHAMBURG1645 IHAMBURG1108 IHAMBURG1144 IHAMBURG847 IHAMBURG1332 IHAMBURG436 IHAMBURG719 IHAMBURG803 IHAMBURG410 IHAMBURG1164 IHAMBURG53 IHAMBURG1411 IHHHOHEN3 IHAMBURG166 IHAMBURG481 IHHBARMB6 IHAMBURG1614 IHAMBURG274 IHAMBURG707 IHHMARIE2 IHAMBURG1910 IHAMBURG315 IHAMBURG336 INORDERS2 IHAMBURG1068 IHAMBURG354 ILBHOOPT2 IHAMBURG1458 IHAMBURG215 IHAMBURG1985 IHAMBURG1152 IHAMBURG1136 IHAMBURG262 IHAMBURG2002 IHAMBURG1974 IHAMBURG2009 IHAMBURG1372 IHAMBURG46 IHAMBURG452 IHAMBURG128 IHAMBURG1797 IHAMBURG280 IHAMBURG1629 IHAMBURG1709 IHAMBURG1360 IHAMBURG1150 IHAMBURG1084 IHAMBURG1832 IHAMBURG654 IHAMBURG2025 IHAMBURG1538 IHAMBURG1616 IHAMBURG1174 IHAMBURG268 IHAMBURG114 IHAMBURG213 IHAMBURG113 IHAMBURG403 IHAMBURG1462 IHAMBURG195 IHAMBURG527 IHAMBURG1512 IHAMBURG1427 IHAMBURG32 IHAMBURG1282 IHAMBURG99 IHAMBURG1771 IHAMBURG390 IHAMBURG1076 IHAMBURG1916 IHAMBURG360 IHAMBURG2079 IHAMBURG1508 IHAMBURG1711 IHHNEUGR2 IHAMBURG308 IHHSTEIN2 IHAMBURG1940 IHAMBURG154 IHAMBURG1064 IHAMBURG49 IHAMBURG1470 IHHSCHNE3 IHAMBURG489 IHAMBURG1142 IHHLOHBR3 IHAMBURG1976 IHAMBURG1002 IHAMBURG1184 IHAMBURG935 IHHMARIE4 IHAMBURG1661 IHAMBURG1600 IHAMBURG600 IHAMBURG10 IHAMBURG200 IHAMBURG1504 IHAMBURG456 IHHSCHNE2 IHAMBURG340 IHAMBURG1870 IHAMBURG335 IHAMBURG1342 IHAMBURG110 IHAMBURG44 IHAMBURG515 IHAMBURG674 IHAMBURG1436 IHAMBURG1819 IHAMBURG1106 IHAMBURG1929 IHHKIRCH2 IHHWELLI2 IHAMBURG646 IHAMBURG352 IHAMBURG163 IHHOHMOO2 IHAMBURG427 IHAMBURG106 IHAMBURG140 IHAMBURG471 IHAMBURG1759 IHAMBURG333 IHAMBURG2081 IHAMBURG1052 IHAMBURG1967 IHAMBURG363 IHAMBURG180 IHAMBURG924 IHAMBURG252 IHAMBURG1989 INORDERS98 IHAMBURG1230 IHAMBURG2048 IHAMBURG2013 IHAMBURG1995 IHAMBURG2026 IHAMBURG1671 IHAMBURG242 IHAMBURG1950 IHAMBURG1008 IHAMBURG260 IHAMBURG2005 IHAMBURG951 IHAMBURG2043 IHAMBURG79 IHAMBURG109 IHAMBURG626 IHAMBURG2076 IHAMBURG229 IHAMBURG224 IHAMBURG1270 IHAMBURG431 IHAMBURG258 IHAMBURG1787 IHAMBURG1300 IHHMARIE3 INORDERS21 IHAMBURG394 IHAMBURG1988 IHAMBURG1962 IHHOSDOR2 IHAMBURG1697 IHAMBURG1284 IHAMBURG1200 IHAMBURG380 IHAMBURG406 IHAMBURG214 IHAMBURG1675 IHAMBURG963 IHAMBURG610 IHAMBURG153 IHAMBURG1691 IHAMBURG1056 IHAMBURG684 IHAMBURG487 IHAMBURG454 IHAMBURG162 IHAMBURG2000 IHAMBURG341 IHAMBURG2042 IHAMBURG1843 IHAMBURG1118 IHAMBURG1102 IHAMBURG1620 IHAMBURG1194 IHAMBURG439 IHAMBURG373 IHAMBURG1156 IHAMBURG184 IWINSENL6 IHAMBURG405 IHAMBURG1628 IHHALSTE2 IHAMBURG172 IHAMBURG144 IHAMBURG1379 IHAMBURG1296 IHAMBURG132 IHAMBURG131 IHAMBURG375 IHAMBURG1383 IHAMBURG517 IHAMBURG1252 IHAMBURG1930 IHAMBURG497 IHAMBURG957 IHAMBURG751 IHAMBURG1198 IHAMBURG205 IHAMBURG22 IHAMBURG402 IHAMBURG479 IHHCURSL2 IHHROTHE2 IHAMBURG640 IHAMBURG592 IHAMBURG1932 IHAMBURG270 IHAMBURG108 IHAMBURG188 IHAMBURG1841
2017-09-24 09:13:04,666 DEBUG done: 0.000 percent
2017-09-24 09:25:59,319 DEBUG done: 13.661 percent
2017-09-24 09:38:42,516 DEBUG done: 27.322 percent
2017-09-24 09:51:55,980 DEBUG done: 40.984 percent
2017-09-24 10:04:53,249 DEBUG done: 54.645 percent
2017-09-24 10:18:48,122 DEBUG done: 68.306 percent
2017-09-24 10:33:06,383 DEBUG done: 81.967 percent
2017-09-24 10:47:28,623 DEBUG done: 95.628 percent
2017-09-24 10:52:19,284 INFO mean_cn5    1.531 n=1421
2017-09-24 10:52:19,284 INFO min_cn5     1.174 n=1421
2017-09-24 10:52:19,285 INFO idw_p3_cn5  1.533 n=1421
2017-09-24 10:52:19,285 INFO max_cn5     2.449 n=1421
2017-09-24 10:52:19,285 INFO median_all  1.913 n=1421
2017-09-24 10:52:19,285 INFO idw_p4_all  1.728 n=1421
2017-09-24 10:52:19,285 INFO mean_all    1.911 n=1421
2017-09-24 10:52:19,285 INFO idw_p2_cn5  1.542 n=1421
2017-09-24 10:52:19,285 INFO min_all     1.002 n=1421
2017-09-24 10:52:19,285 INFO min_cn3     1.316 n=1421
2017-09-24 10:52:19,285 INFO idw_p1_cn3  1.375 n=1421
2017-09-24 10:52:19,285 INFO idw_p2_cn3  1.364 n=1421
2017-09-24 10:52:19,285 INFO idw_p4_cn5  1.520 n=1421
2017-09-24 10:52:19,285 INFO idw_p1_cn5  1.542 n=1421
2017-09-24 10:52:19,285 INFO idw_p1_all  1.868 n=1421
2017-09-24 10:52:19,285 INFO mean_cn3    1.415 n=1421
2017-09-24 10:52:19,285 INFO idw_p3_cn3  1.362 n=1421
2017-09-24 10:52:19,285 INFO idw_p2_all  1.739 n=1421
2017-09-24 10:52:19,285 INFO median_cn3  1.383 n=1421
2017-09-24 10:52:19,285 INFO max_all     4.400 n=1421
2017-09-24 10:52:19,285 INFO max_cn3     1.601 n=1421
2017-09-24 10:52:19,286 INFO idw_p4_cn3  1.363 n=1421
2017-09-24 10:52:19,286 INFO median_cn5  1.394 n=1421
2017-09-24 10:52:19,286 INFO idw_p3_all  1.729 n=1421
2017-09-24 10:52:19,286 INFO end method list
2017-09-24 10:52:19,290 INFO interpolate for RIM
2017-09-24 10:52:19,290 INFO currently at 5 out of 10
2017-09-24 10:52:19,290 INFO use IHHSASEL2 IHAMBURG709 IHAMBURG1306 IHAMBURG598 IHAMBURG82 IHAMBURG1973 IHAMBURG1176 IHAMBURG910 IHAMBURG1586 IHAMBURG89 IHAMBURG237 IHAMBURG2031 IHAMBURG851 IHAMBURG1917 IHAMBURG628 IHAMBURG1421 IHAMBURG1124 IHAMBURG218 INORDERS72 IHAMBURG441 IHAMBURG1116 IHAMBURG450 IHAMBURG2008 IHAMBURG1254 IHAMBURG1464 IHAMBURG1864 IHAMBURG1990 IHAMBURG47 IHAMBURG2075 IHAMBURG2011 IHAMBURG1054 IHAMBURG190 IHAMBURG2039 IHAMBURG1622 IHAMBURG1830 IHAMBURG1058 IHAMBURG762 INORDERS16 IHAMBURG155 IHAMBURG175 IHAMBURG1374 IHAMBURG1204 IHAMBURG1389 IHAMBURG1182 IHAMBURG159 IHAMBURG699 IHAMBURG1292 IHAMBURG620 IHAMBURG1635 IHAMBURG1805 IHAMBURG840 IHAMBURG400 IHAMBURG1922 IHAMBURG1606 IHAMBURG2069 IHHWANDS2 IHAMBURG1795 IHAMBURG1044 IHHHINSC3 IHAMBURG1268 IHHFARMS3 IHAMBURG630 IHAMBURG594 IHAMBURG531 IHAMBURG64 IHAMBURG316 IHAMBURG1773 IHAMBURG206 IHAMBURG276 IHAMBURG1890 IHAMBURG98 IHAMBURG1933 IHAMBURG1755 IHHWINTE4 IHHNEUBO3 IHAMBURG1735 IBARSBTT22 IHAMBURG69 IHAMBURG1158 IHAMBURG1172 IHAMBURG1088 IHAMBURG2052 IHAMBURG1699 IHAMBURG1643 IHAMBURG81 IHAMBURG976 IHHFARMS2 IHAMBURG1256 IHAMBURG1516 IHAMBURG1298 IHAMBURG1015 IHAMBURG2066 IHAMBURG92 IHAMBURG119 IHAMBURG342 IHAMBURG90 IHAMBURG267 IHAMBURG969 IWEDEL8 IHHEISSE2 IHAMBURG1220 IHAMBURG1336 IHAMBURG863 IHAMBURG974 IHAMBURG1961 IHAMBURG1120 IHAMBURG1918 IHHHAMBU3 IHAMBURG243 IHAMBURG1920 IBARSBTT19 IHAMBURG2024 IHHLOKST3 ISEEVETA49 IHAMBURG1428 IHAMBURG978 IHAMBURG648 IHAMBURG118 IHAMBURG465 IHAMBURG1314 IHAMBURG508 IHAMBURG41 IHAMBURG723 IHAMBURG1783 IHAMBURG1476 IHAMBURG1346 IHAMBURG741 IHAMBURG355 IHAMBURG475 IHAMBURG812 IHHHOHEN2 IHHLANGE3 IHAMBURG2085 IHAMBURG1484 IHAMBURG1112 IHAMBURG1639 IHAMBURG1928 IHAMBURG550 IHORN16 IHAMBURG285 IHAMBURG1082 IHAMBURG1192 IHAMBURG435 IHAMBURG149 IHAMBURG460 IHHGROSS2 IHAMBURG2088 IBNNINGS3 IHHEIDEL2 INORDERS5 IHAMBURG1945 IHAMBURG2080 IHAMBURG42 IHAMBURG1086 IHHKLEIN2 IHAMBURG1977 IHHFUHLS3 IHAMBURG1368 IHAMBURG789 IHAMBURG1998 IHAMBURG540 IHAMBURG289 IHAMBURG537 IHHHARBU2 IHAMBURG867 IHAMBURG2041 ISCHENEF11 IHAMBURG412 IHHEIDEL5 IHAMBURG60 IHAMBURG2070 IHAMBURG693 IHAMBURG1391 IHAMBURG514 IHAMBURG955 IHAMBURG1823 IHAMBURG1880 IHAMBURG1234 IHAMBURG142 IHAMBURG1986 IHHBARMB5 IHAMBURG737 IHAMBURG1548 IHAMBURG1919 IHAMBURG1216 IWENTORF21 IHHEINLA2 IHAMBURG567 IHAMBURG990 IHAMBURG1166 IHAMBURG1494 IHAMBURG774 IHAMBURG269 IHAMBURG880 IHAMBURG1753 IHAMBURG1190 IHHHAMBU4 IHAMBURG279 IHAMBURG1860 IHAMBURG1631 IHAMBURG417 IHAMBURG216 IHAMBURG1982 IHAMBURG168 IHAMBURG199 IHAMBURG291 IHHSTEIL2 IHAMBURG469 IHAMBURG423 IHAMBURG1248 IHAMBURG61 IHAMBURG805 IHHMEIEN2 IHAMBURG998 IHHGRUEN2 IHHHELLB2 IHAMBURG1302 IHHLURUP2 IHAMBURG20 IHAMBURG2016 IHAMBURG93 IHAMBURG1645 IHAMBURG1108 IHAMBURG1144 IHAMBURG847 IHAMBURG1332 IHAMBURG436 IHAMBURG719 IHAMBURG803 IHAMBURG410 IHAMBURG1164 IHAMBURG53 IHAMBURG1411 IHHHOHEN3 IHAMBURG166 IHAMBURG481 IHHBARMB6 IHAMBURG1614 IHAMBURG274 IHAMBURG707 IHHMARIE2 IHAMBURG1910 IHAMBURG315 IHAMBURG336 INORDERS2 IHAMBURG1068 IHAMBURG354 ILBHOOPT2 IHAMBURG1458 IHAMBURG215 IHAMBURG1985 IHAMBURG1152 IHAMBURG1136 IHAMBURG262 IHAMBURG2002 IHAMBURG1974 IHAMBURG2009 IHAMBURG1372 IHAMBURG46 IHAMBURG452 IHAMBURG128 IHAMBURG1797 IHAMBURG280 IHAMBURG1629 IHAMBURG1709 IHAMBURG1360 IHAMBURG1150 IHAMBURG1084 IHAMBURG1832 IHAMBURG654 IHAMBURG2025 IHAMBURG1538 IHAMBURG1616 IHAMBURG1174 IHAMBURG268 IHAMBURG114 IHAMBURG213 IHAMBURG113 IHAMBURG403 IHAMBURG1462 IHAMBURG195 IHAMBURG527 IHAMBURG1512 IHAMBURG1427 IHAMBURG32 IHAMBURG1282 IHAMBURG99 IHAMBURG1771 IHAMBURG390 IHAMBURG1076 IHAMBURG1916 IHAMBURG360 IHAMBURG2079 IHAMBURG1508 IHAMBURG1711 IHHNEUGR2 IHAMBURG308 IHHSTEIN2 IHAMBURG1940 IHAMBURG154 IHAMBURG1064 IHAMBURG49 IHAMBURG1470 IHHSCHNE3 IHAMBURG489 IHAMBURG1142 IHHLOHBR3 IHAMBURG1976 IHAMBURG1002 IHAMBURG1184 IHAMBURG935 IHHMARIE4 IHAMBURG1661 IHAMBURG1600 IHAMBURG600 IHAMBURG10 IHAMBURG200 IHAMBURG1504 IHAMBURG456 IHHSCHNE2 IHAMBURG340 IHAMBURG1870 IHAMBURG335 IHAMBURG1342 IHAMBURG110 IHAMBURG44 IHAMBURG515 IHAMBURG674 IHAMBURG1436 IHAMBURG1819 IHAMBURG1106 IHAMBURG1929 IHHKIRCH2 IHHWELLI2 IHAMBURG646 IHAMBURG352 IHAMBURG163 IHHOHMOO2 IHAMBURG427 IHAMBURG106 IHAMBURG140 IHAMBURG471 IHAMBURG1759 IHAMBURG333 IHAMBURG2081 IHAMBURG1052 IHAMBURG1967 IHAMBURG363 IHAMBURG180 IHAMBURG924 IHAMBURG252 IHAMBURG1989 INORDERS98 IHAMBURG1230 IHAMBURG2048 IHAMBURG2013 IHAMBURG1995 IHAMBURG2026 IHAMBURG1671 IHAMBURG242 IHAMBURG1950 IHAMBURG1008 IHAMBURG260 IHAMBURG2005 IHAMBURG951 IHAMBURG2043 IHAMBURG79 IHAMBURG109 IHAMBURG626 IHAMBURG2076 IHAMBURG229 IHAMBURG224 IHAMBURG1270 IHAMBURG431 IHAMBURG258 IHAMBURG1787 IHAMBURG1300 IHHMARIE3 INORDERS21 IHAMBURG394 IHAMBURG1988 IHAMBURG1962 IHHOSDOR2 IHAMBURG1697 IHAMBURG1284 IHAMBURG1200 IHAMBURG380 IHAMBURG406 IHAMBURG214 IHAMBURG1675 IHAMBURG963 IHAMBURG610 IHAMBURG153 IHAMBURG1691 IHAMBURG1056 IHAMBURG684 IHAMBURG487 IHAMBURG454 IHAMBURG162 IHAMBURG2000 IHAMBURG341 IHAMBURG2042 IHAMBURG1843 IHAMBURG1118 IHAMBURG1102 IHAMBURG1620 IHAMBURG1194 IHAMBURG439 IHAMBURG373 IHAMBURG1156 IHAMBURG184 IWINSENL6 IHAMBURG405 IHAMBURG1628 IHHALSTE2 IHAMBURG172 IHAMBURG144 IHAMBURG1379 IHAMBURG1296 IHAMBURG132 IHAMBURG131 IHAMBURG375 IHAMBURG1383 IHAMBURG517 IHAMBURG1252 IHAMBURG1930 IHAMBURG497 IHAMBURG957 IHAMBURG751 IHAMBURG1198 IHAMBURG205 IHAMBURG22 IHAMBURG402 IHAMBURG479 IHHCURSL2 IHHROTHE2 IHAMBURG640 IHAMBURG592 IHAMBURG1932 IHAMBURG270 IHAMBURG108 IHAMBURG188 IHAMBURG1841
2017-09-24 10:52:22,986 DEBUG done: 0.000 percent
2017-09-24 11:05:27,000 DEBUG done: 13.661 percent
2017-09-24 11:18:06,023 DEBUG done: 27.322 percent
2017-09-24 11:31:20,377 DEBUG done: 40.984 percent
2017-09-24 11:44:20,992 DEBUG done: 54.645 percent
2017-09-24 11:58:08,778 DEBUG done: 68.306 percent
2017-09-24 12:12:29,519 DEBUG done: 81.967 percent
2017-09-24 12:26:38,655 DEBUG done: 95.628 percent
2017-09-24 12:31:18,106 INFO mean_cn5    1.222 n=1460
2017-09-24 12:31:18,106 INFO min_cn5     1.145 n=1460
2017-09-24 12:31:18,106 INFO idw_p3_cn5  1.175 n=1460
2017-09-24 12:31:18,106 INFO max_cn5     1.446 n=1460
2017-09-24 12:31:18,106 INFO median_all  1.594 n=1460
2017-09-24 12:31:18,106 INFO idw_p4_all  1.551 n=1460
2017-09-24 12:31:18,107 INFO mean_all    1.597 n=1460
2017-09-24 12:31:18,107 INFO idw_p2_cn5  1.190 n=1460
2017-09-24 12:31:18,107 INFO min_all     1.157 n=1460
2017-09-24 12:31:18,107 INFO min_cn3     1.207 n=1460
2017-09-24 12:31:18,107 INFO idw_p1_cn3  1.381 n=1460
2017-09-24 12:31:18,107 INFO idw_p2_cn3  1.381 n=1460
2017-09-24 12:31:18,107 INFO idw_p4_cn5  1.168 n=1460
2017-09-24 12:31:18,107 INFO idw_p1_cn5  1.214 n=1460
2017-09-24 12:31:18,107 INFO idw_p1_all  1.612 n=1460
2017-09-24 12:31:18,107 INFO mean_cn3    1.306 n=1460
2017-09-24 12:31:18,107 INFO idw_p3_cn3  1.382 n=1460
2017-09-24 12:31:18,107 INFO idw_p2_all  1.600 n=1460
2017-09-24 12:31:18,107 INFO median_cn3  1.376 n=1460
2017-09-24 12:31:18,107 INFO max_all     4.042 n=1460
2017-09-24 12:31:18,107 INFO max_cn3     1.426 n=1460
2017-09-24 12:31:18,107 INFO idw_p4_cn3  1.382 n=1460
2017-09-24 12:31:18,107 INFO median_cn5  1.218 n=1460
2017-09-24 12:31:18,107 INFO idw_p3_all  1.574 n=1460
2017-09-24 12:31:18,107 INFO end method list
2017-09-24 12:31:18,111 INFO interpolate for SGM
2017-09-24 12:31:18,112 INFO currently at 6 out of 10
2017-09-24 12:31:18,112 INFO use IHHSASEL2 IHAMBURG709 IHAMBURG1306 IHAMBURG598 IHAMBURG82 IHAMBURG1973 IHAMBURG1176 IHAMBURG910 IHAMBURG1586 IHAMBURG89 IHAMBURG237 IHAMBURG2031 IHAMBURG851 IHAMBURG1917 IHAMBURG628 IHAMBURG1421 IHAMBURG1124 IHAMBURG218 INORDERS72 IHAMBURG441 IHAMBURG1116 IHAMBURG450 IHAMBURG2008 IHAMBURG1254 IHAMBURG1464 IHAMBURG1864 IHAMBURG1990 IHAMBURG47 IHAMBURG2075 IHAMBURG2011 IHAMBURG1054 IHAMBURG190 IHAMBURG2039 IHAMBURG1622 IHAMBURG1830 IHAMBURG1058 IHAMBURG762 INORDERS16 IHAMBURG155 IHAMBURG175 IHAMBURG1374 IHAMBURG1204 IHAMBURG1389 IHAMBURG1182 IHAMBURG159 IHAMBURG699 IHAMBURG1292 IHAMBURG620 IHAMBURG1635 IHAMBURG1805 IHAMBURG840 IHAMBURG400 IHAMBURG1922 IHAMBURG1606 IHAMBURG2069 IHHWANDS2 IHAMBURG1795 IHAMBURG1044 IHHHINSC3 IHAMBURG1268 IHHFARMS3 IHAMBURG630 IHAMBURG594 IHAMBURG531 IHAMBURG64 IHAMBURG316 IHAMBURG1773 IHAMBURG206 IHAMBURG276 IHAMBURG1890 IHAMBURG98 IHAMBURG1933 IHAMBURG1755 IHHWINTE4 IHHNEUBO3 IHAMBURG1735 IBARSBTT22 IHAMBURG69 IHAMBURG1158 IHAMBURG1172 IHAMBURG1088 IHAMBURG2052 IHAMBURG1699 IHAMBURG1643 IHAMBURG81 IHAMBURG976 IHHFARMS2 IHAMBURG1256 IHAMBURG1516 IHAMBURG1298 IHAMBURG1015 IHAMBURG2066 IHAMBURG92 IHAMBURG119 IHAMBURG342 IHAMBURG90 IHAMBURG267 IHAMBURG969 IWEDEL8 IHHEISSE2 IHAMBURG1220 IHAMBURG1336 IHAMBURG863 IHAMBURG974 IHAMBURG1961 IHAMBURG1120 IHAMBURG1918 IHHHAMBU3 IHAMBURG243 IHAMBURG1920 IBARSBTT19 IHAMBURG2024 IHHLOKST3 ISEEVETA49 IHAMBURG1428 IHAMBURG978 IHAMBURG648 IHAMBURG118 IHAMBURG465 IHAMBURG1314 IHAMBURG508 IHAMBURG41 IHAMBURG723 IHAMBURG1783 IHAMBURG1476 IHAMBURG1346 IHAMBURG741 IHAMBURG355 IHAMBURG475 IHAMBURG812 IHHHOHEN2 IHHLANGE3 IHAMBURG2085 IHAMBURG1484 IHAMBURG1112 IHAMBURG1639 IHAMBURG1928 IHAMBURG550 IHORN16 IHAMBURG285 IHAMBURG1082 IHAMBURG1192 IHAMBURG435 IHAMBURG149 IHAMBURG460 IHHGROSS2 IHAMBURG2088 IBNNINGS3 IHHEIDEL2 INORDERS5 IHAMBURG1945 IHAMBURG2080 IHAMBURG42 IHAMBURG1086 IHHKLEIN2 IHAMBURG1977 IHHFUHLS3 IHAMBURG1368 IHAMBURG789 IHAMBURG1998 IHAMBURG540 IHAMBURG289 IHAMBURG537 IHHHARBU2 IHAMBURG867 IHAMBURG2041 ISCHENEF11 IHAMBURG412 IHHEIDEL5 IHAMBURG60 IHAMBURG2070 IHAMBURG693 IHAMBURG1391 IHAMBURG514 IHAMBURG955 IHAMBURG1823 IHAMBURG1880 IHAMBURG1234 IHAMBURG142 IHAMBURG1986 IHHBARMB5 IHAMBURG737 IHAMBURG1548 IHAMBURG1919 IHAMBURG1216 IWENTORF21 IHHEINLA2 IHAMBURG567 IHAMBURG990 IHAMBURG1166 IHAMBURG1494 IHAMBURG774 IHAMBURG269 IHAMBURG880 IHAMBURG1753 IHAMBURG1190 IHHHAMBU4 IHAMBURG279 IHAMBURG1860 IHAMBURG1631 IHAMBURG417 IHAMBURG216 IHAMBURG1982 IHAMBURG168 IHAMBURG199 IHAMBURG291 IHHSTEIL2 IHAMBURG469 IHAMBURG423 IHAMBURG1248 IHAMBURG61 IHAMBURG805 IHHMEIEN2 IHAMBURG998 IHHGRUEN2 IHHHELLB2 IHAMBURG1302 IHHLURUP2 IHAMBURG20 IHAMBURG2016 IHAMBURG93 IHAMBURG1645 IHAMBURG1108 IHAMBURG1144 IHAMBURG847 IHAMBURG1332 IHAMBURG436 IHAMBURG719 IHAMBURG803 IHAMBURG410 IHAMBURG1164 IHAMBURG53 IHAMBURG1411 IHHHOHEN3 IHAMBURG166 IHAMBURG481 IHHBARMB6 IHAMBURG1614 IHAMBURG274 IHAMBURG707 IHHMARIE2 IHAMBURG1910 IHAMBURG315 IHAMBURG336 INORDERS2 IHAMBURG1068 IHAMBURG354 ILBHOOPT2 IHAMBURG1458 IHAMBURG215 IHAMBURG1985 IHAMBURG1152 IHAMBURG1136 IHAMBURG262 IHAMBURG2002 IHAMBURG1974 IHAMBURG2009 IHAMBURG1372 IHAMBURG46 IHAMBURG452 IHAMBURG128 IHAMBURG1797 IHAMBURG280 IHAMBURG1629 IHAMBURG1709 IHAMBURG1360 IHAMBURG1150 IHAMBURG1084 IHAMBURG1832 IHAMBURG654 IHAMBURG2025 IHAMBURG1538 IHAMBURG1616 IHAMBURG1174 IHAMBURG268 IHAMBURG114 IHAMBURG213 IHAMBURG113 IHAMBURG403 IHAMBURG1462 IHAMBURG195 IHAMBURG527 IHAMBURG1512 IHAMBURG1427 IHAMBURG32 IHAMBURG1282 IHAMBURG99 IHAMBURG1771 IHAMBURG390 IHAMBURG1076 IHAMBURG1916 IHAMBURG360 IHAMBURG2079 IHAMBURG1508 IHAMBURG1711 IHHNEUGR2 IHAMBURG308 IHHSTEIN2 IHAMBURG1940 IHAMBURG154 IHAMBURG1064 IHAMBURG49 IHAMBURG1470 IHHSCHNE3 IHAMBURG489 IHAMBURG1142 IHHLOHBR3 IHAMBURG1976 IHAMBURG1002 IHAMBURG1184 IHAMBURG935 IHHMARIE4 IHAMBURG1661 IHAMBURG1600 IHAMBURG600 IHAMBURG10 IHAMBURG200 IHAMBURG1504 IHAMBURG456 IHHSCHNE2 IHAMBURG340 IHAMBURG1870 IHAMBURG335 IHAMBURG1342 IHAMBURG110 IHAMBURG44 IHAMBURG515 IHAMBURG674 IHAMBURG1436 IHAMBURG1819 IHAMBURG1106 IHAMBURG1929 IHHKIRCH2 IHHWELLI2 IHAMBURG646 IHAMBURG352 IHAMBURG163 IHHOHMOO2 IHAMBURG427 IHAMBURG106 IHAMBURG140 IHAMBURG471 IHAMBURG1759 IHAMBURG333 IHAMBURG2081 IHAMBURG1052 IHAMBURG1967 IHAMBURG363 IHAMBURG180 IHAMBURG924 IHAMBURG252 IHAMBURG1989 INORDERS98 IHAMBURG1230 IHAMBURG2048 IHAMBURG2013 IHAMBURG1995 IHAMBURG2026 IHAMBURG1671 IHAMBURG242 IHAMBURG1950 IHAMBURG1008 IHAMBURG260 IHAMBURG2005 IHAMBURG951 IHAMBURG2043 IHAMBURG79 IHAMBURG109 IHAMBURG626 IHAMBURG2076 IHAMBURG229 IHAMBURG224 IHAMBURG1270 IHAMBURG431 IHAMBURG258 IHAMBURG1787 IHAMBURG1300 IHHMARIE3 INORDERS21 IHAMBURG394 IHAMBURG1988 IHAMBURG1962 IHHOSDOR2 IHAMBURG1697 IHAMBURG1284 IHAMBURG1200 IHAMBURG380 IHAMBURG406 IHAMBURG214 IHAMBURG1675 IHAMBURG963 IHAMBURG610 IHAMBURG153 IHAMBURG1691 IHAMBURG1056 IHAMBURG684 IHAMBURG487 IHAMBURG454 IHAMBURG162 IHAMBURG2000 IHAMBURG341 IHAMBURG2042 IHAMBURG1843 IHAMBURG1118 IHAMBURG1102 IHAMBURG1620 IHAMBURG1194 IHAMBURG439 IHAMBURG373 IHAMBURG1156 IHAMBURG184 IWINSENL6 IHAMBURG405 IHAMBURG1628 IHHALSTE2 IHAMBURG172 IHAMBURG144 IHAMBURG1379 IHAMBURG1296 IHAMBURG132 IHAMBURG131 IHAMBURG375 IHAMBURG1383 IHAMBURG517 IHAMBURG1252 IHAMBURG1930 IHAMBURG497 IHAMBURG957 IHAMBURG751 IHAMBURG1198 IHAMBURG205 IHAMBURG22 IHAMBURG402 IHAMBURG479 IHHCURSL2 IHHROTHE2 IHAMBURG640 IHAMBURG592 IHAMBURG1932 IHAMBURG270 IHAMBURG108 IHAMBURG188 IHAMBURG1841
2017-09-24 12:31:21,715 DEBUG done: 0.000 percent
2017-09-24 12:44:11,041 DEBUG done: 13.661 percent
2017-09-24 12:56:44,079 DEBUG done: 27.322 percent
2017-09-24 13:09:37,028 DEBUG done: 40.984 percent
2017-09-24 13:22:31,084 DEBUG done: 54.645 percent
2017-09-24 13:36:14,697 DEBUG done: 68.306 percent
2017-09-24 13:50:25,250 DEBUG done: 81.967 percent
2017-09-24 14:04:31,565 DEBUG done: 95.628 percent
2017-09-24 14:09:17,891 INFO mean_cn5    1.665 n=1464
2017-09-24 14:09:17,892 INFO min_cn5     1.326 n=1464
2017-09-24 14:09:17,892 INFO idw_p3_cn5  1.619 n=1464
2017-09-24 14:09:17,892 INFO max_cn5     2.167 n=1464
2017-09-24 14:09:17,892 INFO median_all  1.616 n=1464
2017-09-24 14:09:17,892 INFO idw_p4_all  1.689 n=1464
2017-09-24 14:09:17,892 INFO mean_all    1.628 n=1464
2017-09-24 14:09:17,892 INFO idw_p2_cn5  1.625 n=1464
2017-09-24 14:09:17,892 INFO min_all     1.080 n=1464
2017-09-24 14:09:17,892 INFO min_cn3     1.484 n=1464
2017-09-24 14:09:17,892 INFO idw_p1_cn3  1.649 n=1464
2017-09-24 14:09:17,892 INFO idw_p2_cn3  1.657 n=1464
2017-09-24 14:09:17,892 INFO idw_p4_cn5  1.618 n=1464
2017-09-24 14:09:17,892 INFO idw_p1_cn5  1.637 n=1464
2017-09-24 14:09:17,892 INFO idw_p1_all  1.661 n=1464
2017-09-24 14:09:17,892 INFO mean_cn3    1.720 n=1464
2017-09-24 14:09:17,892 INFO idw_p3_cn3  1.664 n=1464
2017-09-24 14:09:17,893 INFO idw_p2_all  1.684 n=1464
2017-09-24 14:09:17,893 INFO median_cn3  1.663 n=1464
2017-09-24 14:09:17,893 INFO max_all     4.208 n=1464
2017-09-24 14:09:17,893 INFO max_cn3     2.093 n=1464
2017-09-24 14:09:17,893 INFO idw_p4_cn3  1.668 n=1464
2017-09-24 14:09:17,893 INFO median_cn5  1.692 n=1464
2017-09-24 14:09:17,893 INFO idw_p3_all  1.694 n=1464
2017-09-24 14:09:17,893 INFO end method list
2017-09-24 14:09:17,897 INFO interpolate for SWM
2017-09-24 14:09:17,897 INFO currently at 7 out of 10
2017-09-24 14:09:17,897 INFO use IHHSASEL2 IHAMBURG709 IHAMBURG1306 IHAMBURG598 IHAMBURG82 IHAMBURG1973 IHAMBURG1176 IHAMBURG910 IHAMBURG1586 IHAMBURG89 IHAMBURG237 IHAMBURG2031 IHAMBURG851 IHAMBURG1917 IHAMBURG628 IHAMBURG1421 IHAMBURG1124 IHAMBURG218 INORDERS72 IHAMBURG441 IHAMBURG1116 IHAMBURG450 IHAMBURG2008 IHAMBURG1254 IHAMBURG1464 IHAMBURG1864 IHAMBURG1990 IHAMBURG47 IHAMBURG2075 IHAMBURG2011 IHAMBURG1054 IHAMBURG190 IHAMBURG2039 IHAMBURG1622 IHAMBURG1830 IHAMBURG1058 IHAMBURG762 INORDERS16 IHAMBURG155 IHAMBURG175 IHAMBURG1374 IHAMBURG1204 IHAMBURG1389 IHAMBURG1182 IHAMBURG159 IHAMBURG699 IHAMBURG1292 IHAMBURG620 IHAMBURG1635 IHAMBURG1805 IHAMBURG840 IHAMBURG400 IHAMBURG1922 IHAMBURG1606 IHAMBURG2069 IHHWANDS2 IHAMBURG1795 IHAMBURG1044 IHHHINSC3 IHAMBURG1268 IHHFARMS3 IHAMBURG630 IHAMBURG594 IHAMBURG531 IHAMBURG64 IHAMBURG316 IHAMBURG1773 IHAMBURG206 IHAMBURG276 IHAMBURG1890 IHAMBURG98 IHAMBURG1933 IHAMBURG1755 IHHWINTE4 IHHNEUBO3 IHAMBURG1735 IBARSBTT22 IHAMBURG69 IHAMBURG1158 IHAMBURG1172 IHAMBURG1088 IHAMBURG2052 IHAMBURG1699 IHAMBURG1643 IHAMBURG81 IHAMBURG976 IHHFARMS2 IHAMBURG1256 IHAMBURG1516 IHAMBURG1298 IHAMBURG1015 IHAMBURG2066 IHAMBURG92 IHAMBURG119 IHAMBURG342 IHAMBURG90 IHAMBURG267 IHAMBURG969 IWEDEL8 IHHEISSE2 IHAMBURG1220 IHAMBURG1336 IHAMBURG863 IHAMBURG974 IHAMBURG1961 IHAMBURG1120 IHAMBURG1918 IHHHAMBU3 IHAMBURG243 IHAMBURG1920 IBARSBTT19 IHAMBURG2024 IHHLOKST3 ISEEVETA49 IHAMBURG1428 IHAMBURG978 IHAMBURG648 IHAMBURG118 IHAMBURG465 IHAMBURG1314 IHAMBURG508 IHAMBURG41 IHAMBURG723 IHAMBURG1783 IHAMBURG1476 IHAMBURG1346 IHAMBURG741 IHAMBURG355 IHAMBURG475 IHAMBURG812 IHHHOHEN2 IHHLANGE3 IHAMBURG2085 IHAMBURG1484 IHAMBURG1112 IHAMBURG1639 IHAMBURG1928 IHAMBURG550 IHORN16 IHAMBURG285 IHAMBURG1082 IHAMBURG1192 IHAMBURG435 IHAMBURG149 IHAMBURG460 IHHGROSS2 IHAMBURG2088 IBNNINGS3 IHHEIDEL2 INORDERS5 IHAMBURG1945 IHAMBURG2080 IHAMBURG42 IHAMBURG1086 IHHKLEIN2 IHAMBURG1977 IHHFUHLS3 IHAMBURG1368 IHAMBURG789 IHAMBURG1998 IHAMBURG540 IHAMBURG289 IHAMBURG537 IHHHARBU2 IHAMBURG867 IHAMBURG2041 ISCHENEF11 IHAMBURG412 IHHEIDEL5 IHAMBURG60 IHAMBURG2070 IHAMBURG693 IHAMBURG1391 IHAMBURG514 IHAMBURG955 IHAMBURG1823 IHAMBURG1880 IHAMBURG1234 IHAMBURG142 IHAMBURG1986 IHHBARMB5 IHAMBURG737 IHAMBURG1548 IHAMBURG1919 IHAMBURG1216 IWENTORF21 IHHEINLA2 IHAMBURG567 IHAMBURG990 IHAMBURG1166 IHAMBURG1494 IHAMBURG774 IHAMBURG269 IHAMBURG880 IHAMBURG1753 IHAMBURG1190 IHHHAMBU4 IHAMBURG279 IHAMBURG1860 IHAMBURG1631 IHAMBURG417 IHAMBURG216 IHAMBURG1982 IHAMBURG168 IHAMBURG199 IHAMBURG291 IHHSTEIL2 IHAMBURG469 IHAMBURG423 IHAMBURG1248 IHAMBURG61 IHAMBURG805 IHHMEIEN2 IHAMBURG998 IHHGRUEN2 IHHHELLB2 IHAMBURG1302 IHHLURUP2 IHAMBURG20 IHAMBURG2016 IHAMBURG93 IHAMBURG1645 IHAMBURG1108 IHAMBURG1144 IHAMBURG847 IHAMBURG1332 IHAMBURG436 IHAMBURG719 IHAMBURG803 IHAMBURG410 IHAMBURG1164 IHAMBURG53 IHAMBURG1411 IHHHOHEN3 IHAMBURG166 IHAMBURG481 IHHBARMB6 IHAMBURG1614 IHAMBURG274 IHAMBURG707 IHHMARIE2 IHAMBURG1910 IHAMBURG315 IHAMBURG336 INORDERS2 IHAMBURG1068 IHAMBURG354 ILBHOOPT2 IHAMBURG1458 IHAMBURG215 IHAMBURG1985 IHAMBURG1152 IHAMBURG1136 IHAMBURG262 IHAMBURG2002 IHAMBURG1974 IHAMBURG2009 IHAMBURG1372 IHAMBURG46 IHAMBURG452 IHAMBURG128 IHAMBURG1797 IHAMBURG280 IHAMBURG1629 IHAMBURG1709 IHAMBURG1360 IHAMBURG1150 IHAMBURG1084 IHAMBURG1832 IHAMBURG654 IHAMBURG2025 IHAMBURG1538 IHAMBURG1616 IHAMBURG1174 IHAMBURG268 IHAMBURG114 IHAMBURG213 IHAMBURG113 IHAMBURG403 IHAMBURG1462 IHAMBURG195 IHAMBURG527 IHAMBURG1512 IHAMBURG1427 IHAMBURG32 IHAMBURG1282 IHAMBURG99 IHAMBURG1771 IHAMBURG390 IHAMBURG1076 IHAMBURG1916 IHAMBURG360 IHAMBURG2079 IHAMBURG1508 IHAMBURG1711 IHHNEUGR2 IHAMBURG308 IHHSTEIN2 IHAMBURG1940 IHAMBURG154 IHAMBURG1064 IHAMBURG49 IHAMBURG1470 IHHSCHNE3 IHAMBURG489 IHAMBURG1142 IHHLOHBR3 IHAMBURG1976 IHAMBURG1002 IHAMBURG1184 IHAMBURG935 IHHMARIE4 IHAMBURG1661 IHAMBURG1600 IHAMBURG600 IHAMBURG10 IHAMBURG200 IHAMBURG1504 IHAMBURG456 IHHSCHNE2 IHAMBURG340 IHAMBURG1870 IHAMBURG335 IHAMBURG1342 IHAMBURG110 IHAMBURG44 IHAMBURG515 IHAMBURG674 IHAMBURG1436 IHAMBURG1819 IHAMBURG1106 IHAMBURG1929 IHHKIRCH2 IHHWELLI2 IHAMBURG646 IHAMBURG352 IHAMBURG163 IHHOHMOO2 IHAMBURG427 IHAMBURG106 IHAMBURG140 IHAMBURG471 IHAMBURG1759 IHAMBURG333 IHAMBURG2081 IHAMBURG1052 IHAMBURG1967 IHAMBURG363 IHAMBURG180 IHAMBURG924 IHAMBURG252 IHAMBURG1989 INORDERS98 IHAMBURG1230 IHAMBURG2048 IHAMBURG2013 IHAMBURG1995 IHAMBURG2026 IHAMBURG1671 IHAMBURG242 IHAMBURG1950 IHAMBURG1008 IHAMBURG260 IHAMBURG2005 IHAMBURG951 IHAMBURG2043 IHAMBURG79 IHAMBURG109 IHAMBURG626 IHAMBURG2076 IHAMBURG229 IHAMBURG224 IHAMBURG1270 IHAMBURG431 IHAMBURG258 IHAMBURG1787 IHAMBURG1300 IHHMARIE3 INORDERS21 IHAMBURG394 IHAMBURG1988 IHAMBURG1962 IHHOSDOR2 IHAMBURG1697 IHAMBURG1284 IHAMBURG1200 IHAMBURG380 IHAMBURG406 IHAMBURG214 IHAMBURG1675 IHAMBURG963 IHAMBURG610 IHAMBURG153 IHAMBURG1691 IHAMBURG1056 IHAMBURG684 IHAMBURG487 IHAMBURG454 IHAMBURG162 IHAMBURG2000 IHAMBURG341 IHAMBURG2042 IHAMBURG1843 IHAMBURG1118 IHAMBURG1102 IHAMBURG1620 IHAMBURG1194 IHAMBURG439 IHAMBURG373 IHAMBURG1156 IHAMBURG184 IWINSENL6 IHAMBURG405 IHAMBURG1628 IHHALSTE2 IHAMBURG172 IHAMBURG144 IHAMBURG1379 IHAMBURG1296 IHAMBURG132 IHAMBURG131 IHAMBURG375 IHAMBURG1383 IHAMBURG517 IHAMBURG1252 IHAMBURG1930 IHAMBURG497 IHAMBURG957 IHAMBURG751 IHAMBURG1198 IHAMBURG205 IHAMBURG22 IHAMBURG402 IHAMBURG479 IHHCURSL2 IHHROTHE2 IHAMBURG640 IHAMBURG592 IHAMBURG1932 IHAMBURG270 IHAMBURG108 IHAMBURG188 IHAMBURG1841
2017-09-24 14:09:21,540 DEBUG done: 0.000 percent
2017-09-24 14:22:08,074 DEBUG done: 13.661 percent
2017-09-24 14:34:47,904 DEBUG done: 27.322 percent
2017-09-24 14:47:38,146 DEBUG done: 40.984 percent
2017-09-24 15:00:24,861 DEBUG done: 54.645 percent
2017-09-24 15:13:59,116 DEBUG done: 68.306 percent
2017-09-24 15:28:17,628 DEBUG done: 81.967 percent
2017-09-24 15:42:44,877 DEBUG done: 95.628 percent
2017-09-24 15:47:28,451 INFO mean_cn5    1.311 n=1449
2017-09-24 15:47:28,452 INFO min_cn5     1.007 n=1449
2017-09-24 15:47:28,452 INFO idw_p3_cn5  1.254 n=1449
2017-09-24 15:47:28,452 INFO max_cn5     1.935 n=1449
2017-09-24 15:47:28,452 INFO median_all  1.326 n=1449
2017-09-24 15:47:28,452 INFO idw_p4_all  1.431 n=1449
2017-09-24 15:47:28,452 INFO mean_all    1.344 n=1449
2017-09-24 15:47:28,452 INFO idw_p2_cn5  1.245 n=1449
2017-09-24 15:47:28,453 INFO min_all     1.110 n=1449
2017-09-24 15:47:28,453 INFO min_cn3     1.074 n=1449
2017-09-24 15:47:28,453 INFO idw_p1_cn3  1.295 n=1449
2017-09-24 15:47:28,453 INFO idw_p2_cn3  1.296 n=1449
2017-09-24 15:47:28,453 INFO idw_p4_cn5  1.258 n=1449
2017-09-24 15:47:28,453 INFO idw_p1_cn5  1.239 n=1449
2017-09-24 15:47:28,453 INFO idw_p1_all  1.376 n=1449
2017-09-24 15:47:28,453 INFO mean_cn3    1.310 n=1449
2017-09-24 15:47:28,453 INFO idw_p3_cn3  1.294 n=1449
2017-09-24 15:47:28,453 INFO idw_p2_all  1.403 n=1449
2017-09-24 15:47:28,453 INFO median_cn3  1.292 n=1449
2017-09-24 15:47:28,453 INFO max_all     3.917 n=1449
2017-09-24 15:47:28,453 INFO max_cn3     1.652 n=1449
2017-09-24 15:47:28,453 INFO idw_p4_cn3  1.292 n=1449
2017-09-24 15:47:28,453 INFO median_cn5  1.281 n=1449
2017-09-24 15:47:28,453 INFO idw_p3_all  1.424 n=1449
2017-09-24 15:47:28,453 INFO end method list
2017-09-24 15:47:28,457 INFO interpolate for WGM
2017-09-24 15:47:28,457 INFO currently at 8 out of 10
2017-09-24 15:47:28,458 INFO use IHHSASEL2 IHAMBURG709 IHAMBURG1306 IHAMBURG598 IHAMBURG82 IHAMBURG1973 IHAMBURG1176 IHAMBURG910 IHAMBURG1586 IHAMBURG89 IHAMBURG237 IHAMBURG2031 IHAMBURG851 IHAMBURG1917 IHAMBURG628 IHAMBURG1421 IHAMBURG1124 IHAMBURG218 INORDERS72 IHAMBURG441 IHAMBURG1116 IHAMBURG450 IHAMBURG2008 IHAMBURG1254 IHAMBURG1464 IHAMBURG1864 IHAMBURG1990 IHAMBURG47 IHAMBURG2075 IHAMBURG2011 IHAMBURG1054 IHAMBURG190 IHAMBURG2039 IHAMBURG1622 IHAMBURG1830 IHAMBURG1058 IHAMBURG762 INORDERS16 IHAMBURG155 IHAMBURG175 IHAMBURG1374 IHAMBURG1204 IHAMBURG1389 IHAMBURG1182 IHAMBURG159 IHAMBURG699 IHAMBURG1292 IHAMBURG620 IHAMBURG1635 IHAMBURG1805 IHAMBURG840 IHAMBURG400 IHAMBURG1922 IHAMBURG1606 IHAMBURG2069 IHHWANDS2 IHAMBURG1795 IHAMBURG1044 IHHHINSC3 IHAMBURG1268 IHHFARMS3 IHAMBURG630 IHAMBURG594 IHAMBURG531 IHAMBURG64 IHAMBURG316 IHAMBURG1773 IHAMBURG206 IHAMBURG276 IHAMBURG1890 IHAMBURG98 IHAMBURG1933 IHAMBURG1755 IHHWINTE4 IHHNEUBO3 IHAMBURG1735 IBARSBTT22 IHAMBURG69 IHAMBURG1158 IHAMBURG1172 IHAMBURG1088 IHAMBURG2052 IHAMBURG1699 IHAMBURG1643 IHAMBURG81 IHAMBURG976 IHHFARMS2 IHAMBURG1256 IHAMBURG1516 IHAMBURG1298 IHAMBURG1015 IHAMBURG2066 IHAMBURG92 IHAMBURG119 IHAMBURG342 IHAMBURG90 IHAMBURG267 IHAMBURG969 IWEDEL8 IHHEISSE2 IHAMBURG1220 IHAMBURG1336 IHAMBURG863 IHAMBURG974 IHAMBURG1961 IHAMBURG1120 IHAMBURG1918 IHHHAMBU3 IHAMBURG243 IHAMBURG1920 IBARSBTT19 IHAMBURG2024 IHHLOKST3 ISEEVETA49 IHAMBURG1428 IHAMBURG978 IHAMBURG648 IHAMBURG118 IHAMBURG465 IHAMBURG1314 IHAMBURG508 IHAMBURG41 IHAMBURG723 IHAMBURG1783 IHAMBURG1476 IHAMBURG1346 IHAMBURG741 IHAMBURG355 IHAMBURG475 IHAMBURG812 IHHHOHEN2 IHHLANGE3 IHAMBURG2085 IHAMBURG1484 IHAMBURG1112 IHAMBURG1639 IHAMBURG1928 IHAMBURG550 IHORN16 IHAMBURG285 IHAMBURG1082 IHAMBURG1192 IHAMBURG435 IHAMBURG149 IHAMBURG460 IHHGROSS2 IHAMBURG2088 IBNNINGS3 IHHEIDEL2 INORDERS5 IHAMBURG1945 IHAMBURG2080 IHAMBURG42 IHAMBURG1086 IHHKLEIN2 IHAMBURG1977 IHHFUHLS3 IHAMBURG1368 IHAMBURG789 IHAMBURG1998 IHAMBURG540 IHAMBURG289 IHAMBURG537 IHHHARBU2 IHAMBURG867 IHAMBURG2041 ISCHENEF11 IHAMBURG412 IHHEIDEL5 IHAMBURG60 IHAMBURG2070 IHAMBURG693 IHAMBURG1391 IHAMBURG514 IHAMBURG955 IHAMBURG1823 IHAMBURG1880 IHAMBURG1234 IHAMBURG142 IHAMBURG1986 IHHBARMB5 IHAMBURG737 IHAMBURG1548 IHAMBURG1919 IHAMBURG1216 IWENTORF21 IHHEINLA2 IHAMBURG567 IHAMBURG990 IHAMBURG1166 IHAMBURG1494 IHAMBURG774 IHAMBURG269 IHAMBURG880 IHAMBURG1753 IHAMBURG1190 IHHHAMBU4 IHAMBURG279 IHAMBURG1860 IHAMBURG1631 IHAMBURG417 IHAMBURG216 IHAMBURG1982 IHAMBURG168 IHAMBURG199 IHAMBURG291 IHHSTEIL2 IHAMBURG469 IHAMBURG423 IHAMBURG1248 IHAMBURG61 IHAMBURG805 IHHMEIEN2 IHAMBURG998 IHHGRUEN2 IHHHELLB2 IHAMBURG1302 IHHLURUP2 IHAMBURG20 IHAMBURG2016 IHAMBURG93 IHAMBURG1645 IHAMBURG1108 IHAMBURG1144 IHAMBURG847 IHAMBURG1332 IHAMBURG436 IHAMBURG719 IHAMBURG803 IHAMBURG410 IHAMBURG1164 IHAMBURG53 IHAMBURG1411 IHHHOHEN3 IHAMBURG166 IHAMBURG481 IHHBARMB6 IHAMBURG1614 IHAMBURG274 IHAMBURG707 IHHMARIE2 IHAMBURG1910 IHAMBURG315 IHAMBURG336 INORDERS2 IHAMBURG1068 IHAMBURG354 ILBHOOPT2 IHAMBURG1458 IHAMBURG215 IHAMBURG1985 IHAMBURG1152 IHAMBURG1136 IHAMBURG262 IHAMBURG2002 IHAMBURG1974 IHAMBURG2009 IHAMBURG1372 IHAMBURG46 IHAMBURG452 IHAMBURG128 IHAMBURG1797 IHAMBURG280 IHAMBURG1629 IHAMBURG1709 IHAMBURG1360 IHAMBURG1150 IHAMBURG1084 IHAMBURG1832 IHAMBURG654 IHAMBURG2025 IHAMBURG1538 IHAMBURG1616 IHAMBURG1174 IHAMBURG268 IHAMBURG114 IHAMBURG213 IHAMBURG113 IHAMBURG403 IHAMBURG1462 IHAMBURG195 IHAMBURG527 IHAMBURG1512 IHAMBURG1427 IHAMBURG32 IHAMBURG1282 IHAMBURG99 IHAMBURG1771 IHAMBURG390 IHAMBURG1076 IHAMBURG1916 IHAMBURG360 IHAMBURG2079 IHAMBURG1508 IHAMBURG1711 IHHNEUGR2 IHAMBURG308 IHHSTEIN2 IHAMBURG1940 IHAMBURG154 IHAMBURG1064 IHAMBURG49 IHAMBURG1470 IHHSCHNE3 IHAMBURG489 IHAMBURG1142 IHHLOHBR3 IHAMBURG1976 IHAMBURG1002 IHAMBURG1184 IHAMBURG935 IHHMARIE4 IHAMBURG1661 IHAMBURG1600 IHAMBURG600 IHAMBURG10 IHAMBURG200 IHAMBURG1504 IHAMBURG456 IHHSCHNE2 IHAMBURG340 IHAMBURG1870 IHAMBURG335 IHAMBURG1342 IHAMBURG110 IHAMBURG44 IHAMBURG515 IHAMBURG674 IHAMBURG1436 IHAMBURG1819 IHAMBURG1106 IHAMBURG1929 IHHKIRCH2 IHHWELLI2 IHAMBURG646 IHAMBURG352 IHAMBURG163 IHHOHMOO2 IHAMBURG427 IHAMBURG106 IHAMBURG140 IHAMBURG471 IHAMBURG1759 IHAMBURG333 IHAMBURG2081 IHAMBURG1052 IHAMBURG1967 IHAMBURG363 IHAMBURG180 IHAMBURG924 IHAMBURG252 IHAMBURG1989 INORDERS98 IHAMBURG1230 IHAMBURG2048 IHAMBURG2013 IHAMBURG1995 IHAMBURG2026 IHAMBURG1671 IHAMBURG242 IHAMBURG1950 IHAMBURG1008 IHAMBURG260 IHAMBURG2005 IHAMBURG951 IHAMBURG2043 IHAMBURG79 IHAMBURG109 IHAMBURG626 IHAMBURG2076 IHAMBURG229 IHAMBURG224 IHAMBURG1270 IHAMBURG431 IHAMBURG258 IHAMBURG1787 IHAMBURG1300 IHHMARIE3 INORDERS21 IHAMBURG394 IHAMBURG1988 IHAMBURG1962 IHHOSDOR2 IHAMBURG1697 IHAMBURG1284 IHAMBURG1200 IHAMBURG380 IHAMBURG406 IHAMBURG214 IHAMBURG1675 IHAMBURG963 IHAMBURG610 IHAMBURG153 IHAMBURG1691 IHAMBURG1056 IHAMBURG684 IHAMBURG487 IHAMBURG454 IHAMBURG162 IHAMBURG2000 IHAMBURG341 IHAMBURG2042 IHAMBURG1843 IHAMBURG1118 IHAMBURG1102 IHAMBURG1620 IHAMBURG1194 IHAMBURG439 IHAMBURG373 IHAMBURG1156 IHAMBURG184 IWINSENL6 IHAMBURG405 IHAMBURG1628 IHHALSTE2 IHAMBURG172 IHAMBURG144 IHAMBURG1379 IHAMBURG1296 IHAMBURG132 IHAMBURG131 IHAMBURG375 IHAMBURG1383 IHAMBURG517 IHAMBURG1252 IHAMBURG1930 IHAMBURG497 IHAMBURG957 IHAMBURG751 IHAMBURG1198 IHAMBURG205 IHAMBURG22 IHAMBURG402 IHAMBURG479 IHHCURSL2 IHHROTHE2 IHAMBURG640 IHAMBURG592 IHAMBURG1932 IHAMBURG270 IHAMBURG108 IHAMBURG188 IHAMBURG1841
2017-09-24 15:47:32,101 DEBUG done: 0.000 percent
2017-09-24 16:00:30,545 DEBUG done: 13.661 percent
2017-09-24 16:13:15,343 DEBUG done: 27.322 percent
2017-09-24 16:26:07,278 DEBUG done: 40.984 percent
2017-09-24 16:38:47,422 DEBUG done: 54.645 percent
2017-09-24 16:52:25,546 DEBUG done: 68.306 percent
2017-09-24 17:06:43,377 DEBUG done: 81.967 percent
2017-09-24 17:20:58,909 DEBUG done: 95.628 percent
2017-09-24 17:25:49,436 INFO mean_cn5    1.367 n=1460
2017-09-24 17:25:49,437 INFO min_cn5     1.063 n=1460
2017-09-24 17:25:49,437 INFO idw_p3_cn5  1.600 n=1460
2017-09-24 17:25:49,437 INFO max_cn5     1.955 n=1460
2017-09-24 17:25:49,437 INFO median_all  1.257 n=1460
2017-09-24 17:25:49,437 INFO idw_p4_all  1.032 n=1460
2017-09-24 17:25:49,437 INFO mean_all    1.267 n=1460
2017-09-24 17:25:49,437 INFO idw_p2_cn5  1.548 n=1460
2017-09-24 17:25:49,437 INFO min_all     1.219 n=1460
2017-09-24 17:25:49,437 INFO min_cn3     1.116 n=1460
2017-09-24 17:25:49,437 INFO idw_p1_cn3  1.200 n=1460
2017-09-24 17:25:49,437 INFO idw_p2_cn3  1.202 n=1460
2017-09-24 17:25:49,437 INFO idw_p4_cn5  1.615 n=1460
2017-09-24 17:25:49,437 INFO idw_p1_cn5  1.423 n=1460
2017-09-24 17:25:49,437 INFO idw_p1_all  1.128 n=1460
2017-09-24 17:25:49,438 INFO mean_cn3    1.207 n=1460
2017-09-24 17:25:49,438 INFO idw_p3_cn3  1.204 n=1460
2017-09-24 17:25:49,438 INFO idw_p2_all  0.997 n=1460
2017-09-24 17:25:49,438 INFO median_cn3  1.213 n=1460
2017-09-24 17:25:49,438 INFO max_all     3.785 n=1460
2017-09-24 17:25:49,438 INFO max_cn3     1.343 n=1460
2017-09-24 17:25:49,438 INFO idw_p4_cn3  1.206 n=1460
2017-09-24 17:25:49,438 INFO median_cn5  1.258 n=1460
2017-09-24 17:25:49,438 INFO idw_p3_all  1.017 n=1460
2017-09-24 17:25:49,438 INFO end method list
2017-09-24 17:25:49,442 INFO interpolate for WWM
2017-09-24 17:25:49,442 INFO currently at 9 out of 10
2017-09-24 17:25:49,443 INFO use IHHSASEL2 IHAMBURG709 IHAMBURG1306 IHAMBURG598 IHAMBURG82 IHAMBURG1973 IHAMBURG1176 IHAMBURG910 IHAMBURG1586 IHAMBURG89 IHAMBURG237 IHAMBURG2031 IHAMBURG851 IHAMBURG1917 IHAMBURG628 IHAMBURG1421 IHAMBURG1124 IHAMBURG218 INORDERS72 IHAMBURG441 IHAMBURG1116 IHAMBURG450 IHAMBURG2008 IHAMBURG1254 IHAMBURG1464 IHAMBURG1864 IHAMBURG1990 IHAMBURG47 IHAMBURG2075 IHAMBURG2011 IHAMBURG1054 IHAMBURG190 IHAMBURG2039 IHAMBURG1622 IHAMBURG1830 IHAMBURG1058 IHAMBURG762 INORDERS16 IHAMBURG155 IHAMBURG175 IHAMBURG1374 IHAMBURG1204 IHAMBURG1389 IHAMBURG1182 IHAMBURG159 IHAMBURG699 IHAMBURG1292 IHAMBURG620 IHAMBURG1635 IHAMBURG1805 IHAMBURG840 IHAMBURG400 IHAMBURG1922 IHAMBURG1606 IHAMBURG2069 IHHWANDS2 IHAMBURG1795 IHAMBURG1044 IHHHINSC3 IHAMBURG1268 IHHFARMS3 IHAMBURG630 IHAMBURG594 IHAMBURG531 IHAMBURG64 IHAMBURG316 IHAMBURG1773 IHAMBURG206 IHAMBURG276 IHAMBURG1890 IHAMBURG98 IHAMBURG1933 IHAMBURG1755 IHHWINTE4 IHHNEUBO3 IHAMBURG1735 IBARSBTT22 IHAMBURG69 IHAMBURG1158 IHAMBURG1172 IHAMBURG1088 IHAMBURG2052 IHAMBURG1699 IHAMBURG1643 IHAMBURG81 IHAMBURG976 IHHFARMS2 IHAMBURG1256 IHAMBURG1516 IHAMBURG1298 IHAMBURG1015 IHAMBURG2066 IHAMBURG92 IHAMBURG119 IHAMBURG342 IHAMBURG90 IHAMBURG267 IHAMBURG969 IWEDEL8 IHHEISSE2 IHAMBURG1220 IHAMBURG1336 IHAMBURG863 IHAMBURG974 IHAMBURG1961 IHAMBURG1120 IHAMBURG1918 IHHHAMBU3 IHAMBURG243 IHAMBURG1920 IBARSBTT19 IHAMBURG2024 IHHLOKST3 ISEEVETA49 IHAMBURG1428 IHAMBURG978 IHAMBURG648 IHAMBURG118 IHAMBURG465 IHAMBURG1314 IHAMBURG508 IHAMBURG41 IHAMBURG723 IHAMBURG1783 IHAMBURG1476 IHAMBURG1346 IHAMBURG741 IHAMBURG355 IHAMBURG475 IHAMBURG812 IHHHOHEN2 IHHLANGE3 IHAMBURG2085 IHAMBURG1484 IHAMBURG1112 IHAMBURG1639 IHAMBURG1928 IHAMBURG550 IHORN16 IHAMBURG285 IHAMBURG1082 IHAMBURG1192 IHAMBURG435 IHAMBURG149 IHAMBURG460 IHHGROSS2 IHAMBURG2088 IBNNINGS3 IHHEIDEL2 INORDERS5 IHAMBURG1945 IHAMBURG2080 IHAMBURG42 IHAMBURG1086 IHHKLEIN2 IHAMBURG1977 IHHFUHLS3 IHAMBURG1368 IHAMBURG789 IHAMBURG1998 IHAMBURG540 IHAMBURG289 IHAMBURG537 IHHHARBU2 IHAMBURG867 IHAMBURG2041 ISCHENEF11 IHAMBURG412 IHHEIDEL5 IHAMBURG60 IHAMBURG2070 IHAMBURG693 IHAMBURG1391 IHAMBURG514 IHAMBURG955 IHAMBURG1823 IHAMBURG1880 IHAMBURG1234 IHAMBURG142 IHAMBURG1986 IHHBARMB5 IHAMBURG737 IHAMBURG1548 IHAMBURG1919 IHAMBURG1216 IWENTORF21 IHHEINLA2 IHAMBURG567 IHAMBURG990 IHAMBURG1166 IHAMBURG1494 IHAMBURG774 IHAMBURG269 IHAMBURG880 IHAMBURG1753 IHAMBURG1190 IHHHAMBU4 IHAMBURG279 IHAMBURG1860 IHAMBURG1631 IHAMBURG417 IHAMBURG216 IHAMBURG1982 IHAMBURG168 IHAMBURG199 IHAMBURG291 IHHSTEIL2 IHAMBURG469 IHAMBURG423 IHAMBURG1248 IHAMBURG61 IHAMBURG805 IHHMEIEN2 IHAMBURG998 IHHGRUEN2 IHHHELLB2 IHAMBURG1302 IHHLURUP2 IHAMBURG20 IHAMBURG2016 IHAMBURG93 IHAMBURG1645 IHAMBURG1108 IHAMBURG1144 IHAMBURG847 IHAMBURG1332 IHAMBURG436 IHAMBURG719 IHAMBURG803 IHAMBURG410 IHAMBURG1164 IHAMBURG53 IHAMBURG1411 IHHHOHEN3 IHAMBURG166 IHAMBURG481 IHHBARMB6 IHAMBURG1614 IHAMBURG274 IHAMBURG707 IHHMARIE2 IHAMBURG1910 IHAMBURG315 IHAMBURG336 INORDERS2 IHAMBURG1068 IHAMBURG354 ILBHOOPT2 IHAMBURG1458 IHAMBURG215 IHAMBURG1985 IHAMBURG1152 IHAMBURG1136 IHAMBURG262 IHAMBURG2002 IHAMBURG1974 IHAMBURG2009 IHAMBURG1372 IHAMBURG46 IHAMBURG452 IHAMBURG128 IHAMBURG1797 IHAMBURG280 IHAMBURG1629 IHAMBURG1709 IHAMBURG1360 IHAMBURG1150 IHAMBURG1084 IHAMBURG1832 IHAMBURG654 IHAMBURG2025 IHAMBURG1538 IHAMBURG1616 IHAMBURG1174 IHAMBURG268 IHAMBURG114 IHAMBURG213 IHAMBURG113 IHAMBURG403 IHAMBURG1462 IHAMBURG195 IHAMBURG527 IHAMBURG1512 IHAMBURG1427 IHAMBURG32 IHAMBURG1282 IHAMBURG99 IHAMBURG1771 IHAMBURG390 IHAMBURG1076 IHAMBURG1916 IHAMBURG360 IHAMBURG2079 IHAMBURG1508 IHAMBURG1711 IHHNEUGR2 IHAMBURG308 IHHSTEIN2 IHAMBURG1940 IHAMBURG154 IHAMBURG1064 IHAMBURG49 IHAMBURG1470 IHHSCHNE3 IHAMBURG489 IHAMBURG1142 IHHLOHBR3 IHAMBURG1976 IHAMBURG1002 IHAMBURG1184 IHAMBURG935 IHHMARIE4 IHAMBURG1661 IHAMBURG1600 IHAMBURG600 IHAMBURG10 IHAMBURG200 IHAMBURG1504 IHAMBURG456 IHHSCHNE2 IHAMBURG340 IHAMBURG1870 IHAMBURG335 IHAMBURG1342 IHAMBURG110 IHAMBURG44 IHAMBURG515 IHAMBURG674 IHAMBURG1436 IHAMBURG1819 IHAMBURG1106 IHAMBURG1929 IHHKIRCH2 IHHWELLI2 IHAMBURG646 IHAMBURG352 IHAMBURG163 IHHOHMOO2 IHAMBURG427 IHAMBURG106 IHAMBURG140 IHAMBURG471 IHAMBURG1759 IHAMBURG333 IHAMBURG2081 IHAMBURG1052 IHAMBURG1967 IHAMBURG363 IHAMBURG180 IHAMBURG924 IHAMBURG252 IHAMBURG1989 INORDERS98 IHAMBURG1230 IHAMBURG2048 IHAMBURG2013 IHAMBURG1995 IHAMBURG2026 IHAMBURG1671 IHAMBURG242 IHAMBURG1950 IHAMBURG1008 IHAMBURG260 IHAMBURG2005 IHAMBURG951 IHAMBURG2043 IHAMBURG79 IHAMBURG109 IHAMBURG626 IHAMBURG2076 IHAMBURG229 IHAMBURG224 IHAMBURG1270 IHAMBURG431 IHAMBURG258 IHAMBURG1787 IHAMBURG1300 IHHMARIE3 INORDERS21 IHAMBURG394 IHAMBURG1988 IHAMBURG1962 IHHOSDOR2 IHAMBURG1697 IHAMBURG1284 IHAMBURG1200 IHAMBURG380 IHAMBURG406 IHAMBURG214 IHAMBURG1675 IHAMBURG963 IHAMBURG610 IHAMBURG153 IHAMBURG1691 IHAMBURG1056 IHAMBURG684 IHAMBURG487 IHAMBURG454 IHAMBURG162 IHAMBURG2000 IHAMBURG341 IHAMBURG2042 IHAMBURG1843 IHAMBURG1118 IHAMBURG1102 IHAMBURG1620 IHAMBURG1194 IHAMBURG439 IHAMBURG373 IHAMBURG1156 IHAMBURG184 IWINSENL6 IHAMBURG405 IHAMBURG1628 IHHALSTE2 IHAMBURG172 IHAMBURG144 IHAMBURG1379 IHAMBURG1296 IHAMBURG132 IHAMBURG131 IHAMBURG375 IHAMBURG1383 IHAMBURG517 IHAMBURG1252 IHAMBURG1930 IHAMBURG497 IHAMBURG957 IHAMBURG751 IHAMBURG1198 IHAMBURG205 IHAMBURG22 IHAMBURG402 IHAMBURG479 IHHCURSL2 IHHROTHE2 IHAMBURG640 IHAMBURG592 IHAMBURG1932 IHAMBURG270 IHAMBURG108 IHAMBURG188 IHAMBURG1841
2017-09-24 17:25:53,316 DEBUG done: 0.000 percent
2017-09-24 17:38:38,822 DEBUG done: 13.661 percent
2017-09-24 17:51:16,913 DEBUG done: 27.322 percent
2017-09-24 18:04:11,977 DEBUG done: 40.984 percent
2017-09-24 18:16:59,821 DEBUG done: 54.645 percent
2017-09-24 18:30:36,474 DEBUG done: 68.306 percent
2017-09-24 18:44:54,329 DEBUG done: 81.967 percent
2017-09-24 18:59:07,498 DEBUG done: 95.628 percent
2017-09-24 19:03:56,631 INFO mean_cn5    1.368 n=1464
2017-09-24 19:03:56,632 INFO min_cn5     1.043 n=1464
2017-09-24 19:03:56,632 INFO idw_p3_cn5  1.243 n=1464
2017-09-24 19:03:56,632 INFO max_cn5     2.052 n=1464
2017-09-24 19:03:56,632 INFO median_all  1.277 n=1464
2017-09-24 19:03:56,632 INFO idw_p4_all  1.001 n=1464
2017-09-24 19:03:56,632 INFO mean_all    1.289 n=1464
2017-09-24 19:03:56,632 INFO idw_p2_cn5  1.248 n=1464
2017-09-24 19:03:56,632 INFO min_all     1.147 n=1464
2017-09-24 19:03:56,632 INFO min_cn3     1.082 n=1464
2017-09-24 19:03:56,632 INFO idw_p1_cn3  1.179 n=1464
2017-09-24 19:03:56,632 INFO idw_p2_cn3  1.181 n=1464
2017-09-24 19:03:56,632 INFO idw_p4_cn5  1.241 n=1464
2017-09-24 19:03:56,632 INFO idw_p1_cn5  1.256 n=1464
2017-09-24 19:03:56,632 INFO idw_p1_all  1.139 n=1464
2017-09-24 19:03:56,633 INFO mean_cn3    1.194 n=1464
2017-09-24 19:03:56,633 INFO idw_p3_cn3  1.184 n=1464
2017-09-24 19:03:56,633 INFO idw_p2_all  0.977 n=1464
2017-09-24 19:03:56,633 INFO median_cn3  1.199 n=1464
2017-09-24 19:03:56,633 INFO max_all     3.879 n=1464
2017-09-24 19:03:56,633 INFO max_cn3     1.353 n=1464
2017-09-24 19:03:56,633 INFO idw_p4_cn3  1.186 n=1464
2017-09-24 19:03:56,633 INFO median_cn5  1.255 n=1464
2017-09-24 19:03:56,633 INFO idw_p3_all  0.985 n=1464
2017-09-24 19:03:56,633 INFO end method list
2017-09-24 19:03:56,637 INFO interpolate for ZOM
2017-09-24 19:03:56,637 INFO currently at 10 out of 10
2017-09-24 19:03:56,637 INFO use IHHSASEL2 IHAMBURG709 IHAMBURG1306 IHAMBURG598 IHAMBURG82 IHAMBURG1973 IHAMBURG1176 IHAMBURG910 IHAMBURG1586 IHAMBURG89 IHAMBURG237 IHAMBURG2031 IHAMBURG851 IHAMBURG1917 IHAMBURG628 IHAMBURG1421 IHAMBURG1124 IHAMBURG218 INORDERS72 IHAMBURG441 IHAMBURG1116 IHAMBURG450 IHAMBURG2008 IHAMBURG1254 IHAMBURG1464 IHAMBURG1864 IHAMBURG1990 IHAMBURG47 IHAMBURG2075 IHAMBURG2011 IHAMBURG1054 IHAMBURG190 IHAMBURG2039 IHAMBURG1622 IHAMBURG1830 IHAMBURG1058 IHAMBURG762 INORDERS16 IHAMBURG155 IHAMBURG175 IHAMBURG1374 IHAMBURG1204 IHAMBURG1389 IHAMBURG1182 IHAMBURG159 IHAMBURG699 IHAMBURG1292 IHAMBURG620 IHAMBURG1635 IHAMBURG1805 IHAMBURG840 IHAMBURG400 IHAMBURG1922 IHAMBURG1606 IHAMBURG2069 IHHWANDS2 IHAMBURG1795 IHAMBURG1044 IHHHINSC3 IHAMBURG1268 IHHFARMS3 IHAMBURG630 IHAMBURG594 IHAMBURG531 IHAMBURG64 IHAMBURG316 IHAMBURG1773 IHAMBURG206 IHAMBURG276 IHAMBURG1890 IHAMBURG98 IHAMBURG1933 IHAMBURG1755 IHHWINTE4 IHHNEUBO3 IHAMBURG1735 IBARSBTT22 IHAMBURG69 IHAMBURG1158 IHAMBURG1172 IHAMBURG1088 IHAMBURG2052 IHAMBURG1699 IHAMBURG1643 IHAMBURG81 IHAMBURG976 IHHFARMS2 IHAMBURG1256 IHAMBURG1516 IHAMBURG1298 IHAMBURG1015 IHAMBURG2066 IHAMBURG92 IHAMBURG119 IHAMBURG342 IHAMBURG90 IHAMBURG267 IHAMBURG969 IWEDEL8 IHHEISSE2 IHAMBURG1220 IHAMBURG1336 IHAMBURG863 IHAMBURG974 IHAMBURG1961 IHAMBURG1120 IHAMBURG1918 IHHHAMBU3 IHAMBURG243 IHAMBURG1920 IBARSBTT19 IHAMBURG2024 IHHLOKST3 ISEEVETA49 IHAMBURG1428 IHAMBURG978 IHAMBURG648 IHAMBURG118 IHAMBURG465 IHAMBURG1314 IHAMBURG508 IHAMBURG41 IHAMBURG723 IHAMBURG1783 IHAMBURG1476 IHAMBURG1346 IHAMBURG741 IHAMBURG355 IHAMBURG475 IHAMBURG812 IHHHOHEN2 IHHLANGE3 IHAMBURG2085 IHAMBURG1484 IHAMBURG1112 IHAMBURG1639 IHAMBURG1928 IHAMBURG550 IHORN16 IHAMBURG285 IHAMBURG1082 IHAMBURG1192 IHAMBURG435 IHAMBURG149 IHAMBURG460 IHHGROSS2 IHAMBURG2088 IBNNINGS3 IHHEIDEL2 INORDERS5 IHAMBURG1945 IHAMBURG2080 IHAMBURG42 IHAMBURG1086 IHHKLEIN2 IHAMBURG1977 IHHFUHLS3 IHAMBURG1368 IHAMBURG789 IHAMBURG1998 IHAMBURG540 IHAMBURG289 IHAMBURG537 IHHHARBU2 IHAMBURG867 IHAMBURG2041 ISCHENEF11 IHAMBURG412 IHHEIDEL5 IHAMBURG60 IHAMBURG2070 IHAMBURG693 IHAMBURG1391 IHAMBURG514 IHAMBURG955 IHAMBURG1823 IHAMBURG1880 IHAMBURG1234 IHAMBURG142 IHAMBURG1986 IHHBARMB5 IHAMBURG737 IHAMBURG1548 IHAMBURG1919 IHAMBURG1216 IWENTORF21 IHHEINLA2 IHAMBURG567 IHAMBURG990 IHAMBURG1166 IHAMBURG1494 IHAMBURG774 IHAMBURG269 IHAMBURG880 IHAMBURG1753 IHAMBURG1190 IHHHAMBU4 IHAMBURG279 IHAMBURG1860 IHAMBURG1631 IHAMBURG417 IHAMBURG216 IHAMBURG1982 IHAMBURG168 IHAMBURG199 IHAMBURG291 IHHSTEIL2 IHAMBURG469 IHAMBURG423 IHAMBURG1248 IHAMBURG61 IHAMBURG805 IHHMEIEN2 IHAMBURG998 IHHGRUEN2 IHHHELLB2 IHAMBURG1302 IHHLURUP2 IHAMBURG20 IHAMBURG2016 IHAMBURG93 IHAMBURG1645 IHAMBURG1108 IHAMBURG1144 IHAMBURG847 IHAMBURG1332 IHAMBURG436 IHAMBURG719 IHAMBURG803 IHAMBURG410 IHAMBURG1164 IHAMBURG53 IHAMBURG1411 IHHHOHEN3 IHAMBURG166 IHAMBURG481 IHHBARMB6 IHAMBURG1614 IHAMBURG274 IHAMBURG707 IHHMARIE2 IHAMBURG1910 IHAMBURG315 IHAMBURG336 INORDERS2 IHAMBURG1068 IHAMBURG354 ILBHOOPT2 IHAMBURG1458 IHAMBURG215 IHAMBURG1985 IHAMBURG1152 IHAMBURG1136 IHAMBURG262 IHAMBURG2002 IHAMBURG1974 IHAMBURG2009 IHAMBURG1372 IHAMBURG46 IHAMBURG452 IHAMBURG128 IHAMBURG1797 IHAMBURG280 IHAMBURG1629 IHAMBURG1709 IHAMBURG1360 IHAMBURG1150 IHAMBURG1084 IHAMBURG1832 IHAMBURG654 IHAMBURG2025 IHAMBURG1538 IHAMBURG1616 IHAMBURG1174 IHAMBURG268 IHAMBURG114 IHAMBURG213 IHAMBURG113 IHAMBURG403 IHAMBURG1462 IHAMBURG195 IHAMBURG527 IHAMBURG1512 IHAMBURG1427 IHAMBURG32 IHAMBURG1282 IHAMBURG99 IHAMBURG1771 IHAMBURG390 IHAMBURG1076 IHAMBURG1916 IHAMBURG360 IHAMBURG2079 IHAMBURG1508 IHAMBURG1711 IHHNEUGR2 IHAMBURG308 IHHSTEIN2 IHAMBURG1940 IHAMBURG154 IHAMBURG1064 IHAMBURG49 IHAMBURG1470 IHHSCHNE3 IHAMBURG489 IHAMBURG1142 IHHLOHBR3 IHAMBURG1976 IHAMBURG1002 IHAMBURG1184 IHAMBURG935 IHHMARIE4 IHAMBURG1661 IHAMBURG1600 IHAMBURG600 IHAMBURG10 IHAMBURG200 IHAMBURG1504 IHAMBURG456 IHHSCHNE2 IHAMBURG340 IHAMBURG1870 IHAMBURG335 IHAMBURG1342 IHAMBURG110 IHAMBURG44 IHAMBURG515 IHAMBURG674 IHAMBURG1436 IHAMBURG1819 IHAMBURG1106 IHAMBURG1929 IHHKIRCH2 IHHWELLI2 IHAMBURG646 IHAMBURG352 IHAMBURG163 IHHOHMOO2 IHAMBURG427 IHAMBURG106 IHAMBURG140 IHAMBURG471 IHAMBURG1759 IHAMBURG333 IHAMBURG2081 IHAMBURG1052 IHAMBURG1967 IHAMBURG363 IHAMBURG180 IHAMBURG924 IHAMBURG252 IHAMBURG1989 INORDERS98 IHAMBURG1230 IHAMBURG2048 IHAMBURG2013 IHAMBURG1995 IHAMBURG2026 IHAMBURG1671 IHAMBURG242 IHAMBURG1950 IHAMBURG1008 IHAMBURG260 IHAMBURG2005 IHAMBURG951 IHAMBURG2043 IHAMBURG79 IHAMBURG109 IHAMBURG626 IHAMBURG2076 IHAMBURG229 IHAMBURG224 IHAMBURG1270 IHAMBURG431 IHAMBURG258 IHAMBURG1787 IHAMBURG1300 IHHMARIE3 INORDERS21 IHAMBURG394 IHAMBURG1988 IHAMBURG1962 IHHOSDOR2 IHAMBURG1697 IHAMBURG1284 IHAMBURG1200 IHAMBURG380 IHAMBURG406 IHAMBURG214 IHAMBURG1675 IHAMBURG963 IHAMBURG610 IHAMBURG153 IHAMBURG1691 IHAMBURG1056 IHAMBURG684 IHAMBURG487 IHAMBURG454 IHAMBURG162 IHAMBURG2000 IHAMBURG341 IHAMBURG2042 IHAMBURG1843 IHAMBURG1118 IHAMBURG1102 IHAMBURG1620 IHAMBURG1194 IHAMBURG439 IHAMBURG373 IHAMBURG1156 IHAMBURG184 IWINSENL6 IHAMBURG405 IHAMBURG1628 IHHALSTE2 IHAMBURG172 IHAMBURG144 IHAMBURG1379 IHAMBURG1296 IHAMBURG132 IHAMBURG131 IHAMBURG375 IHAMBURG1383 IHAMBURG517 IHAMBURG1252 IHAMBURG1930 IHAMBURG497 IHAMBURG957 IHAMBURG751 IHAMBURG1198 IHAMBURG205 IHAMBURG22 IHAMBURG402 IHAMBURG479 IHHCURSL2 IHHROTHE2 IHAMBURG640 IHAMBURG592 IHAMBURG1932 IHAMBURG270 IHAMBURG108 IHAMBURG188 IHAMBURG1841
2017-09-24 19:04:00,278 DEBUG done: 0.000 percent
2017-09-24 19:17:00,707 DEBUG done: 13.661 percent
2017-09-24 19:29:43,278 DEBUG done: 27.322 percent
2017-09-24 19:42:58,874 DEBUG done: 40.984 percent
2017-09-24 19:55:54,609 DEBUG done: 54.645 percent
2017-09-24 20:09:29,018 DEBUG done: 68.306 percent
2017-09-24 20:23:42,314 DEBUG done: 81.967 percent
2017-09-24 20:38:05,895 DEBUG done: 95.628 percent
2017-09-24 20:42:55,630 INFO mean_cn5    1.499 n=1462
2017-09-24 20:42:55,630 INFO min_cn5     1.145 n=1462
2017-09-24 20:42:55,630 INFO idw_p3_cn5  1.612 n=1462
2017-09-24 20:42:55,630 INFO max_cn5     2.174 n=1462
2017-09-24 20:42:55,631 INFO median_all  0.931 n=1462
2017-09-24 20:42:55,631 INFO idw_p4_all  1.022 n=1462
2017-09-24 20:42:55,631 INFO mean_all    0.946 n=1462
2017-09-24 20:42:55,631 INFO idw_p2_cn5  1.583 n=1462
2017-09-24 20:42:55,631 INFO min_all     1.461 n=1462
2017-09-24 20:42:55,631 INFO min_cn3     1.222 n=1462
2017-09-24 20:42:55,631 INFO idw_p1_cn3  1.461 n=1462
2017-09-24 20:42:55,631 INFO idw_p2_cn3  1.435 n=1462
2017-09-24 20:42:55,631 INFO idw_p4_cn5  1.628 n=1462
2017-09-24 20:42:55,631 INFO idw_p1_cn5  1.544 n=1462
2017-09-24 20:42:55,631 INFO idw_p1_all  0.967 n=1462
2017-09-24 20:42:55,631 INFO mean_cn3    1.477 n=1462
2017-09-24 20:42:55,631 INFO idw_p3_cn3  1.425 n=1462
2017-09-24 20:42:55,631 INFO idw_p2_all  0.977 n=1462
2017-09-24 20:42:55,631 INFO median_cn3  1.448 n=1462
2017-09-24 20:42:55,631 INFO max_all     3.535 n=1462
2017-09-24 20:42:55,631 INFO max_cn3     1.941 n=1462
2017-09-24 20:42:55,631 INFO idw_p4_cn3  1.422 n=1462
2017-09-24 20:42:55,631 INFO median_cn5  1.461 n=1462
2017-09-24 20:42:55,632 INFO idw_p3_all  1.000 n=1462
2017-09-24 20:42:55,632 INFO end method list
2017-09-24 20:42:55,669 INFO mean_cn5    1.351 n=14568
2017-09-24 20:42:55,669 INFO idw_p3_cn5  1.353 n=14568
2017-09-24 20:42:55,669 INFO max_cn5     1.987 n=14568
2017-09-24 20:42:55,670 INFO median_all  1.371 n=14568
2017-09-24 20:42:55,670 INFO mean_all    1.382 n=14568
2017-09-24 20:42:55,670 INFO idw_p2_cn5  1.347 n=14568
2017-09-24 20:42:55,670 INFO min_cn3     1.160 n=14568
2017-09-24 20:42:55,670 INFO idw_p1_cn3  1.329 n=14568
2017-09-24 20:42:55,671 INFO idw_p3_cn3  1.330 n=14568
2017-09-24 20:42:55,671 INFO idw_p2_all  1.329 n=14568
2017-09-24 20:42:55,671 INFO max_cn3     1.615 n=14568
2017-09-24 20:42:55,671 INFO min_cn5     1.057 n=14568
2017-09-24 20:42:55,671 INFO idw_p4_all  1.364 n=14568
2017-09-24 20:42:55,672 INFO mean_cn3    1.329 n=14568
2017-09-24 20:42:55,672 INFO min_all     1.345 n=14568
2017-09-24 20:42:55,672 INFO idw_p2_cn3  1.328 n=14568
2017-09-24 20:42:55,672 INFO idw_p1_cn5  1.333 n=14568
2017-09-24 20:42:55,672 INFO idw_p1_all  1.362 n=14568
2017-09-24 20:42:55,673 INFO idw_p3_all  1.349 n=14568
2017-09-24 20:42:55,673 INFO idw_p4_cn5  1.354 n=14568
2017-09-24 20:42:55,673 INFO median_cn3  1.315 n=14568
2017-09-24 20:42:55,673 INFO max_all     3.863 n=14568
2017-09-24 20:42:55,673 INFO idw_p4_cn3  1.331 n=14568
2017-09-24 20:42:55,674 INFO median_cn5  1.295 n=14568
2017-09-24 20:42:55,674 INFO end overall result
