2017-09-24 03:21:52,041 INFO ### Start new logging
2017-09-24 03:21:52,041 INFO General Overview
2017-09-24 03:21:52,041 INFO targets: HCM IHM LGM LWM RIM SGM SWM WGM WWM ZOM
2017-09-24 03:21:52,042 INFO neighbours: IHAMBURG277 IHAMBURG600 IHAMBURG214 IHHLOHBR3 IHAMBURG460 IHHHAMBU5 IHAMBURG32 IHAMBURG69 IHAMBURG1128 IHAMBURG336 IHAMBURG508 IHAMBURG242 IHAMBURG1614 IHAMBURG104 IHAMBURG118 INORDERS16 IHHWILHE2 IHAMBURG333 IHAMBURG1538 IHAMBURG20 IHHGRUEN2 IHAMBURG292 IHAMBURG1830 ISEEVETA49 IHAMBURG272 IHAMBURG1176 IHAMBURG95 IHAMBURG1214 IHAMBURG774 IHAMBURG166 IHAMBURG2034 IHAMBURG83 IHAMBURG1989 IHHHINSC2 IHAMBURG867 IHAMBURG1282 IHAMBURG646 IHAMBURG1180 IHAMBURG640 IHAMBURG1823 IHAMBURG1516 IHHOSDOR2 IHAMBURG1526 IHAMBURG2041 IHHBARMB6 IHAMBURG398 IHAMBURG489 INORDERS72 IHAMBURG1771 IHAMBURG1350 IHAMBURG1953 IHAMBURG1639 IHAMBURG219 IHAMBURG10 IHAMBURG1976 IHAMBURG1208 IHHMARIE4 IHAMBURG2075 IHAMBURG144 IBORNSEN2 IHAMBURG80 IHAMBURG267 IHAMBURG1370 IHAMBURG2088 IHAMBURG1308 IHAMBURG1254 IHAMBURG465 IHAMBURG787 IHAMBURG92 ISEEVETA78 IHAMBURG260 IHAMBURG2010 IHAMBURG1629 IHAMBURG1086 IHAMBURG1314 IHAMBURG1622 IHAMBURG410 ILBHOOPT2 IHHCURSL2 IHAMBURG1002 IHAMBURG200 IHHRISSE2 IHAMBURG1787 IHAMBURG1374 IHAMBURG1986 IHAMBURG1988 IHAMBURG540 IHAMBURG276 IHAMBURG1202 IHAMBURG216 IHAMBURG527 IHAMBURG719 IHHOTTEN2 IHAMBURG2070 IHAMBURG375 IHAMBURG660 IHAMBURG1252 IHAMBURG286 IHHNEUBO3 IHHHAMBU4 IWEDEL8 IHAMBURG140 IHHSTEIN2 IAHRENSB13 IHAMBURG1940 IHAMBURG1974 IHAMBURG2073 IHAMBURG2002 IHAMBURG81 IHAMBURG1929 IHAMBURG131 IHAMBURG50 IHAMBURG900 IHAMBURG1628 IHHHINSC3 IHAMBURG927 IHAMBURG1606 IHAMBURG406 IHHHAMBU3 IHAMBURG1860 IHAMBURG1230 IHHGROSS2 IHAMBURG1918 IHAMBURG762 IHAMBURG1389 IHAMBURG863 IHAMBURG308 IHHHINSC4 IHAMBURG723 IHAMBURG1915 IHAMBURG1436 IHAMBURG1985 IHHOHMOO2 IHHBARMB5 IHAMBURG1819 IHAMBURG188 IHHSINST2 IHAMBURG22 IHAMBURG1973 IHAMBURG1945 IHAMBURG1194 IHAMBURG1548 IBARSBTT22 IHAMBURG64 IHAMBURG192 IHAMBURG136 IHAMBURG1783 IHAMBURG1967 IHAMBURG150 IHAMBURG380 IHAMBURG172 IHAMBURG316 IHAMBURG1961 IHAMBURG2062 IHAMBURG441 IHAMBURG2043 IHAMBURG998 IHAMBURG1930 IHAMBURG1142 IHAMBURG2039 IHAMBURG1074 IHAMBURG53 IHAMBURG106 IHAMBURG1190 IHHFARMS3 IHAMBURG1755 IHHSCHNE4 IHAMBURG1661 IHAMBURG598 IHAMBURG205 IHAMBURG648 IHAMBURG1346 IHAMBURG592 IHAMBURG1220 IHAMBURG1082 IHAMBURG198 IHAMBURG772 IHAMBURG1916 IHHSASEL2 IHHDOCKE2 IHAMBURG168 IHAMBURG1108 IHAMBURG1112 IHAMBURG423 IHAMBURG1298 IHAMBURG1379 IHAMBURG971 IHAMBURG1841 IHAMBURG1759 IHAMBURG1811 IHAMBURG209 IHAMBURG1300 IHAMBURG2069 IHAMBURG355 IHAMBURG974 IHAMBURG1709 IHAMBURG990 IHAMBURG832 IHAMBURG417 IHAMBURG887 IHAMBURG604 IHAMBURG2072 IHAMBURG1910 IHAMBURG128 IHAMBURG2006 IHAMBURG924 IHAMBURG840 IHAMBURG42 INORDERS5 IHAMBURG1870 IHAMBURG183 IHAMBURG1950 IHAMBURG1212 IHAMBURG285 IHAMBURG175 IHAMBURG515 IHHTREUD3 IHAMBURG2042 IHAMBURG365 IHAMBURG1508 IHAMBURG57 ILBROSEN2 IHAMBURG1120 IHAMBURG403 IHAMBURG594 IHAMBURG812 IHAMBURG537 IHAMBURG2066 IHAMBURG531 IWINSENL6 IHAMBURG113 IHAMBURG1498 IHAMBURG751 IHAMBURG988 IHAMBURG778 IHAMBURG1797 IHAMBURG1919 IHAMBURG768 IHAMBURG326 IHAMBURG805 IHAMBURG1880 IHAMBURG955 IHAMBURG1890 IHAMBURG340 IHAMBURG1462 IHAMBURG49 IHAMBURG268 IHAMBURG1302 IHAMBURG1946 IHAMBURG1092 IHAMBURG1182 IHAMBURG1056 IHAMBURG79 IHAMBURG123 IHAMBURG239 IHAMBURG199 IHAMBURG204 IHAMBURG1204 IHAMBURG47 IHAMBURG1184 IHAMBURG933 IHHHELLB3 IHAMBURG1008 IHAMBURG170 IHAMBURG1683 IHAMBURG329 IHAMBURG1068 IHHSCHNE2 IHAMBURG252 IHAMBURG1773 IHAMBURG84 IHAMBURG1144 IHAMBURG978 IHAMBURG435 IHAMBURG1136 IHAMBURG1671 IHAMBURG1928 IHHNIEND2 IHAMBURG1098 IHAMBURG1326 IHAMBURG261 IHAMBURG171 IHAMBURG1186 IHAMBURG2030 IHAMBURG1464 IHAMBURG93 IHHHOHEN3 IHAMBURG1284 IHAMBURG109 IHAMBURG155 IHHHELLB2 IHAMBURG1026 IHORN16 IHAMBURG44 IHAMBURG1512 IHAMBURG224 IHHHARBU2 IHAMBURG190 IHAMBURG760 IHAMBURG2029 IHHKIRCH2 IHAMBURG791 IHAMBURG1306 IHAMBURG699 IHAMBURG1114 IHAMBURG1270 IHAMBURG1372 IHAMBURG514 IHAMBURG976 IHAMBURG1192 IHAMBURG1124 IHAMBURG1679 IHAMBURG1377 IHAMBURG1292 IHAMBURG497 IHAMBURG1791 IHAMBURG1753 IHAMBURG1036 IHAMBURG684 IHHLOKST3 IHAMBURG218 IBARSBTT19 IHAMBURG1391 IHHEIDEL5 IHAMBURG41 IHHEINLA2 IHAMBURG159 IHAMBURG1490 IHAMBURG709 IHAMBURG1200 IHAMBURG1977 IHAMBURG1735 IHAMBURG469 IHAMBURG1602 IHAMBURG803 IHAMBURG412 IHAMBURG315 IHHWINTE2 IHHALSTE2 IHHEIDEL4 IHAMBURG132 IHAMBURG2013 IHAMBURG1427 IHHWANDS2 IHAMBURG1990 IHHSTEIL2 IHHMARIE3 IHAMBURG1809 IHAMBURG1198 IHAMBURG2004 IHAMBURG405 IHAMBURG632 INORDERS2 IHAMBURG376 IHAMBURG1064 IHAMBURG630 IHAMBURG2076 IHAMBURG454 IHAMBURG1342 IHAMBURG138 IHAMBURG550 IHAMBURG229 IHAMBURG439 IHAMBURG456 ILBALVES2 IHAMBURG1110 IHAMBURG1600 IHAMBURG450 IHAMBURG1015 IHAMBURG206 IHAMBURG1116 IHHRAHLS3 IHAMBURG1248 IHAMBURG1681 IHAMBURG1044 IHAMBURG914 IHAMBURG1594 ISCHENEF11 IHAMBURG114 IHAMBURG628 IHAMBURG184 IHAMBURG142 IHAMBURG243 IHAMBURG2008 IHAMBURG189 IHAMBURG290 IHAMBURG291 IHAMBURG1118 IHAMBURG108 IHAMBURG46 IHHKLEIN2 IHAMBURG1813 IHAMBURG1785 IHAMBURG479 IHAMBURG935 IHAMBURG951 IHAMBURG715 IHHEIDEL2 IHAMBURG169 IBNNINGS3 IHAMBURG475 IHAMBURG2011 IHAMBURG654 IHHMARIE2 IHAMBURG237 IHAMBURG499 IHAMBURG1052 IHAMBURG215 IHAMBURG258 IHAMBURG1152 IHAMBURG1028 IHAMBURG436 IHAMBURG251 IHAMBURG2081 IHAMBURG1106 IHAMBURG1244 IHAMBURG2017 IHAMBURG1236 IHAMBURG250 IHAMBURG233 IHAMBURG452 IHAMBURG289 IHHHOHEN2 IHAMBURG1789 IHAMBURG1150 IHAMBURG89 IHAMBURG741 IHAMBURG1076 IHAMBURG400 IHAMBURG56 IHAMBURG969 IHAMBURG824 IHAMBURG1383 IHAMBURG98 IHAMBURG2025 IHAMBURG847 IHAMBURG2005 IHAMBURG1582 IHAMBURG110 IHAMBURG737 IHAMBURG1643 IHAMBURG662 IHAMBURG390
2017-09-24 03:21:52,042 INFO End overview
2017-09-24 03:21:52,042 INFO Several Runs
2017-09-24 03:21:52,042 INFO end targets
2017-09-24 03:21:52,042 INFO overall result
2017-09-24 03:21:52,042 INFO interpolate for HCM
2017-09-24 03:21:52,042 INFO currently at 1 out of 10
2017-09-24 03:21:52,042 INFO use IHAMBURG277 IHAMBURG600 IHAMBURG214 IHHLOHBR3 IHAMBURG460 IHHHAMBU5 IHAMBURG32 IHAMBURG69 IHAMBURG1128 IHAMBURG336 IHAMBURG508 IHAMBURG242 IHAMBURG1614 IHAMBURG104 IHAMBURG118 INORDERS16 IHHWILHE2 IHAMBURG333 IHAMBURG1538 IHAMBURG20 IHHGRUEN2 IHAMBURG292 IHAMBURG1830 ISEEVETA49 IHAMBURG272 IHAMBURG1176 IHAMBURG95 IHAMBURG1214 IHAMBURG774 IHAMBURG166 IHAMBURG2034 IHAMBURG83 IHAMBURG1989 IHHHINSC2 IHAMBURG867 IHAMBURG1282 IHAMBURG646 IHAMBURG1180 IHAMBURG640 IHAMBURG1823 IHAMBURG1516 IHHOSDOR2 IHAMBURG1526 IHAMBURG2041 IHHBARMB6 IHAMBURG398 IHAMBURG489 INORDERS72 IHAMBURG1771 IHAMBURG1350 IHAMBURG1953 IHAMBURG1639 IHAMBURG219 IHAMBURG10 IHAMBURG1976 IHAMBURG1208 IHHMARIE4 IHAMBURG2075 IHAMBURG144 IBORNSEN2 IHAMBURG80 IHAMBURG267 IHAMBURG1370 IHAMBURG2088 IHAMBURG1308 IHAMBURG1254 IHAMBURG465 IHAMBURG787 IHAMBURG92 ISEEVETA78 IHAMBURG260 IHAMBURG2010 IHAMBURG1629 IHAMBURG1086 IHAMBURG1314 IHAMBURG1622 IHAMBURG410 ILBHOOPT2 IHHCURSL2 IHAMBURG1002 IHAMBURG200 IHHRISSE2 IHAMBURG1787 IHAMBURG1374 IHAMBURG1986 IHAMBURG1988 IHAMBURG540 IHAMBURG276 IHAMBURG1202 IHAMBURG216 IHAMBURG527 IHAMBURG719 IHHOTTEN2 IHAMBURG2070 IHAMBURG375 IHAMBURG660 IHAMBURG1252 IHAMBURG286 IHHNEUBO3 IHHHAMBU4 IWEDEL8 IHAMBURG140 IHHSTEIN2 IAHRENSB13 IHAMBURG1940 IHAMBURG1974 IHAMBURG2073 IHAMBURG2002 IHAMBURG81 IHAMBURG1929 IHAMBURG131 IHAMBURG50 IHAMBURG900 IHAMBURG1628 IHHHINSC3 IHAMBURG927 IHAMBURG1606 IHAMBURG406 IHHHAMBU3 IHAMBURG1860 IHAMBURG1230 IHHGROSS2 IHAMBURG1918 IHAMBURG762 IHAMBURG1389 IHAMBURG863 IHAMBURG308 IHHHINSC4 IHAMBURG723 IHAMBURG1915 IHAMBURG1436 IHAMBURG1985 IHHOHMOO2 IHHBARMB5 IHAMBURG1819 IHAMBURG188 IHHSINST2 IHAMBURG22 IHAMBURG1973 IHAMBURG1945 IHAMBURG1194 IHAMBURG1548 IBARSBTT22 IHAMBURG64 IHAMBURG192 IHAMBURG136 IHAMBURG1783 IHAMBURG1967 IHAMBURG150 IHAMBURG380 IHAMBURG172 IHAMBURG316 IHAMBURG1961 IHAMBURG2062 IHAMBURG441 IHAMBURG2043 IHAMBURG998 IHAMBURG1930 IHAMBURG1142 IHAMBURG2039 IHAMBURG1074 IHAMBURG53 IHAMBURG106 IHAMBURG1190 IHHFARMS3 IHAMBURG1755 IHHSCHNE4 IHAMBURG1661 IHAMBURG598 IHAMBURG205 IHAMBURG648 IHAMBURG1346 IHAMBURG592 IHAMBURG1220 IHAMBURG1082 IHAMBURG198 IHAMBURG772 IHAMBURG1916 IHHSASEL2 IHHDOCKE2 IHAMBURG168 IHAMBURG1108 IHAMBURG1112 IHAMBURG423 IHAMBURG1298 IHAMBURG1379 IHAMBURG971 IHAMBURG1841 IHAMBURG1759 IHAMBURG1811 IHAMBURG209 IHAMBURG1300 IHAMBURG2069 IHAMBURG355 IHAMBURG974 IHAMBURG1709 IHAMBURG990 IHAMBURG832 IHAMBURG417 IHAMBURG887 IHAMBURG604 IHAMBURG2072 IHAMBURG1910 IHAMBURG128 IHAMBURG2006 IHAMBURG924 IHAMBURG840 IHAMBURG42 INORDERS5 IHAMBURG1870 IHAMBURG183 IHAMBURG1950 IHAMBURG1212 IHAMBURG285 IHAMBURG175 IHAMBURG515 IHHTREUD3 IHAMBURG2042 IHAMBURG365 IHAMBURG1508 IHAMBURG57 ILBROSEN2 IHAMBURG1120 IHAMBURG403 IHAMBURG594 IHAMBURG812 IHAMBURG537 IHAMBURG2066 IHAMBURG531 IWINSENL6 IHAMBURG113 IHAMBURG1498 IHAMBURG751 IHAMBURG988 IHAMBURG778 IHAMBURG1797 IHAMBURG1919 IHAMBURG768 IHAMBURG326 IHAMBURG805 IHAMBURG1880 IHAMBURG955 IHAMBURG1890 IHAMBURG340 IHAMBURG1462 IHAMBURG49 IHAMBURG268 IHAMBURG1302 IHAMBURG1946 IHAMBURG1092 IHAMBURG1182 IHAMBURG1056 IHAMBURG79 IHAMBURG123 IHAMBURG239 IHAMBURG199 IHAMBURG204 IHAMBURG1204 IHAMBURG47 IHAMBURG1184 IHAMBURG933 IHHHELLB3 IHAMBURG1008 IHAMBURG170 IHAMBURG1683 IHAMBURG329 IHAMBURG1068 IHHSCHNE2 IHAMBURG252 IHAMBURG1773 IHAMBURG84 IHAMBURG1144 IHAMBURG978 IHAMBURG435 IHAMBURG1136 IHAMBURG1671 IHAMBURG1928 IHHNIEND2 IHAMBURG1098 IHAMBURG1326 IHAMBURG261 IHAMBURG171 IHAMBURG1186 IHAMBURG2030 IHAMBURG1464 IHAMBURG93 IHHHOHEN3 IHAMBURG1284 IHAMBURG109 IHAMBURG155 IHHHELLB2 IHAMBURG1026 IHORN16 IHAMBURG44 IHAMBURG1512 IHAMBURG224 IHHHARBU2 IHAMBURG190 IHAMBURG760 IHAMBURG2029 IHHKIRCH2 IHAMBURG791 IHAMBURG1306 IHAMBURG699 IHAMBURG1114 IHAMBURG1270 IHAMBURG1372 IHAMBURG514 IHAMBURG976 IHAMBURG1192 IHAMBURG1124 IHAMBURG1679 IHAMBURG1377 IHAMBURG1292 IHAMBURG497 IHAMBURG1791 IHAMBURG1753 IHAMBURG1036 IHAMBURG684 IHHLOKST3 IHAMBURG218 IBARSBTT19 IHAMBURG1391 IHHEIDEL5 IHAMBURG41 IHHEINLA2 IHAMBURG159 IHAMBURG1490 IHAMBURG709 IHAMBURG1200 IHAMBURG1977 IHAMBURG1735 IHAMBURG469 IHAMBURG1602 IHAMBURG803 IHAMBURG412 IHAMBURG315 IHHWINTE2 IHHALSTE2 IHHEIDEL4 IHAMBURG132 IHAMBURG2013 IHAMBURG1427 IHHWANDS2 IHAMBURG1990 IHHSTEIL2 IHHMARIE3 IHAMBURG1809 IHAMBURG1198 IHAMBURG2004 IHAMBURG405 IHAMBURG632 INORDERS2 IHAMBURG376 IHAMBURG1064 IHAMBURG630 IHAMBURG2076 IHAMBURG454 IHAMBURG1342 IHAMBURG138 IHAMBURG550 IHAMBURG229 IHAMBURG439 IHAMBURG456 ILBALVES2 IHAMBURG1110 IHAMBURG1600 IHAMBURG450 IHAMBURG1015 IHAMBURG206 IHAMBURG1116 IHHRAHLS3 IHAMBURG1248 IHAMBURG1681 IHAMBURG1044 IHAMBURG914 IHAMBURG1594 ISCHENEF11 IHAMBURG114 IHAMBURG628 IHAMBURG184 IHAMBURG142 IHAMBURG243 IHAMBURG2008 IHAMBURG189 IHAMBURG290 IHAMBURG291 IHAMBURG1118 IHAMBURG108 IHAMBURG46 IHHKLEIN2 IHAMBURG1813 IHAMBURG1785 IHAMBURG479 IHAMBURG935 IHAMBURG951 IHAMBURG715 IHHEIDEL2 IHAMBURG169 IBNNINGS3 IHAMBURG475 IHAMBURG2011 IHAMBURG654 IHHMARIE2 IHAMBURG237 IHAMBURG499 IHAMBURG1052 IHAMBURG215 IHAMBURG258 IHAMBURG1152 IHAMBURG1028 IHAMBURG436 IHAMBURG251 IHAMBURG2081 IHAMBURG1106 IHAMBURG1244 IHAMBURG2017 IHAMBURG1236 IHAMBURG250 IHAMBURG233 IHAMBURG452 IHAMBURG289 IHHHOHEN2 IHAMBURG1789 IHAMBURG1150 IHAMBURG89 IHAMBURG741 IHAMBURG1076 IHAMBURG400 IHAMBURG56 IHAMBURG969 IHAMBURG824 IHAMBURG1383 IHAMBURG98 IHAMBURG2025 IHAMBURG847 IHAMBURG2005 IHAMBURG1582 IHAMBURG110 IHAMBURG737 IHAMBURG1643 IHAMBURG662 IHAMBURG390
2017-09-24 03:22:22,343 DEBUG done: 0.000 percent
2017-09-24 03:34:33,011 DEBUG done: 13.661 percent
2017-09-24 03:46:44,488 DEBUG done: 27.322 percent
2017-09-24 03:59:19,726 DEBUG done: 40.984 percent
2017-09-24 04:11:49,595 DEBUG done: 54.645 percent
2017-09-24 04:25:53,220 DEBUG done: 68.306 percent
2017-09-24 04:40:16,997 DEBUG done: 81.967 percent
2017-09-24 04:54:49,447 DEBUG done: 95.628 percent
2017-09-24 04:59:37,196 INFO idw_p1_all  0.816 n=1464
2017-09-24 04:59:37,197 INFO median_all  0.768 n=1464
2017-09-24 04:59:37,197 INFO idw_p1_cn3  1.161 n=1464
2017-09-24 04:59:37,197 INFO idw_p3_cn5  1.069 n=1464
2017-09-24 04:59:37,197 INFO median_cn3  1.141 n=1464
2017-09-24 04:59:37,197 INFO median_cn5  1.054 n=1464
2017-09-24 04:59:37,197 INFO idw_p2_cn5  1.083 n=1464
2017-09-24 04:59:37,197 INFO idw_p3_cn3  1.142 n=1464
2017-09-24 04:59:37,197 INFO idw_p4_cn5  1.058 n=1464
2017-09-24 04:59:37,197 INFO min_all     1.837 n=1464
2017-09-24 04:59:37,197 INFO idw_p1_cn5  1.099 n=1464
2017-09-24 04:59:37,197 INFO min_cn3     0.983 n=1464
2017-09-24 04:59:37,197 INFO idw_p2_cn3  1.150 n=1464
2017-09-24 04:59:37,197 INFO mean_all    0.797 n=1464
2017-09-24 04:59:37,197 INFO idw_p2_all  0.878 n=1464
2017-09-24 04:59:37,197 INFO idw_p4_cn3  1.137 n=1464
2017-09-24 04:59:37,197 INFO mean_cn3    1.164 n=1464
2017-09-24 04:59:37,198 INFO min_cn5     0.812 n=1464
2017-09-24 04:59:37,198 INFO max_cn3     1.486 n=1464
2017-09-24 04:59:37,198 INFO mean_cn5    1.072 n=1464
2017-09-24 04:59:37,198 INFO max_all     3.130 n=1464
2017-09-24 04:59:37,198 INFO max_cn5     1.616 n=1464
2017-09-24 04:59:37,198 INFO idw_p3_all  0.970 n=1464
2017-09-24 04:59:37,198 INFO idw_p4_all  1.038 n=1464
2017-09-24 04:59:37,198 INFO end method list
2017-09-24 04:59:37,202 INFO interpolate for IHM
2017-09-24 04:59:37,202 INFO currently at 2 out of 10
2017-09-24 04:59:37,203 INFO use IHAMBURG277 IHAMBURG600 IHAMBURG214 IHHLOHBR3 IHAMBURG460 IHHHAMBU5 IHAMBURG32 IHAMBURG69 IHAMBURG1128 IHAMBURG336 IHAMBURG508 IHAMBURG242 IHAMBURG1614 IHAMBURG104 IHAMBURG118 INORDERS16 IHHWILHE2 IHAMBURG333 IHAMBURG1538 IHAMBURG20 IHHGRUEN2 IHAMBURG292 IHAMBURG1830 ISEEVETA49 IHAMBURG272 IHAMBURG1176 IHAMBURG95 IHAMBURG1214 IHAMBURG774 IHAMBURG166 IHAMBURG2034 IHAMBURG83 IHAMBURG1989 IHHHINSC2 IHAMBURG867 IHAMBURG1282 IHAMBURG646 IHAMBURG1180 IHAMBURG640 IHAMBURG1823 IHAMBURG1516 IHHOSDOR2 IHAMBURG1526 IHAMBURG2041 IHHBARMB6 IHAMBURG398 IHAMBURG489 INORDERS72 IHAMBURG1771 IHAMBURG1350 IHAMBURG1953 IHAMBURG1639 IHAMBURG219 IHAMBURG10 IHAMBURG1976 IHAMBURG1208 IHHMARIE4 IHAMBURG2075 IHAMBURG144 IBORNSEN2 IHAMBURG80 IHAMBURG267 IHAMBURG1370 IHAMBURG2088 IHAMBURG1308 IHAMBURG1254 IHAMBURG465 IHAMBURG787 IHAMBURG92 ISEEVETA78 IHAMBURG260 IHAMBURG2010 IHAMBURG1629 IHAMBURG1086 IHAMBURG1314 IHAMBURG1622 IHAMBURG410 ILBHOOPT2 IHHCURSL2 IHAMBURG1002 IHAMBURG200 IHHRISSE2 IHAMBURG1787 IHAMBURG1374 IHAMBURG1986 IHAMBURG1988 IHAMBURG540 IHAMBURG276 IHAMBURG1202 IHAMBURG216 IHAMBURG527 IHAMBURG719 IHHOTTEN2 IHAMBURG2070 IHAMBURG375 IHAMBURG660 IHAMBURG1252 IHAMBURG286 IHHNEUBO3 IHHHAMBU4 IWEDEL8 IHAMBURG140 IHHSTEIN2 IAHRENSB13 IHAMBURG1940 IHAMBURG1974 IHAMBURG2073 IHAMBURG2002 IHAMBURG81 IHAMBURG1929 IHAMBURG131 IHAMBURG50 IHAMBURG900 IHAMBURG1628 IHHHINSC3 IHAMBURG927 IHAMBURG1606 IHAMBURG406 IHHHAMBU3 IHAMBURG1860 IHAMBURG1230 IHHGROSS2 IHAMBURG1918 IHAMBURG762 IHAMBURG1389 IHAMBURG863 IHAMBURG308 IHHHINSC4 IHAMBURG723 IHAMBURG1915 IHAMBURG1436 IHAMBURG1985 IHHOHMOO2 IHHBARMB5 IHAMBURG1819 IHAMBURG188 IHHSINST2 IHAMBURG22 IHAMBURG1973 IHAMBURG1945 IHAMBURG1194 IHAMBURG1548 IBARSBTT22 IHAMBURG64 IHAMBURG192 IHAMBURG136 IHAMBURG1783 IHAMBURG1967 IHAMBURG150 IHAMBURG380 IHAMBURG172 IHAMBURG316 IHAMBURG1961 IHAMBURG2062 IHAMBURG441 IHAMBURG2043 IHAMBURG998 IHAMBURG1930 IHAMBURG1142 IHAMBURG2039 IHAMBURG1074 IHAMBURG53 IHAMBURG106 IHAMBURG1190 IHHFARMS3 IHAMBURG1755 IHHSCHNE4 IHAMBURG1661 IHAMBURG598 IHAMBURG205 IHAMBURG648 IHAMBURG1346 IHAMBURG592 IHAMBURG1220 IHAMBURG1082 IHAMBURG198 IHAMBURG772 IHAMBURG1916 IHHSASEL2 IHHDOCKE2 IHAMBURG168 IHAMBURG1108 IHAMBURG1112 IHAMBURG423 IHAMBURG1298 IHAMBURG1379 IHAMBURG971 IHAMBURG1841 IHAMBURG1759 IHAMBURG1811 IHAMBURG209 IHAMBURG1300 IHAMBURG2069 IHAMBURG355 IHAMBURG974 IHAMBURG1709 IHAMBURG990 IHAMBURG832 IHAMBURG417 IHAMBURG887 IHAMBURG604 IHAMBURG2072 IHAMBURG1910 IHAMBURG128 IHAMBURG2006 IHAMBURG924 IHAMBURG840 IHAMBURG42 INORDERS5 IHAMBURG1870 IHAMBURG183 IHAMBURG1950 IHAMBURG1212 IHAMBURG285 IHAMBURG175 IHAMBURG515 IHHTREUD3 IHAMBURG2042 IHAMBURG365 IHAMBURG1508 IHAMBURG57 ILBROSEN2 IHAMBURG1120 IHAMBURG403 IHAMBURG594 IHAMBURG812 IHAMBURG537 IHAMBURG2066 IHAMBURG531 IWINSENL6 IHAMBURG113 IHAMBURG1498 IHAMBURG751 IHAMBURG988 IHAMBURG778 IHAMBURG1797 IHAMBURG1919 IHAMBURG768 IHAMBURG326 IHAMBURG805 IHAMBURG1880 IHAMBURG955 IHAMBURG1890 IHAMBURG340 IHAMBURG1462 IHAMBURG49 IHAMBURG268 IHAMBURG1302 IHAMBURG1946 IHAMBURG1092 IHAMBURG1182 IHAMBURG1056 IHAMBURG79 IHAMBURG123 IHAMBURG239 IHAMBURG199 IHAMBURG204 IHAMBURG1204 IHAMBURG47 IHAMBURG1184 IHAMBURG933 IHHHELLB3 IHAMBURG1008 IHAMBURG170 IHAMBURG1683 IHAMBURG329 IHAMBURG1068 IHHSCHNE2 IHAMBURG252 IHAMBURG1773 IHAMBURG84 IHAMBURG1144 IHAMBURG978 IHAMBURG435 IHAMBURG1136 IHAMBURG1671 IHAMBURG1928 IHHNIEND2 IHAMBURG1098 IHAMBURG1326 IHAMBURG261 IHAMBURG171 IHAMBURG1186 IHAMBURG2030 IHAMBURG1464 IHAMBURG93 IHHHOHEN3 IHAMBURG1284 IHAMBURG109 IHAMBURG155 IHHHELLB2 IHAMBURG1026 IHORN16 IHAMBURG44 IHAMBURG1512 IHAMBURG224 IHHHARBU2 IHAMBURG190 IHAMBURG760 IHAMBURG2029 IHHKIRCH2 IHAMBURG791 IHAMBURG1306 IHAMBURG699 IHAMBURG1114 IHAMBURG1270 IHAMBURG1372 IHAMBURG514 IHAMBURG976 IHAMBURG1192 IHAMBURG1124 IHAMBURG1679 IHAMBURG1377 IHAMBURG1292 IHAMBURG497 IHAMBURG1791 IHAMBURG1753 IHAMBURG1036 IHAMBURG684 IHHLOKST3 IHAMBURG218 IBARSBTT19 IHAMBURG1391 IHHEIDEL5 IHAMBURG41 IHHEINLA2 IHAMBURG159 IHAMBURG1490 IHAMBURG709 IHAMBURG1200 IHAMBURG1977 IHAMBURG1735 IHAMBURG469 IHAMBURG1602 IHAMBURG803 IHAMBURG412 IHAMBURG315 IHHWINTE2 IHHALSTE2 IHHEIDEL4 IHAMBURG132 IHAMBURG2013 IHAMBURG1427 IHHWANDS2 IHAMBURG1990 IHHSTEIL2 IHHMARIE3 IHAMBURG1809 IHAMBURG1198 IHAMBURG2004 IHAMBURG405 IHAMBURG632 INORDERS2 IHAMBURG376 IHAMBURG1064 IHAMBURG630 IHAMBURG2076 IHAMBURG454 IHAMBURG1342 IHAMBURG138 IHAMBURG550 IHAMBURG229 IHAMBURG439 IHAMBURG456 ILBALVES2 IHAMBURG1110 IHAMBURG1600 IHAMBURG450 IHAMBURG1015 IHAMBURG206 IHAMBURG1116 IHHRAHLS3 IHAMBURG1248 IHAMBURG1681 IHAMBURG1044 IHAMBURG914 IHAMBURG1594 ISCHENEF11 IHAMBURG114 IHAMBURG628 IHAMBURG184 IHAMBURG142 IHAMBURG243 IHAMBURG2008 IHAMBURG189 IHAMBURG290 IHAMBURG291 IHAMBURG1118 IHAMBURG108 IHAMBURG46 IHHKLEIN2 IHAMBURG1813 IHAMBURG1785 IHAMBURG479 IHAMBURG935 IHAMBURG951 IHAMBURG715 IHHEIDEL2 IHAMBURG169 IBNNINGS3 IHAMBURG475 IHAMBURG2011 IHAMBURG654 IHHMARIE2 IHAMBURG237 IHAMBURG499 IHAMBURG1052 IHAMBURG215 IHAMBURG258 IHAMBURG1152 IHAMBURG1028 IHAMBURG436 IHAMBURG251 IHAMBURG2081 IHAMBURG1106 IHAMBURG1244 IHAMBURG2017 IHAMBURG1236 IHAMBURG250 IHAMBURG233 IHAMBURG452 IHAMBURG289 IHHHOHEN2 IHAMBURG1789 IHAMBURG1150 IHAMBURG89 IHAMBURG741 IHAMBURG1076 IHAMBURG400 IHAMBURG56 IHAMBURG969 IHAMBURG824 IHAMBURG1383 IHAMBURG98 IHAMBURG2025 IHAMBURG847 IHAMBURG2005 IHAMBURG1582 IHAMBURG110 IHAMBURG737 IHAMBURG1643 IHAMBURG662 IHAMBURG390
2017-09-24 04:59:40,986 DEBUG done: 0.000 percent
2017-09-24 05:12:37,379 DEBUG done: 13.661 percent
2017-09-24 05:25:32,710 DEBUG done: 27.322 percent
2017-09-24 05:38:50,671 DEBUG done: 40.984 percent
2017-09-24 05:51:58,228 DEBUG done: 54.645 percent
2017-09-24 06:05:50,903 DEBUG done: 68.306 percent
2017-09-24 06:20:03,245 DEBUG done: 81.967 percent
2017-09-24 06:34:26,627 DEBUG done: 95.628 percent
2017-09-24 06:39:10,200 INFO idw_p1_all  0.852 n=1464
2017-09-24 06:39:10,200 INFO median_all  0.790 n=1464
2017-09-24 06:39:10,201 INFO idw_p1_cn3  1.058 n=1464
2017-09-24 06:39:10,201 INFO idw_p3_cn5  1.004 n=1464
2017-09-24 06:39:10,201 INFO median_cn3  1.051 n=1464
2017-09-24 06:39:10,201 INFO median_cn5  0.962 n=1464
2017-09-24 06:39:10,201 INFO idw_p2_cn5  1.003 n=1464
2017-09-24 06:39:10,201 INFO idw_p3_cn3  1.106 n=1464
2017-09-24 06:39:10,201 INFO idw_p4_cn5  1.005 n=1464
2017-09-24 06:39:10,201 INFO min_all     1.950 n=1464
2017-09-24 06:39:10,201 INFO idw_p1_cn5  1.005 n=1464
2017-09-24 06:39:10,201 INFO min_cn3     0.813 n=1464
2017-09-24 06:39:10,201 INFO idw_p2_cn3  1.083 n=1464
2017-09-24 06:39:10,201 INFO mean_all    0.820 n=1464
2017-09-24 06:39:10,201 INFO idw_p2_all  0.937 n=1464
2017-09-24 06:39:10,201 INFO idw_p4_cn3  1.126 n=1464
2017-09-24 06:39:10,201 INFO mean_cn3    1.014 n=1464
2017-09-24 06:39:10,201 INFO min_cn5     0.685 n=1464
2017-09-24 06:39:10,201 INFO max_cn3     1.301 n=1464
2017-09-24 06:39:10,201 INFO mean_cn5    0.956 n=1464
2017-09-24 06:39:10,202 INFO max_all     3.025 n=1464
2017-09-24 06:39:10,202 INFO max_cn5     1.524 n=1464
2017-09-24 06:39:10,202 INFO idw_p3_all  1.050 n=1464
2017-09-24 06:39:10,202 INFO idw_p4_all  1.127 n=1464
2017-09-24 06:39:10,202 INFO end method list
2017-09-24 06:39:10,206 INFO interpolate for LGM
2017-09-24 06:39:10,206 INFO currently at 3 out of 10
2017-09-24 06:39:10,206 INFO use IHAMBURG277 IHAMBURG600 IHAMBURG214 IHHLOHBR3 IHAMBURG460 IHHHAMBU5 IHAMBURG32 IHAMBURG69 IHAMBURG1128 IHAMBURG336 IHAMBURG508 IHAMBURG242 IHAMBURG1614 IHAMBURG104 IHAMBURG118 INORDERS16 IHHWILHE2 IHAMBURG333 IHAMBURG1538 IHAMBURG20 IHHGRUEN2 IHAMBURG292 IHAMBURG1830 ISEEVETA49 IHAMBURG272 IHAMBURG1176 IHAMBURG95 IHAMBURG1214 IHAMBURG774 IHAMBURG166 IHAMBURG2034 IHAMBURG83 IHAMBURG1989 IHHHINSC2 IHAMBURG867 IHAMBURG1282 IHAMBURG646 IHAMBURG1180 IHAMBURG640 IHAMBURG1823 IHAMBURG1516 IHHOSDOR2 IHAMBURG1526 IHAMBURG2041 IHHBARMB6 IHAMBURG398 IHAMBURG489 INORDERS72 IHAMBURG1771 IHAMBURG1350 IHAMBURG1953 IHAMBURG1639 IHAMBURG219 IHAMBURG10 IHAMBURG1976 IHAMBURG1208 IHHMARIE4 IHAMBURG2075 IHAMBURG144 IBORNSEN2 IHAMBURG80 IHAMBURG267 IHAMBURG1370 IHAMBURG2088 IHAMBURG1308 IHAMBURG1254 IHAMBURG465 IHAMBURG787 IHAMBURG92 ISEEVETA78 IHAMBURG260 IHAMBURG2010 IHAMBURG1629 IHAMBURG1086 IHAMBURG1314 IHAMBURG1622 IHAMBURG410 ILBHOOPT2 IHHCURSL2 IHAMBURG1002 IHAMBURG200 IHHRISSE2 IHAMBURG1787 IHAMBURG1374 IHAMBURG1986 IHAMBURG1988 IHAMBURG540 IHAMBURG276 IHAMBURG1202 IHAMBURG216 IHAMBURG527 IHAMBURG719 IHHOTTEN2 IHAMBURG2070 IHAMBURG375 IHAMBURG660 IHAMBURG1252 IHAMBURG286 IHHNEUBO3 IHHHAMBU4 IWEDEL8 IHAMBURG140 IHHSTEIN2 IAHRENSB13 IHAMBURG1940 IHAMBURG1974 IHAMBURG2073 IHAMBURG2002 IHAMBURG81 IHAMBURG1929 IHAMBURG131 IHAMBURG50 IHAMBURG900 IHAMBURG1628 IHHHINSC3 IHAMBURG927 IHAMBURG1606 IHAMBURG406 IHHHAMBU3 IHAMBURG1860 IHAMBURG1230 IHHGROSS2 IHAMBURG1918 IHAMBURG762 IHAMBURG1389 IHAMBURG863 IHAMBURG308 IHHHINSC4 IHAMBURG723 IHAMBURG1915 IHAMBURG1436 IHAMBURG1985 IHHOHMOO2 IHHBARMB5 IHAMBURG1819 IHAMBURG188 IHHSINST2 IHAMBURG22 IHAMBURG1973 IHAMBURG1945 IHAMBURG1194 IHAMBURG1548 IBARSBTT22 IHAMBURG64 IHAMBURG192 IHAMBURG136 IHAMBURG1783 IHAMBURG1967 IHAMBURG150 IHAMBURG380 IHAMBURG172 IHAMBURG316 IHAMBURG1961 IHAMBURG2062 IHAMBURG441 IHAMBURG2043 IHAMBURG998 IHAMBURG1930 IHAMBURG1142 IHAMBURG2039 IHAMBURG1074 IHAMBURG53 IHAMBURG106 IHAMBURG1190 IHHFARMS3 IHAMBURG1755 IHHSCHNE4 IHAMBURG1661 IHAMBURG598 IHAMBURG205 IHAMBURG648 IHAMBURG1346 IHAMBURG592 IHAMBURG1220 IHAMBURG1082 IHAMBURG198 IHAMBURG772 IHAMBURG1916 IHHSASEL2 IHHDOCKE2 IHAMBURG168 IHAMBURG1108 IHAMBURG1112 IHAMBURG423 IHAMBURG1298 IHAMBURG1379 IHAMBURG971 IHAMBURG1841 IHAMBURG1759 IHAMBURG1811 IHAMBURG209 IHAMBURG1300 IHAMBURG2069 IHAMBURG355 IHAMBURG974 IHAMBURG1709 IHAMBURG990 IHAMBURG832 IHAMBURG417 IHAMBURG887 IHAMBURG604 IHAMBURG2072 IHAMBURG1910 IHAMBURG128 IHAMBURG2006 IHAMBURG924 IHAMBURG840 IHAMBURG42 INORDERS5 IHAMBURG1870 IHAMBURG183 IHAMBURG1950 IHAMBURG1212 IHAMBURG285 IHAMBURG175 IHAMBURG515 IHHTREUD3 IHAMBURG2042 IHAMBURG365 IHAMBURG1508 IHAMBURG57 ILBROSEN2 IHAMBURG1120 IHAMBURG403 IHAMBURG594 IHAMBURG812 IHAMBURG537 IHAMBURG2066 IHAMBURG531 IWINSENL6 IHAMBURG113 IHAMBURG1498 IHAMBURG751 IHAMBURG988 IHAMBURG778 IHAMBURG1797 IHAMBURG1919 IHAMBURG768 IHAMBURG326 IHAMBURG805 IHAMBURG1880 IHAMBURG955 IHAMBURG1890 IHAMBURG340 IHAMBURG1462 IHAMBURG49 IHAMBURG268 IHAMBURG1302 IHAMBURG1946 IHAMBURG1092 IHAMBURG1182 IHAMBURG1056 IHAMBURG79 IHAMBURG123 IHAMBURG239 IHAMBURG199 IHAMBURG204 IHAMBURG1204 IHAMBURG47 IHAMBURG1184 IHAMBURG933 IHHHELLB3 IHAMBURG1008 IHAMBURG170 IHAMBURG1683 IHAMBURG329 IHAMBURG1068 IHHSCHNE2 IHAMBURG252 IHAMBURG1773 IHAMBURG84 IHAMBURG1144 IHAMBURG978 IHAMBURG435 IHAMBURG1136 IHAMBURG1671 IHAMBURG1928 IHHNIEND2 IHAMBURG1098 IHAMBURG1326 IHAMBURG261 IHAMBURG171 IHAMBURG1186 IHAMBURG2030 IHAMBURG1464 IHAMBURG93 IHHHOHEN3 IHAMBURG1284 IHAMBURG109 IHAMBURG155 IHHHELLB2 IHAMBURG1026 IHORN16 IHAMBURG44 IHAMBURG1512 IHAMBURG224 IHHHARBU2 IHAMBURG190 IHAMBURG760 IHAMBURG2029 IHHKIRCH2 IHAMBURG791 IHAMBURG1306 IHAMBURG699 IHAMBURG1114 IHAMBURG1270 IHAMBURG1372 IHAMBURG514 IHAMBURG976 IHAMBURG1192 IHAMBURG1124 IHAMBURG1679 IHAMBURG1377 IHAMBURG1292 IHAMBURG497 IHAMBURG1791 IHAMBURG1753 IHAMBURG1036 IHAMBURG684 IHHLOKST3 IHAMBURG218 IBARSBTT19 IHAMBURG1391 IHHEIDEL5 IHAMBURG41 IHHEINLA2 IHAMBURG159 IHAMBURG1490 IHAMBURG709 IHAMBURG1200 IHAMBURG1977 IHAMBURG1735 IHAMBURG469 IHAMBURG1602 IHAMBURG803 IHAMBURG412 IHAMBURG315 IHHWINTE2 IHHALSTE2 IHHEIDEL4 IHAMBURG132 IHAMBURG2013 IHAMBURG1427 IHHWANDS2 IHAMBURG1990 IHHSTEIL2 IHHMARIE3 IHAMBURG1809 IHAMBURG1198 IHAMBURG2004 IHAMBURG405 IHAMBURG632 INORDERS2 IHAMBURG376 IHAMBURG1064 IHAMBURG630 IHAMBURG2076 IHAMBURG454 IHAMBURG1342 IHAMBURG138 IHAMBURG550 IHAMBURG229 IHAMBURG439 IHAMBURG456 ILBALVES2 IHAMBURG1110 IHAMBURG1600 IHAMBURG450 IHAMBURG1015 IHAMBURG206 IHAMBURG1116 IHHRAHLS3 IHAMBURG1248 IHAMBURG1681 IHAMBURG1044 IHAMBURG914 IHAMBURG1594 ISCHENEF11 IHAMBURG114 IHAMBURG628 IHAMBURG184 IHAMBURG142 IHAMBURG243 IHAMBURG2008 IHAMBURG189 IHAMBURG290 IHAMBURG291 IHAMBURG1118 IHAMBURG108 IHAMBURG46 IHHKLEIN2 IHAMBURG1813 IHAMBURG1785 IHAMBURG479 IHAMBURG935 IHAMBURG951 IHAMBURG715 IHHEIDEL2 IHAMBURG169 IBNNINGS3 IHAMBURG475 IHAMBURG2011 IHAMBURG654 IHHMARIE2 IHAMBURG237 IHAMBURG499 IHAMBURG1052 IHAMBURG215 IHAMBURG258 IHAMBURG1152 IHAMBURG1028 IHAMBURG436 IHAMBURG251 IHAMBURG2081 IHAMBURG1106 IHAMBURG1244 IHAMBURG2017 IHAMBURG1236 IHAMBURG250 IHAMBURG233 IHAMBURG452 IHAMBURG289 IHHHOHEN2 IHAMBURG1789 IHAMBURG1150 IHAMBURG89 IHAMBURG741 IHAMBURG1076 IHAMBURG400 IHAMBURG56 IHAMBURG969 IHAMBURG824 IHAMBURG1383 IHAMBURG98 IHAMBURG2025 IHAMBURG847 IHAMBURG2005 IHAMBURG1582 IHAMBURG110 IHAMBURG737 IHAMBURG1643 IHAMBURG662 IHAMBURG390
2017-09-24 06:39:13,976 DEBUG done: 0.000 percent
2017-09-24 06:52:12,623 DEBUG done: 13.661 percent
2017-09-24 07:05:10,064 DEBUG done: 27.322 percent
2017-09-24 07:18:39,130 DEBUG done: 40.984 percent
2017-09-24 07:31:58,203 DEBUG done: 54.645 percent
2017-09-24 07:45:56,646 DEBUG done: 68.306 percent
2017-09-24 08:00:06,535 DEBUG done: 81.967 percent
2017-09-24 08:14:53,338 DEBUG done: 95.628 percent
2017-09-24 08:19:45,216 INFO idw_p1_all  1.744 n=1461
2017-09-24 08:19:45,217 INFO median_all  1.753 n=1461
2017-09-24 08:19:45,217 INFO idw_p1_cn3  1.789 n=1461
2017-09-24 08:19:45,217 INFO idw_p3_cn5  2.075 n=1461
2017-09-24 08:19:45,217 INFO median_cn3  1.708 n=1461
2017-09-24 08:19:45,217 INFO median_cn5  1.837 n=1461
2017-09-24 08:19:45,217 INFO idw_p2_cn5  2.021 n=1461
2017-09-24 08:19:45,217 INFO idw_p3_cn3  1.722 n=1461
2017-09-24 08:19:45,217 INFO idw_p4_cn5  2.096 n=1461
2017-09-24 08:19:45,217 INFO min_all     1.041 n=1461
2017-09-24 08:19:45,217 INFO idw_p1_cn5  1.883 n=1461
2017-09-24 08:19:45,217 INFO min_cn3     1.172 n=1461
2017-09-24 08:19:45,217 INFO idw_p2_cn3  1.753 n=1461
2017-09-24 08:19:45,217 INFO mean_all    1.770 n=1461
2017-09-24 08:19:45,217 INFO idw_p2_all  1.652 n=1461
2017-09-24 08:19:45,217 INFO idw_p4_cn3  1.696 n=1461
2017-09-24 08:19:45,218 INFO mean_cn3    1.651 n=1461
2017-09-24 08:19:45,218 INFO min_cn5     1.166 n=1461
2017-09-24 08:19:45,218 INFO max_cn3     2.236 n=1461
2017-09-24 08:19:45,218 INFO mean_cn5    1.772 n=1461
2017-09-24 08:19:45,218 INFO max_all     4.225 n=1461
2017-09-24 08:19:45,218 INFO max_cn5     2.307 n=1461
2017-09-24 08:19:45,218 INFO idw_p3_all  1.647 n=1461
2017-09-24 08:19:45,218 INFO idw_p4_all  1.646 n=1461
2017-09-24 08:19:45,218 INFO end method list
2017-09-24 08:19:45,222 INFO interpolate for LWM
2017-09-24 08:19:45,222 INFO currently at 4 out of 10
2017-09-24 08:19:45,222 INFO use IHAMBURG277 IHAMBURG600 IHAMBURG214 IHHLOHBR3 IHAMBURG460 IHHHAMBU5 IHAMBURG32 IHAMBURG69 IHAMBURG1128 IHAMBURG336 IHAMBURG508 IHAMBURG242 IHAMBURG1614 IHAMBURG104 IHAMBURG118 INORDERS16 IHHWILHE2 IHAMBURG333 IHAMBURG1538 IHAMBURG20 IHHGRUEN2 IHAMBURG292 IHAMBURG1830 ISEEVETA49 IHAMBURG272 IHAMBURG1176 IHAMBURG95 IHAMBURG1214 IHAMBURG774 IHAMBURG166 IHAMBURG2034 IHAMBURG83 IHAMBURG1989 IHHHINSC2 IHAMBURG867 IHAMBURG1282 IHAMBURG646 IHAMBURG1180 IHAMBURG640 IHAMBURG1823 IHAMBURG1516 IHHOSDOR2 IHAMBURG1526 IHAMBURG2041 IHHBARMB6 IHAMBURG398 IHAMBURG489 INORDERS72 IHAMBURG1771 IHAMBURG1350 IHAMBURG1953 IHAMBURG1639 IHAMBURG219 IHAMBURG10 IHAMBURG1976 IHAMBURG1208 IHHMARIE4 IHAMBURG2075 IHAMBURG144 IBORNSEN2 IHAMBURG80 IHAMBURG267 IHAMBURG1370 IHAMBURG2088 IHAMBURG1308 IHAMBURG1254 IHAMBURG465 IHAMBURG787 IHAMBURG92 ISEEVETA78 IHAMBURG260 IHAMBURG2010 IHAMBURG1629 IHAMBURG1086 IHAMBURG1314 IHAMBURG1622 IHAMBURG410 ILBHOOPT2 IHHCURSL2 IHAMBURG1002 IHAMBURG200 IHHRISSE2 IHAMBURG1787 IHAMBURG1374 IHAMBURG1986 IHAMBURG1988 IHAMBURG540 IHAMBURG276 IHAMBURG1202 IHAMBURG216 IHAMBURG527 IHAMBURG719 IHHOTTEN2 IHAMBURG2070 IHAMBURG375 IHAMBURG660 IHAMBURG1252 IHAMBURG286 IHHNEUBO3 IHHHAMBU4 IWEDEL8 IHAMBURG140 IHHSTEIN2 IAHRENSB13 IHAMBURG1940 IHAMBURG1974 IHAMBURG2073 IHAMBURG2002 IHAMBURG81 IHAMBURG1929 IHAMBURG131 IHAMBURG50 IHAMBURG900 IHAMBURG1628 IHHHINSC3 IHAMBURG927 IHAMBURG1606 IHAMBURG406 IHHHAMBU3 IHAMBURG1860 IHAMBURG1230 IHHGROSS2 IHAMBURG1918 IHAMBURG762 IHAMBURG1389 IHAMBURG863 IHAMBURG308 IHHHINSC4 IHAMBURG723 IHAMBURG1915 IHAMBURG1436 IHAMBURG1985 IHHOHMOO2 IHHBARMB5 IHAMBURG1819 IHAMBURG188 IHHSINST2 IHAMBURG22 IHAMBURG1973 IHAMBURG1945 IHAMBURG1194 IHAMBURG1548 IBARSBTT22 IHAMBURG64 IHAMBURG192 IHAMBURG136 IHAMBURG1783 IHAMBURG1967 IHAMBURG150 IHAMBURG380 IHAMBURG172 IHAMBURG316 IHAMBURG1961 IHAMBURG2062 IHAMBURG441 IHAMBURG2043 IHAMBURG998 IHAMBURG1930 IHAMBURG1142 IHAMBURG2039 IHAMBURG1074 IHAMBURG53 IHAMBURG106 IHAMBURG1190 IHHFARMS3 IHAMBURG1755 IHHSCHNE4 IHAMBURG1661 IHAMBURG598 IHAMBURG205 IHAMBURG648 IHAMBURG1346 IHAMBURG592 IHAMBURG1220 IHAMBURG1082 IHAMBURG198 IHAMBURG772 IHAMBURG1916 IHHSASEL2 IHHDOCKE2 IHAMBURG168 IHAMBURG1108 IHAMBURG1112 IHAMBURG423 IHAMBURG1298 IHAMBURG1379 IHAMBURG971 IHAMBURG1841 IHAMBURG1759 IHAMBURG1811 IHAMBURG209 IHAMBURG1300 IHAMBURG2069 IHAMBURG355 IHAMBURG974 IHAMBURG1709 IHAMBURG990 IHAMBURG832 IHAMBURG417 IHAMBURG887 IHAMBURG604 IHAMBURG2072 IHAMBURG1910 IHAMBURG128 IHAMBURG2006 IHAMBURG924 IHAMBURG840 IHAMBURG42 INORDERS5 IHAMBURG1870 IHAMBURG183 IHAMBURG1950 IHAMBURG1212 IHAMBURG285 IHAMBURG175 IHAMBURG515 IHHTREUD3 IHAMBURG2042 IHAMBURG365 IHAMBURG1508 IHAMBURG57 ILBROSEN2 IHAMBURG1120 IHAMBURG403 IHAMBURG594 IHAMBURG812 IHAMBURG537 IHAMBURG2066 IHAMBURG531 IWINSENL6 IHAMBURG113 IHAMBURG1498 IHAMBURG751 IHAMBURG988 IHAMBURG778 IHAMBURG1797 IHAMBURG1919 IHAMBURG768 IHAMBURG326 IHAMBURG805 IHAMBURG1880 IHAMBURG955 IHAMBURG1890 IHAMBURG340 IHAMBURG1462 IHAMBURG49 IHAMBURG268 IHAMBURG1302 IHAMBURG1946 IHAMBURG1092 IHAMBURG1182 IHAMBURG1056 IHAMBURG79 IHAMBURG123 IHAMBURG239 IHAMBURG199 IHAMBURG204 IHAMBURG1204 IHAMBURG47 IHAMBURG1184 IHAMBURG933 IHHHELLB3 IHAMBURG1008 IHAMBURG170 IHAMBURG1683 IHAMBURG329 IHAMBURG1068 IHHSCHNE2 IHAMBURG252 IHAMBURG1773 IHAMBURG84 IHAMBURG1144 IHAMBURG978 IHAMBURG435 IHAMBURG1136 IHAMBURG1671 IHAMBURG1928 IHHNIEND2 IHAMBURG1098 IHAMBURG1326 IHAMBURG261 IHAMBURG171 IHAMBURG1186 IHAMBURG2030 IHAMBURG1464 IHAMBURG93 IHHHOHEN3 IHAMBURG1284 IHAMBURG109 IHAMBURG155 IHHHELLB2 IHAMBURG1026 IHORN16 IHAMBURG44 IHAMBURG1512 IHAMBURG224 IHHHARBU2 IHAMBURG190 IHAMBURG760 IHAMBURG2029 IHHKIRCH2 IHAMBURG791 IHAMBURG1306 IHAMBURG699 IHAMBURG1114 IHAMBURG1270 IHAMBURG1372 IHAMBURG514 IHAMBURG976 IHAMBURG1192 IHAMBURG1124 IHAMBURG1679 IHAMBURG1377 IHAMBURG1292 IHAMBURG497 IHAMBURG1791 IHAMBURG1753 IHAMBURG1036 IHAMBURG684 IHHLOKST3 IHAMBURG218 IBARSBTT19 IHAMBURG1391 IHHEIDEL5 IHAMBURG41 IHHEINLA2 IHAMBURG159 IHAMBURG1490 IHAMBURG709 IHAMBURG1200 IHAMBURG1977 IHAMBURG1735 IHAMBURG469 IHAMBURG1602 IHAMBURG803 IHAMBURG412 IHAMBURG315 IHHWINTE2 IHHALSTE2 IHHEIDEL4 IHAMBURG132 IHAMBURG2013 IHAMBURG1427 IHHWANDS2 IHAMBURG1990 IHHSTEIL2 IHHMARIE3 IHAMBURG1809 IHAMBURG1198 IHAMBURG2004 IHAMBURG405 IHAMBURG632 INORDERS2 IHAMBURG376 IHAMBURG1064 IHAMBURG630 IHAMBURG2076 IHAMBURG454 IHAMBURG1342 IHAMBURG138 IHAMBURG550 IHAMBURG229 IHAMBURG439 IHAMBURG456 ILBALVES2 IHAMBURG1110 IHAMBURG1600 IHAMBURG450 IHAMBURG1015 IHAMBURG206 IHAMBURG1116 IHHRAHLS3 IHAMBURG1248 IHAMBURG1681 IHAMBURG1044 IHAMBURG914 IHAMBURG1594 ISCHENEF11 IHAMBURG114 IHAMBURG628 IHAMBURG184 IHAMBURG142 IHAMBURG243 IHAMBURG2008 IHAMBURG189 IHAMBURG290 IHAMBURG291 IHAMBURG1118 IHAMBURG108 IHAMBURG46 IHHKLEIN2 IHAMBURG1813 IHAMBURG1785 IHAMBURG479 IHAMBURG935 IHAMBURG951 IHAMBURG715 IHHEIDEL2 IHAMBURG169 IBNNINGS3 IHAMBURG475 IHAMBURG2011 IHAMBURG654 IHHMARIE2 IHAMBURG237 IHAMBURG499 IHAMBURG1052 IHAMBURG215 IHAMBURG258 IHAMBURG1152 IHAMBURG1028 IHAMBURG436 IHAMBURG251 IHAMBURG2081 IHAMBURG1106 IHAMBURG1244 IHAMBURG2017 IHAMBURG1236 IHAMBURG250 IHAMBURG233 IHAMBURG452 IHAMBURG289 IHHHOHEN2 IHAMBURG1789 IHAMBURG1150 IHAMBURG89 IHAMBURG741 IHAMBURG1076 IHAMBURG400 IHAMBURG56 IHAMBURG969 IHAMBURG824 IHAMBURG1383 IHAMBURG98 IHAMBURG2025 IHAMBURG847 IHAMBURG2005 IHAMBURG1582 IHAMBURG110 IHAMBURG737 IHAMBURG1643 IHAMBURG662 IHAMBURG390
2017-09-24 08:19:49,049 DEBUG done: 0.000 percent
2017-09-24 08:32:46,881 DEBUG done: 13.661 percent
2017-09-24 08:45:30,834 DEBUG done: 27.322 percent
2017-09-24 08:58:43,194 DEBUG done: 40.984 percent
2017-09-24 09:11:55,177 DEBUG done: 54.645 percent
2017-09-24 09:25:49,942 DEBUG done: 68.306 percent
2017-09-24 09:39:55,835 DEBUG done: 81.967 percent
2017-09-24 09:54:18,876 DEBUG done: 95.628 percent
2017-09-24 09:59:08,762 INFO idw_p1_all  1.837 n=1420
2017-09-24 09:59:08,763 INFO median_all  1.862 n=1420
2017-09-24 09:59:08,763 INFO idw_p1_cn3  2.074 n=1420
2017-09-24 09:59:08,763 INFO idw_p3_cn5  2.258 n=1420
2017-09-24 09:59:08,763 INFO median_cn3  2.230 n=1420
2017-09-24 09:59:08,763 INFO median_cn5  2.291 n=1420
2017-09-24 09:59:08,763 INFO idw_p2_cn5  2.250 n=1420
2017-09-24 09:59:08,763 INFO idw_p3_cn3  2.204 n=1420
2017-09-24 09:59:08,763 INFO idw_p4_cn5  2.258 n=1420
2017-09-24 09:59:08,763 INFO min_all     1.013 n=1420
2017-09-24 09:59:08,763 INFO idw_p1_cn5  2.212 n=1420
2017-09-24 09:59:08,763 INFO min_cn3     1.698 n=1420
2017-09-24 09:59:08,763 INFO idw_p2_cn3  2.160 n=1420
2017-09-24 09:59:08,763 INFO mean_all    1.877 n=1420
2017-09-24 09:59:08,763 INFO idw_p2_all  1.702 n=1420
2017-09-24 09:59:08,764 INFO idw_p4_cn3  2.224 n=1420
2017-09-24 09:59:08,764 INFO mean_cn3    2.060 n=1420
2017-09-24 09:59:08,764 INFO min_cn5     1.628 n=1420
2017-09-24 09:59:08,764 INFO max_cn3     2.317 n=1420
2017-09-24 09:59:08,764 INFO mean_cn5    2.133 n=1420
2017-09-24 09:59:08,764 INFO max_all     4.329 n=1420
2017-09-24 09:59:08,764 INFO max_cn5     2.347 n=1420
2017-09-24 09:59:08,764 INFO idw_p3_all  1.693 n=1420
2017-09-24 09:59:08,764 INFO idw_p4_all  1.691 n=1420
2017-09-24 09:59:08,764 INFO end method list
2017-09-24 09:59:08,768 INFO interpolate for RIM
2017-09-24 09:59:08,768 INFO currently at 5 out of 10
2017-09-24 09:59:08,768 INFO use IHAMBURG277 IHAMBURG600 IHAMBURG214 IHHLOHBR3 IHAMBURG460 IHHHAMBU5 IHAMBURG32 IHAMBURG69 IHAMBURG1128 IHAMBURG336 IHAMBURG508 IHAMBURG242 IHAMBURG1614 IHAMBURG104 IHAMBURG118 INORDERS16 IHHWILHE2 IHAMBURG333 IHAMBURG1538 IHAMBURG20 IHHGRUEN2 IHAMBURG292 IHAMBURG1830 ISEEVETA49 IHAMBURG272 IHAMBURG1176 IHAMBURG95 IHAMBURG1214 IHAMBURG774 IHAMBURG166 IHAMBURG2034 IHAMBURG83 IHAMBURG1989 IHHHINSC2 IHAMBURG867 IHAMBURG1282 IHAMBURG646 IHAMBURG1180 IHAMBURG640 IHAMBURG1823 IHAMBURG1516 IHHOSDOR2 IHAMBURG1526 IHAMBURG2041 IHHBARMB6 IHAMBURG398 IHAMBURG489 INORDERS72 IHAMBURG1771 IHAMBURG1350 IHAMBURG1953 IHAMBURG1639 IHAMBURG219 IHAMBURG10 IHAMBURG1976 IHAMBURG1208 IHHMARIE4 IHAMBURG2075 IHAMBURG144 IBORNSEN2 IHAMBURG80 IHAMBURG267 IHAMBURG1370 IHAMBURG2088 IHAMBURG1308 IHAMBURG1254 IHAMBURG465 IHAMBURG787 IHAMBURG92 ISEEVETA78 IHAMBURG260 IHAMBURG2010 IHAMBURG1629 IHAMBURG1086 IHAMBURG1314 IHAMBURG1622 IHAMBURG410 ILBHOOPT2 IHHCURSL2 IHAMBURG1002 IHAMBURG200 IHHRISSE2 IHAMBURG1787 IHAMBURG1374 IHAMBURG1986 IHAMBURG1988 IHAMBURG540 IHAMBURG276 IHAMBURG1202 IHAMBURG216 IHAMBURG527 IHAMBURG719 IHHOTTEN2 IHAMBURG2070 IHAMBURG375 IHAMBURG660 IHAMBURG1252 IHAMBURG286 IHHNEUBO3 IHHHAMBU4 IWEDEL8 IHAMBURG140 IHHSTEIN2 IAHRENSB13 IHAMBURG1940 IHAMBURG1974 IHAMBURG2073 IHAMBURG2002 IHAMBURG81 IHAMBURG1929 IHAMBURG131 IHAMBURG50 IHAMBURG900 IHAMBURG1628 IHHHINSC3 IHAMBURG927 IHAMBURG1606 IHAMBURG406 IHHHAMBU3 IHAMBURG1860 IHAMBURG1230 IHHGROSS2 IHAMBURG1918 IHAMBURG762 IHAMBURG1389 IHAMBURG863 IHAMBURG308 IHHHINSC4 IHAMBURG723 IHAMBURG1915 IHAMBURG1436 IHAMBURG1985 IHHOHMOO2 IHHBARMB5 IHAMBURG1819 IHAMBURG188 IHHSINST2 IHAMBURG22 IHAMBURG1973 IHAMBURG1945 IHAMBURG1194 IHAMBURG1548 IBARSBTT22 IHAMBURG64 IHAMBURG192 IHAMBURG136 IHAMBURG1783 IHAMBURG1967 IHAMBURG150 IHAMBURG380 IHAMBURG172 IHAMBURG316 IHAMBURG1961 IHAMBURG2062 IHAMBURG441 IHAMBURG2043 IHAMBURG998 IHAMBURG1930 IHAMBURG1142 IHAMBURG2039 IHAMBURG1074 IHAMBURG53 IHAMBURG106 IHAMBURG1190 IHHFARMS3 IHAMBURG1755 IHHSCHNE4 IHAMBURG1661 IHAMBURG598 IHAMBURG205 IHAMBURG648 IHAMBURG1346 IHAMBURG592 IHAMBURG1220 IHAMBURG1082 IHAMBURG198 IHAMBURG772 IHAMBURG1916 IHHSASEL2 IHHDOCKE2 IHAMBURG168 IHAMBURG1108 IHAMBURG1112 IHAMBURG423 IHAMBURG1298 IHAMBURG1379 IHAMBURG971 IHAMBURG1841 IHAMBURG1759 IHAMBURG1811 IHAMBURG209 IHAMBURG1300 IHAMBURG2069 IHAMBURG355 IHAMBURG974 IHAMBURG1709 IHAMBURG990 IHAMBURG832 IHAMBURG417 IHAMBURG887 IHAMBURG604 IHAMBURG2072 IHAMBURG1910 IHAMBURG128 IHAMBURG2006 IHAMBURG924 IHAMBURG840 IHAMBURG42 INORDERS5 IHAMBURG1870 IHAMBURG183 IHAMBURG1950 IHAMBURG1212 IHAMBURG285 IHAMBURG175 IHAMBURG515 IHHTREUD3 IHAMBURG2042 IHAMBURG365 IHAMBURG1508 IHAMBURG57 ILBROSEN2 IHAMBURG1120 IHAMBURG403 IHAMBURG594 IHAMBURG812 IHAMBURG537 IHAMBURG2066 IHAMBURG531 IWINSENL6 IHAMBURG113 IHAMBURG1498 IHAMBURG751 IHAMBURG988 IHAMBURG778 IHAMBURG1797 IHAMBURG1919 IHAMBURG768 IHAMBURG326 IHAMBURG805 IHAMBURG1880 IHAMBURG955 IHAMBURG1890 IHAMBURG340 IHAMBURG1462 IHAMBURG49 IHAMBURG268 IHAMBURG1302 IHAMBURG1946 IHAMBURG1092 IHAMBURG1182 IHAMBURG1056 IHAMBURG79 IHAMBURG123 IHAMBURG239 IHAMBURG199 IHAMBURG204 IHAMBURG1204 IHAMBURG47 IHAMBURG1184 IHAMBURG933 IHHHELLB3 IHAMBURG1008 IHAMBURG170 IHAMBURG1683 IHAMBURG329 IHAMBURG1068 IHHSCHNE2 IHAMBURG252 IHAMBURG1773 IHAMBURG84 IHAMBURG1144 IHAMBURG978 IHAMBURG435 IHAMBURG1136 IHAMBURG1671 IHAMBURG1928 IHHNIEND2 IHAMBURG1098 IHAMBURG1326 IHAMBURG261 IHAMBURG171 IHAMBURG1186 IHAMBURG2030 IHAMBURG1464 IHAMBURG93 IHHHOHEN3 IHAMBURG1284 IHAMBURG109 IHAMBURG155 IHHHELLB2 IHAMBURG1026 IHORN16 IHAMBURG44 IHAMBURG1512 IHAMBURG224 IHHHARBU2 IHAMBURG190 IHAMBURG760 IHAMBURG2029 IHHKIRCH2 IHAMBURG791 IHAMBURG1306 IHAMBURG699 IHAMBURG1114 IHAMBURG1270 IHAMBURG1372 IHAMBURG514 IHAMBURG976 IHAMBURG1192 IHAMBURG1124 IHAMBURG1679 IHAMBURG1377 IHAMBURG1292 IHAMBURG497 IHAMBURG1791 IHAMBURG1753 IHAMBURG1036 IHAMBURG684 IHHLOKST3 IHAMBURG218 IBARSBTT19 IHAMBURG1391 IHHEIDEL5 IHAMBURG41 IHHEINLA2 IHAMBURG159 IHAMBURG1490 IHAMBURG709 IHAMBURG1200 IHAMBURG1977 IHAMBURG1735 IHAMBURG469 IHAMBURG1602 IHAMBURG803 IHAMBURG412 IHAMBURG315 IHHWINTE2 IHHALSTE2 IHHEIDEL4 IHAMBURG132 IHAMBURG2013 IHAMBURG1427 IHHWANDS2 IHAMBURG1990 IHHSTEIL2 IHHMARIE3 IHAMBURG1809 IHAMBURG1198 IHAMBURG2004 IHAMBURG405 IHAMBURG632 INORDERS2 IHAMBURG376 IHAMBURG1064 IHAMBURG630 IHAMBURG2076 IHAMBURG454 IHAMBURG1342 IHAMBURG138 IHAMBURG550 IHAMBURG229 IHAMBURG439 IHAMBURG456 ILBALVES2 IHAMBURG1110 IHAMBURG1600 IHAMBURG450 IHAMBURG1015 IHAMBURG206 IHAMBURG1116 IHHRAHLS3 IHAMBURG1248 IHAMBURG1681 IHAMBURG1044 IHAMBURG914 IHAMBURG1594 ISCHENEF11 IHAMBURG114 IHAMBURG628 IHAMBURG184 IHAMBURG142 IHAMBURG243 IHAMBURG2008 IHAMBURG189 IHAMBURG290 IHAMBURG291 IHAMBURG1118 IHAMBURG108 IHAMBURG46 IHHKLEIN2 IHAMBURG1813 IHAMBURG1785 IHAMBURG479 IHAMBURG935 IHAMBURG951 IHAMBURG715 IHHEIDEL2 IHAMBURG169 IBNNINGS3 IHAMBURG475 IHAMBURG2011 IHAMBURG654 IHHMARIE2 IHAMBURG237 IHAMBURG499 IHAMBURG1052 IHAMBURG215 IHAMBURG258 IHAMBURG1152 IHAMBURG1028 IHAMBURG436 IHAMBURG251 IHAMBURG2081 IHAMBURG1106 IHAMBURG1244 IHAMBURG2017 IHAMBURG1236 IHAMBURG250 IHAMBURG233 IHAMBURG452 IHAMBURG289 IHHHOHEN2 IHAMBURG1789 IHAMBURG1150 IHAMBURG89 IHAMBURG741 IHAMBURG1076 IHAMBURG400 IHAMBURG56 IHAMBURG969 IHAMBURG824 IHAMBURG1383 IHAMBURG98 IHAMBURG2025 IHAMBURG847 IHAMBURG2005 IHAMBURG1582 IHAMBURG110 IHAMBURG737 IHAMBURG1643 IHAMBURG662 IHAMBURG390
2017-09-24 09:59:12,399 DEBUG done: 0.000 percent
2017-09-24 10:12:11,262 DEBUG done: 13.661 percent
2017-09-24 10:25:17,628 DEBUG done: 27.322 percent
2017-09-24 10:38:41,776 DEBUG done: 40.984 percent
2017-09-24 10:51:56,792 DEBUG done: 54.645 percent
2017-09-24 11:05:56,436 DEBUG done: 68.306 percent
2017-09-24 11:20:18,331 DEBUG done: 81.967 percent
2017-09-24 11:34:34,726 DEBUG done: 95.628 percent
2017-09-24 11:39:13,334 INFO idw_p1_all  1.651 n=1460
2017-09-24 11:39:13,335 INFO median_all  1.614 n=1460
2017-09-24 11:39:13,335 INFO idw_p1_cn3  1.549 n=1460
2017-09-24 11:39:13,335 INFO idw_p3_cn5  1.265 n=1460
2017-09-24 11:39:13,335 INFO median_cn3  1.551 n=1460
2017-09-24 11:39:13,335 INFO median_cn5  1.449 n=1460
2017-09-24 11:39:13,335 INFO idw_p2_cn5  1.288 n=1460
2017-09-24 11:39:13,335 INFO idw_p3_cn3  1.549 n=1460
2017-09-24 11:39:13,335 INFO idw_p4_cn5  1.256 n=1460
2017-09-24 11:39:13,335 INFO min_all     1.227 n=1460
2017-09-24 11:39:13,335 INFO idw_p1_cn5  1.333 n=1460
2017-09-24 11:39:13,335 INFO min_cn3     1.439 n=1460
2017-09-24 11:39:13,336 INFO idw_p2_cn3  1.549 n=1460
2017-09-24 11:39:13,336 INFO mean_all    1.631 n=1460
2017-09-24 11:39:13,336 INFO idw_p2_all  1.662 n=1460
2017-09-24 11:39:13,336 INFO idw_p4_cn3  1.550 n=1460
2017-09-24 11:39:13,336 INFO mean_cn3    1.504 n=1460
2017-09-24 11:39:13,336 INFO min_cn5     1.158 n=1460
2017-09-24 11:39:13,336 INFO max_cn3     1.556 n=1460
2017-09-24 11:39:13,336 INFO mean_cn5    1.359 n=1460
2017-09-24 11:39:13,336 INFO max_all     4.040 n=1460
2017-09-24 11:39:13,336 INFO max_cn5     1.632 n=1460
2017-09-24 11:39:13,336 INFO idw_p3_all  1.662 n=1460
2017-09-24 11:39:13,336 INFO idw_p4_all  1.649 n=1460
2017-09-24 11:39:13,336 INFO end method list
2017-09-24 11:39:13,340 INFO interpolate for SGM
2017-09-24 11:39:13,340 INFO currently at 6 out of 10
2017-09-24 11:39:13,340 INFO use IHAMBURG277 IHAMBURG600 IHAMBURG214 IHHLOHBR3 IHAMBURG460 IHHHAMBU5 IHAMBURG32 IHAMBURG69 IHAMBURG1128 IHAMBURG336 IHAMBURG508 IHAMBURG242 IHAMBURG1614 IHAMBURG104 IHAMBURG118 INORDERS16 IHHWILHE2 IHAMBURG333 IHAMBURG1538 IHAMBURG20 IHHGRUEN2 IHAMBURG292 IHAMBURG1830 ISEEVETA49 IHAMBURG272 IHAMBURG1176 IHAMBURG95 IHAMBURG1214 IHAMBURG774 IHAMBURG166 IHAMBURG2034 IHAMBURG83 IHAMBURG1989 IHHHINSC2 IHAMBURG867 IHAMBURG1282 IHAMBURG646 IHAMBURG1180 IHAMBURG640 IHAMBURG1823 IHAMBURG1516 IHHOSDOR2 IHAMBURG1526 IHAMBURG2041 IHHBARMB6 IHAMBURG398 IHAMBURG489 INORDERS72 IHAMBURG1771 IHAMBURG1350 IHAMBURG1953 IHAMBURG1639 IHAMBURG219 IHAMBURG10 IHAMBURG1976 IHAMBURG1208 IHHMARIE4 IHAMBURG2075 IHAMBURG144 IBORNSEN2 IHAMBURG80 IHAMBURG267 IHAMBURG1370 IHAMBURG2088 IHAMBURG1308 IHAMBURG1254 IHAMBURG465 IHAMBURG787 IHAMBURG92 ISEEVETA78 IHAMBURG260 IHAMBURG2010 IHAMBURG1629 IHAMBURG1086 IHAMBURG1314 IHAMBURG1622 IHAMBURG410 ILBHOOPT2 IHHCURSL2 IHAMBURG1002 IHAMBURG200 IHHRISSE2 IHAMBURG1787 IHAMBURG1374 IHAMBURG1986 IHAMBURG1988 IHAMBURG540 IHAMBURG276 IHAMBURG1202 IHAMBURG216 IHAMBURG527 IHAMBURG719 IHHOTTEN2 IHAMBURG2070 IHAMBURG375 IHAMBURG660 IHAMBURG1252 IHAMBURG286 IHHNEUBO3 IHHHAMBU4 IWEDEL8 IHAMBURG140 IHHSTEIN2 IAHRENSB13 IHAMBURG1940 IHAMBURG1974 IHAMBURG2073 IHAMBURG2002 IHAMBURG81 IHAMBURG1929 IHAMBURG131 IHAMBURG50 IHAMBURG900 IHAMBURG1628 IHHHINSC3 IHAMBURG927 IHAMBURG1606 IHAMBURG406 IHHHAMBU3 IHAMBURG1860 IHAMBURG1230 IHHGROSS2 IHAMBURG1918 IHAMBURG762 IHAMBURG1389 IHAMBURG863 IHAMBURG308 IHHHINSC4 IHAMBURG723 IHAMBURG1915 IHAMBURG1436 IHAMBURG1985 IHHOHMOO2 IHHBARMB5 IHAMBURG1819 IHAMBURG188 IHHSINST2 IHAMBURG22 IHAMBURG1973 IHAMBURG1945 IHAMBURG1194 IHAMBURG1548 IBARSBTT22 IHAMBURG64 IHAMBURG192 IHAMBURG136 IHAMBURG1783 IHAMBURG1967 IHAMBURG150 IHAMBURG380 IHAMBURG172 IHAMBURG316 IHAMBURG1961 IHAMBURG2062 IHAMBURG441 IHAMBURG2043 IHAMBURG998 IHAMBURG1930 IHAMBURG1142 IHAMBURG2039 IHAMBURG1074 IHAMBURG53 IHAMBURG106 IHAMBURG1190 IHHFARMS3 IHAMBURG1755 IHHSCHNE4 IHAMBURG1661 IHAMBURG598 IHAMBURG205 IHAMBURG648 IHAMBURG1346 IHAMBURG592 IHAMBURG1220 IHAMBURG1082 IHAMBURG198 IHAMBURG772 IHAMBURG1916 IHHSASEL2 IHHDOCKE2 IHAMBURG168 IHAMBURG1108 IHAMBURG1112 IHAMBURG423 IHAMBURG1298 IHAMBURG1379 IHAMBURG971 IHAMBURG1841 IHAMBURG1759 IHAMBURG1811 IHAMBURG209 IHAMBURG1300 IHAMBURG2069 IHAMBURG355 IHAMBURG974 IHAMBURG1709 IHAMBURG990 IHAMBURG832 IHAMBURG417 IHAMBURG887 IHAMBURG604 IHAMBURG2072 IHAMBURG1910 IHAMBURG128 IHAMBURG2006 IHAMBURG924 IHAMBURG840 IHAMBURG42 INORDERS5 IHAMBURG1870 IHAMBURG183 IHAMBURG1950 IHAMBURG1212 IHAMBURG285 IHAMBURG175 IHAMBURG515 IHHTREUD3 IHAMBURG2042 IHAMBURG365 IHAMBURG1508 IHAMBURG57 ILBROSEN2 IHAMBURG1120 IHAMBURG403 IHAMBURG594 IHAMBURG812 IHAMBURG537 IHAMBURG2066 IHAMBURG531 IWINSENL6 IHAMBURG113 IHAMBURG1498 IHAMBURG751 IHAMBURG988 IHAMBURG778 IHAMBURG1797 IHAMBURG1919 IHAMBURG768 IHAMBURG326 IHAMBURG805 IHAMBURG1880 IHAMBURG955 IHAMBURG1890 IHAMBURG340 IHAMBURG1462 IHAMBURG49 IHAMBURG268 IHAMBURG1302 IHAMBURG1946 IHAMBURG1092 IHAMBURG1182 IHAMBURG1056 IHAMBURG79 IHAMBURG123 IHAMBURG239 IHAMBURG199 IHAMBURG204 IHAMBURG1204 IHAMBURG47 IHAMBURG1184 IHAMBURG933 IHHHELLB3 IHAMBURG1008 IHAMBURG170 IHAMBURG1683 IHAMBURG329 IHAMBURG1068 IHHSCHNE2 IHAMBURG252 IHAMBURG1773 IHAMBURG84 IHAMBURG1144 IHAMBURG978 IHAMBURG435 IHAMBURG1136 IHAMBURG1671 IHAMBURG1928 IHHNIEND2 IHAMBURG1098 IHAMBURG1326 IHAMBURG261 IHAMBURG171 IHAMBURG1186 IHAMBURG2030 IHAMBURG1464 IHAMBURG93 IHHHOHEN3 IHAMBURG1284 IHAMBURG109 IHAMBURG155 IHHHELLB2 IHAMBURG1026 IHORN16 IHAMBURG44 IHAMBURG1512 IHAMBURG224 IHHHARBU2 IHAMBURG190 IHAMBURG760 IHAMBURG2029 IHHKIRCH2 IHAMBURG791 IHAMBURG1306 IHAMBURG699 IHAMBURG1114 IHAMBURG1270 IHAMBURG1372 IHAMBURG514 IHAMBURG976 IHAMBURG1192 IHAMBURG1124 IHAMBURG1679 IHAMBURG1377 IHAMBURG1292 IHAMBURG497 IHAMBURG1791 IHAMBURG1753 IHAMBURG1036 IHAMBURG684 IHHLOKST3 IHAMBURG218 IBARSBTT19 IHAMBURG1391 IHHEIDEL5 IHAMBURG41 IHHEINLA2 IHAMBURG159 IHAMBURG1490 IHAMBURG709 IHAMBURG1200 IHAMBURG1977 IHAMBURG1735 IHAMBURG469 IHAMBURG1602 IHAMBURG803 IHAMBURG412 IHAMBURG315 IHHWINTE2 IHHALSTE2 IHHEIDEL4 IHAMBURG132 IHAMBURG2013 IHAMBURG1427 IHHWANDS2 IHAMBURG1990 IHHSTEIL2 IHHMARIE3 IHAMBURG1809 IHAMBURG1198 IHAMBURG2004 IHAMBURG405 IHAMBURG632 INORDERS2 IHAMBURG376 IHAMBURG1064 IHAMBURG630 IHAMBURG2076 IHAMBURG454 IHAMBURG1342 IHAMBURG138 IHAMBURG550 IHAMBURG229 IHAMBURG439 IHAMBURG456 ILBALVES2 IHAMBURG1110 IHAMBURG1600 IHAMBURG450 IHAMBURG1015 IHAMBURG206 IHAMBURG1116 IHHRAHLS3 IHAMBURG1248 IHAMBURG1681 IHAMBURG1044 IHAMBURG914 IHAMBURG1594 ISCHENEF11 IHAMBURG114 IHAMBURG628 IHAMBURG184 IHAMBURG142 IHAMBURG243 IHAMBURG2008 IHAMBURG189 IHAMBURG290 IHAMBURG291 IHAMBURG1118 IHAMBURG108 IHAMBURG46 IHHKLEIN2 IHAMBURG1813 IHAMBURG1785 IHAMBURG479 IHAMBURG935 IHAMBURG951 IHAMBURG715 IHHEIDEL2 IHAMBURG169 IBNNINGS3 IHAMBURG475 IHAMBURG2011 IHAMBURG654 IHHMARIE2 IHAMBURG237 IHAMBURG499 IHAMBURG1052 IHAMBURG215 IHAMBURG258 IHAMBURG1152 IHAMBURG1028 IHAMBURG436 IHAMBURG251 IHAMBURG2081 IHAMBURG1106 IHAMBURG1244 IHAMBURG2017 IHAMBURG1236 IHAMBURG250 IHAMBURG233 IHAMBURG452 IHAMBURG289 IHHHOHEN2 IHAMBURG1789 IHAMBURG1150 IHAMBURG89 IHAMBURG741 IHAMBURG1076 IHAMBURG400 IHAMBURG56 IHAMBURG969 IHAMBURG824 IHAMBURG1383 IHAMBURG98 IHAMBURG2025 IHAMBURG847 IHAMBURG2005 IHAMBURG1582 IHAMBURG110 IHAMBURG737 IHAMBURG1643 IHAMBURG662 IHAMBURG390
2017-09-24 11:39:17,111 DEBUG done: 0.000 percent
2017-09-24 11:52:09,168 DEBUG done: 13.661 percent
2017-09-24 12:04:49,912 DEBUG done: 27.322 percent
2017-09-24 12:17:55,649 DEBUG done: 40.984 percent
2017-09-24 12:31:07,776 DEBUG done: 54.645 percent
2017-09-24 12:45:05,205 DEBUG done: 68.306 percent
2017-09-24 12:59:14,323 DEBUG done: 81.967 percent
2017-09-24 13:13:46,059 DEBUG done: 95.628 percent
2017-09-24 13:18:38,388 INFO idw_p1_all  1.664 n=1464
2017-09-24 13:18:38,411 INFO median_all  1.613 n=1464
2017-09-24 13:18:38,411 INFO idw_p1_cn3  1.511 n=1464
2017-09-24 13:18:38,411 INFO idw_p3_cn5  1.562 n=1464
2017-09-24 13:18:38,411 INFO median_cn3  1.536 n=1464
2017-09-24 13:18:38,411 INFO median_cn5  1.629 n=1464
2017-09-24 13:18:38,411 INFO idw_p2_cn5  1.571 n=1464
2017-09-24 13:18:38,411 INFO idw_p3_cn3  1.504 n=1464
2017-09-24 13:18:38,411 INFO idw_p4_cn5  1.553 n=1464
2017-09-24 13:18:38,411 INFO min_all     1.096 n=1464
2017-09-24 13:18:38,411 INFO idw_p1_cn5  1.577 n=1464
2017-09-24 13:18:38,411 INFO min_cn3     1.296 n=1464
2017-09-24 13:18:38,411 INFO idw_p2_cn3  1.507 n=1464
2017-09-24 13:18:38,411 INFO mean_all    1.635 n=1464
2017-09-24 13:18:38,411 INFO idw_p2_all  1.694 n=1464
2017-09-24 13:18:38,411 INFO idw_p4_cn3  1.503 n=1464
2017-09-24 13:18:38,411 INFO mean_cn3    1.524 n=1464
2017-09-24 13:18:38,412 INFO min_cn5     1.249 n=1464
2017-09-24 13:18:38,412 INFO max_cn3     1.795 n=1464
2017-09-24 13:18:38,412 INFO mean_cn5    1.650 n=1464
2017-09-24 13:18:38,412 INFO max_all     4.096 n=1464
2017-09-24 13:18:38,412 INFO max_cn5     2.187 n=1464
2017-09-24 13:18:38,412 INFO idw_p3_all  1.713 n=1464
2017-09-24 13:18:38,412 INFO idw_p4_all  1.710 n=1464
2017-09-24 13:18:38,412 INFO end method list
2017-09-24 13:18:38,416 INFO interpolate for SWM
2017-09-24 13:18:38,416 INFO currently at 7 out of 10
2017-09-24 13:18:38,416 INFO use IHAMBURG277 IHAMBURG600 IHAMBURG214 IHHLOHBR3 IHAMBURG460 IHHHAMBU5 IHAMBURG32 IHAMBURG69 IHAMBURG1128 IHAMBURG336 IHAMBURG508 IHAMBURG242 IHAMBURG1614 IHAMBURG104 IHAMBURG118 INORDERS16 IHHWILHE2 IHAMBURG333 IHAMBURG1538 IHAMBURG20 IHHGRUEN2 IHAMBURG292 IHAMBURG1830 ISEEVETA49 IHAMBURG272 IHAMBURG1176 IHAMBURG95 IHAMBURG1214 IHAMBURG774 IHAMBURG166 IHAMBURG2034 IHAMBURG83 IHAMBURG1989 IHHHINSC2 IHAMBURG867 IHAMBURG1282 IHAMBURG646 IHAMBURG1180 IHAMBURG640 IHAMBURG1823 IHAMBURG1516 IHHOSDOR2 IHAMBURG1526 IHAMBURG2041 IHHBARMB6 IHAMBURG398 IHAMBURG489 INORDERS72 IHAMBURG1771 IHAMBURG1350 IHAMBURG1953 IHAMBURG1639 IHAMBURG219 IHAMBURG10 IHAMBURG1976 IHAMBURG1208 IHHMARIE4 IHAMBURG2075 IHAMBURG144 IBORNSEN2 IHAMBURG80 IHAMBURG267 IHAMBURG1370 IHAMBURG2088 IHAMBURG1308 IHAMBURG1254 IHAMBURG465 IHAMBURG787 IHAMBURG92 ISEEVETA78 IHAMBURG260 IHAMBURG2010 IHAMBURG1629 IHAMBURG1086 IHAMBURG1314 IHAMBURG1622 IHAMBURG410 ILBHOOPT2 IHHCURSL2 IHAMBURG1002 IHAMBURG200 IHHRISSE2 IHAMBURG1787 IHAMBURG1374 IHAMBURG1986 IHAMBURG1988 IHAMBURG540 IHAMBURG276 IHAMBURG1202 IHAMBURG216 IHAMBURG527 IHAMBURG719 IHHOTTEN2 IHAMBURG2070 IHAMBURG375 IHAMBURG660 IHAMBURG1252 IHAMBURG286 IHHNEUBO3 IHHHAMBU4 IWEDEL8 IHAMBURG140 IHHSTEIN2 IAHRENSB13 IHAMBURG1940 IHAMBURG1974 IHAMBURG2073 IHAMBURG2002 IHAMBURG81 IHAMBURG1929 IHAMBURG131 IHAMBURG50 IHAMBURG900 IHAMBURG1628 IHHHINSC3 IHAMBURG927 IHAMBURG1606 IHAMBURG406 IHHHAMBU3 IHAMBURG1860 IHAMBURG1230 IHHGROSS2 IHAMBURG1918 IHAMBURG762 IHAMBURG1389 IHAMBURG863 IHAMBURG308 IHHHINSC4 IHAMBURG723 IHAMBURG1915 IHAMBURG1436 IHAMBURG1985 IHHOHMOO2 IHHBARMB5 IHAMBURG1819 IHAMBURG188 IHHSINST2 IHAMBURG22 IHAMBURG1973 IHAMBURG1945 IHAMBURG1194 IHAMBURG1548 IBARSBTT22 IHAMBURG64 IHAMBURG192 IHAMBURG136 IHAMBURG1783 IHAMBURG1967 IHAMBURG150 IHAMBURG380 IHAMBURG172 IHAMBURG316 IHAMBURG1961 IHAMBURG2062 IHAMBURG441 IHAMBURG2043 IHAMBURG998 IHAMBURG1930 IHAMBURG1142 IHAMBURG2039 IHAMBURG1074 IHAMBURG53 IHAMBURG106 IHAMBURG1190 IHHFARMS3 IHAMBURG1755 IHHSCHNE4 IHAMBURG1661 IHAMBURG598 IHAMBURG205 IHAMBURG648 IHAMBURG1346 IHAMBURG592 IHAMBURG1220 IHAMBURG1082 IHAMBURG198 IHAMBURG772 IHAMBURG1916 IHHSASEL2 IHHDOCKE2 IHAMBURG168 IHAMBURG1108 IHAMBURG1112 IHAMBURG423 IHAMBURG1298 IHAMBURG1379 IHAMBURG971 IHAMBURG1841 IHAMBURG1759 IHAMBURG1811 IHAMBURG209 IHAMBURG1300 IHAMBURG2069 IHAMBURG355 IHAMBURG974 IHAMBURG1709 IHAMBURG990 IHAMBURG832 IHAMBURG417 IHAMBURG887 IHAMBURG604 IHAMBURG2072 IHAMBURG1910 IHAMBURG128 IHAMBURG2006 IHAMBURG924 IHAMBURG840 IHAMBURG42 INORDERS5 IHAMBURG1870 IHAMBURG183 IHAMBURG1950 IHAMBURG1212 IHAMBURG285 IHAMBURG175 IHAMBURG515 IHHTREUD3 IHAMBURG2042 IHAMBURG365 IHAMBURG1508 IHAMBURG57 ILBROSEN2 IHAMBURG1120 IHAMBURG403 IHAMBURG594 IHAMBURG812 IHAMBURG537 IHAMBURG2066 IHAMBURG531 IWINSENL6 IHAMBURG113 IHAMBURG1498 IHAMBURG751 IHAMBURG988 IHAMBURG778 IHAMBURG1797 IHAMBURG1919 IHAMBURG768 IHAMBURG326 IHAMBURG805 IHAMBURG1880 IHAMBURG955 IHAMBURG1890 IHAMBURG340 IHAMBURG1462 IHAMBURG49 IHAMBURG268 IHAMBURG1302 IHAMBURG1946 IHAMBURG1092 IHAMBURG1182 IHAMBURG1056 IHAMBURG79 IHAMBURG123 IHAMBURG239 IHAMBURG199 IHAMBURG204 IHAMBURG1204 IHAMBURG47 IHAMBURG1184 IHAMBURG933 IHHHELLB3 IHAMBURG1008 IHAMBURG170 IHAMBURG1683 IHAMBURG329 IHAMBURG1068 IHHSCHNE2 IHAMBURG252 IHAMBURG1773 IHAMBURG84 IHAMBURG1144 IHAMBURG978 IHAMBURG435 IHAMBURG1136 IHAMBURG1671 IHAMBURG1928 IHHNIEND2 IHAMBURG1098 IHAMBURG1326 IHAMBURG261 IHAMBURG171 IHAMBURG1186 IHAMBURG2030 IHAMBURG1464 IHAMBURG93 IHHHOHEN3 IHAMBURG1284 IHAMBURG109 IHAMBURG155 IHHHELLB2 IHAMBURG1026 IHORN16 IHAMBURG44 IHAMBURG1512 IHAMBURG224 IHHHARBU2 IHAMBURG190 IHAMBURG760 IHAMBURG2029 IHHKIRCH2 IHAMBURG791 IHAMBURG1306 IHAMBURG699 IHAMBURG1114 IHAMBURG1270 IHAMBURG1372 IHAMBURG514 IHAMBURG976 IHAMBURG1192 IHAMBURG1124 IHAMBURG1679 IHAMBURG1377 IHAMBURG1292 IHAMBURG497 IHAMBURG1791 IHAMBURG1753 IHAMBURG1036 IHAMBURG684 IHHLOKST3 IHAMBURG218 IBARSBTT19 IHAMBURG1391 IHHEIDEL5 IHAMBURG41 IHHEINLA2 IHAMBURG159 IHAMBURG1490 IHAMBURG709 IHAMBURG1200 IHAMBURG1977 IHAMBURG1735 IHAMBURG469 IHAMBURG1602 IHAMBURG803 IHAMBURG412 IHAMBURG315 IHHWINTE2 IHHALSTE2 IHHEIDEL4 IHAMBURG132 IHAMBURG2013 IHAMBURG1427 IHHWANDS2 IHAMBURG1990 IHHSTEIL2 IHHMARIE3 IHAMBURG1809 IHAMBURG1198 IHAMBURG2004 IHAMBURG405 IHAMBURG632 INORDERS2 IHAMBURG376 IHAMBURG1064 IHAMBURG630 IHAMBURG2076 IHAMBURG454 IHAMBURG1342 IHAMBURG138 IHAMBURG550 IHAMBURG229 IHAMBURG439 IHAMBURG456 ILBALVES2 IHAMBURG1110 IHAMBURG1600 IHAMBURG450 IHAMBURG1015 IHAMBURG206 IHAMBURG1116 IHHRAHLS3 IHAMBURG1248 IHAMBURG1681 IHAMBURG1044 IHAMBURG914 IHAMBURG1594 ISCHENEF11 IHAMBURG114 IHAMBURG628 IHAMBURG184 IHAMBURG142 IHAMBURG243 IHAMBURG2008 IHAMBURG189 IHAMBURG290 IHAMBURG291 IHAMBURG1118 IHAMBURG108 IHAMBURG46 IHHKLEIN2 IHAMBURG1813 IHAMBURG1785 IHAMBURG479 IHAMBURG935 IHAMBURG951 IHAMBURG715 IHHEIDEL2 IHAMBURG169 IBNNINGS3 IHAMBURG475 IHAMBURG2011 IHAMBURG654 IHHMARIE2 IHAMBURG237 IHAMBURG499 IHAMBURG1052 IHAMBURG215 IHAMBURG258 IHAMBURG1152 IHAMBURG1028 IHAMBURG436 IHAMBURG251 IHAMBURG2081 IHAMBURG1106 IHAMBURG1244 IHAMBURG2017 IHAMBURG1236 IHAMBURG250 IHAMBURG233 IHAMBURG452 IHAMBURG289 IHHHOHEN2 IHAMBURG1789 IHAMBURG1150 IHAMBURG89 IHAMBURG741 IHAMBURG1076 IHAMBURG400 IHAMBURG56 IHAMBURG969 IHAMBURG824 IHAMBURG1383 IHAMBURG98 IHAMBURG2025 IHAMBURG847 IHAMBURG2005 IHAMBURG1582 IHAMBURG110 IHAMBURG737 IHAMBURG1643 IHAMBURG662 IHAMBURG390
2017-09-24 13:18:42,205 DEBUG done: 0.000 percent
2017-09-24 13:31:41,983 DEBUG done: 13.661 percent
2017-09-24 13:44:26,903 DEBUG done: 27.322 percent
2017-09-24 13:57:49,652 DEBUG done: 40.984 percent
2017-09-24 14:10:52,750 DEBUG done: 54.645 percent
2017-09-24 14:24:34,279 DEBUG done: 68.306 percent
2017-09-24 14:38:35,627 DEBUG done: 81.967 percent
2017-09-24 14:52:45,268 DEBUG done: 95.628 percent
2017-09-24 14:57:22,359 INFO idw_p1_all  1.406 n=1450
2017-09-24 14:57:22,380 INFO median_all  1.336 n=1450
2017-09-24 14:57:22,380 INFO idw_p1_cn3  1.213 n=1450
2017-09-24 14:57:22,380 INFO idw_p3_cn5  1.197 n=1450
2017-09-24 14:57:22,380 INFO median_cn3  1.190 n=1450
2017-09-24 14:57:22,380 INFO median_cn5  1.227 n=1450
2017-09-24 14:57:22,380 INFO idw_p2_cn5  1.188 n=1450
2017-09-24 14:57:22,380 INFO idw_p3_cn3  1.237 n=1450
2017-09-24 14:57:22,380 INFO idw_p4_cn5  1.201 n=1450
2017-09-24 14:57:22,381 INFO min_all     1.122 n=1450
2017-09-24 14:57:22,381 INFO idw_p1_cn5  1.178 n=1450
2017-09-24 14:57:22,381 INFO min_cn3     0.996 n=1450
2017-09-24 14:57:22,381 INFO idw_p2_cn3  1.226 n=1450
2017-09-24 14:57:22,381 INFO mean_all    1.369 n=1450
2017-09-24 14:57:22,381 INFO idw_p2_all  1.452 n=1450
2017-09-24 14:57:22,381 INFO idw_p4_cn3  1.246 n=1450
2017-09-24 14:57:22,381 INFO mean_cn3    1.214 n=1450
2017-09-24 14:57:22,381 INFO min_cn5     0.946 n=1450
2017-09-24 14:57:22,381 INFO max_cn3     1.536 n=1450
2017-09-24 14:57:22,381 INFO mean_cn5    1.248 n=1450
2017-09-24 14:57:22,381 INFO max_all     3.949 n=1450
2017-09-24 14:57:22,381 INFO max_cn5     1.802 n=1450
2017-09-24 14:57:22,381 INFO idw_p3_all  1.493 n=1450
2017-09-24 14:57:22,381 INFO idw_p4_all  1.506 n=1450
2017-09-24 14:57:22,381 INFO end method list
2017-09-24 14:57:22,385 INFO interpolate for WGM
2017-09-24 14:57:22,386 INFO currently at 8 out of 10
2017-09-24 14:57:22,386 INFO use IHAMBURG277 IHAMBURG600 IHAMBURG214 IHHLOHBR3 IHAMBURG460 IHHHAMBU5 IHAMBURG32 IHAMBURG69 IHAMBURG1128 IHAMBURG336 IHAMBURG508 IHAMBURG242 IHAMBURG1614 IHAMBURG104 IHAMBURG118 INORDERS16 IHHWILHE2 IHAMBURG333 IHAMBURG1538 IHAMBURG20 IHHGRUEN2 IHAMBURG292 IHAMBURG1830 ISEEVETA49 IHAMBURG272 IHAMBURG1176 IHAMBURG95 IHAMBURG1214 IHAMBURG774 IHAMBURG166 IHAMBURG2034 IHAMBURG83 IHAMBURG1989 IHHHINSC2 IHAMBURG867 IHAMBURG1282 IHAMBURG646 IHAMBURG1180 IHAMBURG640 IHAMBURG1823 IHAMBURG1516 IHHOSDOR2 IHAMBURG1526 IHAMBURG2041 IHHBARMB6 IHAMBURG398 IHAMBURG489 INORDERS72 IHAMBURG1771 IHAMBURG1350 IHAMBURG1953 IHAMBURG1639 IHAMBURG219 IHAMBURG10 IHAMBURG1976 IHAMBURG1208 IHHMARIE4 IHAMBURG2075 IHAMBURG144 IBORNSEN2 IHAMBURG80 IHAMBURG267 IHAMBURG1370 IHAMBURG2088 IHAMBURG1308 IHAMBURG1254 IHAMBURG465 IHAMBURG787 IHAMBURG92 ISEEVETA78 IHAMBURG260 IHAMBURG2010 IHAMBURG1629 IHAMBURG1086 IHAMBURG1314 IHAMBURG1622 IHAMBURG410 ILBHOOPT2 IHHCURSL2 IHAMBURG1002 IHAMBURG200 IHHRISSE2 IHAMBURG1787 IHAMBURG1374 IHAMBURG1986 IHAMBURG1988 IHAMBURG540 IHAMBURG276 IHAMBURG1202 IHAMBURG216 IHAMBURG527 IHAMBURG719 IHHOTTEN2 IHAMBURG2070 IHAMBURG375 IHAMBURG660 IHAMBURG1252 IHAMBURG286 IHHNEUBO3 IHHHAMBU4 IWEDEL8 IHAMBURG140 IHHSTEIN2 IAHRENSB13 IHAMBURG1940 IHAMBURG1974 IHAMBURG2073 IHAMBURG2002 IHAMBURG81 IHAMBURG1929 IHAMBURG131 IHAMBURG50 IHAMBURG900 IHAMBURG1628 IHHHINSC3 IHAMBURG927 IHAMBURG1606 IHAMBURG406 IHHHAMBU3 IHAMBURG1860 IHAMBURG1230 IHHGROSS2 IHAMBURG1918 IHAMBURG762 IHAMBURG1389 IHAMBURG863 IHAMBURG308 IHHHINSC4 IHAMBURG723 IHAMBURG1915 IHAMBURG1436 IHAMBURG1985 IHHOHMOO2 IHHBARMB5 IHAMBURG1819 IHAMBURG188 IHHSINST2 IHAMBURG22 IHAMBURG1973 IHAMBURG1945 IHAMBURG1194 IHAMBURG1548 IBARSBTT22 IHAMBURG64 IHAMBURG192 IHAMBURG136 IHAMBURG1783 IHAMBURG1967 IHAMBURG150 IHAMBURG380 IHAMBURG172 IHAMBURG316 IHAMBURG1961 IHAMBURG2062 IHAMBURG441 IHAMBURG2043 IHAMBURG998 IHAMBURG1930 IHAMBURG1142 IHAMBURG2039 IHAMBURG1074 IHAMBURG53 IHAMBURG106 IHAMBURG1190 IHHFARMS3 IHAMBURG1755 IHHSCHNE4 IHAMBURG1661 IHAMBURG598 IHAMBURG205 IHAMBURG648 IHAMBURG1346 IHAMBURG592 IHAMBURG1220 IHAMBURG1082 IHAMBURG198 IHAMBURG772 IHAMBURG1916 IHHSASEL2 IHHDOCKE2 IHAMBURG168 IHAMBURG1108 IHAMBURG1112 IHAMBURG423 IHAMBURG1298 IHAMBURG1379 IHAMBURG971 IHAMBURG1841 IHAMBURG1759 IHAMBURG1811 IHAMBURG209 IHAMBURG1300 IHAMBURG2069 IHAMBURG355 IHAMBURG974 IHAMBURG1709 IHAMBURG990 IHAMBURG832 IHAMBURG417 IHAMBURG887 IHAMBURG604 IHAMBURG2072 IHAMBURG1910 IHAMBURG128 IHAMBURG2006 IHAMBURG924 IHAMBURG840 IHAMBURG42 INORDERS5 IHAMBURG1870 IHAMBURG183 IHAMBURG1950 IHAMBURG1212 IHAMBURG285 IHAMBURG175 IHAMBURG515 IHHTREUD3 IHAMBURG2042 IHAMBURG365 IHAMBURG1508 IHAMBURG57 ILBROSEN2 IHAMBURG1120 IHAMBURG403 IHAMBURG594 IHAMBURG812 IHAMBURG537 IHAMBURG2066 IHAMBURG531 IWINSENL6 IHAMBURG113 IHAMBURG1498 IHAMBURG751 IHAMBURG988 IHAMBURG778 IHAMBURG1797 IHAMBURG1919 IHAMBURG768 IHAMBURG326 IHAMBURG805 IHAMBURG1880 IHAMBURG955 IHAMBURG1890 IHAMBURG340 IHAMBURG1462 IHAMBURG49 IHAMBURG268 IHAMBURG1302 IHAMBURG1946 IHAMBURG1092 IHAMBURG1182 IHAMBURG1056 IHAMBURG79 IHAMBURG123 IHAMBURG239 IHAMBURG199 IHAMBURG204 IHAMBURG1204 IHAMBURG47 IHAMBURG1184 IHAMBURG933 IHHHELLB3 IHAMBURG1008 IHAMBURG170 IHAMBURG1683 IHAMBURG329 IHAMBURG1068 IHHSCHNE2 IHAMBURG252 IHAMBURG1773 IHAMBURG84 IHAMBURG1144 IHAMBURG978 IHAMBURG435 IHAMBURG1136 IHAMBURG1671 IHAMBURG1928 IHHNIEND2 IHAMBURG1098 IHAMBURG1326 IHAMBURG261 IHAMBURG171 IHAMBURG1186 IHAMBURG2030 IHAMBURG1464 IHAMBURG93 IHHHOHEN3 IHAMBURG1284 IHAMBURG109 IHAMBURG155 IHHHELLB2 IHAMBURG1026 IHORN16 IHAMBURG44 IHAMBURG1512 IHAMBURG224 IHHHARBU2 IHAMBURG190 IHAMBURG760 IHAMBURG2029 IHHKIRCH2 IHAMBURG791 IHAMBURG1306 IHAMBURG699 IHAMBURG1114 IHAMBURG1270 IHAMBURG1372 IHAMBURG514 IHAMBURG976 IHAMBURG1192 IHAMBURG1124 IHAMBURG1679 IHAMBURG1377 IHAMBURG1292 IHAMBURG497 IHAMBURG1791 IHAMBURG1753 IHAMBURG1036 IHAMBURG684 IHHLOKST3 IHAMBURG218 IBARSBTT19 IHAMBURG1391 IHHEIDEL5 IHAMBURG41 IHHEINLA2 IHAMBURG159 IHAMBURG1490 IHAMBURG709 IHAMBURG1200 IHAMBURG1977 IHAMBURG1735 IHAMBURG469 IHAMBURG1602 IHAMBURG803 IHAMBURG412 IHAMBURG315 IHHWINTE2 IHHALSTE2 IHHEIDEL4 IHAMBURG132 IHAMBURG2013 IHAMBURG1427 IHHWANDS2 IHAMBURG1990 IHHSTEIL2 IHHMARIE3 IHAMBURG1809 IHAMBURG1198 IHAMBURG2004 IHAMBURG405 IHAMBURG632 INORDERS2 IHAMBURG376 IHAMBURG1064 IHAMBURG630 IHAMBURG2076 IHAMBURG454 IHAMBURG1342 IHAMBURG138 IHAMBURG550 IHAMBURG229 IHAMBURG439 IHAMBURG456 ILBALVES2 IHAMBURG1110 IHAMBURG1600 IHAMBURG450 IHAMBURG1015 IHAMBURG206 IHAMBURG1116 IHHRAHLS3 IHAMBURG1248 IHAMBURG1681 IHAMBURG1044 IHAMBURG914 IHAMBURG1594 ISCHENEF11 IHAMBURG114 IHAMBURG628 IHAMBURG184 IHAMBURG142 IHAMBURG243 IHAMBURG2008 IHAMBURG189 IHAMBURG290 IHAMBURG291 IHAMBURG1118 IHAMBURG108 IHAMBURG46 IHHKLEIN2 IHAMBURG1813 IHAMBURG1785 IHAMBURG479 IHAMBURG935 IHAMBURG951 IHAMBURG715 IHHEIDEL2 IHAMBURG169 IBNNINGS3 IHAMBURG475 IHAMBURG2011 IHAMBURG654 IHHMARIE2 IHAMBURG237 IHAMBURG499 IHAMBURG1052 IHAMBURG215 IHAMBURG258 IHAMBURG1152 IHAMBURG1028 IHAMBURG436 IHAMBURG251 IHAMBURG2081 IHAMBURG1106 IHAMBURG1244 IHAMBURG2017 IHAMBURG1236 IHAMBURG250 IHAMBURG233 IHAMBURG452 IHAMBURG289 IHHHOHEN2 IHAMBURG1789 IHAMBURG1150 IHAMBURG89 IHAMBURG741 IHAMBURG1076 IHAMBURG400 IHAMBURG56 IHAMBURG969 IHAMBURG824 IHAMBURG1383 IHAMBURG98 IHAMBURG2025 IHAMBURG847 IHAMBURG2005 IHAMBURG1582 IHAMBURG110 IHAMBURG737 IHAMBURG1643 IHAMBURG662 IHAMBURG390
2017-09-24 14:57:26,118 DEBUG done: 0.000 percent
2017-09-24 15:10:18,119 DEBUG done: 13.661 percent
2017-09-24 15:23:09,234 DEBUG done: 27.322 percent
2017-09-24 15:36:12,174 DEBUG done: 40.984 percent
2017-09-24 15:49:16,390 DEBUG done: 54.645 percent
2017-09-24 16:03:08,662 DEBUG done: 68.306 percent
2017-09-24 16:17:26,994 DEBUG done: 81.967 percent
2017-09-24 16:31:30,670 DEBUG done: 95.628 percent
2017-09-24 16:36:14,237 INFO idw_p1_all  1.198 n=1460
2017-09-24 16:36:14,237 INFO median_all  1.303 n=1460
2017-09-24 16:36:14,237 INFO idw_p1_cn3  1.708 n=1460
2017-09-24 16:36:14,237 INFO idw_p3_cn5  1.892 n=1460
2017-09-24 16:36:14,237 INFO median_cn3  1.843 n=1460
2017-09-24 16:36:14,238 INFO median_cn5  1.886 n=1460
2017-09-24 16:36:14,238 INFO idw_p2_cn5  1.879 n=1460
2017-09-24 16:36:14,238 INFO idw_p3_cn3  1.690 n=1460
2017-09-24 16:36:14,238 INFO idw_p4_cn5  1.895 n=1460
2017-09-24 16:36:14,238 INFO min_all     1.233 n=1460
2017-09-24 16:36:14,238 INFO idw_p1_cn5  1.838 n=1460
2017-09-24 16:36:14,238 INFO min_cn3     1.598 n=1460
2017-09-24 16:36:14,238 INFO idw_p2_cn3  1.695 n=1460
2017-09-24 16:36:14,238 INFO mean_all    1.329 n=1460
2017-09-24 16:36:14,238 INFO idw_p2_all  1.145 n=1460
2017-09-24 16:36:14,238 INFO idw_p4_cn3  1.688 n=1460
2017-09-24 16:36:14,238 INFO mean_cn3    1.779 n=1460
2017-09-24 16:36:14,238 INFO min_cn5     1.590 n=1460
2017-09-24 16:36:14,238 INFO max_cn3     1.958 n=1460
2017-09-24 16:36:14,238 INFO mean_cn5    1.800 n=1460
2017-09-24 16:36:14,238 INFO max_all     3.771 n=1460
2017-09-24 16:36:14,238 INFO max_cn5     2.030 n=1460
2017-09-24 16:36:14,238 INFO idw_p3_all  1.222 n=1460
2017-09-24 16:36:14,238 INFO idw_p4_all  1.252 n=1460
2017-09-24 16:36:14,239 INFO end method list
2017-09-24 16:36:14,242 INFO interpolate for WWM
2017-09-24 16:36:14,243 INFO currently at 9 out of 10
2017-09-24 16:36:14,243 INFO use IHAMBURG277 IHAMBURG600 IHAMBURG214 IHHLOHBR3 IHAMBURG460 IHHHAMBU5 IHAMBURG32 IHAMBURG69 IHAMBURG1128 IHAMBURG336 IHAMBURG508 IHAMBURG242 IHAMBURG1614 IHAMBURG104 IHAMBURG118 INORDERS16 IHHWILHE2 IHAMBURG333 IHAMBURG1538 IHAMBURG20 IHHGRUEN2 IHAMBURG292 IHAMBURG1830 ISEEVETA49 IHAMBURG272 IHAMBURG1176 IHAMBURG95 IHAMBURG1214 IHAMBURG774 IHAMBURG166 IHAMBURG2034 IHAMBURG83 IHAMBURG1989 IHHHINSC2 IHAMBURG867 IHAMBURG1282 IHAMBURG646 IHAMBURG1180 IHAMBURG640 IHAMBURG1823 IHAMBURG1516 IHHOSDOR2 IHAMBURG1526 IHAMBURG2041 IHHBARMB6 IHAMBURG398 IHAMBURG489 INORDERS72 IHAMBURG1771 IHAMBURG1350 IHAMBURG1953 IHAMBURG1639 IHAMBURG219 IHAMBURG10 IHAMBURG1976 IHAMBURG1208 IHHMARIE4 IHAMBURG2075 IHAMBURG144 IBORNSEN2 IHAMBURG80 IHAMBURG267 IHAMBURG1370 IHAMBURG2088 IHAMBURG1308 IHAMBURG1254 IHAMBURG465 IHAMBURG787 IHAMBURG92 ISEEVETA78 IHAMBURG260 IHAMBURG2010 IHAMBURG1629 IHAMBURG1086 IHAMBURG1314 IHAMBURG1622 IHAMBURG410 ILBHOOPT2 IHHCURSL2 IHAMBURG1002 IHAMBURG200 IHHRISSE2 IHAMBURG1787 IHAMBURG1374 IHAMBURG1986 IHAMBURG1988 IHAMBURG540 IHAMBURG276 IHAMBURG1202 IHAMBURG216 IHAMBURG527 IHAMBURG719 IHHOTTEN2 IHAMBURG2070 IHAMBURG375 IHAMBURG660 IHAMBURG1252 IHAMBURG286 IHHNEUBO3 IHHHAMBU4 IWEDEL8 IHAMBURG140 IHHSTEIN2 IAHRENSB13 IHAMBURG1940 IHAMBURG1974 IHAMBURG2073 IHAMBURG2002 IHAMBURG81 IHAMBURG1929 IHAMBURG131 IHAMBURG50 IHAMBURG900 IHAMBURG1628 IHHHINSC3 IHAMBURG927 IHAMBURG1606 IHAMBURG406 IHHHAMBU3 IHAMBURG1860 IHAMBURG1230 IHHGROSS2 IHAMBURG1918 IHAMBURG762 IHAMBURG1389 IHAMBURG863 IHAMBURG308 IHHHINSC4 IHAMBURG723 IHAMBURG1915 IHAMBURG1436 IHAMBURG1985 IHHOHMOO2 IHHBARMB5 IHAMBURG1819 IHAMBURG188 IHHSINST2 IHAMBURG22 IHAMBURG1973 IHAMBURG1945 IHAMBURG1194 IHAMBURG1548 IBARSBTT22 IHAMBURG64 IHAMBURG192 IHAMBURG136 IHAMBURG1783 IHAMBURG1967 IHAMBURG150 IHAMBURG380 IHAMBURG172 IHAMBURG316 IHAMBURG1961 IHAMBURG2062 IHAMBURG441 IHAMBURG2043 IHAMBURG998 IHAMBURG1930 IHAMBURG1142 IHAMBURG2039 IHAMBURG1074 IHAMBURG53 IHAMBURG106 IHAMBURG1190 IHHFARMS3 IHAMBURG1755 IHHSCHNE4 IHAMBURG1661 IHAMBURG598 IHAMBURG205 IHAMBURG648 IHAMBURG1346 IHAMBURG592 IHAMBURG1220 IHAMBURG1082 IHAMBURG198 IHAMBURG772 IHAMBURG1916 IHHSASEL2 IHHDOCKE2 IHAMBURG168 IHAMBURG1108 IHAMBURG1112 IHAMBURG423 IHAMBURG1298 IHAMBURG1379 IHAMBURG971 IHAMBURG1841 IHAMBURG1759 IHAMBURG1811 IHAMBURG209 IHAMBURG1300 IHAMBURG2069 IHAMBURG355 IHAMBURG974 IHAMBURG1709 IHAMBURG990 IHAMBURG832 IHAMBURG417 IHAMBURG887 IHAMBURG604 IHAMBURG2072 IHAMBURG1910 IHAMBURG128 IHAMBURG2006 IHAMBURG924 IHAMBURG840 IHAMBURG42 INORDERS5 IHAMBURG1870 IHAMBURG183 IHAMBURG1950 IHAMBURG1212 IHAMBURG285 IHAMBURG175 IHAMBURG515 IHHTREUD3 IHAMBURG2042 IHAMBURG365 IHAMBURG1508 IHAMBURG57 ILBROSEN2 IHAMBURG1120 IHAMBURG403 IHAMBURG594 IHAMBURG812 IHAMBURG537 IHAMBURG2066 IHAMBURG531 IWINSENL6 IHAMBURG113 IHAMBURG1498 IHAMBURG751 IHAMBURG988 IHAMBURG778 IHAMBURG1797 IHAMBURG1919 IHAMBURG768 IHAMBURG326 IHAMBURG805 IHAMBURG1880 IHAMBURG955 IHAMBURG1890 IHAMBURG340 IHAMBURG1462 IHAMBURG49 IHAMBURG268 IHAMBURG1302 IHAMBURG1946 IHAMBURG1092 IHAMBURG1182 IHAMBURG1056 IHAMBURG79 IHAMBURG123 IHAMBURG239 IHAMBURG199 IHAMBURG204 IHAMBURG1204 IHAMBURG47 IHAMBURG1184 IHAMBURG933 IHHHELLB3 IHAMBURG1008 IHAMBURG170 IHAMBURG1683 IHAMBURG329 IHAMBURG1068 IHHSCHNE2 IHAMBURG252 IHAMBURG1773 IHAMBURG84 IHAMBURG1144 IHAMBURG978 IHAMBURG435 IHAMBURG1136 IHAMBURG1671 IHAMBURG1928 IHHNIEND2 IHAMBURG1098 IHAMBURG1326 IHAMBURG261 IHAMBURG171 IHAMBURG1186 IHAMBURG2030 IHAMBURG1464 IHAMBURG93 IHHHOHEN3 IHAMBURG1284 IHAMBURG109 IHAMBURG155 IHHHELLB2 IHAMBURG1026 IHORN16 IHAMBURG44 IHAMBURG1512 IHAMBURG224 IHHHARBU2 IHAMBURG190 IHAMBURG760 IHAMBURG2029 IHHKIRCH2 IHAMBURG791 IHAMBURG1306 IHAMBURG699 IHAMBURG1114 IHAMBURG1270 IHAMBURG1372 IHAMBURG514 IHAMBURG976 IHAMBURG1192 IHAMBURG1124 IHAMBURG1679 IHAMBURG1377 IHAMBURG1292 IHAMBURG497 IHAMBURG1791 IHAMBURG1753 IHAMBURG1036 IHAMBURG684 IHHLOKST3 IHAMBURG218 IBARSBTT19 IHAMBURG1391 IHHEIDEL5 IHAMBURG41 IHHEINLA2 IHAMBURG159 IHAMBURG1490 IHAMBURG709 IHAMBURG1200 IHAMBURG1977 IHAMBURG1735 IHAMBURG469 IHAMBURG1602 IHAMBURG803 IHAMBURG412 IHAMBURG315 IHHWINTE2 IHHALSTE2 IHHEIDEL4 IHAMBURG132 IHAMBURG2013 IHAMBURG1427 IHHWANDS2 IHAMBURG1990 IHHSTEIL2 IHHMARIE3 IHAMBURG1809 IHAMBURG1198 IHAMBURG2004 IHAMBURG405 IHAMBURG632 INORDERS2 IHAMBURG376 IHAMBURG1064 IHAMBURG630 IHAMBURG2076 IHAMBURG454 IHAMBURG1342 IHAMBURG138 IHAMBURG550 IHAMBURG229 IHAMBURG439 IHAMBURG456 ILBALVES2 IHAMBURG1110 IHAMBURG1600 IHAMBURG450 IHAMBURG1015 IHAMBURG206 IHAMBURG1116 IHHRAHLS3 IHAMBURG1248 IHAMBURG1681 IHAMBURG1044 IHAMBURG914 IHAMBURG1594 ISCHENEF11 IHAMBURG114 IHAMBURG628 IHAMBURG184 IHAMBURG142 IHAMBURG243 IHAMBURG2008 IHAMBURG189 IHAMBURG290 IHAMBURG291 IHAMBURG1118 IHAMBURG108 IHAMBURG46 IHHKLEIN2 IHAMBURG1813 IHAMBURG1785 IHAMBURG479 IHAMBURG935 IHAMBURG951 IHAMBURG715 IHHEIDEL2 IHAMBURG169 IBNNINGS3 IHAMBURG475 IHAMBURG2011 IHAMBURG654 IHHMARIE2 IHAMBURG237 IHAMBURG499 IHAMBURG1052 IHAMBURG215 IHAMBURG258 IHAMBURG1152 IHAMBURG1028 IHAMBURG436 IHAMBURG251 IHAMBURG2081 IHAMBURG1106 IHAMBURG1244 IHAMBURG2017 IHAMBURG1236 IHAMBURG250 IHAMBURG233 IHAMBURG452 IHAMBURG289 IHHHOHEN2 IHAMBURG1789 IHAMBURG1150 IHAMBURG89 IHAMBURG741 IHAMBURG1076 IHAMBURG400 IHAMBURG56 IHAMBURG969 IHAMBURG824 IHAMBURG1383 IHAMBURG98 IHAMBURG2025 IHAMBURG847 IHAMBURG2005 IHAMBURG1582 IHAMBURG110 IHAMBURG737 IHAMBURG1643 IHAMBURG662 IHAMBURG390
2017-09-24 16:36:18,075 DEBUG done: 0.000 percent
2017-09-24 16:49:07,789 DEBUG done: 13.661 percent
2017-09-24 17:01:55,657 DEBUG done: 27.322 percent
2017-09-24 17:15:05,776 DEBUG done: 40.984 percent
2017-09-24 17:27:57,647 DEBUG done: 54.645 percent
2017-09-24 17:41:48,081 DEBUG done: 68.306 percent
2017-09-24 17:56:03,917 DEBUG done: 81.967 percent
2017-09-24 18:10:26,297 DEBUG done: 95.628 percent
2017-09-24 18:15:03,006 INFO idw_p1_all  1.147 n=1464
2017-09-24 18:15:03,006 INFO median_all  1.283 n=1464
2017-09-24 18:15:03,006 INFO idw_p1_cn3  1.736 n=1464
2017-09-24 18:15:03,006 INFO idw_p3_cn5  1.848 n=1464
2017-09-24 18:15:03,006 INFO median_cn3  1.735 n=1464
2017-09-24 18:15:03,006 INFO median_cn5  1.804 n=1464
2017-09-24 18:15:03,006 INFO idw_p2_cn5  1.837 n=1464
2017-09-24 18:15:03,006 INFO idw_p3_cn3  1.792 n=1464
2017-09-24 18:15:03,007 INFO idw_p4_cn5  1.852 n=1464
2017-09-24 18:15:03,007 INFO min_all     1.121 n=1464
2017-09-24 18:15:03,007 INFO idw_p1_cn5  1.805 n=1464
2017-09-24 18:15:03,007 INFO min_cn3     1.401 n=1464
2017-09-24 18:15:03,007 INFO idw_p2_cn3  1.769 n=1464
2017-09-24 18:15:03,007 INFO mean_all    1.305 n=1464
2017-09-24 18:15:03,007 INFO idw_p2_all  1.027 n=1464
2017-09-24 18:15:03,007 INFO idw_p4_cn3  1.804 n=1464
2017-09-24 18:15:03,007 INFO mean_cn3    1.711 n=1464
2017-09-24 18:15:03,007 INFO min_cn5     1.384 n=1464
2017-09-24 18:15:03,007 INFO max_cn3     2.094 n=1464
2017-09-24 18:15:03,007 INFO mean_cn5    1.773 n=1464
2017-09-24 18:15:03,007 INFO max_all     3.827 n=1464
2017-09-24 18:15:03,007 INFO max_cn5     2.219 n=1464
2017-09-24 18:15:03,007 INFO idw_p3_all  1.075 n=1464
2017-09-24 18:15:03,007 INFO idw_p4_all  1.099 n=1464
2017-09-24 18:15:03,007 INFO end method list
2017-09-24 18:15:03,011 INFO interpolate for ZOM
2017-09-24 18:15:03,011 INFO currently at 10 out of 10
2017-09-24 18:15:03,012 INFO use IHAMBURG277 IHAMBURG600 IHAMBURG214 IHHLOHBR3 IHAMBURG460 IHHHAMBU5 IHAMBURG32 IHAMBURG69 IHAMBURG1128 IHAMBURG336 IHAMBURG508 IHAMBURG242 IHAMBURG1614 IHAMBURG104 IHAMBURG118 INORDERS16 IHHWILHE2 IHAMBURG333 IHAMBURG1538 IHAMBURG20 IHHGRUEN2 IHAMBURG292 IHAMBURG1830 ISEEVETA49 IHAMBURG272 IHAMBURG1176 IHAMBURG95 IHAMBURG1214 IHAMBURG774 IHAMBURG166 IHAMBURG2034 IHAMBURG83 IHAMBURG1989 IHHHINSC2 IHAMBURG867 IHAMBURG1282 IHAMBURG646 IHAMBURG1180 IHAMBURG640 IHAMBURG1823 IHAMBURG1516 IHHOSDOR2 IHAMBURG1526 IHAMBURG2041 IHHBARMB6 IHAMBURG398 IHAMBURG489 INORDERS72 IHAMBURG1771 IHAMBURG1350 IHAMBURG1953 IHAMBURG1639 IHAMBURG219 IHAMBURG10 IHAMBURG1976 IHAMBURG1208 IHHMARIE4 IHAMBURG2075 IHAMBURG144 IBORNSEN2 IHAMBURG80 IHAMBURG267 IHAMBURG1370 IHAMBURG2088 IHAMBURG1308 IHAMBURG1254 IHAMBURG465 IHAMBURG787 IHAMBURG92 ISEEVETA78 IHAMBURG260 IHAMBURG2010 IHAMBURG1629 IHAMBURG1086 IHAMBURG1314 IHAMBURG1622 IHAMBURG410 ILBHOOPT2 IHHCURSL2 IHAMBURG1002 IHAMBURG200 IHHRISSE2 IHAMBURG1787 IHAMBURG1374 IHAMBURG1986 IHAMBURG1988 IHAMBURG540 IHAMBURG276 IHAMBURG1202 IHAMBURG216 IHAMBURG527 IHAMBURG719 IHHOTTEN2 IHAMBURG2070 IHAMBURG375 IHAMBURG660 IHAMBURG1252 IHAMBURG286 IHHNEUBO3 IHHHAMBU4 IWEDEL8 IHAMBURG140 IHHSTEIN2 IAHRENSB13 IHAMBURG1940 IHAMBURG1974 IHAMBURG2073 IHAMBURG2002 IHAMBURG81 IHAMBURG1929 IHAMBURG131 IHAMBURG50 IHAMBURG900 IHAMBURG1628 IHHHINSC3 IHAMBURG927 IHAMBURG1606 IHAMBURG406 IHHHAMBU3 IHAMBURG1860 IHAMBURG1230 IHHGROSS2 IHAMBURG1918 IHAMBURG762 IHAMBURG1389 IHAMBURG863 IHAMBURG308 IHHHINSC4 IHAMBURG723 IHAMBURG1915 IHAMBURG1436 IHAMBURG1985 IHHOHMOO2 IHHBARMB5 IHAMBURG1819 IHAMBURG188 IHHSINST2 IHAMBURG22 IHAMBURG1973 IHAMBURG1945 IHAMBURG1194 IHAMBURG1548 IBARSBTT22 IHAMBURG64 IHAMBURG192 IHAMBURG136 IHAMBURG1783 IHAMBURG1967 IHAMBURG150 IHAMBURG380 IHAMBURG172 IHAMBURG316 IHAMBURG1961 IHAMBURG2062 IHAMBURG441 IHAMBURG2043 IHAMBURG998 IHAMBURG1930 IHAMBURG1142 IHAMBURG2039 IHAMBURG1074 IHAMBURG53 IHAMBURG106 IHAMBURG1190 IHHFARMS3 IHAMBURG1755 IHHSCHNE4 IHAMBURG1661 IHAMBURG598 IHAMBURG205 IHAMBURG648 IHAMBURG1346 IHAMBURG592 IHAMBURG1220 IHAMBURG1082 IHAMBURG198 IHAMBURG772 IHAMBURG1916 IHHSASEL2 IHHDOCKE2 IHAMBURG168 IHAMBURG1108 IHAMBURG1112 IHAMBURG423 IHAMBURG1298 IHAMBURG1379 IHAMBURG971 IHAMBURG1841 IHAMBURG1759 IHAMBURG1811 IHAMBURG209 IHAMBURG1300 IHAMBURG2069 IHAMBURG355 IHAMBURG974 IHAMBURG1709 IHAMBURG990 IHAMBURG832 IHAMBURG417 IHAMBURG887 IHAMBURG604 IHAMBURG2072 IHAMBURG1910 IHAMBURG128 IHAMBURG2006 IHAMBURG924 IHAMBURG840 IHAMBURG42 INORDERS5 IHAMBURG1870 IHAMBURG183 IHAMBURG1950 IHAMBURG1212 IHAMBURG285 IHAMBURG175 IHAMBURG515 IHHTREUD3 IHAMBURG2042 IHAMBURG365 IHAMBURG1508 IHAMBURG57 ILBROSEN2 IHAMBURG1120 IHAMBURG403 IHAMBURG594 IHAMBURG812 IHAMBURG537 IHAMBURG2066 IHAMBURG531 IWINSENL6 IHAMBURG113 IHAMBURG1498 IHAMBURG751 IHAMBURG988 IHAMBURG778 IHAMBURG1797 IHAMBURG1919 IHAMBURG768 IHAMBURG326 IHAMBURG805 IHAMBURG1880 IHAMBURG955 IHAMBURG1890 IHAMBURG340 IHAMBURG1462 IHAMBURG49 IHAMBURG268 IHAMBURG1302 IHAMBURG1946 IHAMBURG1092 IHAMBURG1182 IHAMBURG1056 IHAMBURG79 IHAMBURG123 IHAMBURG239 IHAMBURG199 IHAMBURG204 IHAMBURG1204 IHAMBURG47 IHAMBURG1184 IHAMBURG933 IHHHELLB3 IHAMBURG1008 IHAMBURG170 IHAMBURG1683 IHAMBURG329 IHAMBURG1068 IHHSCHNE2 IHAMBURG252 IHAMBURG1773 IHAMBURG84 IHAMBURG1144 IHAMBURG978 IHAMBURG435 IHAMBURG1136 IHAMBURG1671 IHAMBURG1928 IHHNIEND2 IHAMBURG1098 IHAMBURG1326 IHAMBURG261 IHAMBURG171 IHAMBURG1186 IHAMBURG2030 IHAMBURG1464 IHAMBURG93 IHHHOHEN3 IHAMBURG1284 IHAMBURG109 IHAMBURG155 IHHHELLB2 IHAMBURG1026 IHORN16 IHAMBURG44 IHAMBURG1512 IHAMBURG224 IHHHARBU2 IHAMBURG190 IHAMBURG760 IHAMBURG2029 IHHKIRCH2 IHAMBURG791 IHAMBURG1306 IHAMBURG699 IHAMBURG1114 IHAMBURG1270 IHAMBURG1372 IHAMBURG514 IHAMBURG976 IHAMBURG1192 IHAMBURG1124 IHAMBURG1679 IHAMBURG1377 IHAMBURG1292 IHAMBURG497 IHAMBURG1791 IHAMBURG1753 IHAMBURG1036 IHAMBURG684 IHHLOKST3 IHAMBURG218 IBARSBTT19 IHAMBURG1391 IHHEIDEL5 IHAMBURG41 IHHEINLA2 IHAMBURG159 IHAMBURG1490 IHAMBURG709 IHAMBURG1200 IHAMBURG1977 IHAMBURG1735 IHAMBURG469 IHAMBURG1602 IHAMBURG803 IHAMBURG412 IHAMBURG315 IHHWINTE2 IHHALSTE2 IHHEIDEL4 IHAMBURG132 IHAMBURG2013 IHAMBURG1427 IHHWANDS2 IHAMBURG1990 IHHSTEIL2 IHHMARIE3 IHAMBURG1809 IHAMBURG1198 IHAMBURG2004 IHAMBURG405 IHAMBURG632 INORDERS2 IHAMBURG376 IHAMBURG1064 IHAMBURG630 IHAMBURG2076 IHAMBURG454 IHAMBURG1342 IHAMBURG138 IHAMBURG550 IHAMBURG229 IHAMBURG439 IHAMBURG456 ILBALVES2 IHAMBURG1110 IHAMBURG1600 IHAMBURG450 IHAMBURG1015 IHAMBURG206 IHAMBURG1116 IHHRAHLS3 IHAMBURG1248 IHAMBURG1681 IHAMBURG1044 IHAMBURG914 IHAMBURG1594 ISCHENEF11 IHAMBURG114 IHAMBURG628 IHAMBURG184 IHAMBURG142 IHAMBURG243 IHAMBURG2008 IHAMBURG189 IHAMBURG290 IHAMBURG291 IHAMBURG1118 IHAMBURG108 IHAMBURG46 IHHKLEIN2 IHAMBURG1813 IHAMBURG1785 IHAMBURG479 IHAMBURG935 IHAMBURG951 IHAMBURG715 IHHEIDEL2 IHAMBURG169 IBNNINGS3 IHAMBURG475 IHAMBURG2011 IHAMBURG654 IHHMARIE2 IHAMBURG237 IHAMBURG499 IHAMBURG1052 IHAMBURG215 IHAMBURG258 IHAMBURG1152 IHAMBURG1028 IHAMBURG436 IHAMBURG251 IHAMBURG2081 IHAMBURG1106 IHAMBURG1244 IHAMBURG2017 IHAMBURG1236 IHAMBURG250 IHAMBURG233 IHAMBURG452 IHAMBURG289 IHHHOHEN2 IHAMBURG1789 IHAMBURG1150 IHAMBURG89 IHAMBURG741 IHAMBURG1076 IHAMBURG400 IHAMBURG56 IHAMBURG969 IHAMBURG824 IHAMBURG1383 IHAMBURG98 IHAMBURG2025 IHAMBURG847 IHAMBURG2005 IHAMBURG1582 IHAMBURG110 IHAMBURG737 IHAMBURG1643 IHAMBURG662 IHAMBURG390
2017-09-24 18:15:06,681 DEBUG done: 0.000 percent
2017-09-24 18:27:59,952 DEBUG done: 13.661 percent
2017-09-24 18:40:51,492 DEBUG done: 27.322 percent
2017-09-24 18:54:11,487 DEBUG done: 40.984 percent
2017-09-24 19:07:19,194 DEBUG done: 54.645 percent
2017-09-24 19:21:14,038 DEBUG done: 68.306 percent
2017-09-24 19:35:37,862 DEBUG done: 81.967 percent
2017-09-24 19:49:57,744 DEBUG done: 95.628 percent
2017-09-24 19:54:36,575 INFO idw_p1_all  1.003 n=1462
2017-09-24 19:54:36,597 INFO median_all  0.948 n=1462
2017-09-24 19:54:36,597 INFO idw_p1_cn3  1.281 n=1462
2017-09-24 19:54:36,597 INFO idw_p3_cn5  1.391 n=1462
2017-09-24 19:54:36,597 INFO median_cn3  1.313 n=1462
2017-09-24 19:54:36,597 INFO median_cn5  1.272 n=1462
2017-09-24 19:54:36,597 INFO idw_p2_cn5  1.372 n=1462
2017-09-24 19:54:36,597 INFO idw_p3_cn3  1.277 n=1462
2017-09-24 19:54:36,597 INFO idw_p4_cn5  1.396 n=1462
2017-09-24 19:54:36,597 INFO min_all     1.475 n=1462
2017-09-24 19:54:36,597 INFO idw_p1_cn5  1.307 n=1462
2017-09-24 19:54:36,598 INFO min_cn3     1.090 n=1462
2017-09-24 19:54:36,598 INFO idw_p2_cn3  1.277 n=1462
2017-09-24 19:54:36,598 INFO mean_all    0.965 n=1462
2017-09-24 19:54:36,598 INFO idw_p2_all  1.079 n=1462
2017-09-24 19:54:36,598 INFO idw_p4_cn3  1.278 n=1462
2017-09-24 19:54:36,598 INFO mean_cn3    1.328 n=1462
2017-09-24 19:54:36,598 INFO min_cn5     1.069 n=1462
2017-09-24 19:54:36,598 INFO max_cn3     1.831 n=1462
2017-09-24 19:54:36,598 INFO mean_cn5    1.258 n=1462
2017-09-24 19:54:36,598 INFO max_all     3.414 n=1462
2017-09-24 19:54:36,598 INFO max_cn5     1.843 n=1462
2017-09-24 19:54:36,598 INFO idw_p3_all  1.107 n=1462
2017-09-24 19:54:36,598 INFO idw_p4_all  1.128 n=1462
2017-09-24 19:54:36,598 INFO end method list
2017-09-24 19:54:36,635 INFO idw_p3_cn5  1.609 n=14569
2017-09-24 19:54:36,635 INFO median_cn3  1.567 n=14569
2017-09-24 19:54:36,636 INFO median_cn5  1.590 n=14569
2017-09-24 19:54:36,636 INFO mean_all    1.397 n=14569
2017-09-24 19:54:36,636 INFO idw_p2_all  1.361 n=14569
2017-09-24 19:54:36,636 INFO min_cn5     1.204 n=14569
2017-09-24 19:54:36,637 INFO max_cn5     1.971 n=14569
2017-09-24 19:54:36,637 INFO idw_p3_all  1.392 n=14569
2017-09-24 19:54:36,637 INFO idw_p1_cn3  1.538 n=14569
2017-09-24 19:54:36,637 INFO idw_p4_all  1.409 n=14569
2017-09-24 19:54:36,637 INFO idw_p1_all  1.378 n=14569
2017-09-24 19:54:36,638 INFO median_all  1.376 n=14569
2017-09-24 19:54:36,638 INFO idw_p2_cn5  1.600 n=14569
2017-09-24 19:54:36,638 INFO idw_p3_cn3  1.555 n=14569
2017-09-24 19:54:36,638 INFO idw_p4_cn5  1.611 n=14569
2017-09-24 19:54:36,638 INFO min_all     1.350 n=14569
2017-09-24 19:54:36,638 INFO idw_p2_cn3  1.548 n=14569
2017-09-24 19:54:36,639 INFO idw_p1_cn5  1.568 n=14569
2017-09-24 19:54:36,639 INFO min_cn3     1.277 n=14569
2017-09-24 19:54:36,639 INFO idw_p4_cn3  1.558 n=14569
2017-09-24 19:54:36,639 INFO mean_cn3    1.524 n=14569
2017-09-24 19:54:36,640 INFO max_cn3     1.838 n=14569
2017-09-24 19:54:36,640 INFO mean_cn5    1.542 n=14569
2017-09-24 19:54:36,640 INFO max_all     3.803 n=14569
2017-09-24 19:54:36,640 INFO end overall result
