2017-09-23 11:43:38,293 INFO ### Start new logging
2017-09-23 11:43:38,293 INFO General Overview
2017-09-23 11:43:38,293 INFO targets: HCM IHM LGM LWM RIM SGM SWM WGM WWM ZOM
2017-09-23 11:43:38,294 INFO neighbours: IHAMBURG267 IHHRISSE2 IHAMBURG82 IHAMBURG1200 IHAMBURG2034 IHAMBURG373 IHAMBURG1977 IHAMBURG2045 IHAMBURG2011 IHHHAMBU4 IHAMBURG189 IHAMBURG1118 IHAMBURG471 IHAMBURG2075 IHAMBURG1494 IHAMBURG1308 IHAMBURG1300 IHAMBURG1512 ISEEVETA78 IHAMBURG152 IHAMBURG276 IHAMBURG1998 IOSTSTEI3 IHAMBURG699 IHAMBURG460 IHAMBURG2025 IHHKLEIN2 IHAMBURG803 IHAMBURG789 IHHEIDEL2 IHAMBURG598 IHAMBURG550 IHAMBURG2080 IHAMBURG1342 IHAMBURG2043 IHAMBURG81 IHAMBURG1076 IHAMBURG68 IHAMBURG61 IHHMARIE3 IHAMBURG719 IHAMBURG844 IHAMBURG2030 IHAMBURG1252 IHAMBURG1462 INORDERS98 IHAMBURG258 IHAMBURG1823 IHAMBURG132 IHAMBURG1629 IHAMBURG481 IHAMBURG34 IHAMBURG2009 IHAMBURG1220 IHAMBURG938 IHAMBURG1940 IHAMBURG1374 IHAMBURG914 IHHEINLA2 IHAMBURG222 IHAMBURG935 IHAMBURG1128 IWENTORF21 IHHWINTE2 IHAMBURG1028 IHAMBURG1264 IHAMBURG268 IHAMBURG175 IHAMBURG1976 IHAMBURG1526 IHAMBURG376 IHAMBURG1266 IHAMBURG1478 IHAMBURG252 IHAMBURG2048 IHAMBURG1697 IHAMBURG1092 IHHHOHEN2 IHAMBURG1074 IHAMBURG630 IHAMBURG1248 IHAMBURG60 IHAMBURG316 IHAMBURG204 IHAMBURG537 IHAMBURG662 IHAMBURG1056 IHHSTEIN2 IHAMBURG1735 IBARSBTT22 IHAMBURG206 IHAMBURG2062 IHHLURUP2 IHAMBURG1974 IHAMBURG1504 IHAMBURG1194 IHAMBURG216 IHAMBURG774 IHAMBURG20 IHAMBURG410 IHAMBURG49 IHAMBURG155 IHAMBURG768 IHAMBURG44 IHAMBURG2039 IHAMBURG805 IHAMBURG1082 IHAMBURG969 IHHRAHLS3 IWINSENL6 IHAMBURG195 IHHHOHEN3 IHAMBURG360 IHAMBURG1779 IHAMBURG875 IHAMBURG308 IHHALSTE2 IHAMBURG93 IHAMBURG214 IHAMBURG1508 IHAMBURG342 IHAMBURG487 IHAMBURG1188 IHAMBURG1052 IHAMBURG1759 IHHOHMOO2 IHAMBURG1234 IHAMBURG1753 ISEEVETA49 IHAMBURG797 IHAMBURG1811 IHAMBURG1044 IHAMBURG1214 INORDERS16 IHAMBURG144 IHAMBURG274 IHAMBURG646 IHAMBURG1945 IHAMBURG1635 IHAMBURG1150 IHAMBURG648 IHAMBURG760 IHAMBURG1785 IHAMBURG290 IHAMBURG2042 IHHWELLI2 IHAMBURG398 IHAMBURG340 IHAMBURG146 IHAMBURG1204 IHAMBURG640 IHAMBURG2088 IHAMBURG1058 IHAMBURG1379 IHAMBURG1172 IHHSASEL2 IHAMBURG1799 IHAMBURG1645 IHAMBURG237 IHAMBURG215 IHAMBURG159 IHHBARMB5 IHAMBURG42 IHAMBURG1270 IHAMBURG149 IHAMBURG1282 IHAMBURG1302 IHHTREUD3 IHAMBURG224 IHAMBURG2031 IHAMBURG336 IHAMBURG1942 IHAMBURG256 IHAMBURG1314 IHAMBURG2073 IHAMBURG1370 IHAMBURG567 IHAMBURG286 IHAMBURG2016 IHHSCHNE4 IHAMBURG242 IHAMBURG1436 IHAMBURG1832 IHAMBURG84 IHAMBURG261 IHAMBURG787 IHAMBURG153 IHAMBURG1230 IHAMBURG1180 IHAMBURG1995 IHHKIRCH2 IHAMBURG53 IHAMBURG1346 IHAMBURG269 IHAMBURG1470 IHAMBURG375 IHAMBURG406 IHAMBURG150 IHAMBURG1377 IHAMBURG352 IHAMBURG113 IHAMBURG1841 IHAMBURG452 IHAMBURG604 IHHMARIE2 IHAMBURG239 IHAMBURG1134 IHAMBURG851 IHAMBURG131 IHAMBURG1124 IHHMEIEN2 INORDERS21 IHAMBURG2018 IHAMBURG1411 IWEDEL8 IHAMBURG423 IHAMBURG751 IHAMBURG1815 IHHMARIE5 IHAMBURG1819 IHAMBURG778 IHAMBURG565 IHAMBURG592 IHAMBURG1864 IHAMBURG711 IHAMBURG988 IHAMBURG251 IHAMBURG1933 IHAMBURG1166 IHAMBURG812 IHAMBURG92 IHAMBURG715 IHAMBURG2041 IHAMBURG162 IHAMBURG741 IHAMBURG2004 IHAMBURG499 IBORNSEN2 IHAMBURG1586 IHAMBURG2085 IHAMBURG1946 IHAMBURG123 IHHFUHLS2 IHAMBURG200 IHAMBURG417 IHHHINSC2 IHAMBURG1198 IHAMBURG1614 IHAMBURG104 IHAMBURG1084 IHAMBURG2026 IHAMBURG233 IHAMBURG1036 IHAMBURG1910 IHAMBURG1284 ISCHENEF11 IHAMBURG1953 IHAMBURG2052 IHAMBURG128 IAHRENSB13 IHAMBURG1923 IHAMBURG527 IHAMBURG262 IHAMBURG254 IHAMBURG230 IHAMBURG163 IHAMBURG723 IHHGROSS2 IHAMBURG1372 IHAMBURG620 IHAMBURG1492 IHORN16 IHHMARIE4 IHAMBURG910 IHAMBURG1699 IHAMBURG10 IHHOSDOR2 IHAMBURG2013 IHHWANDS2 IHAMBURG594 IHAMBURG250 IHAMBURG1144 IHAMBURG540 IHAMBURG184 IHAMBURG140 IHAMBURG183 IHAMBURG626 IHAMBURG1002 IHAMBURG2076 IHHHINSC3 IHAMBURG963 IHAMBURG974 IHAMBURG333 IHAMBURG1186 IHAMBURG394 IHHWILHE2 IHAMBURG497 IHAMBURG2081 IHHLANGE3 IHAMBURG1843 IHHCURSL2 IHAMBURG446 IHAMBURG32 IHAMBURG1986 IHAMBURG654 IHAMBURG46 IHAMBURG456 IHHSCHNE2 IHAMBURG354 IHAMBURG431 IHAMBURG1890 IHAMBURG199 IHAMBURG998 IHAMBURG1154 IHAMBURG2010 IHHHELLB2 IHHFARMS3 IHAMBURG164 IHAMBURG1982 IHAMBURG867 IHAMBURG427 IHAMBURG1600 IHHSCHNE3 IHAMBURG1158 IHAMBURG1216 IHAMBURG1202 IHAMBURG1675 IHAMBURG270 IHAMBURG198 IHAMBURG1116 IHAMBURG454 IHHOTTEN2 IHAMBURG1106 IHAMBURG600 IHAMBURG1360 IHAMBURG404 IHAMBURG367 IHAMBURG1929 IHAMBURG1952 IHAMBURG951 INORDERS5 IHAMBURG508 IHAMBURG1336 IHAMBURG1916 IHAMBURG1098 IHAMBURG2070 IHAMBURG1860 IHAMBURG1484 IHAMBURG1428 IHAMBURG1114 IHAMBURG1184 IHHEIDEL5 IHAMBURG1421 IHAMBURG1015 IHHNEUGR2 IHAMBURG98 IHAMBURG1064 IHAMBURG1631 IHAMBURG2065 IHAMBURG1244 IHAMBURG47 IHAMBURG1639 IHAMBURG1088 IHAMBURG1915 IHAMBURG260 IHAMBURG1920 IHAMBURG900 IHAMBURG1830 IHAMBURG89 IHAMBURG2069 IHAMBURG638 IHAMBURG656 IHAMBURG731 IHAMBURG1208 IHHHELLB3 IHAMBURG57 IHAMBURG205 IHAMBURG1988 IHAMBURG402 IHHSINST2 IHAMBURG1791 IHHNEUBO3 IHAMBURG1256 IHAMBURG684 IHAMBURG2000 IHAMBURG1391 IHAMBURG1602 IHAMBURG1296 IHAMBURG170 IHAMBURG1773 IHAMBURG1922 IHAMBURG436 IHAMBURG280 IHAMBURG292 IHAMBURG243 IHAMBURG1502 IHAMBURG1182 IHAMBURG1427 IHAMBURG1950 IHAMBURG1086 IHAMBURG762 IHAMBURG660 IHHWINTE4 IHAMBURG1350 IHAMBURG1316 IHAMBURG1164 IHAMBURG1789 IHHFUHLS3 IHAMBURG1620 IHAMBURG400 IHAMBURG1845 IHAMBURG56 IHAMBURG971 IHAMBURG1755 IHAMBURG887 IHAMBURG50 IHAMBURG1989 IHAMBURG664 IHAMBURG329 IHAMBURG1464 IHAMBURG707 IHAMBURG190 IHAMBURG172 IHAMBURG2006 IHAMBURG1918 IHAMBURG390 IHAMBURG1616 IHAMBURG514 IHAMBURG1795 IHAMBURG353 IHAMBURG1538 IHAMBURG1990 ISANKTUR5 IHAMBURG1136 IHAMBURG1368 IHAMBURG41 IHAMBURG1671 IHAMBURG168 IHAMBURG90 ILBHOOPT2 IHAMBURG285 IHAMBURG1102 IHHHAMBU2
2017-09-23 11:43:38,294 INFO End overview
2017-09-23 11:43:38,294 INFO Several Runs
2017-09-23 11:43:38,294 INFO end targets
2017-09-23 11:43:38,294 INFO overall results
2017-09-23 11:43:38,294 INFO interpolate for HCM
2017-09-23 11:43:38,294 INFO currently at 1 out of 10
2017-09-23 11:43:38,294 INFO use IHAMBURG267 IHHRISSE2 IHAMBURG82 IHAMBURG1200 IHAMBURG2034 IHAMBURG373 IHAMBURG1977 IHAMBURG2045 IHAMBURG2011 IHHHAMBU4 IHAMBURG189 IHAMBURG1118 IHAMBURG471 IHAMBURG2075 IHAMBURG1494 IHAMBURG1308 IHAMBURG1300 IHAMBURG1512 ISEEVETA78 IHAMBURG152 IHAMBURG276 IHAMBURG1998 IOSTSTEI3 IHAMBURG699 IHAMBURG460 IHAMBURG2025 IHHKLEIN2 IHAMBURG803 IHAMBURG789 IHHEIDEL2 IHAMBURG598 IHAMBURG550 IHAMBURG2080 IHAMBURG1342 IHAMBURG2043 IHAMBURG81 IHAMBURG1076 IHAMBURG68 IHAMBURG61 IHHMARIE3 IHAMBURG719 IHAMBURG844 IHAMBURG2030 IHAMBURG1252 IHAMBURG1462 INORDERS98 IHAMBURG258 IHAMBURG1823 IHAMBURG132 IHAMBURG1629 IHAMBURG481 IHAMBURG34 IHAMBURG2009 IHAMBURG1220 IHAMBURG938 IHAMBURG1940 IHAMBURG1374 IHAMBURG914 IHHEINLA2 IHAMBURG222 IHAMBURG935 IHAMBURG1128 IWENTORF21 IHHWINTE2 IHAMBURG1028 IHAMBURG1264 IHAMBURG268 IHAMBURG175 IHAMBURG1976 IHAMBURG1526 IHAMBURG376 IHAMBURG1266 IHAMBURG1478 IHAMBURG252 IHAMBURG2048 IHAMBURG1697 IHAMBURG1092 IHHHOHEN2 IHAMBURG1074 IHAMBURG630 IHAMBURG1248 IHAMBURG60 IHAMBURG316 IHAMBURG204 IHAMBURG537 IHAMBURG662 IHAMBURG1056 IHHSTEIN2 IHAMBURG1735 IBARSBTT22 IHAMBURG206 IHAMBURG2062 IHHLURUP2 IHAMBURG1974 IHAMBURG1504 IHAMBURG1194 IHAMBURG216 IHAMBURG774 IHAMBURG20 IHAMBURG410 IHAMBURG49 IHAMBURG155 IHAMBURG768 IHAMBURG44 IHAMBURG2039 IHAMBURG805 IHAMBURG1082 IHAMBURG969 IHHRAHLS3 IWINSENL6 IHAMBURG195 IHHHOHEN3 IHAMBURG360 IHAMBURG1779 IHAMBURG875 IHAMBURG308 IHHALSTE2 IHAMBURG93 IHAMBURG214 IHAMBURG1508 IHAMBURG342 IHAMBURG487 IHAMBURG1188 IHAMBURG1052 IHAMBURG1759 IHHOHMOO2 IHAMBURG1234 IHAMBURG1753 ISEEVETA49 IHAMBURG797 IHAMBURG1811 IHAMBURG1044 IHAMBURG1214 INORDERS16 IHAMBURG144 IHAMBURG274 IHAMBURG646 IHAMBURG1945 IHAMBURG1635 IHAMBURG1150 IHAMBURG648 IHAMBURG760 IHAMBURG1785 IHAMBURG290 IHAMBURG2042 IHHWELLI2 IHAMBURG398 IHAMBURG340 IHAMBURG146 IHAMBURG1204 IHAMBURG640 IHAMBURG2088 IHAMBURG1058 IHAMBURG1379 IHAMBURG1172 IHHSASEL2 IHAMBURG1799 IHAMBURG1645 IHAMBURG237 IHAMBURG215 IHAMBURG159 IHHBARMB5 IHAMBURG42 IHAMBURG1270 IHAMBURG149 IHAMBURG1282 IHAMBURG1302 IHHTREUD3 IHAMBURG224 IHAMBURG2031 IHAMBURG336 IHAMBURG1942 IHAMBURG256 IHAMBURG1314 IHAMBURG2073 IHAMBURG1370 IHAMBURG567 IHAMBURG286 IHAMBURG2016 IHHSCHNE4 IHAMBURG242 IHAMBURG1436 IHAMBURG1832 IHAMBURG84 IHAMBURG261 IHAMBURG787 IHAMBURG153 IHAMBURG1230 IHAMBURG1180 IHAMBURG1995 IHHKIRCH2 IHAMBURG53 IHAMBURG1346 IHAMBURG269 IHAMBURG1470 IHAMBURG375 IHAMBURG406 IHAMBURG150 IHAMBURG1377 IHAMBURG352 IHAMBURG113 IHAMBURG1841 IHAMBURG452 IHAMBURG604 IHHMARIE2 IHAMBURG239 IHAMBURG1134 IHAMBURG851 IHAMBURG131 IHAMBURG1124 IHHMEIEN2 INORDERS21 IHAMBURG2018 IHAMBURG1411 IWEDEL8 IHAMBURG423 IHAMBURG751 IHAMBURG1815 IHHMARIE5 IHAMBURG1819 IHAMBURG778 IHAMBURG565 IHAMBURG592 IHAMBURG1864 IHAMBURG711 IHAMBURG988 IHAMBURG251 IHAMBURG1933 IHAMBURG1166 IHAMBURG812 IHAMBURG92 IHAMBURG715 IHAMBURG2041 IHAMBURG162 IHAMBURG741 IHAMBURG2004 IHAMBURG499 IBORNSEN2 IHAMBURG1586 IHAMBURG2085 IHAMBURG1946 IHAMBURG123 IHHFUHLS2 IHAMBURG200 IHAMBURG417 IHHHINSC2 IHAMBURG1198 IHAMBURG1614 IHAMBURG104 IHAMBURG1084 IHAMBURG2026 IHAMBURG233 IHAMBURG1036 IHAMBURG1910 IHAMBURG1284 ISCHENEF11 IHAMBURG1953 IHAMBURG2052 IHAMBURG128 IAHRENSB13 IHAMBURG1923 IHAMBURG527 IHAMBURG262 IHAMBURG254 IHAMBURG230 IHAMBURG163 IHAMBURG723 IHHGROSS2 IHAMBURG1372 IHAMBURG620 IHAMBURG1492 IHORN16 IHHMARIE4 IHAMBURG910 IHAMBURG1699 IHAMBURG10 IHHOSDOR2 IHAMBURG2013 IHHWANDS2 IHAMBURG594 IHAMBURG250 IHAMBURG1144 IHAMBURG540 IHAMBURG184 IHAMBURG140 IHAMBURG183 IHAMBURG626 IHAMBURG1002 IHAMBURG2076 IHHHINSC3 IHAMBURG963 IHAMBURG974 IHAMBURG333 IHAMBURG1186 IHAMBURG394 IHHWILHE2 IHAMBURG497 IHAMBURG2081 IHHLANGE3 IHAMBURG1843 IHHCURSL2 IHAMBURG446 IHAMBURG32 IHAMBURG1986 IHAMBURG654 IHAMBURG46 IHAMBURG456 IHHSCHNE2 IHAMBURG354 IHAMBURG431 IHAMBURG1890 IHAMBURG199 IHAMBURG998 IHAMBURG1154 IHAMBURG2010 IHHHELLB2 IHHFARMS3 IHAMBURG164 IHAMBURG1982 IHAMBURG867 IHAMBURG427 IHAMBURG1600 IHHSCHNE3 IHAMBURG1158 IHAMBURG1216 IHAMBURG1202 IHAMBURG1675 IHAMBURG270 IHAMBURG198 IHAMBURG1116 IHAMBURG454 IHHOTTEN2 IHAMBURG1106 IHAMBURG600 IHAMBURG1360 IHAMBURG404 IHAMBURG367 IHAMBURG1929 IHAMBURG1952 IHAMBURG951 INORDERS5 IHAMBURG508 IHAMBURG1336 IHAMBURG1916 IHAMBURG1098 IHAMBURG2070 IHAMBURG1860 IHAMBURG1484 IHAMBURG1428 IHAMBURG1114 IHAMBURG1184 IHHEIDEL5 IHAMBURG1421 IHAMBURG1015 IHHNEUGR2 IHAMBURG98 IHAMBURG1064 IHAMBURG1631 IHAMBURG2065 IHAMBURG1244 IHAMBURG47 IHAMBURG1639 IHAMBURG1088 IHAMBURG1915 IHAMBURG260 IHAMBURG1920 IHAMBURG900 IHAMBURG1830 IHAMBURG89 IHAMBURG2069 IHAMBURG638 IHAMBURG656 IHAMBURG731 IHAMBURG1208 IHHHELLB3 IHAMBURG57 IHAMBURG205 IHAMBURG1988 IHAMBURG402 IHHSINST2 IHAMBURG1791 IHHNEUBO3 IHAMBURG1256 IHAMBURG684 IHAMBURG2000 IHAMBURG1391 IHAMBURG1602 IHAMBURG1296 IHAMBURG170 IHAMBURG1773 IHAMBURG1922 IHAMBURG436 IHAMBURG280 IHAMBURG292 IHAMBURG243 IHAMBURG1502 IHAMBURG1182 IHAMBURG1427 IHAMBURG1950 IHAMBURG1086 IHAMBURG762 IHAMBURG660 IHHWINTE4 IHAMBURG1350 IHAMBURG1316 IHAMBURG1164 IHAMBURG1789 IHHFUHLS3 IHAMBURG1620 IHAMBURG400 IHAMBURG1845 IHAMBURG56 IHAMBURG971 IHAMBURG1755 IHAMBURG887 IHAMBURG50 IHAMBURG1989 IHAMBURG664 IHAMBURG329 IHAMBURG1464 IHAMBURG707 IHAMBURG190 IHAMBURG172 IHAMBURG2006 IHAMBURG1918 IHAMBURG390 IHAMBURG1616 IHAMBURG514 IHAMBURG1795 IHAMBURG353 IHAMBURG1538 IHAMBURG1990 ISANKTUR5 IHAMBURG1136 IHAMBURG1368 IHAMBURG41 IHAMBURG1671 IHAMBURG168 IHAMBURG90 ILBHOOPT2 IHAMBURG285 IHAMBURG1102 IHHHAMBU2
2017-09-23 11:44:09,009 DEBUG done: 0.000 percent
2017-09-23 11:56:19,638 DEBUG done: 13.661 percent
2017-09-23 12:08:22,735 DEBUG done: 27.322 percent
2017-09-23 12:20:49,786 DEBUG done: 40.984 percent
2017-09-23 12:33:07,602 DEBUG done: 54.645 percent
2017-09-23 12:46:02,746 DEBUG done: 68.306 percent
2017-09-23 12:59:37,248 DEBUG done: 81.967 percent
2017-09-23 13:13:16,196 DEBUG done: 95.628 percent
2017-09-23 13:17:45,351 INFO max_all     3.384 n=1464
2017-09-23 13:17:45,352 INFO min_cn3     0.921 n=1464
2017-09-23 13:17:45,352 INFO idw_p3_cn5  0.991 n=1464
2017-09-23 13:17:45,352 INFO idw_p3_cn3  1.145 n=1464
2017-09-23 13:17:45,352 INFO max_cn3     1.511 n=1464
2017-09-23 13:17:45,352 INFO median_all  0.767 n=1464
2017-09-23 13:17:45,352 INFO idw_p2_cn3  1.149 n=1464
2017-09-23 13:17:45,352 INFO idw_p2_all  0.875 n=1464
2017-09-23 13:17:45,352 INFO mean_cn5    1.047 n=1464
2017-09-23 13:17:45,353 INFO mean_all    0.814 n=1464
2017-09-23 13:17:45,353 INFO idw_p4_all  0.993 n=1464
2017-09-23 13:17:45,353 INFO min_all     1.872 n=1464
2017-09-23 13:17:45,353 INFO median_cn3  1.132 n=1464
2017-09-23 13:17:45,353 INFO idw_p1_cn3  1.158 n=1464
2017-09-23 13:17:45,353 INFO idw_p1_cn5  0.995 n=1464
2017-09-23 13:17:45,353 INFO idw_p4_cn3  1.142 n=1464
2017-09-23 13:17:45,353 INFO idw_p4_cn5  0.998 n=1464
2017-09-23 13:17:45,353 INFO median_cn5  1.007 n=1464
2017-09-23 13:17:45,353 INFO idw_p2_cn5  0.982 n=1464
2017-09-23 13:17:45,353 INFO idw_p1_all  0.828 n=1464
2017-09-23 13:17:45,353 INFO mean_cn3    1.149 n=1464
2017-09-23 13:17:45,353 INFO max_cn5     1.582 n=1464
2017-09-23 13:17:45,353 INFO min_cn5     0.803 n=1464
2017-09-23 13:17:45,353 INFO idw_p3_all  0.942 n=1464
2017-09-23 13:17:45,353 INFO end method list
2017-09-23 13:17:45,358 INFO interpolate for IHM
2017-09-23 13:17:45,358 INFO currently at 2 out of 10
2017-09-23 13:17:45,358 INFO use IHAMBURG267 IHHRISSE2 IHAMBURG82 IHAMBURG1200 IHAMBURG2034 IHAMBURG373 IHAMBURG1977 IHAMBURG2045 IHAMBURG2011 IHHHAMBU4 IHAMBURG189 IHAMBURG1118 IHAMBURG471 IHAMBURG2075 IHAMBURG1494 IHAMBURG1308 IHAMBURG1300 IHAMBURG1512 ISEEVETA78 IHAMBURG152 IHAMBURG276 IHAMBURG1998 IOSTSTEI3 IHAMBURG699 IHAMBURG460 IHAMBURG2025 IHHKLEIN2 IHAMBURG803 IHAMBURG789 IHHEIDEL2 IHAMBURG598 IHAMBURG550 IHAMBURG2080 IHAMBURG1342 IHAMBURG2043 IHAMBURG81 IHAMBURG1076 IHAMBURG68 IHAMBURG61 IHHMARIE3 IHAMBURG719 IHAMBURG844 IHAMBURG2030 IHAMBURG1252 IHAMBURG1462 INORDERS98 IHAMBURG258 IHAMBURG1823 IHAMBURG132 IHAMBURG1629 IHAMBURG481 IHAMBURG34 IHAMBURG2009 IHAMBURG1220 IHAMBURG938 IHAMBURG1940 IHAMBURG1374 IHAMBURG914 IHHEINLA2 IHAMBURG222 IHAMBURG935 IHAMBURG1128 IWENTORF21 IHHWINTE2 IHAMBURG1028 IHAMBURG1264 IHAMBURG268 IHAMBURG175 IHAMBURG1976 IHAMBURG1526 IHAMBURG376 IHAMBURG1266 IHAMBURG1478 IHAMBURG252 IHAMBURG2048 IHAMBURG1697 IHAMBURG1092 IHHHOHEN2 IHAMBURG1074 IHAMBURG630 IHAMBURG1248 IHAMBURG60 IHAMBURG316 IHAMBURG204 IHAMBURG537 IHAMBURG662 IHAMBURG1056 IHHSTEIN2 IHAMBURG1735 IBARSBTT22 IHAMBURG206 IHAMBURG2062 IHHLURUP2 IHAMBURG1974 IHAMBURG1504 IHAMBURG1194 IHAMBURG216 IHAMBURG774 IHAMBURG20 IHAMBURG410 IHAMBURG49 IHAMBURG155 IHAMBURG768 IHAMBURG44 IHAMBURG2039 IHAMBURG805 IHAMBURG1082 IHAMBURG969 IHHRAHLS3 IWINSENL6 IHAMBURG195 IHHHOHEN3 IHAMBURG360 IHAMBURG1779 IHAMBURG875 IHAMBURG308 IHHALSTE2 IHAMBURG93 IHAMBURG214 IHAMBURG1508 IHAMBURG342 IHAMBURG487 IHAMBURG1188 IHAMBURG1052 IHAMBURG1759 IHHOHMOO2 IHAMBURG1234 IHAMBURG1753 ISEEVETA49 IHAMBURG797 IHAMBURG1811 IHAMBURG1044 IHAMBURG1214 INORDERS16 IHAMBURG144 IHAMBURG274 IHAMBURG646 IHAMBURG1945 IHAMBURG1635 IHAMBURG1150 IHAMBURG648 IHAMBURG760 IHAMBURG1785 IHAMBURG290 IHAMBURG2042 IHHWELLI2 IHAMBURG398 IHAMBURG340 IHAMBURG146 IHAMBURG1204 IHAMBURG640 IHAMBURG2088 IHAMBURG1058 IHAMBURG1379 IHAMBURG1172 IHHSASEL2 IHAMBURG1799 IHAMBURG1645 IHAMBURG237 IHAMBURG215 IHAMBURG159 IHHBARMB5 IHAMBURG42 IHAMBURG1270 IHAMBURG149 IHAMBURG1282 IHAMBURG1302 IHHTREUD3 IHAMBURG224 IHAMBURG2031 IHAMBURG336 IHAMBURG1942 IHAMBURG256 IHAMBURG1314 IHAMBURG2073 IHAMBURG1370 IHAMBURG567 IHAMBURG286 IHAMBURG2016 IHHSCHNE4 IHAMBURG242 IHAMBURG1436 IHAMBURG1832 IHAMBURG84 IHAMBURG261 IHAMBURG787 IHAMBURG153 IHAMBURG1230 IHAMBURG1180 IHAMBURG1995 IHHKIRCH2 IHAMBURG53 IHAMBURG1346 IHAMBURG269 IHAMBURG1470 IHAMBURG375 IHAMBURG406 IHAMBURG150 IHAMBURG1377 IHAMBURG352 IHAMBURG113 IHAMBURG1841 IHAMBURG452 IHAMBURG604 IHHMARIE2 IHAMBURG239 IHAMBURG1134 IHAMBURG851 IHAMBURG131 IHAMBURG1124 IHHMEIEN2 INORDERS21 IHAMBURG2018 IHAMBURG1411 IWEDEL8 IHAMBURG423 IHAMBURG751 IHAMBURG1815 IHHMARIE5 IHAMBURG1819 IHAMBURG778 IHAMBURG565 IHAMBURG592 IHAMBURG1864 IHAMBURG711 IHAMBURG988 IHAMBURG251 IHAMBURG1933 IHAMBURG1166 IHAMBURG812 IHAMBURG92 IHAMBURG715 IHAMBURG2041 IHAMBURG162 IHAMBURG741 IHAMBURG2004 IHAMBURG499 IBORNSEN2 IHAMBURG1586 IHAMBURG2085 IHAMBURG1946 IHAMBURG123 IHHFUHLS2 IHAMBURG200 IHAMBURG417 IHHHINSC2 IHAMBURG1198 IHAMBURG1614 IHAMBURG104 IHAMBURG1084 IHAMBURG2026 IHAMBURG233 IHAMBURG1036 IHAMBURG1910 IHAMBURG1284 ISCHENEF11 IHAMBURG1953 IHAMBURG2052 IHAMBURG128 IAHRENSB13 IHAMBURG1923 IHAMBURG527 IHAMBURG262 IHAMBURG254 IHAMBURG230 IHAMBURG163 IHAMBURG723 IHHGROSS2 IHAMBURG1372 IHAMBURG620 IHAMBURG1492 IHORN16 IHHMARIE4 IHAMBURG910 IHAMBURG1699 IHAMBURG10 IHHOSDOR2 IHAMBURG2013 IHHWANDS2 IHAMBURG594 IHAMBURG250 IHAMBURG1144 IHAMBURG540 IHAMBURG184 IHAMBURG140 IHAMBURG183 IHAMBURG626 IHAMBURG1002 IHAMBURG2076 IHHHINSC3 IHAMBURG963 IHAMBURG974 IHAMBURG333 IHAMBURG1186 IHAMBURG394 IHHWILHE2 IHAMBURG497 IHAMBURG2081 IHHLANGE3 IHAMBURG1843 IHHCURSL2 IHAMBURG446 IHAMBURG32 IHAMBURG1986 IHAMBURG654 IHAMBURG46 IHAMBURG456 IHHSCHNE2 IHAMBURG354 IHAMBURG431 IHAMBURG1890 IHAMBURG199 IHAMBURG998 IHAMBURG1154 IHAMBURG2010 IHHHELLB2 IHHFARMS3 IHAMBURG164 IHAMBURG1982 IHAMBURG867 IHAMBURG427 IHAMBURG1600 IHHSCHNE3 IHAMBURG1158 IHAMBURG1216 IHAMBURG1202 IHAMBURG1675 IHAMBURG270 IHAMBURG198 IHAMBURG1116 IHAMBURG454 IHHOTTEN2 IHAMBURG1106 IHAMBURG600 IHAMBURG1360 IHAMBURG404 IHAMBURG367 IHAMBURG1929 IHAMBURG1952 IHAMBURG951 INORDERS5 IHAMBURG508 IHAMBURG1336 IHAMBURG1916 IHAMBURG1098 IHAMBURG2070 IHAMBURG1860 IHAMBURG1484 IHAMBURG1428 IHAMBURG1114 IHAMBURG1184 IHHEIDEL5 IHAMBURG1421 IHAMBURG1015 IHHNEUGR2 IHAMBURG98 IHAMBURG1064 IHAMBURG1631 IHAMBURG2065 IHAMBURG1244 IHAMBURG47 IHAMBURG1639 IHAMBURG1088 IHAMBURG1915 IHAMBURG260 IHAMBURG1920 IHAMBURG900 IHAMBURG1830 IHAMBURG89 IHAMBURG2069 IHAMBURG638 IHAMBURG656 IHAMBURG731 IHAMBURG1208 IHHHELLB3 IHAMBURG57 IHAMBURG205 IHAMBURG1988 IHAMBURG402 IHHSINST2 IHAMBURG1791 IHHNEUBO3 IHAMBURG1256 IHAMBURG684 IHAMBURG2000 IHAMBURG1391 IHAMBURG1602 IHAMBURG1296 IHAMBURG170 IHAMBURG1773 IHAMBURG1922 IHAMBURG436 IHAMBURG280 IHAMBURG292 IHAMBURG243 IHAMBURG1502 IHAMBURG1182 IHAMBURG1427 IHAMBURG1950 IHAMBURG1086 IHAMBURG762 IHAMBURG660 IHHWINTE4 IHAMBURG1350 IHAMBURG1316 IHAMBURG1164 IHAMBURG1789 IHHFUHLS3 IHAMBURG1620 IHAMBURG400 IHAMBURG1845 IHAMBURG56 IHAMBURG971 IHAMBURG1755 IHAMBURG887 IHAMBURG50 IHAMBURG1989 IHAMBURG664 IHAMBURG329 IHAMBURG1464 IHAMBURG707 IHAMBURG190 IHAMBURG172 IHAMBURG2006 IHAMBURG1918 IHAMBURG390 IHAMBURG1616 IHAMBURG514 IHAMBURG1795 IHAMBURG353 IHAMBURG1538 IHAMBURG1990 ISANKTUR5 IHAMBURG1136 IHAMBURG1368 IHAMBURG41 IHAMBURG1671 IHAMBURG168 IHAMBURG90 ILBHOOPT2 IHAMBURG285 IHAMBURG1102 IHHHAMBU2
2017-09-23 13:17:48,899 DEBUG done: 0.000 percent
2017-09-23 13:30:00,226 DEBUG done: 13.661 percent
2017-09-23 13:41:59,570 DEBUG done: 27.322 percent
2017-09-23 13:54:17,139 DEBUG done: 40.984 percent
2017-09-23 14:06:26,332 DEBUG done: 54.645 percent
2017-09-23 14:19:23,911 DEBUG done: 68.306 percent
2017-09-23 14:32:55,068 DEBUG done: 81.967 percent
2017-09-23 14:46:46,122 DEBUG done: 95.628 percent
2017-09-23 14:51:22,196 INFO max_all     3.244 n=1464
2017-09-23 14:51:22,197 INFO min_cn3     0.878 n=1464
2017-09-23 14:51:22,197 INFO idw_p3_cn5  1.040 n=1464
2017-09-23 14:51:22,197 INFO idw_p3_cn3  1.156 n=1464
2017-09-23 14:51:22,197 INFO max_cn3     1.362 n=1464
2017-09-23 14:51:22,197 INFO median_all  0.780 n=1464
2017-09-23 14:51:22,197 INFO idw_p2_cn3  1.138 n=1464
2017-09-23 14:51:22,197 INFO idw_p2_all  0.920 n=1464
2017-09-23 14:51:22,197 INFO mean_cn5    1.022 n=1464
2017-09-23 14:51:22,197 INFO mean_all    0.828 n=1464
2017-09-23 14:51:22,197 INFO idw_p4_all  1.079 n=1464
2017-09-23 14:51:22,197 INFO min_all     2.006 n=1464
2017-09-23 14:51:22,197 INFO median_cn3  1.118 n=1464
2017-09-23 14:51:22,197 INFO idw_p1_cn3  1.118 n=1464
2017-09-23 14:51:22,197 INFO idw_p1_cn5  1.050 n=1464
2017-09-23 14:51:22,197 INFO idw_p4_cn3  1.170 n=1464
2017-09-23 14:51:22,197 INFO idw_p4_cn5  1.035 n=1464
2017-09-23 14:51:22,198 INFO median_cn5  1.058 n=1464
2017-09-23 14:51:22,198 INFO idw_p2_cn5  1.045 n=1464
2017-09-23 14:51:22,198 INFO idw_p1_all  0.852 n=1464
2017-09-23 14:51:22,198 INFO mean_cn3    1.079 n=1464
2017-09-23 14:51:22,198 INFO max_cn5     1.559 n=1464
2017-09-23 14:51:22,198 INFO min_cn5     0.759 n=1464
2017-09-23 14:51:22,198 INFO idw_p3_all  1.011 n=1464
2017-09-23 14:51:22,198 INFO end method list
2017-09-23 14:51:22,202 INFO interpolate for LGM
2017-09-23 14:51:22,202 INFO currently at 3 out of 10
2017-09-23 14:51:22,203 INFO use IHAMBURG267 IHHRISSE2 IHAMBURG82 IHAMBURG1200 IHAMBURG2034 IHAMBURG373 IHAMBURG1977 IHAMBURG2045 IHAMBURG2011 IHHHAMBU4 IHAMBURG189 IHAMBURG1118 IHAMBURG471 IHAMBURG2075 IHAMBURG1494 IHAMBURG1308 IHAMBURG1300 IHAMBURG1512 ISEEVETA78 IHAMBURG152 IHAMBURG276 IHAMBURG1998 IOSTSTEI3 IHAMBURG699 IHAMBURG460 IHAMBURG2025 IHHKLEIN2 IHAMBURG803 IHAMBURG789 IHHEIDEL2 IHAMBURG598 IHAMBURG550 IHAMBURG2080 IHAMBURG1342 IHAMBURG2043 IHAMBURG81 IHAMBURG1076 IHAMBURG68 IHAMBURG61 IHHMARIE3 IHAMBURG719 IHAMBURG844 IHAMBURG2030 IHAMBURG1252 IHAMBURG1462 INORDERS98 IHAMBURG258 IHAMBURG1823 IHAMBURG132 IHAMBURG1629 IHAMBURG481 IHAMBURG34 IHAMBURG2009 IHAMBURG1220 IHAMBURG938 IHAMBURG1940 IHAMBURG1374 IHAMBURG914 IHHEINLA2 IHAMBURG222 IHAMBURG935 IHAMBURG1128 IWENTORF21 IHHWINTE2 IHAMBURG1028 IHAMBURG1264 IHAMBURG268 IHAMBURG175 IHAMBURG1976 IHAMBURG1526 IHAMBURG376 IHAMBURG1266 IHAMBURG1478 IHAMBURG252 IHAMBURG2048 IHAMBURG1697 IHAMBURG1092 IHHHOHEN2 IHAMBURG1074 IHAMBURG630 IHAMBURG1248 IHAMBURG60 IHAMBURG316 IHAMBURG204 IHAMBURG537 IHAMBURG662 IHAMBURG1056 IHHSTEIN2 IHAMBURG1735 IBARSBTT22 IHAMBURG206 IHAMBURG2062 IHHLURUP2 IHAMBURG1974 IHAMBURG1504 IHAMBURG1194 IHAMBURG216 IHAMBURG774 IHAMBURG20 IHAMBURG410 IHAMBURG49 IHAMBURG155 IHAMBURG768 IHAMBURG44 IHAMBURG2039 IHAMBURG805 IHAMBURG1082 IHAMBURG969 IHHRAHLS3 IWINSENL6 IHAMBURG195 IHHHOHEN3 IHAMBURG360 IHAMBURG1779 IHAMBURG875 IHAMBURG308 IHHALSTE2 IHAMBURG93 IHAMBURG214 IHAMBURG1508 IHAMBURG342 IHAMBURG487 IHAMBURG1188 IHAMBURG1052 IHAMBURG1759 IHHOHMOO2 IHAMBURG1234 IHAMBURG1753 ISEEVETA49 IHAMBURG797 IHAMBURG1811 IHAMBURG1044 IHAMBURG1214 INORDERS16 IHAMBURG144 IHAMBURG274 IHAMBURG646 IHAMBURG1945 IHAMBURG1635 IHAMBURG1150 IHAMBURG648 IHAMBURG760 IHAMBURG1785 IHAMBURG290 IHAMBURG2042 IHHWELLI2 IHAMBURG398 IHAMBURG340 IHAMBURG146 IHAMBURG1204 IHAMBURG640 IHAMBURG2088 IHAMBURG1058 IHAMBURG1379 IHAMBURG1172 IHHSASEL2 IHAMBURG1799 IHAMBURG1645 IHAMBURG237 IHAMBURG215 IHAMBURG159 IHHBARMB5 IHAMBURG42 IHAMBURG1270 IHAMBURG149 IHAMBURG1282 IHAMBURG1302 IHHTREUD3 IHAMBURG224 IHAMBURG2031 IHAMBURG336 IHAMBURG1942 IHAMBURG256 IHAMBURG1314 IHAMBURG2073 IHAMBURG1370 IHAMBURG567 IHAMBURG286 IHAMBURG2016 IHHSCHNE4 IHAMBURG242 IHAMBURG1436 IHAMBURG1832 IHAMBURG84 IHAMBURG261 IHAMBURG787 IHAMBURG153 IHAMBURG1230 IHAMBURG1180 IHAMBURG1995 IHHKIRCH2 IHAMBURG53 IHAMBURG1346 IHAMBURG269 IHAMBURG1470 IHAMBURG375 IHAMBURG406 IHAMBURG150 IHAMBURG1377 IHAMBURG352 IHAMBURG113 IHAMBURG1841 IHAMBURG452 IHAMBURG604 IHHMARIE2 IHAMBURG239 IHAMBURG1134 IHAMBURG851 IHAMBURG131 IHAMBURG1124 IHHMEIEN2 INORDERS21 IHAMBURG2018 IHAMBURG1411 IWEDEL8 IHAMBURG423 IHAMBURG751 IHAMBURG1815 IHHMARIE5 IHAMBURG1819 IHAMBURG778 IHAMBURG565 IHAMBURG592 IHAMBURG1864 IHAMBURG711 IHAMBURG988 IHAMBURG251 IHAMBURG1933 IHAMBURG1166 IHAMBURG812 IHAMBURG92 IHAMBURG715 IHAMBURG2041 IHAMBURG162 IHAMBURG741 IHAMBURG2004 IHAMBURG499 IBORNSEN2 IHAMBURG1586 IHAMBURG2085 IHAMBURG1946 IHAMBURG123 IHHFUHLS2 IHAMBURG200 IHAMBURG417 IHHHINSC2 IHAMBURG1198 IHAMBURG1614 IHAMBURG104 IHAMBURG1084 IHAMBURG2026 IHAMBURG233 IHAMBURG1036 IHAMBURG1910 IHAMBURG1284 ISCHENEF11 IHAMBURG1953 IHAMBURG2052 IHAMBURG128 IAHRENSB13 IHAMBURG1923 IHAMBURG527 IHAMBURG262 IHAMBURG254 IHAMBURG230 IHAMBURG163 IHAMBURG723 IHHGROSS2 IHAMBURG1372 IHAMBURG620 IHAMBURG1492 IHORN16 IHHMARIE4 IHAMBURG910 IHAMBURG1699 IHAMBURG10 IHHOSDOR2 IHAMBURG2013 IHHWANDS2 IHAMBURG594 IHAMBURG250 IHAMBURG1144 IHAMBURG540 IHAMBURG184 IHAMBURG140 IHAMBURG183 IHAMBURG626 IHAMBURG1002 IHAMBURG2076 IHHHINSC3 IHAMBURG963 IHAMBURG974 IHAMBURG333 IHAMBURG1186 IHAMBURG394 IHHWILHE2 IHAMBURG497 IHAMBURG2081 IHHLANGE3 IHAMBURG1843 IHHCURSL2 IHAMBURG446 IHAMBURG32 IHAMBURG1986 IHAMBURG654 IHAMBURG46 IHAMBURG456 IHHSCHNE2 IHAMBURG354 IHAMBURG431 IHAMBURG1890 IHAMBURG199 IHAMBURG998 IHAMBURG1154 IHAMBURG2010 IHHHELLB2 IHHFARMS3 IHAMBURG164 IHAMBURG1982 IHAMBURG867 IHAMBURG427 IHAMBURG1600 IHHSCHNE3 IHAMBURG1158 IHAMBURG1216 IHAMBURG1202 IHAMBURG1675 IHAMBURG270 IHAMBURG198 IHAMBURG1116 IHAMBURG454 IHHOTTEN2 IHAMBURG1106 IHAMBURG600 IHAMBURG1360 IHAMBURG404 IHAMBURG367 IHAMBURG1929 IHAMBURG1952 IHAMBURG951 INORDERS5 IHAMBURG508 IHAMBURG1336 IHAMBURG1916 IHAMBURG1098 IHAMBURG2070 IHAMBURG1860 IHAMBURG1484 IHAMBURG1428 IHAMBURG1114 IHAMBURG1184 IHHEIDEL5 IHAMBURG1421 IHAMBURG1015 IHHNEUGR2 IHAMBURG98 IHAMBURG1064 IHAMBURG1631 IHAMBURG2065 IHAMBURG1244 IHAMBURG47 IHAMBURG1639 IHAMBURG1088 IHAMBURG1915 IHAMBURG260 IHAMBURG1920 IHAMBURG900 IHAMBURG1830 IHAMBURG89 IHAMBURG2069 IHAMBURG638 IHAMBURG656 IHAMBURG731 IHAMBURG1208 IHHHELLB3 IHAMBURG57 IHAMBURG205 IHAMBURG1988 IHAMBURG402 IHHSINST2 IHAMBURG1791 IHHNEUBO3 IHAMBURG1256 IHAMBURG684 IHAMBURG2000 IHAMBURG1391 IHAMBURG1602 IHAMBURG1296 IHAMBURG170 IHAMBURG1773 IHAMBURG1922 IHAMBURG436 IHAMBURG280 IHAMBURG292 IHAMBURG243 IHAMBURG1502 IHAMBURG1182 IHAMBURG1427 IHAMBURG1950 IHAMBURG1086 IHAMBURG762 IHAMBURG660 IHHWINTE4 IHAMBURG1350 IHAMBURG1316 IHAMBURG1164 IHAMBURG1789 IHHFUHLS3 IHAMBURG1620 IHAMBURG400 IHAMBURG1845 IHAMBURG56 IHAMBURG971 IHAMBURG1755 IHAMBURG887 IHAMBURG50 IHAMBURG1989 IHAMBURG664 IHAMBURG329 IHAMBURG1464 IHAMBURG707 IHAMBURG190 IHAMBURG172 IHAMBURG2006 IHAMBURG1918 IHAMBURG390 IHAMBURG1616 IHAMBURG514 IHAMBURG1795 IHAMBURG353 IHAMBURG1538 IHAMBURG1990 ISANKTUR5 IHAMBURG1136 IHAMBURG1368 IHAMBURG41 IHAMBURG1671 IHAMBURG168 IHAMBURG90 ILBHOOPT2 IHAMBURG285 IHAMBURG1102 IHHHAMBU2
2017-09-23 14:51:25,784 DEBUG done: 0.000 percent
2017-09-23 15:03:35,016 DEBUG done: 13.661 percent
2017-09-23 15:15:34,953 DEBUG done: 27.322 percent
2017-09-23 15:27:55,927 DEBUG done: 40.984 percent
2017-09-23 15:40:06,238 DEBUG done: 54.645 percent
2017-09-23 15:53:01,003 DEBUG done: 68.306 percent
2017-09-23 16:06:31,124 DEBUG done: 81.967 percent
2017-09-23 16:20:12,574 DEBUG done: 95.628 percent
2017-09-23 16:24:44,080 INFO max_all     4.331 n=1462
2017-09-23 16:24:44,102 INFO min_cn3     1.182 n=1462
2017-09-23 16:24:44,102 INFO idw_p3_cn5  1.241 n=1462
2017-09-23 16:24:44,102 INFO idw_p3_cn3  1.246 n=1462
2017-09-23 16:24:44,102 INFO max_cn3     1.381 n=1462
2017-09-23 16:24:44,102 INFO median_all  1.771 n=1462
2017-09-23 16:24:44,102 INFO idw_p2_cn3  1.252 n=1462
2017-09-23 16:24:44,102 INFO idw_p2_all  1.674 n=1462
2017-09-23 16:24:44,102 INFO mean_cn5    1.272 n=1462
2017-09-23 16:24:44,102 INFO mean_all    1.789 n=1462
2017-09-23 16:24:44,102 INFO idw_p4_all  1.670 n=1462
2017-09-23 16:24:44,102 INFO min_all     0.989 n=1462
2017-09-23 16:24:44,102 INFO median_cn3  1.229 n=1462
2017-09-23 16:24:44,102 INFO idw_p1_cn3  1.259 n=1462
2017-09-23 16:24:44,102 INFO idw_p1_cn5  1.245 n=1462
2017-09-23 16:24:44,102 INFO idw_p4_cn3  1.242 n=1462
2017-09-23 16:24:44,102 INFO idw_p4_cn5  1.242 n=1462
2017-09-23 16:24:44,102 INFO median_cn5  1.230 n=1462
2017-09-23 16:24:44,103 INFO idw_p2_cn5  1.241 n=1462
2017-09-23 16:24:44,103 INFO idw_p1_all  1.769 n=1462
2017-09-23 16:24:44,103 INFO mean_cn3    1.252 n=1462
2017-09-23 16:24:44,103 INFO max_cn5     1.642 n=1462
2017-09-23 16:24:44,103 INFO min_cn5     1.096 n=1462
2017-09-23 16:24:44,103 INFO idw_p3_all  1.671 n=1462
2017-09-23 16:24:44,103 INFO end method list
2017-09-23 16:24:44,107 INFO interpolate for LWM
2017-09-23 16:24:44,107 INFO currently at 4 out of 10
2017-09-23 16:24:44,107 INFO use IHAMBURG267 IHHRISSE2 IHAMBURG82 IHAMBURG1200 IHAMBURG2034 IHAMBURG373 IHAMBURG1977 IHAMBURG2045 IHAMBURG2011 IHHHAMBU4 IHAMBURG189 IHAMBURG1118 IHAMBURG471 IHAMBURG2075 IHAMBURG1494 IHAMBURG1308 IHAMBURG1300 IHAMBURG1512 ISEEVETA78 IHAMBURG152 IHAMBURG276 IHAMBURG1998 IOSTSTEI3 IHAMBURG699 IHAMBURG460 IHAMBURG2025 IHHKLEIN2 IHAMBURG803 IHAMBURG789 IHHEIDEL2 IHAMBURG598 IHAMBURG550 IHAMBURG2080 IHAMBURG1342 IHAMBURG2043 IHAMBURG81 IHAMBURG1076 IHAMBURG68 IHAMBURG61 IHHMARIE3 IHAMBURG719 IHAMBURG844 IHAMBURG2030 IHAMBURG1252 IHAMBURG1462 INORDERS98 IHAMBURG258 IHAMBURG1823 IHAMBURG132 IHAMBURG1629 IHAMBURG481 IHAMBURG34 IHAMBURG2009 IHAMBURG1220 IHAMBURG938 IHAMBURG1940 IHAMBURG1374 IHAMBURG914 IHHEINLA2 IHAMBURG222 IHAMBURG935 IHAMBURG1128 IWENTORF21 IHHWINTE2 IHAMBURG1028 IHAMBURG1264 IHAMBURG268 IHAMBURG175 IHAMBURG1976 IHAMBURG1526 IHAMBURG376 IHAMBURG1266 IHAMBURG1478 IHAMBURG252 IHAMBURG2048 IHAMBURG1697 IHAMBURG1092 IHHHOHEN2 IHAMBURG1074 IHAMBURG630 IHAMBURG1248 IHAMBURG60 IHAMBURG316 IHAMBURG204 IHAMBURG537 IHAMBURG662 IHAMBURG1056 IHHSTEIN2 IHAMBURG1735 IBARSBTT22 IHAMBURG206 IHAMBURG2062 IHHLURUP2 IHAMBURG1974 IHAMBURG1504 IHAMBURG1194 IHAMBURG216 IHAMBURG774 IHAMBURG20 IHAMBURG410 IHAMBURG49 IHAMBURG155 IHAMBURG768 IHAMBURG44 IHAMBURG2039 IHAMBURG805 IHAMBURG1082 IHAMBURG969 IHHRAHLS3 IWINSENL6 IHAMBURG195 IHHHOHEN3 IHAMBURG360 IHAMBURG1779 IHAMBURG875 IHAMBURG308 IHHALSTE2 IHAMBURG93 IHAMBURG214 IHAMBURG1508 IHAMBURG342 IHAMBURG487 IHAMBURG1188 IHAMBURG1052 IHAMBURG1759 IHHOHMOO2 IHAMBURG1234 IHAMBURG1753 ISEEVETA49 IHAMBURG797 IHAMBURG1811 IHAMBURG1044 IHAMBURG1214 INORDERS16 IHAMBURG144 IHAMBURG274 IHAMBURG646 IHAMBURG1945 IHAMBURG1635 IHAMBURG1150 IHAMBURG648 IHAMBURG760 IHAMBURG1785 IHAMBURG290 IHAMBURG2042 IHHWELLI2 IHAMBURG398 IHAMBURG340 IHAMBURG146 IHAMBURG1204 IHAMBURG640 IHAMBURG2088 IHAMBURG1058 IHAMBURG1379 IHAMBURG1172 IHHSASEL2 IHAMBURG1799 IHAMBURG1645 IHAMBURG237 IHAMBURG215 IHAMBURG159 IHHBARMB5 IHAMBURG42 IHAMBURG1270 IHAMBURG149 IHAMBURG1282 IHAMBURG1302 IHHTREUD3 IHAMBURG224 IHAMBURG2031 IHAMBURG336 IHAMBURG1942 IHAMBURG256 IHAMBURG1314 IHAMBURG2073 IHAMBURG1370 IHAMBURG567 IHAMBURG286 IHAMBURG2016 IHHSCHNE4 IHAMBURG242 IHAMBURG1436 IHAMBURG1832 IHAMBURG84 IHAMBURG261 IHAMBURG787 IHAMBURG153 IHAMBURG1230 IHAMBURG1180 IHAMBURG1995 IHHKIRCH2 IHAMBURG53 IHAMBURG1346 IHAMBURG269 IHAMBURG1470 IHAMBURG375 IHAMBURG406 IHAMBURG150 IHAMBURG1377 IHAMBURG352 IHAMBURG113 IHAMBURG1841 IHAMBURG452 IHAMBURG604 IHHMARIE2 IHAMBURG239 IHAMBURG1134 IHAMBURG851 IHAMBURG131 IHAMBURG1124 IHHMEIEN2 INORDERS21 IHAMBURG2018 IHAMBURG1411 IWEDEL8 IHAMBURG423 IHAMBURG751 IHAMBURG1815 IHHMARIE5 IHAMBURG1819 IHAMBURG778 IHAMBURG565 IHAMBURG592 IHAMBURG1864 IHAMBURG711 IHAMBURG988 IHAMBURG251 IHAMBURG1933 IHAMBURG1166 IHAMBURG812 IHAMBURG92 IHAMBURG715 IHAMBURG2041 IHAMBURG162 IHAMBURG741 IHAMBURG2004 IHAMBURG499 IBORNSEN2 IHAMBURG1586 IHAMBURG2085 IHAMBURG1946 IHAMBURG123 IHHFUHLS2 IHAMBURG200 IHAMBURG417 IHHHINSC2 IHAMBURG1198 IHAMBURG1614 IHAMBURG104 IHAMBURG1084 IHAMBURG2026 IHAMBURG233 IHAMBURG1036 IHAMBURG1910 IHAMBURG1284 ISCHENEF11 IHAMBURG1953 IHAMBURG2052 IHAMBURG128 IAHRENSB13 IHAMBURG1923 IHAMBURG527 IHAMBURG262 IHAMBURG254 IHAMBURG230 IHAMBURG163 IHAMBURG723 IHHGROSS2 IHAMBURG1372 IHAMBURG620 IHAMBURG1492 IHORN16 IHHMARIE4 IHAMBURG910 IHAMBURG1699 IHAMBURG10 IHHOSDOR2 IHAMBURG2013 IHHWANDS2 IHAMBURG594 IHAMBURG250 IHAMBURG1144 IHAMBURG540 IHAMBURG184 IHAMBURG140 IHAMBURG183 IHAMBURG626 IHAMBURG1002 IHAMBURG2076 IHHHINSC3 IHAMBURG963 IHAMBURG974 IHAMBURG333 IHAMBURG1186 IHAMBURG394 IHHWILHE2 IHAMBURG497 IHAMBURG2081 IHHLANGE3 IHAMBURG1843 IHHCURSL2 IHAMBURG446 IHAMBURG32 IHAMBURG1986 IHAMBURG654 IHAMBURG46 IHAMBURG456 IHHSCHNE2 IHAMBURG354 IHAMBURG431 IHAMBURG1890 IHAMBURG199 IHAMBURG998 IHAMBURG1154 IHAMBURG2010 IHHHELLB2 IHHFARMS3 IHAMBURG164 IHAMBURG1982 IHAMBURG867 IHAMBURG427 IHAMBURG1600 IHHSCHNE3 IHAMBURG1158 IHAMBURG1216 IHAMBURG1202 IHAMBURG1675 IHAMBURG270 IHAMBURG198 IHAMBURG1116 IHAMBURG454 IHHOTTEN2 IHAMBURG1106 IHAMBURG600 IHAMBURG1360 IHAMBURG404 IHAMBURG367 IHAMBURG1929 IHAMBURG1952 IHAMBURG951 INORDERS5 IHAMBURG508 IHAMBURG1336 IHAMBURG1916 IHAMBURG1098 IHAMBURG2070 IHAMBURG1860 IHAMBURG1484 IHAMBURG1428 IHAMBURG1114 IHAMBURG1184 IHHEIDEL5 IHAMBURG1421 IHAMBURG1015 IHHNEUGR2 IHAMBURG98 IHAMBURG1064 IHAMBURG1631 IHAMBURG2065 IHAMBURG1244 IHAMBURG47 IHAMBURG1639 IHAMBURG1088 IHAMBURG1915 IHAMBURG260 IHAMBURG1920 IHAMBURG900 IHAMBURG1830 IHAMBURG89 IHAMBURG2069 IHAMBURG638 IHAMBURG656 IHAMBURG731 IHAMBURG1208 IHHHELLB3 IHAMBURG57 IHAMBURG205 IHAMBURG1988 IHAMBURG402 IHHSINST2 IHAMBURG1791 IHHNEUBO3 IHAMBURG1256 IHAMBURG684 IHAMBURG2000 IHAMBURG1391 IHAMBURG1602 IHAMBURG1296 IHAMBURG170 IHAMBURG1773 IHAMBURG1922 IHAMBURG436 IHAMBURG280 IHAMBURG292 IHAMBURG243 IHAMBURG1502 IHAMBURG1182 IHAMBURG1427 IHAMBURG1950 IHAMBURG1086 IHAMBURG762 IHAMBURG660 IHHWINTE4 IHAMBURG1350 IHAMBURG1316 IHAMBURG1164 IHAMBURG1789 IHHFUHLS3 IHAMBURG1620 IHAMBURG400 IHAMBURG1845 IHAMBURG56 IHAMBURG971 IHAMBURG1755 IHAMBURG887 IHAMBURG50 IHAMBURG1989 IHAMBURG664 IHAMBURG329 IHAMBURG1464 IHAMBURG707 IHAMBURG190 IHAMBURG172 IHAMBURG2006 IHAMBURG1918 IHAMBURG390 IHAMBURG1616 IHAMBURG514 IHAMBURG1795 IHAMBURG353 IHAMBURG1538 IHAMBURG1990 ISANKTUR5 IHAMBURG1136 IHAMBURG1368 IHAMBURG41 IHAMBURG1671 IHAMBURG168 IHAMBURG90 ILBHOOPT2 IHAMBURG285 IHAMBURG1102 IHHHAMBU2
2017-09-23 16:24:47,674 DEBUG done: 0.000 percent
2017-09-23 16:36:56,211 DEBUG done: 13.661 percent
2017-09-23 16:48:45,826 DEBUG done: 27.322 percent
2017-09-23 17:01:00,612 DEBUG done: 40.984 percent
2017-09-23 17:13:05,812 DEBUG done: 54.645 percent
2017-09-23 17:25:59,969 DEBUG done: 68.306 percent
2017-09-23 17:39:32,933 DEBUG done: 81.967 percent
2017-09-23 17:53:25,370 DEBUG done: 95.628 percent
2017-09-23 17:57:57,694 INFO max_all     4.505 n=1420
2017-09-23 17:57:57,694 INFO min_cn3     1.219 n=1420
2017-09-23 17:57:57,694 INFO idw_p3_cn5  1.300 n=1420
2017-09-23 17:57:57,695 INFO idw_p3_cn3  1.274 n=1420
2017-09-23 17:57:57,695 INFO max_cn3     1.410 n=1420
2017-09-23 17:57:57,695 INFO median_all  1.902 n=1420
2017-09-23 17:57:57,695 INFO idw_p2_cn3  1.279 n=1420
2017-09-23 17:57:57,695 INFO idw_p2_all  1.751 n=1420
2017-09-23 17:57:57,695 INFO mean_cn5    1.425 n=1420
2017-09-23 17:57:57,695 INFO mean_all    1.914 n=1420
2017-09-23 17:57:57,695 INFO idw_p4_all  1.739 n=1420
2017-09-23 17:57:57,695 INFO min_all     0.969 n=1420
2017-09-23 17:57:57,695 INFO median_cn3  1.265 n=1420
2017-09-23 17:57:57,695 INFO idw_p1_cn3  1.287 n=1420
2017-09-23 17:57:57,695 INFO idw_p1_cn5  1.306 n=1420
2017-09-23 17:57:57,695 INFO idw_p4_cn3  1.270 n=1420
2017-09-23 17:57:57,695 INFO idw_p4_cn5  1.295 n=1420
2017-09-23 17:57:57,695 INFO median_cn5  1.266 n=1420
2017-09-23 17:57:57,695 INFO idw_p2_cn5  1.304 n=1420
2017-09-23 17:57:57,695 INFO idw_p1_all  1.881 n=1420
2017-09-23 17:57:57,696 INFO mean_cn3    1.284 n=1420
2017-09-23 17:57:57,696 INFO max_cn5     2.319 n=1420
2017-09-23 17:57:57,696 INFO min_cn5     1.148 n=1420
2017-09-23 17:57:57,696 INFO idw_p3_all  1.742 n=1420
2017-09-23 17:57:57,696 INFO end method list
2017-09-23 17:57:57,700 INFO interpolate for RIM
2017-09-23 17:57:57,700 INFO currently at 5 out of 10
2017-09-23 17:57:57,700 INFO use IHAMBURG267 IHHRISSE2 IHAMBURG82 IHAMBURG1200 IHAMBURG2034 IHAMBURG373 IHAMBURG1977 IHAMBURG2045 IHAMBURG2011 IHHHAMBU4 IHAMBURG189 IHAMBURG1118 IHAMBURG471 IHAMBURG2075 IHAMBURG1494 IHAMBURG1308 IHAMBURG1300 IHAMBURG1512 ISEEVETA78 IHAMBURG152 IHAMBURG276 IHAMBURG1998 IOSTSTEI3 IHAMBURG699 IHAMBURG460 IHAMBURG2025 IHHKLEIN2 IHAMBURG803 IHAMBURG789 IHHEIDEL2 IHAMBURG598 IHAMBURG550 IHAMBURG2080 IHAMBURG1342 IHAMBURG2043 IHAMBURG81 IHAMBURG1076 IHAMBURG68 IHAMBURG61 IHHMARIE3 IHAMBURG719 IHAMBURG844 IHAMBURG2030 IHAMBURG1252 IHAMBURG1462 INORDERS98 IHAMBURG258 IHAMBURG1823 IHAMBURG132 IHAMBURG1629 IHAMBURG481 IHAMBURG34 IHAMBURG2009 IHAMBURG1220 IHAMBURG938 IHAMBURG1940 IHAMBURG1374 IHAMBURG914 IHHEINLA2 IHAMBURG222 IHAMBURG935 IHAMBURG1128 IWENTORF21 IHHWINTE2 IHAMBURG1028 IHAMBURG1264 IHAMBURG268 IHAMBURG175 IHAMBURG1976 IHAMBURG1526 IHAMBURG376 IHAMBURG1266 IHAMBURG1478 IHAMBURG252 IHAMBURG2048 IHAMBURG1697 IHAMBURG1092 IHHHOHEN2 IHAMBURG1074 IHAMBURG630 IHAMBURG1248 IHAMBURG60 IHAMBURG316 IHAMBURG204 IHAMBURG537 IHAMBURG662 IHAMBURG1056 IHHSTEIN2 IHAMBURG1735 IBARSBTT22 IHAMBURG206 IHAMBURG2062 IHHLURUP2 IHAMBURG1974 IHAMBURG1504 IHAMBURG1194 IHAMBURG216 IHAMBURG774 IHAMBURG20 IHAMBURG410 IHAMBURG49 IHAMBURG155 IHAMBURG768 IHAMBURG44 IHAMBURG2039 IHAMBURG805 IHAMBURG1082 IHAMBURG969 IHHRAHLS3 IWINSENL6 IHAMBURG195 IHHHOHEN3 IHAMBURG360 IHAMBURG1779 IHAMBURG875 IHAMBURG308 IHHALSTE2 IHAMBURG93 IHAMBURG214 IHAMBURG1508 IHAMBURG342 IHAMBURG487 IHAMBURG1188 IHAMBURG1052 IHAMBURG1759 IHHOHMOO2 IHAMBURG1234 IHAMBURG1753 ISEEVETA49 IHAMBURG797 IHAMBURG1811 IHAMBURG1044 IHAMBURG1214 INORDERS16 IHAMBURG144 IHAMBURG274 IHAMBURG646 IHAMBURG1945 IHAMBURG1635 IHAMBURG1150 IHAMBURG648 IHAMBURG760 IHAMBURG1785 IHAMBURG290 IHAMBURG2042 IHHWELLI2 IHAMBURG398 IHAMBURG340 IHAMBURG146 IHAMBURG1204 IHAMBURG640 IHAMBURG2088 IHAMBURG1058 IHAMBURG1379 IHAMBURG1172 IHHSASEL2 IHAMBURG1799 IHAMBURG1645 IHAMBURG237 IHAMBURG215 IHAMBURG159 IHHBARMB5 IHAMBURG42 IHAMBURG1270 IHAMBURG149 IHAMBURG1282 IHAMBURG1302 IHHTREUD3 IHAMBURG224 IHAMBURG2031 IHAMBURG336 IHAMBURG1942 IHAMBURG256 IHAMBURG1314 IHAMBURG2073 IHAMBURG1370 IHAMBURG567 IHAMBURG286 IHAMBURG2016 IHHSCHNE4 IHAMBURG242 IHAMBURG1436 IHAMBURG1832 IHAMBURG84 IHAMBURG261 IHAMBURG787 IHAMBURG153 IHAMBURG1230 IHAMBURG1180 IHAMBURG1995 IHHKIRCH2 IHAMBURG53 IHAMBURG1346 IHAMBURG269 IHAMBURG1470 IHAMBURG375 IHAMBURG406 IHAMBURG150 IHAMBURG1377 IHAMBURG352 IHAMBURG113 IHAMBURG1841 IHAMBURG452 IHAMBURG604 IHHMARIE2 IHAMBURG239 IHAMBURG1134 IHAMBURG851 IHAMBURG131 IHAMBURG1124 IHHMEIEN2 INORDERS21 IHAMBURG2018 IHAMBURG1411 IWEDEL8 IHAMBURG423 IHAMBURG751 IHAMBURG1815 IHHMARIE5 IHAMBURG1819 IHAMBURG778 IHAMBURG565 IHAMBURG592 IHAMBURG1864 IHAMBURG711 IHAMBURG988 IHAMBURG251 IHAMBURG1933 IHAMBURG1166 IHAMBURG812 IHAMBURG92 IHAMBURG715 IHAMBURG2041 IHAMBURG162 IHAMBURG741 IHAMBURG2004 IHAMBURG499 IBORNSEN2 IHAMBURG1586 IHAMBURG2085 IHAMBURG1946 IHAMBURG123 IHHFUHLS2 IHAMBURG200 IHAMBURG417 IHHHINSC2 IHAMBURG1198 IHAMBURG1614 IHAMBURG104 IHAMBURG1084 IHAMBURG2026 IHAMBURG233 IHAMBURG1036 IHAMBURG1910 IHAMBURG1284 ISCHENEF11 IHAMBURG1953 IHAMBURG2052 IHAMBURG128 IAHRENSB13 IHAMBURG1923 IHAMBURG527 IHAMBURG262 IHAMBURG254 IHAMBURG230 IHAMBURG163 IHAMBURG723 IHHGROSS2 IHAMBURG1372 IHAMBURG620 IHAMBURG1492 IHORN16 IHHMARIE4 IHAMBURG910 IHAMBURG1699 IHAMBURG10 IHHOSDOR2 IHAMBURG2013 IHHWANDS2 IHAMBURG594 IHAMBURG250 IHAMBURG1144 IHAMBURG540 IHAMBURG184 IHAMBURG140 IHAMBURG183 IHAMBURG626 IHAMBURG1002 IHAMBURG2076 IHHHINSC3 IHAMBURG963 IHAMBURG974 IHAMBURG333 IHAMBURG1186 IHAMBURG394 IHHWILHE2 IHAMBURG497 IHAMBURG2081 IHHLANGE3 IHAMBURG1843 IHHCURSL2 IHAMBURG446 IHAMBURG32 IHAMBURG1986 IHAMBURG654 IHAMBURG46 IHAMBURG456 IHHSCHNE2 IHAMBURG354 IHAMBURG431 IHAMBURG1890 IHAMBURG199 IHAMBURG998 IHAMBURG1154 IHAMBURG2010 IHHHELLB2 IHHFARMS3 IHAMBURG164 IHAMBURG1982 IHAMBURG867 IHAMBURG427 IHAMBURG1600 IHHSCHNE3 IHAMBURG1158 IHAMBURG1216 IHAMBURG1202 IHAMBURG1675 IHAMBURG270 IHAMBURG198 IHAMBURG1116 IHAMBURG454 IHHOTTEN2 IHAMBURG1106 IHAMBURG600 IHAMBURG1360 IHAMBURG404 IHAMBURG367 IHAMBURG1929 IHAMBURG1952 IHAMBURG951 INORDERS5 IHAMBURG508 IHAMBURG1336 IHAMBURG1916 IHAMBURG1098 IHAMBURG2070 IHAMBURG1860 IHAMBURG1484 IHAMBURG1428 IHAMBURG1114 IHAMBURG1184 IHHEIDEL5 IHAMBURG1421 IHAMBURG1015 IHHNEUGR2 IHAMBURG98 IHAMBURG1064 IHAMBURG1631 IHAMBURG2065 IHAMBURG1244 IHAMBURG47 IHAMBURG1639 IHAMBURG1088 IHAMBURG1915 IHAMBURG260 IHAMBURG1920 IHAMBURG900 IHAMBURG1830 IHAMBURG89 IHAMBURG2069 IHAMBURG638 IHAMBURG656 IHAMBURG731 IHAMBURG1208 IHHHELLB3 IHAMBURG57 IHAMBURG205 IHAMBURG1988 IHAMBURG402 IHHSINST2 IHAMBURG1791 IHHNEUBO3 IHAMBURG1256 IHAMBURG684 IHAMBURG2000 IHAMBURG1391 IHAMBURG1602 IHAMBURG1296 IHAMBURG170 IHAMBURG1773 IHAMBURG1922 IHAMBURG436 IHAMBURG280 IHAMBURG292 IHAMBURG243 IHAMBURG1502 IHAMBURG1182 IHAMBURG1427 IHAMBURG1950 IHAMBURG1086 IHAMBURG762 IHAMBURG660 IHHWINTE4 IHAMBURG1350 IHAMBURG1316 IHAMBURG1164 IHAMBURG1789 IHHFUHLS3 IHAMBURG1620 IHAMBURG400 IHAMBURG1845 IHAMBURG56 IHAMBURG971 IHAMBURG1755 IHAMBURG887 IHAMBURG50 IHAMBURG1989 IHAMBURG664 IHAMBURG329 IHAMBURG1464 IHAMBURG707 IHAMBURG190 IHAMBURG172 IHAMBURG2006 IHAMBURG1918 IHAMBURG390 IHAMBURG1616 IHAMBURG514 IHAMBURG1795 IHAMBURG353 IHAMBURG1538 IHAMBURG1990 ISANKTUR5 IHAMBURG1136 IHAMBURG1368 IHAMBURG41 IHAMBURG1671 IHAMBURG168 IHAMBURG90 ILBHOOPT2 IHAMBURG285 IHAMBURG1102 IHHHAMBU2
2017-09-23 17:58:01,185 DEBUG done: 0.000 percent
2017-09-23 18:10:06,857 DEBUG done: 13.661 percent
2017-09-23 18:22:02,408 DEBUG done: 27.322 percent
2017-09-23 18:34:32,176 DEBUG done: 40.984 percent
2017-09-23 18:46:42,650 DEBUG done: 54.645 percent
2017-09-23 18:59:38,671 DEBUG done: 68.306 percent
2017-09-23 19:13:14,403 DEBUG done: 81.967 percent
2017-09-23 19:27:10,263 DEBUG done: 95.628 percent
2017-09-23 19:31:50,428 INFO max_all     4.270 n=1460
2017-09-23 19:31:50,429 INFO min_cn3     1.452 n=1460
2017-09-23 19:31:50,429 INFO idw_p3_cn5  1.612 n=1460
2017-09-23 19:31:50,429 INFO idw_p3_cn3  1.481 n=1460
2017-09-23 19:31:50,429 INFO max_cn3     1.532 n=1460
2017-09-23 19:31:50,429 INFO median_all  1.659 n=1460
2017-09-23 19:31:50,429 INFO idw_p2_cn3  1.479 n=1460
2017-09-23 19:31:50,429 INFO idw_p2_all  1.727 n=1460
2017-09-23 19:31:50,429 INFO mean_cn5    1.567 n=1460
2017-09-23 19:31:50,429 INFO mean_all    1.678 n=1460
2017-09-23 19:31:50,429 INFO idw_p4_all  1.709 n=1460
2017-09-23 19:31:50,429 INFO min_all     1.187 n=1460
2017-09-23 19:31:50,429 INFO median_cn3  1.484 n=1460
2017-09-23 19:31:50,429 INFO idw_p1_cn3  1.475 n=1460
2017-09-23 19:31:50,430 INFO idw_p1_cn5  1.554 n=1460
2017-09-23 19:31:50,430 INFO idw_p4_cn3  1.482 n=1460
2017-09-23 19:31:50,430 INFO idw_p4_cn5  1.621 n=1460
2017-09-23 19:31:50,430 INFO median_cn5  1.516 n=1460
2017-09-23 19:31:50,430 INFO idw_p2_cn5  1.593 n=1460
2017-09-23 19:31:50,430 INFO idw_p1_all  1.705 n=1460
2017-09-23 19:31:50,430 INFO mean_cn3    1.483 n=1460
2017-09-23 19:31:50,430 INFO max_cn5     1.964 n=1460
2017-09-23 19:31:50,430 INFO min_cn5     1.389 n=1460
2017-09-23 19:31:50,430 INFO idw_p3_all  1.729 n=1460
2017-09-23 19:31:50,430 INFO end method list
2017-09-23 19:31:50,434 INFO interpolate for SGM
2017-09-23 19:31:50,435 INFO currently at 6 out of 10
2017-09-23 19:31:50,435 INFO use IHAMBURG267 IHHRISSE2 IHAMBURG82 IHAMBURG1200 IHAMBURG2034 IHAMBURG373 IHAMBURG1977 IHAMBURG2045 IHAMBURG2011 IHHHAMBU4 IHAMBURG189 IHAMBURG1118 IHAMBURG471 IHAMBURG2075 IHAMBURG1494 IHAMBURG1308 IHAMBURG1300 IHAMBURG1512 ISEEVETA78 IHAMBURG152 IHAMBURG276 IHAMBURG1998 IOSTSTEI3 IHAMBURG699 IHAMBURG460 IHAMBURG2025 IHHKLEIN2 IHAMBURG803 IHAMBURG789 IHHEIDEL2 IHAMBURG598 IHAMBURG550 IHAMBURG2080 IHAMBURG1342 IHAMBURG2043 IHAMBURG81 IHAMBURG1076 IHAMBURG68 IHAMBURG61 IHHMARIE3 IHAMBURG719 IHAMBURG844 IHAMBURG2030 IHAMBURG1252 IHAMBURG1462 INORDERS98 IHAMBURG258 IHAMBURG1823 IHAMBURG132 IHAMBURG1629 IHAMBURG481 IHAMBURG34 IHAMBURG2009 IHAMBURG1220 IHAMBURG938 IHAMBURG1940 IHAMBURG1374 IHAMBURG914 IHHEINLA2 IHAMBURG222 IHAMBURG935 IHAMBURG1128 IWENTORF21 IHHWINTE2 IHAMBURG1028 IHAMBURG1264 IHAMBURG268 IHAMBURG175 IHAMBURG1976 IHAMBURG1526 IHAMBURG376 IHAMBURG1266 IHAMBURG1478 IHAMBURG252 IHAMBURG2048 IHAMBURG1697 IHAMBURG1092 IHHHOHEN2 IHAMBURG1074 IHAMBURG630 IHAMBURG1248 IHAMBURG60 IHAMBURG316 IHAMBURG204 IHAMBURG537 IHAMBURG662 IHAMBURG1056 IHHSTEIN2 IHAMBURG1735 IBARSBTT22 IHAMBURG206 IHAMBURG2062 IHHLURUP2 IHAMBURG1974 IHAMBURG1504 IHAMBURG1194 IHAMBURG216 IHAMBURG774 IHAMBURG20 IHAMBURG410 IHAMBURG49 IHAMBURG155 IHAMBURG768 IHAMBURG44 IHAMBURG2039 IHAMBURG805 IHAMBURG1082 IHAMBURG969 IHHRAHLS3 IWINSENL6 IHAMBURG195 IHHHOHEN3 IHAMBURG360 IHAMBURG1779 IHAMBURG875 IHAMBURG308 IHHALSTE2 IHAMBURG93 IHAMBURG214 IHAMBURG1508 IHAMBURG342 IHAMBURG487 IHAMBURG1188 IHAMBURG1052 IHAMBURG1759 IHHOHMOO2 IHAMBURG1234 IHAMBURG1753 ISEEVETA49 IHAMBURG797 IHAMBURG1811 IHAMBURG1044 IHAMBURG1214 INORDERS16 IHAMBURG144 IHAMBURG274 IHAMBURG646 IHAMBURG1945 IHAMBURG1635 IHAMBURG1150 IHAMBURG648 IHAMBURG760 IHAMBURG1785 IHAMBURG290 IHAMBURG2042 IHHWELLI2 IHAMBURG398 IHAMBURG340 IHAMBURG146 IHAMBURG1204 IHAMBURG640 IHAMBURG2088 IHAMBURG1058 IHAMBURG1379 IHAMBURG1172 IHHSASEL2 IHAMBURG1799 IHAMBURG1645 IHAMBURG237 IHAMBURG215 IHAMBURG159 IHHBARMB5 IHAMBURG42 IHAMBURG1270 IHAMBURG149 IHAMBURG1282 IHAMBURG1302 IHHTREUD3 IHAMBURG224 IHAMBURG2031 IHAMBURG336 IHAMBURG1942 IHAMBURG256 IHAMBURG1314 IHAMBURG2073 IHAMBURG1370 IHAMBURG567 IHAMBURG286 IHAMBURG2016 IHHSCHNE4 IHAMBURG242 IHAMBURG1436 IHAMBURG1832 IHAMBURG84 IHAMBURG261 IHAMBURG787 IHAMBURG153 IHAMBURG1230 IHAMBURG1180 IHAMBURG1995 IHHKIRCH2 IHAMBURG53 IHAMBURG1346 IHAMBURG269 IHAMBURG1470 IHAMBURG375 IHAMBURG406 IHAMBURG150 IHAMBURG1377 IHAMBURG352 IHAMBURG113 IHAMBURG1841 IHAMBURG452 IHAMBURG604 IHHMARIE2 IHAMBURG239 IHAMBURG1134 IHAMBURG851 IHAMBURG131 IHAMBURG1124 IHHMEIEN2 INORDERS21 IHAMBURG2018 IHAMBURG1411 IWEDEL8 IHAMBURG423 IHAMBURG751 IHAMBURG1815 IHHMARIE5 IHAMBURG1819 IHAMBURG778 IHAMBURG565 IHAMBURG592 IHAMBURG1864 IHAMBURG711 IHAMBURG988 IHAMBURG251 IHAMBURG1933 IHAMBURG1166 IHAMBURG812 IHAMBURG92 IHAMBURG715 IHAMBURG2041 IHAMBURG162 IHAMBURG741 IHAMBURG2004 IHAMBURG499 IBORNSEN2 IHAMBURG1586 IHAMBURG2085 IHAMBURG1946 IHAMBURG123 IHHFUHLS2 IHAMBURG200 IHAMBURG417 IHHHINSC2 IHAMBURG1198 IHAMBURG1614 IHAMBURG104 IHAMBURG1084 IHAMBURG2026 IHAMBURG233 IHAMBURG1036 IHAMBURG1910 IHAMBURG1284 ISCHENEF11 IHAMBURG1953 IHAMBURG2052 IHAMBURG128 IAHRENSB13 IHAMBURG1923 IHAMBURG527 IHAMBURG262 IHAMBURG254 IHAMBURG230 IHAMBURG163 IHAMBURG723 IHHGROSS2 IHAMBURG1372 IHAMBURG620 IHAMBURG1492 IHORN16 IHHMARIE4 IHAMBURG910 IHAMBURG1699 IHAMBURG10 IHHOSDOR2 IHAMBURG2013 IHHWANDS2 IHAMBURG594 IHAMBURG250 IHAMBURG1144 IHAMBURG540 IHAMBURG184 IHAMBURG140 IHAMBURG183 IHAMBURG626 IHAMBURG1002 IHAMBURG2076 IHHHINSC3 IHAMBURG963 IHAMBURG974 IHAMBURG333 IHAMBURG1186 IHAMBURG394 IHHWILHE2 IHAMBURG497 IHAMBURG2081 IHHLANGE3 IHAMBURG1843 IHHCURSL2 IHAMBURG446 IHAMBURG32 IHAMBURG1986 IHAMBURG654 IHAMBURG46 IHAMBURG456 IHHSCHNE2 IHAMBURG354 IHAMBURG431 IHAMBURG1890 IHAMBURG199 IHAMBURG998 IHAMBURG1154 IHAMBURG2010 IHHHELLB2 IHHFARMS3 IHAMBURG164 IHAMBURG1982 IHAMBURG867 IHAMBURG427 IHAMBURG1600 IHHSCHNE3 IHAMBURG1158 IHAMBURG1216 IHAMBURG1202 IHAMBURG1675 IHAMBURG270 IHAMBURG198 IHAMBURG1116 IHAMBURG454 IHHOTTEN2 IHAMBURG1106 IHAMBURG600 IHAMBURG1360 IHAMBURG404 IHAMBURG367 IHAMBURG1929 IHAMBURG1952 IHAMBURG951 INORDERS5 IHAMBURG508 IHAMBURG1336 IHAMBURG1916 IHAMBURG1098 IHAMBURG2070 IHAMBURG1860 IHAMBURG1484 IHAMBURG1428 IHAMBURG1114 IHAMBURG1184 IHHEIDEL5 IHAMBURG1421 IHAMBURG1015 IHHNEUGR2 IHAMBURG98 IHAMBURG1064 IHAMBURG1631 IHAMBURG2065 IHAMBURG1244 IHAMBURG47 IHAMBURG1639 IHAMBURG1088 IHAMBURG1915 IHAMBURG260 IHAMBURG1920 IHAMBURG900 IHAMBURG1830 IHAMBURG89 IHAMBURG2069 IHAMBURG638 IHAMBURG656 IHAMBURG731 IHAMBURG1208 IHHHELLB3 IHAMBURG57 IHAMBURG205 IHAMBURG1988 IHAMBURG402 IHHSINST2 IHAMBURG1791 IHHNEUBO3 IHAMBURG1256 IHAMBURG684 IHAMBURG2000 IHAMBURG1391 IHAMBURG1602 IHAMBURG1296 IHAMBURG170 IHAMBURG1773 IHAMBURG1922 IHAMBURG436 IHAMBURG280 IHAMBURG292 IHAMBURG243 IHAMBURG1502 IHAMBURG1182 IHAMBURG1427 IHAMBURG1950 IHAMBURG1086 IHAMBURG762 IHAMBURG660 IHHWINTE4 IHAMBURG1350 IHAMBURG1316 IHAMBURG1164 IHAMBURG1789 IHHFUHLS3 IHAMBURG1620 IHAMBURG400 IHAMBURG1845 IHAMBURG56 IHAMBURG971 IHAMBURG1755 IHAMBURG887 IHAMBURG50 IHAMBURG1989 IHAMBURG664 IHAMBURG329 IHAMBURG1464 IHAMBURG707 IHAMBURG190 IHAMBURG172 IHAMBURG2006 IHAMBURG1918 IHAMBURG390 IHAMBURG1616 IHAMBURG514 IHAMBURG1795 IHAMBURG353 IHAMBURG1538 IHAMBURG1990 ISANKTUR5 IHAMBURG1136 IHAMBURG1368 IHAMBURG41 IHAMBURG1671 IHAMBURG168 IHAMBURG90 ILBHOOPT2 IHAMBURG285 IHAMBURG1102 IHHHAMBU2
2017-09-23 19:31:53,969 DEBUG done: 0.000 percent
2017-09-23 19:44:04,190 DEBUG done: 13.661 percent
2017-09-23 19:56:05,360 DEBUG done: 27.322 percent
2017-09-23 20:08:22,536 DEBUG done: 40.984 percent
2017-09-23 20:20:27,733 DEBUG done: 54.645 percent
2017-09-23 20:33:26,664 DEBUG done: 68.306 percent
2017-09-23 20:47:19,911 DEBUG done: 81.967 percent
2017-09-23 21:01:08,750 DEBUG done: 95.628 percent
2017-09-23 21:05:48,128 INFO max_all     4.383 n=1464
2017-09-23 21:05:48,129 INFO min_cn3     1.452 n=1464
2017-09-23 21:05:48,129 INFO idw_p3_cn5  1.950 n=1464
2017-09-23 21:05:48,129 INFO idw_p3_cn3  1.953 n=1464
2017-09-23 21:05:48,129 INFO max_cn3     2.356 n=1464
2017-09-23 21:05:48,129 INFO median_all  1.671 n=1464
2017-09-23 21:05:48,129 INFO idw_p2_cn3  1.943 n=1464
2017-09-23 21:05:48,129 INFO idw_p2_all  1.766 n=1464
2017-09-23 21:05:48,129 INFO mean_cn5    1.856 n=1464
2017-09-23 21:05:48,129 INFO mean_all    1.694 n=1464
2017-09-23 21:05:48,130 INFO idw_p4_all  1.767 n=1464
2017-09-23 21:05:48,130 INFO min_all     1.045 n=1464
2017-09-23 21:05:48,130 INFO median_cn3  1.974 n=1464
2017-09-23 21:05:48,130 INFO idw_p1_cn3  1.925 n=1464
2017-09-23 21:05:48,130 INFO idw_p1_cn5  1.891 n=1464
2017-09-23 21:05:48,130 INFO idw_p4_cn3  1.959 n=1464
2017-09-23 21:05:48,130 INFO idw_p4_cn5  1.957 n=1464
2017-09-23 21:05:48,130 INFO median_cn5  1.867 n=1464
2017-09-23 21:05:48,130 INFO idw_p2_cn5  1.931 n=1464
2017-09-23 21:05:48,130 INFO idw_p1_all  1.730 n=1464
2017-09-23 21:05:48,130 INFO mean_cn3    1.884 n=1464
2017-09-23 21:05:48,130 INFO max_cn5     2.622 n=1464
2017-09-23 21:05:48,130 INFO min_cn5     1.302 n=1464
2017-09-23 21:05:48,130 INFO idw_p3_all  1.781 n=1464
2017-09-23 21:05:48,130 INFO end method list
2017-09-23 21:05:48,134 INFO interpolate for SWM
2017-09-23 21:05:48,134 INFO currently at 7 out of 10
2017-09-23 21:05:48,134 INFO use IHAMBURG267 IHHRISSE2 IHAMBURG82 IHAMBURG1200 IHAMBURG2034 IHAMBURG373 IHAMBURG1977 IHAMBURG2045 IHAMBURG2011 IHHHAMBU4 IHAMBURG189 IHAMBURG1118 IHAMBURG471 IHAMBURG2075 IHAMBURG1494 IHAMBURG1308 IHAMBURG1300 IHAMBURG1512 ISEEVETA78 IHAMBURG152 IHAMBURG276 IHAMBURG1998 IOSTSTEI3 IHAMBURG699 IHAMBURG460 IHAMBURG2025 IHHKLEIN2 IHAMBURG803 IHAMBURG789 IHHEIDEL2 IHAMBURG598 IHAMBURG550 IHAMBURG2080 IHAMBURG1342 IHAMBURG2043 IHAMBURG81 IHAMBURG1076 IHAMBURG68 IHAMBURG61 IHHMARIE3 IHAMBURG719 IHAMBURG844 IHAMBURG2030 IHAMBURG1252 IHAMBURG1462 INORDERS98 IHAMBURG258 IHAMBURG1823 IHAMBURG132 IHAMBURG1629 IHAMBURG481 IHAMBURG34 IHAMBURG2009 IHAMBURG1220 IHAMBURG938 IHAMBURG1940 IHAMBURG1374 IHAMBURG914 IHHEINLA2 IHAMBURG222 IHAMBURG935 IHAMBURG1128 IWENTORF21 IHHWINTE2 IHAMBURG1028 IHAMBURG1264 IHAMBURG268 IHAMBURG175 IHAMBURG1976 IHAMBURG1526 IHAMBURG376 IHAMBURG1266 IHAMBURG1478 IHAMBURG252 IHAMBURG2048 IHAMBURG1697 IHAMBURG1092 IHHHOHEN2 IHAMBURG1074 IHAMBURG630 IHAMBURG1248 IHAMBURG60 IHAMBURG316 IHAMBURG204 IHAMBURG537 IHAMBURG662 IHAMBURG1056 IHHSTEIN2 IHAMBURG1735 IBARSBTT22 IHAMBURG206 IHAMBURG2062 IHHLURUP2 IHAMBURG1974 IHAMBURG1504 IHAMBURG1194 IHAMBURG216 IHAMBURG774 IHAMBURG20 IHAMBURG410 IHAMBURG49 IHAMBURG155 IHAMBURG768 IHAMBURG44 IHAMBURG2039 IHAMBURG805 IHAMBURG1082 IHAMBURG969 IHHRAHLS3 IWINSENL6 IHAMBURG195 IHHHOHEN3 IHAMBURG360 IHAMBURG1779 IHAMBURG875 IHAMBURG308 IHHALSTE2 IHAMBURG93 IHAMBURG214 IHAMBURG1508 IHAMBURG342 IHAMBURG487 IHAMBURG1188 IHAMBURG1052 IHAMBURG1759 IHHOHMOO2 IHAMBURG1234 IHAMBURG1753 ISEEVETA49 IHAMBURG797 IHAMBURG1811 IHAMBURG1044 IHAMBURG1214 INORDERS16 IHAMBURG144 IHAMBURG274 IHAMBURG646 IHAMBURG1945 IHAMBURG1635 IHAMBURG1150 IHAMBURG648 IHAMBURG760 IHAMBURG1785 IHAMBURG290 IHAMBURG2042 IHHWELLI2 IHAMBURG398 IHAMBURG340 IHAMBURG146 IHAMBURG1204 IHAMBURG640 IHAMBURG2088 IHAMBURG1058 IHAMBURG1379 IHAMBURG1172 IHHSASEL2 IHAMBURG1799 IHAMBURG1645 IHAMBURG237 IHAMBURG215 IHAMBURG159 IHHBARMB5 IHAMBURG42 IHAMBURG1270 IHAMBURG149 IHAMBURG1282 IHAMBURG1302 IHHTREUD3 IHAMBURG224 IHAMBURG2031 IHAMBURG336 IHAMBURG1942 IHAMBURG256 IHAMBURG1314 IHAMBURG2073 IHAMBURG1370 IHAMBURG567 IHAMBURG286 IHAMBURG2016 IHHSCHNE4 IHAMBURG242 IHAMBURG1436 IHAMBURG1832 IHAMBURG84 IHAMBURG261 IHAMBURG787 IHAMBURG153 IHAMBURG1230 IHAMBURG1180 IHAMBURG1995 IHHKIRCH2 IHAMBURG53 IHAMBURG1346 IHAMBURG269 IHAMBURG1470 IHAMBURG375 IHAMBURG406 IHAMBURG150 IHAMBURG1377 IHAMBURG352 IHAMBURG113 IHAMBURG1841 IHAMBURG452 IHAMBURG604 IHHMARIE2 IHAMBURG239 IHAMBURG1134 IHAMBURG851 IHAMBURG131 IHAMBURG1124 IHHMEIEN2 INORDERS21 IHAMBURG2018 IHAMBURG1411 IWEDEL8 IHAMBURG423 IHAMBURG751 IHAMBURG1815 IHHMARIE5 IHAMBURG1819 IHAMBURG778 IHAMBURG565 IHAMBURG592 IHAMBURG1864 IHAMBURG711 IHAMBURG988 IHAMBURG251 IHAMBURG1933 IHAMBURG1166 IHAMBURG812 IHAMBURG92 IHAMBURG715 IHAMBURG2041 IHAMBURG162 IHAMBURG741 IHAMBURG2004 IHAMBURG499 IBORNSEN2 IHAMBURG1586 IHAMBURG2085 IHAMBURG1946 IHAMBURG123 IHHFUHLS2 IHAMBURG200 IHAMBURG417 IHHHINSC2 IHAMBURG1198 IHAMBURG1614 IHAMBURG104 IHAMBURG1084 IHAMBURG2026 IHAMBURG233 IHAMBURG1036 IHAMBURG1910 IHAMBURG1284 ISCHENEF11 IHAMBURG1953 IHAMBURG2052 IHAMBURG128 IAHRENSB13 IHAMBURG1923 IHAMBURG527 IHAMBURG262 IHAMBURG254 IHAMBURG230 IHAMBURG163 IHAMBURG723 IHHGROSS2 IHAMBURG1372 IHAMBURG620 IHAMBURG1492 IHORN16 IHHMARIE4 IHAMBURG910 IHAMBURG1699 IHAMBURG10 IHHOSDOR2 IHAMBURG2013 IHHWANDS2 IHAMBURG594 IHAMBURG250 IHAMBURG1144 IHAMBURG540 IHAMBURG184 IHAMBURG140 IHAMBURG183 IHAMBURG626 IHAMBURG1002 IHAMBURG2076 IHHHINSC3 IHAMBURG963 IHAMBURG974 IHAMBURG333 IHAMBURG1186 IHAMBURG394 IHHWILHE2 IHAMBURG497 IHAMBURG2081 IHHLANGE3 IHAMBURG1843 IHHCURSL2 IHAMBURG446 IHAMBURG32 IHAMBURG1986 IHAMBURG654 IHAMBURG46 IHAMBURG456 IHHSCHNE2 IHAMBURG354 IHAMBURG431 IHAMBURG1890 IHAMBURG199 IHAMBURG998 IHAMBURG1154 IHAMBURG2010 IHHHELLB2 IHHFARMS3 IHAMBURG164 IHAMBURG1982 IHAMBURG867 IHAMBURG427 IHAMBURG1600 IHHSCHNE3 IHAMBURG1158 IHAMBURG1216 IHAMBURG1202 IHAMBURG1675 IHAMBURG270 IHAMBURG198 IHAMBURG1116 IHAMBURG454 IHHOTTEN2 IHAMBURG1106 IHAMBURG600 IHAMBURG1360 IHAMBURG404 IHAMBURG367 IHAMBURG1929 IHAMBURG1952 IHAMBURG951 INORDERS5 IHAMBURG508 IHAMBURG1336 IHAMBURG1916 IHAMBURG1098 IHAMBURG2070 IHAMBURG1860 IHAMBURG1484 IHAMBURG1428 IHAMBURG1114 IHAMBURG1184 IHHEIDEL5 IHAMBURG1421 IHAMBURG1015 IHHNEUGR2 IHAMBURG98 IHAMBURG1064 IHAMBURG1631 IHAMBURG2065 IHAMBURG1244 IHAMBURG47 IHAMBURG1639 IHAMBURG1088 IHAMBURG1915 IHAMBURG260 IHAMBURG1920 IHAMBURG900 IHAMBURG1830 IHAMBURG89 IHAMBURG2069 IHAMBURG638 IHAMBURG656 IHAMBURG731 IHAMBURG1208 IHHHELLB3 IHAMBURG57 IHAMBURG205 IHAMBURG1988 IHAMBURG402 IHHSINST2 IHAMBURG1791 IHHNEUBO3 IHAMBURG1256 IHAMBURG684 IHAMBURG2000 IHAMBURG1391 IHAMBURG1602 IHAMBURG1296 IHAMBURG170 IHAMBURG1773 IHAMBURG1922 IHAMBURG436 IHAMBURG280 IHAMBURG292 IHAMBURG243 IHAMBURG1502 IHAMBURG1182 IHAMBURG1427 IHAMBURG1950 IHAMBURG1086 IHAMBURG762 IHAMBURG660 IHHWINTE4 IHAMBURG1350 IHAMBURG1316 IHAMBURG1164 IHAMBURG1789 IHHFUHLS3 IHAMBURG1620 IHAMBURG400 IHAMBURG1845 IHAMBURG56 IHAMBURG971 IHAMBURG1755 IHAMBURG887 IHAMBURG50 IHAMBURG1989 IHAMBURG664 IHAMBURG329 IHAMBURG1464 IHAMBURG707 IHAMBURG190 IHAMBURG172 IHAMBURG2006 IHAMBURG1918 IHAMBURG390 IHAMBURG1616 IHAMBURG514 IHAMBURG1795 IHAMBURG353 IHAMBURG1538 IHAMBURG1990 ISANKTUR5 IHAMBURG1136 IHAMBURG1368 IHAMBURG41 IHAMBURG1671 IHAMBURG168 IHAMBURG90 ILBHOOPT2 IHAMBURG285 IHAMBURG1102 IHHHAMBU2
2017-09-23 21:05:51,660 DEBUG done: 0.000 percent
2017-09-23 21:18:11,186 DEBUG done: 13.661 percent
2017-09-23 21:30:24,732 DEBUG done: 27.322 percent
2017-09-23 21:42:47,727 DEBUG done: 40.984 percent
2017-09-23 21:54:44,551 DEBUG done: 54.645 percent
2017-09-23 22:07:41,326 DEBUG done: 68.306 percent
2017-09-23 22:21:07,275 DEBUG done: 81.967 percent
2017-09-23 22:34:44,358 DEBUG done: 95.628 percent
2017-09-23 22:39:16,009 INFO max_all     4.041 n=1448
2017-09-23 22:39:16,010 INFO min_cn3     1.192 n=1448
2017-09-23 22:39:16,010 INFO idw_p3_cn5  1.544 n=1448
2017-09-23 22:39:16,010 INFO idw_p3_cn3  1.849 n=1448
2017-09-23 22:39:16,010 INFO max_cn3     2.054 n=1448
2017-09-23 22:39:16,010 INFO median_all  1.373 n=1448
2017-09-23 22:39:16,010 INFO idw_p2_cn3  1.829 n=1448
2017-09-23 22:39:16,010 INFO idw_p2_all  1.493 n=1448
2017-09-23 22:39:16,010 INFO mean_cn5    1.586 n=1448
2017-09-23 22:39:16,010 INFO mean_all    1.409 n=1448
2017-09-23 22:39:16,010 INFO idw_p4_all  1.516 n=1448
2017-09-23 22:39:16,010 INFO min_all     1.112 n=1448
2017-09-23 22:39:16,010 INFO median_cn3  1.871 n=1448
2017-09-23 22:39:16,010 INFO idw_p1_cn3  1.759 n=1448
2017-09-23 22:39:16,010 INFO idw_p1_cn5  1.571 n=1448
2017-09-23 22:39:16,010 INFO idw_p4_cn3  1.853 n=1448
2017-09-23 22:39:16,010 INFO idw_p4_cn5  1.531 n=1448
2017-09-23 22:39:16,011 INFO median_cn5  1.620 n=1448
2017-09-23 22:39:16,011 INFO idw_p2_cn5  1.557 n=1448
2017-09-23 22:39:16,011 INFO idw_p1_all  1.447 n=1448
2017-09-23 22:39:16,011 INFO mean_cn3    1.638 n=1448
2017-09-23 22:39:16,011 INFO max_cn5     2.348 n=1448
2017-09-23 22:39:16,011 INFO min_cn5     1.016 n=1448
2017-09-23 22:39:16,011 INFO idw_p3_all  1.519 n=1448
2017-09-23 22:39:16,011 INFO end method list
2017-09-23 22:39:16,015 INFO interpolate for WGM
2017-09-23 22:39:16,015 INFO currently at 8 out of 10
2017-09-23 22:39:16,015 INFO use IHAMBURG267 IHHRISSE2 IHAMBURG82 IHAMBURG1200 IHAMBURG2034 IHAMBURG373 IHAMBURG1977 IHAMBURG2045 IHAMBURG2011 IHHHAMBU4 IHAMBURG189 IHAMBURG1118 IHAMBURG471 IHAMBURG2075 IHAMBURG1494 IHAMBURG1308 IHAMBURG1300 IHAMBURG1512 ISEEVETA78 IHAMBURG152 IHAMBURG276 IHAMBURG1998 IOSTSTEI3 IHAMBURG699 IHAMBURG460 IHAMBURG2025 IHHKLEIN2 IHAMBURG803 IHAMBURG789 IHHEIDEL2 IHAMBURG598 IHAMBURG550 IHAMBURG2080 IHAMBURG1342 IHAMBURG2043 IHAMBURG81 IHAMBURG1076 IHAMBURG68 IHAMBURG61 IHHMARIE3 IHAMBURG719 IHAMBURG844 IHAMBURG2030 IHAMBURG1252 IHAMBURG1462 INORDERS98 IHAMBURG258 IHAMBURG1823 IHAMBURG132 IHAMBURG1629 IHAMBURG481 IHAMBURG34 IHAMBURG2009 IHAMBURG1220 IHAMBURG938 IHAMBURG1940 IHAMBURG1374 IHAMBURG914 IHHEINLA2 IHAMBURG222 IHAMBURG935 IHAMBURG1128 IWENTORF21 IHHWINTE2 IHAMBURG1028 IHAMBURG1264 IHAMBURG268 IHAMBURG175 IHAMBURG1976 IHAMBURG1526 IHAMBURG376 IHAMBURG1266 IHAMBURG1478 IHAMBURG252 IHAMBURG2048 IHAMBURG1697 IHAMBURG1092 IHHHOHEN2 IHAMBURG1074 IHAMBURG630 IHAMBURG1248 IHAMBURG60 IHAMBURG316 IHAMBURG204 IHAMBURG537 IHAMBURG662 IHAMBURG1056 IHHSTEIN2 IHAMBURG1735 IBARSBTT22 IHAMBURG206 IHAMBURG2062 IHHLURUP2 IHAMBURG1974 IHAMBURG1504 IHAMBURG1194 IHAMBURG216 IHAMBURG774 IHAMBURG20 IHAMBURG410 IHAMBURG49 IHAMBURG155 IHAMBURG768 IHAMBURG44 IHAMBURG2039 IHAMBURG805 IHAMBURG1082 IHAMBURG969 IHHRAHLS3 IWINSENL6 IHAMBURG195 IHHHOHEN3 IHAMBURG360 IHAMBURG1779 IHAMBURG875 IHAMBURG308 IHHALSTE2 IHAMBURG93 IHAMBURG214 IHAMBURG1508 IHAMBURG342 IHAMBURG487 IHAMBURG1188 IHAMBURG1052 IHAMBURG1759 IHHOHMOO2 IHAMBURG1234 IHAMBURG1753 ISEEVETA49 IHAMBURG797 IHAMBURG1811 IHAMBURG1044 IHAMBURG1214 INORDERS16 IHAMBURG144 IHAMBURG274 IHAMBURG646 IHAMBURG1945 IHAMBURG1635 IHAMBURG1150 IHAMBURG648 IHAMBURG760 IHAMBURG1785 IHAMBURG290 IHAMBURG2042 IHHWELLI2 IHAMBURG398 IHAMBURG340 IHAMBURG146 IHAMBURG1204 IHAMBURG640 IHAMBURG2088 IHAMBURG1058 IHAMBURG1379 IHAMBURG1172 IHHSASEL2 IHAMBURG1799 IHAMBURG1645 IHAMBURG237 IHAMBURG215 IHAMBURG159 IHHBARMB5 IHAMBURG42 IHAMBURG1270 IHAMBURG149 IHAMBURG1282 IHAMBURG1302 IHHTREUD3 IHAMBURG224 IHAMBURG2031 IHAMBURG336 IHAMBURG1942 IHAMBURG256 IHAMBURG1314 IHAMBURG2073 IHAMBURG1370 IHAMBURG567 IHAMBURG286 IHAMBURG2016 IHHSCHNE4 IHAMBURG242 IHAMBURG1436 IHAMBURG1832 IHAMBURG84 IHAMBURG261 IHAMBURG787 IHAMBURG153 IHAMBURG1230 IHAMBURG1180 IHAMBURG1995 IHHKIRCH2 IHAMBURG53 IHAMBURG1346 IHAMBURG269 IHAMBURG1470 IHAMBURG375 IHAMBURG406 IHAMBURG150 IHAMBURG1377 IHAMBURG352 IHAMBURG113 IHAMBURG1841 IHAMBURG452 IHAMBURG604 IHHMARIE2 IHAMBURG239 IHAMBURG1134 IHAMBURG851 IHAMBURG131 IHAMBURG1124 IHHMEIEN2 INORDERS21 IHAMBURG2018 IHAMBURG1411 IWEDEL8 IHAMBURG423 IHAMBURG751 IHAMBURG1815 IHHMARIE5 IHAMBURG1819 IHAMBURG778 IHAMBURG565 IHAMBURG592 IHAMBURG1864 IHAMBURG711 IHAMBURG988 IHAMBURG251 IHAMBURG1933 IHAMBURG1166 IHAMBURG812 IHAMBURG92 IHAMBURG715 IHAMBURG2041 IHAMBURG162 IHAMBURG741 IHAMBURG2004 IHAMBURG499 IBORNSEN2 IHAMBURG1586 IHAMBURG2085 IHAMBURG1946 IHAMBURG123 IHHFUHLS2 IHAMBURG200 IHAMBURG417 IHHHINSC2 IHAMBURG1198 IHAMBURG1614 IHAMBURG104 IHAMBURG1084 IHAMBURG2026 IHAMBURG233 IHAMBURG1036 IHAMBURG1910 IHAMBURG1284 ISCHENEF11 IHAMBURG1953 IHAMBURG2052 IHAMBURG128 IAHRENSB13 IHAMBURG1923 IHAMBURG527 IHAMBURG262 IHAMBURG254 IHAMBURG230 IHAMBURG163 IHAMBURG723 IHHGROSS2 IHAMBURG1372 IHAMBURG620 IHAMBURG1492 IHORN16 IHHMARIE4 IHAMBURG910 IHAMBURG1699 IHAMBURG10 IHHOSDOR2 IHAMBURG2013 IHHWANDS2 IHAMBURG594 IHAMBURG250 IHAMBURG1144 IHAMBURG540 IHAMBURG184 IHAMBURG140 IHAMBURG183 IHAMBURG626 IHAMBURG1002 IHAMBURG2076 IHHHINSC3 IHAMBURG963 IHAMBURG974 IHAMBURG333 IHAMBURG1186 IHAMBURG394 IHHWILHE2 IHAMBURG497 IHAMBURG2081 IHHLANGE3 IHAMBURG1843 IHHCURSL2 IHAMBURG446 IHAMBURG32 IHAMBURG1986 IHAMBURG654 IHAMBURG46 IHAMBURG456 IHHSCHNE2 IHAMBURG354 IHAMBURG431 IHAMBURG1890 IHAMBURG199 IHAMBURG998 IHAMBURG1154 IHAMBURG2010 IHHHELLB2 IHHFARMS3 IHAMBURG164 IHAMBURG1982 IHAMBURG867 IHAMBURG427 IHAMBURG1600 IHHSCHNE3 IHAMBURG1158 IHAMBURG1216 IHAMBURG1202 IHAMBURG1675 IHAMBURG270 IHAMBURG198 IHAMBURG1116 IHAMBURG454 IHHOTTEN2 IHAMBURG1106 IHAMBURG600 IHAMBURG1360 IHAMBURG404 IHAMBURG367 IHAMBURG1929 IHAMBURG1952 IHAMBURG951 INORDERS5 IHAMBURG508 IHAMBURG1336 IHAMBURG1916 IHAMBURG1098 IHAMBURG2070 IHAMBURG1860 IHAMBURG1484 IHAMBURG1428 IHAMBURG1114 IHAMBURG1184 IHHEIDEL5 IHAMBURG1421 IHAMBURG1015 IHHNEUGR2 IHAMBURG98 IHAMBURG1064 IHAMBURG1631 IHAMBURG2065 IHAMBURG1244 IHAMBURG47 IHAMBURG1639 IHAMBURG1088 IHAMBURG1915 IHAMBURG260 IHAMBURG1920 IHAMBURG900 IHAMBURG1830 IHAMBURG89 IHAMBURG2069 IHAMBURG638 IHAMBURG656 IHAMBURG731 IHAMBURG1208 IHHHELLB3 IHAMBURG57 IHAMBURG205 IHAMBURG1988 IHAMBURG402 IHHSINST2 IHAMBURG1791 IHHNEUBO3 IHAMBURG1256 IHAMBURG684 IHAMBURG2000 IHAMBURG1391 IHAMBURG1602 IHAMBURG1296 IHAMBURG170 IHAMBURG1773 IHAMBURG1922 IHAMBURG436 IHAMBURG280 IHAMBURG292 IHAMBURG243 IHAMBURG1502 IHAMBURG1182 IHAMBURG1427 IHAMBURG1950 IHAMBURG1086 IHAMBURG762 IHAMBURG660 IHHWINTE4 IHAMBURG1350 IHAMBURG1316 IHAMBURG1164 IHAMBURG1789 IHHFUHLS3 IHAMBURG1620 IHAMBURG400 IHAMBURG1845 IHAMBURG56 IHAMBURG971 IHAMBURG1755 IHAMBURG887 IHAMBURG50 IHAMBURG1989 IHAMBURG664 IHAMBURG329 IHAMBURG1464 IHAMBURG707 IHAMBURG190 IHAMBURG172 IHAMBURG2006 IHAMBURG1918 IHAMBURG390 IHAMBURG1616 IHAMBURG514 IHAMBURG1795 IHAMBURG353 IHAMBURG1538 IHAMBURG1990 ISANKTUR5 IHAMBURG1136 IHAMBURG1368 IHAMBURG41 IHAMBURG1671 IHAMBURG168 IHAMBURG90 ILBHOOPT2 IHAMBURG285 IHAMBURG1102 IHHHAMBU2
2017-09-23 22:39:19,598 DEBUG done: 0.000 percent
2017-09-23 22:51:41,059 DEBUG done: 13.661 percent
2017-09-23 23:03:48,553 DEBUG done: 27.322 percent
2017-09-23 23:16:07,371 DEBUG done: 40.984 percent
2017-09-23 23:28:29,552 DEBUG done: 54.645 percent
2017-09-23 23:41:34,706 DEBUG done: 68.306 percent
2017-09-23 23:55:23,828 DEBUG done: 81.967 percent
2017-09-24 00:09:20,002 DEBUG done: 95.628 percent
2017-09-24 00:13:54,651 INFO max_all     3.917 n=1459
2017-09-24 00:13:54,674 INFO min_cn3     1.286 n=1459
2017-09-24 00:13:54,674 INFO idw_p3_cn5  1.817 n=1459
2017-09-24 00:13:54,674 INFO idw_p3_cn3  1.463 n=1459
2017-09-24 00:13:54,674 INFO max_cn3     1.660 n=1459
2017-09-24 00:13:54,674 INFO median_all  1.299 n=1459
2017-09-24 00:13:54,674 INFO idw_p2_cn3  1.460 n=1459
2017-09-24 00:13:54,674 INFO idw_p2_all  1.115 n=1459
2017-09-24 00:13:54,674 INFO mean_cn5    1.589 n=1459
2017-09-24 00:13:54,674 INFO mean_all    1.323 n=1459
2017-09-24 00:13:54,674 INFO idw_p4_all  1.207 n=1459
2017-09-24 00:13:54,674 INFO min_all     1.228 n=1459
2017-09-24 00:13:54,674 INFO median_cn3  1.471 n=1459
2017-09-24 00:13:54,674 INFO idw_p1_cn3  1.456 n=1459
2017-09-24 00:13:54,674 INFO idw_p1_cn5  1.649 n=1459
2017-09-24 00:13:54,674 INFO idw_p4_cn3  1.467 n=1459
2017-09-24 00:13:54,674 INFO idw_p4_cn5  1.834 n=1459
2017-09-24 00:13:54,674 INFO median_cn5  1.519 n=1459
2017-09-24 00:13:54,674 INFO idw_p2_cn5  1.764 n=1459
2017-09-24 00:13:54,675 INFO idw_p1_all  1.190 n=1459
2017-09-24 00:13:54,675 INFO mean_cn3    1.448 n=1459
2017-09-24 00:13:54,675 INFO max_cn5     2.126 n=1459
2017-09-24 00:13:54,675 INFO min_cn5     1.251 n=1459
2017-09-24 00:13:54,675 INFO idw_p3_all  1.164 n=1459
2017-09-24 00:13:54,675 INFO end method list
2017-09-24 00:13:54,679 INFO interpolate for WWM
2017-09-24 00:13:54,679 INFO currently at 9 out of 10
2017-09-24 00:13:54,679 INFO use IHAMBURG267 IHHRISSE2 IHAMBURG82 IHAMBURG1200 IHAMBURG2034 IHAMBURG373 IHAMBURG1977 IHAMBURG2045 IHAMBURG2011 IHHHAMBU4 IHAMBURG189 IHAMBURG1118 IHAMBURG471 IHAMBURG2075 IHAMBURG1494 IHAMBURG1308 IHAMBURG1300 IHAMBURG1512 ISEEVETA78 IHAMBURG152 IHAMBURG276 IHAMBURG1998 IOSTSTEI3 IHAMBURG699 IHAMBURG460 IHAMBURG2025 IHHKLEIN2 IHAMBURG803 IHAMBURG789 IHHEIDEL2 IHAMBURG598 IHAMBURG550 IHAMBURG2080 IHAMBURG1342 IHAMBURG2043 IHAMBURG81 IHAMBURG1076 IHAMBURG68 IHAMBURG61 IHHMARIE3 IHAMBURG719 IHAMBURG844 IHAMBURG2030 IHAMBURG1252 IHAMBURG1462 INORDERS98 IHAMBURG258 IHAMBURG1823 IHAMBURG132 IHAMBURG1629 IHAMBURG481 IHAMBURG34 IHAMBURG2009 IHAMBURG1220 IHAMBURG938 IHAMBURG1940 IHAMBURG1374 IHAMBURG914 IHHEINLA2 IHAMBURG222 IHAMBURG935 IHAMBURG1128 IWENTORF21 IHHWINTE2 IHAMBURG1028 IHAMBURG1264 IHAMBURG268 IHAMBURG175 IHAMBURG1976 IHAMBURG1526 IHAMBURG376 IHAMBURG1266 IHAMBURG1478 IHAMBURG252 IHAMBURG2048 IHAMBURG1697 IHAMBURG1092 IHHHOHEN2 IHAMBURG1074 IHAMBURG630 IHAMBURG1248 IHAMBURG60 IHAMBURG316 IHAMBURG204 IHAMBURG537 IHAMBURG662 IHAMBURG1056 IHHSTEIN2 IHAMBURG1735 IBARSBTT22 IHAMBURG206 IHAMBURG2062 IHHLURUP2 IHAMBURG1974 IHAMBURG1504 IHAMBURG1194 IHAMBURG216 IHAMBURG774 IHAMBURG20 IHAMBURG410 IHAMBURG49 IHAMBURG155 IHAMBURG768 IHAMBURG44 IHAMBURG2039 IHAMBURG805 IHAMBURG1082 IHAMBURG969 IHHRAHLS3 IWINSENL6 IHAMBURG195 IHHHOHEN3 IHAMBURG360 IHAMBURG1779 IHAMBURG875 IHAMBURG308 IHHALSTE2 IHAMBURG93 IHAMBURG214 IHAMBURG1508 IHAMBURG342 IHAMBURG487 IHAMBURG1188 IHAMBURG1052 IHAMBURG1759 IHHOHMOO2 IHAMBURG1234 IHAMBURG1753 ISEEVETA49 IHAMBURG797 IHAMBURG1811 IHAMBURG1044 IHAMBURG1214 INORDERS16 IHAMBURG144 IHAMBURG274 IHAMBURG646 IHAMBURG1945 IHAMBURG1635 IHAMBURG1150 IHAMBURG648 IHAMBURG760 IHAMBURG1785 IHAMBURG290 IHAMBURG2042 IHHWELLI2 IHAMBURG398 IHAMBURG340 IHAMBURG146 IHAMBURG1204 IHAMBURG640 IHAMBURG2088 IHAMBURG1058 IHAMBURG1379 IHAMBURG1172 IHHSASEL2 IHAMBURG1799 IHAMBURG1645 IHAMBURG237 IHAMBURG215 IHAMBURG159 IHHBARMB5 IHAMBURG42 IHAMBURG1270 IHAMBURG149 IHAMBURG1282 IHAMBURG1302 IHHTREUD3 IHAMBURG224 IHAMBURG2031 IHAMBURG336 IHAMBURG1942 IHAMBURG256 IHAMBURG1314 IHAMBURG2073 IHAMBURG1370 IHAMBURG567 IHAMBURG286 IHAMBURG2016 IHHSCHNE4 IHAMBURG242 IHAMBURG1436 IHAMBURG1832 IHAMBURG84 IHAMBURG261 IHAMBURG787 IHAMBURG153 IHAMBURG1230 IHAMBURG1180 IHAMBURG1995 IHHKIRCH2 IHAMBURG53 IHAMBURG1346 IHAMBURG269 IHAMBURG1470 IHAMBURG375 IHAMBURG406 IHAMBURG150 IHAMBURG1377 IHAMBURG352 IHAMBURG113 IHAMBURG1841 IHAMBURG452 IHAMBURG604 IHHMARIE2 IHAMBURG239 IHAMBURG1134 IHAMBURG851 IHAMBURG131 IHAMBURG1124 IHHMEIEN2 INORDERS21 IHAMBURG2018 IHAMBURG1411 IWEDEL8 IHAMBURG423 IHAMBURG751 IHAMBURG1815 IHHMARIE5 IHAMBURG1819 IHAMBURG778 IHAMBURG565 IHAMBURG592 IHAMBURG1864 IHAMBURG711 IHAMBURG988 IHAMBURG251 IHAMBURG1933 IHAMBURG1166 IHAMBURG812 IHAMBURG92 IHAMBURG715 IHAMBURG2041 IHAMBURG162 IHAMBURG741 IHAMBURG2004 IHAMBURG499 IBORNSEN2 IHAMBURG1586 IHAMBURG2085 IHAMBURG1946 IHAMBURG123 IHHFUHLS2 IHAMBURG200 IHAMBURG417 IHHHINSC2 IHAMBURG1198 IHAMBURG1614 IHAMBURG104 IHAMBURG1084 IHAMBURG2026 IHAMBURG233 IHAMBURG1036 IHAMBURG1910 IHAMBURG1284 ISCHENEF11 IHAMBURG1953 IHAMBURG2052 IHAMBURG128 IAHRENSB13 IHAMBURG1923 IHAMBURG527 IHAMBURG262 IHAMBURG254 IHAMBURG230 IHAMBURG163 IHAMBURG723 IHHGROSS2 IHAMBURG1372 IHAMBURG620 IHAMBURG1492 IHORN16 IHHMARIE4 IHAMBURG910 IHAMBURG1699 IHAMBURG10 IHHOSDOR2 IHAMBURG2013 IHHWANDS2 IHAMBURG594 IHAMBURG250 IHAMBURG1144 IHAMBURG540 IHAMBURG184 IHAMBURG140 IHAMBURG183 IHAMBURG626 IHAMBURG1002 IHAMBURG2076 IHHHINSC3 IHAMBURG963 IHAMBURG974 IHAMBURG333 IHAMBURG1186 IHAMBURG394 IHHWILHE2 IHAMBURG497 IHAMBURG2081 IHHLANGE3 IHAMBURG1843 IHHCURSL2 IHAMBURG446 IHAMBURG32 IHAMBURG1986 IHAMBURG654 IHAMBURG46 IHAMBURG456 IHHSCHNE2 IHAMBURG354 IHAMBURG431 IHAMBURG1890 IHAMBURG199 IHAMBURG998 IHAMBURG1154 IHAMBURG2010 IHHHELLB2 IHHFARMS3 IHAMBURG164 IHAMBURG1982 IHAMBURG867 IHAMBURG427 IHAMBURG1600 IHHSCHNE3 IHAMBURG1158 IHAMBURG1216 IHAMBURG1202 IHAMBURG1675 IHAMBURG270 IHAMBURG198 IHAMBURG1116 IHAMBURG454 IHHOTTEN2 IHAMBURG1106 IHAMBURG600 IHAMBURG1360 IHAMBURG404 IHAMBURG367 IHAMBURG1929 IHAMBURG1952 IHAMBURG951 INORDERS5 IHAMBURG508 IHAMBURG1336 IHAMBURG1916 IHAMBURG1098 IHAMBURG2070 IHAMBURG1860 IHAMBURG1484 IHAMBURG1428 IHAMBURG1114 IHAMBURG1184 IHHEIDEL5 IHAMBURG1421 IHAMBURG1015 IHHNEUGR2 IHAMBURG98 IHAMBURG1064 IHAMBURG1631 IHAMBURG2065 IHAMBURG1244 IHAMBURG47 IHAMBURG1639 IHAMBURG1088 IHAMBURG1915 IHAMBURG260 IHAMBURG1920 IHAMBURG900 IHAMBURG1830 IHAMBURG89 IHAMBURG2069 IHAMBURG638 IHAMBURG656 IHAMBURG731 IHAMBURG1208 IHHHELLB3 IHAMBURG57 IHAMBURG205 IHAMBURG1988 IHAMBURG402 IHHSINST2 IHAMBURG1791 IHHNEUBO3 IHAMBURG1256 IHAMBURG684 IHAMBURG2000 IHAMBURG1391 IHAMBURG1602 IHAMBURG1296 IHAMBURG170 IHAMBURG1773 IHAMBURG1922 IHAMBURG436 IHAMBURG280 IHAMBURG292 IHAMBURG243 IHAMBURG1502 IHAMBURG1182 IHAMBURG1427 IHAMBURG1950 IHAMBURG1086 IHAMBURG762 IHAMBURG660 IHHWINTE4 IHAMBURG1350 IHAMBURG1316 IHAMBURG1164 IHAMBURG1789 IHHFUHLS3 IHAMBURG1620 IHAMBURG400 IHAMBURG1845 IHAMBURG56 IHAMBURG971 IHAMBURG1755 IHAMBURG887 IHAMBURG50 IHAMBURG1989 IHAMBURG664 IHAMBURG329 IHAMBURG1464 IHAMBURG707 IHAMBURG190 IHAMBURG172 IHAMBURG2006 IHAMBURG1918 IHAMBURG390 IHAMBURG1616 IHAMBURG514 IHAMBURG1795 IHAMBURG353 IHAMBURG1538 IHAMBURG1990 ISANKTUR5 IHAMBURG1136 IHAMBURG1368 IHAMBURG41 IHAMBURG1671 IHAMBURG168 IHAMBURG90 ILBHOOPT2 IHAMBURG285 IHAMBURG1102 IHHHAMBU2
2017-09-24 00:13:58,195 DEBUG done: 0.000 percent
2017-09-24 00:26:18,891 DEBUG done: 13.661 percent
2017-09-24 00:38:26,377 DEBUG done: 27.322 percent
2017-09-24 00:50:48,468 DEBUG done: 40.984 percent
2017-09-24 01:02:52,910 DEBUG done: 54.645 percent
2017-09-24 01:15:44,232 DEBUG done: 68.306 percent
2017-09-24 01:29:06,559 DEBUG done: 81.967 percent
2017-09-24 01:42:55,142 DEBUG done: 95.628 percent
2017-09-24 01:47:27,969 INFO max_all     3.988 n=1464
2017-09-24 01:47:27,970 INFO min_cn3     1.267 n=1464
2017-09-24 01:47:27,970 INFO idw_p3_cn5  1.500 n=1464
2017-09-24 01:47:27,970 INFO idw_p3_cn3  1.438 n=1464
2017-09-24 01:47:27,970 INFO max_cn3     1.675 n=1464
2017-09-24 01:47:27,970 INFO median_all  1.328 n=1464
2017-09-24 01:47:27,970 INFO idw_p2_cn3  1.434 n=1464
2017-09-24 01:47:27,971 INFO idw_p2_all  1.110 n=1464
2017-09-24 01:47:27,971 INFO mean_cn5    1.566 n=1464
2017-09-24 01:47:27,971 INFO mean_all    1.350 n=1464
2017-09-24 01:47:27,971 INFO idw_p4_all  1.184 n=1464
2017-09-24 01:47:27,971 INFO min_all     1.168 n=1464
2017-09-24 01:47:27,971 INFO median_cn3  1.461 n=1464
2017-09-24 01:47:27,971 INFO idw_p1_cn3  1.431 n=1464
2017-09-24 01:47:27,971 INFO idw_p1_cn5  1.503 n=1464
2017-09-24 01:47:27,971 INFO idw_p4_cn3  1.441 n=1464
2017-09-24 01:47:27,971 INFO idw_p4_cn5  1.501 n=1464
2017-09-24 01:47:27,971 INFO median_cn5  1.471 n=1464
2017-09-24 01:47:27,971 INFO idw_p2_cn5  1.502 n=1464
2017-09-24 01:47:27,971 INFO idw_p1_all  1.207 n=1464
2017-09-24 01:47:27,971 INFO mean_cn3    1.442 n=1464
2017-09-24 01:47:27,971 INFO max_cn5     2.240 n=1464
2017-09-24 01:47:27,971 INFO min_cn5     1.201 n=1464
2017-09-24 01:47:27,971 INFO idw_p3_all  1.145 n=1464
2017-09-24 01:47:27,971 INFO end method list
2017-09-24 01:47:27,975 INFO interpolate for ZOM
2017-09-24 01:47:27,976 INFO currently at 10 out of 10
2017-09-24 01:47:27,976 INFO use IHAMBURG267 IHHRISSE2 IHAMBURG82 IHAMBURG1200 IHAMBURG2034 IHAMBURG373 IHAMBURG1977 IHAMBURG2045 IHAMBURG2011 IHHHAMBU4 IHAMBURG189 IHAMBURG1118 IHAMBURG471 IHAMBURG2075 IHAMBURG1494 IHAMBURG1308 IHAMBURG1300 IHAMBURG1512 ISEEVETA78 IHAMBURG152 IHAMBURG276 IHAMBURG1998 IOSTSTEI3 IHAMBURG699 IHAMBURG460 IHAMBURG2025 IHHKLEIN2 IHAMBURG803 IHAMBURG789 IHHEIDEL2 IHAMBURG598 IHAMBURG550 IHAMBURG2080 IHAMBURG1342 IHAMBURG2043 IHAMBURG81 IHAMBURG1076 IHAMBURG68 IHAMBURG61 IHHMARIE3 IHAMBURG719 IHAMBURG844 IHAMBURG2030 IHAMBURG1252 IHAMBURG1462 INORDERS98 IHAMBURG258 IHAMBURG1823 IHAMBURG132 IHAMBURG1629 IHAMBURG481 IHAMBURG34 IHAMBURG2009 IHAMBURG1220 IHAMBURG938 IHAMBURG1940 IHAMBURG1374 IHAMBURG914 IHHEINLA2 IHAMBURG222 IHAMBURG935 IHAMBURG1128 IWENTORF21 IHHWINTE2 IHAMBURG1028 IHAMBURG1264 IHAMBURG268 IHAMBURG175 IHAMBURG1976 IHAMBURG1526 IHAMBURG376 IHAMBURG1266 IHAMBURG1478 IHAMBURG252 IHAMBURG2048 IHAMBURG1697 IHAMBURG1092 IHHHOHEN2 IHAMBURG1074 IHAMBURG630 IHAMBURG1248 IHAMBURG60 IHAMBURG316 IHAMBURG204 IHAMBURG537 IHAMBURG662 IHAMBURG1056 IHHSTEIN2 IHAMBURG1735 IBARSBTT22 IHAMBURG206 IHAMBURG2062 IHHLURUP2 IHAMBURG1974 IHAMBURG1504 IHAMBURG1194 IHAMBURG216 IHAMBURG774 IHAMBURG20 IHAMBURG410 IHAMBURG49 IHAMBURG155 IHAMBURG768 IHAMBURG44 IHAMBURG2039 IHAMBURG805 IHAMBURG1082 IHAMBURG969 IHHRAHLS3 IWINSENL6 IHAMBURG195 IHHHOHEN3 IHAMBURG360 IHAMBURG1779 IHAMBURG875 IHAMBURG308 IHHALSTE2 IHAMBURG93 IHAMBURG214 IHAMBURG1508 IHAMBURG342 IHAMBURG487 IHAMBURG1188 IHAMBURG1052 IHAMBURG1759 IHHOHMOO2 IHAMBURG1234 IHAMBURG1753 ISEEVETA49 IHAMBURG797 IHAMBURG1811 IHAMBURG1044 IHAMBURG1214 INORDERS16 IHAMBURG144 IHAMBURG274 IHAMBURG646 IHAMBURG1945 IHAMBURG1635 IHAMBURG1150 IHAMBURG648 IHAMBURG760 IHAMBURG1785 IHAMBURG290 IHAMBURG2042 IHHWELLI2 IHAMBURG398 IHAMBURG340 IHAMBURG146 IHAMBURG1204 IHAMBURG640 IHAMBURG2088 IHAMBURG1058 IHAMBURG1379 IHAMBURG1172 IHHSASEL2 IHAMBURG1799 IHAMBURG1645 IHAMBURG237 IHAMBURG215 IHAMBURG159 IHHBARMB5 IHAMBURG42 IHAMBURG1270 IHAMBURG149 IHAMBURG1282 IHAMBURG1302 IHHTREUD3 IHAMBURG224 IHAMBURG2031 IHAMBURG336 IHAMBURG1942 IHAMBURG256 IHAMBURG1314 IHAMBURG2073 IHAMBURG1370 IHAMBURG567 IHAMBURG286 IHAMBURG2016 IHHSCHNE4 IHAMBURG242 IHAMBURG1436 IHAMBURG1832 IHAMBURG84 IHAMBURG261 IHAMBURG787 IHAMBURG153 IHAMBURG1230 IHAMBURG1180 IHAMBURG1995 IHHKIRCH2 IHAMBURG53 IHAMBURG1346 IHAMBURG269 IHAMBURG1470 IHAMBURG375 IHAMBURG406 IHAMBURG150 IHAMBURG1377 IHAMBURG352 IHAMBURG113 IHAMBURG1841 IHAMBURG452 IHAMBURG604 IHHMARIE2 IHAMBURG239 IHAMBURG1134 IHAMBURG851 IHAMBURG131 IHAMBURG1124 IHHMEIEN2 INORDERS21 IHAMBURG2018 IHAMBURG1411 IWEDEL8 IHAMBURG423 IHAMBURG751 IHAMBURG1815 IHHMARIE5 IHAMBURG1819 IHAMBURG778 IHAMBURG565 IHAMBURG592 IHAMBURG1864 IHAMBURG711 IHAMBURG988 IHAMBURG251 IHAMBURG1933 IHAMBURG1166 IHAMBURG812 IHAMBURG92 IHAMBURG715 IHAMBURG2041 IHAMBURG162 IHAMBURG741 IHAMBURG2004 IHAMBURG499 IBORNSEN2 IHAMBURG1586 IHAMBURG2085 IHAMBURG1946 IHAMBURG123 IHHFUHLS2 IHAMBURG200 IHAMBURG417 IHHHINSC2 IHAMBURG1198 IHAMBURG1614 IHAMBURG104 IHAMBURG1084 IHAMBURG2026 IHAMBURG233 IHAMBURG1036 IHAMBURG1910 IHAMBURG1284 ISCHENEF11 IHAMBURG1953 IHAMBURG2052 IHAMBURG128 IAHRENSB13 IHAMBURG1923 IHAMBURG527 IHAMBURG262 IHAMBURG254 IHAMBURG230 IHAMBURG163 IHAMBURG723 IHHGROSS2 IHAMBURG1372 IHAMBURG620 IHAMBURG1492 IHORN16 IHHMARIE4 IHAMBURG910 IHAMBURG1699 IHAMBURG10 IHHOSDOR2 IHAMBURG2013 IHHWANDS2 IHAMBURG594 IHAMBURG250 IHAMBURG1144 IHAMBURG540 IHAMBURG184 IHAMBURG140 IHAMBURG183 IHAMBURG626 IHAMBURG1002 IHAMBURG2076 IHHHINSC3 IHAMBURG963 IHAMBURG974 IHAMBURG333 IHAMBURG1186 IHAMBURG394 IHHWILHE2 IHAMBURG497 IHAMBURG2081 IHHLANGE3 IHAMBURG1843 IHHCURSL2 IHAMBURG446 IHAMBURG32 IHAMBURG1986 IHAMBURG654 IHAMBURG46 IHAMBURG456 IHHSCHNE2 IHAMBURG354 IHAMBURG431 IHAMBURG1890 IHAMBURG199 IHAMBURG998 IHAMBURG1154 IHAMBURG2010 IHHHELLB2 IHHFARMS3 IHAMBURG164 IHAMBURG1982 IHAMBURG867 IHAMBURG427 IHAMBURG1600 IHHSCHNE3 IHAMBURG1158 IHAMBURG1216 IHAMBURG1202 IHAMBURG1675 IHAMBURG270 IHAMBURG198 IHAMBURG1116 IHAMBURG454 IHHOTTEN2 IHAMBURG1106 IHAMBURG600 IHAMBURG1360 IHAMBURG404 IHAMBURG367 IHAMBURG1929 IHAMBURG1952 IHAMBURG951 INORDERS5 IHAMBURG508 IHAMBURG1336 IHAMBURG1916 IHAMBURG1098 IHAMBURG2070 IHAMBURG1860 IHAMBURG1484 IHAMBURG1428 IHAMBURG1114 IHAMBURG1184 IHHEIDEL5 IHAMBURG1421 IHAMBURG1015 IHHNEUGR2 IHAMBURG98 IHAMBURG1064 IHAMBURG1631 IHAMBURG2065 IHAMBURG1244 IHAMBURG47 IHAMBURG1639 IHAMBURG1088 IHAMBURG1915 IHAMBURG260 IHAMBURG1920 IHAMBURG900 IHAMBURG1830 IHAMBURG89 IHAMBURG2069 IHAMBURG638 IHAMBURG656 IHAMBURG731 IHAMBURG1208 IHHHELLB3 IHAMBURG57 IHAMBURG205 IHAMBURG1988 IHAMBURG402 IHHSINST2 IHAMBURG1791 IHHNEUBO3 IHAMBURG1256 IHAMBURG684 IHAMBURG2000 IHAMBURG1391 IHAMBURG1602 IHAMBURG1296 IHAMBURG170 IHAMBURG1773 IHAMBURG1922 IHAMBURG436 IHAMBURG280 IHAMBURG292 IHAMBURG243 IHAMBURG1502 IHAMBURG1182 IHAMBURG1427 IHAMBURG1950 IHAMBURG1086 IHAMBURG762 IHAMBURG660 IHHWINTE4 IHAMBURG1350 IHAMBURG1316 IHAMBURG1164 IHAMBURG1789 IHHFUHLS3 IHAMBURG1620 IHAMBURG400 IHAMBURG1845 IHAMBURG56 IHAMBURG971 IHAMBURG1755 IHAMBURG887 IHAMBURG50 IHAMBURG1989 IHAMBURG664 IHAMBURG329 IHAMBURG1464 IHAMBURG707 IHAMBURG190 IHAMBURG172 IHAMBURG2006 IHAMBURG1918 IHAMBURG390 IHAMBURG1616 IHAMBURG514 IHAMBURG1795 IHAMBURG353 IHAMBURG1538 IHAMBURG1990 ISANKTUR5 IHAMBURG1136 IHAMBURG1368 IHAMBURG41 IHAMBURG1671 IHAMBURG168 IHAMBURG90 ILBHOOPT2 IHAMBURG285 IHAMBURG1102 IHHHAMBU2
2017-09-24 01:47:31,485 DEBUG done: 0.000 percent
2017-09-24 01:59:33,516 DEBUG done: 13.661 percent
2017-09-24 02:11:27,945 DEBUG done: 27.322 percent
2017-09-24 02:23:39,912 DEBUG done: 40.984 percent
2017-09-24 02:35:44,619 DEBUG done: 54.645 percent
2017-09-24 02:48:41,929 DEBUG done: 68.306 percent
2017-09-24 03:02:13,718 DEBUG done: 81.967 percent
2017-09-24 03:15:51,671 DEBUG done: 95.628 percent
2017-09-24 03:20:21,864 INFO max_all     3.563 n=1463
2017-09-24 03:20:21,865 INFO min_cn3     1.280 n=1463
2017-09-24 03:20:21,865 INFO idw_p3_cn5  1.389 n=1463
2017-09-24 03:20:21,865 INFO idw_p3_cn3  1.515 n=1463
2017-09-24 03:20:21,865 INFO max_cn3     1.511 n=1463
2017-09-24 03:20:21,865 INFO median_all  0.953 n=1463
2017-09-24 03:20:21,865 INFO idw_p2_cn3  1.511 n=1463
2017-09-24 03:20:21,865 INFO idw_p2_all  1.163 n=1463
2017-09-24 03:20:21,865 INFO mean_cn5    1.282 n=1463
2017-09-24 03:20:21,865 INFO mean_all    0.980 n=1463
2017-09-24 03:20:21,865 INFO idw_p4_all  1.154 n=1463
2017-09-24 03:20:21,865 INFO min_all     1.479 n=1463
2017-09-24 03:20:21,865 INFO median_cn3  1.356 n=1463
2017-09-24 03:20:21,865 INFO idw_p1_cn3  1.497 n=1463
2017-09-24 03:20:21,865 INFO idw_p1_cn5  1.376 n=1463
2017-09-24 03:20:21,865 INFO idw_p4_cn3  1.516 n=1463
2017-09-24 03:20:21,865 INFO idw_p4_cn5  1.394 n=1463
2017-09-24 03:20:21,866 INFO median_cn5  1.323 n=1463
2017-09-24 03:20:21,866 INFO idw_p2_cn5  1.383 n=1463
2017-09-24 03:20:21,866 INFO idw_p1_all  1.112 n=1463
2017-09-24 03:20:21,866 INFO mean_cn3    1.355 n=1463
2017-09-24 03:20:21,866 INFO max_cn5     1.618 n=1463
2017-09-24 03:20:21,866 INFO min_cn5     1.073 n=1463
2017-09-24 03:20:21,866 INFO idw_p3_all  1.172 n=1463
2017-09-24 03:20:21,866 INFO end method list
2017-09-24 03:20:21,903 INFO idw_p3_cn5  1.46856 n=14568
2017-09-24 03:20:21,903 INFO idw_p3_cn3  1.47500 n=14568
2017-09-24 03:20:21,903 INFO idw_p4_cn5  1.47147 n=14568
2017-09-24 03:20:21,903 INFO idw_p2_cn3  1.46965 n=14568
2017-09-24 03:20:21,904 INFO mean_cn5    1.44312 n=14568
2017-09-24 03:20:21,904 INFO mean_all    1.42697 n=14568
2017-09-24 03:20:21,904 INFO idw_p1_cn5  1.43810 n=14568
2017-09-24 03:20:21,904 INFO idw_p4_cn3  1.47758 n=14568
2017-09-24 03:20:21,904 INFO max_cn5     2.03374 n=14568
2017-09-24 03:20:21,905 INFO max_all     3.98239 n=14568
2017-09-24 03:20:21,905 INFO idw_p2_all  1.40008 n=14568
2017-09-24 03:20:21,905 INFO min_cn3     1.22625 n=14568
2017-09-24 03:20:21,905 INFO max_cn3     1.67348 n=14568
2017-09-24 03:20:21,905 INFO median_all  1.40305 n=14568
2017-09-24 03:20:21,906 INFO idw_p3_all  1.42153 n=14568
2017-09-24 03:20:21,906 INFO idw_p4_all  1.43042 n=14568
2017-09-24 03:20:21,906 INFO min_all     1.35212 n=14568
2017-09-24 03:20:21,906 INFO median_cn3  1.46218 n=14568
2017-09-24 03:20:21,906 INFO idw_p1_cn3  1.45680 n=14568
2017-09-24 03:20:21,907 INFO median_cn5  1.41009 n=14568
2017-09-24 03:20:21,907 INFO idw_p2_cn5  1.45848 n=14568
2017-09-24 03:20:21,907 INFO idw_p1_all  1.41900 n=14568
2017-09-24 03:20:21,907 INFO mean_cn3    1.41948 n=14568
2017-09-24 03:20:21,907 INFO min_cn5     1.12036 n=14568
