2017-08-21 12:22:47,305 INFO ### Start new logging
2017-08-21 12:22:47,306 INFO General Overview
2017-08-21 12:22:47,306 INFO targets: HCM IHM LGM LWM RIM SGM SWM WGM WWM ZOM
2017-08-21 12:22:47,306 INFO neighbours: IHAMBURG1300 IHHHINSC3 IHAMBURG812 IHAMBURG927 IHAMBURG109 IHAMBURG1411 IHAMBURG1691 ISANKTUR5 IHAMBURG978 IHAMBURG1919 IHAMBURG851 IHAMBURG106 IHHNEUBO3 IHHSTEIN2 IHAMBURG114 IHAMBURG1204 IHAMBURG1476 IHAMBURG1614 IHAMBURG229 IHAMBURG1088 IHAMBURG214 IHAMBURG2069 IHAMBURG1910 IHAMBURG803 IHAMBURG1110 IHAMBURG373 IHAMBURG1628 IHAMBURG1102 IHAMBURG398 IHAMBURG140 IHAMBURG1142 IHAMBURG654 IHAMBURG1508 IHHRISSE2 IHAMBURG910 IHAMBURG933 IHAMBURG1538 IHAMBURG1389 IHAMBURG450 IHAMBURG508 IHAMBURG1645 IHAMBURG1230 IHAMBURG1484 IHAMBURG971 IHAMBURG537 IHHWELLI2 IHAMBURG684 IHAMBURG1930 IHAMBURG1198 IHAMBURG797 IHAMBURG1200 IHAMBURG280 IHAMBURG751 IHHRAHLS3 IHAMBURG974 IHAMBURG10 IHAMBURG2080 IHAMBURG268 IHAMBURG957 IHAMBURG1512 IHHFARMS2 IHAMBURG195 IHHHAMBU2 IHAMBURG1108 IHAMBURG1928 IHAMBURG427 IHAMBURG2010 IHAMBURG1791 IHAMBURG1681 IHAMBURG315 IHAMBURG254 ISEEVETA74 IHAMBURG1268 IHAMBURG204 IHAMBURG60 IHAMBURG1779 IHAMBURG887 IHAMBURG172 IHAMBURG1755 IHAMBURG69 IHAMBURG1379 IHAMBURG1174 IHHWANDS2 IHAMBURG1870 IHHEISSE2 INORDERS21 IHAMBURG289 IHAMBURG81 IHAMBURG46 IHHWILHE2 IHAMBURG1248 IHAMBURG1068 IHHOSDOR2 IHAMBURG1026 IHAMBURG180 IHAMBURG805 IHHNIEND2 IHAMBURG338 IHAMBURG1164 IHAMBURG168 IHAMBURG1586 IHAMBURG1360 IHHTREUD3 IHHFUHLS2 IHAMBURG1990 IHAMBURG192 IHAMBURG772 IHAMBURG1995 IHAMBURG341 IHAMBURG1458 IHAMBURG367 IHAMBURG144 IHAMBURG454 IHAMBURG1216 IHAMBURG329 IHAMBURG1436 IHAMBURG620 IHAMBURG2041 IHAMBURG1368 IHHFARMS3 IHAMBURG1427 IHAMBURG279 IHAMBURG2062 IHAMBURG1002 IHAMBURG138 IHAMBURG154 IHAMBURG1787 IHHOTTEN2 IHAMBURG638 IHAMBURG1144 IHHLANGE3 IHAMBURG361 IHAMBURG1264 IHAMBURG1372 IHAMBURG82 IHAMBURG640 IHAMBURG2076 IHAMBURG335 IHAMBURG1989 IHAMBURG1116 IHAMBURG1830 IHAMBURG260 IHAMBURG342 IHAMBURG469 IHAMBURG1152 IHAMBURG1526 IHAMBURG360 IHAMBURG1917 IHAMBURG656 IHAMBURG2002 IHAMBURG674 IHAMBURG711 IHAMBURG436 IHAMBURG1941 IHAMBURG417 IHAMBURG256 IHAMBURG380 IHAMBURG2013 IHHLURUP2 IHAMBURG1236 IHHEIDEL2 IHAMBURG1962 IHAMBURG2029 IHAMBURG224 IHAMBURG1683 IHHFUHLS3 IHAMBURG41 IHAMBURG1464 IHAMBURG662 ISCHENEF11 IHAMBURG276 IHAMBURG1795 IHAMBURG274 IHAMBURG363 IHAMBURG199 IHAMBURG1500 IHAMBURG2039 IHAMBURG250 IHAMBURG863 IHHBARMB5 IHAMBURG1296 IHAMBURG787 IHAMBURG286 IHAMBURG262 IHAMBURG1015 IHAMBURG258 IHAMBURG1377 IHAMBURG1462 INORDERS72 IHAMBURG1052 IHAMBURG336 IHAMBURG840 IHAMBURG900 IHAMBURG405 IHAMBURG1823 IHAMBURG64 IHAMBURG164 IHAMBURG1346 IHAMBURG2066 IHAMBURG1350 IHAMBURG1942 IHAMBURG110 IHAMBURG1188 IHAMBURG188 IHAMBURG441 IHAMBURG390 IHAMBURG1932 IHAMBURG149 IHAMBURG170 IHAMBURG1832 ILBALVES2 IHHHOHEN3 IBARSBTT22 IHAMBURG1837 IHAMBURG1494 IHAMBURG1916 IHAMBURG527 IHAMBURG1184 IHAMBURG1370 IHAMBURG400 IHAMBURG1805 IHAMBURG1671 IHAMBURG1946 IHAMBURG988 IHAMBURG471 IHAMBURG1773 IHAMBURG308 IHAMBURG243 IHHMARIE3 IHAMBURG394 IHAMBURG1860 IHAMBURG269 IHAMBURG1864 IHAMBURG2072 IAHRENSB13 IHAMBURG487 IHAMBURG1098 IHAMBURG719 IHAMBURG567 IHAMBURG1124 IHAMBURG1797 IHAMBURG2017 IHAMBURG1252 IHAMBURG1332 IHAMBURG1284 IHAMBURG1635 IHAMBURG1661 IHAMBURG1929 IHAMBURG1918 IHAMBURG352 IHAMBURG1711 IHAMBURG789 IHAMBURG213 IHAMBURG2070 IHHKIRCH2 IHAMBURG875 IHAMBURG1282 IHAMBURG1973 IHAMBURG50 IHAMBURG456 IHAMBURG353 IHHBARMB6 IHAMBURG1306 IHAMBURG1845 IHAMBURG1202 IHHWINTE2 IHAMBURG1266 IHAMBURG1214 IHAMBURG150 IHHHELLB2 IHAMBURG1504 IHAMBURG1982 IHAMBURG446 IHAMBURG80 IHAMBURG481 IHHSCHNE3 IHAMBURG1920 IHAMBURG1092 IHORN16 IHAMBURG1759 IHAMBURG1890 IHAMBURG1118 IHAMBURG291 IHAMBURG316 IHAMBURG128 ISEEVETA49 IHAMBURG517 IHHHINSC4 IHAMBURG410 IHAMBURG1771 IHAMBURG2088 IHAMBURG1172 IHHKLEIN2 IHAMBURG1254 IHAMBURG1961 IHAMBURG439 IHAMBURG219 IHAMBURG215 IHHMARIE4 IHAMBURG628 IHAMBURG741 IHAMBURG404 IHAMBURG153 IHAMBURG762 IHAMBURG1192 IHHHAMBU5 IHAMBURG969 IHAMBURG123 IHAMBURG1308 IHAMBURG1629 IHAMBURG1342 IHAMBURG723 IHHROTHE2 IHAMBURG230 IHAMBURG514 IHAMBURG1106 IHAMBURG190 IHAMBURG118 IHAMBURG376 IHAMBURG1819 IHAMBURG1618 IHAMBURG1028 IHAMBURG1699 IHAMBURG1084 IHHHAMBU4 IHAMBURG1809 IHAMBURG2006 IHAMBURG1950 IHAMBURG20 IHHEINLA2 IHAMBURG1256 IHAMBURG1208 IHAMBURG1064 IHAMBURG1316 IHAMBURG1594 IHAMBURG1166 IHAMBURG206 IHAMBURG847 IHAMBURG218 IHAMBURG1548 IHAMBURG1076 IHAMBURG1880 IHAMBURG707 IHAMBURG423 IHAMBURG184 IHAMBURG1811 IHAMBURG136 IHAMBURG155 IHAMBURG531 IHAMBURG867 IHAMBURG1114 IHHHARBU2 IHAMBURG1639 IHAMBURG365 IHAMBURG175 IHAMBURG1234 IHAMBURG1813 IHAMBURG1974 IHAMBURG95 IHAMBURG598 IHAMBURG92 IHAMBURG2011 IHHWINTE4 IHHNEUGR2 IHAMBURG774 IHAMBURG98 IHAMBURG131 IHAMBURG2008 IHAMBURG152 IHAMBURG1988 IHAMBURG515 ILBHOOPT2 IHAMBURG646 IHAMBURG2085 IHAMBURG42 IHAMBURG1631 IHAMBURG990 IHAMBURG1679 IHAMBURG452 IHHALSTE2 IHAMBURG1086 IHAMBURG406 IHAMBURG108 IHHGROSS2 IHAMBURG1922 IHAMBURG2031 IHAMBURG1154 INORDERS98 IHAMBURG104 ISEEVETA78 IHAMBURG1502 IHHOHMOO2 IHAMBURG99 IHAMBURG61 IHAMBURG709 IHAMBURG1470 IHHMARIE5 IHAMBURG285 IHAMBURG497 IHAMBURG1985 IWENTORF21 IHAMBURG1945 IHAMBURG778 IHAMBURG1082 IHAMBURG292 IHAMBURG1391 IHAMBURG44 IHAMBURG22 IHAMBURG340 IHHSCHNE4 IHAMBURG2075 IHAMBURG1326 IHAMBURG1915 IHAMBURG162 IHAMBURG1998 IHAMBURG34 IHAMBURG1244 IHHCURSL2 IHAMBURG844 IHAMBURG242 IHAMBURG737 IHAMBURG52 IHAMBURG606 IHAMBURG2026 IHHDOCKE2 IHAMBURG963 IHAMBURG1516 IHAMBURG56 IHAMBURG2079 IHAMBURG113 IHAMBURG610 IHAMBURG2030 IBNNINGS3 IHAMBURG39 IHAMBURG648 IHAMBURG205 IHAMBURG32 IHAMBURG1158 IHAMBURG489 IHAMBURG2009 IHAMBURG2042 IHAMBURG1136 IHAMBURG354
2017-08-21 12:22:47,306 INFO End overview
2017-08-21 12:22:47,307 INFO Several Runs
2017-08-21 12:22:47,307 INFO end targets
2017-08-21 12:22:47,307 INFO overall results
2017-08-21 12:22:47,307 INFO interpolate for HCM
2017-08-21 12:22:47,307 INFO currently at 1 out of 10
2017-08-21 12:22:47,307 INFO use IHAMBURG1300 IHHHINSC3 IHAMBURG812 IHAMBURG927 IHAMBURG109 IHAMBURG1411 IHAMBURG1691 ISANKTUR5 IHAMBURG978 IHAMBURG1919 IHAMBURG851 IHAMBURG106 IHHNEUBO3 IHHSTEIN2 IHAMBURG114 IHAMBURG1204 IHAMBURG1476 IHAMBURG1614 IHAMBURG229 IHAMBURG1088 IHAMBURG214 IHAMBURG2069 IHAMBURG1910 IHAMBURG803 IHAMBURG1110 IHAMBURG373 IHAMBURG1628 IHAMBURG1102 IHAMBURG398 IHAMBURG140 IHAMBURG1142 IHAMBURG654 IHAMBURG1508 IHHRISSE2 IHAMBURG910 IHAMBURG933 IHAMBURG1538 IHAMBURG1389 IHAMBURG450 IHAMBURG508 IHAMBURG1645 IHAMBURG1230 IHAMBURG1484 IHAMBURG971 IHAMBURG537 IHHWELLI2 IHAMBURG684 IHAMBURG1930 IHAMBURG1198 IHAMBURG797 IHAMBURG1200 IHAMBURG280 IHAMBURG751 IHHRAHLS3 IHAMBURG974 IHAMBURG10 IHAMBURG2080 IHAMBURG268 IHAMBURG957 IHAMBURG1512 IHHFARMS2 IHAMBURG195 IHHHAMBU2 IHAMBURG1108 IHAMBURG1928 IHAMBURG427 IHAMBURG2010 IHAMBURG1791 IHAMBURG1681 IHAMBURG315 IHAMBURG254 ISEEVETA74 IHAMBURG1268 IHAMBURG204 IHAMBURG60 IHAMBURG1779 IHAMBURG887 IHAMBURG172 IHAMBURG1755 IHAMBURG69 IHAMBURG1379 IHAMBURG1174 IHHWANDS2 IHAMBURG1870 IHHEISSE2 INORDERS21 IHAMBURG289 IHAMBURG81 IHAMBURG46 IHHWILHE2 IHAMBURG1248 IHAMBURG1068 IHHOSDOR2 IHAMBURG1026 IHAMBURG180 IHAMBURG805 IHHNIEND2 IHAMBURG338 IHAMBURG1164 IHAMBURG168 IHAMBURG1586 IHAMBURG1360 IHHTREUD3 IHHFUHLS2 IHAMBURG1990 IHAMBURG192 IHAMBURG772 IHAMBURG1995 IHAMBURG341 IHAMBURG1458 IHAMBURG367 IHAMBURG144 IHAMBURG454 IHAMBURG1216 IHAMBURG329 IHAMBURG1436 IHAMBURG620 IHAMBURG2041 IHAMBURG1368 IHHFARMS3 IHAMBURG1427 IHAMBURG279 IHAMBURG2062 IHAMBURG1002 IHAMBURG138 IHAMBURG154 IHAMBURG1787 IHHOTTEN2 IHAMBURG638 IHAMBURG1144 IHHLANGE3 IHAMBURG361 IHAMBURG1264 IHAMBURG1372 IHAMBURG82 IHAMBURG640 IHAMBURG2076 IHAMBURG335 IHAMBURG1989 IHAMBURG1116 IHAMBURG1830 IHAMBURG260 IHAMBURG342 IHAMBURG469 IHAMBURG1152 IHAMBURG1526 IHAMBURG360 IHAMBURG1917 IHAMBURG656 IHAMBURG2002 IHAMBURG674 IHAMBURG711 IHAMBURG436 IHAMBURG1941 IHAMBURG417 IHAMBURG256 IHAMBURG380 IHAMBURG2013 IHHLURUP2 IHAMBURG1236 IHHEIDEL2 IHAMBURG1962 IHAMBURG2029 IHAMBURG224 IHAMBURG1683 IHHFUHLS3 IHAMBURG41 IHAMBURG1464 IHAMBURG662 ISCHENEF11 IHAMBURG276 IHAMBURG1795 IHAMBURG274 IHAMBURG363 IHAMBURG199 IHAMBURG1500 IHAMBURG2039 IHAMBURG250 IHAMBURG863 IHHBARMB5 IHAMBURG1296 IHAMBURG787 IHAMBURG286 IHAMBURG262 IHAMBURG1015 IHAMBURG258 IHAMBURG1377 IHAMBURG1462 INORDERS72 IHAMBURG1052 IHAMBURG336 IHAMBURG840 IHAMBURG900 IHAMBURG405 IHAMBURG1823 IHAMBURG64 IHAMBURG164 IHAMBURG1346 IHAMBURG2066 IHAMBURG1350 IHAMBURG1942 IHAMBURG110 IHAMBURG1188 IHAMBURG188 IHAMBURG441 IHAMBURG390 IHAMBURG1932 IHAMBURG149 IHAMBURG170 IHAMBURG1832 ILBALVES2 IHHHOHEN3 IBARSBTT22 IHAMBURG1837 IHAMBURG1494 IHAMBURG1916 IHAMBURG527 IHAMBURG1184 IHAMBURG1370 IHAMBURG400 IHAMBURG1805 IHAMBURG1671 IHAMBURG1946 IHAMBURG988 IHAMBURG471 IHAMBURG1773 IHAMBURG308 IHAMBURG243 IHHMARIE3 IHAMBURG394 IHAMBURG1860 IHAMBURG269 IHAMBURG1864 IHAMBURG2072 IAHRENSB13 IHAMBURG487 IHAMBURG1098 IHAMBURG719 IHAMBURG567 IHAMBURG1124 IHAMBURG1797 IHAMBURG2017 IHAMBURG1252 IHAMBURG1332 IHAMBURG1284 IHAMBURG1635 IHAMBURG1661 IHAMBURG1929 IHAMBURG1918 IHAMBURG352 IHAMBURG1711 IHAMBURG789 IHAMBURG213 IHAMBURG2070 IHHKIRCH2 IHAMBURG875 IHAMBURG1282 IHAMBURG1973 IHAMBURG50 IHAMBURG456 IHAMBURG353 IHHBARMB6 IHAMBURG1306 IHAMBURG1845 IHAMBURG1202 IHHWINTE2 IHAMBURG1266 IHAMBURG1214 IHAMBURG150 IHHHELLB2 IHAMBURG1504 IHAMBURG1982 IHAMBURG446 IHAMBURG80 IHAMBURG481 IHHSCHNE3 IHAMBURG1920 IHAMBURG1092 IHORN16 IHAMBURG1759 IHAMBURG1890 IHAMBURG1118 IHAMBURG291 IHAMBURG316 IHAMBURG128 ISEEVETA49 IHAMBURG517 IHHHINSC4 IHAMBURG410 IHAMBURG1771 IHAMBURG2088 IHAMBURG1172 IHHKLEIN2 IHAMBURG1254 IHAMBURG1961 IHAMBURG439 IHAMBURG219 IHAMBURG215 IHHMARIE4 IHAMBURG628 IHAMBURG741 IHAMBURG404 IHAMBURG153 IHAMBURG762 IHAMBURG1192 IHHHAMBU5 IHAMBURG969 IHAMBURG123 IHAMBURG1308 IHAMBURG1629 IHAMBURG1342 IHAMBURG723 IHHROTHE2 IHAMBURG230 IHAMBURG514 IHAMBURG1106 IHAMBURG190 IHAMBURG118 IHAMBURG376 IHAMBURG1819 IHAMBURG1618 IHAMBURG1028 IHAMBURG1699 IHAMBURG1084 IHHHAMBU4 IHAMBURG1809 IHAMBURG2006 IHAMBURG1950 IHAMBURG20 IHHEINLA2 IHAMBURG1256 IHAMBURG1208 IHAMBURG1064 IHAMBURG1316 IHAMBURG1594 IHAMBURG1166 IHAMBURG206 IHAMBURG847 IHAMBURG218 IHAMBURG1548 IHAMBURG1076 IHAMBURG1880 IHAMBURG707 IHAMBURG423 IHAMBURG184 IHAMBURG1811 IHAMBURG136 IHAMBURG155 IHAMBURG531 IHAMBURG867 IHAMBURG1114 IHHHARBU2 IHAMBURG1639 IHAMBURG365 IHAMBURG175 IHAMBURG1234 IHAMBURG1813 IHAMBURG1974 IHAMBURG95 IHAMBURG598 IHAMBURG92 IHAMBURG2011 IHHWINTE4 IHHNEUGR2 IHAMBURG774 IHAMBURG98 IHAMBURG131 IHAMBURG2008 IHAMBURG152 IHAMBURG1988 IHAMBURG515 ILBHOOPT2 IHAMBURG646 IHAMBURG2085 IHAMBURG42 IHAMBURG1631 IHAMBURG990 IHAMBURG1679 IHAMBURG452 IHHALSTE2 IHAMBURG1086 IHAMBURG406 IHAMBURG108 IHHGROSS2 IHAMBURG1922 IHAMBURG2031 IHAMBURG1154 INORDERS98 IHAMBURG104 ISEEVETA78 IHAMBURG1502 IHHOHMOO2 IHAMBURG99 IHAMBURG61 IHAMBURG709 IHAMBURG1470 IHHMARIE5 IHAMBURG285 IHAMBURG497 IHAMBURG1985 IWENTORF21 IHAMBURG1945 IHAMBURG778 IHAMBURG1082 IHAMBURG292 IHAMBURG1391 IHAMBURG44 IHAMBURG22 IHAMBURG340 IHHSCHNE4 IHAMBURG2075 IHAMBURG1326 IHAMBURG1915 IHAMBURG162 IHAMBURG1998 IHAMBURG34 IHAMBURG1244 IHHCURSL2 IHAMBURG844 IHAMBURG242 IHAMBURG737 IHAMBURG52 IHAMBURG606 IHAMBURG2026 IHHDOCKE2 IHAMBURG963 IHAMBURG1516 IHAMBURG56 IHAMBURG2079 IHAMBURG113 IHAMBURG610 IHAMBURG2030 IBNNINGS3 IHAMBURG39 IHAMBURG648 IHAMBURG205 IHAMBURG32 IHAMBURG1158 IHAMBURG489 IHAMBURG2009 IHAMBURG2042 IHAMBURG1136 IHAMBURG354
2017-08-21 12:48:16,340 INFO nn          1.698 n=8784
2017-08-21 12:48:16,341 INFO idw_p2_cn3  1.648 n=8784
2017-08-21 12:48:16,341 INFO idw_p2_dt   1.650 n=8763
2017-08-21 12:48:16,341 INFO median_dt   1.018 n=8763
2017-08-21 12:48:16,341 INFO idw_p1_dt   1.467 n=8763
2017-08-21 12:48:16,341 INFO min_cn5     0.802 n=8784
2017-08-21 12:48:16,341 INFO idw_p1_cn5  1.387 n=8784
2017-08-21 12:48:16,341 INFO max_all     15.392 n=8784
2017-08-21 12:48:16,341 INFO mean_cn5    1.213 n=8784
2017-08-21 12:48:16,341 INFO min_cn3     0.781 n=8784
2017-08-21 12:48:16,341 INFO eddh        1.380 n=8770
2017-08-21 12:48:16,341 INFO mean_all    0.970 n=8784
2017-08-21 12:48:16,342 INFO idw_p3_cn5  1.687 n=8784
2017-08-21 12:48:16,342 INFO median_cn5  0.960 n=8784
2017-08-21 12:48:16,342 INFO median_all  0.769 n=8784
2017-08-21 12:48:16,342 INFO idw_p4_all  1.695 n=8784
2017-08-21 12:48:16,342 INFO idw_p1_all  1.003 n=8784
2017-08-21 12:48:16,342 INFO idw_p3_cn3  1.687 n=8784
2017-08-21 12:48:16,342 INFO mean_cn3    1.329 n=8784
2017-08-21 12:48:16,342 INFO min_all     5.462 n=8784
2017-08-21 12:48:16,342 INFO idw_p2_cn5  1.637 n=8784
2017-08-21 12:48:16,342 INFO idw_p4_cn3  1.695 n=8784
2017-08-21 12:48:16,342 INFO max_cn5     3.510 n=8784
2017-08-21 12:48:16,343 INFO max_dt      2.124 n=8763
2017-08-21 12:48:16,343 INFO idw_p2_all  1.516 n=8784
2017-08-21 12:48:16,343 INFO max_cn3     2.930 n=8784
2017-08-21 12:48:16,343 INFO idw_p4_cn5  1.695 n=8784
2017-08-21 12:48:16,343 INFO idw_p4_dt   1.695 n=8763
2017-08-21 12:48:16,343 INFO idw_p3_dt   1.687 n=8763
2017-08-21 12:48:16,343 INFO min_dt      0.909 n=8763
2017-08-21 12:48:16,343 INFO median_cn3  1.053 n=8784
2017-08-21 12:48:16,343 INFO idw_p3_all  1.682 n=8784
2017-08-21 12:48:16,343 INFO mean_dt     1.107 n=8763
2017-08-21 12:48:16,343 INFO idw_p1_cn3  1.469 n=8784
2017-08-21 12:48:16,343 INFO end method list
2017-08-21 12:48:16,578 INFO interpolate for IHM
2017-08-21 12:48:16,579 INFO currently at 2 out of 10
2017-08-21 12:48:16,579 INFO use IHAMBURG1300 IHHHINSC3 IHAMBURG812 IHAMBURG927 IHAMBURG109 IHAMBURG1411 IHAMBURG1691 ISANKTUR5 IHAMBURG978 IHAMBURG1919 IHAMBURG851 IHAMBURG106 IHHNEUBO3 IHHSTEIN2 IHAMBURG114 IHAMBURG1204 IHAMBURG1476 IHAMBURG1614 IHAMBURG229 IHAMBURG1088 IHAMBURG214 IHAMBURG2069 IHAMBURG1910 IHAMBURG803 IHAMBURG1110 IHAMBURG373 IHAMBURG1628 IHAMBURG1102 IHAMBURG398 IHAMBURG140 IHAMBURG1142 IHAMBURG654 IHAMBURG1508 IHHRISSE2 IHAMBURG910 IHAMBURG933 IHAMBURG1538 IHAMBURG1389 IHAMBURG450 IHAMBURG508 IHAMBURG1645 IHAMBURG1230 IHAMBURG1484 IHAMBURG971 IHAMBURG537 IHHWELLI2 IHAMBURG684 IHAMBURG1930 IHAMBURG1198 IHAMBURG797 IHAMBURG1200 IHAMBURG280 IHAMBURG751 IHHRAHLS3 IHAMBURG974 IHAMBURG10 IHAMBURG2080 IHAMBURG268 IHAMBURG957 IHAMBURG1512 IHHFARMS2 IHAMBURG195 IHHHAMBU2 IHAMBURG1108 IHAMBURG1928 IHAMBURG427 IHAMBURG2010 IHAMBURG1791 IHAMBURG1681 IHAMBURG315 IHAMBURG254 ISEEVETA74 IHAMBURG1268 IHAMBURG204 IHAMBURG60 IHAMBURG1779 IHAMBURG887 IHAMBURG172 IHAMBURG1755 IHAMBURG69 IHAMBURG1379 IHAMBURG1174 IHHWANDS2 IHAMBURG1870 IHHEISSE2 INORDERS21 IHAMBURG289 IHAMBURG81 IHAMBURG46 IHHWILHE2 IHAMBURG1248 IHAMBURG1068 IHHOSDOR2 IHAMBURG1026 IHAMBURG180 IHAMBURG805 IHHNIEND2 IHAMBURG338 IHAMBURG1164 IHAMBURG168 IHAMBURG1586 IHAMBURG1360 IHHTREUD3 IHHFUHLS2 IHAMBURG1990 IHAMBURG192 IHAMBURG772 IHAMBURG1995 IHAMBURG341 IHAMBURG1458 IHAMBURG367 IHAMBURG144 IHAMBURG454 IHAMBURG1216 IHAMBURG329 IHAMBURG1436 IHAMBURG620 IHAMBURG2041 IHAMBURG1368 IHHFARMS3 IHAMBURG1427 IHAMBURG279 IHAMBURG2062 IHAMBURG1002 IHAMBURG138 IHAMBURG154 IHAMBURG1787 IHHOTTEN2 IHAMBURG638 IHAMBURG1144 IHHLANGE3 IHAMBURG361 IHAMBURG1264 IHAMBURG1372 IHAMBURG82 IHAMBURG640 IHAMBURG2076 IHAMBURG335 IHAMBURG1989 IHAMBURG1116 IHAMBURG1830 IHAMBURG260 IHAMBURG342 IHAMBURG469 IHAMBURG1152 IHAMBURG1526 IHAMBURG360 IHAMBURG1917 IHAMBURG656 IHAMBURG2002 IHAMBURG674 IHAMBURG711 IHAMBURG436 IHAMBURG1941 IHAMBURG417 IHAMBURG256 IHAMBURG380 IHAMBURG2013 IHHLURUP2 IHAMBURG1236 IHHEIDEL2 IHAMBURG1962 IHAMBURG2029 IHAMBURG224 IHAMBURG1683 IHHFUHLS3 IHAMBURG41 IHAMBURG1464 IHAMBURG662 ISCHENEF11 IHAMBURG276 IHAMBURG1795 IHAMBURG274 IHAMBURG363 IHAMBURG199 IHAMBURG1500 IHAMBURG2039 IHAMBURG250 IHAMBURG863 IHHBARMB5 IHAMBURG1296 IHAMBURG787 IHAMBURG286 IHAMBURG262 IHAMBURG1015 IHAMBURG258 IHAMBURG1377 IHAMBURG1462 INORDERS72 IHAMBURG1052 IHAMBURG336 IHAMBURG840 IHAMBURG900 IHAMBURG405 IHAMBURG1823 IHAMBURG64 IHAMBURG164 IHAMBURG1346 IHAMBURG2066 IHAMBURG1350 IHAMBURG1942 IHAMBURG110 IHAMBURG1188 IHAMBURG188 IHAMBURG441 IHAMBURG390 IHAMBURG1932 IHAMBURG149 IHAMBURG170 IHAMBURG1832 ILBALVES2 IHHHOHEN3 IBARSBTT22 IHAMBURG1837 IHAMBURG1494 IHAMBURG1916 IHAMBURG527 IHAMBURG1184 IHAMBURG1370 IHAMBURG400 IHAMBURG1805 IHAMBURG1671 IHAMBURG1946 IHAMBURG988 IHAMBURG471 IHAMBURG1773 IHAMBURG308 IHAMBURG243 IHHMARIE3 IHAMBURG394 IHAMBURG1860 IHAMBURG269 IHAMBURG1864 IHAMBURG2072 IAHRENSB13 IHAMBURG487 IHAMBURG1098 IHAMBURG719 IHAMBURG567 IHAMBURG1124 IHAMBURG1797 IHAMBURG2017 IHAMBURG1252 IHAMBURG1332 IHAMBURG1284 IHAMBURG1635 IHAMBURG1661 IHAMBURG1929 IHAMBURG1918 IHAMBURG352 IHAMBURG1711 IHAMBURG789 IHAMBURG213 IHAMBURG2070 IHHKIRCH2 IHAMBURG875 IHAMBURG1282 IHAMBURG1973 IHAMBURG50 IHAMBURG456 IHAMBURG353 IHHBARMB6 IHAMBURG1306 IHAMBURG1845 IHAMBURG1202 IHHWINTE2 IHAMBURG1266 IHAMBURG1214 IHAMBURG150 IHHHELLB2 IHAMBURG1504 IHAMBURG1982 IHAMBURG446 IHAMBURG80 IHAMBURG481 IHHSCHNE3 IHAMBURG1920 IHAMBURG1092 IHORN16 IHAMBURG1759 IHAMBURG1890 IHAMBURG1118 IHAMBURG291 IHAMBURG316 IHAMBURG128 ISEEVETA49 IHAMBURG517 IHHHINSC4 IHAMBURG410 IHAMBURG1771 IHAMBURG2088 IHAMBURG1172 IHHKLEIN2 IHAMBURG1254 IHAMBURG1961 IHAMBURG439 IHAMBURG219 IHAMBURG215 IHHMARIE4 IHAMBURG628 IHAMBURG741 IHAMBURG404 IHAMBURG153 IHAMBURG762 IHAMBURG1192 IHHHAMBU5 IHAMBURG969 IHAMBURG123 IHAMBURG1308 IHAMBURG1629 IHAMBURG1342 IHAMBURG723 IHHROTHE2 IHAMBURG230 IHAMBURG514 IHAMBURG1106 IHAMBURG190 IHAMBURG118 IHAMBURG376 IHAMBURG1819 IHAMBURG1618 IHAMBURG1028 IHAMBURG1699 IHAMBURG1084 IHHHAMBU4 IHAMBURG1809 IHAMBURG2006 IHAMBURG1950 IHAMBURG20 IHHEINLA2 IHAMBURG1256 IHAMBURG1208 IHAMBURG1064 IHAMBURG1316 IHAMBURG1594 IHAMBURG1166 IHAMBURG206 IHAMBURG847 IHAMBURG218 IHAMBURG1548 IHAMBURG1076 IHAMBURG1880 IHAMBURG707 IHAMBURG423 IHAMBURG184 IHAMBURG1811 IHAMBURG136 IHAMBURG155 IHAMBURG531 IHAMBURG867 IHAMBURG1114 IHHHARBU2 IHAMBURG1639 IHAMBURG365 IHAMBURG175 IHAMBURG1234 IHAMBURG1813 IHAMBURG1974 IHAMBURG95 IHAMBURG598 IHAMBURG92 IHAMBURG2011 IHHWINTE4 IHHNEUGR2 IHAMBURG774 IHAMBURG98 IHAMBURG131 IHAMBURG2008 IHAMBURG152 IHAMBURG1988 IHAMBURG515 ILBHOOPT2 IHAMBURG646 IHAMBURG2085 IHAMBURG42 IHAMBURG1631 IHAMBURG990 IHAMBURG1679 IHAMBURG452 IHHALSTE2 IHAMBURG1086 IHAMBURG406 IHAMBURG108 IHHGROSS2 IHAMBURG1922 IHAMBURG2031 IHAMBURG1154 INORDERS98 IHAMBURG104 ISEEVETA78 IHAMBURG1502 IHHOHMOO2 IHAMBURG99 IHAMBURG61 IHAMBURG709 IHAMBURG1470 IHHMARIE5 IHAMBURG285 IHAMBURG497 IHAMBURG1985 IWENTORF21 IHAMBURG1945 IHAMBURG778 IHAMBURG1082 IHAMBURG292 IHAMBURG1391 IHAMBURG44 IHAMBURG22 IHAMBURG340 IHHSCHNE4 IHAMBURG2075 IHAMBURG1326 IHAMBURG1915 IHAMBURG162 IHAMBURG1998 IHAMBURG34 IHAMBURG1244 IHHCURSL2 IHAMBURG844 IHAMBURG242 IHAMBURG737 IHAMBURG52 IHAMBURG606 IHAMBURG2026 IHHDOCKE2 IHAMBURG963 IHAMBURG1516 IHAMBURG56 IHAMBURG2079 IHAMBURG113 IHAMBURG610 IHAMBURG2030 IBNNINGS3 IHAMBURG39 IHAMBURG648 IHAMBURG205 IHAMBURG32 IHAMBURG1158 IHAMBURG489 IHAMBURG2009 IHAMBURG2042 IHAMBURG1136 IHAMBURG354
2017-08-21 13:13:22,699 INFO nn          1.660 n=8784
2017-08-21 13:13:22,700 INFO idw_p2_cn3  1.942 n=8784
2017-08-21 13:13:22,700 INFO idw_p2_dt   2.161 n=8768
2017-08-21 13:13:22,700 INFO median_dt   0.979 n=8768
2017-08-21 13:13:22,700 INFO idw_p1_dt   2.145 n=8768
2017-08-21 13:13:22,700 INFO min_cn5     1.230 n=8784
2017-08-21 13:13:22,700 INFO idw_p1_cn5  1.532 n=8784
2017-08-21 13:13:22,700 INFO max_all     15.267 n=8784
2017-08-21 13:13:22,700 INFO mean_cn5    1.527 n=8784
2017-08-21 13:13:22,700 INFO min_cn3     0.978 n=8784
2017-08-21 13:13:22,700 INFO eddh        1.482 n=8774
2017-08-21 13:13:22,701 INFO mean_all    0.966 n=8784
2017-08-21 13:13:22,701 INFO idw_p3_cn5  1.534 n=8784
2017-08-21 13:13:22,701 INFO median_cn5  0.902 n=8784
2017-08-21 13:13:22,701 INFO median_all  0.798 n=8784
2017-08-21 13:13:22,701 INFO idw_p4_all  1.248 n=8784
2017-08-21 13:13:22,701 INFO idw_p1_all  0.984 n=8784
2017-08-21 13:13:22,701 INFO idw_p3_cn3  1.888 n=8784
2017-08-21 13:13:22,701 INFO mean_cn3    2.059 n=8784
2017-08-21 13:13:22,701 INFO min_all     5.584 n=8784
2017-08-21 13:13:22,701 INFO idw_p2_cn5  1.534 n=8784
2017-08-21 13:13:22,701 INFO idw_p4_cn3  1.836 n=8784
2017-08-21 13:13:22,702 INFO max_cn5     5.800 n=8784
2017-08-21 13:13:22,702 INFO max_dt      5.598 n=8768
2017-08-21 13:13:22,702 INFO idw_p2_all  1.058 n=8784
2017-08-21 13:13:22,702 INFO max_cn3     5.587 n=8784
2017-08-21 13:13:22,702 INFO idw_p4_cn5  1.531 n=8784
2017-08-21 13:13:22,702 INFO idw_p4_dt   2.171 n=8768
2017-08-21 13:13:22,702 INFO idw_p3_dt   2.170 n=8768
2017-08-21 13:13:22,702 INFO min_dt      1.102 n=8768
2017-08-21 13:13:22,702 INFO median_cn3  0.904 n=8784
2017-08-21 13:13:22,702 INFO idw_p3_all  1.160 n=8784
2017-08-21 13:13:22,702 INFO mean_dt     2.122 n=8768
2017-08-21 13:13:22,703 INFO idw_p1_cn3  1.999 n=8784
2017-08-21 13:13:22,703 INFO end method list
2017-08-21 13:13:22,957 INFO interpolate for LGM
2017-08-21 13:13:22,958 INFO currently at 3 out of 10
2017-08-21 13:13:22,958 INFO use IHAMBURG1300 IHHHINSC3 IHAMBURG812 IHAMBURG927 IHAMBURG109 IHAMBURG1411 IHAMBURG1691 ISANKTUR5 IHAMBURG978 IHAMBURG1919 IHAMBURG851 IHAMBURG106 IHHNEUBO3 IHHSTEIN2 IHAMBURG114 IHAMBURG1204 IHAMBURG1476 IHAMBURG1614 IHAMBURG229 IHAMBURG1088 IHAMBURG214 IHAMBURG2069 IHAMBURG1910 IHAMBURG803 IHAMBURG1110 IHAMBURG373 IHAMBURG1628 IHAMBURG1102 IHAMBURG398 IHAMBURG140 IHAMBURG1142 IHAMBURG654 IHAMBURG1508 IHHRISSE2 IHAMBURG910 IHAMBURG933 IHAMBURG1538 IHAMBURG1389 IHAMBURG450 IHAMBURG508 IHAMBURG1645 IHAMBURG1230 IHAMBURG1484 IHAMBURG971 IHAMBURG537 IHHWELLI2 IHAMBURG684 IHAMBURG1930 IHAMBURG1198 IHAMBURG797 IHAMBURG1200 IHAMBURG280 IHAMBURG751 IHHRAHLS3 IHAMBURG974 IHAMBURG10 IHAMBURG2080 IHAMBURG268 IHAMBURG957 IHAMBURG1512 IHHFARMS2 IHAMBURG195 IHHHAMBU2 IHAMBURG1108 IHAMBURG1928 IHAMBURG427 IHAMBURG2010 IHAMBURG1791 IHAMBURG1681 IHAMBURG315 IHAMBURG254 ISEEVETA74 IHAMBURG1268 IHAMBURG204 IHAMBURG60 IHAMBURG1779 IHAMBURG887 IHAMBURG172 IHAMBURG1755 IHAMBURG69 IHAMBURG1379 IHAMBURG1174 IHHWANDS2 IHAMBURG1870 IHHEISSE2 INORDERS21 IHAMBURG289 IHAMBURG81 IHAMBURG46 IHHWILHE2 IHAMBURG1248 IHAMBURG1068 IHHOSDOR2 IHAMBURG1026 IHAMBURG180 IHAMBURG805 IHHNIEND2 IHAMBURG338 IHAMBURG1164 IHAMBURG168 IHAMBURG1586 IHAMBURG1360 IHHTREUD3 IHHFUHLS2 IHAMBURG1990 IHAMBURG192 IHAMBURG772 IHAMBURG1995 IHAMBURG341 IHAMBURG1458 IHAMBURG367 IHAMBURG144 IHAMBURG454 IHAMBURG1216 IHAMBURG329 IHAMBURG1436 IHAMBURG620 IHAMBURG2041 IHAMBURG1368 IHHFARMS3 IHAMBURG1427 IHAMBURG279 IHAMBURG2062 IHAMBURG1002 IHAMBURG138 IHAMBURG154 IHAMBURG1787 IHHOTTEN2 IHAMBURG638 IHAMBURG1144 IHHLANGE3 IHAMBURG361 IHAMBURG1264 IHAMBURG1372 IHAMBURG82 IHAMBURG640 IHAMBURG2076 IHAMBURG335 IHAMBURG1989 IHAMBURG1116 IHAMBURG1830 IHAMBURG260 IHAMBURG342 IHAMBURG469 IHAMBURG1152 IHAMBURG1526 IHAMBURG360 IHAMBURG1917 IHAMBURG656 IHAMBURG2002 IHAMBURG674 IHAMBURG711 IHAMBURG436 IHAMBURG1941 IHAMBURG417 IHAMBURG256 IHAMBURG380 IHAMBURG2013 IHHLURUP2 IHAMBURG1236 IHHEIDEL2 IHAMBURG1962 IHAMBURG2029 IHAMBURG224 IHAMBURG1683 IHHFUHLS3 IHAMBURG41 IHAMBURG1464 IHAMBURG662 ISCHENEF11 IHAMBURG276 IHAMBURG1795 IHAMBURG274 IHAMBURG363 IHAMBURG199 IHAMBURG1500 IHAMBURG2039 IHAMBURG250 IHAMBURG863 IHHBARMB5 IHAMBURG1296 IHAMBURG787 IHAMBURG286 IHAMBURG262 IHAMBURG1015 IHAMBURG258 IHAMBURG1377 IHAMBURG1462 INORDERS72 IHAMBURG1052 IHAMBURG336 IHAMBURG840 IHAMBURG900 IHAMBURG405 IHAMBURG1823 IHAMBURG64 IHAMBURG164 IHAMBURG1346 IHAMBURG2066 IHAMBURG1350 IHAMBURG1942 IHAMBURG110 IHAMBURG1188 IHAMBURG188 IHAMBURG441 IHAMBURG390 IHAMBURG1932 IHAMBURG149 IHAMBURG170 IHAMBURG1832 ILBALVES2 IHHHOHEN3 IBARSBTT22 IHAMBURG1837 IHAMBURG1494 IHAMBURG1916 IHAMBURG527 IHAMBURG1184 IHAMBURG1370 IHAMBURG400 IHAMBURG1805 IHAMBURG1671 IHAMBURG1946 IHAMBURG988 IHAMBURG471 IHAMBURG1773 IHAMBURG308 IHAMBURG243 IHHMARIE3 IHAMBURG394 IHAMBURG1860 IHAMBURG269 IHAMBURG1864 IHAMBURG2072 IAHRENSB13 IHAMBURG487 IHAMBURG1098 IHAMBURG719 IHAMBURG567 IHAMBURG1124 IHAMBURG1797 IHAMBURG2017 IHAMBURG1252 IHAMBURG1332 IHAMBURG1284 IHAMBURG1635 IHAMBURG1661 IHAMBURG1929 IHAMBURG1918 IHAMBURG352 IHAMBURG1711 IHAMBURG789 IHAMBURG213 IHAMBURG2070 IHHKIRCH2 IHAMBURG875 IHAMBURG1282 IHAMBURG1973 IHAMBURG50 IHAMBURG456 IHAMBURG353 IHHBARMB6 IHAMBURG1306 IHAMBURG1845 IHAMBURG1202 IHHWINTE2 IHAMBURG1266 IHAMBURG1214 IHAMBURG150 IHHHELLB2 IHAMBURG1504 IHAMBURG1982 IHAMBURG446 IHAMBURG80 IHAMBURG481 IHHSCHNE3 IHAMBURG1920 IHAMBURG1092 IHORN16 IHAMBURG1759 IHAMBURG1890 IHAMBURG1118 IHAMBURG291 IHAMBURG316 IHAMBURG128 ISEEVETA49 IHAMBURG517 IHHHINSC4 IHAMBURG410 IHAMBURG1771 IHAMBURG2088 IHAMBURG1172 IHHKLEIN2 IHAMBURG1254 IHAMBURG1961 IHAMBURG439 IHAMBURG219 IHAMBURG215 IHHMARIE4 IHAMBURG628 IHAMBURG741 IHAMBURG404 IHAMBURG153 IHAMBURG762 IHAMBURG1192 IHHHAMBU5 IHAMBURG969 IHAMBURG123 IHAMBURG1308 IHAMBURG1629 IHAMBURG1342 IHAMBURG723 IHHROTHE2 IHAMBURG230 IHAMBURG514 IHAMBURG1106 IHAMBURG190 IHAMBURG118 IHAMBURG376 IHAMBURG1819 IHAMBURG1618 IHAMBURG1028 IHAMBURG1699 IHAMBURG1084 IHHHAMBU4 IHAMBURG1809 IHAMBURG2006 IHAMBURG1950 IHAMBURG20 IHHEINLA2 IHAMBURG1256 IHAMBURG1208 IHAMBURG1064 IHAMBURG1316 IHAMBURG1594 IHAMBURG1166 IHAMBURG206 IHAMBURG847 IHAMBURG218 IHAMBURG1548 IHAMBURG1076 IHAMBURG1880 IHAMBURG707 IHAMBURG423 IHAMBURG184 IHAMBURG1811 IHAMBURG136 IHAMBURG155 IHAMBURG531 IHAMBURG867 IHAMBURG1114 IHHHARBU2 IHAMBURG1639 IHAMBURG365 IHAMBURG175 IHAMBURG1234 IHAMBURG1813 IHAMBURG1974 IHAMBURG95 IHAMBURG598 IHAMBURG92 IHAMBURG2011 IHHWINTE4 IHHNEUGR2 IHAMBURG774 IHAMBURG98 IHAMBURG131 IHAMBURG2008 IHAMBURG152 IHAMBURG1988 IHAMBURG515 ILBHOOPT2 IHAMBURG646 IHAMBURG2085 IHAMBURG42 IHAMBURG1631 IHAMBURG990 IHAMBURG1679 IHAMBURG452 IHHALSTE2 IHAMBURG1086 IHAMBURG406 IHAMBURG108 IHHGROSS2 IHAMBURG1922 IHAMBURG2031 IHAMBURG1154 INORDERS98 IHAMBURG104 ISEEVETA78 IHAMBURG1502 IHHOHMOO2 IHAMBURG99 IHAMBURG61 IHAMBURG709 IHAMBURG1470 IHHMARIE5 IHAMBURG285 IHAMBURG497 IHAMBURG1985 IWENTORF21 IHAMBURG1945 IHAMBURG778 IHAMBURG1082 IHAMBURG292 IHAMBURG1391 IHAMBURG44 IHAMBURG22 IHAMBURG340 IHHSCHNE4 IHAMBURG2075 IHAMBURG1326 IHAMBURG1915 IHAMBURG162 IHAMBURG1998 IHAMBURG34 IHAMBURG1244 IHHCURSL2 IHAMBURG844 IHAMBURG242 IHAMBURG737 IHAMBURG52 IHAMBURG606 IHAMBURG2026 IHHDOCKE2 IHAMBURG963 IHAMBURG1516 IHAMBURG56 IHAMBURG2079 IHAMBURG113 IHAMBURG610 IHAMBURG2030 IBNNINGS3 IHAMBURG39 IHAMBURG648 IHAMBURG205 IHAMBURG32 IHAMBURG1158 IHAMBURG489 IHAMBURG2009 IHAMBURG2042 IHAMBURG1136 IHAMBURG354
2017-08-21 13:38:24,511 INFO nn          1.592 n=8768
2017-08-21 13:38:24,511 INFO idw_p2_cn3  1.305 n=8768
2017-08-21 13:38:24,511 INFO idw_p2_dt   1.383 n=8667
2017-08-21 13:38:24,512 INFO median_dt   1.146 n=8667
2017-08-21 13:38:24,512 INFO idw_p1_dt   1.259 n=8667
2017-08-21 13:38:24,512 INFO min_cn5     0.823 n=8768
2017-08-21 13:38:24,512 INFO idw_p1_cn5  1.461 n=8768
2017-08-21 13:38:24,512 INFO max_all     16.375 n=8768
2017-08-21 13:38:24,512 INFO mean_cn5    1.682 n=8768
2017-08-21 13:38:24,512 INFO min_cn3     0.907 n=8768
2017-08-21 13:38:24,512 INFO eddh        0.820 n=8757
2017-08-21 13:38:24,512 INFO mean_all    1.949 n=8768
2017-08-21 13:38:24,512 INFO idw_p3_cn5  1.221 n=8768
2017-08-21 13:38:24,512 INFO median_cn5  1.253 n=8768
2017-08-21 13:38:24,513 INFO median_all  1.732 n=8768
2017-08-21 13:38:24,513 INFO idw_p4_all  1.185 n=8768
2017-08-21 13:38:24,513 INFO idw_p1_all  1.781 n=8768
2017-08-21 13:38:24,513 INFO idw_p3_cn3  1.233 n=8768
2017-08-21 13:38:24,513 INFO mean_cn3    1.857 n=8768
2017-08-21 13:38:24,513 INFO min_all     4.722 n=8768
2017-08-21 13:38:24,513 INFO idw_p2_cn5  1.295 n=8768
2017-08-21 13:38:24,513 INFO idw_p4_cn3  1.217 n=8768
2017-08-21 13:38:24,513 INFO max_cn5     5.047 n=8768
2017-08-21 13:38:24,513 INFO max_dt      2.579 n=8667
2017-08-21 13:38:24,513 INFO idw_p2_all  1.451 n=8768
2017-08-21 13:38:24,514 INFO max_cn3     4.291 n=8768
2017-08-21 13:38:24,514 INFO idw_p4_cn5  1.205 n=8768
2017-08-21 13:38:24,514 INFO idw_p4_dt   1.440 n=8667
2017-08-21 13:38:24,514 INFO idw_p3_dt   1.428 n=8667
2017-08-21 13:38:24,514 INFO min_dt      0.844 n=8667
2017-08-21 13:38:24,514 INFO median_cn3  1.294 n=8768
2017-08-21 13:38:24,514 INFO idw_p3_all  1.222 n=8768
2017-08-21 13:38:24,514 INFO mean_dt     1.323 n=8667
2017-08-21 13:38:24,514 INFO idw_p1_cn3  1.494 n=8768
2017-08-21 13:38:24,514 INFO end method list
2017-08-21 13:38:24,754 INFO interpolate for LWM
2017-08-21 13:38:24,755 INFO currently at 4 out of 10
2017-08-21 13:38:24,755 INFO use IHAMBURG1300 IHHHINSC3 IHAMBURG812 IHAMBURG927 IHAMBURG109 IHAMBURG1411 IHAMBURG1691 ISANKTUR5 IHAMBURG978 IHAMBURG1919 IHAMBURG851 IHAMBURG106 IHHNEUBO3 IHHSTEIN2 IHAMBURG114 IHAMBURG1204 IHAMBURG1476 IHAMBURG1614 IHAMBURG229 IHAMBURG1088 IHAMBURG214 IHAMBURG2069 IHAMBURG1910 IHAMBURG803 IHAMBURG1110 IHAMBURG373 IHAMBURG1628 IHAMBURG1102 IHAMBURG398 IHAMBURG140 IHAMBURG1142 IHAMBURG654 IHAMBURG1508 IHHRISSE2 IHAMBURG910 IHAMBURG933 IHAMBURG1538 IHAMBURG1389 IHAMBURG450 IHAMBURG508 IHAMBURG1645 IHAMBURG1230 IHAMBURG1484 IHAMBURG971 IHAMBURG537 IHHWELLI2 IHAMBURG684 IHAMBURG1930 IHAMBURG1198 IHAMBURG797 IHAMBURG1200 IHAMBURG280 IHAMBURG751 IHHRAHLS3 IHAMBURG974 IHAMBURG10 IHAMBURG2080 IHAMBURG268 IHAMBURG957 IHAMBURG1512 IHHFARMS2 IHAMBURG195 IHHHAMBU2 IHAMBURG1108 IHAMBURG1928 IHAMBURG427 IHAMBURG2010 IHAMBURG1791 IHAMBURG1681 IHAMBURG315 IHAMBURG254 ISEEVETA74 IHAMBURG1268 IHAMBURG204 IHAMBURG60 IHAMBURG1779 IHAMBURG887 IHAMBURG172 IHAMBURG1755 IHAMBURG69 IHAMBURG1379 IHAMBURG1174 IHHWANDS2 IHAMBURG1870 IHHEISSE2 INORDERS21 IHAMBURG289 IHAMBURG81 IHAMBURG46 IHHWILHE2 IHAMBURG1248 IHAMBURG1068 IHHOSDOR2 IHAMBURG1026 IHAMBURG180 IHAMBURG805 IHHNIEND2 IHAMBURG338 IHAMBURG1164 IHAMBURG168 IHAMBURG1586 IHAMBURG1360 IHHTREUD3 IHHFUHLS2 IHAMBURG1990 IHAMBURG192 IHAMBURG772 IHAMBURG1995 IHAMBURG341 IHAMBURG1458 IHAMBURG367 IHAMBURG144 IHAMBURG454 IHAMBURG1216 IHAMBURG329 IHAMBURG1436 IHAMBURG620 IHAMBURG2041 IHAMBURG1368 IHHFARMS3 IHAMBURG1427 IHAMBURG279 IHAMBURG2062 IHAMBURG1002 IHAMBURG138 IHAMBURG154 IHAMBURG1787 IHHOTTEN2 IHAMBURG638 IHAMBURG1144 IHHLANGE3 IHAMBURG361 IHAMBURG1264 IHAMBURG1372 IHAMBURG82 IHAMBURG640 IHAMBURG2076 IHAMBURG335 IHAMBURG1989 IHAMBURG1116 IHAMBURG1830 IHAMBURG260 IHAMBURG342 IHAMBURG469 IHAMBURG1152 IHAMBURG1526 IHAMBURG360 IHAMBURG1917 IHAMBURG656 IHAMBURG2002 IHAMBURG674 IHAMBURG711 IHAMBURG436 IHAMBURG1941 IHAMBURG417 IHAMBURG256 IHAMBURG380 IHAMBURG2013 IHHLURUP2 IHAMBURG1236 IHHEIDEL2 IHAMBURG1962 IHAMBURG2029 IHAMBURG224 IHAMBURG1683 IHHFUHLS3 IHAMBURG41 IHAMBURG1464 IHAMBURG662 ISCHENEF11 IHAMBURG276 IHAMBURG1795 IHAMBURG274 IHAMBURG363 IHAMBURG199 IHAMBURG1500 IHAMBURG2039 IHAMBURG250 IHAMBURG863 IHHBARMB5 IHAMBURG1296 IHAMBURG787 IHAMBURG286 IHAMBURG262 IHAMBURG1015 IHAMBURG258 IHAMBURG1377 IHAMBURG1462 INORDERS72 IHAMBURG1052 IHAMBURG336 IHAMBURG840 IHAMBURG900 IHAMBURG405 IHAMBURG1823 IHAMBURG64 IHAMBURG164 IHAMBURG1346 IHAMBURG2066 IHAMBURG1350 IHAMBURG1942 IHAMBURG110 IHAMBURG1188 IHAMBURG188 IHAMBURG441 IHAMBURG390 IHAMBURG1932 IHAMBURG149 IHAMBURG170 IHAMBURG1832 ILBALVES2 IHHHOHEN3 IBARSBTT22 IHAMBURG1837 IHAMBURG1494 IHAMBURG1916 IHAMBURG527 IHAMBURG1184 IHAMBURG1370 IHAMBURG400 IHAMBURG1805 IHAMBURG1671 IHAMBURG1946 IHAMBURG988 IHAMBURG471 IHAMBURG1773 IHAMBURG308 IHAMBURG243 IHHMARIE3 IHAMBURG394 IHAMBURG1860 IHAMBURG269 IHAMBURG1864 IHAMBURG2072 IAHRENSB13 IHAMBURG487 IHAMBURG1098 IHAMBURG719 IHAMBURG567 IHAMBURG1124 IHAMBURG1797 IHAMBURG2017 IHAMBURG1252 IHAMBURG1332 IHAMBURG1284 IHAMBURG1635 IHAMBURG1661 IHAMBURG1929 IHAMBURG1918 IHAMBURG352 IHAMBURG1711 IHAMBURG789 IHAMBURG213 IHAMBURG2070 IHHKIRCH2 IHAMBURG875 IHAMBURG1282 IHAMBURG1973 IHAMBURG50 IHAMBURG456 IHAMBURG353 IHHBARMB6 IHAMBURG1306 IHAMBURG1845 IHAMBURG1202 IHHWINTE2 IHAMBURG1266 IHAMBURG1214 IHAMBURG150 IHHHELLB2 IHAMBURG1504 IHAMBURG1982 IHAMBURG446 IHAMBURG80 IHAMBURG481 IHHSCHNE3 IHAMBURG1920 IHAMBURG1092 IHORN16 IHAMBURG1759 IHAMBURG1890 IHAMBURG1118 IHAMBURG291 IHAMBURG316 IHAMBURG128 ISEEVETA49 IHAMBURG517 IHHHINSC4 IHAMBURG410 IHAMBURG1771 IHAMBURG2088 IHAMBURG1172 IHHKLEIN2 IHAMBURG1254 IHAMBURG1961 IHAMBURG439 IHAMBURG219 IHAMBURG215 IHHMARIE4 IHAMBURG628 IHAMBURG741 IHAMBURG404 IHAMBURG153 IHAMBURG762 IHAMBURG1192 IHHHAMBU5 IHAMBURG969 IHAMBURG123 IHAMBURG1308 IHAMBURG1629 IHAMBURG1342 IHAMBURG723 IHHROTHE2 IHAMBURG230 IHAMBURG514 IHAMBURG1106 IHAMBURG190 IHAMBURG118 IHAMBURG376 IHAMBURG1819 IHAMBURG1618 IHAMBURG1028 IHAMBURG1699 IHAMBURG1084 IHHHAMBU4 IHAMBURG1809 IHAMBURG2006 IHAMBURG1950 IHAMBURG20 IHHEINLA2 IHAMBURG1256 IHAMBURG1208 IHAMBURG1064 IHAMBURG1316 IHAMBURG1594 IHAMBURG1166 IHAMBURG206 IHAMBURG847 IHAMBURG218 IHAMBURG1548 IHAMBURG1076 IHAMBURG1880 IHAMBURG707 IHAMBURG423 IHAMBURG184 IHAMBURG1811 IHAMBURG136 IHAMBURG155 IHAMBURG531 IHAMBURG867 IHAMBURG1114 IHHHARBU2 IHAMBURG1639 IHAMBURG365 IHAMBURG175 IHAMBURG1234 IHAMBURG1813 IHAMBURG1974 IHAMBURG95 IHAMBURG598 IHAMBURG92 IHAMBURG2011 IHHWINTE4 IHHNEUGR2 IHAMBURG774 IHAMBURG98 IHAMBURG131 IHAMBURG2008 IHAMBURG152 IHAMBURG1988 IHAMBURG515 ILBHOOPT2 IHAMBURG646 IHAMBURG2085 IHAMBURG42 IHAMBURG1631 IHAMBURG990 IHAMBURG1679 IHAMBURG452 IHHALSTE2 IHAMBURG1086 IHAMBURG406 IHAMBURG108 IHHGROSS2 IHAMBURG1922 IHAMBURG2031 IHAMBURG1154 INORDERS98 IHAMBURG104 ISEEVETA78 IHAMBURG1502 IHHOHMOO2 IHAMBURG99 IHAMBURG61 IHAMBURG709 IHAMBURG1470 IHHMARIE5 IHAMBURG285 IHAMBURG497 IHAMBURG1985 IWENTORF21 IHAMBURG1945 IHAMBURG778 IHAMBURG1082 IHAMBURG292 IHAMBURG1391 IHAMBURG44 IHAMBURG22 IHAMBURG340 IHHSCHNE4 IHAMBURG2075 IHAMBURG1326 IHAMBURG1915 IHAMBURG162 IHAMBURG1998 IHAMBURG34 IHAMBURG1244 IHHCURSL2 IHAMBURG844 IHAMBURG242 IHAMBURG737 IHAMBURG52 IHAMBURG606 IHAMBURG2026 IHHDOCKE2 IHAMBURG963 IHAMBURG1516 IHAMBURG56 IHAMBURG2079 IHAMBURG113 IHAMBURG610 IHAMBURG2030 IBNNINGS3 IHAMBURG39 IHAMBURG648 IHAMBURG205 IHAMBURG32 IHAMBURG1158 IHAMBURG489 IHAMBURG2009 IHAMBURG2042 IHAMBURG1136 IHAMBURG354
2017-08-21 14:03:23,223 INFO nn          1.680 n=8521
2017-08-21 14:03:23,224 INFO idw_p2_cn3  1.660 n=8521
2017-08-21 14:03:23,224 INFO min_cn5     0.833 n=8521
2017-08-21 14:03:23,224 INFO idw_p1_cn5  1.633 n=8521
2017-08-21 14:03:23,224 INFO max_all     16.468 n=8521
2017-08-21 14:03:23,224 INFO mean_cn5    1.688 n=8521
2017-08-21 14:03:23,224 INFO min_cn3     0.936 n=8521
2017-08-21 14:03:23,225 INFO eddh        0.970 n=8507
2017-08-21 14:03:23,225 INFO mean_all    2.071 n=8521
2017-08-21 14:03:23,225 INFO idw_p3_cn5  1.501 n=8521
2017-08-21 14:03:23,225 INFO median_cn5  1.304 n=8521
2017-08-21 14:03:23,225 INFO median_all  1.855 n=8521
2017-08-21 14:03:23,225 INFO idw_p4_all  1.478 n=8521
2017-08-21 14:03:23,225 INFO idw_p3_cn3  1.552 n=8521
2017-08-21 14:03:23,225 INFO mean_cn3    1.960 n=8521
2017-08-21 14:03:23,225 INFO min_all     4.603 n=8521
2017-08-21 14:03:23,225 INFO idw_p2_cn5  1.567 n=8521
2017-08-21 14:03:23,225 INFO idw_p4_cn3  1.472 n=8521
2017-08-21 14:03:23,226 INFO max_cn5     4.603 n=8521
2017-08-21 14:03:23,226 INFO idw_p2_all  1.776 n=8521
2017-08-21 14:03:23,226 INFO max_cn3     4.362 n=8521
2017-08-21 14:03:23,226 INFO idw_p4_cn5  1.442 n=8521
2017-08-21 14:03:23,226 INFO idw_p1_all  1.944 n=8521
2017-08-21 14:03:23,226 INFO median_cn3  1.340 n=8521
2017-08-21 14:03:23,226 INFO idw_p3_all  1.602 n=8521
2017-08-21 14:03:23,226 INFO idw_p1_cn3  1.796 n=8521
2017-08-21 14:03:23,226 INFO end method list
2017-08-21 14:03:23,480 INFO interpolate for RIM
2017-08-21 14:03:23,481 INFO currently at 5 out of 10
2017-08-21 14:03:23,481 INFO use IHAMBURG1300 IHHHINSC3 IHAMBURG812 IHAMBURG927 IHAMBURG109 IHAMBURG1411 IHAMBURG1691 ISANKTUR5 IHAMBURG978 IHAMBURG1919 IHAMBURG851 IHAMBURG106 IHHNEUBO3 IHHSTEIN2 IHAMBURG114 IHAMBURG1204 IHAMBURG1476 IHAMBURG1614 IHAMBURG229 IHAMBURG1088 IHAMBURG214 IHAMBURG2069 IHAMBURG1910 IHAMBURG803 IHAMBURG1110 IHAMBURG373 IHAMBURG1628 IHAMBURG1102 IHAMBURG398 IHAMBURG140 IHAMBURG1142 IHAMBURG654 IHAMBURG1508 IHHRISSE2 IHAMBURG910 IHAMBURG933 IHAMBURG1538 IHAMBURG1389 IHAMBURG450 IHAMBURG508 IHAMBURG1645 IHAMBURG1230 IHAMBURG1484 IHAMBURG971 IHAMBURG537 IHHWELLI2 IHAMBURG684 IHAMBURG1930 IHAMBURG1198 IHAMBURG797 IHAMBURG1200 IHAMBURG280 IHAMBURG751 IHHRAHLS3 IHAMBURG974 IHAMBURG10 IHAMBURG2080 IHAMBURG268 IHAMBURG957 IHAMBURG1512 IHHFARMS2 IHAMBURG195 IHHHAMBU2 IHAMBURG1108 IHAMBURG1928 IHAMBURG427 IHAMBURG2010 IHAMBURG1791 IHAMBURG1681 IHAMBURG315 IHAMBURG254 ISEEVETA74 IHAMBURG1268 IHAMBURG204 IHAMBURG60 IHAMBURG1779 IHAMBURG887 IHAMBURG172 IHAMBURG1755 IHAMBURG69 IHAMBURG1379 IHAMBURG1174 IHHWANDS2 IHAMBURG1870 IHHEISSE2 INORDERS21 IHAMBURG289 IHAMBURG81 IHAMBURG46 IHHWILHE2 IHAMBURG1248 IHAMBURG1068 IHHOSDOR2 IHAMBURG1026 IHAMBURG180 IHAMBURG805 IHHNIEND2 IHAMBURG338 IHAMBURG1164 IHAMBURG168 IHAMBURG1586 IHAMBURG1360 IHHTREUD3 IHHFUHLS2 IHAMBURG1990 IHAMBURG192 IHAMBURG772 IHAMBURG1995 IHAMBURG341 IHAMBURG1458 IHAMBURG367 IHAMBURG144 IHAMBURG454 IHAMBURG1216 IHAMBURG329 IHAMBURG1436 IHAMBURG620 IHAMBURG2041 IHAMBURG1368 IHHFARMS3 IHAMBURG1427 IHAMBURG279 IHAMBURG2062 IHAMBURG1002 IHAMBURG138 IHAMBURG154 IHAMBURG1787 IHHOTTEN2 IHAMBURG638 IHAMBURG1144 IHHLANGE3 IHAMBURG361 IHAMBURG1264 IHAMBURG1372 IHAMBURG82 IHAMBURG640 IHAMBURG2076 IHAMBURG335 IHAMBURG1989 IHAMBURG1116 IHAMBURG1830 IHAMBURG260 IHAMBURG342 IHAMBURG469 IHAMBURG1152 IHAMBURG1526 IHAMBURG360 IHAMBURG1917 IHAMBURG656 IHAMBURG2002 IHAMBURG674 IHAMBURG711 IHAMBURG436 IHAMBURG1941 IHAMBURG417 IHAMBURG256 IHAMBURG380 IHAMBURG2013 IHHLURUP2 IHAMBURG1236 IHHEIDEL2 IHAMBURG1962 IHAMBURG2029 IHAMBURG224 IHAMBURG1683 IHHFUHLS3 IHAMBURG41 IHAMBURG1464 IHAMBURG662 ISCHENEF11 IHAMBURG276 IHAMBURG1795 IHAMBURG274 IHAMBURG363 IHAMBURG199 IHAMBURG1500 IHAMBURG2039 IHAMBURG250 IHAMBURG863 IHHBARMB5 IHAMBURG1296 IHAMBURG787 IHAMBURG286 IHAMBURG262 IHAMBURG1015 IHAMBURG258 IHAMBURG1377 IHAMBURG1462 INORDERS72 IHAMBURG1052 IHAMBURG336 IHAMBURG840 IHAMBURG900 IHAMBURG405 IHAMBURG1823 IHAMBURG64 IHAMBURG164 IHAMBURG1346 IHAMBURG2066 IHAMBURG1350 IHAMBURG1942 IHAMBURG110 IHAMBURG1188 IHAMBURG188 IHAMBURG441 IHAMBURG390 IHAMBURG1932 IHAMBURG149 IHAMBURG170 IHAMBURG1832 ILBALVES2 IHHHOHEN3 IBARSBTT22 IHAMBURG1837 IHAMBURG1494 IHAMBURG1916 IHAMBURG527 IHAMBURG1184 IHAMBURG1370 IHAMBURG400 IHAMBURG1805 IHAMBURG1671 IHAMBURG1946 IHAMBURG988 IHAMBURG471 IHAMBURG1773 IHAMBURG308 IHAMBURG243 IHHMARIE3 IHAMBURG394 IHAMBURG1860 IHAMBURG269 IHAMBURG1864 IHAMBURG2072 IAHRENSB13 IHAMBURG487 IHAMBURG1098 IHAMBURG719 IHAMBURG567 IHAMBURG1124 IHAMBURG1797 IHAMBURG2017 IHAMBURG1252 IHAMBURG1332 IHAMBURG1284 IHAMBURG1635 IHAMBURG1661 IHAMBURG1929 IHAMBURG1918 IHAMBURG352 IHAMBURG1711 IHAMBURG789 IHAMBURG213 IHAMBURG2070 IHHKIRCH2 IHAMBURG875 IHAMBURG1282 IHAMBURG1973 IHAMBURG50 IHAMBURG456 IHAMBURG353 IHHBARMB6 IHAMBURG1306 IHAMBURG1845 IHAMBURG1202 IHHWINTE2 IHAMBURG1266 IHAMBURG1214 IHAMBURG150 IHHHELLB2 IHAMBURG1504 IHAMBURG1982 IHAMBURG446 IHAMBURG80 IHAMBURG481 IHHSCHNE3 IHAMBURG1920 IHAMBURG1092 IHORN16 IHAMBURG1759 IHAMBURG1890 IHAMBURG1118 IHAMBURG291 IHAMBURG316 IHAMBURG128 ISEEVETA49 IHAMBURG517 IHHHINSC4 IHAMBURG410 IHAMBURG1771 IHAMBURG2088 IHAMBURG1172 IHHKLEIN2 IHAMBURG1254 IHAMBURG1961 IHAMBURG439 IHAMBURG219 IHAMBURG215 IHHMARIE4 IHAMBURG628 IHAMBURG741 IHAMBURG404 IHAMBURG153 IHAMBURG762 IHAMBURG1192 IHHHAMBU5 IHAMBURG969 IHAMBURG123 IHAMBURG1308 IHAMBURG1629 IHAMBURG1342 IHAMBURG723 IHHROTHE2 IHAMBURG230 IHAMBURG514 IHAMBURG1106 IHAMBURG190 IHAMBURG118 IHAMBURG376 IHAMBURG1819 IHAMBURG1618 IHAMBURG1028 IHAMBURG1699 IHAMBURG1084 IHHHAMBU4 IHAMBURG1809 IHAMBURG2006 IHAMBURG1950 IHAMBURG20 IHHEINLA2 IHAMBURG1256 IHAMBURG1208 IHAMBURG1064 IHAMBURG1316 IHAMBURG1594 IHAMBURG1166 IHAMBURG206 IHAMBURG847 IHAMBURG218 IHAMBURG1548 IHAMBURG1076 IHAMBURG1880 IHAMBURG707 IHAMBURG423 IHAMBURG184 IHAMBURG1811 IHAMBURG136 IHAMBURG155 IHAMBURG531 IHAMBURG867 IHAMBURG1114 IHHHARBU2 IHAMBURG1639 IHAMBURG365 IHAMBURG175 IHAMBURG1234 IHAMBURG1813 IHAMBURG1974 IHAMBURG95 IHAMBURG598 IHAMBURG92 IHAMBURG2011 IHHWINTE4 IHHNEUGR2 IHAMBURG774 IHAMBURG98 IHAMBURG131 IHAMBURG2008 IHAMBURG152 IHAMBURG1988 IHAMBURG515 ILBHOOPT2 IHAMBURG646 IHAMBURG2085 IHAMBURG42 IHAMBURG1631 IHAMBURG990 IHAMBURG1679 IHAMBURG452 IHHALSTE2 IHAMBURG1086 IHAMBURG406 IHAMBURG108 IHHGROSS2 IHAMBURG1922 IHAMBURG2031 IHAMBURG1154 INORDERS98 IHAMBURG104 ISEEVETA78 IHAMBURG1502 IHHOHMOO2 IHAMBURG99 IHAMBURG61 IHAMBURG709 IHAMBURG1470 IHHMARIE5 IHAMBURG285 IHAMBURG497 IHAMBURG1985 IWENTORF21 IHAMBURG1945 IHAMBURG778 IHAMBURG1082 IHAMBURG292 IHAMBURG1391 IHAMBURG44 IHAMBURG22 IHAMBURG340 IHHSCHNE4 IHAMBURG2075 IHAMBURG1326 IHAMBURG1915 IHAMBURG162 IHAMBURG1998 IHAMBURG34 IHAMBURG1244 IHHCURSL2 IHAMBURG844 IHAMBURG242 IHAMBURG737 IHAMBURG52 IHAMBURG606 IHAMBURG2026 IHHDOCKE2 IHAMBURG963 IHAMBURG1516 IHAMBURG56 IHAMBURG2079 IHAMBURG113 IHAMBURG610 IHAMBURG2030 IBNNINGS3 IHAMBURG39 IHAMBURG648 IHAMBURG205 IHAMBURG32 IHAMBURG1158 IHAMBURG489 IHAMBURG2009 IHAMBURG2042 IHAMBURG1136 IHAMBURG354
2017-08-21 14:29:05,554 INFO nn          2.215 n=8758
2017-08-21 14:29:05,555 INFO idw_p2_cn3  2.026 n=8758
2017-08-21 14:29:05,555 INFO idw_p2_dt   2.088 n=7754
2017-08-21 14:29:05,555 INFO median_dt   1.909 n=7754
2017-08-21 14:29:05,555 INFO idw_p1_dt   2.037 n=7754
2017-08-21 14:29:05,555 INFO min_cn5     1.051 n=8758
2017-08-21 14:29:05,555 INFO idw_p1_cn5  1.747 n=8758
2017-08-21 14:29:05,555 INFO max_all     16.248 n=8758
2017-08-21 14:29:05,555 INFO mean_cn5    1.438 n=8758
2017-08-21 14:29:05,555 INFO min_cn3     1.312 n=8758
2017-08-21 14:29:05,555 INFO eddh        0.980 n=8748
2017-08-21 14:29:05,555 INFO mean_all    1.819 n=8758
2017-08-21 14:29:05,556 INFO idw_p3_cn5  2.043 n=8758
2017-08-21 14:29:05,556 INFO median_cn5  1.451 n=8758
2017-08-21 14:29:05,556 INFO median_all  1.603 n=8758
2017-08-21 14:29:05,556 INFO idw_p4_all  2.070 n=8758
2017-08-21 14:29:05,556 INFO idw_p4_dt   2.119 n=7754
2017-08-21 14:29:05,556 INFO idw_p3_cn3  2.063 n=8758
2017-08-21 14:29:05,556 INFO mean_cn3    1.837 n=8758
2017-08-21 14:29:05,556 INFO min_all     4.835 n=8758
2017-08-21 14:29:05,556 INFO idw_p2_cn5  1.956 n=8758
2017-08-21 14:29:05,556 INFO idw_p4_cn3  2.078 n=8758
2017-08-21 14:29:05,556 INFO max_cn5     2.902 n=8758
2017-08-21 14:29:05,556 INFO max_dt      3.138 n=7754
2017-08-21 14:29:05,557 INFO idw_p2_all  1.896 n=8758
2017-08-21 14:29:05,557 INFO max_cn3     2.839 n=8758
2017-08-21 14:29:05,557 INFO idw_p4_cn5  2.072 n=8758
2017-08-21 14:29:05,557 INFO idw_p1_all  1.815 n=8758
2017-08-21 14:29:05,557 INFO idw_p3_dt   2.111 n=7754
2017-08-21 14:29:05,557 INFO min_dt      1.396 n=7754
2017-08-21 14:29:05,557 INFO median_cn3  1.771 n=8758
2017-08-21 14:29:05,557 INFO idw_p3_all  2.028 n=8758
2017-08-21 14:29:05,557 INFO mean_dt     2.007 n=7754
2017-08-21 14:29:05,557 INFO idw_p1_cn3  1.950 n=8758
2017-08-21 14:29:05,557 INFO end method list
2017-08-21 14:29:05,812 INFO interpolate for SGM
2017-08-21 14:29:05,812 INFO currently at 6 out of 10
2017-08-21 14:29:05,813 INFO use IHAMBURG1300 IHHHINSC3 IHAMBURG812 IHAMBURG927 IHAMBURG109 IHAMBURG1411 IHAMBURG1691 ISANKTUR5 IHAMBURG978 IHAMBURG1919 IHAMBURG851 IHAMBURG106 IHHNEUBO3 IHHSTEIN2 IHAMBURG114 IHAMBURG1204 IHAMBURG1476 IHAMBURG1614 IHAMBURG229 IHAMBURG1088 IHAMBURG214 IHAMBURG2069 IHAMBURG1910 IHAMBURG803 IHAMBURG1110 IHAMBURG373 IHAMBURG1628 IHAMBURG1102 IHAMBURG398 IHAMBURG140 IHAMBURG1142 IHAMBURG654 IHAMBURG1508 IHHRISSE2 IHAMBURG910 IHAMBURG933 IHAMBURG1538 IHAMBURG1389 IHAMBURG450 IHAMBURG508 IHAMBURG1645 IHAMBURG1230 IHAMBURG1484 IHAMBURG971 IHAMBURG537 IHHWELLI2 IHAMBURG684 IHAMBURG1930 IHAMBURG1198 IHAMBURG797 IHAMBURG1200 IHAMBURG280 IHAMBURG751 IHHRAHLS3 IHAMBURG974 IHAMBURG10 IHAMBURG2080 IHAMBURG268 IHAMBURG957 IHAMBURG1512 IHHFARMS2 IHAMBURG195 IHHHAMBU2 IHAMBURG1108 IHAMBURG1928 IHAMBURG427 IHAMBURG2010 IHAMBURG1791 IHAMBURG1681 IHAMBURG315 IHAMBURG254 ISEEVETA74 IHAMBURG1268 IHAMBURG204 IHAMBURG60 IHAMBURG1779 IHAMBURG887 IHAMBURG172 IHAMBURG1755 IHAMBURG69 IHAMBURG1379 IHAMBURG1174 IHHWANDS2 IHAMBURG1870 IHHEISSE2 INORDERS21 IHAMBURG289 IHAMBURG81 IHAMBURG46 IHHWILHE2 IHAMBURG1248 IHAMBURG1068 IHHOSDOR2 IHAMBURG1026 IHAMBURG180 IHAMBURG805 IHHNIEND2 IHAMBURG338 IHAMBURG1164 IHAMBURG168 IHAMBURG1586 IHAMBURG1360 IHHTREUD3 IHHFUHLS2 IHAMBURG1990 IHAMBURG192 IHAMBURG772 IHAMBURG1995 IHAMBURG341 IHAMBURG1458 IHAMBURG367 IHAMBURG144 IHAMBURG454 IHAMBURG1216 IHAMBURG329 IHAMBURG1436 IHAMBURG620 IHAMBURG2041 IHAMBURG1368 IHHFARMS3 IHAMBURG1427 IHAMBURG279 IHAMBURG2062 IHAMBURG1002 IHAMBURG138 IHAMBURG154 IHAMBURG1787 IHHOTTEN2 IHAMBURG638 IHAMBURG1144 IHHLANGE3 IHAMBURG361 IHAMBURG1264 IHAMBURG1372 IHAMBURG82 IHAMBURG640 IHAMBURG2076 IHAMBURG335 IHAMBURG1989 IHAMBURG1116 IHAMBURG1830 IHAMBURG260 IHAMBURG342 IHAMBURG469 IHAMBURG1152 IHAMBURG1526 IHAMBURG360 IHAMBURG1917 IHAMBURG656 IHAMBURG2002 IHAMBURG674 IHAMBURG711 IHAMBURG436 IHAMBURG1941 IHAMBURG417 IHAMBURG256 IHAMBURG380 IHAMBURG2013 IHHLURUP2 IHAMBURG1236 IHHEIDEL2 IHAMBURG1962 IHAMBURG2029 IHAMBURG224 IHAMBURG1683 IHHFUHLS3 IHAMBURG41 IHAMBURG1464 IHAMBURG662 ISCHENEF11 IHAMBURG276 IHAMBURG1795 IHAMBURG274 IHAMBURG363 IHAMBURG199 IHAMBURG1500 IHAMBURG2039 IHAMBURG250 IHAMBURG863 IHHBARMB5 IHAMBURG1296 IHAMBURG787 IHAMBURG286 IHAMBURG262 IHAMBURG1015 IHAMBURG258 IHAMBURG1377 IHAMBURG1462 INORDERS72 IHAMBURG1052 IHAMBURG336 IHAMBURG840 IHAMBURG900 IHAMBURG405 IHAMBURG1823 IHAMBURG64 IHAMBURG164 IHAMBURG1346 IHAMBURG2066 IHAMBURG1350 IHAMBURG1942 IHAMBURG110 IHAMBURG1188 IHAMBURG188 IHAMBURG441 IHAMBURG390 IHAMBURG1932 IHAMBURG149 IHAMBURG170 IHAMBURG1832 ILBALVES2 IHHHOHEN3 IBARSBTT22 IHAMBURG1837 IHAMBURG1494 IHAMBURG1916 IHAMBURG527 IHAMBURG1184 IHAMBURG1370 IHAMBURG400 IHAMBURG1805 IHAMBURG1671 IHAMBURG1946 IHAMBURG988 IHAMBURG471 IHAMBURG1773 IHAMBURG308 IHAMBURG243 IHHMARIE3 IHAMBURG394 IHAMBURG1860 IHAMBURG269 IHAMBURG1864 IHAMBURG2072 IAHRENSB13 IHAMBURG487 IHAMBURG1098 IHAMBURG719 IHAMBURG567 IHAMBURG1124 IHAMBURG1797 IHAMBURG2017 IHAMBURG1252 IHAMBURG1332 IHAMBURG1284 IHAMBURG1635 IHAMBURG1661 IHAMBURG1929 IHAMBURG1918 IHAMBURG352 IHAMBURG1711 IHAMBURG789 IHAMBURG213 IHAMBURG2070 IHHKIRCH2 IHAMBURG875 IHAMBURG1282 IHAMBURG1973 IHAMBURG50 IHAMBURG456 IHAMBURG353 IHHBARMB6 IHAMBURG1306 IHAMBURG1845 IHAMBURG1202 IHHWINTE2 IHAMBURG1266 IHAMBURG1214 IHAMBURG150 IHHHELLB2 IHAMBURG1504 IHAMBURG1982 IHAMBURG446 IHAMBURG80 IHAMBURG481 IHHSCHNE3 IHAMBURG1920 IHAMBURG1092 IHORN16 IHAMBURG1759 IHAMBURG1890 IHAMBURG1118 IHAMBURG291 IHAMBURG316 IHAMBURG128 ISEEVETA49 IHAMBURG517 IHHHINSC4 IHAMBURG410 IHAMBURG1771 IHAMBURG2088 IHAMBURG1172 IHHKLEIN2 IHAMBURG1254 IHAMBURG1961 IHAMBURG439 IHAMBURG219 IHAMBURG215 IHHMARIE4 IHAMBURG628 IHAMBURG741 IHAMBURG404 IHAMBURG153 IHAMBURG762 IHAMBURG1192 IHHHAMBU5 IHAMBURG969 IHAMBURG123 IHAMBURG1308 IHAMBURG1629 IHAMBURG1342 IHAMBURG723 IHHROTHE2 IHAMBURG230 IHAMBURG514 IHAMBURG1106 IHAMBURG190 IHAMBURG118 IHAMBURG376 IHAMBURG1819 IHAMBURG1618 IHAMBURG1028 IHAMBURG1699 IHAMBURG1084 IHHHAMBU4 IHAMBURG1809 IHAMBURG2006 IHAMBURG1950 IHAMBURG20 IHHEINLA2 IHAMBURG1256 IHAMBURG1208 IHAMBURG1064 IHAMBURG1316 IHAMBURG1594 IHAMBURG1166 IHAMBURG206 IHAMBURG847 IHAMBURG218 IHAMBURG1548 IHAMBURG1076 IHAMBURG1880 IHAMBURG707 IHAMBURG423 IHAMBURG184 IHAMBURG1811 IHAMBURG136 IHAMBURG155 IHAMBURG531 IHAMBURG867 IHAMBURG1114 IHHHARBU2 IHAMBURG1639 IHAMBURG365 IHAMBURG175 IHAMBURG1234 IHAMBURG1813 IHAMBURG1974 IHAMBURG95 IHAMBURG598 IHAMBURG92 IHAMBURG2011 IHHWINTE4 IHHNEUGR2 IHAMBURG774 IHAMBURG98 IHAMBURG131 IHAMBURG2008 IHAMBURG152 IHAMBURG1988 IHAMBURG515 ILBHOOPT2 IHAMBURG646 IHAMBURG2085 IHAMBURG42 IHAMBURG1631 IHAMBURG990 IHAMBURG1679 IHAMBURG452 IHHALSTE2 IHAMBURG1086 IHAMBURG406 IHAMBURG108 IHHGROSS2 IHAMBURG1922 IHAMBURG2031 IHAMBURG1154 INORDERS98 IHAMBURG104 ISEEVETA78 IHAMBURG1502 IHHOHMOO2 IHAMBURG99 IHAMBURG61 IHAMBURG709 IHAMBURG1470 IHHMARIE5 IHAMBURG285 IHAMBURG497 IHAMBURG1985 IWENTORF21 IHAMBURG1945 IHAMBURG778 IHAMBURG1082 IHAMBURG292 IHAMBURG1391 IHAMBURG44 IHAMBURG22 IHAMBURG340 IHHSCHNE4 IHAMBURG2075 IHAMBURG1326 IHAMBURG1915 IHAMBURG162 IHAMBURG1998 IHAMBURG34 IHAMBURG1244 IHHCURSL2 IHAMBURG844 IHAMBURG242 IHAMBURG737 IHAMBURG52 IHAMBURG606 IHAMBURG2026 IHHDOCKE2 IHAMBURG963 IHAMBURG1516 IHAMBURG56 IHAMBURG2079 IHAMBURG113 IHAMBURG610 IHAMBURG2030 IBNNINGS3 IHAMBURG39 IHAMBURG648 IHAMBURG205 IHAMBURG32 IHAMBURG1158 IHAMBURG489 IHAMBURG2009 IHAMBURG2042 IHAMBURG1136 IHAMBURG354
2017-08-21 14:54:44,095 INFO nn          1.245 n=8783
2017-08-21 14:54:44,096 INFO idw_p2_cn3  1.319 n=8783
2017-08-21 14:54:44,096 INFO idw_p2_dt   1.215 n=8738
2017-08-21 14:54:44,096 INFO median_dt   1.343 n=8738
2017-08-21 14:54:44,096 INFO idw_p1_dt   1.266 n=8738
2017-08-21 14:54:44,096 INFO min_cn5     1.158 n=8783
2017-08-21 14:54:44,096 INFO idw_p1_cn5  1.535 n=8783
2017-08-21 14:54:44,096 INFO max_all     16.255 n=8783
2017-08-21 14:54:44,097 INFO mean_cn5    1.660 n=8783
2017-08-21 14:54:44,097 INFO min_cn3     0.972 n=8783
2017-08-21 14:54:44,097 INFO eddh        0.737 n=8773
2017-08-21 14:54:44,097 INFO mean_all    1.822 n=8783
2017-08-21 14:54:44,097 INFO idw_p3_cn5  1.313 n=8783
2017-08-21 14:54:44,097 INFO median_cn5  1.417 n=8783
2017-08-21 14:54:44,097 INFO median_all  1.593 n=8783
2017-08-21 14:54:44,097 INFO idw_p4_all  1.302 n=8783
2017-08-21 14:54:44,097 INFO idw_p1_all  1.842 n=8783
2017-08-21 14:54:44,097 INFO idw_p3_cn3  1.277 n=8783
2017-08-21 14:54:44,098 INFO mean_cn3    1.439 n=8783
2017-08-21 14:54:44,098 INFO min_all     4.788 n=8783
2017-08-21 14:54:44,098 INFO idw_p2_cn5  1.407 n=8783
2017-08-21 14:54:44,098 INFO idw_p4_cn3  1.253 n=8783
2017-08-21 14:54:44,098 INFO max_cn5     3.408 n=8783
2017-08-21 14:54:44,098 INFO max_dt      2.110 n=8738
2017-08-21 14:54:44,098 INFO idw_p2_all  1.720 n=8783
2017-08-21 14:54:44,098 INFO max_cn3     2.251 n=8783
2017-08-21 14:54:44,098 INFO idw_p4_cn5  1.262 n=8783
2017-08-21 14:54:44,098 INFO idw_p4_dt   1.220 n=8738
2017-08-21 14:54:44,098 INFO idw_p3_dt   1.213 n=8738
2017-08-21 14:54:44,099 INFO min_dt      1.139 n=8738
2017-08-21 14:54:44,099 INFO median_cn3  1.264 n=8783
2017-08-21 14:54:44,099 INFO idw_p3_all  1.464 n=8783
2017-08-21 14:54:44,099 INFO mean_dt     1.417 n=8738
2017-08-21 14:54:44,099 INFO idw_p1_cn3  1.379 n=8783
2017-08-21 14:54:44,099 INFO end method list
2017-08-21 14:54:44,352 INFO interpolate for SWM
2017-08-21 14:54:44,353 INFO currently at 7 out of 10
2017-08-21 14:54:44,353 INFO use IHAMBURG1300 IHHHINSC3 IHAMBURG812 IHAMBURG927 IHAMBURG109 IHAMBURG1411 IHAMBURG1691 ISANKTUR5 IHAMBURG978 IHAMBURG1919 IHAMBURG851 IHAMBURG106 IHHNEUBO3 IHHSTEIN2 IHAMBURG114 IHAMBURG1204 IHAMBURG1476 IHAMBURG1614 IHAMBURG229 IHAMBURG1088 IHAMBURG214 IHAMBURG2069 IHAMBURG1910 IHAMBURG803 IHAMBURG1110 IHAMBURG373 IHAMBURG1628 IHAMBURG1102 IHAMBURG398 IHAMBURG140 IHAMBURG1142 IHAMBURG654 IHAMBURG1508 IHHRISSE2 IHAMBURG910 IHAMBURG933 IHAMBURG1538 IHAMBURG1389 IHAMBURG450 IHAMBURG508 IHAMBURG1645 IHAMBURG1230 IHAMBURG1484 IHAMBURG971 IHAMBURG537 IHHWELLI2 IHAMBURG684 IHAMBURG1930 IHAMBURG1198 IHAMBURG797 IHAMBURG1200 IHAMBURG280 IHAMBURG751 IHHRAHLS3 IHAMBURG974 IHAMBURG10 IHAMBURG2080 IHAMBURG268 IHAMBURG957 IHAMBURG1512 IHHFARMS2 IHAMBURG195 IHHHAMBU2 IHAMBURG1108 IHAMBURG1928 IHAMBURG427 IHAMBURG2010 IHAMBURG1791 IHAMBURG1681 IHAMBURG315 IHAMBURG254 ISEEVETA74 IHAMBURG1268 IHAMBURG204 IHAMBURG60 IHAMBURG1779 IHAMBURG887 IHAMBURG172 IHAMBURG1755 IHAMBURG69 IHAMBURG1379 IHAMBURG1174 IHHWANDS2 IHAMBURG1870 IHHEISSE2 INORDERS21 IHAMBURG289 IHAMBURG81 IHAMBURG46 IHHWILHE2 IHAMBURG1248 IHAMBURG1068 IHHOSDOR2 IHAMBURG1026 IHAMBURG180 IHAMBURG805 IHHNIEND2 IHAMBURG338 IHAMBURG1164 IHAMBURG168 IHAMBURG1586 IHAMBURG1360 IHHTREUD3 IHHFUHLS2 IHAMBURG1990 IHAMBURG192 IHAMBURG772 IHAMBURG1995 IHAMBURG341 IHAMBURG1458 IHAMBURG367 IHAMBURG144 IHAMBURG454 IHAMBURG1216 IHAMBURG329 IHAMBURG1436 IHAMBURG620 IHAMBURG2041 IHAMBURG1368 IHHFARMS3 IHAMBURG1427 IHAMBURG279 IHAMBURG2062 IHAMBURG1002 IHAMBURG138 IHAMBURG154 IHAMBURG1787 IHHOTTEN2 IHAMBURG638 IHAMBURG1144 IHHLANGE3 IHAMBURG361 IHAMBURG1264 IHAMBURG1372 IHAMBURG82 IHAMBURG640 IHAMBURG2076 IHAMBURG335 IHAMBURG1989 IHAMBURG1116 IHAMBURG1830 IHAMBURG260 IHAMBURG342 IHAMBURG469 IHAMBURG1152 IHAMBURG1526 IHAMBURG360 IHAMBURG1917 IHAMBURG656 IHAMBURG2002 IHAMBURG674 IHAMBURG711 IHAMBURG436 IHAMBURG1941 IHAMBURG417 IHAMBURG256 IHAMBURG380 IHAMBURG2013 IHHLURUP2 IHAMBURG1236 IHHEIDEL2 IHAMBURG1962 IHAMBURG2029 IHAMBURG224 IHAMBURG1683 IHHFUHLS3 IHAMBURG41 IHAMBURG1464 IHAMBURG662 ISCHENEF11 IHAMBURG276 IHAMBURG1795 IHAMBURG274 IHAMBURG363 IHAMBURG199 IHAMBURG1500 IHAMBURG2039 IHAMBURG250 IHAMBURG863 IHHBARMB5 IHAMBURG1296 IHAMBURG787 IHAMBURG286 IHAMBURG262 IHAMBURG1015 IHAMBURG258 IHAMBURG1377 IHAMBURG1462 INORDERS72 IHAMBURG1052 IHAMBURG336 IHAMBURG840 IHAMBURG900 IHAMBURG405 IHAMBURG1823 IHAMBURG64 IHAMBURG164 IHAMBURG1346 IHAMBURG2066 IHAMBURG1350 IHAMBURG1942 IHAMBURG110 IHAMBURG1188 IHAMBURG188 IHAMBURG441 IHAMBURG390 IHAMBURG1932 IHAMBURG149 IHAMBURG170 IHAMBURG1832 ILBALVES2 IHHHOHEN3 IBARSBTT22 IHAMBURG1837 IHAMBURG1494 IHAMBURG1916 IHAMBURG527 IHAMBURG1184 IHAMBURG1370 IHAMBURG400 IHAMBURG1805 IHAMBURG1671 IHAMBURG1946 IHAMBURG988 IHAMBURG471 IHAMBURG1773 IHAMBURG308 IHAMBURG243 IHHMARIE3 IHAMBURG394 IHAMBURG1860 IHAMBURG269 IHAMBURG1864 IHAMBURG2072 IAHRENSB13 IHAMBURG487 IHAMBURG1098 IHAMBURG719 IHAMBURG567 IHAMBURG1124 IHAMBURG1797 IHAMBURG2017 IHAMBURG1252 IHAMBURG1332 IHAMBURG1284 IHAMBURG1635 IHAMBURG1661 IHAMBURG1929 IHAMBURG1918 IHAMBURG352 IHAMBURG1711 IHAMBURG789 IHAMBURG213 IHAMBURG2070 IHHKIRCH2 IHAMBURG875 IHAMBURG1282 IHAMBURG1973 IHAMBURG50 IHAMBURG456 IHAMBURG353 IHHBARMB6 IHAMBURG1306 IHAMBURG1845 IHAMBURG1202 IHHWINTE2 IHAMBURG1266 IHAMBURG1214 IHAMBURG150 IHHHELLB2 IHAMBURG1504 IHAMBURG1982 IHAMBURG446 IHAMBURG80 IHAMBURG481 IHHSCHNE3 IHAMBURG1920 IHAMBURG1092 IHORN16 IHAMBURG1759 IHAMBURG1890 IHAMBURG1118 IHAMBURG291 IHAMBURG316 IHAMBURG128 ISEEVETA49 IHAMBURG517 IHHHINSC4 IHAMBURG410 IHAMBURG1771 IHAMBURG2088 IHAMBURG1172 IHHKLEIN2 IHAMBURG1254 IHAMBURG1961 IHAMBURG439 IHAMBURG219 IHAMBURG215 IHHMARIE4 IHAMBURG628 IHAMBURG741 IHAMBURG404 IHAMBURG153 IHAMBURG762 IHAMBURG1192 IHHHAMBU5 IHAMBURG969 IHAMBURG123 IHAMBURG1308 IHAMBURG1629 IHAMBURG1342 IHAMBURG723 IHHROTHE2 IHAMBURG230 IHAMBURG514 IHAMBURG1106 IHAMBURG190 IHAMBURG118 IHAMBURG376 IHAMBURG1819 IHAMBURG1618 IHAMBURG1028 IHAMBURG1699 IHAMBURG1084 IHHHAMBU4 IHAMBURG1809 IHAMBURG2006 IHAMBURG1950 IHAMBURG20 IHHEINLA2 IHAMBURG1256 IHAMBURG1208 IHAMBURG1064 IHAMBURG1316 IHAMBURG1594 IHAMBURG1166 IHAMBURG206 IHAMBURG847 IHAMBURG218 IHAMBURG1548 IHAMBURG1076 IHAMBURG1880 IHAMBURG707 IHAMBURG423 IHAMBURG184 IHAMBURG1811 IHAMBURG136 IHAMBURG155 IHAMBURG531 IHAMBURG867 IHAMBURG1114 IHHHARBU2 IHAMBURG1639 IHAMBURG365 IHAMBURG175 IHAMBURG1234 IHAMBURG1813 IHAMBURG1974 IHAMBURG95 IHAMBURG598 IHAMBURG92 IHAMBURG2011 IHHWINTE4 IHHNEUGR2 IHAMBURG774 IHAMBURG98 IHAMBURG131 IHAMBURG2008 IHAMBURG152 IHAMBURG1988 IHAMBURG515 ILBHOOPT2 IHAMBURG646 IHAMBURG2085 IHAMBURG42 IHAMBURG1631 IHAMBURG990 IHAMBURG1679 IHAMBURG452 IHHALSTE2 IHAMBURG1086 IHAMBURG406 IHAMBURG108 IHHGROSS2 IHAMBURG1922 IHAMBURG2031 IHAMBURG1154 INORDERS98 IHAMBURG104 ISEEVETA78 IHAMBURG1502 IHHOHMOO2 IHAMBURG99 IHAMBURG61 IHAMBURG709 IHAMBURG1470 IHHMARIE5 IHAMBURG285 IHAMBURG497 IHAMBURG1985 IWENTORF21 IHAMBURG1945 IHAMBURG778 IHAMBURG1082 IHAMBURG292 IHAMBURG1391 IHAMBURG44 IHAMBURG22 IHAMBURG340 IHHSCHNE4 IHAMBURG2075 IHAMBURG1326 IHAMBURG1915 IHAMBURG162 IHAMBURG1998 IHAMBURG34 IHAMBURG1244 IHHCURSL2 IHAMBURG844 IHAMBURG242 IHAMBURG737 IHAMBURG52 IHAMBURG606 IHAMBURG2026 IHHDOCKE2 IHAMBURG963 IHAMBURG1516 IHAMBURG56 IHAMBURG2079 IHAMBURG113 IHAMBURG610 IHAMBURG2030 IBNNINGS3 IHAMBURG39 IHAMBURG648 IHAMBURG205 IHAMBURG32 IHAMBURG1158 IHAMBURG489 IHAMBURG2009 IHAMBURG2042 IHAMBURG1136 IHAMBURG354
2017-08-21 15:20:22,614 INFO nn          1.808 n=8698
2017-08-21 15:20:22,615 INFO idw_p2_cn3  1.471 n=8698
2017-08-21 15:20:22,615 INFO idw_p2_dt   1.387 n=8655
2017-08-21 15:20:22,615 INFO median_dt   1.419 n=8655
2017-08-21 15:20:22,615 INFO idw_p1_dt   1.367 n=8655
2017-08-21 15:20:22,615 INFO min_cn5     0.714 n=8698
2017-08-21 15:20:22,616 INFO idw_p1_cn5  1.486 n=8698
2017-08-21 15:20:22,616 INFO max_all     16.121 n=8698
2017-08-21 15:20:22,616 INFO mean_cn5    1.557 n=8698
2017-08-21 15:20:22,616 INFO min_cn3     0.773 n=8698
2017-08-21 15:20:22,616 INFO eddh        0.667 n=8686
2017-08-21 15:20:22,616 INFO mean_all    1.579 n=8698
2017-08-21 15:20:22,616 INFO idw_p3_cn5  1.433 n=8698
2017-08-21 15:20:22,616 INFO median_cn5  1.286 n=8698
2017-08-21 15:20:22,616 INFO median_all  1.319 n=8698
2017-08-21 15:20:22,616 INFO idw_p4_all  1.449 n=8698
2017-08-21 15:20:22,616 INFO idw_p1_all  1.601 n=8698
2017-08-21 15:20:22,616 INFO idw_p3_cn3  1.447 n=8698
2017-08-21 15:20:22,617 INFO mean_cn3    1.753 n=8698
2017-08-21 15:20:22,617 INFO min_all     4.858 n=8698
2017-08-21 15:20:22,617 INFO idw_p2_cn5  1.441 n=8698
2017-08-21 15:20:22,617 INFO idw_p4_cn3  1.453 n=8698
2017-08-21 15:20:22,617 INFO max_cn5     3.780 n=8698
2017-08-21 15:20:22,617 INFO max_dt      2.240 n=8655
2017-08-21 15:20:22,617 INFO idw_p2_all  1.545 n=8698
2017-08-21 15:20:22,617 INFO max_cn3     3.522 n=8698
2017-08-21 15:20:22,617 INFO idw_p4_cn5  1.446 n=8698
2017-08-21 15:20:22,617 INFO idw_p4_dt   1.440 n=8655
2017-08-21 15:20:22,617 INFO idw_p3_dt   1.413 n=8655
2017-08-21 15:20:22,618 INFO min_dt      0.951 n=8655
2017-08-21 15:20:22,618 INFO median_cn3  1.475 n=8698
2017-08-21 15:20:22,618 INFO idw_p3_all  1.464 n=8698
2017-08-21 15:20:22,618 INFO mean_dt     1.393 n=8655
2017-08-21 15:20:22,618 INFO idw_p1_cn3  1.559 n=8698
2017-08-21 15:20:22,618 INFO end method list
2017-08-21 15:20:22,875 INFO interpolate for WGM
2017-08-21 15:20:22,876 INFO currently at 8 out of 10
2017-08-21 15:20:22,876 INFO use IHAMBURG1300 IHHHINSC3 IHAMBURG812 IHAMBURG927 IHAMBURG109 IHAMBURG1411 IHAMBURG1691 ISANKTUR5 IHAMBURG978 IHAMBURG1919 IHAMBURG851 IHAMBURG106 IHHNEUBO3 IHHSTEIN2 IHAMBURG114 IHAMBURG1204 IHAMBURG1476 IHAMBURG1614 IHAMBURG229 IHAMBURG1088 IHAMBURG214 IHAMBURG2069 IHAMBURG1910 IHAMBURG803 IHAMBURG1110 IHAMBURG373 IHAMBURG1628 IHAMBURG1102 IHAMBURG398 IHAMBURG140 IHAMBURG1142 IHAMBURG654 IHAMBURG1508 IHHRISSE2 IHAMBURG910 IHAMBURG933 IHAMBURG1538 IHAMBURG1389 IHAMBURG450 IHAMBURG508 IHAMBURG1645 IHAMBURG1230 IHAMBURG1484 IHAMBURG971 IHAMBURG537 IHHWELLI2 IHAMBURG684 IHAMBURG1930 IHAMBURG1198 IHAMBURG797 IHAMBURG1200 IHAMBURG280 IHAMBURG751 IHHRAHLS3 IHAMBURG974 IHAMBURG10 IHAMBURG2080 IHAMBURG268 IHAMBURG957 IHAMBURG1512 IHHFARMS2 IHAMBURG195 IHHHAMBU2 IHAMBURG1108 IHAMBURG1928 IHAMBURG427 IHAMBURG2010 IHAMBURG1791 IHAMBURG1681 IHAMBURG315 IHAMBURG254 ISEEVETA74 IHAMBURG1268 IHAMBURG204 IHAMBURG60 IHAMBURG1779 IHAMBURG887 IHAMBURG172 IHAMBURG1755 IHAMBURG69 IHAMBURG1379 IHAMBURG1174 IHHWANDS2 IHAMBURG1870 IHHEISSE2 INORDERS21 IHAMBURG289 IHAMBURG81 IHAMBURG46 IHHWILHE2 IHAMBURG1248 IHAMBURG1068 IHHOSDOR2 IHAMBURG1026 IHAMBURG180 IHAMBURG805 IHHNIEND2 IHAMBURG338 IHAMBURG1164 IHAMBURG168 IHAMBURG1586 IHAMBURG1360 IHHTREUD3 IHHFUHLS2 IHAMBURG1990 IHAMBURG192 IHAMBURG772 IHAMBURG1995 IHAMBURG341 IHAMBURG1458 IHAMBURG367 IHAMBURG144 IHAMBURG454 IHAMBURG1216 IHAMBURG329 IHAMBURG1436 IHAMBURG620 IHAMBURG2041 IHAMBURG1368 IHHFARMS3 IHAMBURG1427 IHAMBURG279 IHAMBURG2062 IHAMBURG1002 IHAMBURG138 IHAMBURG154 IHAMBURG1787 IHHOTTEN2 IHAMBURG638 IHAMBURG1144 IHHLANGE3 IHAMBURG361 IHAMBURG1264 IHAMBURG1372 IHAMBURG82 IHAMBURG640 IHAMBURG2076 IHAMBURG335 IHAMBURG1989 IHAMBURG1116 IHAMBURG1830 IHAMBURG260 IHAMBURG342 IHAMBURG469 IHAMBURG1152 IHAMBURG1526 IHAMBURG360 IHAMBURG1917 IHAMBURG656 IHAMBURG2002 IHAMBURG674 IHAMBURG711 IHAMBURG436 IHAMBURG1941 IHAMBURG417 IHAMBURG256 IHAMBURG380 IHAMBURG2013 IHHLURUP2 IHAMBURG1236 IHHEIDEL2 IHAMBURG1962 IHAMBURG2029 IHAMBURG224 IHAMBURG1683 IHHFUHLS3 IHAMBURG41 IHAMBURG1464 IHAMBURG662 ISCHENEF11 IHAMBURG276 IHAMBURG1795 IHAMBURG274 IHAMBURG363 IHAMBURG199 IHAMBURG1500 IHAMBURG2039 IHAMBURG250 IHAMBURG863 IHHBARMB5 IHAMBURG1296 IHAMBURG787 IHAMBURG286 IHAMBURG262 IHAMBURG1015 IHAMBURG258 IHAMBURG1377 IHAMBURG1462 INORDERS72 IHAMBURG1052 IHAMBURG336 IHAMBURG840 IHAMBURG900 IHAMBURG405 IHAMBURG1823 IHAMBURG64 IHAMBURG164 IHAMBURG1346 IHAMBURG2066 IHAMBURG1350 IHAMBURG1942 IHAMBURG110 IHAMBURG1188 IHAMBURG188 IHAMBURG441 IHAMBURG390 IHAMBURG1932 IHAMBURG149 IHAMBURG170 IHAMBURG1832 ILBALVES2 IHHHOHEN3 IBARSBTT22 IHAMBURG1837 IHAMBURG1494 IHAMBURG1916 IHAMBURG527 IHAMBURG1184 IHAMBURG1370 IHAMBURG400 IHAMBURG1805 IHAMBURG1671 IHAMBURG1946 IHAMBURG988 IHAMBURG471 IHAMBURG1773 IHAMBURG308 IHAMBURG243 IHHMARIE3 IHAMBURG394 IHAMBURG1860 IHAMBURG269 IHAMBURG1864 IHAMBURG2072 IAHRENSB13 IHAMBURG487 IHAMBURG1098 IHAMBURG719 IHAMBURG567 IHAMBURG1124 IHAMBURG1797 IHAMBURG2017 IHAMBURG1252 IHAMBURG1332 IHAMBURG1284 IHAMBURG1635 IHAMBURG1661 IHAMBURG1929 IHAMBURG1918 IHAMBURG352 IHAMBURG1711 IHAMBURG789 IHAMBURG213 IHAMBURG2070 IHHKIRCH2 IHAMBURG875 IHAMBURG1282 IHAMBURG1973 IHAMBURG50 IHAMBURG456 IHAMBURG353 IHHBARMB6 IHAMBURG1306 IHAMBURG1845 IHAMBURG1202 IHHWINTE2 IHAMBURG1266 IHAMBURG1214 IHAMBURG150 IHHHELLB2 IHAMBURG1504 IHAMBURG1982 IHAMBURG446 IHAMBURG80 IHAMBURG481 IHHSCHNE3 IHAMBURG1920 IHAMBURG1092 IHORN16 IHAMBURG1759 IHAMBURG1890 IHAMBURG1118 IHAMBURG291 IHAMBURG316 IHAMBURG128 ISEEVETA49 IHAMBURG517 IHHHINSC4 IHAMBURG410 IHAMBURG1771 IHAMBURG2088 IHAMBURG1172 IHHKLEIN2 IHAMBURG1254 IHAMBURG1961 IHAMBURG439 IHAMBURG219 IHAMBURG215 IHHMARIE4 IHAMBURG628 IHAMBURG741 IHAMBURG404 IHAMBURG153 IHAMBURG762 IHAMBURG1192 IHHHAMBU5 IHAMBURG969 IHAMBURG123 IHAMBURG1308 IHAMBURG1629 IHAMBURG1342 IHAMBURG723 IHHROTHE2 IHAMBURG230 IHAMBURG514 IHAMBURG1106 IHAMBURG190 IHAMBURG118 IHAMBURG376 IHAMBURG1819 IHAMBURG1618 IHAMBURG1028 IHAMBURG1699 IHAMBURG1084 IHHHAMBU4 IHAMBURG1809 IHAMBURG2006 IHAMBURG1950 IHAMBURG20 IHHEINLA2 IHAMBURG1256 IHAMBURG1208 IHAMBURG1064 IHAMBURG1316 IHAMBURG1594 IHAMBURG1166 IHAMBURG206 IHAMBURG847 IHAMBURG218 IHAMBURG1548 IHAMBURG1076 IHAMBURG1880 IHAMBURG707 IHAMBURG423 IHAMBURG184 IHAMBURG1811 IHAMBURG136 IHAMBURG155 IHAMBURG531 IHAMBURG867 IHAMBURG1114 IHHHARBU2 IHAMBURG1639 IHAMBURG365 IHAMBURG175 IHAMBURG1234 IHAMBURG1813 IHAMBURG1974 IHAMBURG95 IHAMBURG598 IHAMBURG92 IHAMBURG2011 IHHWINTE4 IHHNEUGR2 IHAMBURG774 IHAMBURG98 IHAMBURG131 IHAMBURG2008 IHAMBURG152 IHAMBURG1988 IHAMBURG515 ILBHOOPT2 IHAMBURG646 IHAMBURG2085 IHAMBURG42 IHAMBURG1631 IHAMBURG990 IHAMBURG1679 IHAMBURG452 IHHALSTE2 IHAMBURG1086 IHAMBURG406 IHAMBURG108 IHHGROSS2 IHAMBURG1922 IHAMBURG2031 IHAMBURG1154 INORDERS98 IHAMBURG104 ISEEVETA78 IHAMBURG1502 IHHOHMOO2 IHAMBURG99 IHAMBURG61 IHAMBURG709 IHAMBURG1470 IHHMARIE5 IHAMBURG285 IHAMBURG497 IHAMBURG1985 IWENTORF21 IHAMBURG1945 IHAMBURG778 IHAMBURG1082 IHAMBURG292 IHAMBURG1391 IHAMBURG44 IHAMBURG22 IHAMBURG340 IHHSCHNE4 IHAMBURG2075 IHAMBURG1326 IHAMBURG1915 IHAMBURG162 IHAMBURG1998 IHAMBURG34 IHAMBURG1244 IHHCURSL2 IHAMBURG844 IHAMBURG242 IHAMBURG737 IHAMBURG52 IHAMBURG606 IHAMBURG2026 IHHDOCKE2 IHAMBURG963 IHAMBURG1516 IHAMBURG56 IHAMBURG2079 IHAMBURG113 IHAMBURG610 IHAMBURG2030 IBNNINGS3 IHAMBURG39 IHAMBURG648 IHAMBURG205 IHAMBURG32 IHAMBURG1158 IHAMBURG489 IHAMBURG2009 IHAMBURG2042 IHAMBURG1136 IHAMBURG354
2017-08-21 15:45:36,811 INFO nn          1.820 n=8763
2017-08-21 15:45:36,811 INFO idw_p2_cn3  1.780 n=8763
2017-08-21 15:45:36,812 INFO idw_p2_dt   1.772 n=8704
2017-08-21 15:45:36,812 INFO median_dt   1.916 n=8704
2017-08-21 15:45:36,812 INFO idw_p1_dt   1.826 n=8704
2017-08-21 15:45:36,812 INFO min_cn5     1.158 n=8763
2017-08-21 15:45:36,812 INFO idw_p1_cn5  1.868 n=8763
2017-08-21 15:45:36,812 INFO max_all     15.914 n=8763
2017-08-21 15:45:36,812 INFO mean_cn5    2.009 n=8763
2017-08-21 15:45:36,812 INFO min_cn3     1.240 n=8763
2017-08-21 15:45:36,812 INFO eddh        0.891 n=8756
2017-08-21 15:45:36,812 INFO mean_all    1.484 n=8763
2017-08-21 15:45:36,812 INFO idw_p3_cn5  1.768 n=8763
2017-08-21 15:45:36,813 INFO median_cn5  1.925 n=8763
2017-08-21 15:45:36,813 INFO median_all  1.258 n=8763
2017-08-21 15:45:36,813 INFO idw_p4_all  1.776 n=8763
2017-08-21 15:45:36,813 INFO idw_p1_all  1.609 n=8763
2017-08-21 15:45:36,813 INFO idw_p3_cn3  1.763 n=8763
2017-08-21 15:45:36,813 INFO mean_cn3    2.037 n=8763
2017-08-21 15:45:36,813 INFO min_all     5.012 n=8763
2017-08-21 15:45:36,813 INFO idw_p2_cn5  1.790 n=8763
2017-08-21 15:45:36,813 INFO idw_p4_cn3  1.765 n=8763
2017-08-21 15:45:36,813 INFO max_cn5     3.743 n=8763
2017-08-21 15:45:36,813 INFO max_dt      3.186 n=8704
2017-08-21 15:45:36,814 INFO idw_p2_all  1.712 n=8763
2017-08-21 15:45:36,814 INFO max_cn3     3.319 n=8763
2017-08-21 15:45:36,814 INFO idw_p4_cn5  1.766 n=8763
2017-08-21 15:45:36,814 INFO idw_p4_dt   1.769 n=8704
2017-08-21 15:45:36,814 INFO idw_p3_dt   1.764 n=8704
2017-08-21 15:45:36,814 INFO min_dt      1.212 n=8704
2017-08-21 15:45:36,814 INFO median_cn3  1.970 n=8763
2017-08-21 15:45:36,814 INFO idw_p3_all  1.760 n=8763
2017-08-21 15:45:36,814 INFO mean_dt     1.968 n=8704
2017-08-21 15:45:36,814 INFO idw_p1_cn3  1.855 n=8763
2017-08-21 15:45:36,814 INFO end method list
2017-08-21 15:45:37,053 INFO interpolate for WWM
2017-08-21 15:45:37,054 INFO currently at 9 out of 10
2017-08-21 15:45:37,054 INFO use IHAMBURG1300 IHHHINSC3 IHAMBURG812 IHAMBURG927 IHAMBURG109 IHAMBURG1411 IHAMBURG1691 ISANKTUR5 IHAMBURG978 IHAMBURG1919 IHAMBURG851 IHAMBURG106 IHHNEUBO3 IHHSTEIN2 IHAMBURG114 IHAMBURG1204 IHAMBURG1476 IHAMBURG1614 IHAMBURG229 IHAMBURG1088 IHAMBURG214 IHAMBURG2069 IHAMBURG1910 IHAMBURG803 IHAMBURG1110 IHAMBURG373 IHAMBURG1628 IHAMBURG1102 IHAMBURG398 IHAMBURG140 IHAMBURG1142 IHAMBURG654 IHAMBURG1508 IHHRISSE2 IHAMBURG910 IHAMBURG933 IHAMBURG1538 IHAMBURG1389 IHAMBURG450 IHAMBURG508 IHAMBURG1645 IHAMBURG1230 IHAMBURG1484 IHAMBURG971 IHAMBURG537 IHHWELLI2 IHAMBURG684 IHAMBURG1930 IHAMBURG1198 IHAMBURG797 IHAMBURG1200 IHAMBURG280 IHAMBURG751 IHHRAHLS3 IHAMBURG974 IHAMBURG10 IHAMBURG2080 IHAMBURG268 IHAMBURG957 IHAMBURG1512 IHHFARMS2 IHAMBURG195 IHHHAMBU2 IHAMBURG1108 IHAMBURG1928 IHAMBURG427 IHAMBURG2010 IHAMBURG1791 IHAMBURG1681 IHAMBURG315 IHAMBURG254 ISEEVETA74 IHAMBURG1268 IHAMBURG204 IHAMBURG60 IHAMBURG1779 IHAMBURG887 IHAMBURG172 IHAMBURG1755 IHAMBURG69 IHAMBURG1379 IHAMBURG1174 IHHWANDS2 IHAMBURG1870 IHHEISSE2 INORDERS21 IHAMBURG289 IHAMBURG81 IHAMBURG46 IHHWILHE2 IHAMBURG1248 IHAMBURG1068 IHHOSDOR2 IHAMBURG1026 IHAMBURG180 IHAMBURG805 IHHNIEND2 IHAMBURG338 IHAMBURG1164 IHAMBURG168 IHAMBURG1586 IHAMBURG1360 IHHTREUD3 IHHFUHLS2 IHAMBURG1990 IHAMBURG192 IHAMBURG772 IHAMBURG1995 IHAMBURG341 IHAMBURG1458 IHAMBURG367 IHAMBURG144 IHAMBURG454 IHAMBURG1216 IHAMBURG329 IHAMBURG1436 IHAMBURG620 IHAMBURG2041 IHAMBURG1368 IHHFARMS3 IHAMBURG1427 IHAMBURG279 IHAMBURG2062 IHAMBURG1002 IHAMBURG138 IHAMBURG154 IHAMBURG1787 IHHOTTEN2 IHAMBURG638 IHAMBURG1144 IHHLANGE3 IHAMBURG361 IHAMBURG1264 IHAMBURG1372 IHAMBURG82 IHAMBURG640 IHAMBURG2076 IHAMBURG335 IHAMBURG1989 IHAMBURG1116 IHAMBURG1830 IHAMBURG260 IHAMBURG342 IHAMBURG469 IHAMBURG1152 IHAMBURG1526 IHAMBURG360 IHAMBURG1917 IHAMBURG656 IHAMBURG2002 IHAMBURG674 IHAMBURG711 IHAMBURG436 IHAMBURG1941 IHAMBURG417 IHAMBURG256 IHAMBURG380 IHAMBURG2013 IHHLURUP2 IHAMBURG1236 IHHEIDEL2 IHAMBURG1962 IHAMBURG2029 IHAMBURG224 IHAMBURG1683 IHHFUHLS3 IHAMBURG41 IHAMBURG1464 IHAMBURG662 ISCHENEF11 IHAMBURG276 IHAMBURG1795 IHAMBURG274 IHAMBURG363 IHAMBURG199 IHAMBURG1500 IHAMBURG2039 IHAMBURG250 IHAMBURG863 IHHBARMB5 IHAMBURG1296 IHAMBURG787 IHAMBURG286 IHAMBURG262 IHAMBURG1015 IHAMBURG258 IHAMBURG1377 IHAMBURG1462 INORDERS72 IHAMBURG1052 IHAMBURG336 IHAMBURG840 IHAMBURG900 IHAMBURG405 IHAMBURG1823 IHAMBURG64 IHAMBURG164 IHAMBURG1346 IHAMBURG2066 IHAMBURG1350 IHAMBURG1942 IHAMBURG110 IHAMBURG1188 IHAMBURG188 IHAMBURG441 IHAMBURG390 IHAMBURG1932 IHAMBURG149 IHAMBURG170 IHAMBURG1832 ILBALVES2 IHHHOHEN3 IBARSBTT22 IHAMBURG1837 IHAMBURG1494 IHAMBURG1916 IHAMBURG527 IHAMBURG1184 IHAMBURG1370 IHAMBURG400 IHAMBURG1805 IHAMBURG1671 IHAMBURG1946 IHAMBURG988 IHAMBURG471 IHAMBURG1773 IHAMBURG308 IHAMBURG243 IHHMARIE3 IHAMBURG394 IHAMBURG1860 IHAMBURG269 IHAMBURG1864 IHAMBURG2072 IAHRENSB13 IHAMBURG487 IHAMBURG1098 IHAMBURG719 IHAMBURG567 IHAMBURG1124 IHAMBURG1797 IHAMBURG2017 IHAMBURG1252 IHAMBURG1332 IHAMBURG1284 IHAMBURG1635 IHAMBURG1661 IHAMBURG1929 IHAMBURG1918 IHAMBURG352 IHAMBURG1711 IHAMBURG789 IHAMBURG213 IHAMBURG2070 IHHKIRCH2 IHAMBURG875 IHAMBURG1282 IHAMBURG1973 IHAMBURG50 IHAMBURG456 IHAMBURG353 IHHBARMB6 IHAMBURG1306 IHAMBURG1845 IHAMBURG1202 IHHWINTE2 IHAMBURG1266 IHAMBURG1214 IHAMBURG150 IHHHELLB2 IHAMBURG1504 IHAMBURG1982 IHAMBURG446 IHAMBURG80 IHAMBURG481 IHHSCHNE3 IHAMBURG1920 IHAMBURG1092 IHORN16 IHAMBURG1759 IHAMBURG1890 IHAMBURG1118 IHAMBURG291 IHAMBURG316 IHAMBURG128 ISEEVETA49 IHAMBURG517 IHHHINSC4 IHAMBURG410 IHAMBURG1771 IHAMBURG2088 IHAMBURG1172 IHHKLEIN2 IHAMBURG1254 IHAMBURG1961 IHAMBURG439 IHAMBURG219 IHAMBURG215 IHHMARIE4 IHAMBURG628 IHAMBURG741 IHAMBURG404 IHAMBURG153 IHAMBURG762 IHAMBURG1192 IHHHAMBU5 IHAMBURG969 IHAMBURG123 IHAMBURG1308 IHAMBURG1629 IHAMBURG1342 IHAMBURG723 IHHROTHE2 IHAMBURG230 IHAMBURG514 IHAMBURG1106 IHAMBURG190 IHAMBURG118 IHAMBURG376 IHAMBURG1819 IHAMBURG1618 IHAMBURG1028 IHAMBURG1699 IHAMBURG1084 IHHHAMBU4 IHAMBURG1809 IHAMBURG2006 IHAMBURG1950 IHAMBURG20 IHHEINLA2 IHAMBURG1256 IHAMBURG1208 IHAMBURG1064 IHAMBURG1316 IHAMBURG1594 IHAMBURG1166 IHAMBURG206 IHAMBURG847 IHAMBURG218 IHAMBURG1548 IHAMBURG1076 IHAMBURG1880 IHAMBURG707 IHAMBURG423 IHAMBURG184 IHAMBURG1811 IHAMBURG136 IHAMBURG155 IHAMBURG531 IHAMBURG867 IHAMBURG1114 IHHHARBU2 IHAMBURG1639 IHAMBURG365 IHAMBURG175 IHAMBURG1234 IHAMBURG1813 IHAMBURG1974 IHAMBURG95 IHAMBURG598 IHAMBURG92 IHAMBURG2011 IHHWINTE4 IHHNEUGR2 IHAMBURG774 IHAMBURG98 IHAMBURG131 IHAMBURG2008 IHAMBURG152 IHAMBURG1988 IHAMBURG515 ILBHOOPT2 IHAMBURG646 IHAMBURG2085 IHAMBURG42 IHAMBURG1631 IHAMBURG990 IHAMBURG1679 IHAMBURG452 IHHALSTE2 IHAMBURG1086 IHAMBURG406 IHAMBURG108 IHHGROSS2 IHAMBURG1922 IHAMBURG2031 IHAMBURG1154 INORDERS98 IHAMBURG104 ISEEVETA78 IHAMBURG1502 IHHOHMOO2 IHAMBURG99 IHAMBURG61 IHAMBURG709 IHAMBURG1470 IHHMARIE5 IHAMBURG285 IHAMBURG497 IHAMBURG1985 IWENTORF21 IHAMBURG1945 IHAMBURG778 IHAMBURG1082 IHAMBURG292 IHAMBURG1391 IHAMBURG44 IHAMBURG22 IHAMBURG340 IHHSCHNE4 IHAMBURG2075 IHAMBURG1326 IHAMBURG1915 IHAMBURG162 IHAMBURG1998 IHAMBURG34 IHAMBURG1244 IHHCURSL2 IHAMBURG844 IHAMBURG242 IHAMBURG737 IHAMBURG52 IHAMBURG606 IHAMBURG2026 IHHDOCKE2 IHAMBURG963 IHAMBURG1516 IHAMBURG56 IHAMBURG2079 IHAMBURG113 IHAMBURG610 IHAMBURG2030 IBNNINGS3 IHAMBURG39 IHAMBURG648 IHAMBURG205 IHAMBURG32 IHAMBURG1158 IHAMBURG489 IHAMBURG2009 IHAMBURG2042 IHAMBURG1136 IHAMBURG354
2017-08-21 16:10:40,929 INFO nn          1.834 n=8784
2017-08-21 16:10:40,930 INFO idw_p2_cn3  1.882 n=8784
2017-08-21 16:10:40,930 INFO idw_p2_dt   1.881 n=8741
2017-08-21 16:10:40,930 INFO median_dt   1.826 n=8741
2017-08-21 16:10:40,930 INFO idw_p1_dt   1.878 n=8741
2017-08-21 16:10:40,930 INFO min_cn5     1.135 n=8784
2017-08-21 16:10:40,931 INFO idw_p1_cn5  1.896 n=8784
2017-08-21 16:10:40,931 INFO max_all     16.015 n=8784
2017-08-21 16:10:40,931 INFO mean_cn5    2.052 n=8784
2017-08-21 16:10:40,931 INFO min_cn3     1.199 n=8784
2017-08-21 16:10:40,931 INFO eddh        1.009 n=8771
2017-08-21 16:10:40,931 INFO mean_all    1.495 n=8784
2017-08-21 16:10:40,931 INFO idw_p3_cn5  1.850 n=8784
2017-08-21 16:10:40,931 INFO median_cn5  1.928 n=8784
2017-08-21 16:10:40,931 INFO median_all  1.261 n=8784
2017-08-21 16:10:40,931 INFO idw_p4_all  1.819 n=8784
2017-08-21 16:10:40,931 INFO idw_p1_all  1.599 n=8784
2017-08-21 16:10:40,931 INFO idw_p3_cn3  1.857 n=8784
2017-08-21 16:10:40,932 INFO mean_cn3    2.164 n=8784
2017-08-21 16:10:40,932 INFO min_all     4.987 n=8784
2017-08-21 16:10:40,932 INFO idw_p2_cn5  1.864 n=8784
2017-08-21 16:10:40,932 INFO idw_p4_cn3  1.843 n=8784
2017-08-21 16:10:40,932 INFO max_cn5     4.084 n=8784
2017-08-21 16:10:40,932 INFO max_dt      3.240 n=8741
2017-08-21 16:10:40,932 INFO idw_p2_all  1.616 n=8784
2017-08-21 16:10:40,932 INFO max_cn3     3.803 n=8784
2017-08-21 16:10:40,932 INFO idw_p4_cn5  1.839 n=8784
2017-08-21 16:10:40,932 INFO idw_p4_dt   1.855 n=8741
2017-08-21 16:10:40,932 INFO idw_p3_dt   1.869 n=8741
2017-08-21 16:10:40,932 INFO min_dt      1.201 n=8741
2017-08-21 16:10:40,933 INFO median_cn3  1.996 n=8784
2017-08-21 16:10:40,933 INFO idw_p3_all  1.755 n=8784
2017-08-21 16:10:40,933 INFO mean_dt     1.936 n=8741
2017-08-21 16:10:40,933 INFO idw_p1_cn3  1.936 n=8784
2017-08-21 16:10:40,933 INFO end method list
2017-08-21 16:10:41,170 INFO interpolate for ZOM
2017-08-21 16:10:41,171 INFO currently at 10 out of 10
2017-08-21 16:10:41,171 INFO use IHAMBURG1300 IHHHINSC3 IHAMBURG812 IHAMBURG927 IHAMBURG109 IHAMBURG1411 IHAMBURG1691 ISANKTUR5 IHAMBURG978 IHAMBURG1919 IHAMBURG851 IHAMBURG106 IHHNEUBO3 IHHSTEIN2 IHAMBURG114 IHAMBURG1204 IHAMBURG1476 IHAMBURG1614 IHAMBURG229 IHAMBURG1088 IHAMBURG214 IHAMBURG2069 IHAMBURG1910 IHAMBURG803 IHAMBURG1110 IHAMBURG373 IHAMBURG1628 IHAMBURG1102 IHAMBURG398 IHAMBURG140 IHAMBURG1142 IHAMBURG654 IHAMBURG1508 IHHRISSE2 IHAMBURG910 IHAMBURG933 IHAMBURG1538 IHAMBURG1389 IHAMBURG450 IHAMBURG508 IHAMBURG1645 IHAMBURG1230 IHAMBURG1484 IHAMBURG971 IHAMBURG537 IHHWELLI2 IHAMBURG684 IHAMBURG1930 IHAMBURG1198 IHAMBURG797 IHAMBURG1200 IHAMBURG280 IHAMBURG751 IHHRAHLS3 IHAMBURG974 IHAMBURG10 IHAMBURG2080 IHAMBURG268 IHAMBURG957 IHAMBURG1512 IHHFARMS2 IHAMBURG195 IHHHAMBU2 IHAMBURG1108 IHAMBURG1928 IHAMBURG427 IHAMBURG2010 IHAMBURG1791 IHAMBURG1681 IHAMBURG315 IHAMBURG254 ISEEVETA74 IHAMBURG1268 IHAMBURG204 IHAMBURG60 IHAMBURG1779 IHAMBURG887 IHAMBURG172 IHAMBURG1755 IHAMBURG69 IHAMBURG1379 IHAMBURG1174 IHHWANDS2 IHAMBURG1870 IHHEISSE2 INORDERS21 IHAMBURG289 IHAMBURG81 IHAMBURG46 IHHWILHE2 IHAMBURG1248 IHAMBURG1068 IHHOSDOR2 IHAMBURG1026 IHAMBURG180 IHAMBURG805 IHHNIEND2 IHAMBURG338 IHAMBURG1164 IHAMBURG168 IHAMBURG1586 IHAMBURG1360 IHHTREUD3 IHHFUHLS2 IHAMBURG1990 IHAMBURG192 IHAMBURG772 IHAMBURG1995 IHAMBURG341 IHAMBURG1458 IHAMBURG367 IHAMBURG144 IHAMBURG454 IHAMBURG1216 IHAMBURG329 IHAMBURG1436 IHAMBURG620 IHAMBURG2041 IHAMBURG1368 IHHFARMS3 IHAMBURG1427 IHAMBURG279 IHAMBURG2062 IHAMBURG1002 IHAMBURG138 IHAMBURG154 IHAMBURG1787 IHHOTTEN2 IHAMBURG638 IHAMBURG1144 IHHLANGE3 IHAMBURG361 IHAMBURG1264 IHAMBURG1372 IHAMBURG82 IHAMBURG640 IHAMBURG2076 IHAMBURG335 IHAMBURG1989 IHAMBURG1116 IHAMBURG1830 IHAMBURG260 IHAMBURG342 IHAMBURG469 IHAMBURG1152 IHAMBURG1526 IHAMBURG360 IHAMBURG1917 IHAMBURG656 IHAMBURG2002 IHAMBURG674 IHAMBURG711 IHAMBURG436 IHAMBURG1941 IHAMBURG417 IHAMBURG256 IHAMBURG380 IHAMBURG2013 IHHLURUP2 IHAMBURG1236 IHHEIDEL2 IHAMBURG1962 IHAMBURG2029 IHAMBURG224 IHAMBURG1683 IHHFUHLS3 IHAMBURG41 IHAMBURG1464 IHAMBURG662 ISCHENEF11 IHAMBURG276 IHAMBURG1795 IHAMBURG274 IHAMBURG363 IHAMBURG199 IHAMBURG1500 IHAMBURG2039 IHAMBURG250 IHAMBURG863 IHHBARMB5 IHAMBURG1296 IHAMBURG787 IHAMBURG286 IHAMBURG262 IHAMBURG1015 IHAMBURG258 IHAMBURG1377 IHAMBURG1462 INORDERS72 IHAMBURG1052 IHAMBURG336 IHAMBURG840 IHAMBURG900 IHAMBURG405 IHAMBURG1823 IHAMBURG64 IHAMBURG164 IHAMBURG1346 IHAMBURG2066 IHAMBURG1350 IHAMBURG1942 IHAMBURG110 IHAMBURG1188 IHAMBURG188 IHAMBURG441 IHAMBURG390 IHAMBURG1932 IHAMBURG149 IHAMBURG170 IHAMBURG1832 ILBALVES2 IHHHOHEN3 IBARSBTT22 IHAMBURG1837 IHAMBURG1494 IHAMBURG1916 IHAMBURG527 IHAMBURG1184 IHAMBURG1370 IHAMBURG400 IHAMBURG1805 IHAMBURG1671 IHAMBURG1946 IHAMBURG988 IHAMBURG471 IHAMBURG1773 IHAMBURG308 IHAMBURG243 IHHMARIE3 IHAMBURG394 IHAMBURG1860 IHAMBURG269 IHAMBURG1864 IHAMBURG2072 IAHRENSB13 IHAMBURG487 IHAMBURG1098 IHAMBURG719 IHAMBURG567 IHAMBURG1124 IHAMBURG1797 IHAMBURG2017 IHAMBURG1252 IHAMBURG1332 IHAMBURG1284 IHAMBURG1635 IHAMBURG1661 IHAMBURG1929 IHAMBURG1918 IHAMBURG352 IHAMBURG1711 IHAMBURG789 IHAMBURG213 IHAMBURG2070 IHHKIRCH2 IHAMBURG875 IHAMBURG1282 IHAMBURG1973 IHAMBURG50 IHAMBURG456 IHAMBURG353 IHHBARMB6 IHAMBURG1306 IHAMBURG1845 IHAMBURG1202 IHHWINTE2 IHAMBURG1266 IHAMBURG1214 IHAMBURG150 IHHHELLB2 IHAMBURG1504 IHAMBURG1982 IHAMBURG446 IHAMBURG80 IHAMBURG481 IHHSCHNE3 IHAMBURG1920 IHAMBURG1092 IHORN16 IHAMBURG1759 IHAMBURG1890 IHAMBURG1118 IHAMBURG291 IHAMBURG316 IHAMBURG128 ISEEVETA49 IHAMBURG517 IHHHINSC4 IHAMBURG410 IHAMBURG1771 IHAMBURG2088 IHAMBURG1172 IHHKLEIN2 IHAMBURG1254 IHAMBURG1961 IHAMBURG439 IHAMBURG219 IHAMBURG215 IHHMARIE4 IHAMBURG628 IHAMBURG741 IHAMBURG404 IHAMBURG153 IHAMBURG762 IHAMBURG1192 IHHHAMBU5 IHAMBURG969 IHAMBURG123 IHAMBURG1308 IHAMBURG1629 IHAMBURG1342 IHAMBURG723 IHHROTHE2 IHAMBURG230 IHAMBURG514 IHAMBURG1106 IHAMBURG190 IHAMBURG118 IHAMBURG376 IHAMBURG1819 IHAMBURG1618 IHAMBURG1028 IHAMBURG1699 IHAMBURG1084 IHHHAMBU4 IHAMBURG1809 IHAMBURG2006 IHAMBURG1950 IHAMBURG20 IHHEINLA2 IHAMBURG1256 IHAMBURG1208 IHAMBURG1064 IHAMBURG1316 IHAMBURG1594 IHAMBURG1166 IHAMBURG206 IHAMBURG847 IHAMBURG218 IHAMBURG1548 IHAMBURG1076 IHAMBURG1880 IHAMBURG707 IHAMBURG423 IHAMBURG184 IHAMBURG1811 IHAMBURG136 IHAMBURG155 IHAMBURG531 IHAMBURG867 IHAMBURG1114 IHHHARBU2 IHAMBURG1639 IHAMBURG365 IHAMBURG175 IHAMBURG1234 IHAMBURG1813 IHAMBURG1974 IHAMBURG95 IHAMBURG598 IHAMBURG92 IHAMBURG2011 IHHWINTE4 IHHNEUGR2 IHAMBURG774 IHAMBURG98 IHAMBURG131 IHAMBURG2008 IHAMBURG152 IHAMBURG1988 IHAMBURG515 ILBHOOPT2 IHAMBURG646 IHAMBURG2085 IHAMBURG42 IHAMBURG1631 IHAMBURG990 IHAMBURG1679 IHAMBURG452 IHHALSTE2 IHAMBURG1086 IHAMBURG406 IHAMBURG108 IHHGROSS2 IHAMBURG1922 IHAMBURG2031 IHAMBURG1154 INORDERS98 IHAMBURG104 ISEEVETA78 IHAMBURG1502 IHHOHMOO2 IHAMBURG99 IHAMBURG61 IHAMBURG709 IHAMBURG1470 IHHMARIE5 IHAMBURG285 IHAMBURG497 IHAMBURG1985 IWENTORF21 IHAMBURG1945 IHAMBURG778 IHAMBURG1082 IHAMBURG292 IHAMBURG1391 IHAMBURG44 IHAMBURG22 IHAMBURG340 IHHSCHNE4 IHAMBURG2075 IHAMBURG1326 IHAMBURG1915 IHAMBURG162 IHAMBURG1998 IHAMBURG34 IHAMBURG1244 IHHCURSL2 IHAMBURG844 IHAMBURG242 IHAMBURG737 IHAMBURG52 IHAMBURG606 IHAMBURG2026 IHHDOCKE2 IHAMBURG963 IHAMBURG1516 IHAMBURG56 IHAMBURG2079 IHAMBURG113 IHAMBURG610 IHAMBURG2030 IBNNINGS3 IHAMBURG39 IHAMBURG648 IHAMBURG205 IHAMBURG32 IHAMBURG1158 IHAMBURG489 IHAMBURG2009 IHAMBURG2042 IHAMBURG1136 IHAMBURG354
2017-08-21 16:35:41,926 INFO nn          1.917 n=8771
2017-08-21 16:35:41,927 INFO idw_p2_cn3  3.705 n=8771
2017-08-21 16:35:41,927 INFO idw_p2_dt   3.960 n=8761
2017-08-21 16:35:41,927 INFO median_dt   1.985 n=8761
2017-08-21 16:35:41,927 INFO idw_p1_dt   4.304 n=8761
2017-08-21 16:35:41,927 INFO min_cn5     1.772 n=8771
2017-08-21 16:35:41,927 INFO idw_p1_cn5  3.183 n=8771
2017-08-21 16:35:41,927 INFO max_all     15.736 n=8771
2017-08-21 16:35:41,927 INFO mean_cn5    3.066 n=8771
2017-08-21 16:35:41,928 INFO min_cn3     1.059 n=8771
2017-08-21 16:35:41,928 INFO eddh        1.118 n=8763
2017-08-21 16:35:41,928 INFO mean_all    1.161 n=8771
2017-08-21 16:35:41,928 INFO idw_p3_cn5  2.957 n=8771
2017-08-21 16:35:41,928 INFO median_cn5  1.395 n=8771
2017-08-21 16:35:41,928 INFO median_all  0.928 n=8771
2017-08-21 16:35:41,928 INFO idw_p4_all  2.289 n=8771
2017-08-21 16:35:41,928 INFO idw_p1_all  1.305 n=8771
2017-08-21 16:35:41,928 INFO idw_p3_cn3  3.271 n=8771
2017-08-21 16:35:41,928 INFO mean_cn3    4.397 n=8771
2017-08-21 16:35:41,928 INFO min_all     5.227 n=8771
2017-08-21 16:35:41,929 INFO idw_p2_cn5  3.144 n=8771
2017-08-21 16:35:41,929 INFO idw_p4_cn3  2.849 n=8771
2017-08-21 16:35:41,929 INFO max_cn5     11.520 n=8771
2017-08-21 16:35:41,929 INFO max_dt      11.439 n=8761
2017-08-21 16:35:41,929 INFO idw_p2_all  1.624 n=8771
2017-08-21 16:35:41,929 INFO max_cn3     11.455 n=8771
2017-08-21 16:35:41,929 INFO idw_p4_cn5  2.681 n=8771
2017-08-21 16:35:41,929 INFO idw_p4_dt   3.057 n=8761
2017-08-21 16:35:41,929 INFO idw_p3_dt   3.503 n=8761
2017-08-21 16:35:41,929 INFO min_dt      0.909 n=8761
2017-08-21 16:35:41,929 INFO median_cn3  1.981 n=8771
2017-08-21 16:35:41,930 INFO idw_p3_all  2.065 n=8771
2017-08-21 16:35:41,930 INFO mean_dt     4.368 n=8761
2017-08-21 16:35:41,930 INFO idw_p1_cn3  4.098 n=8771
2017-08-21 16:35:41,930 INFO end method list
2017-08-21 16:35:42,217 INFO nn          1.76277 n=87414
2017-08-21 16:35:42,217 INFO idw_p2_dt   2.09508 n=77551
2017-08-21 16:35:42,218 INFO min_dt      1.08307 n=77551
2017-08-21 16:35:42,218 INFO idw_p1_cn5  1.84199 n=87414
2017-08-21 16:35:42,218 INFO idw_p3_dt   2.01129 n=77551
2017-08-21 16:35:42,218 INFO mean_all    1.57516 n=87414
2017-08-21 16:35:42,219 INFO idw_p3_cn5  1.79487 n=87414
2017-08-21 16:35:42,219 INFO median_cn5  1.41938 n=87414
2017-08-21 16:35:42,219 INFO idw_p4_all  1.66767 n=87414
2017-08-21 16:35:42,219 INFO idw_p3_cn3  1.88725 n=87414
2017-08-21 16:35:42,220 INFO min_all     5.01847 n=87414
2017-08-21 16:35:42,220 INFO idw_p2_cn5  1.83414 n=87414
2017-08-21 16:35:42,220 INFO max_cn5     5.39138 n=87414
2017-08-21 16:35:42,220 INFO max_dt      4.89346 n=77551
2017-08-21 16:35:42,221 INFO idw_p2_all  1.60556 n=87414
2017-08-21 16:35:42,221 INFO idw_p4_cn5  1.74493 n=87414
2017-08-21 16:35:42,221 INFO idw_p1_all  1.58070 n=87414
2017-08-21 16:35:42,221 INFO idw_p4_dt   1.93182 n=77551
2017-08-21 16:35:42,222 INFO median_cn3  1.55278 n=87414
2017-08-21 16:35:42,222 INFO min_cn5     1.10771 n=87414
2017-08-21 16:35:42,222 INFO idw_p2_cn3  1.98599 n=87414
2017-08-21 16:35:42,222 INFO median_dt   1.54845 n=77551
2017-08-21 16:35:42,223 INFO max_all     15.98203 n=87414
2017-08-21 16:35:42,223 INFO mean_cn5    1.85480 n=87414
2017-08-21 16:35:42,223 INFO min_cn3     1.03091 n=87414
2017-08-21 16:35:42,223 INFO eddh        1.03618 n=87305
2017-08-21 16:35:42,223 INFO idw_p1_dt   2.14684 n=77551
2017-08-21 16:35:42,224 INFO median_all  1.36030 n=87414
2017-08-21 16:35:42,224 INFO mean_cn3    2.23653 n=87414
2017-08-21 16:35:42,224 INFO idw_p4_cn3  1.80415 n=87414
2017-08-21 16:35:42,224 INFO mean_dt     2.16845 n=77551
2017-08-21 16:35:42,225 INFO max_cn3     5.09669 n=87414
2017-08-21 16:35:42,225 INFO idw_p3_all  1.64542 n=87414
2017-08-21 16:35:42,225 INFO idw_p1_cn3  2.09219 n=87414
