2017-08-20 20:25:29,004 INFO ### Start new logging
2017-08-20 20:25:29,004 INFO General Overview
2017-08-20 20:25:29,004 INFO targets: HCM IHM LGM LWM RIM SGM SWM WGM WWM ZOM
2017-08-20 20:25:29,004 INFO neighbours: IOSTSTEI3 IHAMBURG1118 IHAMBURG1134 IHAMBURG1154 IHAMBURG481 IHAMBURG1368 IHAMBURG844 IHAMBURG550 IHAMBURG998 IHAMBURG656 IHAMBURG154 IHAMBURG1346 IHAMBURG971 IHAMBURG1797 IHAMBURG367 IHAMBURG206 IHAMBURG1538 IHAMBURG772 IHAMBURG289 IHAMBURG1372 IHAMBURG789 IHAMBURG308 IHAMBURG709 IHAMBURG1186 IHAMBURG1082 IHAMBURG128 IHAMBURG199 IHAMBURG361 IHAMBURG1044 IHAMBURG648 IHAMBURG405 IHAMBURG2052 IHAMBURG1391 IHAMBURG741 IHAMBURG1377 IHAMBURG1184 IHAMBURG123 IHAMBURG778 IHAMBURG1411 IHAMBURG69 IHAMBURG219 IHAMBURG1192 IHAMBURG180 IHHRISSE2 IHAMBURG363 IHAMBURG454 IHAMBURG1284 IHAMBURG1064 IHAMBURG230 IHAMBURG195 IHAMBURG258 IHAMBURG192 IHAMBURG439 IHAMBURG162 IHAMBURG465 IHAMBURG2026 IHAMBURG1212 IHAMBURG338 IHAMBURG1076 IHAMBURG540 IHAMBURG1008 IHAMBURG435 IHAMBURG333 IHAMBURG1421 IHAMBURG60 IHAMBURG479 IHAMBURG1342 ISEEVETA49 IHAMBURG1036 IHAMBURG1540 IHAMBURG1791 IHAMBURG469 IHAMBURG142 IHAMBURG417 IHAMBURG131 IHAMBURG1108 IHAMBURG64 IHAMBURG2024 IHAMBURG403 IHAMBURG1152 IHAMBURG1136 IHAMBURG1110 IHAMBURG365 IHAMBURG1508 IHAMBURG1296 IHAMBURG1266 IHAMBURG80 IHAMBURG610 IHAMBURG664 IHAMBURG565 IHAMBURG1504 IHAMBURG1306 IWINSENL6 IHAMBURG250 IHAMBURG1114 IHAMBURG514 IHAMBURG1208 IHAMBURG600 INORDERS21 IHAMBURG1204 IHAMBURG1300 IHAMBURG1068 IHAMBURG68 IHAMBURG832 IHAMBURG404 IHAMBURG209 IHAMBURG119 IHAMBURG49 IHAMBURG1314 IHAMBURG1230 IHAMBURG2029 IHAMBURG42 IHAMBURG693 IHAMBURG1098 IHAMBURG108 IHAMBURG1142 IHAMBURG84 IHAMBURG1236 IHAMBURG53 IHAMBURG1172 IHAMBURG285 IHAMBURG1586 IHAMBURG1194 IHAMBURG50 IHAMBURG375 IHAMBURG229 IHAMBURG499 IHAMBURG98 IHAMBURG604 IHAMBURG104 IHAMBURG460 IHHBERGS2 IHAMBURG168 IHAMBURG204 IHAMBURG489 IHAMBURG1200 IHAMBURG1360 IHAMBURG1102 IHAMBURG914 IHAMBURG640 IHAMBURG684
2017-08-20 20:25:29,005 INFO End overview
2017-08-20 20:25:29,005 INFO Several Runs
2017-08-20 20:25:29,005 INFO end targets
2017-08-20 20:25:29,005 INFO overall results
2017-08-20 20:25:29,005 INFO interpolate for HCM
2017-08-20 20:25:29,005 INFO currently at 1 out of 10
2017-08-20 20:25:29,005 INFO use IOSTSTEI3 IHAMBURG1118 IHAMBURG1134 IHAMBURG1154 IHAMBURG481 IHAMBURG1368 IHAMBURG844 IHAMBURG550 IHAMBURG998 IHAMBURG656 IHAMBURG154 IHAMBURG1346 IHAMBURG971 IHAMBURG1797 IHAMBURG367 IHAMBURG206 IHAMBURG1538 IHAMBURG772 IHAMBURG289 IHAMBURG1372 IHAMBURG789 IHAMBURG308 IHAMBURG709 IHAMBURG1186 IHAMBURG1082 IHAMBURG128 IHAMBURG199 IHAMBURG361 IHAMBURG1044 IHAMBURG648 IHAMBURG405 IHAMBURG2052 IHAMBURG1391 IHAMBURG741 IHAMBURG1377 IHAMBURG1184 IHAMBURG123 IHAMBURG778 IHAMBURG1411 IHAMBURG69 IHAMBURG219 IHAMBURG1192 IHAMBURG180 IHHRISSE2 IHAMBURG363 IHAMBURG454 IHAMBURG1284 IHAMBURG1064 IHAMBURG230 IHAMBURG195 IHAMBURG258 IHAMBURG192 IHAMBURG439 IHAMBURG162 IHAMBURG465 IHAMBURG2026 IHAMBURG1212 IHAMBURG338 IHAMBURG1076 IHAMBURG540 IHAMBURG1008 IHAMBURG435 IHAMBURG333 IHAMBURG1421 IHAMBURG60 IHAMBURG479 IHAMBURG1342 ISEEVETA49 IHAMBURG1036 IHAMBURG1540 IHAMBURG1791 IHAMBURG469 IHAMBURG142 IHAMBURG417 IHAMBURG131 IHAMBURG1108 IHAMBURG64 IHAMBURG2024 IHAMBURG403 IHAMBURG1152 IHAMBURG1136 IHAMBURG1110 IHAMBURG365 IHAMBURG1508 IHAMBURG1296 IHAMBURG1266 IHAMBURG80 IHAMBURG610 IHAMBURG664 IHAMBURG565 IHAMBURG1504 IHAMBURG1306 IWINSENL6 IHAMBURG250 IHAMBURG1114 IHAMBURG514 IHAMBURG1208 IHAMBURG600 INORDERS21 IHAMBURG1204 IHAMBURG1300 IHAMBURG1068 IHAMBURG68 IHAMBURG832 IHAMBURG404 IHAMBURG209 IHAMBURG119 IHAMBURG49 IHAMBURG1314 IHAMBURG1230 IHAMBURG2029 IHAMBURG42 IHAMBURG693 IHAMBURG1098 IHAMBURG108 IHAMBURG1142 IHAMBURG84 IHAMBURG1236 IHAMBURG53 IHAMBURG1172 IHAMBURG285 IHAMBURG1586 IHAMBURG1194 IHAMBURG50 IHAMBURG375 IHAMBURG229 IHAMBURG499 IHAMBURG98 IHAMBURG604 IHAMBURG104 IHAMBURG460 IHHBERGS2 IHAMBURG168 IHAMBURG204 IHAMBURG489 IHAMBURG1200 IHAMBURG1360 IHAMBURG1102 IHAMBURG914 IHAMBURG640 IHAMBURG684
2017-08-20 20:34:30,476 INFO min_cn5     0.909 n=8780
2017-08-20 20:34:30,477 INFO idw_p3_cn3  0.871 n=8780
2017-08-20 20:34:30,477 INFO max_cn3     1.177 n=8780
2017-08-20 20:34:30,477 INFO idw_p1_cn5  0.811 n=8780
2017-08-20 20:34:30,478 INFO idw_p4_cn3  0.872 n=8780
2017-08-20 20:34:30,478 INFO median_cn3  0.806 n=8780
2017-08-20 20:34:30,478 INFO mean_dt     0.689 n=8672
2017-08-20 20:34:30,478 INFO idw_p2_all  0.830 n=8780
2017-08-20 20:34:30,478 INFO idw_p2_dt   0.867 n=8672
2017-08-20 20:34:30,478 INFO eddh        1.392 n=8773
2017-08-20 20:34:30,478 INFO idw_p1_dt   0.823 n=8672
2017-08-20 20:34:30,478 INFO idw_p3_all  0.862 n=8780
2017-08-20 20:34:30,478 INFO mean_cn5    0.697 n=8780
2017-08-20 20:34:30,478 INFO max_all     1.731 n=8780
2017-08-20 20:34:30,478 INFO idw_p1_cn3  0.839 n=8780
2017-08-20 20:34:30,478 INFO idw_p3_dt   0.872 n=8672
2017-08-20 20:34:30,479 INFO idw_p3_cn5  0.869 n=8780
2017-08-20 20:34:30,479 INFO min_dt      0.802 n=8672
2017-08-20 20:34:30,479 INFO idw_p4_all  0.866 n=8780
2017-08-20 20:34:30,479 INFO idw_p2_cn3  0.868 n=8780
2017-08-20 20:34:30,479 INFO idw_p4_cn5  0.871 n=8780
2017-08-20 20:34:30,479 INFO idw_p4_dt   0.874 n=8672
2017-08-20 20:34:30,479 INFO idw_p1_all  0.499 n=8780
2017-08-20 20:34:30,479 INFO mean_all    0.619 n=8780
2017-08-20 20:34:30,479 INFO mean_cn3    0.762 n=8780
2017-08-20 20:34:30,479 INFO max_dt      1.074 n=8672
2017-08-20 20:34:30,479 INFO median_cn5  0.743 n=8780
2017-08-20 20:34:30,480 INFO nn          0.878 n=8780
2017-08-20 20:34:30,480 INFO idw_p2_cn5  0.863 n=8780
2017-08-20 20:34:30,480 INFO median_dt   0.719 n=8672
2017-08-20 20:34:30,480 INFO median_all  0.654 n=8780
2017-08-20 20:34:30,480 INFO min_cn3     0.625 n=8780
2017-08-20 20:34:30,480 INFO min_all     2.796 n=8780
2017-08-20 20:34:30,480 INFO max_cn5     1.279 n=8780
2017-08-20 20:34:30,480 INFO end method list
2017-08-20 20:34:30,647 INFO interpolate for IHM
2017-08-20 20:34:30,647 INFO currently at 2 out of 10
2017-08-20 20:34:30,647 INFO use IOSTSTEI3 IHAMBURG1118 IHAMBURG1134 IHAMBURG1154 IHAMBURG481 IHAMBURG1368 IHAMBURG844 IHAMBURG550 IHAMBURG998 IHAMBURG656 IHAMBURG154 IHAMBURG1346 IHAMBURG971 IHAMBURG1797 IHAMBURG367 IHAMBURG206 IHAMBURG1538 IHAMBURG772 IHAMBURG289 IHAMBURG1372 IHAMBURG789 IHAMBURG308 IHAMBURG709 IHAMBURG1186 IHAMBURG1082 IHAMBURG128 IHAMBURG199 IHAMBURG361 IHAMBURG1044 IHAMBURG648 IHAMBURG405 IHAMBURG2052 IHAMBURG1391 IHAMBURG741 IHAMBURG1377 IHAMBURG1184 IHAMBURG123 IHAMBURG778 IHAMBURG1411 IHAMBURG69 IHAMBURG219 IHAMBURG1192 IHAMBURG180 IHHRISSE2 IHAMBURG363 IHAMBURG454 IHAMBURG1284 IHAMBURG1064 IHAMBURG230 IHAMBURG195 IHAMBURG258 IHAMBURG192 IHAMBURG439 IHAMBURG162 IHAMBURG465 IHAMBURG2026 IHAMBURG1212 IHAMBURG338 IHAMBURG1076 IHAMBURG540 IHAMBURG1008 IHAMBURG435 IHAMBURG333 IHAMBURG1421 IHAMBURG60 IHAMBURG479 IHAMBURG1342 ISEEVETA49 IHAMBURG1036 IHAMBURG1540 IHAMBURG1791 IHAMBURG469 IHAMBURG142 IHAMBURG417 IHAMBURG131 IHAMBURG1108 IHAMBURG64 IHAMBURG2024 IHAMBURG403 IHAMBURG1152 IHAMBURG1136 IHAMBURG1110 IHAMBURG365 IHAMBURG1508 IHAMBURG1296 IHAMBURG1266 IHAMBURG80 IHAMBURG610 IHAMBURG664 IHAMBURG565 IHAMBURG1504 IHAMBURG1306 IWINSENL6 IHAMBURG250 IHAMBURG1114 IHAMBURG514 IHAMBURG1208 IHAMBURG600 INORDERS21 IHAMBURG1204 IHAMBURG1300 IHAMBURG1068 IHAMBURG68 IHAMBURG832 IHAMBURG404 IHAMBURG209 IHAMBURG119 IHAMBURG49 IHAMBURG1314 IHAMBURG1230 IHAMBURG2029 IHAMBURG42 IHAMBURG693 IHAMBURG1098 IHAMBURG108 IHAMBURG1142 IHAMBURG84 IHAMBURG1236 IHAMBURG53 IHAMBURG1172 IHAMBURG285 IHAMBURG1586 IHAMBURG1194 IHAMBURG50 IHAMBURG375 IHAMBURG229 IHAMBURG499 IHAMBURG98 IHAMBURG604 IHAMBURG104 IHAMBURG460 IHHBERGS2 IHAMBURG168 IHAMBURG204 IHAMBURG489 IHAMBURG1200 IHAMBURG1360 IHAMBURG1102 IHAMBURG914 IHAMBURG640 IHAMBURG684
2017-08-20 20:43:30,233 INFO min_cn5     1.025 n=8780
2017-08-20 20:43:30,234 INFO idw_p3_cn3  0.814 n=8780
2017-08-20 20:43:30,234 INFO max_cn3     1.019 n=8780
2017-08-20 20:43:30,234 INFO idw_p1_cn5  0.594 n=8780
2017-08-20 20:43:30,235 INFO idw_p4_cn3  0.858 n=8780
2017-08-20 20:43:30,235 INFO median_cn3  0.686 n=8780
2017-08-20 20:43:30,235 INFO mean_dt     0.662 n=8667
2017-08-20 20:43:30,235 INFO idw_p2_all  0.490 n=8780
2017-08-20 20:43:30,235 INFO idw_p2_dt   0.761 n=8667
2017-08-20 20:43:30,235 INFO eddh        1.486 n=8772
2017-08-20 20:43:30,235 INFO idw_p1_dt   0.698 n=8667
2017-08-20 20:43:30,235 INFO idw_p3_all  0.629 n=8780
2017-08-20 20:43:30,235 INFO mean_cn5    0.541 n=8780
2017-08-20 20:43:30,235 INFO max_all     1.596 n=8780
2017-08-20 20:43:30,235 INFO idw_p1_cn3  0.697 n=8780
2017-08-20 20:43:30,235 INFO idw_p3_dt   0.823 n=8667
2017-08-20 20:43:30,236 INFO idw_p3_cn5  0.757 n=8780
2017-08-20 20:43:30,236 INFO min_dt      1.066 n=8667
2017-08-20 20:43:30,236 INFO idw_p4_all  0.770 n=8780
2017-08-20 20:43:30,236 INFO idw_p2_cn3  0.759 n=8780
2017-08-20 20:43:30,236 INFO idw_p4_cn5  0.823 n=8780
2017-08-20 20:43:30,236 INFO idw_p4_dt   0.872 n=8667
2017-08-20 20:43:30,236 INFO idw_p1_all  0.581 n=8780
2017-08-20 20:43:30,236 INFO mean_all    0.722 n=8780
2017-08-20 20:43:30,236 INFO mean_cn3    0.641 n=8780
2017-08-20 20:43:30,236 INFO max_dt      0.991 n=8667
2017-08-20 20:43:30,236 INFO median_cn5  0.589 n=8780
2017-08-20 20:43:30,236 INFO nn          0.963 n=8780
2017-08-20 20:43:30,237 INFO idw_p2_cn5  0.675 n=8780
2017-08-20 20:43:30,237 INFO median_dt   0.691 n=8667
2017-08-20 20:43:30,237 INFO median_all  0.761 n=8780
2017-08-20 20:43:30,237 INFO min_cn3     0.668 n=8780
2017-08-20 20:43:30,237 INFO min_all     2.950 n=8780
2017-08-20 20:43:30,237 INFO max_cn5     1.109 n=8780
2017-08-20 20:43:30,237 INFO end method list
2017-08-20 20:43:30,399 INFO interpolate for LGM
2017-08-20 20:43:30,399 INFO currently at 3 out of 10
2017-08-20 20:43:30,399 INFO use IOSTSTEI3 IHAMBURG1118 IHAMBURG1134 IHAMBURG1154 IHAMBURG481 IHAMBURG1368 IHAMBURG844 IHAMBURG550 IHAMBURG998 IHAMBURG656 IHAMBURG154 IHAMBURG1346 IHAMBURG971 IHAMBURG1797 IHAMBURG367 IHAMBURG206 IHAMBURG1538 IHAMBURG772 IHAMBURG289 IHAMBURG1372 IHAMBURG789 IHAMBURG308 IHAMBURG709 IHAMBURG1186 IHAMBURG1082 IHAMBURG128 IHAMBURG199 IHAMBURG361 IHAMBURG1044 IHAMBURG648 IHAMBURG405 IHAMBURG2052 IHAMBURG1391 IHAMBURG741 IHAMBURG1377 IHAMBURG1184 IHAMBURG123 IHAMBURG778 IHAMBURG1411 IHAMBURG69 IHAMBURG219 IHAMBURG1192 IHAMBURG180 IHHRISSE2 IHAMBURG363 IHAMBURG454 IHAMBURG1284 IHAMBURG1064 IHAMBURG230 IHAMBURG195 IHAMBURG258 IHAMBURG192 IHAMBURG439 IHAMBURG162 IHAMBURG465 IHAMBURG2026 IHAMBURG1212 IHAMBURG338 IHAMBURG1076 IHAMBURG540 IHAMBURG1008 IHAMBURG435 IHAMBURG333 IHAMBURG1421 IHAMBURG60 IHAMBURG479 IHAMBURG1342 ISEEVETA49 IHAMBURG1036 IHAMBURG1540 IHAMBURG1791 IHAMBURG469 IHAMBURG142 IHAMBURG417 IHAMBURG131 IHAMBURG1108 IHAMBURG64 IHAMBURG2024 IHAMBURG403 IHAMBURG1152 IHAMBURG1136 IHAMBURG1110 IHAMBURG365 IHAMBURG1508 IHAMBURG1296 IHAMBURG1266 IHAMBURG80 IHAMBURG610 IHAMBURG664 IHAMBURG565 IHAMBURG1504 IHAMBURG1306 IWINSENL6 IHAMBURG250 IHAMBURG1114 IHAMBURG514 IHAMBURG1208 IHAMBURG600 INORDERS21 IHAMBURG1204 IHAMBURG1300 IHAMBURG1068 IHAMBURG68 IHAMBURG832 IHAMBURG404 IHAMBURG209 IHAMBURG119 IHAMBURG49 IHAMBURG1314 IHAMBURG1230 IHAMBURG2029 IHAMBURG42 IHAMBURG693 IHAMBURG1098 IHAMBURG108 IHAMBURG1142 IHAMBURG84 IHAMBURG1236 IHAMBURG53 IHAMBURG1172 IHAMBURG285 IHAMBURG1586 IHAMBURG1194 IHAMBURG50 IHAMBURG375 IHAMBURG229 IHAMBURG499 IHAMBURG98 IHAMBURG604 IHAMBURG104 IHAMBURG460 IHHBERGS2 IHAMBURG168 IHAMBURG204 IHAMBURG489 IHAMBURG1200 IHAMBURG1360 IHAMBURG1102 IHAMBURG914 IHAMBURG640 IHAMBURG684
2017-08-20 20:52:29,221 INFO min_cn5     1.167 n=8766
2017-08-20 20:52:29,221 INFO idw_p3_cn3  1.287 n=8766
2017-08-20 20:52:29,222 INFO max_cn3     2.167 n=8766
2017-08-20 20:52:29,222 INFO idw_p1_cn5  1.400 n=8766
2017-08-20 20:52:29,222 INFO idw_p4_cn3  1.278 n=8766
2017-08-20 20:52:29,222 INFO median_cn3  1.453 n=8766
2017-08-20 20:52:29,222 INFO mean_dt     1.090 n=7488
2017-08-20 20:52:29,222 INFO idw_p2_all  1.302 n=8766
2017-08-20 20:52:29,222 INFO eddh        0.826 n=8757
2017-08-20 20:52:29,222 INFO max_dt      1.435 n=7488
2017-08-20 20:52:29,222 INFO idw_p3_all  1.256 n=8766
2017-08-20 20:52:29,222 INFO idw_p4_dt   1.278 n=7488
2017-08-20 20:52:29,222 INFO mean_cn5    1.509 n=8766
2017-08-20 20:52:29,223 INFO max_all     3.254 n=8766
2017-08-20 20:52:29,223 INFO idw_p1_cn3  1.380 n=8766
2017-08-20 20:52:29,223 INFO idw_p3_dt   1.273 n=7488
2017-08-20 20:52:29,223 INFO idw_p3_cn5  1.285 n=8766
2017-08-20 20:52:29,223 INFO min_dt      0.964 n=7488
2017-08-20 20:52:29,223 INFO idw_p4_all  1.258 n=8766
2017-08-20 20:52:29,223 INFO idw_p2_cn3  1.314 n=8766
2017-08-20 20:52:29,223 INFO idw_p4_cn5  1.276 n=8766
2017-08-20 20:52:29,223 INFO median_all  1.470 n=8766
2017-08-20 20:52:29,223 INFO max_cn5     2.405 n=8766
2017-08-20 20:52:29,223 INFO mean_cn3    1.492 n=8766
2017-08-20 20:52:29,224 INFO mean_all    1.497 n=8766
2017-08-20 20:52:29,224 INFO median_cn5  1.488 n=8766
2017-08-20 20:52:29,224 INFO idw_p1_all  1.409 n=8766
2017-08-20 20:52:29,224 INFO idw_p2_cn5  1.317 n=8766
2017-08-20 20:52:29,224 INFO median_dt   1.087 n=7488
2017-08-20 20:52:29,224 INFO idw_p2_dt   1.254 n=7488
2017-08-20 20:52:29,224 INFO nn          1.279 n=8766
2017-08-20 20:52:29,224 INFO min_cn3     1.160 n=8766
2017-08-20 20:52:29,224 INFO min_all     1.756 n=8766
2017-08-20 20:52:29,224 INFO idw_p1_dt   1.192 n=7488
2017-08-20 20:52:29,224 INFO end method list
2017-08-20 20:52:29,391 INFO interpolate for LWM
2017-08-20 20:52:29,391 INFO currently at 4 out of 10
2017-08-20 20:52:29,391 INFO use IOSTSTEI3 IHAMBURG1118 IHAMBURG1134 IHAMBURG1154 IHAMBURG481 IHAMBURG1368 IHAMBURG844 IHAMBURG550 IHAMBURG998 IHAMBURG656 IHAMBURG154 IHAMBURG1346 IHAMBURG971 IHAMBURG1797 IHAMBURG367 IHAMBURG206 IHAMBURG1538 IHAMBURG772 IHAMBURG289 IHAMBURG1372 IHAMBURG789 IHAMBURG308 IHAMBURG709 IHAMBURG1186 IHAMBURG1082 IHAMBURG128 IHAMBURG199 IHAMBURG361 IHAMBURG1044 IHAMBURG648 IHAMBURG405 IHAMBURG2052 IHAMBURG1391 IHAMBURG741 IHAMBURG1377 IHAMBURG1184 IHAMBURG123 IHAMBURG778 IHAMBURG1411 IHAMBURG69 IHAMBURG219 IHAMBURG1192 IHAMBURG180 IHHRISSE2 IHAMBURG363 IHAMBURG454 IHAMBURG1284 IHAMBURG1064 IHAMBURG230 IHAMBURG195 IHAMBURG258 IHAMBURG192 IHAMBURG439 IHAMBURG162 IHAMBURG465 IHAMBURG2026 IHAMBURG1212 IHAMBURG338 IHAMBURG1076 IHAMBURG540 IHAMBURG1008 IHAMBURG435 IHAMBURG333 IHAMBURG1421 IHAMBURG60 IHAMBURG479 IHAMBURG1342 ISEEVETA49 IHAMBURG1036 IHAMBURG1540 IHAMBURG1791 IHAMBURG469 IHAMBURG142 IHAMBURG417 IHAMBURG131 IHAMBURG1108 IHAMBURG64 IHAMBURG2024 IHAMBURG403 IHAMBURG1152 IHAMBURG1136 IHAMBURG1110 IHAMBURG365 IHAMBURG1508 IHAMBURG1296 IHAMBURG1266 IHAMBURG80 IHAMBURG610 IHAMBURG664 IHAMBURG565 IHAMBURG1504 IHAMBURG1306 IWINSENL6 IHAMBURG250 IHAMBURG1114 IHAMBURG514 IHAMBURG1208 IHAMBURG600 INORDERS21 IHAMBURG1204 IHAMBURG1300 IHAMBURG1068 IHAMBURG68 IHAMBURG832 IHAMBURG404 IHAMBURG209 IHAMBURG119 IHAMBURG49 IHAMBURG1314 IHAMBURG1230 IHAMBURG2029 IHAMBURG42 IHAMBURG693 IHAMBURG1098 IHAMBURG108 IHAMBURG1142 IHAMBURG84 IHAMBURG1236 IHAMBURG53 IHAMBURG1172 IHAMBURG285 IHAMBURG1586 IHAMBURG1194 IHAMBURG50 IHAMBURG375 IHAMBURG229 IHAMBURG499 IHAMBURG98 IHAMBURG604 IHAMBURG104 IHAMBURG460 IHHBERGS2 IHAMBURG168 IHAMBURG204 IHAMBURG489 IHAMBURG1200 IHAMBURG1360 IHAMBURG1102 IHAMBURG914 IHAMBURG640 IHAMBURG684
2017-08-20 21:01:26,198 INFO min_cn5     1.218 n=8518
2017-08-20 21:01:26,199 INFO idw_p3_cn3  1.445 n=8518
2017-08-20 21:01:26,199 INFO max_cn3     2.299 n=8518
2017-08-20 21:01:26,199 INFO idw_p1_cn5  1.529 n=8518
2017-08-20 21:01:26,199 INFO idw_p4_cn3  1.421 n=8518
2017-08-20 21:01:26,199 INFO median_cn3  1.583 n=8518
2017-08-20 21:01:26,199 INFO idw_p2_all  1.483 n=8518
2017-08-20 21:01:26,199 INFO eddh        0.969 n=8511
2017-08-20 21:01:26,199 INFO idw_p3_all  1.428 n=8518
2017-08-20 21:01:26,200 INFO mean_cn5    1.578 n=8518
2017-08-20 21:01:26,200 INFO max_all     3.404 n=8518
2017-08-20 21:01:26,200 INFO idw_p1_cn3  1.543 n=8518
2017-08-20 21:01:26,200 INFO idw_p3_cn5  1.441 n=8518
2017-08-20 21:01:26,200 INFO idw_p4_all  1.401 n=8518
2017-08-20 21:01:26,200 INFO idw_p2_cn3  1.484 n=8518
2017-08-20 21:01:26,200 INFO idw_p4_cn5  1.417 n=8518
2017-08-20 21:01:26,200 INFO median_all  1.591 n=8518
2017-08-20 21:01:26,200 INFO max_cn5     2.494 n=8518
2017-08-20 21:01:26,200 INFO mean_cn3    1.617 n=8518
2017-08-20 21:01:26,200 INFO mean_all    1.618 n=8518
2017-08-20 21:01:26,200 INFO median_cn5  1.546 n=8518
2017-08-20 21:01:26,201 INFO idw_p1_all  1.549 n=8518
2017-08-20 21:01:26,201 INFO idw_p2_cn5  1.478 n=8518
2017-08-20 21:01:26,201 INFO nn          1.367 n=8518
2017-08-20 21:01:26,201 INFO min_cn3     1.248 n=8518
2017-08-20 21:01:26,201 INFO min_all     1.678 n=8518
2017-08-20 21:01:26,201 INFO end method list
2017-08-20 21:01:26,346 INFO interpolate for RIM
2017-08-20 21:01:26,346 INFO currently at 5 out of 10
2017-08-20 21:01:26,346 INFO use IOSTSTEI3 IHAMBURG1118 IHAMBURG1134 IHAMBURG1154 IHAMBURG481 IHAMBURG1368 IHAMBURG844 IHAMBURG550 IHAMBURG998 IHAMBURG656 IHAMBURG154 IHAMBURG1346 IHAMBURG971 IHAMBURG1797 IHAMBURG367 IHAMBURG206 IHAMBURG1538 IHAMBURG772 IHAMBURG289 IHAMBURG1372 IHAMBURG789 IHAMBURG308 IHAMBURG709 IHAMBURG1186 IHAMBURG1082 IHAMBURG128 IHAMBURG199 IHAMBURG361 IHAMBURG1044 IHAMBURG648 IHAMBURG405 IHAMBURG2052 IHAMBURG1391 IHAMBURG741 IHAMBURG1377 IHAMBURG1184 IHAMBURG123 IHAMBURG778 IHAMBURG1411 IHAMBURG69 IHAMBURG219 IHAMBURG1192 IHAMBURG180 IHHRISSE2 IHAMBURG363 IHAMBURG454 IHAMBURG1284 IHAMBURG1064 IHAMBURG230 IHAMBURG195 IHAMBURG258 IHAMBURG192 IHAMBURG439 IHAMBURG162 IHAMBURG465 IHAMBURG2026 IHAMBURG1212 IHAMBURG338 IHAMBURG1076 IHAMBURG540 IHAMBURG1008 IHAMBURG435 IHAMBURG333 IHAMBURG1421 IHAMBURG60 IHAMBURG479 IHAMBURG1342 ISEEVETA49 IHAMBURG1036 IHAMBURG1540 IHAMBURG1791 IHAMBURG469 IHAMBURG142 IHAMBURG417 IHAMBURG131 IHAMBURG1108 IHAMBURG64 IHAMBURG2024 IHAMBURG403 IHAMBURG1152 IHAMBURG1136 IHAMBURG1110 IHAMBURG365 IHAMBURG1508 IHAMBURG1296 IHAMBURG1266 IHAMBURG80 IHAMBURG610 IHAMBURG664 IHAMBURG565 IHAMBURG1504 IHAMBURG1306 IWINSENL6 IHAMBURG250 IHAMBURG1114 IHAMBURG514 IHAMBURG1208 IHAMBURG600 INORDERS21 IHAMBURG1204 IHAMBURG1300 IHAMBURG1068 IHAMBURG68 IHAMBURG832 IHAMBURG404 IHAMBURG209 IHAMBURG119 IHAMBURG49 IHAMBURG1314 IHAMBURG1230 IHAMBURG2029 IHAMBURG42 IHAMBURG693 IHAMBURG1098 IHAMBURG108 IHAMBURG1142 IHAMBURG84 IHAMBURG1236 IHAMBURG53 IHAMBURG1172 IHAMBURG285 IHAMBURG1586 IHAMBURG1194 IHAMBURG50 IHAMBURG375 IHAMBURG229 IHAMBURG499 IHAMBURG98 IHAMBURG604 IHAMBURG104 IHAMBURG460 IHHBERGS2 IHAMBURG168 IHAMBURG204 IHAMBURG489 IHAMBURG1200 IHAMBURG1360 IHAMBURG1102 IHAMBURG914 IHAMBURG640 IHAMBURG684
2017-08-20 21:10:26,545 INFO min_cn5     1.459 n=8755
2017-08-20 21:10:26,546 INFO idw_p3_cn3  1.388 n=8755
2017-08-20 21:10:26,546 INFO max_cn3     2.335 n=8755
2017-08-20 21:10:26,546 INFO idw_p1_cn5  1.450 n=8755
2017-08-20 21:10:26,546 INFO idw_p4_cn3  1.420 n=8755
2017-08-20 21:10:26,546 INFO median_cn3  1.345 n=8755
2017-08-20 21:10:26,546 INFO idw_p2_all  1.360 n=8755
2017-08-20 21:10:26,546 INFO eddh        0.979 n=8751
2017-08-20 21:10:26,547 INFO idw_p3_all  1.309 n=8755
2017-08-20 21:10:26,547 INFO mean_cn5    1.528 n=8755
2017-08-20 21:10:26,547 INFO max_all     3.056 n=8755
2017-08-20 21:10:26,547 INFO idw_p1_cn3  1.389 n=8755
2017-08-20 21:10:26,547 INFO idw_p3_cn5  1.370 n=8755
2017-08-20 21:10:26,547 INFO idw_p4_all  1.313 n=8755
2017-08-20 21:10:26,547 INFO idw_p2_cn3  1.371 n=8755
2017-08-20 21:10:26,547 INFO idw_p4_cn5  1.390 n=8755
2017-08-20 21:10:26,547 INFO median_all  1.360 n=8755
2017-08-20 21:10:26,547 INFO max_cn5     2.491 n=8755
2017-08-20 21:10:26,547 INFO mean_cn3    1.445 n=8755
2017-08-20 21:10:26,548 INFO mean_all    1.387 n=8755
2017-08-20 21:10:26,548 INFO median_cn5  1.588 n=8755
2017-08-20 21:10:26,548 INFO idw_p1_all  1.391 n=8755
2017-08-20 21:10:26,548 INFO idw_p2_cn5  1.388 n=8755
2017-08-20 21:10:26,548 INFO nn          1.514 n=8755
2017-08-20 21:10:26,548 INFO min_cn3     1.439 n=8755
2017-08-20 21:10:26,548 INFO min_all     1.948 n=8755
2017-08-20 21:10:26,548 INFO end method list
2017-08-20 21:10:26,707 INFO interpolate for SGM
2017-08-20 21:10:26,708 INFO currently at 6 out of 10
2017-08-20 21:10:26,708 INFO use IOSTSTEI3 IHAMBURG1118 IHAMBURG1134 IHAMBURG1154 IHAMBURG481 IHAMBURG1368 IHAMBURG844 IHAMBURG550 IHAMBURG998 IHAMBURG656 IHAMBURG154 IHAMBURG1346 IHAMBURG971 IHAMBURG1797 IHAMBURG367 IHAMBURG206 IHAMBURG1538 IHAMBURG772 IHAMBURG289 IHAMBURG1372 IHAMBURG789 IHAMBURG308 IHAMBURG709 IHAMBURG1186 IHAMBURG1082 IHAMBURG128 IHAMBURG199 IHAMBURG361 IHAMBURG1044 IHAMBURG648 IHAMBURG405 IHAMBURG2052 IHAMBURG1391 IHAMBURG741 IHAMBURG1377 IHAMBURG1184 IHAMBURG123 IHAMBURG778 IHAMBURG1411 IHAMBURG69 IHAMBURG219 IHAMBURG1192 IHAMBURG180 IHHRISSE2 IHAMBURG363 IHAMBURG454 IHAMBURG1284 IHAMBURG1064 IHAMBURG230 IHAMBURG195 IHAMBURG258 IHAMBURG192 IHAMBURG439 IHAMBURG162 IHAMBURG465 IHAMBURG2026 IHAMBURG1212 IHAMBURG338 IHAMBURG1076 IHAMBURG540 IHAMBURG1008 IHAMBURG435 IHAMBURG333 IHAMBURG1421 IHAMBURG60 IHAMBURG479 IHAMBURG1342 ISEEVETA49 IHAMBURG1036 IHAMBURG1540 IHAMBURG1791 IHAMBURG469 IHAMBURG142 IHAMBURG417 IHAMBURG131 IHAMBURG1108 IHAMBURG64 IHAMBURG2024 IHAMBURG403 IHAMBURG1152 IHAMBURG1136 IHAMBURG1110 IHAMBURG365 IHAMBURG1508 IHAMBURG1296 IHAMBURG1266 IHAMBURG80 IHAMBURG610 IHAMBURG664 IHAMBURG565 IHAMBURG1504 IHAMBURG1306 IWINSENL6 IHAMBURG250 IHAMBURG1114 IHAMBURG514 IHAMBURG1208 IHAMBURG600 INORDERS21 IHAMBURG1204 IHAMBURG1300 IHAMBURG1068 IHAMBURG68 IHAMBURG832 IHAMBURG404 IHAMBURG209 IHAMBURG119 IHAMBURG49 IHAMBURG1314 IHAMBURG1230 IHAMBURG2029 IHAMBURG42 IHAMBURG693 IHAMBURG1098 IHAMBURG108 IHAMBURG1142 IHAMBURG84 IHAMBURG1236 IHAMBURG53 IHAMBURG1172 IHAMBURG285 IHAMBURG1586 IHAMBURG1194 IHAMBURG50 IHAMBURG375 IHAMBURG229 IHAMBURG499 IHAMBURG98 IHAMBURG604 IHAMBURG104 IHAMBURG460 IHHBERGS2 IHAMBURG168 IHAMBURG204 IHAMBURG489 IHAMBURG1200 IHAMBURG1360 IHAMBURG1102 IHAMBURG914 IHAMBURG640 IHAMBURG684
2017-08-20 21:19:24,168 INFO min_cn5     1.091 n=8784
2017-08-20 21:19:24,169 INFO idw_p3_cn3  1.602 n=8784
2017-08-20 21:19:24,169 INFO max_cn3     2.068 n=8784
2017-08-20 21:19:24,169 INFO idw_p1_cn5  1.375 n=8784
2017-08-20 21:19:24,169 INFO idw_p4_cn3  1.624 n=8784
2017-08-20 21:19:24,169 INFO median_cn3  1.698 n=8784
2017-08-20 21:19:24,170 INFO mean_dt     1.330 n=8647
2017-08-20 21:19:24,170 INFO idw_p2_all  1.417 n=8784
2017-08-20 21:19:24,170 INFO idw_p2_dt   1.448 n=8647
2017-08-20 21:19:24,170 INFO eddh        0.738 n=8774
2017-08-20 21:19:24,170 INFO idw_p1_dt   1.383 n=8647
2017-08-20 21:19:24,170 INFO idw_p3_all  1.459 n=8784
2017-08-20 21:19:24,170 INFO mean_cn5    1.334 n=8784
2017-08-20 21:19:24,170 INFO max_all     3.069 n=8784
2017-08-20 21:19:24,170 INFO idw_p1_cn3  1.561 n=8784
2017-08-20 21:19:24,170 INFO idw_p3_dt   1.517 n=8647
2017-08-20 21:19:24,170 INFO idw_p3_cn5  1.466 n=8784
2017-08-20 21:19:24,171 INFO min_dt      1.145 n=8647
2017-08-20 21:19:24,171 INFO idw_p4_all  1.505 n=8784
2017-08-20 21:19:24,171 INFO idw_p2_cn3  1.582 n=8784
2017-08-20 21:19:24,171 INFO idw_p4_cn5  1.512 n=8784
2017-08-20 21:19:24,171 INFO idw_p4_dt   1.583 n=8647
2017-08-20 21:19:24,171 INFO idw_p1_all  1.377 n=8784
2017-08-20 21:19:24,171 INFO mean_all    1.340 n=8784
2017-08-20 21:19:24,171 INFO mean_cn3    1.542 n=8784
2017-08-20 21:19:24,171 INFO max_dt      1.979 n=8647
2017-08-20 21:19:24,171 INFO median_cn5  1.314 n=8784
2017-08-20 21:19:24,171 INFO nn          1.817 n=8784
2017-08-20 21:19:24,171 INFO idw_p2_cn5  1.420 n=8784
2017-08-20 21:19:24,172 INFO median_dt   1.363 n=8647
2017-08-20 21:19:24,172 INFO median_all  1.314 n=8784
2017-08-20 21:19:24,172 INFO min_cn3     1.030 n=8784
2017-08-20 21:19:24,172 INFO min_all     1.849 n=8784
2017-08-20 21:19:24,172 INFO max_cn5     2.143 n=8784
2017-08-20 21:19:24,172 INFO end method list
2017-08-20 21:19:24,333 INFO interpolate for SWM
2017-08-20 21:19:24,334 INFO currently at 7 out of 10
2017-08-20 21:19:24,334 INFO use IOSTSTEI3 IHAMBURG1118 IHAMBURG1134 IHAMBURG1154 IHAMBURG481 IHAMBURG1368 IHAMBURG844 IHAMBURG550 IHAMBURG998 IHAMBURG656 IHAMBURG154 IHAMBURG1346 IHAMBURG971 IHAMBURG1797 IHAMBURG367 IHAMBURG206 IHAMBURG1538 IHAMBURG772 IHAMBURG289 IHAMBURG1372 IHAMBURG789 IHAMBURG308 IHAMBURG709 IHAMBURG1186 IHAMBURG1082 IHAMBURG128 IHAMBURG199 IHAMBURG361 IHAMBURG1044 IHAMBURG648 IHAMBURG405 IHAMBURG2052 IHAMBURG1391 IHAMBURG741 IHAMBURG1377 IHAMBURG1184 IHAMBURG123 IHAMBURG778 IHAMBURG1411 IHAMBURG69 IHAMBURG219 IHAMBURG1192 IHAMBURG180 IHHRISSE2 IHAMBURG363 IHAMBURG454 IHAMBURG1284 IHAMBURG1064 IHAMBURG230 IHAMBURG195 IHAMBURG258 IHAMBURG192 IHAMBURG439 IHAMBURG162 IHAMBURG465 IHAMBURG2026 IHAMBURG1212 IHAMBURG338 IHAMBURG1076 IHAMBURG540 IHAMBURG1008 IHAMBURG435 IHAMBURG333 IHAMBURG1421 IHAMBURG60 IHAMBURG479 IHAMBURG1342 ISEEVETA49 IHAMBURG1036 IHAMBURG1540 IHAMBURG1791 IHAMBURG469 IHAMBURG142 IHAMBURG417 IHAMBURG131 IHAMBURG1108 IHAMBURG64 IHAMBURG2024 IHAMBURG403 IHAMBURG1152 IHAMBURG1136 IHAMBURG1110 IHAMBURG365 IHAMBURG1508 IHAMBURG1296 IHAMBURG1266 IHAMBURG80 IHAMBURG610 IHAMBURG664 IHAMBURG565 IHAMBURG1504 IHAMBURG1306 IWINSENL6 IHAMBURG250 IHAMBURG1114 IHAMBURG514 IHAMBURG1208 IHAMBURG600 INORDERS21 IHAMBURG1204 IHAMBURG1300 IHAMBURG1068 IHAMBURG68 IHAMBURG832 IHAMBURG404 IHAMBURG209 IHAMBURG119 IHAMBURG49 IHAMBURG1314 IHAMBURG1230 IHAMBURG2029 IHAMBURG42 IHAMBURG693 IHAMBURG1098 IHAMBURG108 IHAMBURG1142 IHAMBURG84 IHAMBURG1236 IHAMBURG53 IHAMBURG1172 IHAMBURG285 IHAMBURG1586 IHAMBURG1194 IHAMBURG50 IHAMBURG375 IHAMBURG229 IHAMBURG499 IHAMBURG98 IHAMBURG604 IHAMBURG104 IHAMBURG460 IHHBERGS2 IHAMBURG168 IHAMBURG204 IHAMBURG489 IHAMBURG1200 IHAMBURG1360 IHAMBURG1102 IHAMBURG914 IHAMBURG640 IHAMBURG684
2017-08-20 21:28:20,450 INFO min_cn5     0.971 n=8697
2017-08-20 21:28:20,451 INFO idw_p3_cn3  1.423 n=8697
2017-08-20 21:28:20,451 INFO max_cn3     1.772 n=8697
2017-08-20 21:28:20,451 INFO idw_p1_cn5  1.122 n=8697
2017-08-20 21:28:20,451 INFO idw_p4_cn3  1.461 n=8697
2017-08-20 21:28:20,451 INFO median_cn3  1.363 n=8697
2017-08-20 21:28:20,452 INFO mean_dt     1.034 n=8564
2017-08-20 21:28:20,452 INFO idw_p2_all  1.161 n=8697
2017-08-20 21:28:20,452 INFO idw_p2_dt   1.312 n=8564
2017-08-20 21:28:20,452 INFO eddh        0.685 n=8686
2017-08-20 21:28:20,452 INFO idw_p1_dt   1.158 n=8564
2017-08-20 21:28:20,452 INFO idw_p3_all  1.328 n=8697
2017-08-20 21:28:20,452 INFO mean_cn5    1.021 n=8697
2017-08-20 21:28:20,452 INFO max_all     2.750 n=8697
2017-08-20 21:28:20,452 INFO idw_p1_cn3  1.234 n=8697
2017-08-20 21:28:20,452 INFO idw_p3_dt   1.415 n=8564
2017-08-20 21:28:20,452 INFO idw_p3_cn5  1.387 n=8697
2017-08-20 21:28:20,452 INFO min_dt      1.006 n=8564
2017-08-20 21:28:20,453 INFO idw_p4_all  1.431 n=8697
2017-08-20 21:28:20,453 INFO idw_p2_cn3  1.347 n=8697
2017-08-20 21:28:20,453 INFO idw_p4_cn5  1.448 n=8697
2017-08-20 21:28:20,453 INFO idw_p4_dt   1.464 n=8564
2017-08-20 21:28:20,453 INFO idw_p1_all  1.057 n=8697
2017-08-20 21:28:20,453 INFO mean_all    1.023 n=8697
2017-08-20 21:28:20,453 INFO mean_cn3    1.133 n=8697
2017-08-20 21:28:20,453 INFO max_dt      1.675 n=8564
2017-08-20 21:28:20,453 INFO median_cn5  1.027 n=8697
2017-08-20 21:28:20,453 INFO nn          1.502 n=8697
2017-08-20 21:28:20,453 INFO idw_p2_cn5  1.269 n=8697
2017-08-20 21:28:20,454 INFO median_dt   1.097 n=8564
2017-08-20 21:28:20,454 INFO median_all  1.006 n=8697
2017-08-20 21:28:20,454 INFO min_cn3     0.993 n=8697
2017-08-20 21:28:20,454 INFO min_all     1.965 n=8697
2017-08-20 21:28:20,454 INFO max_cn5     1.843 n=8697
2017-08-20 21:28:20,454 INFO end method list
2017-08-20 21:28:20,601 INFO interpolate for WGM
2017-08-20 21:28:20,602 INFO currently at 8 out of 10
2017-08-20 21:28:20,602 INFO use IOSTSTEI3 IHAMBURG1118 IHAMBURG1134 IHAMBURG1154 IHAMBURG481 IHAMBURG1368 IHAMBURG844 IHAMBURG550 IHAMBURG998 IHAMBURG656 IHAMBURG154 IHAMBURG1346 IHAMBURG971 IHAMBURG1797 IHAMBURG367 IHAMBURG206 IHAMBURG1538 IHAMBURG772 IHAMBURG289 IHAMBURG1372 IHAMBURG789 IHAMBURG308 IHAMBURG709 IHAMBURG1186 IHAMBURG1082 IHAMBURG128 IHAMBURG199 IHAMBURG361 IHAMBURG1044 IHAMBURG648 IHAMBURG405 IHAMBURG2052 IHAMBURG1391 IHAMBURG741 IHAMBURG1377 IHAMBURG1184 IHAMBURG123 IHAMBURG778 IHAMBURG1411 IHAMBURG69 IHAMBURG219 IHAMBURG1192 IHAMBURG180 IHHRISSE2 IHAMBURG363 IHAMBURG454 IHAMBURG1284 IHAMBURG1064 IHAMBURG230 IHAMBURG195 IHAMBURG258 IHAMBURG192 IHAMBURG439 IHAMBURG162 IHAMBURG465 IHAMBURG2026 IHAMBURG1212 IHAMBURG338 IHAMBURG1076 IHAMBURG540 IHAMBURG1008 IHAMBURG435 IHAMBURG333 IHAMBURG1421 IHAMBURG60 IHAMBURG479 IHAMBURG1342 ISEEVETA49 IHAMBURG1036 IHAMBURG1540 IHAMBURG1791 IHAMBURG469 IHAMBURG142 IHAMBURG417 IHAMBURG131 IHAMBURG1108 IHAMBURG64 IHAMBURG2024 IHAMBURG403 IHAMBURG1152 IHAMBURG1136 IHAMBURG1110 IHAMBURG365 IHAMBURG1508 IHAMBURG1296 IHAMBURG1266 IHAMBURG80 IHAMBURG610 IHAMBURG664 IHAMBURG565 IHAMBURG1504 IHAMBURG1306 IWINSENL6 IHAMBURG250 IHAMBURG1114 IHAMBURG514 IHAMBURG1208 IHAMBURG600 INORDERS21 IHAMBURG1204 IHAMBURG1300 IHAMBURG1068 IHAMBURG68 IHAMBURG832 IHAMBURG404 IHAMBURG209 IHAMBURG119 IHAMBURG49 IHAMBURG1314 IHAMBURG1230 IHAMBURG2029 IHAMBURG42 IHAMBURG693 IHAMBURG1098 IHAMBURG108 IHAMBURG1142 IHAMBURG84 IHAMBURG1236 IHAMBURG53 IHAMBURG1172 IHAMBURG285 IHAMBURG1586 IHAMBURG1194 IHAMBURG50 IHAMBURG375 IHAMBURG229 IHAMBURG499 IHAMBURG98 IHAMBURG604 IHAMBURG104 IHAMBURG460 IHHBERGS2 IHAMBURG168 IHAMBURG204 IHAMBURG489 IHAMBURG1200 IHAMBURG1360 IHAMBURG1102 IHAMBURG914 IHAMBURG640 IHAMBURG684
2017-08-20 21:37:18,003 INFO min_cn5     0.962 n=8756
2017-08-20 21:37:18,004 INFO idw_p3_cn3  1.029 n=8756
2017-08-20 21:37:18,004 INFO max_cn3     2.073 n=8756
2017-08-20 21:37:18,004 INFO idw_p1_cn5  1.139 n=8756
2017-08-20 21:37:18,004 INFO idw_p4_cn3  1.029 n=8756
2017-08-20 21:37:18,005 INFO median_cn3  1.513 n=8756
2017-08-20 21:37:18,005 INFO mean_dt     1.079 n=8619
2017-08-20 21:37:18,005 INFO idw_p2_all  1.017 n=8756
2017-08-20 21:37:18,005 INFO idw_p2_dt   1.026 n=8619
2017-08-20 21:37:18,005 INFO eddh        0.894 n=8750
2017-08-20 21:37:18,005 INFO idw_p1_dt   1.028 n=8619
2017-08-20 21:37:18,005 INFO idw_p3_all  1.011 n=8756
2017-08-20 21:37:18,005 INFO mean_cn5    1.367 n=8756
2017-08-20 21:37:18,005 INFO max_all     2.648 n=8756
2017-08-20 21:37:18,005 INFO idw_p1_cn3  1.123 n=8756
2017-08-20 21:37:18,006 INFO idw_p3_dt   1.027 n=8619
2017-08-20 21:37:18,006 INFO idw_p3_cn5  1.024 n=8756
2017-08-20 21:37:18,006 INFO min_dt      0.930 n=8619
2017-08-20 21:37:18,006 INFO idw_p4_all  1.014 n=8756
2017-08-20 21:37:18,006 INFO idw_p2_cn3  1.040 n=8756
2017-08-20 21:37:18,006 INFO idw_p4_cn5  1.024 n=8756
2017-08-20 21:37:18,006 INFO idw_p4_dt   1.029 n=8619
2017-08-20 21:37:18,006 INFO idw_p1_all  1.050 n=8756
2017-08-20 21:37:18,006 INFO mean_all    1.015 n=8756
2017-08-20 21:37:18,006 INFO mean_cn3    1.416 n=8756
2017-08-20 21:37:18,006 INFO max_dt      1.903 n=8619
2017-08-20 21:37:18,006 INFO median_cn5  1.459 n=8756
2017-08-20 21:37:18,007 INFO nn          1.040 n=8756
2017-08-20 21:37:18,007 INFO idw_p2_cn5  1.037 n=8756
2017-08-20 21:37:18,007 INFO median_dt   1.071 n=8619
2017-08-20 21:37:18,007 INFO median_all  0.997 n=8756
2017-08-20 21:37:18,007 INFO min_cn3     0.979 n=8756
2017-08-20 21:37:18,007 INFO min_all     2.120 n=8756
2017-08-20 21:37:18,007 INFO max_cn5     2.168 n=8756
2017-08-20 21:37:18,007 INFO end method list
2017-08-20 21:37:18,168 INFO interpolate for WWM
2017-08-20 21:37:18,169 INFO currently at 9 out of 10
2017-08-20 21:37:18,169 INFO use IOSTSTEI3 IHAMBURG1118 IHAMBURG1134 IHAMBURG1154 IHAMBURG481 IHAMBURG1368 IHAMBURG844 IHAMBURG550 IHAMBURG998 IHAMBURG656 IHAMBURG154 IHAMBURG1346 IHAMBURG971 IHAMBURG1797 IHAMBURG367 IHAMBURG206 IHAMBURG1538 IHAMBURG772 IHAMBURG289 IHAMBURG1372 IHAMBURG789 IHAMBURG308 IHAMBURG709 IHAMBURG1186 IHAMBURG1082 IHAMBURG128 IHAMBURG199 IHAMBURG361 IHAMBURG1044 IHAMBURG648 IHAMBURG405 IHAMBURG2052 IHAMBURG1391 IHAMBURG741 IHAMBURG1377 IHAMBURG1184 IHAMBURG123 IHAMBURG778 IHAMBURG1411 IHAMBURG69 IHAMBURG219 IHAMBURG1192 IHAMBURG180 IHHRISSE2 IHAMBURG363 IHAMBURG454 IHAMBURG1284 IHAMBURG1064 IHAMBURG230 IHAMBURG195 IHAMBURG258 IHAMBURG192 IHAMBURG439 IHAMBURG162 IHAMBURG465 IHAMBURG2026 IHAMBURG1212 IHAMBURG338 IHAMBURG1076 IHAMBURG540 IHAMBURG1008 IHAMBURG435 IHAMBURG333 IHAMBURG1421 IHAMBURG60 IHAMBURG479 IHAMBURG1342 ISEEVETA49 IHAMBURG1036 IHAMBURG1540 IHAMBURG1791 IHAMBURG469 IHAMBURG142 IHAMBURG417 IHAMBURG131 IHAMBURG1108 IHAMBURG64 IHAMBURG2024 IHAMBURG403 IHAMBURG1152 IHAMBURG1136 IHAMBURG1110 IHAMBURG365 IHAMBURG1508 IHAMBURG1296 IHAMBURG1266 IHAMBURG80 IHAMBURG610 IHAMBURG664 IHAMBURG565 IHAMBURG1504 IHAMBURG1306 IWINSENL6 IHAMBURG250 IHAMBURG1114 IHAMBURG514 IHAMBURG1208 IHAMBURG600 INORDERS21 IHAMBURG1204 IHAMBURG1300 IHAMBURG1068 IHAMBURG68 IHAMBURG832 IHAMBURG404 IHAMBURG209 IHAMBURG119 IHAMBURG49 IHAMBURG1314 IHAMBURG1230 IHAMBURG2029 IHAMBURG42 IHAMBURG693 IHAMBURG1098 IHAMBURG108 IHAMBURG1142 IHAMBURG84 IHAMBURG1236 IHAMBURG53 IHAMBURG1172 IHAMBURG285 IHAMBURG1586 IHAMBURG1194 IHAMBURG50 IHAMBURG375 IHAMBURG229 IHAMBURG499 IHAMBURG98 IHAMBURG604 IHAMBURG104 IHAMBURG460 IHHBERGS2 IHAMBURG168 IHAMBURG204 IHAMBURG489 IHAMBURG1200 IHAMBURG1360 IHAMBURG1102 IHAMBURG914 IHAMBURG640 IHAMBURG684
2017-08-20 21:46:10,913 INFO min_cn5     0.858 n=8781
2017-08-20 21:46:10,914 INFO idw_p3_cn3  1.032 n=8781
2017-08-20 21:46:10,914 INFO max_cn3     2.159 n=8781
2017-08-20 21:46:10,914 INFO idw_p1_cn5  1.236 n=8781
2017-08-20 21:46:10,914 INFO idw_p4_cn3  1.008 n=8781
2017-08-20 21:46:10,914 INFO median_cn3  1.604 n=8781
2017-08-20 21:46:10,914 INFO mean_dt     1.073 n=8634
2017-08-20 21:46:10,914 INFO idw_p2_all  1.087 n=8781
2017-08-20 21:46:10,914 INFO idw_p2_dt   1.023 n=8634
2017-08-20 21:46:10,914 INFO eddh        1.018 n=8774
2017-08-20 21:46:10,915 INFO idw_p1_dt   1.048 n=8634
2017-08-20 21:46:10,915 INFO idw_p3_all  1.027 n=8781
2017-08-20 21:46:10,915 INFO mean_cn5    1.372 n=8781
2017-08-20 21:46:10,915 INFO max_all     2.706 n=8781
2017-08-20 21:46:10,915 INFO idw_p1_cn3  1.256 n=8781
2017-08-20 21:46:10,915 INFO idw_p3_dt   1.007 n=8634
2017-08-20 21:46:10,915 INFO idw_p3_cn5  1.029 n=8781
2017-08-20 21:46:10,915 INFO min_dt      0.799 n=8634
2017-08-20 21:46:10,915 INFO idw_p4_all  0.997 n=8781
2017-08-20 21:46:10,915 INFO idw_p2_cn3  1.099 n=8781
2017-08-20 21:46:10,915 INFO idw_p4_cn5  1.004 n=8781
2017-08-20 21:46:10,916 INFO idw_p4_dt   0.999 n=8634
2017-08-20 21:46:10,916 INFO idw_p1_all  1.091 n=8781
2017-08-20 21:46:10,916 INFO mean_all    1.039 n=8781
2017-08-20 21:46:10,916 INFO mean_cn3    1.485 n=8781
2017-08-20 21:46:10,916 INFO max_dt      1.939 n=8634
2017-08-20 21:46:10,916 INFO median_cn5  1.496 n=8781
2017-08-20 21:46:10,916 INFO nn          1.007 n=8781
2017-08-20 21:46:10,916 INFO idw_p2_cn5  1.098 n=8781
2017-08-20 21:46:10,916 INFO median_dt   1.028 n=8634
2017-08-20 21:46:10,916 INFO median_all  1.019 n=8781
2017-08-20 21:46:10,916 INFO min_cn3     0.940 n=8781
2017-08-20 21:46:10,916 INFO min_all     2.073 n=8781
2017-08-20 21:46:10,917 INFO max_cn5     2.229 n=8781
2017-08-20 21:46:10,917 INFO end method list
2017-08-20 21:46:11,079 INFO interpolate for ZOM
2017-08-20 21:46:11,079 INFO currently at 10 out of 10
2017-08-20 21:46:11,080 INFO use IOSTSTEI3 IHAMBURG1118 IHAMBURG1134 IHAMBURG1154 IHAMBURG481 IHAMBURG1368 IHAMBURG844 IHAMBURG550 IHAMBURG998 IHAMBURG656 IHAMBURG154 IHAMBURG1346 IHAMBURG971 IHAMBURG1797 IHAMBURG367 IHAMBURG206 IHAMBURG1538 IHAMBURG772 IHAMBURG289 IHAMBURG1372 IHAMBURG789 IHAMBURG308 IHAMBURG709 IHAMBURG1186 IHAMBURG1082 IHAMBURG128 IHAMBURG199 IHAMBURG361 IHAMBURG1044 IHAMBURG648 IHAMBURG405 IHAMBURG2052 IHAMBURG1391 IHAMBURG741 IHAMBURG1377 IHAMBURG1184 IHAMBURG123 IHAMBURG778 IHAMBURG1411 IHAMBURG69 IHAMBURG219 IHAMBURG1192 IHAMBURG180 IHHRISSE2 IHAMBURG363 IHAMBURG454 IHAMBURG1284 IHAMBURG1064 IHAMBURG230 IHAMBURG195 IHAMBURG258 IHAMBURG192 IHAMBURG439 IHAMBURG162 IHAMBURG465 IHAMBURG2026 IHAMBURG1212 IHAMBURG338 IHAMBURG1076 IHAMBURG540 IHAMBURG1008 IHAMBURG435 IHAMBURG333 IHAMBURG1421 IHAMBURG60 IHAMBURG479 IHAMBURG1342 ISEEVETA49 IHAMBURG1036 IHAMBURG1540 IHAMBURG1791 IHAMBURG469 IHAMBURG142 IHAMBURG417 IHAMBURG131 IHAMBURG1108 IHAMBURG64 IHAMBURG2024 IHAMBURG403 IHAMBURG1152 IHAMBURG1136 IHAMBURG1110 IHAMBURG365 IHAMBURG1508 IHAMBURG1296 IHAMBURG1266 IHAMBURG80 IHAMBURG610 IHAMBURG664 IHAMBURG565 IHAMBURG1504 IHAMBURG1306 IWINSENL6 IHAMBURG250 IHAMBURG1114 IHAMBURG514 IHAMBURG1208 IHAMBURG600 INORDERS21 IHAMBURG1204 IHAMBURG1300 IHAMBURG1068 IHAMBURG68 IHAMBURG832 IHAMBURG404 IHAMBURG209 IHAMBURG119 IHAMBURG49 IHAMBURG1314 IHAMBURG1230 IHAMBURG2029 IHAMBURG42 IHAMBURG693 IHAMBURG1098 IHAMBURG108 IHAMBURG1142 IHAMBURG84 IHAMBURG1236 IHAMBURG53 IHAMBURG1172 IHAMBURG285 IHAMBURG1586 IHAMBURG1194 IHAMBURG50 IHAMBURG375 IHAMBURG229 IHAMBURG499 IHAMBURG98 IHAMBURG604 IHAMBURG104 IHAMBURG460 IHHBERGS2 IHAMBURG168 IHAMBURG204 IHAMBURG489 IHAMBURG1200 IHAMBURG1360 IHAMBURG1102 IHAMBURG914 IHAMBURG640 IHAMBURG684
2017-08-20 21:54:59,214 INFO min_cn5     0.887 n=8769
2017-08-20 21:54:59,214 INFO idw_p3_cn3  0.648 n=8769
2017-08-20 21:54:59,215 INFO max_cn3     1.243 n=8769
2017-08-20 21:54:59,215 INFO idw_p1_cn5  0.745 n=8769
2017-08-20 21:54:59,215 INFO idw_p4_cn3  0.652 n=8769
2017-08-20 21:54:59,215 INFO median_cn3  0.732 n=8769
2017-08-20 21:54:59,215 INFO mean_dt     0.769 n=8610
2017-08-20 21:54:59,215 INFO idw_p2_all  0.703 n=8769
2017-08-20 21:54:59,215 INFO idw_p2_dt   0.652 n=8610
2017-08-20 21:54:59,215 INFO eddh        1.119 n=8763
2017-08-20 21:54:59,215 INFO idw_p1_dt   0.685 n=8610
2017-08-20 21:54:59,215 INFO idw_p3_all  0.654 n=8769
2017-08-20 21:54:59,215 INFO mean_cn5    0.840 n=8769
2017-08-20 21:54:59,215 INFO max_all     2.224 n=8769
2017-08-20 21:54:59,216 INFO idw_p1_cn3  0.674 n=8769
2017-08-20 21:54:59,216 INFO idw_p3_dt   0.648 n=8610
2017-08-20 21:54:59,216 INFO idw_p3_cn5  0.651 n=8769
2017-08-20 21:54:59,216 INFO min_dt      0.840 n=8610
2017-08-20 21:54:59,216 INFO idw_p4_all  0.647 n=8769
2017-08-20 21:54:59,216 INFO idw_p2_cn3  0.648 n=8769
2017-08-20 21:54:59,216 INFO idw_p4_cn5  0.651 n=8769
2017-08-20 21:54:59,216 INFO idw_p4_dt   0.649 n=8610
2017-08-20 21:54:59,216 INFO idw_p1_all  0.736 n=8769
2017-08-20 21:54:59,216 INFO mean_all    0.738 n=8769
2017-08-20 21:54:59,216 INFO mean_cn3    0.741 n=8769
2017-08-20 21:54:59,217 INFO max_dt      1.276 n=8610
2017-08-20 21:54:59,217 INFO median_cn5  0.812 n=8769
2017-08-20 21:54:59,217 INFO nn          0.654 n=8769
2017-08-20 21:54:59,217 INFO idw_p2_cn5  0.674 n=8769
2017-08-20 21:54:59,217 INFO median_dt   0.762 n=8610
2017-08-20 21:54:59,217 INFO median_all  0.728 n=8769
2017-08-20 21:54:59,217 INFO min_cn3     0.836 n=8769
2017-08-20 21:54:59,217 INFO min_all     2.453 n=8769
2017-08-20 21:54:59,217 INFO max_cn5     1.695 n=8769
2017-08-20 21:54:59,217 INFO end method list
2017-08-20 21:54:59,429 INFO eddh        1.04118 n=87311
2017-08-20 21:54:59,429 INFO idw_p3_cn3  1.19197 n=87386
2017-08-20 21:54:59,430 INFO max_cn3     1.88992 n=87386
2017-08-20 21:54:59,430 INFO idw_p1_cn5  1.17953 n=87386
2017-08-20 21:54:59,430 INFO median_cn3  1.32905 n=87386
2017-08-20 21:54:59,431 INFO nn          1.24751 n=87386
2017-08-20 21:54:59,431 INFO idw_p1_dt   1.02538 n=67901
2017-08-20 21:54:59,431 INFO idw_p3_all  1.13309 n=87386
2017-08-20 21:54:59,431 INFO idw_p3_dt   1.10621 n=67901
2017-08-20 21:54:59,432 INFO mean_cn5    1.23008 n=87386
2017-08-20 21:54:59,432 INFO idw_p1_cn3  1.20949 n=87386
2017-08-20 21:54:59,432 INFO idw_p2_cn3  1.18896 n=87386
2017-08-20 21:54:59,432 INFO idw_p4_cn5  1.17652 n=87386
2017-08-20 21:54:59,432 INFO idw_p2_cn5  1.15683 n=87386
2017-08-20 21:54:59,433 INFO idw_p4_all  1.15515 n=87386
2017-08-20 21:54:59,433 INFO min_cn5     1.06884 n=87386
2017-08-20 21:54:59,433 INFO idw_p4_cn3  1.20049 n=87386
2017-08-20 21:54:59,433 INFO idw_p2_dt   1.07137 n=67901
2017-08-20 21:54:59,434 INFO median_cn5  1.25748 n=87386
2017-08-20 21:54:59,434 INFO mean_dt     0.98821 n=67901
2017-08-20 21:54:59,434 INFO idw_p2_all  1.12742 n=87386
2017-08-20 21:54:59,434 INFO max_all     2.70536 n=87386
2017-08-20 21:54:59,435 INFO idw_p4_dt   1.13105 n=67901
2017-08-20 21:54:59,435 INFO idw_p3_cn5  1.16233 n=87386
2017-08-20 21:54:59,435 INFO min_all     2.19937 n=87386
2017-08-20 21:54:59,435 INFO min_dt      0.95121 n=67901
2017-08-20 21:54:59,436 INFO median_all  1.13196 n=87386
2017-08-20 21:54:59,436 INFO idw_p1_all  1.12778 n=87386
2017-08-20 21:54:59,436 INFO max_cn5     2.03819 n=87386
2017-08-20 21:54:59,436 INFO mean_cn3    1.27731 n=87386
2017-08-20 21:54:59,437 INFO max_dt      1.58031 n=67901
2017-08-20 21:54:59,437 INFO mean_all    1.14655 n=87386
2017-08-20 21:54:59,437 INFO median_dt   0.99976 n=67901
2017-08-20 21:54:59,437 INFO min_cn3     1.01878 n=87386
