2017-08-20 18:56:16,999 INFO ### Start new logging
2017-08-20 18:56:16,999 INFO General Overview
2017-08-20 18:56:17,000 INFO targets: HCM IHM LGM LWM RIM SGM SWM WGM WWM ZOM
2017-08-20 18:56:17,000 INFO neighbours: IHAMBURG741 IHAMBURG175 IHAMBURG2024 IHAMBURG1791 IHAMBURG481 IHAMBURG550 IHAMBURG1284 IHAMBURG184 IHAMBURG1114 IHAMBURG2052 INORDERS21 IHAMBURG340 IHAMBURG1076 IHAMBURG68 IHAMBURG2029 IHAMBURG218 IHAMBURG487 IHAMBURG1208 IHAMBURG565 IHAMBURG192 IHAMBURG471 IHAMBURG1504 IHAMBURG316 IHAMBURG1236 IHAMBURG1134 IHAMBURG237 IHAMBURG308 IHAMBURG56 IHAMBURG844 IHAMBURG1118 IHAMBURG709 IHAMBURG1830 IHAMBURG158 IHAMBURG1314 IHAMBURG600 IHAMBURG465 IHAMBURG172 IHAMBURG1548 IHAMBURG258 IHAMBURG123 IHAMBURG1342 IHAMBURG499 IHAMBURG355 IHHMEIEN2 IHAMBURG656 IHAMBURG206 IHAMBURG1200 IHAMBURG1462 IHAMBURG1360 IWINSENL6 IHAMBURG222 IHAMBURG1036 IHHRISSE2 IHAMBURG1212 IHAMBURG514 IHAMBURG664 IHAMBURG1234 IHAMBURG1192 IHAMBURG256 IHAMBURG1204 IHAMBURG2025 IHAMBURG1086 IHAMBURG604 IHAMBURG168 IHAMBURG1252 IHAMBURG285 IHAMBURG460 IHAMBURG1783 IHAMBURG971 IHAMBURG1391 IHHHELLB2 IHAMBURG435 IHAMBURG540 IHAMBURG1098 IHAMBURG450 IHAMBURG772 IHAMBURG280 IHAMBURG914 IHAMBURG1300 IHAMBURG1064 IHAMBURG1186 IHAMBURG1110 IHAMBURG333 IHAMBURG98 IHAMBURG1787 IHAMBURG49 IHAMBURG1538 IHAMBURG376 IHAMBURG69 IHAMBURG1108 IHAMBURG400 IHAMBURG1188 ISEEVETA49 IHAMBURG361 IHAMBURG104 IHAMBURG1142 IHAMBURG1216 IHAMBURG789 IHAMBURG230 IHAMBURG289 IHAMBURG367 IHAMBURG1002 IHAMBURG1184 IHAMBURG648 IHAMBURG1136 IHAMBURG119 IHAMBURG113 IHAMBURG2026 IHAMBURG250 IHAMBURG80 IHAMBURG109 IHAMBURG229 IHAMBURG365 IHAMBURG403 IHAMBURG162 IHAMBURG1144 IHAMBURG131 IHAMBURG417 IHAMBURG50 IHAMBURG803 IHAMBURG1458 IHAMBURG628 IHAMBURG998 IHAMBURG1540 IHAMBURG61 IHAMBURG1082 IHAMBURG1494 IHAMBURG53 IHAMBURG1266 IHAMBURG489 IHAMBURG469 IHAMBURG646 IHAMBURG693 IHAMBURG338 IHAMBURG200 IHAMBURG375 IHAMBURG654 IHAMBURG405 IHAMBURG1306 IHAMBURG1058 IHAMBURG1377
2017-08-20 18:56:17,000 INFO End overview
2017-08-20 18:56:17,000 INFO Several Runs
2017-08-20 18:56:17,000 INFO end targets
2017-08-20 18:56:17,000 INFO overall results
2017-08-20 18:56:17,001 INFO interpolate for HCM
2017-08-20 18:56:17,001 INFO currently at 1 out of 10
2017-08-20 18:56:17,001 INFO use IHAMBURG741 IHAMBURG175 IHAMBURG2024 IHAMBURG1791 IHAMBURG481 IHAMBURG550 IHAMBURG1284 IHAMBURG184 IHAMBURG1114 IHAMBURG2052 INORDERS21 IHAMBURG340 IHAMBURG1076 IHAMBURG68 IHAMBURG2029 IHAMBURG218 IHAMBURG487 IHAMBURG1208 IHAMBURG565 IHAMBURG192 IHAMBURG471 IHAMBURG1504 IHAMBURG316 IHAMBURG1236 IHAMBURG1134 IHAMBURG237 IHAMBURG308 IHAMBURG56 IHAMBURG844 IHAMBURG1118 IHAMBURG709 IHAMBURG1830 IHAMBURG158 IHAMBURG1314 IHAMBURG600 IHAMBURG465 IHAMBURG172 IHAMBURG1548 IHAMBURG258 IHAMBURG123 IHAMBURG1342 IHAMBURG499 IHAMBURG355 IHHMEIEN2 IHAMBURG656 IHAMBURG206 IHAMBURG1200 IHAMBURG1462 IHAMBURG1360 IWINSENL6 IHAMBURG222 IHAMBURG1036 IHHRISSE2 IHAMBURG1212 IHAMBURG514 IHAMBURG664 IHAMBURG1234 IHAMBURG1192 IHAMBURG256 IHAMBURG1204 IHAMBURG2025 IHAMBURG1086 IHAMBURG604 IHAMBURG168 IHAMBURG1252 IHAMBURG285 IHAMBURG460 IHAMBURG1783 IHAMBURG971 IHAMBURG1391 IHHHELLB2 IHAMBURG435 IHAMBURG540 IHAMBURG1098 IHAMBURG450 IHAMBURG772 IHAMBURG280 IHAMBURG914 IHAMBURG1300 IHAMBURG1064 IHAMBURG1186 IHAMBURG1110 IHAMBURG333 IHAMBURG98 IHAMBURG1787 IHAMBURG49 IHAMBURG1538 IHAMBURG376 IHAMBURG69 IHAMBURG1108 IHAMBURG400 IHAMBURG1188 ISEEVETA49 IHAMBURG361 IHAMBURG104 IHAMBURG1142 IHAMBURG1216 IHAMBURG789 IHAMBURG230 IHAMBURG289 IHAMBURG367 IHAMBURG1002 IHAMBURG1184 IHAMBURG648 IHAMBURG1136 IHAMBURG119 IHAMBURG113 IHAMBURG2026 IHAMBURG250 IHAMBURG80 IHAMBURG109 IHAMBURG229 IHAMBURG365 IHAMBURG403 IHAMBURG162 IHAMBURG1144 IHAMBURG131 IHAMBURG417 IHAMBURG50 IHAMBURG803 IHAMBURG1458 IHAMBURG628 IHAMBURG998 IHAMBURG1540 IHAMBURG61 IHAMBURG1082 IHAMBURG1494 IHAMBURG53 IHAMBURG1266 IHAMBURG489 IHAMBURG469 IHAMBURG646 IHAMBURG693 IHAMBURG338 IHAMBURG200 IHAMBURG375 IHAMBURG654 IHAMBURG405 IHAMBURG1306 IHAMBURG1058 IHAMBURG1377
2017-08-20 19:05:16,423 INFO min_dt      0.890 n=8662
2017-08-20 19:05:16,424 INFO idw_p2_all  0.832 n=8764
2017-08-20 19:05:16,424 INFO eddh        1.386 n=8773
2017-08-20 19:05:16,424 INFO idw_p2_dt   0.873 n=8662
2017-08-20 19:05:16,424 INFO idw_p4_dt   0.881 n=8662
2017-08-20 19:05:16,425 INFO idw_p3_dt   0.878 n=8662
2017-08-20 19:05:16,425 INFO idw_p4_cn3  0.880 n=8764
2017-08-20 19:05:16,425 INFO mean_all    0.609 n=8764
2017-08-20 19:05:16,425 INFO idw_p1_dt   0.843 n=8662
2017-08-20 19:05:16,425 INFO max_cn5     1.284 n=8764
2017-08-20 19:05:16,425 INFO max_cn3     1.218 n=8764
2017-08-20 19:05:16,425 INFO min_cn5     0.960 n=8764
2017-08-20 19:05:16,425 INFO idw_p3_cn3  0.879 n=8764
2017-08-20 19:05:16,425 INFO idw_p4_all  0.868 n=8764
2017-08-20 19:05:16,425 INFO max_all     1.732 n=8764
2017-08-20 19:05:16,425 INFO median_cn3  0.900 n=8764
2017-08-20 19:05:16,426 INFO mean_cn5    0.773 n=8764
2017-08-20 19:05:16,426 INFO idw_p1_cn5  0.834 n=8764
2017-08-20 19:05:16,426 INFO median_dt   0.822 n=8662
2017-08-20 19:05:16,426 INFO median_cn5  0.823 n=8764
2017-08-20 19:05:16,426 INFO idw_p4_cn5  0.876 n=8764
2017-08-20 19:05:16,426 INFO mean_dt     0.771 n=8662
2017-08-20 19:05:16,426 INFO min_cn3     0.844 n=8764
2017-08-20 19:05:16,426 INFO median_all  0.626 n=8764
2017-08-20 19:05:16,426 INFO idw_p1_cn3  0.868 n=8764
2017-08-20 19:05:16,426 INFO idw_p2_cn3  0.877 n=8764
2017-08-20 19:05:16,426 INFO max_dt      1.100 n=8662
2017-08-20 19:05:16,426 INFO min_all     2.708 n=8764
2017-08-20 19:05:16,427 INFO idw_p3_cn5  0.873 n=8764
2017-08-20 19:05:16,427 INFO mean_cn3    0.878 n=8764
2017-08-20 19:05:16,427 INFO idw_p3_all  0.863 n=8764
2017-08-20 19:05:16,427 INFO nn          0.896 n=8764
2017-08-20 19:05:16,427 INFO idw_p2_cn5  0.869 n=8764
2017-08-20 19:05:16,427 INFO idw_p1_all  0.516 n=8764
2017-08-20 19:05:16,427 INFO end method list
2017-08-20 19:05:16,584 INFO interpolate for IHM
2017-08-20 19:05:16,585 INFO currently at 2 out of 10
2017-08-20 19:05:16,585 INFO use IHAMBURG741 IHAMBURG175 IHAMBURG2024 IHAMBURG1791 IHAMBURG481 IHAMBURG550 IHAMBURG1284 IHAMBURG184 IHAMBURG1114 IHAMBURG2052 INORDERS21 IHAMBURG340 IHAMBURG1076 IHAMBURG68 IHAMBURG2029 IHAMBURG218 IHAMBURG487 IHAMBURG1208 IHAMBURG565 IHAMBURG192 IHAMBURG471 IHAMBURG1504 IHAMBURG316 IHAMBURG1236 IHAMBURG1134 IHAMBURG237 IHAMBURG308 IHAMBURG56 IHAMBURG844 IHAMBURG1118 IHAMBURG709 IHAMBURG1830 IHAMBURG158 IHAMBURG1314 IHAMBURG600 IHAMBURG465 IHAMBURG172 IHAMBURG1548 IHAMBURG258 IHAMBURG123 IHAMBURG1342 IHAMBURG499 IHAMBURG355 IHHMEIEN2 IHAMBURG656 IHAMBURG206 IHAMBURG1200 IHAMBURG1462 IHAMBURG1360 IWINSENL6 IHAMBURG222 IHAMBURG1036 IHHRISSE2 IHAMBURG1212 IHAMBURG514 IHAMBURG664 IHAMBURG1234 IHAMBURG1192 IHAMBURG256 IHAMBURG1204 IHAMBURG2025 IHAMBURG1086 IHAMBURG604 IHAMBURG168 IHAMBURG1252 IHAMBURG285 IHAMBURG460 IHAMBURG1783 IHAMBURG971 IHAMBURG1391 IHHHELLB2 IHAMBURG435 IHAMBURG540 IHAMBURG1098 IHAMBURG450 IHAMBURG772 IHAMBURG280 IHAMBURG914 IHAMBURG1300 IHAMBURG1064 IHAMBURG1186 IHAMBURG1110 IHAMBURG333 IHAMBURG98 IHAMBURG1787 IHAMBURG49 IHAMBURG1538 IHAMBURG376 IHAMBURG69 IHAMBURG1108 IHAMBURG400 IHAMBURG1188 ISEEVETA49 IHAMBURG361 IHAMBURG104 IHAMBURG1142 IHAMBURG1216 IHAMBURG789 IHAMBURG230 IHAMBURG289 IHAMBURG367 IHAMBURG1002 IHAMBURG1184 IHAMBURG648 IHAMBURG1136 IHAMBURG119 IHAMBURG113 IHAMBURG2026 IHAMBURG250 IHAMBURG80 IHAMBURG109 IHAMBURG229 IHAMBURG365 IHAMBURG403 IHAMBURG162 IHAMBURG1144 IHAMBURG131 IHAMBURG417 IHAMBURG50 IHAMBURG803 IHAMBURG1458 IHAMBURG628 IHAMBURG998 IHAMBURG1540 IHAMBURG61 IHAMBURG1082 IHAMBURG1494 IHAMBURG53 IHAMBURG1266 IHAMBURG489 IHAMBURG469 IHAMBURG646 IHAMBURG693 IHAMBURG338 IHAMBURG200 IHAMBURG375 IHAMBURG654 IHAMBURG405 IHAMBURG1306 IHAMBURG1058 IHAMBURG1377
2017-08-20 19:14:09,763 INFO min_dt      0.922 n=8662
2017-08-20 19:14:09,764 INFO idw_p2_all  0.515 n=8765
2017-08-20 19:14:09,764 INFO eddh        1.493 n=8775
2017-08-20 19:14:09,764 INFO idw_p2_dt   0.779 n=8662
2017-08-20 19:14:09,764 INFO idw_p4_dt   0.868 n=8662
2017-08-20 19:14:09,765 INFO idw_p3_dt   0.828 n=8662
2017-08-20 19:14:09,765 INFO idw_p4_cn3  0.868 n=8765
2017-08-20 19:14:09,765 INFO mean_all    0.700 n=8765
2017-08-20 19:14:09,765 INFO idw_p1_dt   0.727 n=8662
2017-08-20 19:14:09,765 INFO max_cn5     1.111 n=8765
2017-08-20 19:14:09,765 INFO max_cn3     1.041 n=8765
2017-08-20 19:14:09,765 INFO min_cn5     1.082 n=8765
2017-08-20 19:14:09,765 INFO idw_p3_cn3  0.834 n=8765
2017-08-20 19:14:09,765 INFO idw_p4_all  0.764 n=8765
2017-08-20 19:14:09,765 INFO max_all     1.585 n=8765
2017-08-20 19:14:09,765 INFO median_cn3  0.778 n=8765
2017-08-20 19:14:09,766 INFO mean_cn5    0.639 n=8765
2017-08-20 19:14:09,766 INFO idw_p1_cn5  0.670 n=8765
2017-08-20 19:14:09,766 INFO median_dt   0.731 n=8662
2017-08-20 19:14:09,766 INFO median_cn5  0.676 n=8765
2017-08-20 19:14:09,766 INFO idw_p4_cn5  0.830 n=8765
2017-08-20 19:14:09,766 INFO mean_dt     0.684 n=8662
2017-08-20 19:14:09,766 INFO min_cn3     0.928 n=8765
2017-08-20 19:14:09,766 INFO median_all  0.718 n=8765
2017-08-20 19:14:09,766 INFO idw_p1_cn3  0.759 n=8765
2017-08-20 19:14:09,766 INFO idw_p2_cn3  0.795 n=8765
2017-08-20 19:14:09,766 INFO max_dt      1.001 n=8662
2017-08-20 19:14:09,766 INFO min_all     2.857 n=8765
2017-08-20 19:14:09,767 INFO idw_p3_cn5  0.777 n=8765
2017-08-20 19:14:09,767 INFO mean_cn3    0.734 n=8765
2017-08-20 19:14:09,767 INFO idw_p3_all  0.637 n=8765
2017-08-20 19:14:09,767 INFO nn          0.974 n=8765
2017-08-20 19:14:09,767 INFO idw_p2_cn5  0.720 n=8765
2017-08-20 19:14:09,767 INFO idw_p1_all  0.578 n=8765
2017-08-20 19:14:09,767 INFO end method list
2017-08-20 19:14:09,925 INFO interpolate for LGM
2017-08-20 19:14:09,926 INFO currently at 3 out of 10
2017-08-20 19:14:09,926 INFO use IHAMBURG741 IHAMBURG175 IHAMBURG2024 IHAMBURG1791 IHAMBURG481 IHAMBURG550 IHAMBURG1284 IHAMBURG184 IHAMBURG1114 IHAMBURG2052 INORDERS21 IHAMBURG340 IHAMBURG1076 IHAMBURG68 IHAMBURG2029 IHAMBURG218 IHAMBURG487 IHAMBURG1208 IHAMBURG565 IHAMBURG192 IHAMBURG471 IHAMBURG1504 IHAMBURG316 IHAMBURG1236 IHAMBURG1134 IHAMBURG237 IHAMBURG308 IHAMBURG56 IHAMBURG844 IHAMBURG1118 IHAMBURG709 IHAMBURG1830 IHAMBURG158 IHAMBURG1314 IHAMBURG600 IHAMBURG465 IHAMBURG172 IHAMBURG1548 IHAMBURG258 IHAMBURG123 IHAMBURG1342 IHAMBURG499 IHAMBURG355 IHHMEIEN2 IHAMBURG656 IHAMBURG206 IHAMBURG1200 IHAMBURG1462 IHAMBURG1360 IWINSENL6 IHAMBURG222 IHAMBURG1036 IHHRISSE2 IHAMBURG1212 IHAMBURG514 IHAMBURG664 IHAMBURG1234 IHAMBURG1192 IHAMBURG256 IHAMBURG1204 IHAMBURG2025 IHAMBURG1086 IHAMBURG604 IHAMBURG168 IHAMBURG1252 IHAMBURG285 IHAMBURG460 IHAMBURG1783 IHAMBURG971 IHAMBURG1391 IHHHELLB2 IHAMBURG435 IHAMBURG540 IHAMBURG1098 IHAMBURG450 IHAMBURG772 IHAMBURG280 IHAMBURG914 IHAMBURG1300 IHAMBURG1064 IHAMBURG1186 IHAMBURG1110 IHAMBURG333 IHAMBURG98 IHAMBURG1787 IHAMBURG49 IHAMBURG1538 IHAMBURG376 IHAMBURG69 IHAMBURG1108 IHAMBURG400 IHAMBURG1188 ISEEVETA49 IHAMBURG361 IHAMBURG104 IHAMBURG1142 IHAMBURG1216 IHAMBURG789 IHAMBURG230 IHAMBURG289 IHAMBURG367 IHAMBURG1002 IHAMBURG1184 IHAMBURG648 IHAMBURG1136 IHAMBURG119 IHAMBURG113 IHAMBURG2026 IHAMBURG250 IHAMBURG80 IHAMBURG109 IHAMBURG229 IHAMBURG365 IHAMBURG403 IHAMBURG162 IHAMBURG1144 IHAMBURG131 IHAMBURG417 IHAMBURG50 IHAMBURG803 IHAMBURG1458 IHAMBURG628 IHAMBURG998 IHAMBURG1540 IHAMBURG61 IHAMBURG1082 IHAMBURG1494 IHAMBURG53 IHAMBURG1266 IHAMBURG489 IHAMBURG469 IHAMBURG646 IHAMBURG693 IHAMBURG338 IHAMBURG200 IHAMBURG375 IHAMBURG654 IHAMBURG405 IHAMBURG1306 IHAMBURG1058 IHAMBURG1377
2017-08-20 19:22:54,680 INFO min_dt      0.996 n=6933
2017-08-20 19:22:54,681 INFO idw_p2_all  1.286 n=8751
2017-08-20 19:22:54,681 INFO eddh        0.818 n=8755
2017-08-20 19:22:54,681 INFO idw_p2_dt   1.329 n=6933
2017-08-20 19:22:54,681 INFO max_dt      2.295 n=6933
2017-08-20 19:22:54,681 INFO idw_p4_dt   1.347 n=6933
2017-08-20 19:22:54,681 INFO idw_p3_dt   1.336 n=6933
2017-08-20 19:22:54,681 INFO idw_p4_cn3  1.220 n=8751
2017-08-20 19:22:54,681 INFO mean_all    1.526 n=8751
2017-08-20 19:22:54,682 INFO idw_p1_dt   1.349 n=6933
2017-08-20 19:22:54,682 INFO max_cn5     2.356 n=8751
2017-08-20 19:22:54,682 INFO max_cn3     2.128 n=8751
2017-08-20 19:22:54,682 INFO min_cn5     1.031 n=8751
2017-08-20 19:22:54,682 INFO idw_p3_cn3  1.221 n=8751
2017-08-20 19:22:54,682 INFO idw_p4_all  1.210 n=8751
2017-08-20 19:22:54,682 INFO max_all     3.226 n=8751
2017-08-20 19:22:54,682 INFO median_cn3  1.404 n=8751
2017-08-20 19:22:54,682 INFO mean_cn5    1.423 n=8751
2017-08-20 19:22:54,682 INFO idw_p1_cn5  1.311 n=8751
2017-08-20 19:22:54,682 INFO median_dt   1.310 n=6933
2017-08-20 19:22:54,682 INFO idw_p4_cn5  1.222 n=8751
2017-08-20 19:22:54,683 INFO mean_dt     1.433 n=6933
2017-08-20 19:22:54,683 INFO min_cn3     1.074 n=8751
2017-08-20 19:22:54,683 INFO median_all  1.528 n=8751
2017-08-20 19:22:54,683 INFO idw_p1_cn3  1.296 n=8751
2017-08-20 19:22:54,683 INFO idw_p2_cn3  1.235 n=8751
2017-08-20 19:22:54,683 INFO median_cn5  1.409 n=8751
2017-08-20 19:22:54,683 INFO min_all     1.792 n=8751
2017-08-20 19:22:54,683 INFO idw_p3_cn5  1.225 n=8751
2017-08-20 19:22:54,683 INFO mean_cn3    1.441 n=8751
2017-08-20 19:22:54,683 INFO idw_p3_all  1.217 n=8751
2017-08-20 19:22:54,683 INFO nn          1.241 n=8751
2017-08-20 19:22:54,684 INFO idw_p2_cn5  1.243 n=8751
2017-08-20 19:22:54,684 INFO idw_p1_all  1.435 n=8751
2017-08-20 19:22:54,684 INFO end method list
2017-08-20 19:22:54,840 INFO interpolate for LWM
2017-08-20 19:22:54,840 INFO currently at 4 out of 10
2017-08-20 19:22:54,840 INFO use IHAMBURG741 IHAMBURG175 IHAMBURG2024 IHAMBURG1791 IHAMBURG481 IHAMBURG550 IHAMBURG1284 IHAMBURG184 IHAMBURG1114 IHAMBURG2052 INORDERS21 IHAMBURG340 IHAMBURG1076 IHAMBURG68 IHAMBURG2029 IHAMBURG218 IHAMBURG487 IHAMBURG1208 IHAMBURG565 IHAMBURG192 IHAMBURG471 IHAMBURG1504 IHAMBURG316 IHAMBURG1236 IHAMBURG1134 IHAMBURG237 IHAMBURG308 IHAMBURG56 IHAMBURG844 IHAMBURG1118 IHAMBURG709 IHAMBURG1830 IHAMBURG158 IHAMBURG1314 IHAMBURG600 IHAMBURG465 IHAMBURG172 IHAMBURG1548 IHAMBURG258 IHAMBURG123 IHAMBURG1342 IHAMBURG499 IHAMBURG355 IHHMEIEN2 IHAMBURG656 IHAMBURG206 IHAMBURG1200 IHAMBURG1462 IHAMBURG1360 IWINSENL6 IHAMBURG222 IHAMBURG1036 IHHRISSE2 IHAMBURG1212 IHAMBURG514 IHAMBURG664 IHAMBURG1234 IHAMBURG1192 IHAMBURG256 IHAMBURG1204 IHAMBURG2025 IHAMBURG1086 IHAMBURG604 IHAMBURG168 IHAMBURG1252 IHAMBURG285 IHAMBURG460 IHAMBURG1783 IHAMBURG971 IHAMBURG1391 IHHHELLB2 IHAMBURG435 IHAMBURG540 IHAMBURG1098 IHAMBURG450 IHAMBURG772 IHAMBURG280 IHAMBURG914 IHAMBURG1300 IHAMBURG1064 IHAMBURG1186 IHAMBURG1110 IHAMBURG333 IHAMBURG98 IHAMBURG1787 IHAMBURG49 IHAMBURG1538 IHAMBURG376 IHAMBURG69 IHAMBURG1108 IHAMBURG400 IHAMBURG1188 ISEEVETA49 IHAMBURG361 IHAMBURG104 IHAMBURG1142 IHAMBURG1216 IHAMBURG789 IHAMBURG230 IHAMBURG289 IHAMBURG367 IHAMBURG1002 IHAMBURG1184 IHAMBURG648 IHAMBURG1136 IHAMBURG119 IHAMBURG113 IHAMBURG2026 IHAMBURG250 IHAMBURG80 IHAMBURG109 IHAMBURG229 IHAMBURG365 IHAMBURG403 IHAMBURG162 IHAMBURG1144 IHAMBURG131 IHAMBURG417 IHAMBURG50 IHAMBURG803 IHAMBURG1458 IHAMBURG628 IHAMBURG998 IHAMBURG1540 IHAMBURG61 IHAMBURG1082 IHAMBURG1494 IHAMBURG53 IHAMBURG1266 IHAMBURG489 IHAMBURG469 IHAMBURG646 IHAMBURG693 IHAMBURG338 IHAMBURG200 IHAMBURG375 IHAMBURG654 IHAMBURG405 IHAMBURG1306 IHAMBURG1058 IHAMBURG1377
2017-08-20 19:31:36,863 INFO idw_p2_all  1.491 n=8500
2017-08-20 19:31:36,864 INFO eddh        0.972 n=8510
2017-08-20 19:31:36,864 INFO idw_p4_cn3  1.323 n=8500
2017-08-20 19:31:36,865 INFO mean_all    1.663 n=8500
2017-08-20 19:31:36,865 INFO max_cn5     2.507 n=8500
2017-08-20 19:31:36,865 INFO max_cn3     2.278 n=8500
2017-08-20 19:31:36,865 INFO min_cn5     1.090 n=8500
2017-08-20 19:31:36,865 INFO idw_p3_cn3  1.336 n=8500
2017-08-20 19:31:36,865 INFO idw_p4_all  1.326 n=8500
2017-08-20 19:31:36,865 INFO max_all     3.391 n=8500
2017-08-20 19:31:36,865 INFO median_cn3  1.513 n=8500
2017-08-20 19:31:36,865 INFO mean_cn5    1.550 n=8500
2017-08-20 19:31:36,865 INFO idw_p1_cn5  1.470 n=8500
2017-08-20 19:31:36,865 INFO idw_p4_cn5  1.329 n=8500
2017-08-20 19:31:36,866 INFO min_cn3     1.162 n=8500
2017-08-20 19:31:36,866 INFO median_all  1.663 n=8500
2017-08-20 19:31:36,866 INFO idw_p1_cn3  1.452 n=8500
2017-08-20 19:31:36,866 INFO idw_p2_cn3  1.373 n=8500
2017-08-20 19:31:36,866 INFO median_cn5  1.524 n=8500
2017-08-20 19:31:36,866 INFO min_all     1.767 n=8500
2017-08-20 19:31:36,866 INFO idw_p3_cn5  1.348 n=8500
2017-08-20 19:31:36,866 INFO mean_cn3    1.568 n=8500
2017-08-20 19:31:36,866 INFO idw_p3_all  1.380 n=8500
2017-08-20 19:31:36,866 INFO nn          1.330 n=8500
2017-08-20 19:31:36,866 INFO idw_p2_cn5  1.393 n=8500
2017-08-20 19:31:36,866 INFO idw_p1_all  1.592 n=8500
2017-08-20 19:31:36,867 INFO end method list
2017-08-20 19:31:37,027 INFO interpolate for RIM
2017-08-20 19:31:37,027 INFO currently at 5 out of 10
2017-08-20 19:31:37,027 INFO use IHAMBURG741 IHAMBURG175 IHAMBURG2024 IHAMBURG1791 IHAMBURG481 IHAMBURG550 IHAMBURG1284 IHAMBURG184 IHAMBURG1114 IHAMBURG2052 INORDERS21 IHAMBURG340 IHAMBURG1076 IHAMBURG68 IHAMBURG2029 IHAMBURG218 IHAMBURG487 IHAMBURG1208 IHAMBURG565 IHAMBURG192 IHAMBURG471 IHAMBURG1504 IHAMBURG316 IHAMBURG1236 IHAMBURG1134 IHAMBURG237 IHAMBURG308 IHAMBURG56 IHAMBURG844 IHAMBURG1118 IHAMBURG709 IHAMBURG1830 IHAMBURG158 IHAMBURG1314 IHAMBURG600 IHAMBURG465 IHAMBURG172 IHAMBURG1548 IHAMBURG258 IHAMBURG123 IHAMBURG1342 IHAMBURG499 IHAMBURG355 IHHMEIEN2 IHAMBURG656 IHAMBURG206 IHAMBURG1200 IHAMBURG1462 IHAMBURG1360 IWINSENL6 IHAMBURG222 IHAMBURG1036 IHHRISSE2 IHAMBURG1212 IHAMBURG514 IHAMBURG664 IHAMBURG1234 IHAMBURG1192 IHAMBURG256 IHAMBURG1204 IHAMBURG2025 IHAMBURG1086 IHAMBURG604 IHAMBURG168 IHAMBURG1252 IHAMBURG285 IHAMBURG460 IHAMBURG1783 IHAMBURG971 IHAMBURG1391 IHHHELLB2 IHAMBURG435 IHAMBURG540 IHAMBURG1098 IHAMBURG450 IHAMBURG772 IHAMBURG280 IHAMBURG914 IHAMBURG1300 IHAMBURG1064 IHAMBURG1186 IHAMBURG1110 IHAMBURG333 IHAMBURG98 IHAMBURG1787 IHAMBURG49 IHAMBURG1538 IHAMBURG376 IHAMBURG69 IHAMBURG1108 IHAMBURG400 IHAMBURG1188 ISEEVETA49 IHAMBURG361 IHAMBURG104 IHAMBURG1142 IHAMBURG1216 IHAMBURG789 IHAMBURG230 IHAMBURG289 IHAMBURG367 IHAMBURG1002 IHAMBURG1184 IHAMBURG648 IHAMBURG1136 IHAMBURG119 IHAMBURG113 IHAMBURG2026 IHAMBURG250 IHAMBURG80 IHAMBURG109 IHAMBURG229 IHAMBURG365 IHAMBURG403 IHAMBURG162 IHAMBURG1144 IHAMBURG131 IHAMBURG417 IHAMBURG50 IHAMBURG803 IHAMBURG1458 IHAMBURG628 IHAMBURG998 IHAMBURG1540 IHAMBURG61 IHAMBURG1082 IHAMBURG1494 IHAMBURG53 IHAMBURG1266 IHAMBURG489 IHAMBURG469 IHAMBURG646 IHAMBURG693 IHAMBURG338 IHAMBURG200 IHAMBURG375 IHAMBURG654 IHAMBURG405 IHAMBURG1306 IHAMBURG1058 IHAMBURG1377
2017-08-20 19:40:29,226 INFO idw_p2_all  1.363 n=8736
2017-08-20 19:40:29,227 INFO eddh        0.966 n=8755
2017-08-20 19:40:29,227 INFO idw_p4_cn3  1.417 n=8736
2017-08-20 19:40:29,227 INFO mean_all    1.425 n=8736
2017-08-20 19:40:29,227 INFO max_cn5     2.366 n=8736
2017-08-20 19:40:29,228 INFO max_cn3     2.296 n=8736
2017-08-20 19:40:29,228 INFO min_cn5     1.461 n=8736
2017-08-20 19:40:29,228 INFO idw_p3_cn3  1.387 n=8736
2017-08-20 19:40:29,228 INFO idw_p4_all  1.306 n=8736
2017-08-20 19:40:29,228 INFO max_all     3.042 n=8736
2017-08-20 19:40:29,228 INFO median_cn3  1.345 n=8736
2017-08-20 19:40:29,228 INFO mean_cn5    1.434 n=8736
2017-08-20 19:40:29,228 INFO idw_p1_cn5  1.388 n=8736
2017-08-20 19:40:29,228 INFO idw_p4_cn5  1.386 n=8736
2017-08-20 19:40:29,228 INFO min_cn3     1.440 n=8736
2017-08-20 19:40:29,228 INFO median_all  1.423 n=8736
2017-08-20 19:40:29,228 INFO idw_p1_cn3  1.385 n=8736
2017-08-20 19:40:29,229 INFO idw_p2_cn3  1.370 n=8736
2017-08-20 19:40:29,229 INFO median_cn5  1.397 n=8736
2017-08-20 19:40:29,229 INFO min_all     1.991 n=8736
2017-08-20 19:40:29,229 INFO idw_p3_cn5  1.358 n=8736
2017-08-20 19:40:29,229 INFO mean_cn3    1.436 n=8736
2017-08-20 19:40:29,229 INFO idw_p3_all  1.302 n=8736
2017-08-20 19:40:29,229 INFO nn          1.506 n=8736
2017-08-20 19:40:29,229 INFO idw_p2_cn5  1.357 n=8736
2017-08-20 19:40:29,229 INFO idw_p1_all  1.413 n=8736
2017-08-20 19:40:29,229 INFO end method list
2017-08-20 19:40:29,374 INFO interpolate for SGM
2017-08-20 19:40:29,375 INFO currently at 6 out of 10
2017-08-20 19:40:29,375 INFO use IHAMBURG741 IHAMBURG175 IHAMBURG2024 IHAMBURG1791 IHAMBURG481 IHAMBURG550 IHAMBURG1284 IHAMBURG184 IHAMBURG1114 IHAMBURG2052 INORDERS21 IHAMBURG340 IHAMBURG1076 IHAMBURG68 IHAMBURG2029 IHAMBURG218 IHAMBURG487 IHAMBURG1208 IHAMBURG565 IHAMBURG192 IHAMBURG471 IHAMBURG1504 IHAMBURG316 IHAMBURG1236 IHAMBURG1134 IHAMBURG237 IHAMBURG308 IHAMBURG56 IHAMBURG844 IHAMBURG1118 IHAMBURG709 IHAMBURG1830 IHAMBURG158 IHAMBURG1314 IHAMBURG600 IHAMBURG465 IHAMBURG172 IHAMBURG1548 IHAMBURG258 IHAMBURG123 IHAMBURG1342 IHAMBURG499 IHAMBURG355 IHHMEIEN2 IHAMBURG656 IHAMBURG206 IHAMBURG1200 IHAMBURG1462 IHAMBURG1360 IWINSENL6 IHAMBURG222 IHAMBURG1036 IHHRISSE2 IHAMBURG1212 IHAMBURG514 IHAMBURG664 IHAMBURG1234 IHAMBURG1192 IHAMBURG256 IHAMBURG1204 IHAMBURG2025 IHAMBURG1086 IHAMBURG604 IHAMBURG168 IHAMBURG1252 IHAMBURG285 IHAMBURG460 IHAMBURG1783 IHAMBURG971 IHAMBURG1391 IHHHELLB2 IHAMBURG435 IHAMBURG540 IHAMBURG1098 IHAMBURG450 IHAMBURG772 IHAMBURG280 IHAMBURG914 IHAMBURG1300 IHAMBURG1064 IHAMBURG1186 IHAMBURG1110 IHAMBURG333 IHAMBURG98 IHAMBURG1787 IHAMBURG49 IHAMBURG1538 IHAMBURG376 IHAMBURG69 IHAMBURG1108 IHAMBURG400 IHAMBURG1188 ISEEVETA49 IHAMBURG361 IHAMBURG104 IHAMBURG1142 IHAMBURG1216 IHAMBURG789 IHAMBURG230 IHAMBURG289 IHAMBURG367 IHAMBURG1002 IHAMBURG1184 IHAMBURG648 IHAMBURG1136 IHAMBURG119 IHAMBURG113 IHAMBURG2026 IHAMBURG250 IHAMBURG80 IHAMBURG109 IHAMBURG229 IHAMBURG365 IHAMBURG403 IHAMBURG162 IHAMBURG1144 IHAMBURG131 IHAMBURG417 IHAMBURG50 IHAMBURG803 IHAMBURG1458 IHAMBURG628 IHAMBURG998 IHAMBURG1540 IHAMBURG61 IHAMBURG1082 IHAMBURG1494 IHAMBURG53 IHAMBURG1266 IHAMBURG489 IHAMBURG469 IHAMBURG646 IHAMBURG693 IHAMBURG338 IHAMBURG200 IHAMBURG375 IHAMBURG654 IHAMBURG405 IHAMBURG1306 IHAMBURG1058 IHAMBURG1377
2017-08-20 19:49:20,967 INFO min_dt      1.599 n=8636
2017-08-20 19:49:20,968 INFO idw_p2_all  1.426 n=8759
2017-08-20 19:49:20,968 INFO eddh        0.745 n=8771
2017-08-20 19:49:20,968 INFO idw_p2_dt   1.805 n=8636
2017-08-20 19:49:20,968 INFO idw_p4_dt   1.829 n=8636
2017-08-20 19:49:20,968 INFO idw_p3_dt   1.819 n=8636
2017-08-20 19:49:20,968 INFO idw_p4_cn3  1.626 n=8759
2017-08-20 19:49:20,968 INFO mean_all    1.376 n=8759
2017-08-20 19:49:20,968 INFO idw_p1_dt   1.788 n=8636
2017-08-20 19:49:20,968 INFO max_cn5     2.247 n=8759
2017-08-20 19:49:20,969 INFO max_cn3     2.087 n=8759
2017-08-20 19:49:20,969 INFO min_cn5     1.149 n=8759
2017-08-20 19:49:20,969 INFO idw_p3_cn3  1.605 n=8759
2017-08-20 19:49:20,969 INFO idw_p4_all  1.534 n=8759
2017-08-20 19:49:20,969 INFO max_all     3.061 n=8759
2017-08-20 19:49:20,969 INFO median_cn3  1.711 n=8759
2017-08-20 19:49:20,969 INFO mean_cn5    1.469 n=8759
2017-08-20 19:49:20,969 INFO idw_p1_cn5  1.485 n=8759
2017-08-20 19:49:20,969 INFO median_dt   1.813 n=8636
2017-08-20 19:49:20,969 INFO median_cn5  1.657 n=8759
2017-08-20 19:49:20,969 INFO idw_p4_cn5  1.576 n=8759
2017-08-20 19:49:20,970 INFO mean_dt     1.771 n=8636
2017-08-20 19:49:20,970 INFO min_cn3     1.056 n=8759
2017-08-20 19:49:20,970 INFO median_all  1.377 n=8759
2017-08-20 19:49:20,970 INFO idw_p1_cn3  1.564 n=8759
2017-08-20 19:49:20,970 INFO idw_p2_cn3  1.583 n=8759
2017-08-20 19:49:20,970 INFO max_dt      2.142 n=8636
2017-08-20 19:49:20,970 INFO min_all     1.863 n=8759
2017-08-20 19:49:20,970 INFO idw_p3_cn5  1.542 n=8759
2017-08-20 19:49:20,970 INFO mean_cn3    1.546 n=8759
2017-08-20 19:49:20,970 INFO idw_p3_all  1.476 n=8759
2017-08-20 19:49:20,970 INFO nn          1.822 n=8759
2017-08-20 19:49:20,970 INFO idw_p2_cn5  1.510 n=8759
2017-08-20 19:49:20,971 INFO idw_p1_all  1.395 n=8759
2017-08-20 19:49:20,971 INFO end method list
2017-08-20 19:49:21,136 INFO interpolate for SWM
2017-08-20 19:49:21,136 INFO currently at 7 out of 10
2017-08-20 19:49:21,136 INFO use IHAMBURG741 IHAMBURG175 IHAMBURG2024 IHAMBURG1791 IHAMBURG481 IHAMBURG550 IHAMBURG1284 IHAMBURG184 IHAMBURG1114 IHAMBURG2052 INORDERS21 IHAMBURG340 IHAMBURG1076 IHAMBURG68 IHAMBURG2029 IHAMBURG218 IHAMBURG487 IHAMBURG1208 IHAMBURG565 IHAMBURG192 IHAMBURG471 IHAMBURG1504 IHAMBURG316 IHAMBURG1236 IHAMBURG1134 IHAMBURG237 IHAMBURG308 IHAMBURG56 IHAMBURG844 IHAMBURG1118 IHAMBURG709 IHAMBURG1830 IHAMBURG158 IHAMBURG1314 IHAMBURG600 IHAMBURG465 IHAMBURG172 IHAMBURG1548 IHAMBURG258 IHAMBURG123 IHAMBURG1342 IHAMBURG499 IHAMBURG355 IHHMEIEN2 IHAMBURG656 IHAMBURG206 IHAMBURG1200 IHAMBURG1462 IHAMBURG1360 IWINSENL6 IHAMBURG222 IHAMBURG1036 IHHRISSE2 IHAMBURG1212 IHAMBURG514 IHAMBURG664 IHAMBURG1234 IHAMBURG1192 IHAMBURG256 IHAMBURG1204 IHAMBURG2025 IHAMBURG1086 IHAMBURG604 IHAMBURG168 IHAMBURG1252 IHAMBURG285 IHAMBURG460 IHAMBURG1783 IHAMBURG971 IHAMBURG1391 IHHHELLB2 IHAMBURG435 IHAMBURG540 IHAMBURG1098 IHAMBURG450 IHAMBURG772 IHAMBURG280 IHAMBURG914 IHAMBURG1300 IHAMBURG1064 IHAMBURG1186 IHAMBURG1110 IHAMBURG333 IHAMBURG98 IHAMBURG1787 IHAMBURG49 IHAMBURG1538 IHAMBURG376 IHAMBURG69 IHAMBURG1108 IHAMBURG400 IHAMBURG1188 ISEEVETA49 IHAMBURG361 IHAMBURG104 IHAMBURG1142 IHAMBURG1216 IHAMBURG789 IHAMBURG230 IHAMBURG289 IHAMBURG367 IHAMBURG1002 IHAMBURG1184 IHAMBURG648 IHAMBURG1136 IHAMBURG119 IHAMBURG113 IHAMBURG2026 IHAMBURG250 IHAMBURG80 IHAMBURG109 IHAMBURG229 IHAMBURG365 IHAMBURG403 IHAMBURG162 IHAMBURG1144 IHAMBURG131 IHAMBURG417 IHAMBURG50 IHAMBURG803 IHAMBURG1458 IHAMBURG628 IHAMBURG998 IHAMBURG1540 IHAMBURG61 IHAMBURG1082 IHAMBURG1494 IHAMBURG53 IHAMBURG1266 IHAMBURG489 IHAMBURG469 IHAMBURG646 IHAMBURG693 IHAMBURG338 IHAMBURG200 IHAMBURG375 IHAMBURG654 IHAMBURG405 IHAMBURG1306 IHAMBURG1058 IHAMBURG1377
2017-08-20 19:58:06,298 INFO min_dt      1.246 n=8568
2017-08-20 19:58:06,299 INFO idw_p2_all  1.158 n=8683
2017-08-20 19:58:06,299 INFO eddh        0.668 n=8688
2017-08-20 19:58:06,299 INFO idw_p2_dt   1.466 n=8568
2017-08-20 19:58:06,299 INFO idw_p4_dt   1.489 n=8568
2017-08-20 19:58:06,299 INFO idw_p3_dt   1.483 n=8568
2017-08-20 19:58:06,299 INFO idw_p4_cn3  1.458 n=8683
2017-08-20 19:58:06,299 INFO mean_all    1.044 n=8683
2017-08-20 19:58:06,299 INFO idw_p1_dt   1.433 n=8568
2017-08-20 19:58:06,299 INFO max_cn5     1.910 n=8683
2017-08-20 19:58:06,299 INFO max_cn3     1.774 n=8683
2017-08-20 19:58:06,300 INFO min_cn5     0.981 n=8683
2017-08-20 19:58:06,300 INFO idw_p3_cn3  1.421 n=8683
2017-08-20 19:58:06,300 INFO idw_p4_all  1.428 n=8683
2017-08-20 19:58:06,300 INFO max_all     2.733 n=8683
2017-08-20 19:58:06,300 INFO median_cn3  1.365 n=8683
2017-08-20 19:58:06,300 INFO mean_cn5    1.088 n=8683
2017-08-20 19:58:06,300 INFO idw_p1_cn5  1.170 n=8683
2017-08-20 19:58:06,300 INFO median_dt   1.447 n=8568
2017-08-20 19:58:06,300 INFO median_cn5  1.219 n=8683
2017-08-20 19:58:06,300 INFO idw_p4_cn5  1.449 n=8683
2017-08-20 19:58:06,300 INFO mean_dt     1.402 n=8568
2017-08-20 19:58:06,300 INFO min_cn3     0.995 n=8683
2017-08-20 19:58:06,301 INFO median_all  1.054 n=8683
2017-08-20 19:58:06,301 INFO idw_p1_cn3  1.233 n=8683
2017-08-20 19:58:06,301 INFO idw_p2_cn3  1.345 n=8683
2017-08-20 19:58:06,301 INFO max_dt      1.827 n=8568
2017-08-20 19:58:06,301 INFO min_all     1.943 n=8683
2017-08-20 19:58:06,301 INFO idw_p3_cn5  1.396 n=8683
2017-08-20 19:58:06,301 INFO mean_cn3    1.133 n=8683
2017-08-20 19:58:06,301 INFO idw_p3_all  1.326 n=8683
2017-08-20 19:58:06,301 INFO nn          1.498 n=8683
2017-08-20 19:58:06,301 INFO idw_p2_cn5  1.295 n=8683
2017-08-20 19:58:06,301 INFO idw_p1_all  1.064 n=8683
2017-08-20 19:58:06,301 INFO end method list
2017-08-20 19:58:06,460 INFO interpolate for WGM
2017-08-20 19:58:06,461 INFO currently at 8 out of 10
2017-08-20 19:58:06,461 INFO use IHAMBURG741 IHAMBURG175 IHAMBURG2024 IHAMBURG1791 IHAMBURG481 IHAMBURG550 IHAMBURG1284 IHAMBURG184 IHAMBURG1114 IHAMBURG2052 INORDERS21 IHAMBURG340 IHAMBURG1076 IHAMBURG68 IHAMBURG2029 IHAMBURG218 IHAMBURG487 IHAMBURG1208 IHAMBURG565 IHAMBURG192 IHAMBURG471 IHAMBURG1504 IHAMBURG316 IHAMBURG1236 IHAMBURG1134 IHAMBURG237 IHAMBURG308 IHAMBURG56 IHAMBURG844 IHAMBURG1118 IHAMBURG709 IHAMBURG1830 IHAMBURG158 IHAMBURG1314 IHAMBURG600 IHAMBURG465 IHAMBURG172 IHAMBURG1548 IHAMBURG258 IHAMBURG123 IHAMBURG1342 IHAMBURG499 IHAMBURG355 IHHMEIEN2 IHAMBURG656 IHAMBURG206 IHAMBURG1200 IHAMBURG1462 IHAMBURG1360 IWINSENL6 IHAMBURG222 IHAMBURG1036 IHHRISSE2 IHAMBURG1212 IHAMBURG514 IHAMBURG664 IHAMBURG1234 IHAMBURG1192 IHAMBURG256 IHAMBURG1204 IHAMBURG2025 IHAMBURG1086 IHAMBURG604 IHAMBURG168 IHAMBURG1252 IHAMBURG285 IHAMBURG460 IHAMBURG1783 IHAMBURG971 IHAMBURG1391 IHHHELLB2 IHAMBURG435 IHAMBURG540 IHAMBURG1098 IHAMBURG450 IHAMBURG772 IHAMBURG280 IHAMBURG914 IHAMBURG1300 IHAMBURG1064 IHAMBURG1186 IHAMBURG1110 IHAMBURG333 IHAMBURG98 IHAMBURG1787 IHAMBURG49 IHAMBURG1538 IHAMBURG376 IHAMBURG69 IHAMBURG1108 IHAMBURG400 IHAMBURG1188 ISEEVETA49 IHAMBURG361 IHAMBURG104 IHAMBURG1142 IHAMBURG1216 IHAMBURG789 IHAMBURG230 IHAMBURG289 IHAMBURG367 IHAMBURG1002 IHAMBURG1184 IHAMBURG648 IHAMBURG1136 IHAMBURG119 IHAMBURG113 IHAMBURG2026 IHAMBURG250 IHAMBURG80 IHAMBURG109 IHAMBURG229 IHAMBURG365 IHAMBURG403 IHAMBURG162 IHAMBURG1144 IHAMBURG131 IHAMBURG417 IHAMBURG50 IHAMBURG803 IHAMBURG1458 IHAMBURG628 IHAMBURG998 IHAMBURG1540 IHAMBURG61 IHAMBURG1082 IHAMBURG1494 IHAMBURG53 IHAMBURG1266 IHAMBURG489 IHAMBURG469 IHAMBURG646 IHAMBURG693 IHAMBURG338 IHAMBURG200 IHAMBURG375 IHAMBURG654 IHAMBURG405 IHAMBURG1306 IHAMBURG1058 IHAMBURG1377
2017-08-20 20:06:50,415 INFO min_dt      0.877 n=8582
2017-08-20 20:06:50,416 INFO idw_p2_all  1.023 n=8738
2017-08-20 20:06:50,416 INFO eddh        0.907 n=8747
2017-08-20 20:06:50,416 INFO idw_p2_dt   1.030 n=8582
2017-08-20 20:06:50,416 INFO idw_p4_dt   1.036 n=8582
2017-08-20 20:06:50,416 INFO idw_p3_dt   1.034 n=8582
2017-08-20 20:06:50,416 INFO idw_p4_cn3  1.031 n=8738
2017-08-20 20:06:50,416 INFO mean_all    1.054 n=8738
2017-08-20 20:06:50,417 INFO idw_p1_dt   1.019 n=8582
2017-08-20 20:06:50,417 INFO max_cn5     2.163 n=8738
2017-08-20 20:06:50,417 INFO max_cn3     2.043 n=8738
2017-08-20 20:06:50,417 INFO min_cn5     0.967 n=8738
2017-08-20 20:06:50,417 INFO idw_p3_cn3  1.030 n=8738
2017-08-20 20:06:50,417 INFO idw_p4_all  1.019 n=8738
2017-08-20 20:06:50,417 INFO max_all     2.645 n=8738
2017-08-20 20:06:50,417 INFO median_cn3  1.351 n=8738
2017-08-20 20:06:50,417 INFO mean_cn5    1.330 n=8738
2017-08-20 20:06:50,417 INFO idw_p1_cn5  1.119 n=8738
2017-08-20 20:06:50,417 INFO median_dt   1.060 n=8582
2017-08-20 20:06:50,417 INFO median_cn5  1.327 n=8738
2017-08-20 20:06:50,418 INFO idw_p4_cn5  1.026 n=8738
2017-08-20 20:06:50,418 INFO mean_dt     1.072 n=8582
2017-08-20 20:06:50,418 INFO min_cn3     0.966 n=8738
2017-08-20 20:06:50,418 INFO median_all  1.057 n=8738
2017-08-20 20:06:50,418 INFO idw_p1_cn3  1.101 n=8738
2017-08-20 20:06:50,418 INFO idw_p2_cn3  1.037 n=8738
2017-08-20 20:06:50,418 INFO max_dt      1.566 n=8582
2017-08-20 20:06:50,418 INFO min_all     2.106 n=8738
2017-08-20 20:06:50,418 INFO idw_p3_cn5  1.025 n=8738
2017-08-20 20:06:50,418 INFO mean_cn3    1.337 n=8738
2017-08-20 20:06:50,418 INFO idw_p3_all  1.016 n=8738
2017-08-20 20:06:50,418 INFO nn          1.045 n=8738
2017-08-20 20:06:50,419 INFO idw_p2_cn5  1.035 n=8738
2017-08-20 20:06:50,419 INFO idw_p1_all  1.075 n=8738
2017-08-20 20:06:50,419 INFO end method list
2017-08-20 20:06:50,578 INFO interpolate for WWM
2017-08-20 20:06:50,579 INFO currently at 9 out of 10
2017-08-20 20:06:50,579 INFO use IHAMBURG741 IHAMBURG175 IHAMBURG2024 IHAMBURG1791 IHAMBURG481 IHAMBURG550 IHAMBURG1284 IHAMBURG184 IHAMBURG1114 IHAMBURG2052 INORDERS21 IHAMBURG340 IHAMBURG1076 IHAMBURG68 IHAMBURG2029 IHAMBURG218 IHAMBURG487 IHAMBURG1208 IHAMBURG565 IHAMBURG192 IHAMBURG471 IHAMBURG1504 IHAMBURG316 IHAMBURG1236 IHAMBURG1134 IHAMBURG237 IHAMBURG308 IHAMBURG56 IHAMBURG844 IHAMBURG1118 IHAMBURG709 IHAMBURG1830 IHAMBURG158 IHAMBURG1314 IHAMBURG600 IHAMBURG465 IHAMBURG172 IHAMBURG1548 IHAMBURG258 IHAMBURG123 IHAMBURG1342 IHAMBURG499 IHAMBURG355 IHHMEIEN2 IHAMBURG656 IHAMBURG206 IHAMBURG1200 IHAMBURG1462 IHAMBURG1360 IWINSENL6 IHAMBURG222 IHAMBURG1036 IHHRISSE2 IHAMBURG1212 IHAMBURG514 IHAMBURG664 IHAMBURG1234 IHAMBURG1192 IHAMBURG256 IHAMBURG1204 IHAMBURG2025 IHAMBURG1086 IHAMBURG604 IHAMBURG168 IHAMBURG1252 IHAMBURG285 IHAMBURG460 IHAMBURG1783 IHAMBURG971 IHAMBURG1391 IHHHELLB2 IHAMBURG435 IHAMBURG540 IHAMBURG1098 IHAMBURG450 IHAMBURG772 IHAMBURG280 IHAMBURG914 IHAMBURG1300 IHAMBURG1064 IHAMBURG1186 IHAMBURG1110 IHAMBURG333 IHAMBURG98 IHAMBURG1787 IHAMBURG49 IHAMBURG1538 IHAMBURG376 IHAMBURG69 IHAMBURG1108 IHAMBURG400 IHAMBURG1188 ISEEVETA49 IHAMBURG361 IHAMBURG104 IHAMBURG1142 IHAMBURG1216 IHAMBURG789 IHAMBURG230 IHAMBURG289 IHAMBURG367 IHAMBURG1002 IHAMBURG1184 IHAMBURG648 IHAMBURG1136 IHAMBURG119 IHAMBURG113 IHAMBURG2026 IHAMBURG250 IHAMBURG80 IHAMBURG109 IHAMBURG229 IHAMBURG365 IHAMBURG403 IHAMBURG162 IHAMBURG1144 IHAMBURG131 IHAMBURG417 IHAMBURG50 IHAMBURG803 IHAMBURG1458 IHAMBURG628 IHAMBURG998 IHAMBURG1540 IHAMBURG61 IHAMBURG1082 IHAMBURG1494 IHAMBURG53 IHAMBURG1266 IHAMBURG489 IHAMBURG469 IHAMBURG646 IHAMBURG693 IHAMBURG338 IHAMBURG200 IHAMBURG375 IHAMBURG654 IHAMBURG405 IHAMBURG1306 IHAMBURG1058 IHAMBURG1377
2017-08-20 20:15:32,152 INFO min_dt      0.808 n=8589
2017-08-20 20:15:32,153 INFO idw_p2_all  1.084 n=8763
2017-08-20 20:15:32,153 INFO eddh        1.018 n=8771
2017-08-20 20:15:32,153 INFO idw_p2_dt   0.980 n=8589
2017-08-20 20:15:32,154 INFO idw_p4_dt   0.995 n=8589
2017-08-20 20:15:32,154 INFO idw_p3_dt   0.989 n=8589
2017-08-20 20:15:32,154 INFO idw_p4_cn3  1.005 n=8763
2017-08-20 20:15:32,154 INFO mean_all    1.063 n=8763
2017-08-20 20:15:32,154 INFO idw_p1_dt   0.978 n=8589
2017-08-20 20:15:32,154 INFO max_cn5     2.222 n=8763
2017-08-20 20:15:32,154 INFO max_cn3     2.093 n=8763
2017-08-20 20:15:32,154 INFO min_cn5     0.875 n=8763
2017-08-20 20:15:32,154 INFO idw_p3_cn3  1.023 n=8763
2017-08-20 20:15:32,154 INFO idw_p4_all  0.997 n=8763
2017-08-20 20:15:32,154 INFO max_all     2.693 n=8763
2017-08-20 20:15:32,154 INFO median_cn3  1.370 n=8763
2017-08-20 20:15:32,155 INFO mean_cn5    1.339 n=8763
2017-08-20 20:15:32,155 INFO idw_p1_cn5  1.206 n=8763
2017-08-20 20:15:32,155 INFO median_dt   1.030 n=8589
2017-08-20 20:15:32,155 INFO median_cn5  1.354 n=8763
2017-08-20 20:15:32,155 INFO idw_p4_cn5  1.003 n=8763
2017-08-20 20:15:32,155 INFO mean_dt     1.054 n=8589
2017-08-20 20:15:32,155 INFO min_cn3     0.896 n=8763
2017-08-20 20:15:32,155 INFO median_all  1.059 n=8763
2017-08-20 20:15:32,155 INFO idw_p1_cn3  1.190 n=8763
2017-08-20 20:15:32,155 INFO idw_p2_cn3  1.073 n=8763
2017-08-20 20:15:32,155 INFO max_dt      1.585 n=8589
2017-08-20 20:15:32,155 INFO min_all     2.074 n=8763
2017-08-20 20:15:32,156 INFO idw_p3_cn5  1.023 n=8763
2017-08-20 20:15:32,156 INFO mean_cn3    1.361 n=8763
2017-08-20 20:15:32,156 INFO idw_p3_all  1.021 n=8763
2017-08-20 20:15:32,156 INFO nn          1.009 n=8763
2017-08-20 20:15:32,156 INFO idw_p2_cn5  1.081 n=8763
2017-08-20 20:15:32,156 INFO idw_p1_all  1.107 n=8763
2017-08-20 20:15:32,156 INFO end method list
2017-08-20 20:15:32,309 INFO interpolate for ZOM
2017-08-20 20:15:32,309 INFO currently at 10 out of 10
2017-08-20 20:15:32,310 INFO use IHAMBURG741 IHAMBURG175 IHAMBURG2024 IHAMBURG1791 IHAMBURG481 IHAMBURG550 IHAMBURG1284 IHAMBURG184 IHAMBURG1114 IHAMBURG2052 INORDERS21 IHAMBURG340 IHAMBURG1076 IHAMBURG68 IHAMBURG2029 IHAMBURG218 IHAMBURG487 IHAMBURG1208 IHAMBURG565 IHAMBURG192 IHAMBURG471 IHAMBURG1504 IHAMBURG316 IHAMBURG1236 IHAMBURG1134 IHAMBURG237 IHAMBURG308 IHAMBURG56 IHAMBURG844 IHAMBURG1118 IHAMBURG709 IHAMBURG1830 IHAMBURG158 IHAMBURG1314 IHAMBURG600 IHAMBURG465 IHAMBURG172 IHAMBURG1548 IHAMBURG258 IHAMBURG123 IHAMBURG1342 IHAMBURG499 IHAMBURG355 IHHMEIEN2 IHAMBURG656 IHAMBURG206 IHAMBURG1200 IHAMBURG1462 IHAMBURG1360 IWINSENL6 IHAMBURG222 IHAMBURG1036 IHHRISSE2 IHAMBURG1212 IHAMBURG514 IHAMBURG664 IHAMBURG1234 IHAMBURG1192 IHAMBURG256 IHAMBURG1204 IHAMBURG2025 IHAMBURG1086 IHAMBURG604 IHAMBURG168 IHAMBURG1252 IHAMBURG285 IHAMBURG460 IHAMBURG1783 IHAMBURG971 IHAMBURG1391 IHHHELLB2 IHAMBURG435 IHAMBURG540 IHAMBURG1098 IHAMBURG450 IHAMBURG772 IHAMBURG280 IHAMBURG914 IHAMBURG1300 IHAMBURG1064 IHAMBURG1186 IHAMBURG1110 IHAMBURG333 IHAMBURG98 IHAMBURG1787 IHAMBURG49 IHAMBURG1538 IHAMBURG376 IHAMBURG69 IHAMBURG1108 IHAMBURG400 IHAMBURG1188 ISEEVETA49 IHAMBURG361 IHAMBURG104 IHAMBURG1142 IHAMBURG1216 IHAMBURG789 IHAMBURG230 IHAMBURG289 IHAMBURG367 IHAMBURG1002 IHAMBURG1184 IHAMBURG648 IHAMBURG1136 IHAMBURG119 IHAMBURG113 IHAMBURG2026 IHAMBURG250 IHAMBURG80 IHAMBURG109 IHAMBURG229 IHAMBURG365 IHAMBURG403 IHAMBURG162 IHAMBURG1144 IHAMBURG131 IHAMBURG417 IHAMBURG50 IHAMBURG803 IHAMBURG1458 IHAMBURG628 IHAMBURG998 IHAMBURG1540 IHAMBURG61 IHAMBURG1082 IHAMBURG1494 IHAMBURG53 IHAMBURG1266 IHAMBURG489 IHAMBURG469 IHAMBURG646 IHAMBURG693 IHAMBURG338 IHAMBURG200 IHAMBURG375 IHAMBURG654 IHAMBURG405 IHAMBURG1306 IHAMBURG1058 IHAMBURG1377
2017-08-20 20:24:14,906 INFO min_dt      0.845 n=8580
2017-08-20 20:24:14,907 INFO idw_p2_all  0.738 n=8750
2017-08-20 20:24:14,907 INFO eddh        1.110 n=8765
2017-08-20 20:24:14,907 INFO idw_p2_dt   0.663 n=8580
2017-08-20 20:24:14,907 INFO idw_p4_dt   0.664 n=8580
2017-08-20 20:24:14,907 INFO idw_p3_dt   0.660 n=8580
2017-08-20 20:24:14,907 INFO idw_p4_cn3  0.662 n=8750
2017-08-20 20:24:14,907 INFO mean_all    0.776 n=8750
2017-08-20 20:24:14,907 INFO idw_p1_dt   0.696 n=8580
2017-08-20 20:24:14,908 INFO max_cn5     1.641 n=8750
2017-08-20 20:24:14,908 INFO max_cn3     1.229 n=8750
2017-08-20 20:24:14,908 INFO min_cn5     0.887 n=8750
2017-08-20 20:24:14,908 INFO idw_p3_cn3  0.656 n=8750
2017-08-20 20:24:14,908 INFO idw_p4_all  0.662 n=8750
2017-08-20 20:24:14,908 INFO max_all     2.200 n=8750
2017-08-20 20:24:14,908 INFO median_cn3  0.731 n=8750
2017-08-20 20:24:14,908 INFO mean_cn5    0.784 n=8750
2017-08-20 20:24:14,908 INFO idw_p1_cn5  0.712 n=8750
2017-08-20 20:24:14,908 INFO median_dt   0.777 n=8580
2017-08-20 20:24:14,908 INFO median_cn5  0.753 n=8750
2017-08-20 20:24:14,908 INFO idw_p4_cn5  0.658 n=8750
2017-08-20 20:24:14,909 INFO mean_dt     0.785 n=8580
2017-08-20 20:24:14,909 INFO min_cn3     0.836 n=8750
2017-08-20 20:24:14,909 INFO median_all  0.766 n=8750
2017-08-20 20:24:14,909 INFO idw_p1_cn3  0.674 n=8750
2017-08-20 20:24:14,909 INFO idw_p2_cn3  0.653 n=8750
2017-08-20 20:24:14,909 INFO max_dt      1.315 n=8580
2017-08-20 20:24:14,909 INFO min_all     2.445 n=8750
2017-08-20 20:24:14,909 INFO idw_p3_cn5  0.653 n=8750
2017-08-20 20:24:14,909 INFO mean_cn3    0.735 n=8750
2017-08-20 20:24:14,909 INFO idw_p3_all  0.675 n=8750
2017-08-20 20:24:14,909 INFO nn          0.666 n=8750
2017-08-20 20:24:14,909 INFO idw_p2_cn5  0.662 n=8750
2017-08-20 20:24:14,910 INFO idw_p1_all  0.778 n=8750
2017-08-20 20:24:14,910 INFO end method list
2017-08-20 20:24:15,117 INFO idw_p2_dt   1.16842 n=67212
2017-08-20 20:24:15,117 INFO idw_p4_dt   1.19028 n=67212
2017-08-20 20:24:15,118 INFO mean_all    1.17352 n=87209
2017-08-20 20:24:15,118 INFO idw_p1_dt   1.15616 n=67212
2017-08-20 20:24:15,118 INFO max_cn5     2.03114 n=87209
2017-08-20 20:24:15,118 INFO max_cn3     1.87269 n=87209
2017-08-20 20:24:15,119 INFO idw_p3_cn3  1.17389 n=87209
2017-08-20 20:24:15,119 INFO idw_p4_all  1.14501 n=87209
2017-08-20 20:24:15,119 INFO eddh        1.03936 n=87310
2017-08-20 20:24:15,119 INFO mean_cn5    1.22395 n=87209
2017-08-20 20:24:15,120 INFO mean_dt     1.17025 n=67212
2017-08-20 20:24:15,120 INFO nn          1.24230 n=87209
2017-08-20 20:24:15,120 INFO median_cn5  1.25552 n=87209
2017-08-20 20:24:15,120 INFO idw_p3_cn5  1.15573 n=87209
2017-08-20 20:24:15,121 INFO mean_cn3    1.25444 n=87209
2017-08-20 20:24:15,121 INFO min_dt      1.05514 n=67212
2017-08-20 20:24:15,121 INFO idw_p2_all  1.13145 n=87209
2017-08-20 20:24:15,121 INFO idw_p3_dt   1.18094 n=67212
2017-08-20 20:24:15,122 INFO min_cn5     1.06046 n=87209
2017-08-20 20:24:15,122 INFO max_all     2.69193 n=87209
2017-08-20 20:24:15,122 INFO median_cn3  1.28425 n=87209
2017-08-20 20:24:15,122 INFO idw_p1_cn5  1.17106 n=87209
2017-08-20 20:24:15,123 INFO median_dt   1.17414 n=67212
2017-08-20 20:24:15,123 INFO idw_p4_cn5  1.17014 n=87209
2017-08-20 20:24:15,123 INFO median_all  1.17588 n=87209
2017-08-20 20:24:15,123 INFO idw_p4_cn3  1.18494 n=87209
2017-08-20 20:24:15,123 INFO min_cn3     1.03357 n=87209
2017-08-20 20:24:15,124 INFO idw_p1_cn3  1.18583 n=87209
2017-08-20 20:24:15,124 INFO idw_p2_cn3  1.16783 n=87209
2017-08-20 20:24:15,124 INFO max_dt      1.64275 n=67212
2017-08-20 20:24:15,124 INFO min_all     2.18684 n=87209
2017-08-20 20:24:15,125 INFO idw_p3_all  1.12561 n=87209
2017-08-20 20:24:15,125 INFO idw_p2_cn5  1.14949 n=87209
2017-08-20 20:24:15,125 INFO idw_p1_all  1.14979 n=87209
