2017-08-21 01:00:27,644 INFO ### Start new logging
2017-08-21 01:00:27,645 INFO General Overview
2017-08-21 01:00:27,645 INFO targets: HCM IHM LGM LWM RIM SGM SWM WGM WWM ZOM
2017-08-21 01:00:27,645 INFO neighbours: IHAMBURG1470 IHAMBURG104 IHAMBURG540 IHAMBURG1548 IHAMBURG142 IHAMBURG1791 IHAMBURG1346 IHAMBURG1154 IHAMBURG527 IHAMBURG1118 IHAMBURG1300 IHAMBURG487 IHAMBURG209 IHAMBURG68 IHAMBURG481 IHAMBURG2026 IHAMBURG375 IHAMBURG1136 IHAMBURG1108 IHAMBURG648 IHAMBURG656 IHAMBURG654 IHAMBURG737 IHAMBURG1152 IHAMBURG439 IHAMBURG1342 IHAMBURG168 IHAMBURG361 IHAMBURG610 IHAMBURG1254 IHAMBURG214 IHAMBURG280 IHAMBURG1391 IHAMBURG2025 IHAMBURG465 IHAMBURG1360 IHAMBURG1787 IHAMBURG435 IHAMBURG1540 IHAMBURG123 IHAMBURG693 IHHMEIEN2 IHAMBURG914 IHAMBURG709 IHAMBURG971 IHAMBURG1372 IHAMBURG1797 IHAMBURG380 IHAMBURG1462 IHAMBURG1172 IHAMBURG417 IHAMBURG355 IHAMBURG206 IHAMBURG550 IHAMBURG237 IHAMBURG1110 IHAMBURG1216 IHAMBURG308 IHAMBURG1508 IHAMBURG565 IHAMBURG180 IHAMBURG1076 IHAMBURG60 IHAMBURG664 IHAMBURG741 IHAMBURG172 IHAMBURG80 IHAMBURG646 IHAMBURG1411 IHAMBURG365 IHAMBURG640 IHAMBURG2024 IHAMBURG1036 IHHRISSE2 IHAMBURG514 IHAMBURG204 IHAMBURG1306 IHAMBURG1102 IHAMBURG218 IHAMBURG1212 IHAMBURG1421 IOSTSTEI3 IHAMBURG1458 IHAMBURG1144 IHAMBURG731 IHAMBURG1200 IHAMBURG1314 IHAMBURG803 IHAMBURG84 IHAMBURG162 IHAMBURG353 IHAMBURG199 IHAMBURG1064 IHAMBURG403 IHAMBURG998 IHAMBURG285 IHAMBURG789 IHAMBURG1186 IHAMBURG1068 IHAMBURG1494 IHAMBURG154 IHAMBURG844 IHAMBURG69 IHAMBURG49 IHAMBURG1194 IHAMBURG1002 IHAMBURG499 IHAMBURG778 IHAMBURG329 IHAMBURG1284 IHAMBURG333 IHAMBURG131 IHAMBURG195 IWINSENL6 IHHBERGS2 IHAMBURG158 IHAMBURG405 IHAMBURG1192 IHAMBURG1830 IHAMBURG1783 INORDERS21 IHAMBURG1044 IHAMBURG1504 IHAMBURG1302 IHAMBURG400 IHAMBURG1266 IHAMBURG1098 IHAMBURG98 IHAMBURG1236 IHAMBURG1538 IHAMBURG258 IHAMBURG1832 IHAMBURG338 IHAMBURG600 IHAMBURG256 IHAMBURG1128 IHAMBURG200 IHAMBURG376 IHAMBURG938 IHAMBURG1368 IHAMBURG604
2017-08-21 01:00:27,645 INFO End overview
2017-08-21 01:00:27,645 INFO Several Runs
2017-08-21 01:00:27,645 INFO end targets
2017-08-21 01:00:27,645 INFO overall results
2017-08-21 01:00:27,645 INFO interpolate for HCM
2017-08-21 01:00:27,645 INFO currently at 1 out of 10
2017-08-21 01:00:27,646 INFO use IHAMBURG1470 IHAMBURG104 IHAMBURG540 IHAMBURG1548 IHAMBURG142 IHAMBURG1791 IHAMBURG1346 IHAMBURG1154 IHAMBURG527 IHAMBURG1118 IHAMBURG1300 IHAMBURG487 IHAMBURG209 IHAMBURG68 IHAMBURG481 IHAMBURG2026 IHAMBURG375 IHAMBURG1136 IHAMBURG1108 IHAMBURG648 IHAMBURG656 IHAMBURG654 IHAMBURG737 IHAMBURG1152 IHAMBURG439 IHAMBURG1342 IHAMBURG168 IHAMBURG361 IHAMBURG610 IHAMBURG1254 IHAMBURG214 IHAMBURG280 IHAMBURG1391 IHAMBURG2025 IHAMBURG465 IHAMBURG1360 IHAMBURG1787 IHAMBURG435 IHAMBURG1540 IHAMBURG123 IHAMBURG693 IHHMEIEN2 IHAMBURG914 IHAMBURG709 IHAMBURG971 IHAMBURG1372 IHAMBURG1797 IHAMBURG380 IHAMBURG1462 IHAMBURG1172 IHAMBURG417 IHAMBURG355 IHAMBURG206 IHAMBURG550 IHAMBURG237 IHAMBURG1110 IHAMBURG1216 IHAMBURG308 IHAMBURG1508 IHAMBURG565 IHAMBURG180 IHAMBURG1076 IHAMBURG60 IHAMBURG664 IHAMBURG741 IHAMBURG172 IHAMBURG80 IHAMBURG646 IHAMBURG1411 IHAMBURG365 IHAMBURG640 IHAMBURG2024 IHAMBURG1036 IHHRISSE2 IHAMBURG514 IHAMBURG204 IHAMBURG1306 IHAMBURG1102 IHAMBURG218 IHAMBURG1212 IHAMBURG1421 IOSTSTEI3 IHAMBURG1458 IHAMBURG1144 IHAMBURG731 IHAMBURG1200 IHAMBURG1314 IHAMBURG803 IHAMBURG84 IHAMBURG162 IHAMBURG353 IHAMBURG199 IHAMBURG1064 IHAMBURG403 IHAMBURG998 IHAMBURG285 IHAMBURG789 IHAMBURG1186 IHAMBURG1068 IHAMBURG1494 IHAMBURG154 IHAMBURG844 IHAMBURG69 IHAMBURG49 IHAMBURG1194 IHAMBURG1002 IHAMBURG499 IHAMBURG778 IHAMBURG329 IHAMBURG1284 IHAMBURG333 IHAMBURG131 IHAMBURG195 IWINSENL6 IHHBERGS2 IHAMBURG158 IHAMBURG405 IHAMBURG1192 IHAMBURG1830 IHAMBURG1783 INORDERS21 IHAMBURG1044 IHAMBURG1504 IHAMBURG1302 IHAMBURG400 IHAMBURG1266 IHAMBURG1098 IHAMBURG98 IHAMBURG1236 IHAMBURG1538 IHAMBURG258 IHAMBURG1832 IHAMBURG338 IHAMBURG600 IHAMBURG256 IHAMBURG1128 IHAMBURG200 IHAMBURG376 IHAMBURG938 IHAMBURG1368 IHAMBURG604
2017-08-21 01:09:41,502 INFO median_dt   0.857 n=8662
2017-08-21 01:09:41,503 INFO min_cn3     0.838 n=8760
2017-08-21 01:09:41,503 INFO idw_p3_cn3  0.877 n=8760
2017-08-21 01:09:41,503 INFO idw_p1_dt   0.841 n=8662
2017-08-21 01:09:41,503 INFO eddh        1.385 n=8770
2017-08-21 01:09:41,503 INFO idw_p2_cn5  0.867 n=8760
2017-08-21 01:09:41,503 INFO max_cn3     1.211 n=8760
2017-08-21 01:09:41,503 INFO idw_p4_cn3  0.880 n=8760
2017-08-21 01:09:41,503 INFO idw_p4_cn5  0.876 n=8760
2017-08-21 01:09:41,503 INFO min_cn5     1.004 n=8760
2017-08-21 01:09:41,504 INFO idw_p3_dt   0.877 n=8662
2017-08-21 01:09:41,504 INFO idw_p4_all  0.867 n=8760
2017-08-21 01:09:41,504 INFO median_all  0.640 n=8760
2017-08-21 01:09:41,504 INFO mean_cn3    0.870 n=8760
2017-08-21 01:09:41,504 INFO idw_p2_all  0.829 n=8760
2017-08-21 01:09:41,504 INFO idw_p2_cn3  0.874 n=8760
2017-08-21 01:09:41,504 INFO idw_p3_cn5  0.872 n=8760
2017-08-21 01:09:41,504 INFO median_cn5  0.827 n=8760
2017-08-21 01:09:41,504 INFO idw_p3_all  0.861 n=8760
2017-08-21 01:09:41,504 INFO max_cn5     1.291 n=8760
2017-08-21 01:09:41,504 INFO idw_p1_cn5  0.834 n=8760
2017-08-21 01:09:41,504 INFO nn          0.897 n=8760
2017-08-21 01:09:41,505 INFO mean_cn5    0.767 n=8760
2017-08-21 01:09:41,505 INFO min_dt      0.970 n=8662
2017-08-21 01:09:41,505 INFO min_all     3.652 n=8760
2017-08-21 01:09:41,505 INFO mean_dt     0.762 n=8662
2017-08-21 01:09:41,505 INFO idw_p4_dt   0.881 n=8662
2017-08-21 01:09:41,505 INFO idw_p1_all  0.512 n=8760
2017-08-21 01:09:41,505 INFO median_cn3  0.898 n=8760
2017-08-21 01:09:41,505 INFO mean_all    0.620 n=8760
2017-08-21 01:09:41,505 INFO max_dt      1.175 n=8662
2017-08-21 01:09:41,505 INFO idw_p1_cn3  0.864 n=8760
2017-08-21 01:09:41,506 INFO idw_p2_dt   0.870 n=8662
2017-08-21 01:09:41,506 INFO max_all     1.733 n=8760
2017-08-21 01:09:41,506 INFO end method list
2017-08-21 01:09:41,685 INFO interpolate for IHM
2017-08-21 01:09:41,686 INFO currently at 2 out of 10
2017-08-21 01:09:41,686 INFO use IHAMBURG1470 IHAMBURG104 IHAMBURG540 IHAMBURG1548 IHAMBURG142 IHAMBURG1791 IHAMBURG1346 IHAMBURG1154 IHAMBURG527 IHAMBURG1118 IHAMBURG1300 IHAMBURG487 IHAMBURG209 IHAMBURG68 IHAMBURG481 IHAMBURG2026 IHAMBURG375 IHAMBURG1136 IHAMBURG1108 IHAMBURG648 IHAMBURG656 IHAMBURG654 IHAMBURG737 IHAMBURG1152 IHAMBURG439 IHAMBURG1342 IHAMBURG168 IHAMBURG361 IHAMBURG610 IHAMBURG1254 IHAMBURG214 IHAMBURG280 IHAMBURG1391 IHAMBURG2025 IHAMBURG465 IHAMBURG1360 IHAMBURG1787 IHAMBURG435 IHAMBURG1540 IHAMBURG123 IHAMBURG693 IHHMEIEN2 IHAMBURG914 IHAMBURG709 IHAMBURG971 IHAMBURG1372 IHAMBURG1797 IHAMBURG380 IHAMBURG1462 IHAMBURG1172 IHAMBURG417 IHAMBURG355 IHAMBURG206 IHAMBURG550 IHAMBURG237 IHAMBURG1110 IHAMBURG1216 IHAMBURG308 IHAMBURG1508 IHAMBURG565 IHAMBURG180 IHAMBURG1076 IHAMBURG60 IHAMBURG664 IHAMBURG741 IHAMBURG172 IHAMBURG80 IHAMBURG646 IHAMBURG1411 IHAMBURG365 IHAMBURG640 IHAMBURG2024 IHAMBURG1036 IHHRISSE2 IHAMBURG514 IHAMBURG204 IHAMBURG1306 IHAMBURG1102 IHAMBURG218 IHAMBURG1212 IHAMBURG1421 IOSTSTEI3 IHAMBURG1458 IHAMBURG1144 IHAMBURG731 IHAMBURG1200 IHAMBURG1314 IHAMBURG803 IHAMBURG84 IHAMBURG162 IHAMBURG353 IHAMBURG199 IHAMBURG1064 IHAMBURG403 IHAMBURG998 IHAMBURG285 IHAMBURG789 IHAMBURG1186 IHAMBURG1068 IHAMBURG1494 IHAMBURG154 IHAMBURG844 IHAMBURG69 IHAMBURG49 IHAMBURG1194 IHAMBURG1002 IHAMBURG499 IHAMBURG778 IHAMBURG329 IHAMBURG1284 IHAMBURG333 IHAMBURG131 IHAMBURG195 IWINSENL6 IHHBERGS2 IHAMBURG158 IHAMBURG405 IHAMBURG1192 IHAMBURG1830 IHAMBURG1783 INORDERS21 IHAMBURG1044 IHAMBURG1504 IHAMBURG1302 IHAMBURG400 IHAMBURG1266 IHAMBURG1098 IHAMBURG98 IHAMBURG1236 IHAMBURG1538 IHAMBURG258 IHAMBURG1832 IHAMBURG338 IHAMBURG600 IHAMBURG256 IHAMBURG1128 IHAMBURG200 IHAMBURG376 IHAMBURG938 IHAMBURG1368 IHAMBURG604
2017-08-21 01:18:56,614 INFO median_dt   0.686 n=8668
2017-08-21 01:18:56,615 INFO min_cn3     0.793 n=8770
2017-08-21 01:18:56,615 INFO idw_p3_cn3  0.844 n=8770
2017-08-21 01:18:56,615 INFO idw_p1_dt   0.692 n=8668
2017-08-21 01:18:56,615 INFO eddh        1.486 n=8772
2017-08-21 01:18:56,615 INFO idw_p2_cn5  0.721 n=8770
2017-08-21 01:18:56,616 INFO max_cn3     1.052 n=8770
2017-08-21 01:18:56,616 INFO idw_p4_cn3  0.878 n=8770
2017-08-21 01:18:56,616 INFO idw_p4_cn5  0.849 n=8770
2017-08-21 01:18:56,616 INFO min_cn5     1.200 n=8770
2017-08-21 01:18:56,616 INFO idw_p3_dt   0.815 n=8668
2017-08-21 01:18:56,616 INFO idw_p4_all  0.785 n=8770
2017-08-21 01:18:56,616 INFO median_all  0.727 n=8770
2017-08-21 01:18:56,616 INFO mean_cn3    0.728 n=8770
2017-08-21 01:18:56,616 INFO idw_p2_all  0.500 n=8770
2017-08-21 01:18:56,616 INFO idw_p2_cn3  0.802 n=8770
2017-08-21 01:18:56,616 INFO idw_p3_cn5  0.793 n=8770
2017-08-21 01:18:56,616 INFO median_cn5  0.665 n=8770
2017-08-21 01:18:56,616 INFO idw_p3_all  0.642 n=8770
2017-08-21 01:18:56,617 INFO max_cn5     1.118 n=8770
2017-08-21 01:18:56,617 INFO idw_p1_cn5  0.649 n=8770
2017-08-21 01:18:56,617 INFO nn          0.969 n=8770
2017-08-21 01:18:56,617 INFO mean_cn5    0.604 n=8770
2017-08-21 01:18:56,617 INFO min_dt      1.014 n=8668
2017-08-21 01:18:56,617 INFO min_all     3.804 n=8770
2017-08-21 01:18:56,617 INFO mean_dt     0.659 n=8668
2017-08-21 01:18:56,617 INFO idw_p4_dt   0.864 n=8668
2017-08-21 01:18:56,617 INFO idw_p1_all  0.589 n=8770
2017-08-21 01:18:56,617 INFO median_cn3  0.754 n=8770
2017-08-21 01:18:56,617 INFO mean_all    0.712 n=8770
2017-08-21 01:18:56,618 INFO max_dt      1.006 n=8668
2017-08-21 01:18:56,618 INFO idw_p1_cn3  0.760 n=8770
2017-08-21 01:18:56,618 INFO idw_p2_dt   0.753 n=8668
2017-08-21 01:18:56,618 INFO max_all     1.584 n=8770
2017-08-21 01:18:56,618 INFO end method list
2017-08-21 01:18:56,781 INFO interpolate for LGM
2017-08-21 01:18:56,782 INFO currently at 3 out of 10
2017-08-21 01:18:56,782 INFO use IHAMBURG1470 IHAMBURG104 IHAMBURG540 IHAMBURG1548 IHAMBURG142 IHAMBURG1791 IHAMBURG1346 IHAMBURG1154 IHAMBURG527 IHAMBURG1118 IHAMBURG1300 IHAMBURG487 IHAMBURG209 IHAMBURG68 IHAMBURG481 IHAMBURG2026 IHAMBURG375 IHAMBURG1136 IHAMBURG1108 IHAMBURG648 IHAMBURG656 IHAMBURG654 IHAMBURG737 IHAMBURG1152 IHAMBURG439 IHAMBURG1342 IHAMBURG168 IHAMBURG361 IHAMBURG610 IHAMBURG1254 IHAMBURG214 IHAMBURG280 IHAMBURG1391 IHAMBURG2025 IHAMBURG465 IHAMBURG1360 IHAMBURG1787 IHAMBURG435 IHAMBURG1540 IHAMBURG123 IHAMBURG693 IHHMEIEN2 IHAMBURG914 IHAMBURG709 IHAMBURG971 IHAMBURG1372 IHAMBURG1797 IHAMBURG380 IHAMBURG1462 IHAMBURG1172 IHAMBURG417 IHAMBURG355 IHAMBURG206 IHAMBURG550 IHAMBURG237 IHAMBURG1110 IHAMBURG1216 IHAMBURG308 IHAMBURG1508 IHAMBURG565 IHAMBURG180 IHAMBURG1076 IHAMBURG60 IHAMBURG664 IHAMBURG741 IHAMBURG172 IHAMBURG80 IHAMBURG646 IHAMBURG1411 IHAMBURG365 IHAMBURG640 IHAMBURG2024 IHAMBURG1036 IHHRISSE2 IHAMBURG514 IHAMBURG204 IHAMBURG1306 IHAMBURG1102 IHAMBURG218 IHAMBURG1212 IHAMBURG1421 IOSTSTEI3 IHAMBURG1458 IHAMBURG1144 IHAMBURG731 IHAMBURG1200 IHAMBURG1314 IHAMBURG803 IHAMBURG84 IHAMBURG162 IHAMBURG353 IHAMBURG199 IHAMBURG1064 IHAMBURG403 IHAMBURG998 IHAMBURG285 IHAMBURG789 IHAMBURG1186 IHAMBURG1068 IHAMBURG1494 IHAMBURG154 IHAMBURG844 IHAMBURG69 IHAMBURG49 IHAMBURG1194 IHAMBURG1002 IHAMBURG499 IHAMBURG778 IHAMBURG329 IHAMBURG1284 IHAMBURG333 IHAMBURG131 IHAMBURG195 IWINSENL6 IHHBERGS2 IHAMBURG158 IHAMBURG405 IHAMBURG1192 IHAMBURG1830 IHAMBURG1783 INORDERS21 IHAMBURG1044 IHAMBURG1504 IHAMBURG1302 IHAMBURG400 IHAMBURG1266 IHAMBURG1098 IHAMBURG98 IHAMBURG1236 IHAMBURG1538 IHAMBURG258 IHAMBURG1832 IHAMBURG338 IHAMBURG600 IHAMBURG256 IHAMBURG1128 IHAMBURG200 IHAMBURG376 IHAMBURG938 IHAMBURG1368 IHAMBURG604
2017-08-21 01:27:45,620 INFO median_dt   1.159 n=7466
2017-08-21 01:27:45,621 INFO min_cn3     1.114 n=8750
2017-08-21 01:27:45,621 INFO idw_p4_dt   1.878 n=7466
2017-08-21 01:27:45,621 INFO idw_p3_cn3  1.704 n=8750
2017-08-21 01:27:45,621 INFO idw_p1_dt   1.549 n=7466
2017-08-21 01:27:45,621 INFO eddh        0.827 n=8756
2017-08-21 01:27:45,621 INFO idw_p2_cn5  1.597 n=8750
2017-08-21 01:27:45,621 INFO max_cn3     2.114 n=8750
2017-08-21 01:27:45,621 INFO idw_p4_cn3  1.767 n=8750
2017-08-21 01:27:45,622 INFO min_cn5     1.058 n=8750
2017-08-21 01:27:45,622 INFO idw_p3_dt   1.847 n=7466
2017-08-21 01:27:45,622 INFO idw_p4_all  1.693 n=8750
2017-08-21 01:27:45,622 INFO median_all  1.520 n=8750
2017-08-21 01:27:45,622 INFO mean_cn3    1.440 n=8750
2017-08-21 01:27:45,622 INFO idw_p2_all  1.470 n=8750
2017-08-21 01:27:45,622 INFO idw_p2_cn3  1.619 n=8750
2017-08-21 01:27:45,622 INFO min_all     2.762 n=8750
2017-08-21 01:27:45,622 INFO median_cn5  1.459 n=8750
2017-08-21 01:27:45,622 INFO idw_p3_all  1.562 n=8750
2017-08-21 01:27:45,622 INFO max_cn5     2.484 n=8750
2017-08-21 01:27:45,622 INFO idw_p2_dt   1.759 n=7466
2017-08-21 01:27:45,623 INFO mean_cn5    1.498 n=8750
2017-08-21 01:27:45,623 INFO min_dt      0.987 n=7466
2017-08-21 01:27:45,623 INFO idw_p3_cn5  1.683 n=8750
2017-08-21 01:27:45,623 INFO idw_p1_cn5  1.527 n=8750
2017-08-21 01:27:45,623 INFO mean_dt     1.274 n=7466
2017-08-21 01:27:45,623 INFO idw_p1_cn3  1.524 n=8750
2017-08-21 01:27:45,623 INFO idw_p1_all  1.473 n=8750
2017-08-21 01:27:45,623 INFO median_cn3  1.405 n=8750
2017-08-21 01:27:45,623 INFO mean_all    1.522 n=8750
2017-08-21 01:27:45,623 INFO max_dt      2.005 n=7466
2017-08-21 01:27:45,623 INFO nn          1.922 n=8750
2017-08-21 01:27:45,623 INFO idw_p4_cn5  1.755 n=8750
2017-08-21 01:27:45,624 INFO max_all     3.243 n=8750
2017-08-21 01:27:45,624 INFO end method list
2017-08-21 01:27:45,788 INFO interpolate for LWM
2017-08-21 01:27:45,788 INFO currently at 4 out of 10
2017-08-21 01:27:45,788 INFO use IHAMBURG1470 IHAMBURG104 IHAMBURG540 IHAMBURG1548 IHAMBURG142 IHAMBURG1791 IHAMBURG1346 IHAMBURG1154 IHAMBURG527 IHAMBURG1118 IHAMBURG1300 IHAMBURG487 IHAMBURG209 IHAMBURG68 IHAMBURG481 IHAMBURG2026 IHAMBURG375 IHAMBURG1136 IHAMBURG1108 IHAMBURG648 IHAMBURG656 IHAMBURG654 IHAMBURG737 IHAMBURG1152 IHAMBURG439 IHAMBURG1342 IHAMBURG168 IHAMBURG361 IHAMBURG610 IHAMBURG1254 IHAMBURG214 IHAMBURG280 IHAMBURG1391 IHAMBURG2025 IHAMBURG465 IHAMBURG1360 IHAMBURG1787 IHAMBURG435 IHAMBURG1540 IHAMBURG123 IHAMBURG693 IHHMEIEN2 IHAMBURG914 IHAMBURG709 IHAMBURG971 IHAMBURG1372 IHAMBURG1797 IHAMBURG380 IHAMBURG1462 IHAMBURG1172 IHAMBURG417 IHAMBURG355 IHAMBURG206 IHAMBURG550 IHAMBURG237 IHAMBURG1110 IHAMBURG1216 IHAMBURG308 IHAMBURG1508 IHAMBURG565 IHAMBURG180 IHAMBURG1076 IHAMBURG60 IHAMBURG664 IHAMBURG741 IHAMBURG172 IHAMBURG80 IHAMBURG646 IHAMBURG1411 IHAMBURG365 IHAMBURG640 IHAMBURG2024 IHAMBURG1036 IHHRISSE2 IHAMBURG514 IHAMBURG204 IHAMBURG1306 IHAMBURG1102 IHAMBURG218 IHAMBURG1212 IHAMBURG1421 IOSTSTEI3 IHAMBURG1458 IHAMBURG1144 IHAMBURG731 IHAMBURG1200 IHAMBURG1314 IHAMBURG803 IHAMBURG84 IHAMBURG162 IHAMBURG353 IHAMBURG199 IHAMBURG1064 IHAMBURG403 IHAMBURG998 IHAMBURG285 IHAMBURG789 IHAMBURG1186 IHAMBURG1068 IHAMBURG1494 IHAMBURG154 IHAMBURG844 IHAMBURG69 IHAMBURG49 IHAMBURG1194 IHAMBURG1002 IHAMBURG499 IHAMBURG778 IHAMBURG329 IHAMBURG1284 IHAMBURG333 IHAMBURG131 IHAMBURG195 IWINSENL6 IHHBERGS2 IHAMBURG158 IHAMBURG405 IHAMBURG1192 IHAMBURG1830 IHAMBURG1783 INORDERS21 IHAMBURG1044 IHAMBURG1504 IHAMBURG1302 IHAMBURG400 IHAMBURG1266 IHAMBURG1098 IHAMBURG98 IHAMBURG1236 IHAMBURG1538 IHAMBURG258 IHAMBURG1832 IHAMBURG338 IHAMBURG600 IHAMBURG256 IHAMBURG1128 IHAMBURG200 IHAMBURG376 IHAMBURG938 IHAMBURG1368 IHAMBURG604
2017-08-21 01:37:04,580 INFO min_cn3     1.178 n=8502
2017-08-21 01:37:04,581 INFO idw_p3_cn3  1.809 n=8502
2017-08-21 01:37:04,581 INFO eddh        0.970 n=8509
2017-08-21 01:37:04,581 INFO idw_p2_cn5  1.674 n=8502
2017-08-21 01:37:04,581 INFO max_cn3     2.234 n=8502
2017-08-21 01:37:04,581 INFO idw_p4_cn3  1.875 n=8502
2017-08-21 01:37:04,581 INFO min_cn5     1.102 n=8502
2017-08-21 01:37:04,581 INFO idw_p4_all  1.755 n=8502
2017-08-21 01:37:04,582 INFO median_all  1.640 n=8502
2017-08-21 01:37:04,582 INFO mean_cn3    1.547 n=8502
2017-08-21 01:37:04,582 INFO idw_p2_all  1.589 n=8502
2017-08-21 01:37:04,582 INFO idw_p2_cn3  1.724 n=8502
2017-08-21 01:37:04,582 INFO min_all     2.572 n=8502
2017-08-21 01:37:04,582 INFO median_cn5  1.520 n=8502
2017-08-21 01:37:04,582 INFO idw_p3_all  1.643 n=8502
2017-08-21 01:37:04,582 INFO max_cn5     2.527 n=8502
2017-08-21 01:37:04,582 INFO mean_cn5    1.549 n=8502
2017-08-21 01:37:04,582 INFO idw_p3_cn5  1.764 n=8502
2017-08-21 01:37:04,582 INFO idw_p1_cn5  1.598 n=8502
2017-08-21 01:37:04,582 INFO idw_p1_cn3  1.630 n=8502
2017-08-21 01:37:04,583 INFO idw_p1_all  1.600 n=8502
2017-08-21 01:37:04,583 INFO median_cn3  1.510 n=8502
2017-08-21 01:37:04,583 INFO mean_all    1.641 n=8502
2017-08-21 01:37:04,583 INFO nn          2.045 n=8502
2017-08-21 01:37:04,583 INFO idw_p4_cn5  1.844 n=8502
2017-08-21 01:37:04,583 INFO max_all     3.396 n=8502
2017-08-21 01:37:04,583 INFO end method list
2017-08-21 01:37:04,732 INFO interpolate for RIM
2017-08-21 01:37:04,732 INFO currently at 5 out of 10
2017-08-21 01:37:04,732 INFO use IHAMBURG1470 IHAMBURG104 IHAMBURG540 IHAMBURG1548 IHAMBURG142 IHAMBURG1791 IHAMBURG1346 IHAMBURG1154 IHAMBURG527 IHAMBURG1118 IHAMBURG1300 IHAMBURG487 IHAMBURG209 IHAMBURG68 IHAMBURG481 IHAMBURG2026 IHAMBURG375 IHAMBURG1136 IHAMBURG1108 IHAMBURG648 IHAMBURG656 IHAMBURG654 IHAMBURG737 IHAMBURG1152 IHAMBURG439 IHAMBURG1342 IHAMBURG168 IHAMBURG361 IHAMBURG610 IHAMBURG1254 IHAMBURG214 IHAMBURG280 IHAMBURG1391 IHAMBURG2025 IHAMBURG465 IHAMBURG1360 IHAMBURG1787 IHAMBURG435 IHAMBURG1540 IHAMBURG123 IHAMBURG693 IHHMEIEN2 IHAMBURG914 IHAMBURG709 IHAMBURG971 IHAMBURG1372 IHAMBURG1797 IHAMBURG380 IHAMBURG1462 IHAMBURG1172 IHAMBURG417 IHAMBURG355 IHAMBURG206 IHAMBURG550 IHAMBURG237 IHAMBURG1110 IHAMBURG1216 IHAMBURG308 IHAMBURG1508 IHAMBURG565 IHAMBURG180 IHAMBURG1076 IHAMBURG60 IHAMBURG664 IHAMBURG741 IHAMBURG172 IHAMBURG80 IHAMBURG646 IHAMBURG1411 IHAMBURG365 IHAMBURG640 IHAMBURG2024 IHAMBURG1036 IHHRISSE2 IHAMBURG514 IHAMBURG204 IHAMBURG1306 IHAMBURG1102 IHAMBURG218 IHAMBURG1212 IHAMBURG1421 IOSTSTEI3 IHAMBURG1458 IHAMBURG1144 IHAMBURG731 IHAMBURG1200 IHAMBURG1314 IHAMBURG803 IHAMBURG84 IHAMBURG162 IHAMBURG353 IHAMBURG199 IHAMBURG1064 IHAMBURG403 IHAMBURG998 IHAMBURG285 IHAMBURG789 IHAMBURG1186 IHAMBURG1068 IHAMBURG1494 IHAMBURG154 IHAMBURG844 IHAMBURG69 IHAMBURG49 IHAMBURG1194 IHAMBURG1002 IHAMBURG499 IHAMBURG778 IHAMBURG329 IHAMBURG1284 IHAMBURG333 IHAMBURG131 IHAMBURG195 IWINSENL6 IHHBERGS2 IHAMBURG158 IHAMBURG405 IHAMBURG1192 IHAMBURG1830 IHAMBURG1783 INORDERS21 IHAMBURG1044 IHAMBURG1504 IHAMBURG1302 IHAMBURG400 IHAMBURG1266 IHAMBURG1098 IHAMBURG98 IHAMBURG1236 IHAMBURG1538 IHAMBURG258 IHAMBURG1832 IHAMBURG338 IHAMBURG600 IHAMBURG256 IHAMBURG1128 IHAMBURG200 IHAMBURG376 IHAMBURG938 IHAMBURG1368 IHAMBURG604
2017-08-21 01:46:02,975 INFO min_cn3     1.219 n=8740
2017-08-21 01:46:02,976 INFO idw_p3_cn3  1.444 n=8740
2017-08-21 01:46:02,976 INFO eddh        0.975 n=8753
2017-08-21 01:46:02,976 INFO idw_p2_cn5  1.486 n=8740
2017-08-21 01:46:02,976 INFO max_cn3     2.245 n=8740
2017-08-21 01:46:02,977 INFO idw_p4_cn3  1.425 n=8740
2017-08-21 01:46:02,977 INFO min_cn5     1.286 n=8740
2017-08-21 01:46:02,977 INFO idw_p4_all  1.417 n=8740
2017-08-21 01:46:02,977 INFO median_all  1.420 n=8740
2017-08-21 01:46:02,977 INFO mean_cn3    1.498 n=8740
2017-08-21 01:46:02,977 INFO idw_p2_all  1.435 n=8740
2017-08-21 01:46:02,977 INFO idw_p2_cn3  1.463 n=8740
2017-08-21 01:46:02,977 INFO min_all     2.884 n=8740
2017-08-21 01:46:02,977 INFO median_cn5  1.419 n=8740
2017-08-21 01:46:02,977 INFO idw_p3_all  1.430 n=8740
2017-08-21 01:46:02,977 INFO max_cn5     2.462 n=8740
2017-08-21 01:46:02,978 INFO mean_cn5    1.518 n=8740
2017-08-21 01:46:02,978 INFO idw_p3_cn5  1.464 n=8740
2017-08-21 01:46:02,978 INFO idw_p1_cn5  1.504 n=8740
2017-08-21 01:46:02,978 INFO idw_p1_cn3  1.481 n=8740
2017-08-21 01:46:02,978 INFO idw_p1_all  1.431 n=8740
2017-08-21 01:46:02,978 INFO median_cn3  1.349 n=8740
2017-08-21 01:46:02,978 INFO mean_all    1.423 n=8740
2017-08-21 01:46:02,978 INFO nn          1.357 n=8740
2017-08-21 01:46:02,978 INFO idw_p4_cn5  1.442 n=8740
2017-08-21 01:46:02,978 INFO max_all     3.061 n=8740
2017-08-21 01:46:02,978 INFO end method list
2017-08-21 01:46:03,140 INFO interpolate for SGM
2017-08-21 01:46:03,140 INFO currently at 6 out of 10
2017-08-21 01:46:03,141 INFO use IHAMBURG1470 IHAMBURG104 IHAMBURG540 IHAMBURG1548 IHAMBURG142 IHAMBURG1791 IHAMBURG1346 IHAMBURG1154 IHAMBURG527 IHAMBURG1118 IHAMBURG1300 IHAMBURG487 IHAMBURG209 IHAMBURG68 IHAMBURG481 IHAMBURG2026 IHAMBURG375 IHAMBURG1136 IHAMBURG1108 IHAMBURG648 IHAMBURG656 IHAMBURG654 IHAMBURG737 IHAMBURG1152 IHAMBURG439 IHAMBURG1342 IHAMBURG168 IHAMBURG361 IHAMBURG610 IHAMBURG1254 IHAMBURG214 IHAMBURG280 IHAMBURG1391 IHAMBURG2025 IHAMBURG465 IHAMBURG1360 IHAMBURG1787 IHAMBURG435 IHAMBURG1540 IHAMBURG123 IHAMBURG693 IHHMEIEN2 IHAMBURG914 IHAMBURG709 IHAMBURG971 IHAMBURG1372 IHAMBURG1797 IHAMBURG380 IHAMBURG1462 IHAMBURG1172 IHAMBURG417 IHAMBURG355 IHAMBURG206 IHAMBURG550 IHAMBURG237 IHAMBURG1110 IHAMBURG1216 IHAMBURG308 IHAMBURG1508 IHAMBURG565 IHAMBURG180 IHAMBURG1076 IHAMBURG60 IHAMBURG664 IHAMBURG741 IHAMBURG172 IHAMBURG80 IHAMBURG646 IHAMBURG1411 IHAMBURG365 IHAMBURG640 IHAMBURG2024 IHAMBURG1036 IHHRISSE2 IHAMBURG514 IHAMBURG204 IHAMBURG1306 IHAMBURG1102 IHAMBURG218 IHAMBURG1212 IHAMBURG1421 IOSTSTEI3 IHAMBURG1458 IHAMBURG1144 IHAMBURG731 IHAMBURG1200 IHAMBURG1314 IHAMBURG803 IHAMBURG84 IHAMBURG162 IHAMBURG353 IHAMBURG199 IHAMBURG1064 IHAMBURG403 IHAMBURG998 IHAMBURG285 IHAMBURG789 IHAMBURG1186 IHAMBURG1068 IHAMBURG1494 IHAMBURG154 IHAMBURG844 IHAMBURG69 IHAMBURG49 IHAMBURG1194 IHAMBURG1002 IHAMBURG499 IHAMBURG778 IHAMBURG329 IHAMBURG1284 IHAMBURG333 IHAMBURG131 IHAMBURG195 IWINSENL6 IHHBERGS2 IHAMBURG158 IHAMBURG405 IHAMBURG1192 IHAMBURG1830 IHAMBURG1783 INORDERS21 IHAMBURG1044 IHAMBURG1504 IHAMBURG1302 IHAMBURG400 IHAMBURG1266 IHAMBURG1098 IHAMBURG98 IHAMBURG1236 IHAMBURG1538 IHAMBURG258 IHAMBURG1832 IHAMBURG338 IHAMBURG600 IHAMBURG256 IHAMBURG1128 IHAMBURG200 IHAMBURG376 IHAMBURG938 IHAMBURG1368 IHAMBURG604
2017-08-21 01:55:00,794 INFO median_dt   1.685 n=8623
2017-08-21 01:55:00,795 INFO min_cn3     1.213 n=8765
2017-08-21 01:55:00,795 INFO idw_p3_cn3  1.632 n=8765
2017-08-21 01:55:00,796 INFO idw_p1_dt   1.530 n=8623
2017-08-21 01:55:00,796 INFO eddh        0.743 n=8775
2017-08-21 01:55:00,796 INFO idw_p2_cn5  1.635 n=8765
2017-08-21 01:55:00,796 INFO max_cn3     2.098 n=8765
2017-08-21 01:55:00,796 INFO idw_p4_cn3  1.683 n=8765
2017-08-21 01:55:00,796 INFO idw_p4_cn5  1.694 n=8765
2017-08-21 01:55:00,796 INFO min_cn5     1.205 n=8765
2017-08-21 01:55:00,796 INFO idw_p3_dt   1.639 n=8623
2017-08-21 01:55:00,796 INFO idw_p4_all  1.593 n=8765
2017-08-21 01:55:00,796 INFO median_all  1.364 n=8765
2017-08-21 01:55:00,796 INFO mean_cn3    1.482 n=8765
2017-08-21 01:55:00,796 INFO idw_p2_all  1.431 n=8765
2017-08-21 01:55:00,797 INFO idw_p2_cn3  1.576 n=8765
2017-08-21 01:55:00,797 INFO idw_p3_cn5  1.660 n=8765
2017-08-21 01:55:00,797 INFO median_cn5  1.758 n=8765
2017-08-21 01:55:00,797 INFO idw_p3_all  1.503 n=8765
2017-08-21 01:55:00,797 INFO max_cn5     2.415 n=8765
2017-08-21 01:55:00,797 INFO idw_p1_cn5  1.626 n=8765
2017-08-21 01:55:00,797 INFO nn          1.829 n=8765
2017-08-21 01:55:00,797 INFO mean_cn5    1.636 n=8765
2017-08-21 01:55:00,797 INFO min_dt      1.214 n=8623
2017-08-21 01:55:00,797 INFO min_all     2.859 n=8765
2017-08-21 01:55:00,797 INFO mean_dt     1.488 n=8623
2017-08-21 01:55:00,798 INFO idw_p4_dt   1.691 n=8623
2017-08-21 01:55:00,798 INFO idw_p1_all  1.390 n=8765
2017-08-21 01:55:00,798 INFO median_cn3  1.680 n=8765
2017-08-21 01:55:00,798 INFO mean_all    1.366 n=8765
2017-08-21 01:55:00,798 INFO max_dt      2.105 n=8623
2017-08-21 01:55:00,798 INFO idw_p1_cn3  1.524 n=8765
2017-08-21 01:55:00,798 INFO idw_p2_dt   1.583 n=8623
2017-08-21 01:55:00,798 INFO max_all     3.065 n=8765
2017-08-21 01:55:00,798 INFO end method list
2017-08-21 01:55:00,971 INFO interpolate for SWM
2017-08-21 01:55:00,971 INFO currently at 7 out of 10
2017-08-21 01:55:00,971 INFO use IHAMBURG1470 IHAMBURG104 IHAMBURG540 IHAMBURG1548 IHAMBURG142 IHAMBURG1791 IHAMBURG1346 IHAMBURG1154 IHAMBURG527 IHAMBURG1118 IHAMBURG1300 IHAMBURG487 IHAMBURG209 IHAMBURG68 IHAMBURG481 IHAMBURG2026 IHAMBURG375 IHAMBURG1136 IHAMBURG1108 IHAMBURG648 IHAMBURG656 IHAMBURG654 IHAMBURG737 IHAMBURG1152 IHAMBURG439 IHAMBURG1342 IHAMBURG168 IHAMBURG361 IHAMBURG610 IHAMBURG1254 IHAMBURG214 IHAMBURG280 IHAMBURG1391 IHAMBURG2025 IHAMBURG465 IHAMBURG1360 IHAMBURG1787 IHAMBURG435 IHAMBURG1540 IHAMBURG123 IHAMBURG693 IHHMEIEN2 IHAMBURG914 IHAMBURG709 IHAMBURG971 IHAMBURG1372 IHAMBURG1797 IHAMBURG380 IHAMBURG1462 IHAMBURG1172 IHAMBURG417 IHAMBURG355 IHAMBURG206 IHAMBURG550 IHAMBURG237 IHAMBURG1110 IHAMBURG1216 IHAMBURG308 IHAMBURG1508 IHAMBURG565 IHAMBURG180 IHAMBURG1076 IHAMBURG60 IHAMBURG664 IHAMBURG741 IHAMBURG172 IHAMBURG80 IHAMBURG646 IHAMBURG1411 IHAMBURG365 IHAMBURG640 IHAMBURG2024 IHAMBURG1036 IHHRISSE2 IHAMBURG514 IHAMBURG204 IHAMBURG1306 IHAMBURG1102 IHAMBURG218 IHAMBURG1212 IHAMBURG1421 IOSTSTEI3 IHAMBURG1458 IHAMBURG1144 IHAMBURG731 IHAMBURG1200 IHAMBURG1314 IHAMBURG803 IHAMBURG84 IHAMBURG162 IHAMBURG353 IHAMBURG199 IHAMBURG1064 IHAMBURG403 IHAMBURG998 IHAMBURG285 IHAMBURG789 IHAMBURG1186 IHAMBURG1068 IHAMBURG1494 IHAMBURG154 IHAMBURG844 IHAMBURG69 IHAMBURG49 IHAMBURG1194 IHAMBURG1002 IHAMBURG499 IHAMBURG778 IHAMBURG329 IHAMBURG1284 IHAMBURG333 IHAMBURG131 IHAMBURG195 IWINSENL6 IHHBERGS2 IHAMBURG158 IHAMBURG405 IHAMBURG1192 IHAMBURG1830 IHAMBURG1783 INORDERS21 IHAMBURG1044 IHAMBURG1504 IHAMBURG1302 IHAMBURG400 IHAMBURG1266 IHAMBURG1098 IHAMBURG98 IHAMBURG1236 IHAMBURG1538 IHAMBURG258 IHAMBURG1832 IHAMBURG338 IHAMBURG600 IHAMBURG256 IHAMBURG1128 IHAMBURG200 IHAMBURG376 IHAMBURG938 IHAMBURG1368 IHAMBURG604
2017-08-21 02:04:01,671 INFO median_dt   1.482 n=8530
2017-08-21 02:04:01,672 INFO min_cn3     1.011 n=8678
2017-08-21 02:04:01,672 INFO idw_p3_cn3  1.418 n=8678
2017-08-21 02:04:01,672 INFO idw_p1_dt   1.476 n=8530
2017-08-21 02:04:01,672 INFO eddh        0.669 n=8690
2017-08-21 02:04:01,673 INFO idw_p2_cn5  1.313 n=8678
2017-08-21 02:04:01,673 INFO max_cn3     1.771 n=8678
2017-08-21 02:04:01,673 INFO idw_p4_cn3  1.459 n=8678
2017-08-21 02:04:01,673 INFO idw_p4_cn5  1.455 n=8678
2017-08-21 02:04:01,673 INFO min_cn5     0.996 n=8678
2017-08-21 02:04:01,673 INFO idw_p3_dt   1.494 n=8530
2017-08-21 02:04:01,673 INFO idw_p4_all  1.438 n=8678
2017-08-21 02:04:01,673 INFO median_all  1.045 n=8678
2017-08-21 02:04:01,673 INFO mean_cn3    1.110 n=8678
2017-08-21 02:04:01,673 INFO idw_p2_all  1.171 n=8678
2017-08-21 02:04:01,673 INFO idw_p2_cn3  1.332 n=8678
2017-08-21 02:04:01,673 INFO idw_p3_cn5  1.408 n=8678
2017-08-21 02:04:01,674 INFO median_cn5  1.275 n=8678
2017-08-21 02:04:01,674 INFO idw_p3_all  1.346 n=8678
2017-08-21 02:04:01,674 INFO max_cn5     1.963 n=8678
2017-08-21 02:04:01,674 INFO idw_p1_cn5  1.194 n=8678
2017-08-21 02:04:01,674 INFO nn          1.498 n=8678
2017-08-21 02:04:01,674 INFO mean_cn5    1.125 n=8678
2017-08-21 02:04:01,674 INFO min_dt      1.174 n=8530
2017-08-21 02:04:01,674 INFO min_all     2.960 n=8678
2017-08-21 02:04:01,674 INFO mean_dt     1.481 n=8530
2017-08-21 02:04:01,674 INFO idw_p4_dt   1.497 n=8530
2017-08-21 02:04:01,674 INFO idw_p1_all  1.061 n=8678
2017-08-21 02:04:01,675 INFO median_cn3  1.306 n=8678
2017-08-21 02:04:01,675 INFO mean_all    1.038 n=8678
2017-08-21 02:04:01,675 INFO max_dt      1.983 n=8530
2017-08-21 02:04:01,675 INFO idw_p1_cn3  1.205 n=8678
2017-08-21 02:04:01,675 INFO idw_p2_dt   1.487 n=8530
2017-08-21 02:04:01,675 INFO max_all     2.738 n=8678
2017-08-21 02:04:01,675 INFO end method list
2017-08-21 02:04:01,842 INFO interpolate for WGM
2017-08-21 02:04:01,843 INFO currently at 8 out of 10
2017-08-21 02:04:01,843 INFO use IHAMBURG1470 IHAMBURG104 IHAMBURG540 IHAMBURG1548 IHAMBURG142 IHAMBURG1791 IHAMBURG1346 IHAMBURG1154 IHAMBURG527 IHAMBURG1118 IHAMBURG1300 IHAMBURG487 IHAMBURG209 IHAMBURG68 IHAMBURG481 IHAMBURG2026 IHAMBURG375 IHAMBURG1136 IHAMBURG1108 IHAMBURG648 IHAMBURG656 IHAMBURG654 IHAMBURG737 IHAMBURG1152 IHAMBURG439 IHAMBURG1342 IHAMBURG168 IHAMBURG361 IHAMBURG610 IHAMBURG1254 IHAMBURG214 IHAMBURG280 IHAMBURG1391 IHAMBURG2025 IHAMBURG465 IHAMBURG1360 IHAMBURG1787 IHAMBURG435 IHAMBURG1540 IHAMBURG123 IHAMBURG693 IHHMEIEN2 IHAMBURG914 IHAMBURG709 IHAMBURG971 IHAMBURG1372 IHAMBURG1797 IHAMBURG380 IHAMBURG1462 IHAMBURG1172 IHAMBURG417 IHAMBURG355 IHAMBURG206 IHAMBURG550 IHAMBURG237 IHAMBURG1110 IHAMBURG1216 IHAMBURG308 IHAMBURG1508 IHAMBURG565 IHAMBURG180 IHAMBURG1076 IHAMBURG60 IHAMBURG664 IHAMBURG741 IHAMBURG172 IHAMBURG80 IHAMBURG646 IHAMBURG1411 IHAMBURG365 IHAMBURG640 IHAMBURG2024 IHAMBURG1036 IHHRISSE2 IHAMBURG514 IHAMBURG204 IHAMBURG1306 IHAMBURG1102 IHAMBURG218 IHAMBURG1212 IHAMBURG1421 IOSTSTEI3 IHAMBURG1458 IHAMBURG1144 IHAMBURG731 IHAMBURG1200 IHAMBURG1314 IHAMBURG803 IHAMBURG84 IHAMBURG162 IHAMBURG353 IHAMBURG199 IHAMBURG1064 IHAMBURG403 IHAMBURG998 IHAMBURG285 IHAMBURG789 IHAMBURG1186 IHAMBURG1068 IHAMBURG1494 IHAMBURG154 IHAMBURG844 IHAMBURG69 IHAMBURG49 IHAMBURG1194 IHAMBURG1002 IHAMBURG499 IHAMBURG778 IHAMBURG329 IHAMBURG1284 IHAMBURG333 IHAMBURG131 IHAMBURG195 IWINSENL6 IHHBERGS2 IHAMBURG158 IHAMBURG405 IHAMBURG1192 IHAMBURG1830 IHAMBURG1783 INORDERS21 IHAMBURG1044 IHAMBURG1504 IHAMBURG1302 IHAMBURG400 IHAMBURG1266 IHAMBURG1098 IHAMBURG98 IHAMBURG1236 IHAMBURG1538 IHAMBURG258 IHAMBURG1832 IHAMBURG338 IHAMBURG600 IHAMBURG256 IHAMBURG1128 IHAMBURG200 IHAMBURG376 IHAMBURG938 IHAMBURG1368 IHAMBURG604
2017-08-21 02:12:57,529 INFO median_dt   1.007 n=8608
2017-08-21 02:12:57,530 INFO min_cn3     0.911 n=8747
2017-08-21 02:12:57,530 INFO idw_p3_cn3  1.017 n=8747
2017-08-21 02:12:57,530 INFO idw_p1_dt   1.007 n=8608
2017-08-21 02:12:57,530 INFO eddh        0.893 n=8747
2017-08-21 02:12:57,530 INFO idw_p2_cn5  1.019 n=8747
2017-08-21 02:12:57,530 INFO max_cn3     2.044 n=8747
2017-08-21 02:12:57,531 INFO idw_p4_cn3  1.017 n=8747
2017-08-21 02:12:57,531 INFO idw_p4_cn5  1.015 n=8747
2017-08-21 02:12:57,531 INFO min_cn5     0.889 n=8747
2017-08-21 02:12:57,531 INFO idw_p3_dt   1.016 n=8608
2017-08-21 02:12:57,531 INFO idw_p4_all  1.011 n=8747
2017-08-21 02:12:57,531 INFO median_all  1.045 n=8747
2017-08-21 02:12:57,531 INFO mean_cn3    1.298 n=8747
2017-08-21 02:12:57,531 INFO idw_p2_all  1.008 n=8747
2017-08-21 02:12:57,531 INFO idw_p2_cn3  1.024 n=8747
2017-08-21 02:12:57,531 INFO idw_p3_cn5  1.014 n=8747
2017-08-21 02:12:57,531 INFO median_cn5  1.285 n=8747
2017-08-21 02:12:57,532 INFO idw_p3_all  1.008 n=8747
2017-08-21 02:12:57,532 INFO max_cn5     2.171 n=8747
2017-08-21 02:12:57,532 INFO idw_p1_cn5  1.074 n=8747
2017-08-21 02:12:57,532 INFO nn          1.037 n=8747
2017-08-21 02:12:57,532 INFO mean_cn5    1.245 n=8747
2017-08-21 02:12:57,532 INFO min_dt      0.925 n=8608
2017-08-21 02:12:57,532 INFO min_all     3.088 n=8747
2017-08-21 02:12:57,532 INFO mean_dt     1.033 n=8608
2017-08-21 02:12:57,532 INFO idw_p4_dt   1.019 n=8608
2017-08-21 02:12:57,532 INFO idw_p1_all  1.050 n=8747
2017-08-21 02:12:57,532 INFO median_cn3  1.334 n=8747
2017-08-21 02:12:57,533 INFO mean_all    1.040 n=8747
2017-08-21 02:12:57,533 INFO max_dt      1.886 n=8608
2017-08-21 02:12:57,533 INFO idw_p1_cn3  1.077 n=8747
2017-08-21 02:12:57,533 INFO idw_p2_dt   1.014 n=8608
2017-08-21 02:12:57,533 INFO max_all     2.647 n=8747
2017-08-21 02:12:57,533 INFO end method list
2017-08-21 02:12:57,697 INFO interpolate for WWM
2017-08-21 02:12:57,697 INFO currently at 9 out of 10
2017-08-21 02:12:57,697 INFO use IHAMBURG1470 IHAMBURG104 IHAMBURG540 IHAMBURG1548 IHAMBURG142 IHAMBURG1791 IHAMBURG1346 IHAMBURG1154 IHAMBURG527 IHAMBURG1118 IHAMBURG1300 IHAMBURG487 IHAMBURG209 IHAMBURG68 IHAMBURG481 IHAMBURG2026 IHAMBURG375 IHAMBURG1136 IHAMBURG1108 IHAMBURG648 IHAMBURG656 IHAMBURG654 IHAMBURG737 IHAMBURG1152 IHAMBURG439 IHAMBURG1342 IHAMBURG168 IHAMBURG361 IHAMBURG610 IHAMBURG1254 IHAMBURG214 IHAMBURG280 IHAMBURG1391 IHAMBURG2025 IHAMBURG465 IHAMBURG1360 IHAMBURG1787 IHAMBURG435 IHAMBURG1540 IHAMBURG123 IHAMBURG693 IHHMEIEN2 IHAMBURG914 IHAMBURG709 IHAMBURG971 IHAMBURG1372 IHAMBURG1797 IHAMBURG380 IHAMBURG1462 IHAMBURG1172 IHAMBURG417 IHAMBURG355 IHAMBURG206 IHAMBURG550 IHAMBURG237 IHAMBURG1110 IHAMBURG1216 IHAMBURG308 IHAMBURG1508 IHAMBURG565 IHAMBURG180 IHAMBURG1076 IHAMBURG60 IHAMBURG664 IHAMBURG741 IHAMBURG172 IHAMBURG80 IHAMBURG646 IHAMBURG1411 IHAMBURG365 IHAMBURG640 IHAMBURG2024 IHAMBURG1036 IHHRISSE2 IHAMBURG514 IHAMBURG204 IHAMBURG1306 IHAMBURG1102 IHAMBURG218 IHAMBURG1212 IHAMBURG1421 IOSTSTEI3 IHAMBURG1458 IHAMBURG1144 IHAMBURG731 IHAMBURG1200 IHAMBURG1314 IHAMBURG803 IHAMBURG84 IHAMBURG162 IHAMBURG353 IHAMBURG199 IHAMBURG1064 IHAMBURG403 IHAMBURG998 IHAMBURG285 IHAMBURG789 IHAMBURG1186 IHAMBURG1068 IHAMBURG1494 IHAMBURG154 IHAMBURG844 IHAMBURG69 IHAMBURG49 IHAMBURG1194 IHAMBURG1002 IHAMBURG499 IHAMBURG778 IHAMBURG329 IHAMBURG1284 IHAMBURG333 IHAMBURG131 IHAMBURG195 IWINSENL6 IHHBERGS2 IHAMBURG158 IHAMBURG405 IHAMBURG1192 IHAMBURG1830 IHAMBURG1783 INORDERS21 IHAMBURG1044 IHAMBURG1504 IHAMBURG1302 IHAMBURG400 IHAMBURG1266 IHAMBURG1098 IHAMBURG98 IHAMBURG1236 IHAMBURG1538 IHAMBURG258 IHAMBURG1832 IHAMBURG338 IHAMBURG600 IHAMBURG256 IHAMBURG1128 IHAMBURG200 IHAMBURG376 IHAMBURG938 IHAMBURG1368 IHAMBURG604
2017-08-21 02:21:53,685 INFO median_dt   1.003 n=8611
2017-08-21 02:21:53,686 INFO min_cn3     0.860 n=8767
2017-08-21 02:21:53,686 INFO idw_p3_cn3  1.001 n=8767
2017-08-21 02:21:53,686 INFO idw_p1_dt   1.030 n=8611
2017-08-21 02:21:53,687 INFO eddh        1.010 n=8774
2017-08-21 02:21:53,687 INFO idw_p2_cn5  1.026 n=8767
2017-08-21 02:21:53,687 INFO max_cn3     1.999 n=8767
2017-08-21 02:21:53,687 INFO idw_p4_cn3  0.987 n=8767
2017-08-21 02:21:53,687 INFO idw_p4_cn5  0.983 n=8767
2017-08-21 02:21:53,687 INFO min_cn5     0.802 n=8767
2017-08-21 02:21:53,687 INFO idw_p3_dt   0.993 n=8611
2017-08-21 02:21:53,687 INFO idw_p4_all  0.981 n=8767
2017-08-21 02:21:53,687 INFO median_all  1.049 n=8767
2017-08-21 02:21:53,687 INFO mean_cn3    1.275 n=8767
2017-08-21 02:21:53,687 INFO idw_p2_all  1.052 n=8767
2017-08-21 02:21:53,688 INFO idw_p2_cn3  1.040 n=8767
2017-08-21 02:21:53,688 INFO idw_p3_cn5  0.995 n=8767
2017-08-21 02:21:53,688 INFO median_cn5  1.081 n=8767
2017-08-21 02:21:53,688 INFO idw_p3_all  1.000 n=8767
2017-08-21 02:21:53,688 INFO max_cn5     2.171 n=8767
2017-08-21 02:21:53,688 INFO idw_p1_cn5  1.092 n=8767
2017-08-21 02:21:53,688 INFO nn          0.999 n=8767
2017-08-21 02:21:53,688 INFO mean_cn5    1.162 n=8767
2017-08-21 02:21:53,688 INFO min_dt      0.798 n=8611
2017-08-21 02:21:53,688 INFO min_all     3.032 n=8767
2017-08-21 02:21:53,688 INFO mean_dt     1.049 n=8611
2017-08-21 02:21:53,688 INFO idw_p4_dt   0.985 n=8611
2017-08-21 02:21:53,689 INFO idw_p1_all  1.075 n=8767
2017-08-21 02:21:53,689 INFO median_cn3  1.308 n=8767
2017-08-21 02:21:53,689 INFO mean_all    1.045 n=8767
2017-08-21 02:21:53,689 INFO max_dt      1.911 n=8611
2017-08-21 02:21:53,689 INFO idw_p1_cn3  1.134 n=8767
2017-08-21 02:21:53,689 INFO idw_p2_dt   1.008 n=8611
2017-08-21 02:21:53,689 INFO max_all     2.684 n=8767
2017-08-21 02:21:53,689 INFO end method list
2017-08-21 02:21:53,853 INFO interpolate for ZOM
2017-08-21 02:21:53,854 INFO currently at 10 out of 10
2017-08-21 02:21:53,854 INFO use IHAMBURG1470 IHAMBURG104 IHAMBURG540 IHAMBURG1548 IHAMBURG142 IHAMBURG1791 IHAMBURG1346 IHAMBURG1154 IHAMBURG527 IHAMBURG1118 IHAMBURG1300 IHAMBURG487 IHAMBURG209 IHAMBURG68 IHAMBURG481 IHAMBURG2026 IHAMBURG375 IHAMBURG1136 IHAMBURG1108 IHAMBURG648 IHAMBURG656 IHAMBURG654 IHAMBURG737 IHAMBURG1152 IHAMBURG439 IHAMBURG1342 IHAMBURG168 IHAMBURG361 IHAMBURG610 IHAMBURG1254 IHAMBURG214 IHAMBURG280 IHAMBURG1391 IHAMBURG2025 IHAMBURG465 IHAMBURG1360 IHAMBURG1787 IHAMBURG435 IHAMBURG1540 IHAMBURG123 IHAMBURG693 IHHMEIEN2 IHAMBURG914 IHAMBURG709 IHAMBURG971 IHAMBURG1372 IHAMBURG1797 IHAMBURG380 IHAMBURG1462 IHAMBURG1172 IHAMBURG417 IHAMBURG355 IHAMBURG206 IHAMBURG550 IHAMBURG237 IHAMBURG1110 IHAMBURG1216 IHAMBURG308 IHAMBURG1508 IHAMBURG565 IHAMBURG180 IHAMBURG1076 IHAMBURG60 IHAMBURG664 IHAMBURG741 IHAMBURG172 IHAMBURG80 IHAMBURG646 IHAMBURG1411 IHAMBURG365 IHAMBURG640 IHAMBURG2024 IHAMBURG1036 IHHRISSE2 IHAMBURG514 IHAMBURG204 IHAMBURG1306 IHAMBURG1102 IHAMBURG218 IHAMBURG1212 IHAMBURG1421 IOSTSTEI3 IHAMBURG1458 IHAMBURG1144 IHAMBURG731 IHAMBURG1200 IHAMBURG1314 IHAMBURG803 IHAMBURG84 IHAMBURG162 IHAMBURG353 IHAMBURG199 IHAMBURG1064 IHAMBURG403 IHAMBURG998 IHAMBURG285 IHAMBURG789 IHAMBURG1186 IHAMBURG1068 IHAMBURG1494 IHAMBURG154 IHAMBURG844 IHAMBURG69 IHAMBURG49 IHAMBURG1194 IHAMBURG1002 IHAMBURG499 IHAMBURG778 IHAMBURG329 IHAMBURG1284 IHAMBURG333 IHAMBURG131 IHAMBURG195 IWINSENL6 IHHBERGS2 IHAMBURG158 IHAMBURG405 IHAMBURG1192 IHAMBURG1830 IHAMBURG1783 INORDERS21 IHAMBURG1044 IHAMBURG1504 IHAMBURG1302 IHAMBURG400 IHAMBURG1266 IHAMBURG1098 IHAMBURG98 IHAMBURG1236 IHAMBURG1538 IHAMBURG258 IHAMBURG1832 IHAMBURG338 IHAMBURG600 IHAMBURG256 IHAMBURG1128 IHAMBURG200 IHAMBURG376 IHAMBURG938 IHAMBURG1368 IHAMBURG604
2017-08-21 02:30:48,126 INFO median_dt   0.728 n=8591
2017-08-21 02:30:48,127 INFO min_cn3     0.839 n=8755
2017-08-21 02:30:48,127 INFO idw_p3_cn3  0.658 n=8755
2017-08-21 02:30:48,127 INFO idw_p1_dt   0.680 n=8591
2017-08-21 02:30:48,127 INFO eddh        1.119 n=8764
2017-08-21 02:30:48,127 INFO idw_p2_cn5  0.678 n=8755
2017-08-21 02:30:48,127 INFO max_cn3     1.234 n=8755
2017-08-21 02:30:48,127 INFO idw_p4_cn3  0.663 n=8755
2017-08-21 02:30:48,127 INFO idw_p4_cn5  0.661 n=8755
2017-08-21 02:30:48,127 INFO min_cn5     0.938 n=8755
2017-08-21 02:30:48,128 INFO idw_p3_dt   0.658 n=8591
2017-08-21 02:30:48,128 INFO idw_p4_all  0.661 n=8755
2017-08-21 02:30:48,128 INFO median_all  0.756 n=8755
2017-08-21 02:30:48,128 INFO mean_cn3    0.746 n=8755
2017-08-21 02:30:48,128 INFO idw_p2_all  0.722 n=8755
2017-08-21 02:30:48,128 INFO idw_p2_cn3  0.656 n=8755
2017-08-21 02:30:48,128 INFO idw_p3_cn5  0.660 n=8755
2017-08-21 02:30:48,128 INFO median_cn5  0.814 n=8755
2017-08-21 02:30:48,128 INFO idw_p3_all  0.671 n=8755
2017-08-21 02:30:48,128 INFO max_cn5     1.634 n=8755
2017-08-21 02:30:48,128 INFO idw_p1_cn5  0.744 n=8755
2017-08-21 02:30:48,128 INFO nn          0.669 n=8755
2017-08-21 02:30:48,129 INFO mean_cn5    0.834 n=8755
2017-08-21 02:30:48,129 INFO min_dt      0.932 n=8591
2017-08-21 02:30:48,129 INFO min_all     3.312 n=8755
2017-08-21 02:30:48,129 INFO mean_dt     0.755 n=8591
2017-08-21 02:30:48,129 INFO idw_p4_dt   0.661 n=8591
2017-08-21 02:30:48,129 INFO idw_p1_all  0.752 n=8755
2017-08-21 02:30:48,129 INFO median_cn3  0.741 n=8755
2017-08-21 02:30:48,129 INFO mean_all    0.751 n=8755
2017-08-21 02:30:48,129 INFO max_dt      1.248 n=8591
2017-08-21 02:30:48,129 INFO idw_p1_cn3  0.681 n=8755
2017-08-21 02:30:48,129 INFO idw_p2_dt   0.657 n=8591
2017-08-21 02:30:48,130 INFO max_all     2.209 n=8755
2017-08-21 02:30:48,130 INFO end method list
2017-08-21 02:30:48,340 INFO median_dt   1.12419 n=67759
2017-08-21 02:30:48,341 INFO idw_p1_dt   1.14479 n=67759
2017-08-21 02:30:48,341 INFO eddh        1.03852 n=87310
2017-08-21 02:30:48,341 INFO idw_p2_cn5  1.25473 n=87234
2017-08-21 02:30:48,342 INFO idw_p4_cn3  1.32534 n=87234
2017-08-21 02:30:48,342 INFO min_cn5     1.05780 n=87234
2017-08-21 02:30:48,342 INFO idw_p4_dt   1.24091 n=67759
2017-08-21 02:30:48,342 INFO idw_p3_cn5  1.28926 n=87234
2017-08-21 02:30:48,343 INFO median_cn5  1.25506 n=87234
2017-08-21 02:30:48,343 INFO idw_p3_all  1.21795 n=87234
2017-08-21 02:30:48,343 INFO min_dt      1.00970 n=67759
2017-08-21 02:30:48,343 INFO median_cn3  1.26464 n=87234
2017-08-21 02:30:48,344 INFO mean_all    1.16486 n=87234
2017-08-21 02:30:48,344 INFO nn          1.39657 n=87234
2017-08-21 02:30:48,344 INFO idw_p2_dt   1.19246 n=67759
2017-08-21 02:30:48,344 INFO max_all     2.69783 n=87234
2017-08-21 02:30:48,345 INFO idw_p4_cn5  1.31968 n=87234
2017-08-21 02:30:48,345 INFO min_cn3     1.01000 n=87234
2017-08-21 02:30:48,345 INFO idw_p3_cn3  1.29747 n=87234
2017-08-21 02:30:48,345 INFO max_cn3     1.85097 n=87234
2017-08-21 02:30:48,346 INFO idw_p3_dt   1.22208 n=67759
2017-08-21 02:30:48,346 INFO idw_p4_all  1.27675 n=87234
2017-08-21 02:30:48,346 INFO median_all  1.16755 n=87234
2017-08-21 02:30:48,346 INFO mean_cn3    1.23563 n=87234
2017-08-21 02:30:48,347 INFO idw_p2_all  1.17089 n=87234
2017-08-21 02:30:48,347 INFO mean_dt     1.10170 n=67759
2017-08-21 02:30:48,347 INFO idw_p2_cn3  1.26168 n=87234
2017-08-21 02:30:48,347 INFO idw_p1_cn3  1.23064 n=87234
2017-08-21 02:30:48,348 INFO max_cn5     2.07970 n=87234
2017-08-21 02:30:48,348 INFO mean_cn5    1.24153 n=87234
2017-08-21 02:30:48,348 INFO idw_p1_cn5  1.23290 n=87234
2017-08-21 02:30:48,348 INFO min_all     3.11628 n=87234
2017-08-21 02:30:48,349 INFO idw_p1_all  1.15012 n=87234
2017-08-21 02:30:48,349 INFO max_dt      1.70931 n=67759
