2017-08-20 23:25:31,460 INFO ### Start new logging
2017-08-20 23:25:31,461 INFO General Overview
2017-08-20 23:25:31,461 INFO targets: HCM IHM LGM LWM RIM SGM SWM WGM WWM ZOM
2017-08-20 23:25:31,461 INFO neighbours: IHAMBURG60 IHAMBURG214 IHHCURSL2 IHAMBURG711 IHAMBURG684 IHAMBURG1377 IHAMBURG760 IHHHINSC3 IHAMBURG646 IHAMBURG2013 IHAMBURG489 IHAMBURG361 IHAMBURG1374 IHAMBURG406 IHHHINSC4 IHAMBURG565 IHAMBURG279 IHAMBURG1236 IHAMBURG1508 IHAMBURG189 IHAMBURG1494 IHAMBURG2024 IHAMBURG1154 IHAMBURG1953 IHAMBURG1940 IHAMBURG128 IHAMBURG315 IHAMBURG1116 IHAMBURG797 IHAMBURG976 IHAMBURG1118 IHAMBURG250 IHAMBURG1192 IHHEISSE2 ISANKTUR5 IHAMBURG1860 IHAMBURG1391 IHAMBURG365 IHHSINST2 IHAMBURG1088 IHAMBURG2073 IHAMBURG353 IHAMBURG2004 IHHALSTE2 IHAMBURG2069 IHAMBURG61 IHAMBURG550 IHAMBURG1268 IHAMBURG123 IHAMBURG1683 IHAMBURG20 IHAMBURG1190 IHAMBURG709 IHAMBURG427 IHAMBURG731 IHAMBURG1697 IHHWELLI2 IHHHAMBU2 IHAMBURG914 IHAMBURG2043 IHAMBURG1214 IHAMBURG1316 IHHSASEL2 IHAMBURG1076 IHAMBURG229 IHAMBURG1028 IHAMBURG98 IHHHELLB2 IHAMBURG863 IHAMBURG113 IHHSCHNE4 IHAMBURG79 IHAMBURG1526 IHAMBURG656 IHAMBURG1819 IHAMBURG1204 IHAMBURG1234 IHAMBURG1600 IHAMBURG774 IHAMBURG1815 IHAMBURG308 IHAMBURG1791 IHAMBURG44 IHAMBURG2018 IHAMBURG290 INORDERS2 IHAMBURG1976 IHAMBURG1945 IBARSBTT19 IHAMBURG990 IHAMBURG1498 IHAMBURG258 IHAMBURG452 IHAMBURG1502 IHAMBURG162 IHAMBURG2008 IHAMBURG1308 IHAMBURG600 IHAMBURG1986 IHAMBURG1990 IHAMBURG367 IHAMBURG110 IHAMBURG1074 IHAMBURG515 IHAMBURG270 IHAMBURG1890 IHAMBURG1172 IHAMBURG628 IHAMBURG1198 IHAMBURG1500 IHAMBURG262 IHAMBURG1711 IHAMBURG812 IHAMBURG1805 IHAMBURG1411 IHAMBURG171 IHAMBURG900 IHAMBURG974 IHAMBURG2062 IHHOSDOR2 IHHHOHEN2 IHAMBURG402 IHAMBURG1910 IHAMBURG840 IHAMBURG400 IHAMBURG1270 IHAMBURG1056 IHAMBURG1136 IHAMBURG83 IHAMBURG56 IHAMBURG910 IHAMBURG1985 IHAMBURG955 IHAMBURG1064 IHAMBURG405 IAHRENSB13 IHAMBURG1254 IHAMBURG2085 IHAMBURG436 IHAMBURG354 IHAMBURG1928 IHHMARIE3 IHHMARIE2 IHAMBURG2000 IHAMBURG1942 IHORN16 IHAMBURG1368 IHHSTEIL2 IHAMBURG1823 IHAMBURG1176 IHAMBURG329 IHAMBURG1932 IHAMBURG674 IHAMBURG216 IHAMBURG880 IBORNSEN2 IHAMBURG1602 IHHRISSE2 IHAMBURG1182 IHAMBURG1142 IHHKLEIN2 IHAMBURG787 IHAMBURG64 IHAMBURG1166 IHAMBURG1342 IHAMBURG1230 IHAMBURG1941 IHAMBURG118 IHAMBURG412 IHAMBURG152 IHAMBURG1114 IHAMBURG435 IHAMBURG198 IHAMBURG108 IHAMBURG471 IHAMBURG1606 IHAMBURG200 IHAMBURG1540 IHAMBURG1753 IHAMBURG1952 IHAMBURG2072 IHAMBURG1490 IHAMBURG1464 IHAMBURG2065 IHAMBURG272 IHAMBURG805 IHAMBURG1248 IHAMBURG2045 IHAMBURG154 IHAMBURG1933 IHAMBURG1679 IHAMBURG1783 IHHTREUD3 IHAMBURG1370 IHAMBURG95 IHAMBURG988 IHAMBURG417 IHAMBURG479 IHAMBURG1306 IHAMBURG832 IHAMBURG481 IHHFARMS2 IHAMBURG230 IOSTSTEI3 IHAMBURG527 IHAMBURG1655 IHAMBURG1212 IHAMBURG150 IHAMBURG242 IHAMBURG1082 IHAMBURG209 IHAMBURG772 IHAMBURG2039 IHAMBURG172 ILBHOOPT2 IHAMBURG2075 IHHSTEIN2 IHHSCHNE3 IHAMBURG53 IHAMBURG1843 IHAMBURG2048 IHAMBURG213 IHAMBURG465 IHAMBURG620 IHAMBURG1699 IHHLURUP2 IHHLOKST3 IHAMBURG446 ILBROSEN2 IHAMBURG166 IHAMBURG274 IWINSENL6 IHAMBURG540 IHAMBURG610 IHAMBURG1264 IHAMBURG142 IHAMBURG851 IHAMBURG1252 IHAMBURG1484 IHAMBURG373 IHHHELLB3 IHAMBURG169 IHAMBURG1785 IHAMBURG1973 IHAMBURG844 IHAMBURG1614 IHAMBURG286 IHAMBURG1184 IHAMBURG1102 IHAMBURG1504 IHAMBURG355 IHAMBURG2017 IHAMBURG199 IHAMBURG1628 IBNNINGS3 IHAMBURG1150 IHAMBURG2030 IHAMBURG660 IHAMBURG847 IHAMBURG224 IHAMBURG1618 IHAMBURG1186 IHHLANGE3 IHAMBURG1671 IHAMBURG1427 IHAMBURG1284 IHAMBURG2009 IHAMBURG1470 IHAMBURG1916 IHAMBURG1492 IHHSCHNE2 IHAMBURG335 IHAMBURG84 IHAMBURG1880 IHHEIDEL3 IHAMBURG938 IHAMBURG2088 IHAMBURG654 IHAMBURG1787 IHAMBURG1383 IHAMBURG131 IHAMBURG514 IHAMBURG1106 IHAMBURG1930 IHHGRUEN2 IHAMBURG715 IHHNEUGR2 IHAMBURG1314 IHAMBURG594 IHAMBURG1436 IHAMBURG1962 IHAMBURG222 IHAMBURG285 IHAMBURG1110 IHAMBURG456 IHAMBURG93 IHAMBURG2066 IHAMBURG1144 IHAMBURG233 IHAMBURG1779 IHAMBURG2052 IHAMBURG2081 IHHHOHEN3 IHAMBURG441 IHAMBURG638 IHHNEUBO3 IHAMBURG1068 IHAMBURG1152 IHAMBURG592 IHAMBURG1548 IHAMBURG1098 IHAMBURG1208 IHAMBURG1917 IHAMBURG1594 IHAMBURG205 IBARSBTT22 IHAMBURG924 IHAMBURG218 IHAMBURG149 IHAMBURG626 IHAMBURG190 IHAMBURG1120 IHAMBURG1164 IHAMBURG32 IHAMBURG648 IHAMBURG1922 INORDERS21 IHAMBURG699 IHHBARMB6 IHAMBURG52 IHAMBURG39 IHAMBURG978 IHAMBURG1084 IHAMBURG1675 ILBALVES2 IHAMBURG1389 IHHEIDEL5 IHAMBURG741 IHAMBURG1216 IHHBARMB5 IHAMBURG1681 IHAMBURG1054 IHAMBURG316 IHAMBURG439 IWENTORF21 IHAMBURG1771 IHAMBURG454 IHAMBURG2016 IHAMBURG10 IHAMBURG99 IHAMBURG1036 ISEEVETA49 IHAMBURG1332 IHAMBURG1462 IHAMBURG206 IHAMBURG132 IHAMBURG57 INORDERS98 ISEEVETA78 IHAMBURG261 IHAMBURG243 IHAMBURG188 IHAMBURG803 IHAMBURG180 IHHWILHE2 IHAMBURG1188 IHAMBURG1220 IHAMBURG1755 IHAMBURG1813 IHAMBURG1158 IHAMBURG109 IHAMBURG762 IHAMBURG1639 IHAMBURG1797 IHAMBURG1516 IHAMBURG604 IHAMBURG170 IHAMBURG1995 IHAMBURG1923 IHHMEIEN2 IHAMBURG517 INORDERS72 IHAMBURG1645 IHAMBURG632 IHAMBURG1538 IHAMBURG2025 IHAMBURG1950 IHAMBURG1789 IHAMBURG138 IHAMBURG192 IHAMBURG1336 IHAMBURG153 IHAMBURG2041 IHAMBURG1809 IHAMBURG342 IHAMBURG1635 IHHEINLA2 IHHGROSS2 IHAMBURG1266 IHAMBURG1512 IHAMBURG289 IHAMBURG1759 IHAMBURG971 IHAMBURG404 IHAMBURG1128 IHAMBURG1026 IHAMBURG92 IHAMBURG1974 IHAMBURG778 IHAMBURG1200 IHHEIDEL4 IHAMBURG82 IHAMBURG1946 IHAMBURG1616 IHHHAMBU5 IHAMBURG89 IHAMBURG2079 IHAMBURG693 IHAMBURG1180 IHAMBURG1296 IHAMBURG1292 IHHROTHE2 IHAMBURG469 IHAMBURG104 IHAMBURG1302 IHAMBURG1086 IHAMBURG737 IHHBERGS2 IHAMBURG184 IHAMBURG1058 IHAMBURG276 IHAMBURG90 IHAMBURG630 IHHHAMBU4 IHAMBURG363 IHAMBURG1989 IHAMBURG1709 IHAMBURG1920 IHAMBURG1350 IHAMBURG1864 IHAMBURG338 INORDERS16 IHAMBURG1795
2017-08-20 23:25:31,462 INFO End overview
2017-08-20 23:25:31,462 INFO Several Runs
2017-08-20 23:25:31,462 INFO end targets
2017-08-20 23:25:31,462 INFO overall results
2017-08-20 23:25:31,462 INFO interpolate for HCM
2017-08-20 23:25:31,462 INFO currently at 1 out of 10
2017-08-20 23:25:31,462 INFO use IHAMBURG60 IHAMBURG214 IHHCURSL2 IHAMBURG711 IHAMBURG684 IHAMBURG1377 IHAMBURG760 IHHHINSC3 IHAMBURG646 IHAMBURG2013 IHAMBURG489 IHAMBURG361 IHAMBURG1374 IHAMBURG406 IHHHINSC4 IHAMBURG565 IHAMBURG279 IHAMBURG1236 IHAMBURG1508 IHAMBURG189 IHAMBURG1494 IHAMBURG2024 IHAMBURG1154 IHAMBURG1953 IHAMBURG1940 IHAMBURG128 IHAMBURG315 IHAMBURG1116 IHAMBURG797 IHAMBURG976 IHAMBURG1118 IHAMBURG250 IHAMBURG1192 IHHEISSE2 ISANKTUR5 IHAMBURG1860 IHAMBURG1391 IHAMBURG365 IHHSINST2 IHAMBURG1088 IHAMBURG2073 IHAMBURG353 IHAMBURG2004 IHHALSTE2 IHAMBURG2069 IHAMBURG61 IHAMBURG550 IHAMBURG1268 IHAMBURG123 IHAMBURG1683 IHAMBURG20 IHAMBURG1190 IHAMBURG709 IHAMBURG427 IHAMBURG731 IHAMBURG1697 IHHWELLI2 IHHHAMBU2 IHAMBURG914 IHAMBURG2043 IHAMBURG1214 IHAMBURG1316 IHHSASEL2 IHAMBURG1076 IHAMBURG229 IHAMBURG1028 IHAMBURG98 IHHHELLB2 IHAMBURG863 IHAMBURG113 IHHSCHNE4 IHAMBURG79 IHAMBURG1526 IHAMBURG656 IHAMBURG1819 IHAMBURG1204 IHAMBURG1234 IHAMBURG1600 IHAMBURG774 IHAMBURG1815 IHAMBURG308 IHAMBURG1791 IHAMBURG44 IHAMBURG2018 IHAMBURG290 INORDERS2 IHAMBURG1976 IHAMBURG1945 IBARSBTT19 IHAMBURG990 IHAMBURG1498 IHAMBURG258 IHAMBURG452 IHAMBURG1502 IHAMBURG162 IHAMBURG2008 IHAMBURG1308 IHAMBURG600 IHAMBURG1986 IHAMBURG1990 IHAMBURG367 IHAMBURG110 IHAMBURG1074 IHAMBURG515 IHAMBURG270 IHAMBURG1890 IHAMBURG1172 IHAMBURG628 IHAMBURG1198 IHAMBURG1500 IHAMBURG262 IHAMBURG1711 IHAMBURG812 IHAMBURG1805 IHAMBURG1411 IHAMBURG171 IHAMBURG900 IHAMBURG974 IHAMBURG2062 IHHOSDOR2 IHHHOHEN2 IHAMBURG402 IHAMBURG1910 IHAMBURG840 IHAMBURG400 IHAMBURG1270 IHAMBURG1056 IHAMBURG1136 IHAMBURG83 IHAMBURG56 IHAMBURG910 IHAMBURG1985 IHAMBURG955 IHAMBURG1064 IHAMBURG405 IAHRENSB13 IHAMBURG1254 IHAMBURG2085 IHAMBURG436 IHAMBURG354 IHAMBURG1928 IHHMARIE3 IHHMARIE2 IHAMBURG2000 IHAMBURG1942 IHORN16 IHAMBURG1368 IHHSTEIL2 IHAMBURG1823 IHAMBURG1176 IHAMBURG329 IHAMBURG1932 IHAMBURG674 IHAMBURG216 IHAMBURG880 IBORNSEN2 IHAMBURG1602 IHHRISSE2 IHAMBURG1182 IHAMBURG1142 IHHKLEIN2 IHAMBURG787 IHAMBURG64 IHAMBURG1166 IHAMBURG1342 IHAMBURG1230 IHAMBURG1941 IHAMBURG118 IHAMBURG412 IHAMBURG152 IHAMBURG1114 IHAMBURG435 IHAMBURG198 IHAMBURG108 IHAMBURG471 IHAMBURG1606 IHAMBURG200 IHAMBURG1540 IHAMBURG1753 IHAMBURG1952 IHAMBURG2072 IHAMBURG1490 IHAMBURG1464 IHAMBURG2065 IHAMBURG272 IHAMBURG805 IHAMBURG1248 IHAMBURG2045 IHAMBURG154 IHAMBURG1933 IHAMBURG1679 IHAMBURG1783 IHHTREUD3 IHAMBURG1370 IHAMBURG95 IHAMBURG988 IHAMBURG417 IHAMBURG479 IHAMBURG1306 IHAMBURG832 IHAMBURG481 IHHFARMS2 IHAMBURG230 IOSTSTEI3 IHAMBURG527 IHAMBURG1655 IHAMBURG1212 IHAMBURG150 IHAMBURG242 IHAMBURG1082 IHAMBURG209 IHAMBURG772 IHAMBURG2039 IHAMBURG172 ILBHOOPT2 IHAMBURG2075 IHHSTEIN2 IHHSCHNE3 IHAMBURG53 IHAMBURG1843 IHAMBURG2048 IHAMBURG213 IHAMBURG465 IHAMBURG620 IHAMBURG1699 IHHLURUP2 IHHLOKST3 IHAMBURG446 ILBROSEN2 IHAMBURG166 IHAMBURG274 IWINSENL6 IHAMBURG540 IHAMBURG610 IHAMBURG1264 IHAMBURG142 IHAMBURG851 IHAMBURG1252 IHAMBURG1484 IHAMBURG373 IHHHELLB3 IHAMBURG169 IHAMBURG1785 IHAMBURG1973 IHAMBURG844 IHAMBURG1614 IHAMBURG286 IHAMBURG1184 IHAMBURG1102 IHAMBURG1504 IHAMBURG355 IHAMBURG2017 IHAMBURG199 IHAMBURG1628 IBNNINGS3 IHAMBURG1150 IHAMBURG2030 IHAMBURG660 IHAMBURG847 IHAMBURG224 IHAMBURG1618 IHAMBURG1186 IHHLANGE3 IHAMBURG1671 IHAMBURG1427 IHAMBURG1284 IHAMBURG2009 IHAMBURG1470 IHAMBURG1916 IHAMBURG1492 IHHSCHNE2 IHAMBURG335 IHAMBURG84 IHAMBURG1880 IHHEIDEL3 IHAMBURG938 IHAMBURG2088 IHAMBURG654 IHAMBURG1787 IHAMBURG1383 IHAMBURG131 IHAMBURG514 IHAMBURG1106 IHAMBURG1930 IHHGRUEN2 IHAMBURG715 IHHNEUGR2 IHAMBURG1314 IHAMBURG594 IHAMBURG1436 IHAMBURG1962 IHAMBURG222 IHAMBURG285 IHAMBURG1110 IHAMBURG456 IHAMBURG93 IHAMBURG2066 IHAMBURG1144 IHAMBURG233 IHAMBURG1779 IHAMBURG2052 IHAMBURG2081 IHHHOHEN3 IHAMBURG441 IHAMBURG638 IHHNEUBO3 IHAMBURG1068 IHAMBURG1152 IHAMBURG592 IHAMBURG1548 IHAMBURG1098 IHAMBURG1208 IHAMBURG1917 IHAMBURG1594 IHAMBURG205 IBARSBTT22 IHAMBURG924 IHAMBURG218 IHAMBURG149 IHAMBURG626 IHAMBURG190 IHAMBURG1120 IHAMBURG1164 IHAMBURG32 IHAMBURG648 IHAMBURG1922 INORDERS21 IHAMBURG699 IHHBARMB6 IHAMBURG52 IHAMBURG39 IHAMBURG978 IHAMBURG1084 IHAMBURG1675 ILBALVES2 IHAMBURG1389 IHHEIDEL5 IHAMBURG741 IHAMBURG1216 IHHBARMB5 IHAMBURG1681 IHAMBURG1054 IHAMBURG316 IHAMBURG439 IWENTORF21 IHAMBURG1771 IHAMBURG454 IHAMBURG2016 IHAMBURG10 IHAMBURG99 IHAMBURG1036 ISEEVETA49 IHAMBURG1332 IHAMBURG1462 IHAMBURG206 IHAMBURG132 IHAMBURG57 INORDERS98 ISEEVETA78 IHAMBURG261 IHAMBURG243 IHAMBURG188 IHAMBURG803 IHAMBURG180 IHHWILHE2 IHAMBURG1188 IHAMBURG1220 IHAMBURG1755 IHAMBURG1813 IHAMBURG1158 IHAMBURG109 IHAMBURG762 IHAMBURG1639 IHAMBURG1797 IHAMBURG1516 IHAMBURG604 IHAMBURG170 IHAMBURG1995 IHAMBURG1923 IHHMEIEN2 IHAMBURG517 INORDERS72 IHAMBURG1645 IHAMBURG632 IHAMBURG1538 IHAMBURG2025 IHAMBURG1950 IHAMBURG1789 IHAMBURG138 IHAMBURG192 IHAMBURG1336 IHAMBURG153 IHAMBURG2041 IHAMBURG1809 IHAMBURG342 IHAMBURG1635 IHHEINLA2 IHHGROSS2 IHAMBURG1266 IHAMBURG1512 IHAMBURG289 IHAMBURG1759 IHAMBURG971 IHAMBURG404 IHAMBURG1128 IHAMBURG1026 IHAMBURG92 IHAMBURG1974 IHAMBURG778 IHAMBURG1200 IHHEIDEL4 IHAMBURG82 IHAMBURG1946 IHAMBURG1616 IHHHAMBU5 IHAMBURG89 IHAMBURG2079 IHAMBURG693 IHAMBURG1180 IHAMBURG1296 IHAMBURG1292 IHHROTHE2 IHAMBURG469 IHAMBURG104 IHAMBURG1302 IHAMBURG1086 IHAMBURG737 IHHBERGS2 IHAMBURG184 IHAMBURG1058 IHAMBURG276 IHAMBURG90 IHAMBURG630 IHHHAMBU4 IHAMBURG363 IHAMBURG1989 IHAMBURG1709 IHAMBURG1920 IHAMBURG1350 IHAMBURG1864 IHAMBURG338 INORDERS16 IHAMBURG1795
2017-08-20 23:53:41,813 INFO idw_p2_cn5  2.708 n=8783
2017-08-20 23:53:41,815 INFO idw_p2_dt   2.998 n=8762
2017-08-20 23:53:41,815 INFO idw_p2_cn3  2.867 n=8783
2017-08-20 23:53:41,815 INFO idw_p3_cn3  3.007 n=8783
2017-08-20 23:53:41,815 INFO nn          3.193 n=8783
2017-08-20 23:53:41,815 INFO idw_p1_cn5  2.170 n=8783
2017-08-20 23:53:41,816 INFO idw_p3_all  2.833 n=8783
2017-08-20 23:53:41,816 INFO min_cn3     1.133 n=8783
2017-08-20 23:53:41,816 INFO max_dt      3.847 n=8762
2017-08-20 23:53:41,816 INFO idw_p4_dt   3.142 n=8762
2017-08-20 23:53:41,816 INFO idw_p4_cn3  3.071 n=8783
2017-08-20 23:53:41,816 INFO idw_p4_cn5  3.050 n=8783
2017-08-20 23:53:41,817 INFO max_cn3     3.774 n=8783
2017-08-20 23:53:41,817 INFO mean_cn3    2.107 n=8783
2017-08-20 23:53:41,817 INFO idw_p1_cn3  2.542 n=8783
2017-08-20 23:53:41,817 INFO median_cn3  1.952 n=8783
2017-08-20 23:53:41,817 INFO max_cn5     4.000 n=8783
2017-08-20 23:53:41,818 INFO idw_p3_dt   3.103 n=8762
2017-08-20 23:53:41,818 INFO median_all  0.761 n=8783
2017-08-20 23:53:41,818 INFO min_cn5     0.795 n=8783
2017-08-20 23:53:41,818 INFO mean_dt     1.771 n=8762
2017-08-20 23:53:41,818 INFO mean_all    0.947 n=8783
2017-08-20 23:53:41,819 INFO min_all     5.650 n=8783
2017-08-20 23:53:41,819 INFO median_dt   1.787 n=8762
2017-08-20 23:53:41,819 INFO median_cn5  1.374 n=8783
2017-08-20 23:53:41,819 INFO eddh        1.391 n=8773
2017-08-20 23:53:41,819 INFO mean_cn5    1.665 n=8783
2017-08-20 23:53:41,819 INFO idw_p2_all  2.002 n=8783
2017-08-20 23:53:41,820 INFO idw_p1_dt   2.624 n=8762
2017-08-20 23:53:41,820 INFO idw_p4_all  3.035 n=8783
2017-08-20 23:53:41,820 INFO idw_p1_all  1.109 n=8783
2017-08-20 23:53:41,820 INFO idw_p3_cn5  2.955 n=8783
2017-08-20 23:53:41,820 INFO min_dt      1.092 n=8762
2017-08-20 23:53:41,821 INFO max_all     15.508 n=8783
2017-08-20 23:53:41,821 INFO end method list
2017-08-20 23:53:42,231 INFO interpolate for IHM
2017-08-20 23:53:42,231 INFO currently at 2 out of 10
2017-08-20 23:53:42,232 INFO use IHAMBURG60 IHAMBURG214 IHHCURSL2 IHAMBURG711 IHAMBURG684 IHAMBURG1377 IHAMBURG760 IHHHINSC3 IHAMBURG646 IHAMBURG2013 IHAMBURG489 IHAMBURG361 IHAMBURG1374 IHAMBURG406 IHHHINSC4 IHAMBURG565 IHAMBURG279 IHAMBURG1236 IHAMBURG1508 IHAMBURG189 IHAMBURG1494 IHAMBURG2024 IHAMBURG1154 IHAMBURG1953 IHAMBURG1940 IHAMBURG128 IHAMBURG315 IHAMBURG1116 IHAMBURG797 IHAMBURG976 IHAMBURG1118 IHAMBURG250 IHAMBURG1192 IHHEISSE2 ISANKTUR5 IHAMBURG1860 IHAMBURG1391 IHAMBURG365 IHHSINST2 IHAMBURG1088 IHAMBURG2073 IHAMBURG353 IHAMBURG2004 IHHALSTE2 IHAMBURG2069 IHAMBURG61 IHAMBURG550 IHAMBURG1268 IHAMBURG123 IHAMBURG1683 IHAMBURG20 IHAMBURG1190 IHAMBURG709 IHAMBURG427 IHAMBURG731 IHAMBURG1697 IHHWELLI2 IHHHAMBU2 IHAMBURG914 IHAMBURG2043 IHAMBURG1214 IHAMBURG1316 IHHSASEL2 IHAMBURG1076 IHAMBURG229 IHAMBURG1028 IHAMBURG98 IHHHELLB2 IHAMBURG863 IHAMBURG113 IHHSCHNE4 IHAMBURG79 IHAMBURG1526 IHAMBURG656 IHAMBURG1819 IHAMBURG1204 IHAMBURG1234 IHAMBURG1600 IHAMBURG774 IHAMBURG1815 IHAMBURG308 IHAMBURG1791 IHAMBURG44 IHAMBURG2018 IHAMBURG290 INORDERS2 IHAMBURG1976 IHAMBURG1945 IBARSBTT19 IHAMBURG990 IHAMBURG1498 IHAMBURG258 IHAMBURG452 IHAMBURG1502 IHAMBURG162 IHAMBURG2008 IHAMBURG1308 IHAMBURG600 IHAMBURG1986 IHAMBURG1990 IHAMBURG367 IHAMBURG110 IHAMBURG1074 IHAMBURG515 IHAMBURG270 IHAMBURG1890 IHAMBURG1172 IHAMBURG628 IHAMBURG1198 IHAMBURG1500 IHAMBURG262 IHAMBURG1711 IHAMBURG812 IHAMBURG1805 IHAMBURG1411 IHAMBURG171 IHAMBURG900 IHAMBURG974 IHAMBURG2062 IHHOSDOR2 IHHHOHEN2 IHAMBURG402 IHAMBURG1910 IHAMBURG840 IHAMBURG400 IHAMBURG1270 IHAMBURG1056 IHAMBURG1136 IHAMBURG83 IHAMBURG56 IHAMBURG910 IHAMBURG1985 IHAMBURG955 IHAMBURG1064 IHAMBURG405 IAHRENSB13 IHAMBURG1254 IHAMBURG2085 IHAMBURG436 IHAMBURG354 IHAMBURG1928 IHHMARIE3 IHHMARIE2 IHAMBURG2000 IHAMBURG1942 IHORN16 IHAMBURG1368 IHHSTEIL2 IHAMBURG1823 IHAMBURG1176 IHAMBURG329 IHAMBURG1932 IHAMBURG674 IHAMBURG216 IHAMBURG880 IBORNSEN2 IHAMBURG1602 IHHRISSE2 IHAMBURG1182 IHAMBURG1142 IHHKLEIN2 IHAMBURG787 IHAMBURG64 IHAMBURG1166 IHAMBURG1342 IHAMBURG1230 IHAMBURG1941 IHAMBURG118 IHAMBURG412 IHAMBURG152 IHAMBURG1114 IHAMBURG435 IHAMBURG198 IHAMBURG108 IHAMBURG471 IHAMBURG1606 IHAMBURG200 IHAMBURG1540 IHAMBURG1753 IHAMBURG1952 IHAMBURG2072 IHAMBURG1490 IHAMBURG1464 IHAMBURG2065 IHAMBURG272 IHAMBURG805 IHAMBURG1248 IHAMBURG2045 IHAMBURG154 IHAMBURG1933 IHAMBURG1679 IHAMBURG1783 IHHTREUD3 IHAMBURG1370 IHAMBURG95 IHAMBURG988 IHAMBURG417 IHAMBURG479 IHAMBURG1306 IHAMBURG832 IHAMBURG481 IHHFARMS2 IHAMBURG230 IOSTSTEI3 IHAMBURG527 IHAMBURG1655 IHAMBURG1212 IHAMBURG150 IHAMBURG242 IHAMBURG1082 IHAMBURG209 IHAMBURG772 IHAMBURG2039 IHAMBURG172 ILBHOOPT2 IHAMBURG2075 IHHSTEIN2 IHHSCHNE3 IHAMBURG53 IHAMBURG1843 IHAMBURG2048 IHAMBURG213 IHAMBURG465 IHAMBURG620 IHAMBURG1699 IHHLURUP2 IHHLOKST3 IHAMBURG446 ILBROSEN2 IHAMBURG166 IHAMBURG274 IWINSENL6 IHAMBURG540 IHAMBURG610 IHAMBURG1264 IHAMBURG142 IHAMBURG851 IHAMBURG1252 IHAMBURG1484 IHAMBURG373 IHHHELLB3 IHAMBURG169 IHAMBURG1785 IHAMBURG1973 IHAMBURG844 IHAMBURG1614 IHAMBURG286 IHAMBURG1184 IHAMBURG1102 IHAMBURG1504 IHAMBURG355 IHAMBURG2017 IHAMBURG199 IHAMBURG1628 IBNNINGS3 IHAMBURG1150 IHAMBURG2030 IHAMBURG660 IHAMBURG847 IHAMBURG224 IHAMBURG1618 IHAMBURG1186 IHHLANGE3 IHAMBURG1671 IHAMBURG1427 IHAMBURG1284 IHAMBURG2009 IHAMBURG1470 IHAMBURG1916 IHAMBURG1492 IHHSCHNE2 IHAMBURG335 IHAMBURG84 IHAMBURG1880 IHHEIDEL3 IHAMBURG938 IHAMBURG2088 IHAMBURG654 IHAMBURG1787 IHAMBURG1383 IHAMBURG131 IHAMBURG514 IHAMBURG1106 IHAMBURG1930 IHHGRUEN2 IHAMBURG715 IHHNEUGR2 IHAMBURG1314 IHAMBURG594 IHAMBURG1436 IHAMBURG1962 IHAMBURG222 IHAMBURG285 IHAMBURG1110 IHAMBURG456 IHAMBURG93 IHAMBURG2066 IHAMBURG1144 IHAMBURG233 IHAMBURG1779 IHAMBURG2052 IHAMBURG2081 IHHHOHEN3 IHAMBURG441 IHAMBURG638 IHHNEUBO3 IHAMBURG1068 IHAMBURG1152 IHAMBURG592 IHAMBURG1548 IHAMBURG1098 IHAMBURG1208 IHAMBURG1917 IHAMBURG1594 IHAMBURG205 IBARSBTT22 IHAMBURG924 IHAMBURG218 IHAMBURG149 IHAMBURG626 IHAMBURG190 IHAMBURG1120 IHAMBURG1164 IHAMBURG32 IHAMBURG648 IHAMBURG1922 INORDERS21 IHAMBURG699 IHHBARMB6 IHAMBURG52 IHAMBURG39 IHAMBURG978 IHAMBURG1084 IHAMBURG1675 ILBALVES2 IHAMBURG1389 IHHEIDEL5 IHAMBURG741 IHAMBURG1216 IHHBARMB5 IHAMBURG1681 IHAMBURG1054 IHAMBURG316 IHAMBURG439 IWENTORF21 IHAMBURG1771 IHAMBURG454 IHAMBURG2016 IHAMBURG10 IHAMBURG99 IHAMBURG1036 ISEEVETA49 IHAMBURG1332 IHAMBURG1462 IHAMBURG206 IHAMBURG132 IHAMBURG57 INORDERS98 ISEEVETA78 IHAMBURG261 IHAMBURG243 IHAMBURG188 IHAMBURG803 IHAMBURG180 IHHWILHE2 IHAMBURG1188 IHAMBURG1220 IHAMBURG1755 IHAMBURG1813 IHAMBURG1158 IHAMBURG109 IHAMBURG762 IHAMBURG1639 IHAMBURG1797 IHAMBURG1516 IHAMBURG604 IHAMBURG170 IHAMBURG1995 IHAMBURG1923 IHHMEIEN2 IHAMBURG517 INORDERS72 IHAMBURG1645 IHAMBURG632 IHAMBURG1538 IHAMBURG2025 IHAMBURG1950 IHAMBURG1789 IHAMBURG138 IHAMBURG192 IHAMBURG1336 IHAMBURG153 IHAMBURG2041 IHAMBURG1809 IHAMBURG342 IHAMBURG1635 IHHEINLA2 IHHGROSS2 IHAMBURG1266 IHAMBURG1512 IHAMBURG289 IHAMBURG1759 IHAMBURG971 IHAMBURG404 IHAMBURG1128 IHAMBURG1026 IHAMBURG92 IHAMBURG1974 IHAMBURG778 IHAMBURG1200 IHHEIDEL4 IHAMBURG82 IHAMBURG1946 IHAMBURG1616 IHHHAMBU5 IHAMBURG89 IHAMBURG2079 IHAMBURG693 IHAMBURG1180 IHAMBURG1296 IHAMBURG1292 IHHROTHE2 IHAMBURG469 IHAMBURG104 IHAMBURG1302 IHAMBURG1086 IHAMBURG737 IHHBERGS2 IHAMBURG184 IHAMBURG1058 IHAMBURG276 IHAMBURG90 IHAMBURG630 IHHHAMBU4 IHAMBURG363 IHAMBURG1989 IHAMBURG1709 IHAMBURG1920 IHAMBURG1350 IHAMBURG1864 IHAMBURG338 INORDERS16 IHAMBURG1795
2017-08-21 00:20:45,117 INFO idw_p2_cn5  1.992 n=8784
2017-08-21 00:20:45,119 INFO idw_p2_dt   2.137 n=8757
2017-08-21 00:20:45,119 INFO idw_p2_cn3  2.224 n=8784
2017-08-21 00:20:45,119 INFO idw_p3_cn3  2.214 n=8784
2017-08-21 00:20:45,119 INFO nn          2.220 n=8784
2017-08-21 00:20:45,119 INFO idw_p1_cn5  1.866 n=8784
2017-08-21 00:20:45,120 INFO idw_p3_all  1.856 n=8784
2017-08-21 00:20:45,120 INFO min_cn3     0.960 n=8784
2017-08-21 00:20:45,120 INFO max_dt      3.547 n=8757
2017-08-21 00:20:45,120 INFO idw_p4_dt   2.225 n=8757
2017-08-21 00:20:45,120 INFO idw_p4_cn3  2.219 n=8784
2017-08-21 00:20:45,121 INFO idw_p4_cn5  2.176 n=8784
2017-08-21 00:20:45,121 INFO max_cn3     6.202 n=8784
2017-08-21 00:20:45,121 INFO mean_cn3    2.616 n=8784
2017-08-21 00:20:45,121 INFO idw_p1_cn3  2.335 n=8784
2017-08-21 00:20:45,121 INFO median_cn3  1.886 n=8784
2017-08-21 00:20:45,122 INFO max_cn5     6.260 n=8784
2017-08-21 00:20:45,122 INFO idw_p3_dt   2.204 n=8757
2017-08-21 00:20:45,122 INFO median_all  0.785 n=8784
2017-08-21 00:20:45,122 INFO min_cn5     1.058 n=8784
2017-08-21 00:20:45,122 INFO mean_dt     1.780 n=8757
2017-08-21 00:20:45,123 INFO mean_all    0.940 n=8784
2017-08-21 00:20:45,123 INFO min_all     5.775 n=8784
2017-08-21 00:20:45,123 INFO median_dt   1.707 n=8757
2017-08-21 00:20:45,123 INFO median_cn5  1.130 n=8784
2017-08-21 00:20:45,123 INFO eddh        1.495 n=8773
2017-08-21 00:20:45,123 INFO mean_cn5    1.792 n=8784
2017-08-21 00:20:45,124 INFO idw_p2_all  1.370 n=8784
2017-08-21 00:20:45,124 INFO idw_p1_dt   1.992 n=8757
2017-08-21 00:20:45,124 INFO idw_p4_all  2.100 n=8784
2017-08-21 00:20:45,124 INFO idw_p1_all  1.015 n=8784
2017-08-21 00:20:45,124 INFO idw_p3_cn5  2.111 n=8784
2017-08-21 00:20:45,125 INFO min_dt      1.005 n=8757
2017-08-21 00:20:45,125 INFO max_all     15.346 n=8784
2017-08-21 00:20:45,125 INFO end method list
2017-08-21 00:20:45,472 INFO interpolate for LGM
2017-08-21 00:20:45,472 INFO currently at 3 out of 10
2017-08-21 00:20:45,473 INFO use IHAMBURG60 IHAMBURG214 IHHCURSL2 IHAMBURG711 IHAMBURG684 IHAMBURG1377 IHAMBURG760 IHHHINSC3 IHAMBURG646 IHAMBURG2013 IHAMBURG489 IHAMBURG361 IHAMBURG1374 IHAMBURG406 IHHHINSC4 IHAMBURG565 IHAMBURG279 IHAMBURG1236 IHAMBURG1508 IHAMBURG189 IHAMBURG1494 IHAMBURG2024 IHAMBURG1154 IHAMBURG1953 IHAMBURG1940 IHAMBURG128 IHAMBURG315 IHAMBURG1116 IHAMBURG797 IHAMBURG976 IHAMBURG1118 IHAMBURG250 IHAMBURG1192 IHHEISSE2 ISANKTUR5 IHAMBURG1860 IHAMBURG1391 IHAMBURG365 IHHSINST2 IHAMBURG1088 IHAMBURG2073 IHAMBURG353 IHAMBURG2004 IHHALSTE2 IHAMBURG2069 IHAMBURG61 IHAMBURG550 IHAMBURG1268 IHAMBURG123 IHAMBURG1683 IHAMBURG20 IHAMBURG1190 IHAMBURG709 IHAMBURG427 IHAMBURG731 IHAMBURG1697 IHHWELLI2 IHHHAMBU2 IHAMBURG914 IHAMBURG2043 IHAMBURG1214 IHAMBURG1316 IHHSASEL2 IHAMBURG1076 IHAMBURG229 IHAMBURG1028 IHAMBURG98 IHHHELLB2 IHAMBURG863 IHAMBURG113 IHHSCHNE4 IHAMBURG79 IHAMBURG1526 IHAMBURG656 IHAMBURG1819 IHAMBURG1204 IHAMBURG1234 IHAMBURG1600 IHAMBURG774 IHAMBURG1815 IHAMBURG308 IHAMBURG1791 IHAMBURG44 IHAMBURG2018 IHAMBURG290 INORDERS2 IHAMBURG1976 IHAMBURG1945 IBARSBTT19 IHAMBURG990 IHAMBURG1498 IHAMBURG258 IHAMBURG452 IHAMBURG1502 IHAMBURG162 IHAMBURG2008 IHAMBURG1308 IHAMBURG600 IHAMBURG1986 IHAMBURG1990 IHAMBURG367 IHAMBURG110 IHAMBURG1074 IHAMBURG515 IHAMBURG270 IHAMBURG1890 IHAMBURG1172 IHAMBURG628 IHAMBURG1198 IHAMBURG1500 IHAMBURG262 IHAMBURG1711 IHAMBURG812 IHAMBURG1805 IHAMBURG1411 IHAMBURG171 IHAMBURG900 IHAMBURG974 IHAMBURG2062 IHHOSDOR2 IHHHOHEN2 IHAMBURG402 IHAMBURG1910 IHAMBURG840 IHAMBURG400 IHAMBURG1270 IHAMBURG1056 IHAMBURG1136 IHAMBURG83 IHAMBURG56 IHAMBURG910 IHAMBURG1985 IHAMBURG955 IHAMBURG1064 IHAMBURG405 IAHRENSB13 IHAMBURG1254 IHAMBURG2085 IHAMBURG436 IHAMBURG354 IHAMBURG1928 IHHMARIE3 IHHMARIE2 IHAMBURG2000 IHAMBURG1942 IHORN16 IHAMBURG1368 IHHSTEIL2 IHAMBURG1823 IHAMBURG1176 IHAMBURG329 IHAMBURG1932 IHAMBURG674 IHAMBURG216 IHAMBURG880 IBORNSEN2 IHAMBURG1602 IHHRISSE2 IHAMBURG1182 IHAMBURG1142 IHHKLEIN2 IHAMBURG787 IHAMBURG64 IHAMBURG1166 IHAMBURG1342 IHAMBURG1230 IHAMBURG1941 IHAMBURG118 IHAMBURG412 IHAMBURG152 IHAMBURG1114 IHAMBURG435 IHAMBURG198 IHAMBURG108 IHAMBURG471 IHAMBURG1606 IHAMBURG200 IHAMBURG1540 IHAMBURG1753 IHAMBURG1952 IHAMBURG2072 IHAMBURG1490 IHAMBURG1464 IHAMBURG2065 IHAMBURG272 IHAMBURG805 IHAMBURG1248 IHAMBURG2045 IHAMBURG154 IHAMBURG1933 IHAMBURG1679 IHAMBURG1783 IHHTREUD3 IHAMBURG1370 IHAMBURG95 IHAMBURG988 IHAMBURG417 IHAMBURG479 IHAMBURG1306 IHAMBURG832 IHAMBURG481 IHHFARMS2 IHAMBURG230 IOSTSTEI3 IHAMBURG527 IHAMBURG1655 IHAMBURG1212 IHAMBURG150 IHAMBURG242 IHAMBURG1082 IHAMBURG209 IHAMBURG772 IHAMBURG2039 IHAMBURG172 ILBHOOPT2 IHAMBURG2075 IHHSTEIN2 IHHSCHNE3 IHAMBURG53 IHAMBURG1843 IHAMBURG2048 IHAMBURG213 IHAMBURG465 IHAMBURG620 IHAMBURG1699 IHHLURUP2 IHHLOKST3 IHAMBURG446 ILBROSEN2 IHAMBURG166 IHAMBURG274 IWINSENL6 IHAMBURG540 IHAMBURG610 IHAMBURG1264 IHAMBURG142 IHAMBURG851 IHAMBURG1252 IHAMBURG1484 IHAMBURG373 IHHHELLB3 IHAMBURG169 IHAMBURG1785 IHAMBURG1973 IHAMBURG844 IHAMBURG1614 IHAMBURG286 IHAMBURG1184 IHAMBURG1102 IHAMBURG1504 IHAMBURG355 IHAMBURG2017 IHAMBURG199 IHAMBURG1628 IBNNINGS3 IHAMBURG1150 IHAMBURG2030 IHAMBURG660 IHAMBURG847 IHAMBURG224 IHAMBURG1618 IHAMBURG1186 IHHLANGE3 IHAMBURG1671 IHAMBURG1427 IHAMBURG1284 IHAMBURG2009 IHAMBURG1470 IHAMBURG1916 IHAMBURG1492 IHHSCHNE2 IHAMBURG335 IHAMBURG84 IHAMBURG1880 IHHEIDEL3 IHAMBURG938 IHAMBURG2088 IHAMBURG654 IHAMBURG1787 IHAMBURG1383 IHAMBURG131 IHAMBURG514 IHAMBURG1106 IHAMBURG1930 IHHGRUEN2 IHAMBURG715 IHHNEUGR2 IHAMBURG1314 IHAMBURG594 IHAMBURG1436 IHAMBURG1962 IHAMBURG222 IHAMBURG285 IHAMBURG1110 IHAMBURG456 IHAMBURG93 IHAMBURG2066 IHAMBURG1144 IHAMBURG233 IHAMBURG1779 IHAMBURG2052 IHAMBURG2081 IHHHOHEN3 IHAMBURG441 IHAMBURG638 IHHNEUBO3 IHAMBURG1068 IHAMBURG1152 IHAMBURG592 IHAMBURG1548 IHAMBURG1098 IHAMBURG1208 IHAMBURG1917 IHAMBURG1594 IHAMBURG205 IBARSBTT22 IHAMBURG924 IHAMBURG218 IHAMBURG149 IHAMBURG626 IHAMBURG190 IHAMBURG1120 IHAMBURG1164 IHAMBURG32 IHAMBURG648 IHAMBURG1922 INORDERS21 IHAMBURG699 IHHBARMB6 IHAMBURG52 IHAMBURG39 IHAMBURG978 IHAMBURG1084 IHAMBURG1675 ILBALVES2 IHAMBURG1389 IHHEIDEL5 IHAMBURG741 IHAMBURG1216 IHHBARMB5 IHAMBURG1681 IHAMBURG1054 IHAMBURG316 IHAMBURG439 IWENTORF21 IHAMBURG1771 IHAMBURG454 IHAMBURG2016 IHAMBURG10 IHAMBURG99 IHAMBURG1036 ISEEVETA49 IHAMBURG1332 IHAMBURG1462 IHAMBURG206 IHAMBURG132 IHAMBURG57 INORDERS98 ISEEVETA78 IHAMBURG261 IHAMBURG243 IHAMBURG188 IHAMBURG803 IHAMBURG180 IHHWILHE2 IHAMBURG1188 IHAMBURG1220 IHAMBURG1755 IHAMBURG1813 IHAMBURG1158 IHAMBURG109 IHAMBURG762 IHAMBURG1639 IHAMBURG1797 IHAMBURG1516 IHAMBURG604 IHAMBURG170 IHAMBURG1995 IHAMBURG1923 IHHMEIEN2 IHAMBURG517 INORDERS72 IHAMBURG1645 IHAMBURG632 IHAMBURG1538 IHAMBURG2025 IHAMBURG1950 IHAMBURG1789 IHAMBURG138 IHAMBURG192 IHAMBURG1336 IHAMBURG153 IHAMBURG2041 IHAMBURG1809 IHAMBURG342 IHAMBURG1635 IHHEINLA2 IHHGROSS2 IHAMBURG1266 IHAMBURG1512 IHAMBURG289 IHAMBURG1759 IHAMBURG971 IHAMBURG404 IHAMBURG1128 IHAMBURG1026 IHAMBURG92 IHAMBURG1974 IHAMBURG778 IHAMBURG1200 IHHEIDEL4 IHAMBURG82 IHAMBURG1946 IHAMBURG1616 IHHHAMBU5 IHAMBURG89 IHAMBURG2079 IHAMBURG693 IHAMBURG1180 IHAMBURG1296 IHAMBURG1292 IHHROTHE2 IHAMBURG469 IHAMBURG104 IHAMBURG1302 IHAMBURG1086 IHAMBURG737 IHHBERGS2 IHAMBURG184 IHAMBURG1058 IHAMBURG276 IHAMBURG90 IHAMBURG630 IHHHAMBU4 IHAMBURG363 IHAMBURG1989 IHAMBURG1709 IHAMBURG1920 IHAMBURG1350 IHAMBURG1864 IHAMBURG338 INORDERS16 IHAMBURG1795
2017-08-21 00:47:02,161 INFO idw_p2_cn5  1.094 n=8768
2017-08-21 00:47:02,163 INFO idw_p2_dt   1.194 n=8663
2017-08-21 00:47:02,163 INFO idw_p2_cn3  1.048 n=8768
2017-08-21 00:47:02,163 INFO idw_p3_cn3  1.051 n=8768
2017-08-21 00:47:02,163 INFO nn          1.178 n=8768
2017-08-21 00:47:02,164 INFO idw_p1_cn5  1.228 n=8768
2017-08-21 00:47:02,164 INFO idw_p3_all  1.106 n=8768
2017-08-21 00:47:02,164 INFO min_cn3     0.806 n=8768
2017-08-21 00:47:02,164 INFO max_dt      2.441 n=8663
2017-08-21 00:47:02,164 INFO idw_p4_dt   1.203 n=8663
2017-08-21 00:47:02,165 INFO idw_p4_cn3  1.056 n=8768
2017-08-21 00:47:02,165 INFO idw_p4_cn5  1.061 n=8768
2017-08-21 00:47:02,165 INFO max_cn3     2.119 n=8768
2017-08-21 00:47:02,165 INFO mean_cn3    1.124 n=8768
2017-08-21 00:47:02,165 INFO idw_p1_cn3  1.058 n=8768
2017-08-21 00:47:02,166 INFO median_cn3  1.067 n=8768
2017-08-21 00:47:02,166 INFO max_cn5     4.508 n=8768
2017-08-21 00:47:02,166 INFO idw_p3_dt   1.202 n=8663
2017-08-21 00:47:02,166 INFO median_all  1.744 n=8768
2017-08-21 00:47:02,166 INFO min_cn5     0.930 n=8768
2017-08-21 00:47:02,166 INFO mean_dt     1.234 n=8663
2017-08-21 00:47:02,167 INFO mean_all    1.951 n=8768
2017-08-21 00:47:02,167 INFO min_all     4.929 n=8768
2017-08-21 00:47:02,167 INFO median_dt   1.069 n=8663
2017-08-21 00:47:02,167 INFO median_cn5  1.281 n=8768
2017-08-21 00:47:02,167 INFO eddh        0.821 n=8755
2017-08-21 00:47:02,168 INFO mean_cn5    1.520 n=8768
2017-08-21 00:47:02,168 INFO idw_p2_all  1.372 n=8768
2017-08-21 00:47:02,168 INFO idw_p1_dt   1.147 n=8663
2017-08-21 00:47:02,168 INFO idw_p4_all  1.066 n=8768
2017-08-21 00:47:02,168 INFO idw_p1_all  1.780 n=8768
2017-08-21 00:47:02,169 INFO idw_p3_cn5  1.064 n=8768
2017-08-21 00:47:02,169 INFO min_dt      0.860 n=8663
2017-08-21 00:47:02,169 INFO max_all     16.471 n=8768
2017-08-21 00:47:02,169 INFO end method list
2017-08-21 00:47:02,470 INFO interpolate for LWM
2017-08-21 00:47:02,471 INFO currently at 4 out of 10
2017-08-21 00:47:02,471 INFO use IHAMBURG60 IHAMBURG214 IHHCURSL2 IHAMBURG711 IHAMBURG684 IHAMBURG1377 IHAMBURG760 IHHHINSC3 IHAMBURG646 IHAMBURG2013 IHAMBURG489 IHAMBURG361 IHAMBURG1374 IHAMBURG406 IHHHINSC4 IHAMBURG565 IHAMBURG279 IHAMBURG1236 IHAMBURG1508 IHAMBURG189 IHAMBURG1494 IHAMBURG2024 IHAMBURG1154 IHAMBURG1953 IHAMBURG1940 IHAMBURG128 IHAMBURG315 IHAMBURG1116 IHAMBURG797 IHAMBURG976 IHAMBURG1118 IHAMBURG250 IHAMBURG1192 IHHEISSE2 ISANKTUR5 IHAMBURG1860 IHAMBURG1391 IHAMBURG365 IHHSINST2 IHAMBURG1088 IHAMBURG2073 IHAMBURG353 IHAMBURG2004 IHHALSTE2 IHAMBURG2069 IHAMBURG61 IHAMBURG550 IHAMBURG1268 IHAMBURG123 IHAMBURG1683 IHAMBURG20 IHAMBURG1190 IHAMBURG709 IHAMBURG427 IHAMBURG731 IHAMBURG1697 IHHWELLI2 IHHHAMBU2 IHAMBURG914 IHAMBURG2043 IHAMBURG1214 IHAMBURG1316 IHHSASEL2 IHAMBURG1076 IHAMBURG229 IHAMBURG1028 IHAMBURG98 IHHHELLB2 IHAMBURG863 IHAMBURG113 IHHSCHNE4 IHAMBURG79 IHAMBURG1526 IHAMBURG656 IHAMBURG1819 IHAMBURG1204 IHAMBURG1234 IHAMBURG1600 IHAMBURG774 IHAMBURG1815 IHAMBURG308 IHAMBURG1791 IHAMBURG44 IHAMBURG2018 IHAMBURG290 INORDERS2 IHAMBURG1976 IHAMBURG1945 IBARSBTT19 IHAMBURG990 IHAMBURG1498 IHAMBURG258 IHAMBURG452 IHAMBURG1502 IHAMBURG162 IHAMBURG2008 IHAMBURG1308 IHAMBURG600 IHAMBURG1986 IHAMBURG1990 IHAMBURG367 IHAMBURG110 IHAMBURG1074 IHAMBURG515 IHAMBURG270 IHAMBURG1890 IHAMBURG1172 IHAMBURG628 IHAMBURG1198 IHAMBURG1500 IHAMBURG262 IHAMBURG1711 IHAMBURG812 IHAMBURG1805 IHAMBURG1411 IHAMBURG171 IHAMBURG900 IHAMBURG974 IHAMBURG2062 IHHOSDOR2 IHHHOHEN2 IHAMBURG402 IHAMBURG1910 IHAMBURG840 IHAMBURG400 IHAMBURG1270 IHAMBURG1056 IHAMBURG1136 IHAMBURG83 IHAMBURG56 IHAMBURG910 IHAMBURG1985 IHAMBURG955 IHAMBURG1064 IHAMBURG405 IAHRENSB13 IHAMBURG1254 IHAMBURG2085 IHAMBURG436 IHAMBURG354 IHAMBURG1928 IHHMARIE3 IHHMARIE2 IHAMBURG2000 IHAMBURG1942 IHORN16 IHAMBURG1368 IHHSTEIL2 IHAMBURG1823 IHAMBURG1176 IHAMBURG329 IHAMBURG1932 IHAMBURG674 IHAMBURG216 IHAMBURG880 IBORNSEN2 IHAMBURG1602 IHHRISSE2 IHAMBURG1182 IHAMBURG1142 IHHKLEIN2 IHAMBURG787 IHAMBURG64 IHAMBURG1166 IHAMBURG1342 IHAMBURG1230 IHAMBURG1941 IHAMBURG118 IHAMBURG412 IHAMBURG152 IHAMBURG1114 IHAMBURG435 IHAMBURG198 IHAMBURG108 IHAMBURG471 IHAMBURG1606 IHAMBURG200 IHAMBURG1540 IHAMBURG1753 IHAMBURG1952 IHAMBURG2072 IHAMBURG1490 IHAMBURG1464 IHAMBURG2065 IHAMBURG272 IHAMBURG805 IHAMBURG1248 IHAMBURG2045 IHAMBURG154 IHAMBURG1933 IHAMBURG1679 IHAMBURG1783 IHHTREUD3 IHAMBURG1370 IHAMBURG95 IHAMBURG988 IHAMBURG417 IHAMBURG479 IHAMBURG1306 IHAMBURG832 IHAMBURG481 IHHFARMS2 IHAMBURG230 IOSTSTEI3 IHAMBURG527 IHAMBURG1655 IHAMBURG1212 IHAMBURG150 IHAMBURG242 IHAMBURG1082 IHAMBURG209 IHAMBURG772 IHAMBURG2039 IHAMBURG172 ILBHOOPT2 IHAMBURG2075 IHHSTEIN2 IHHSCHNE3 IHAMBURG53 IHAMBURG1843 IHAMBURG2048 IHAMBURG213 IHAMBURG465 IHAMBURG620 IHAMBURG1699 IHHLURUP2 IHHLOKST3 IHAMBURG446 ILBROSEN2 IHAMBURG166 IHAMBURG274 IWINSENL6 IHAMBURG540 IHAMBURG610 IHAMBURG1264 IHAMBURG142 IHAMBURG851 IHAMBURG1252 IHAMBURG1484 IHAMBURG373 IHHHELLB3 IHAMBURG169 IHAMBURG1785 IHAMBURG1973 IHAMBURG844 IHAMBURG1614 IHAMBURG286 IHAMBURG1184 IHAMBURG1102 IHAMBURG1504 IHAMBURG355 IHAMBURG2017 IHAMBURG199 IHAMBURG1628 IBNNINGS3 IHAMBURG1150 IHAMBURG2030 IHAMBURG660 IHAMBURG847 IHAMBURG224 IHAMBURG1618 IHAMBURG1186 IHHLANGE3 IHAMBURG1671 IHAMBURG1427 IHAMBURG1284 IHAMBURG2009 IHAMBURG1470 IHAMBURG1916 IHAMBURG1492 IHHSCHNE2 IHAMBURG335 IHAMBURG84 IHAMBURG1880 IHHEIDEL3 IHAMBURG938 IHAMBURG2088 IHAMBURG654 IHAMBURG1787 IHAMBURG1383 IHAMBURG131 IHAMBURG514 IHAMBURG1106 IHAMBURG1930 IHHGRUEN2 IHAMBURG715 IHHNEUGR2 IHAMBURG1314 IHAMBURG594 IHAMBURG1436 IHAMBURG1962 IHAMBURG222 IHAMBURG285 IHAMBURG1110 IHAMBURG456 IHAMBURG93 IHAMBURG2066 IHAMBURG1144 IHAMBURG233 IHAMBURG1779 IHAMBURG2052 IHAMBURG2081 IHHHOHEN3 IHAMBURG441 IHAMBURG638 IHHNEUBO3 IHAMBURG1068 IHAMBURG1152 IHAMBURG592 IHAMBURG1548 IHAMBURG1098 IHAMBURG1208 IHAMBURG1917 IHAMBURG1594 IHAMBURG205 IBARSBTT22 IHAMBURG924 IHAMBURG218 IHAMBURG149 IHAMBURG626 IHAMBURG190 IHAMBURG1120 IHAMBURG1164 IHAMBURG32 IHAMBURG648 IHAMBURG1922 INORDERS21 IHAMBURG699 IHHBARMB6 IHAMBURG52 IHAMBURG39 IHAMBURG978 IHAMBURG1084 IHAMBURG1675 ILBALVES2 IHAMBURG1389 IHHEIDEL5 IHAMBURG741 IHAMBURG1216 IHHBARMB5 IHAMBURG1681 IHAMBURG1054 IHAMBURG316 IHAMBURG439 IWENTORF21 IHAMBURG1771 IHAMBURG454 IHAMBURG2016 IHAMBURG10 IHAMBURG99 IHAMBURG1036 ISEEVETA49 IHAMBURG1332 IHAMBURG1462 IHAMBURG206 IHAMBURG132 IHAMBURG57 INORDERS98 ISEEVETA78 IHAMBURG261 IHAMBURG243 IHAMBURG188 IHAMBURG803 IHAMBURG180 IHHWILHE2 IHAMBURG1188 IHAMBURG1220 IHAMBURG1755 IHAMBURG1813 IHAMBURG1158 IHAMBURG109 IHAMBURG762 IHAMBURG1639 IHAMBURG1797 IHAMBURG1516 IHAMBURG604 IHAMBURG170 IHAMBURG1995 IHAMBURG1923 IHHMEIEN2 IHAMBURG517 INORDERS72 IHAMBURG1645 IHAMBURG632 IHAMBURG1538 IHAMBURG2025 IHAMBURG1950 IHAMBURG1789 IHAMBURG138 IHAMBURG192 IHAMBURG1336 IHAMBURG153 IHAMBURG2041 IHAMBURG1809 IHAMBURG342 IHAMBURG1635 IHHEINLA2 IHHGROSS2 IHAMBURG1266 IHAMBURG1512 IHAMBURG289 IHAMBURG1759 IHAMBURG971 IHAMBURG404 IHAMBURG1128 IHAMBURG1026 IHAMBURG92 IHAMBURG1974 IHAMBURG778 IHAMBURG1200 IHHEIDEL4 IHAMBURG82 IHAMBURG1946 IHAMBURG1616 IHHHAMBU5 IHAMBURG89 IHAMBURG2079 IHAMBURG693 IHAMBURG1180 IHAMBURG1296 IHAMBURG1292 IHHROTHE2 IHAMBURG469 IHAMBURG104 IHAMBURG1302 IHAMBURG1086 IHAMBURG737 IHHBERGS2 IHAMBURG184 IHAMBURG1058 IHAMBURG276 IHAMBURG90 IHAMBURG630 IHHHAMBU4 IHAMBURG363 IHAMBURG1989 IHAMBURG1709 IHAMBURG1920 IHAMBURG1350 IHAMBURG1864 IHAMBURG338 INORDERS16 IHAMBURG1795
2017-08-21 01:13:05,827 INFO idw_p2_cn5  1.352 n=8521
2017-08-21 01:13:05,828 INFO idw_p2_dt   1.315 n=7702
2017-08-21 01:13:05,829 INFO max_dt      2.304 n=7702
2017-08-21 01:13:05,829 INFO idw_p3_cn3  1.174 n=8521
2017-08-21 01:13:05,829 INFO nn          1.312 n=8521
2017-08-21 01:13:05,829 INFO idw_p1_cn5  1.497 n=8521
2017-08-21 01:13:05,830 INFO idw_p3_all  1.469 n=8521
2017-08-21 01:13:05,830 INFO min_cn3     1.079 n=8521
2017-08-21 01:13:05,830 INFO max_cn3     2.386 n=8521
2017-08-21 01:13:05,830 INFO idw_p2_cn3  1.214 n=8521
2017-08-21 01:13:05,830 INFO idw_p4_dt   1.327 n=7702
2017-08-21 01:13:05,830 INFO idw_p4_cn3  1.150 n=8521
2017-08-21 01:13:05,830 INFO idw_p4_cn5  1.189 n=8521
2017-08-21 01:13:05,830 INFO eddh        0.976 n=8511
2017-08-21 01:13:05,830 INFO min_all     4.792 n=8521
2017-08-21 01:13:05,830 INFO idw_p1_cn3  1.276 n=8521
2017-08-21 01:13:05,831 INFO median_cn3  1.283 n=8521
2017-08-21 01:13:05,831 INFO min_dt      0.929 n=7702
2017-08-21 01:13:05,831 INFO idw_p3_dt   1.322 n=7702
2017-08-21 01:13:05,831 INFO median_all  1.871 n=8521
2017-08-21 01:13:05,831 INFO min_cn5     1.024 n=8521
2017-08-21 01:13:05,831 INFO mean_dt     1.295 n=7702
2017-08-21 01:13:05,831 INFO mean_all    2.077 n=8521
2017-08-21 01:13:05,831 INFO median_dt   1.195 n=7702
2017-08-21 01:13:05,831 INFO median_cn5  1.457 n=8521
2017-08-21 01:13:05,831 INFO idw_p4_all  1.273 n=8521
2017-08-21 01:13:05,831 INFO mean_cn5    1.678 n=8521
2017-08-21 01:13:05,831 INFO idw_p2_all  1.743 n=8521
2017-08-21 01:13:05,832 INFO idw_p1_dt   1.304 n=7702
2017-08-21 01:13:05,832 INFO mean_cn3    1.365 n=8521
2017-08-21 01:13:05,832 INFO idw_p1_all  1.952 n=8521
2017-08-21 01:13:05,832 INFO idw_p3_cn5  1.251 n=8521
2017-08-21 01:13:05,832 INFO max_cn5     3.750 n=8521
2017-08-21 01:13:05,832 INFO max_all     16.558 n=8521
2017-08-21 01:13:05,832 INFO end method list
2017-08-21 01:13:06,125 INFO interpolate for RIM
2017-08-21 01:13:06,126 INFO currently at 5 out of 10
2017-08-21 01:13:06,126 INFO use IHAMBURG60 IHAMBURG214 IHHCURSL2 IHAMBURG711 IHAMBURG684 IHAMBURG1377 IHAMBURG760 IHHHINSC3 IHAMBURG646 IHAMBURG2013 IHAMBURG489 IHAMBURG361 IHAMBURG1374 IHAMBURG406 IHHHINSC4 IHAMBURG565 IHAMBURG279 IHAMBURG1236 IHAMBURG1508 IHAMBURG189 IHAMBURG1494 IHAMBURG2024 IHAMBURG1154 IHAMBURG1953 IHAMBURG1940 IHAMBURG128 IHAMBURG315 IHAMBURG1116 IHAMBURG797 IHAMBURG976 IHAMBURG1118 IHAMBURG250 IHAMBURG1192 IHHEISSE2 ISANKTUR5 IHAMBURG1860 IHAMBURG1391 IHAMBURG365 IHHSINST2 IHAMBURG1088 IHAMBURG2073 IHAMBURG353 IHAMBURG2004 IHHALSTE2 IHAMBURG2069 IHAMBURG61 IHAMBURG550 IHAMBURG1268 IHAMBURG123 IHAMBURG1683 IHAMBURG20 IHAMBURG1190 IHAMBURG709 IHAMBURG427 IHAMBURG731 IHAMBURG1697 IHHWELLI2 IHHHAMBU2 IHAMBURG914 IHAMBURG2043 IHAMBURG1214 IHAMBURG1316 IHHSASEL2 IHAMBURG1076 IHAMBURG229 IHAMBURG1028 IHAMBURG98 IHHHELLB2 IHAMBURG863 IHAMBURG113 IHHSCHNE4 IHAMBURG79 IHAMBURG1526 IHAMBURG656 IHAMBURG1819 IHAMBURG1204 IHAMBURG1234 IHAMBURG1600 IHAMBURG774 IHAMBURG1815 IHAMBURG308 IHAMBURG1791 IHAMBURG44 IHAMBURG2018 IHAMBURG290 INORDERS2 IHAMBURG1976 IHAMBURG1945 IBARSBTT19 IHAMBURG990 IHAMBURG1498 IHAMBURG258 IHAMBURG452 IHAMBURG1502 IHAMBURG162 IHAMBURG2008 IHAMBURG1308 IHAMBURG600 IHAMBURG1986 IHAMBURG1990 IHAMBURG367 IHAMBURG110 IHAMBURG1074 IHAMBURG515 IHAMBURG270 IHAMBURG1890 IHAMBURG1172 IHAMBURG628 IHAMBURG1198 IHAMBURG1500 IHAMBURG262 IHAMBURG1711 IHAMBURG812 IHAMBURG1805 IHAMBURG1411 IHAMBURG171 IHAMBURG900 IHAMBURG974 IHAMBURG2062 IHHOSDOR2 IHHHOHEN2 IHAMBURG402 IHAMBURG1910 IHAMBURG840 IHAMBURG400 IHAMBURG1270 IHAMBURG1056 IHAMBURG1136 IHAMBURG83 IHAMBURG56 IHAMBURG910 IHAMBURG1985 IHAMBURG955 IHAMBURG1064 IHAMBURG405 IAHRENSB13 IHAMBURG1254 IHAMBURG2085 IHAMBURG436 IHAMBURG354 IHAMBURG1928 IHHMARIE3 IHHMARIE2 IHAMBURG2000 IHAMBURG1942 IHORN16 IHAMBURG1368 IHHSTEIL2 IHAMBURG1823 IHAMBURG1176 IHAMBURG329 IHAMBURG1932 IHAMBURG674 IHAMBURG216 IHAMBURG880 IBORNSEN2 IHAMBURG1602 IHHRISSE2 IHAMBURG1182 IHAMBURG1142 IHHKLEIN2 IHAMBURG787 IHAMBURG64 IHAMBURG1166 IHAMBURG1342 IHAMBURG1230 IHAMBURG1941 IHAMBURG118 IHAMBURG412 IHAMBURG152 IHAMBURG1114 IHAMBURG435 IHAMBURG198 IHAMBURG108 IHAMBURG471 IHAMBURG1606 IHAMBURG200 IHAMBURG1540 IHAMBURG1753 IHAMBURG1952 IHAMBURG2072 IHAMBURG1490 IHAMBURG1464 IHAMBURG2065 IHAMBURG272 IHAMBURG805 IHAMBURG1248 IHAMBURG2045 IHAMBURG154 IHAMBURG1933 IHAMBURG1679 IHAMBURG1783 IHHTREUD3 IHAMBURG1370 IHAMBURG95 IHAMBURG988 IHAMBURG417 IHAMBURG479 IHAMBURG1306 IHAMBURG832 IHAMBURG481 IHHFARMS2 IHAMBURG230 IOSTSTEI3 IHAMBURG527 IHAMBURG1655 IHAMBURG1212 IHAMBURG150 IHAMBURG242 IHAMBURG1082 IHAMBURG209 IHAMBURG772 IHAMBURG2039 IHAMBURG172 ILBHOOPT2 IHAMBURG2075 IHHSTEIN2 IHHSCHNE3 IHAMBURG53 IHAMBURG1843 IHAMBURG2048 IHAMBURG213 IHAMBURG465 IHAMBURG620 IHAMBURG1699 IHHLURUP2 IHHLOKST3 IHAMBURG446 ILBROSEN2 IHAMBURG166 IHAMBURG274 IWINSENL6 IHAMBURG540 IHAMBURG610 IHAMBURG1264 IHAMBURG142 IHAMBURG851 IHAMBURG1252 IHAMBURG1484 IHAMBURG373 IHHHELLB3 IHAMBURG169 IHAMBURG1785 IHAMBURG1973 IHAMBURG844 IHAMBURG1614 IHAMBURG286 IHAMBURG1184 IHAMBURG1102 IHAMBURG1504 IHAMBURG355 IHAMBURG2017 IHAMBURG199 IHAMBURG1628 IBNNINGS3 IHAMBURG1150 IHAMBURG2030 IHAMBURG660 IHAMBURG847 IHAMBURG224 IHAMBURG1618 IHAMBURG1186 IHHLANGE3 IHAMBURG1671 IHAMBURG1427 IHAMBURG1284 IHAMBURG2009 IHAMBURG1470 IHAMBURG1916 IHAMBURG1492 IHHSCHNE2 IHAMBURG335 IHAMBURG84 IHAMBURG1880 IHHEIDEL3 IHAMBURG938 IHAMBURG2088 IHAMBURG654 IHAMBURG1787 IHAMBURG1383 IHAMBURG131 IHAMBURG514 IHAMBURG1106 IHAMBURG1930 IHHGRUEN2 IHAMBURG715 IHHNEUGR2 IHAMBURG1314 IHAMBURG594 IHAMBURG1436 IHAMBURG1962 IHAMBURG222 IHAMBURG285 IHAMBURG1110 IHAMBURG456 IHAMBURG93 IHAMBURG2066 IHAMBURG1144 IHAMBURG233 IHAMBURG1779 IHAMBURG2052 IHAMBURG2081 IHHHOHEN3 IHAMBURG441 IHAMBURG638 IHHNEUBO3 IHAMBURG1068 IHAMBURG1152 IHAMBURG592 IHAMBURG1548 IHAMBURG1098 IHAMBURG1208 IHAMBURG1917 IHAMBURG1594 IHAMBURG205 IBARSBTT22 IHAMBURG924 IHAMBURG218 IHAMBURG149 IHAMBURG626 IHAMBURG190 IHAMBURG1120 IHAMBURG1164 IHAMBURG32 IHAMBURG648 IHAMBURG1922 INORDERS21 IHAMBURG699 IHHBARMB6 IHAMBURG52 IHAMBURG39 IHAMBURG978 IHAMBURG1084 IHAMBURG1675 ILBALVES2 IHAMBURG1389 IHHEIDEL5 IHAMBURG741 IHAMBURG1216 IHHBARMB5 IHAMBURG1681 IHAMBURG1054 IHAMBURG316 IHAMBURG439 IWENTORF21 IHAMBURG1771 IHAMBURG454 IHAMBURG2016 IHAMBURG10 IHAMBURG99 IHAMBURG1036 ISEEVETA49 IHAMBURG1332 IHAMBURG1462 IHAMBURG206 IHAMBURG132 IHAMBURG57 INORDERS98 ISEEVETA78 IHAMBURG261 IHAMBURG243 IHAMBURG188 IHAMBURG803 IHAMBURG180 IHHWILHE2 IHAMBURG1188 IHAMBURG1220 IHAMBURG1755 IHAMBURG1813 IHAMBURG1158 IHAMBURG109 IHAMBURG762 IHAMBURG1639 IHAMBURG1797 IHAMBURG1516 IHAMBURG604 IHAMBURG170 IHAMBURG1995 IHAMBURG1923 IHHMEIEN2 IHAMBURG517 INORDERS72 IHAMBURG1645 IHAMBURG632 IHAMBURG1538 IHAMBURG2025 IHAMBURG1950 IHAMBURG1789 IHAMBURG138 IHAMBURG192 IHAMBURG1336 IHAMBURG153 IHAMBURG2041 IHAMBURG1809 IHAMBURG342 IHAMBURG1635 IHHEINLA2 IHHGROSS2 IHAMBURG1266 IHAMBURG1512 IHAMBURG289 IHAMBURG1759 IHAMBURG971 IHAMBURG404 IHAMBURG1128 IHAMBURG1026 IHAMBURG92 IHAMBURG1974 IHAMBURG778 IHAMBURG1200 IHHEIDEL4 IHAMBURG82 IHAMBURG1946 IHAMBURG1616 IHHHAMBU5 IHAMBURG89 IHAMBURG2079 IHAMBURG693 IHAMBURG1180 IHAMBURG1296 IHAMBURG1292 IHHROTHE2 IHAMBURG469 IHAMBURG104 IHAMBURG1302 IHAMBURG1086 IHAMBURG737 IHHBERGS2 IHAMBURG184 IHAMBURG1058 IHAMBURG276 IHAMBURG90 IHAMBURG630 IHHHAMBU4 IHAMBURG363 IHAMBURG1989 IHAMBURG1709 IHAMBURG1920 IHAMBURG1350 IHAMBURG1864 IHAMBURG338 INORDERS16 IHAMBURG1795
2017-08-21 01:40:14,111 INFO idw_p2_cn5  2.250 n=8760
2017-08-21 01:40:14,111 INFO idw_p2_dt   2.334 n=7743
2017-08-21 01:40:14,112 INFO max_dt      2.606 n=7743
2017-08-21 01:40:14,112 INFO idw_p3_cn3  2.366 n=8760
2017-08-21 01:40:14,112 INFO nn          2.382 n=8760
2017-08-21 01:40:14,112 INFO idw_p1_cn5  2.033 n=8760
2017-08-21 01:40:14,112 INFO idw_p3_all  2.311 n=8760
2017-08-21 01:40:14,112 INFO min_cn3     1.504 n=8760
2017-08-21 01:40:14,112 INFO max_cn3     3.130 n=8760
2017-08-21 01:40:14,112 INFO idw_p2_cn3  2.344 n=8760
2017-08-21 01:40:14,112 INFO idw_p4_dt   2.407 n=7743
2017-08-21 01:40:14,112 INFO idw_p4_cn3  2.373 n=8760
2017-08-21 01:40:14,113 INFO idw_p4_cn5  2.365 n=8760
2017-08-21 01:40:14,113 INFO eddh        0.989 n=8752
2017-08-21 01:40:14,113 INFO min_all     5.043 n=8760
2017-08-21 01:40:14,113 INFO idw_p1_cn3  2.285 n=8760
2017-08-21 01:40:14,113 INFO median_cn3  2.173 n=8760
2017-08-21 01:40:14,113 INFO min_dt      1.072 n=7743
2017-08-21 01:40:14,113 INFO idw_p3_dt   2.388 n=7743
2017-08-21 01:40:14,113 INFO median_all  1.617 n=8760
2017-08-21 01:40:14,113 INFO min_cn5     1.275 n=8760
2017-08-21 01:40:14,113 INFO mean_dt     1.656 n=7743
2017-08-21 01:40:14,113 INFO mean_all    1.822 n=8760
2017-08-21 01:40:14,113 INFO median_dt   1.748 n=7743
2017-08-21 01:40:14,114 INFO median_cn5  1.630 n=8760
2017-08-21 01:40:14,114 INFO idw_p4_all  2.361 n=8760
2017-08-21 01:40:14,114 INFO mean_cn5    1.722 n=8760
2017-08-21 01:40:14,114 INFO idw_p2_all  2.097 n=8760
2017-08-21 01:40:14,114 INFO idw_p1_dt   2.167 n=7743
2017-08-21 01:40:14,114 INFO mean_cn3    2.180 n=8760
2017-08-21 01:40:14,114 INFO idw_p1_all  1.868 n=8760
2017-08-21 01:40:14,114 INFO idw_p3_cn5  2.338 n=8760
2017-08-21 01:40:14,114 INFO max_cn5     3.354 n=8760
2017-08-21 01:40:14,114 INFO max_all     16.365 n=8760
2017-08-21 01:40:14,114 INFO end method list
2017-08-21 01:40:14,542 INFO interpolate for SGM
2017-08-21 01:40:14,543 INFO currently at 6 out of 10
2017-08-21 01:40:14,543 INFO use IHAMBURG60 IHAMBURG214 IHHCURSL2 IHAMBURG711 IHAMBURG684 IHAMBURG1377 IHAMBURG760 IHHHINSC3 IHAMBURG646 IHAMBURG2013 IHAMBURG489 IHAMBURG361 IHAMBURG1374 IHAMBURG406 IHHHINSC4 IHAMBURG565 IHAMBURG279 IHAMBURG1236 IHAMBURG1508 IHAMBURG189 IHAMBURG1494 IHAMBURG2024 IHAMBURG1154 IHAMBURG1953 IHAMBURG1940 IHAMBURG128 IHAMBURG315 IHAMBURG1116 IHAMBURG797 IHAMBURG976 IHAMBURG1118 IHAMBURG250 IHAMBURG1192 IHHEISSE2 ISANKTUR5 IHAMBURG1860 IHAMBURG1391 IHAMBURG365 IHHSINST2 IHAMBURG1088 IHAMBURG2073 IHAMBURG353 IHAMBURG2004 IHHALSTE2 IHAMBURG2069 IHAMBURG61 IHAMBURG550 IHAMBURG1268 IHAMBURG123 IHAMBURG1683 IHAMBURG20 IHAMBURG1190 IHAMBURG709 IHAMBURG427 IHAMBURG731 IHAMBURG1697 IHHWELLI2 IHHHAMBU2 IHAMBURG914 IHAMBURG2043 IHAMBURG1214 IHAMBURG1316 IHHSASEL2 IHAMBURG1076 IHAMBURG229 IHAMBURG1028 IHAMBURG98 IHHHELLB2 IHAMBURG863 IHAMBURG113 IHHSCHNE4 IHAMBURG79 IHAMBURG1526 IHAMBURG656 IHAMBURG1819 IHAMBURG1204 IHAMBURG1234 IHAMBURG1600 IHAMBURG774 IHAMBURG1815 IHAMBURG308 IHAMBURG1791 IHAMBURG44 IHAMBURG2018 IHAMBURG290 INORDERS2 IHAMBURG1976 IHAMBURG1945 IBARSBTT19 IHAMBURG990 IHAMBURG1498 IHAMBURG258 IHAMBURG452 IHAMBURG1502 IHAMBURG162 IHAMBURG2008 IHAMBURG1308 IHAMBURG600 IHAMBURG1986 IHAMBURG1990 IHAMBURG367 IHAMBURG110 IHAMBURG1074 IHAMBURG515 IHAMBURG270 IHAMBURG1890 IHAMBURG1172 IHAMBURG628 IHAMBURG1198 IHAMBURG1500 IHAMBURG262 IHAMBURG1711 IHAMBURG812 IHAMBURG1805 IHAMBURG1411 IHAMBURG171 IHAMBURG900 IHAMBURG974 IHAMBURG2062 IHHOSDOR2 IHHHOHEN2 IHAMBURG402 IHAMBURG1910 IHAMBURG840 IHAMBURG400 IHAMBURG1270 IHAMBURG1056 IHAMBURG1136 IHAMBURG83 IHAMBURG56 IHAMBURG910 IHAMBURG1985 IHAMBURG955 IHAMBURG1064 IHAMBURG405 IAHRENSB13 IHAMBURG1254 IHAMBURG2085 IHAMBURG436 IHAMBURG354 IHAMBURG1928 IHHMARIE3 IHHMARIE2 IHAMBURG2000 IHAMBURG1942 IHORN16 IHAMBURG1368 IHHSTEIL2 IHAMBURG1823 IHAMBURG1176 IHAMBURG329 IHAMBURG1932 IHAMBURG674 IHAMBURG216 IHAMBURG880 IBORNSEN2 IHAMBURG1602 IHHRISSE2 IHAMBURG1182 IHAMBURG1142 IHHKLEIN2 IHAMBURG787 IHAMBURG64 IHAMBURG1166 IHAMBURG1342 IHAMBURG1230 IHAMBURG1941 IHAMBURG118 IHAMBURG412 IHAMBURG152 IHAMBURG1114 IHAMBURG435 IHAMBURG198 IHAMBURG108 IHAMBURG471 IHAMBURG1606 IHAMBURG200 IHAMBURG1540 IHAMBURG1753 IHAMBURG1952 IHAMBURG2072 IHAMBURG1490 IHAMBURG1464 IHAMBURG2065 IHAMBURG272 IHAMBURG805 IHAMBURG1248 IHAMBURG2045 IHAMBURG154 IHAMBURG1933 IHAMBURG1679 IHAMBURG1783 IHHTREUD3 IHAMBURG1370 IHAMBURG95 IHAMBURG988 IHAMBURG417 IHAMBURG479 IHAMBURG1306 IHAMBURG832 IHAMBURG481 IHHFARMS2 IHAMBURG230 IOSTSTEI3 IHAMBURG527 IHAMBURG1655 IHAMBURG1212 IHAMBURG150 IHAMBURG242 IHAMBURG1082 IHAMBURG209 IHAMBURG772 IHAMBURG2039 IHAMBURG172 ILBHOOPT2 IHAMBURG2075 IHHSTEIN2 IHHSCHNE3 IHAMBURG53 IHAMBURG1843 IHAMBURG2048 IHAMBURG213 IHAMBURG465 IHAMBURG620 IHAMBURG1699 IHHLURUP2 IHHLOKST3 IHAMBURG446 ILBROSEN2 IHAMBURG166 IHAMBURG274 IWINSENL6 IHAMBURG540 IHAMBURG610 IHAMBURG1264 IHAMBURG142 IHAMBURG851 IHAMBURG1252 IHAMBURG1484 IHAMBURG373 IHHHELLB3 IHAMBURG169 IHAMBURG1785 IHAMBURG1973 IHAMBURG844 IHAMBURG1614 IHAMBURG286 IHAMBURG1184 IHAMBURG1102 IHAMBURG1504 IHAMBURG355 IHAMBURG2017 IHAMBURG199 IHAMBURG1628 IBNNINGS3 IHAMBURG1150 IHAMBURG2030 IHAMBURG660 IHAMBURG847 IHAMBURG224 IHAMBURG1618 IHAMBURG1186 IHHLANGE3 IHAMBURG1671 IHAMBURG1427 IHAMBURG1284 IHAMBURG2009 IHAMBURG1470 IHAMBURG1916 IHAMBURG1492 IHHSCHNE2 IHAMBURG335 IHAMBURG84 IHAMBURG1880 IHHEIDEL3 IHAMBURG938 IHAMBURG2088 IHAMBURG654 IHAMBURG1787 IHAMBURG1383 IHAMBURG131 IHAMBURG514 IHAMBURG1106 IHAMBURG1930 IHHGRUEN2 IHAMBURG715 IHHNEUGR2 IHAMBURG1314 IHAMBURG594 IHAMBURG1436 IHAMBURG1962 IHAMBURG222 IHAMBURG285 IHAMBURG1110 IHAMBURG456 IHAMBURG93 IHAMBURG2066 IHAMBURG1144 IHAMBURG233 IHAMBURG1779 IHAMBURG2052 IHAMBURG2081 IHHHOHEN3 IHAMBURG441 IHAMBURG638 IHHNEUBO3 IHAMBURG1068 IHAMBURG1152 IHAMBURG592 IHAMBURG1548 IHAMBURG1098 IHAMBURG1208 IHAMBURG1917 IHAMBURG1594 IHAMBURG205 IBARSBTT22 IHAMBURG924 IHAMBURG218 IHAMBURG149 IHAMBURG626 IHAMBURG190 IHAMBURG1120 IHAMBURG1164 IHAMBURG32 IHAMBURG648 IHAMBURG1922 INORDERS21 IHAMBURG699 IHHBARMB6 IHAMBURG52 IHAMBURG39 IHAMBURG978 IHAMBURG1084 IHAMBURG1675 ILBALVES2 IHAMBURG1389 IHHEIDEL5 IHAMBURG741 IHAMBURG1216 IHHBARMB5 IHAMBURG1681 IHAMBURG1054 IHAMBURG316 IHAMBURG439 IWENTORF21 IHAMBURG1771 IHAMBURG454 IHAMBURG2016 IHAMBURG10 IHAMBURG99 IHAMBURG1036 ISEEVETA49 IHAMBURG1332 IHAMBURG1462 IHAMBURG206 IHAMBURG132 IHAMBURG57 INORDERS98 ISEEVETA78 IHAMBURG261 IHAMBURG243 IHAMBURG188 IHAMBURG803 IHAMBURG180 IHHWILHE2 IHAMBURG1188 IHAMBURG1220 IHAMBURG1755 IHAMBURG1813 IHAMBURG1158 IHAMBURG109 IHAMBURG762 IHAMBURG1639 IHAMBURG1797 IHAMBURG1516 IHAMBURG604 IHAMBURG170 IHAMBURG1995 IHAMBURG1923 IHHMEIEN2 IHAMBURG517 INORDERS72 IHAMBURG1645 IHAMBURG632 IHAMBURG1538 IHAMBURG2025 IHAMBURG1950 IHAMBURG1789 IHAMBURG138 IHAMBURG192 IHAMBURG1336 IHAMBURG153 IHAMBURG2041 IHAMBURG1809 IHAMBURG342 IHAMBURG1635 IHHEINLA2 IHHGROSS2 IHAMBURG1266 IHAMBURG1512 IHAMBURG289 IHAMBURG1759 IHAMBURG971 IHAMBURG404 IHAMBURG1128 IHAMBURG1026 IHAMBURG92 IHAMBURG1974 IHAMBURG778 IHAMBURG1200 IHHEIDEL4 IHAMBURG82 IHAMBURG1946 IHAMBURG1616 IHHHAMBU5 IHAMBURG89 IHAMBURG2079 IHAMBURG693 IHAMBURG1180 IHAMBURG1296 IHAMBURG1292 IHHROTHE2 IHAMBURG469 IHAMBURG104 IHAMBURG1302 IHAMBURG1086 IHAMBURG737 IHHBERGS2 IHAMBURG184 IHAMBURG1058 IHAMBURG276 IHAMBURG90 IHAMBURG630 IHHHAMBU4 IHAMBURG363 IHAMBURG1989 IHAMBURG1709 IHAMBURG1920 IHAMBURG1350 IHAMBURG1864 IHAMBURG338 INORDERS16 IHAMBURG1795
2017-08-21 02:07:08,476 INFO idw_p2_cn5  1.808 n=8784
2017-08-21 02:07:08,477 INFO idw_p2_dt   1.773 n=8753
2017-08-21 02:07:08,477 INFO idw_p2_cn3  2.048 n=8784
2017-08-21 02:07:08,477 INFO idw_p3_cn3  2.028 n=8784
2017-08-21 02:07:08,477 INFO nn          2.014 n=8784
2017-08-21 02:07:08,477 INFO idw_p1_cn5  1.777 n=8784
2017-08-21 02:07:08,477 INFO idw_p3_all  1.838 n=8784
2017-08-21 02:07:08,478 INFO min_cn3     1.472 n=8784
2017-08-21 02:07:08,478 INFO max_dt      2.502 n=8753
2017-08-21 02:07:08,478 INFO idw_p4_dt   1.853 n=8753
2017-08-21 02:07:08,478 INFO idw_p4_cn3  2.017 n=8784
2017-08-21 02:07:08,478 INFO idw_p4_cn5  1.865 n=8784
2017-08-21 02:07:08,478 INFO max_cn3     3.479 n=8784
2017-08-21 02:07:08,478 INFO mean_cn3    2.126 n=8784
2017-08-21 02:07:08,478 INFO idw_p1_cn3  2.080 n=8784
2017-08-21 02:07:08,478 INFO median_cn3  2.022 n=8784
2017-08-21 02:07:08,478 INFO max_cn5     3.594 n=8784
2017-08-21 02:07:08,478 INFO idw_p3_dt   1.815 n=8753
2017-08-21 02:07:08,478 INFO median_all  1.601 n=8784
2017-08-21 02:07:08,479 INFO min_cn5     1.259 n=8784
2017-08-21 02:07:08,479 INFO mean_dt     1.682 n=8753
2017-08-21 02:07:08,479 INFO mean_all    1.819 n=8784
2017-08-21 02:07:08,479 INFO min_all     4.993 n=8784
2017-08-21 02:07:08,479 INFO median_dt   1.714 n=8753
2017-08-21 02:07:08,479 INFO median_cn5  1.572 n=8784
2017-08-21 02:07:08,479 INFO eddh        0.733 n=8777
2017-08-21 02:07:08,479 INFO mean_cn5    1.745 n=8784
2017-08-21 02:07:08,479 INFO idw_p2_all  1.861 n=8784
2017-08-21 02:07:08,479 INFO idw_p1_dt   1.729 n=8753
2017-08-21 02:07:08,479 INFO idw_p4_all  1.843 n=8784
2017-08-21 02:07:08,480 INFO idw_p1_all  1.866 n=8784
2017-08-21 02:07:08,480 INFO idw_p3_cn5  1.837 n=8784
2017-08-21 02:07:08,480 INFO min_dt      1.145 n=8753
2017-08-21 02:07:08,480 INFO max_all     16.359 n=8784
2017-08-21 02:07:08,480 INFO end method list
2017-08-21 02:07:08,845 INFO interpolate for SWM
2017-08-21 02:07:08,846 INFO currently at 7 out of 10
2017-08-21 02:07:08,846 INFO use IHAMBURG60 IHAMBURG214 IHHCURSL2 IHAMBURG711 IHAMBURG684 IHAMBURG1377 IHAMBURG760 IHHHINSC3 IHAMBURG646 IHAMBURG2013 IHAMBURG489 IHAMBURG361 IHAMBURG1374 IHAMBURG406 IHHHINSC4 IHAMBURG565 IHAMBURG279 IHAMBURG1236 IHAMBURG1508 IHAMBURG189 IHAMBURG1494 IHAMBURG2024 IHAMBURG1154 IHAMBURG1953 IHAMBURG1940 IHAMBURG128 IHAMBURG315 IHAMBURG1116 IHAMBURG797 IHAMBURG976 IHAMBURG1118 IHAMBURG250 IHAMBURG1192 IHHEISSE2 ISANKTUR5 IHAMBURG1860 IHAMBURG1391 IHAMBURG365 IHHSINST2 IHAMBURG1088 IHAMBURG2073 IHAMBURG353 IHAMBURG2004 IHHALSTE2 IHAMBURG2069 IHAMBURG61 IHAMBURG550 IHAMBURG1268 IHAMBURG123 IHAMBURG1683 IHAMBURG20 IHAMBURG1190 IHAMBURG709 IHAMBURG427 IHAMBURG731 IHAMBURG1697 IHHWELLI2 IHHHAMBU2 IHAMBURG914 IHAMBURG2043 IHAMBURG1214 IHAMBURG1316 IHHSASEL2 IHAMBURG1076 IHAMBURG229 IHAMBURG1028 IHAMBURG98 IHHHELLB2 IHAMBURG863 IHAMBURG113 IHHSCHNE4 IHAMBURG79 IHAMBURG1526 IHAMBURG656 IHAMBURG1819 IHAMBURG1204 IHAMBURG1234 IHAMBURG1600 IHAMBURG774 IHAMBURG1815 IHAMBURG308 IHAMBURG1791 IHAMBURG44 IHAMBURG2018 IHAMBURG290 INORDERS2 IHAMBURG1976 IHAMBURG1945 IBARSBTT19 IHAMBURG990 IHAMBURG1498 IHAMBURG258 IHAMBURG452 IHAMBURG1502 IHAMBURG162 IHAMBURG2008 IHAMBURG1308 IHAMBURG600 IHAMBURG1986 IHAMBURG1990 IHAMBURG367 IHAMBURG110 IHAMBURG1074 IHAMBURG515 IHAMBURG270 IHAMBURG1890 IHAMBURG1172 IHAMBURG628 IHAMBURG1198 IHAMBURG1500 IHAMBURG262 IHAMBURG1711 IHAMBURG812 IHAMBURG1805 IHAMBURG1411 IHAMBURG171 IHAMBURG900 IHAMBURG974 IHAMBURG2062 IHHOSDOR2 IHHHOHEN2 IHAMBURG402 IHAMBURG1910 IHAMBURG840 IHAMBURG400 IHAMBURG1270 IHAMBURG1056 IHAMBURG1136 IHAMBURG83 IHAMBURG56 IHAMBURG910 IHAMBURG1985 IHAMBURG955 IHAMBURG1064 IHAMBURG405 IAHRENSB13 IHAMBURG1254 IHAMBURG2085 IHAMBURG436 IHAMBURG354 IHAMBURG1928 IHHMARIE3 IHHMARIE2 IHAMBURG2000 IHAMBURG1942 IHORN16 IHAMBURG1368 IHHSTEIL2 IHAMBURG1823 IHAMBURG1176 IHAMBURG329 IHAMBURG1932 IHAMBURG674 IHAMBURG216 IHAMBURG880 IBORNSEN2 IHAMBURG1602 IHHRISSE2 IHAMBURG1182 IHAMBURG1142 IHHKLEIN2 IHAMBURG787 IHAMBURG64 IHAMBURG1166 IHAMBURG1342 IHAMBURG1230 IHAMBURG1941 IHAMBURG118 IHAMBURG412 IHAMBURG152 IHAMBURG1114 IHAMBURG435 IHAMBURG198 IHAMBURG108 IHAMBURG471 IHAMBURG1606 IHAMBURG200 IHAMBURG1540 IHAMBURG1753 IHAMBURG1952 IHAMBURG2072 IHAMBURG1490 IHAMBURG1464 IHAMBURG2065 IHAMBURG272 IHAMBURG805 IHAMBURG1248 IHAMBURG2045 IHAMBURG154 IHAMBURG1933 IHAMBURG1679 IHAMBURG1783 IHHTREUD3 IHAMBURG1370 IHAMBURG95 IHAMBURG988 IHAMBURG417 IHAMBURG479 IHAMBURG1306 IHAMBURG832 IHAMBURG481 IHHFARMS2 IHAMBURG230 IOSTSTEI3 IHAMBURG527 IHAMBURG1655 IHAMBURG1212 IHAMBURG150 IHAMBURG242 IHAMBURG1082 IHAMBURG209 IHAMBURG772 IHAMBURG2039 IHAMBURG172 ILBHOOPT2 IHAMBURG2075 IHHSTEIN2 IHHSCHNE3 IHAMBURG53 IHAMBURG1843 IHAMBURG2048 IHAMBURG213 IHAMBURG465 IHAMBURG620 IHAMBURG1699 IHHLURUP2 IHHLOKST3 IHAMBURG446 ILBROSEN2 IHAMBURG166 IHAMBURG274 IWINSENL6 IHAMBURG540 IHAMBURG610 IHAMBURG1264 IHAMBURG142 IHAMBURG851 IHAMBURG1252 IHAMBURG1484 IHAMBURG373 IHHHELLB3 IHAMBURG169 IHAMBURG1785 IHAMBURG1973 IHAMBURG844 IHAMBURG1614 IHAMBURG286 IHAMBURG1184 IHAMBURG1102 IHAMBURG1504 IHAMBURG355 IHAMBURG2017 IHAMBURG199 IHAMBURG1628 IBNNINGS3 IHAMBURG1150 IHAMBURG2030 IHAMBURG660 IHAMBURG847 IHAMBURG224 IHAMBURG1618 IHAMBURG1186 IHHLANGE3 IHAMBURG1671 IHAMBURG1427 IHAMBURG1284 IHAMBURG2009 IHAMBURG1470 IHAMBURG1916 IHAMBURG1492 IHHSCHNE2 IHAMBURG335 IHAMBURG84 IHAMBURG1880 IHHEIDEL3 IHAMBURG938 IHAMBURG2088 IHAMBURG654 IHAMBURG1787 IHAMBURG1383 IHAMBURG131 IHAMBURG514 IHAMBURG1106 IHAMBURG1930 IHHGRUEN2 IHAMBURG715 IHHNEUGR2 IHAMBURG1314 IHAMBURG594 IHAMBURG1436 IHAMBURG1962 IHAMBURG222 IHAMBURG285 IHAMBURG1110 IHAMBURG456 IHAMBURG93 IHAMBURG2066 IHAMBURG1144 IHAMBURG233 IHAMBURG1779 IHAMBURG2052 IHAMBURG2081 IHHHOHEN3 IHAMBURG441 IHAMBURG638 IHHNEUBO3 IHAMBURG1068 IHAMBURG1152 IHAMBURG592 IHAMBURG1548 IHAMBURG1098 IHAMBURG1208 IHAMBURG1917 IHAMBURG1594 IHAMBURG205 IBARSBTT22 IHAMBURG924 IHAMBURG218 IHAMBURG149 IHAMBURG626 IHAMBURG190 IHAMBURG1120 IHAMBURG1164 IHAMBURG32 IHAMBURG648 IHAMBURG1922 INORDERS21 IHAMBURG699 IHHBARMB6 IHAMBURG52 IHAMBURG39 IHAMBURG978 IHAMBURG1084 IHAMBURG1675 ILBALVES2 IHAMBURG1389 IHHEIDEL5 IHAMBURG741 IHAMBURG1216 IHHBARMB5 IHAMBURG1681 IHAMBURG1054 IHAMBURG316 IHAMBURG439 IWENTORF21 IHAMBURG1771 IHAMBURG454 IHAMBURG2016 IHAMBURG10 IHAMBURG99 IHAMBURG1036 ISEEVETA49 IHAMBURG1332 IHAMBURG1462 IHAMBURG206 IHAMBURG132 IHAMBURG57 INORDERS98 ISEEVETA78 IHAMBURG261 IHAMBURG243 IHAMBURG188 IHAMBURG803 IHAMBURG180 IHHWILHE2 IHAMBURG1188 IHAMBURG1220 IHAMBURG1755 IHAMBURG1813 IHAMBURG1158 IHAMBURG109 IHAMBURG762 IHAMBURG1639 IHAMBURG1797 IHAMBURG1516 IHAMBURG604 IHAMBURG170 IHAMBURG1995 IHAMBURG1923 IHHMEIEN2 IHAMBURG517 INORDERS72 IHAMBURG1645 IHAMBURG632 IHAMBURG1538 IHAMBURG2025 IHAMBURG1950 IHAMBURG1789 IHAMBURG138 IHAMBURG192 IHAMBURG1336 IHAMBURG153 IHAMBURG2041 IHAMBURG1809 IHAMBURG342 IHAMBURG1635 IHHEINLA2 IHHGROSS2 IHAMBURG1266 IHAMBURG1512 IHAMBURG289 IHAMBURG1759 IHAMBURG971 IHAMBURG404 IHAMBURG1128 IHAMBURG1026 IHAMBURG92 IHAMBURG1974 IHAMBURG778 IHAMBURG1200 IHHEIDEL4 IHAMBURG82 IHAMBURG1946 IHAMBURG1616 IHHHAMBU5 IHAMBURG89 IHAMBURG2079 IHAMBURG693 IHAMBURG1180 IHAMBURG1296 IHAMBURG1292 IHHROTHE2 IHAMBURG469 IHAMBURG104 IHAMBURG1302 IHAMBURG1086 IHAMBURG737 IHHBERGS2 IHAMBURG184 IHAMBURG1058 IHAMBURG276 IHAMBURG90 IHAMBURG630 IHHHAMBU4 IHAMBURG363 IHAMBURG1989 IHAMBURG1709 IHAMBURG1920 IHAMBURG1350 IHAMBURG1864 IHAMBURG338 INORDERS16 IHAMBURG1795
2017-08-21 02:34:03,630 INFO idw_p2_cn5  1.644 n=8699
2017-08-21 02:34:03,630 INFO idw_p2_dt   1.715 n=8652
2017-08-21 02:34:03,631 INFO idw_p2_cn3  1.711 n=8699
2017-08-21 02:34:03,631 INFO idw_p3_cn3  1.782 n=8699
2017-08-21 02:34:03,631 INFO nn          1.849 n=8699
2017-08-21 02:34:03,631 INFO idw_p1_cn5  1.522 n=8699
2017-08-21 02:34:03,631 INFO idw_p3_all  1.681 n=8699
2017-08-21 02:34:03,631 INFO min_cn3     0.970 n=8699
2017-08-21 02:34:03,631 INFO max_dt      2.319 n=8652
2017-08-21 02:34:03,631 INFO idw_p4_dt   1.838 n=8652
2017-08-21 02:34:03,631 INFO idw_p4_cn3  1.823 n=8699
2017-08-21 02:34:03,631 INFO idw_p4_cn5  1.804 n=8699
2017-08-21 02:34:03,631 INFO max_cn3     2.704 n=8699
2017-08-21 02:34:03,632 INFO mean_cn3    1.545 n=8699
2017-08-21 02:34:03,632 INFO idw_p1_cn3  1.620 n=8699
2017-08-21 02:34:03,632 INFO median_cn3  1.380 n=8699
2017-08-21 02:34:03,632 INFO max_cn5     2.900 n=8699
2017-08-21 02:34:03,632 INFO idw_p3_dt   1.798 n=8652
2017-08-21 02:34:03,632 INFO median_all  1.326 n=8699
2017-08-21 02:34:03,632 INFO min_cn5     0.863 n=8699
2017-08-21 02:34:03,632 INFO mean_dt     1.426 n=8652
2017-08-21 02:34:03,632 INFO mean_all    1.572 n=8699
2017-08-21 02:34:03,632 INFO min_all     5.063 n=8699
2017-08-21 02:34:03,632 INFO median_dt   1.438 n=8652
2017-08-21 02:34:03,632 INFO median_cn5  1.301 n=8699
2017-08-21 02:34:03,633 INFO eddh        0.667 n=8691
2017-08-21 02:34:03,633 INFO mean_cn5    1.425 n=8699
2017-08-21 02:34:03,633 INFO idw_p2_all  1.619 n=8699
2017-08-21 02:34:03,633 INFO idw_p1_dt   1.579 n=8652
2017-08-21 02:34:03,633 INFO idw_p4_all  1.774 n=8699
2017-08-21 02:34:03,633 INFO idw_p1_all  1.610 n=8699
2017-08-21 02:34:03,633 INFO idw_p3_cn5  1.744 n=8699
2017-08-21 02:34:03,633 INFO min_dt      0.916 n=8652
2017-08-21 02:34:03,633 INFO max_all     16.230 n=8699
2017-08-21 02:34:03,633 INFO end method list
2017-08-21 02:34:03,899 INFO interpolate for WGM
2017-08-21 02:34:03,900 INFO currently at 8 out of 10
2017-08-21 02:34:03,900 INFO use IHAMBURG60 IHAMBURG214 IHHCURSL2 IHAMBURG711 IHAMBURG684 IHAMBURG1377 IHAMBURG760 IHHHINSC3 IHAMBURG646 IHAMBURG2013 IHAMBURG489 IHAMBURG361 IHAMBURG1374 IHAMBURG406 IHHHINSC4 IHAMBURG565 IHAMBURG279 IHAMBURG1236 IHAMBURG1508 IHAMBURG189 IHAMBURG1494 IHAMBURG2024 IHAMBURG1154 IHAMBURG1953 IHAMBURG1940 IHAMBURG128 IHAMBURG315 IHAMBURG1116 IHAMBURG797 IHAMBURG976 IHAMBURG1118 IHAMBURG250 IHAMBURG1192 IHHEISSE2 ISANKTUR5 IHAMBURG1860 IHAMBURG1391 IHAMBURG365 IHHSINST2 IHAMBURG1088 IHAMBURG2073 IHAMBURG353 IHAMBURG2004 IHHALSTE2 IHAMBURG2069 IHAMBURG61 IHAMBURG550 IHAMBURG1268 IHAMBURG123 IHAMBURG1683 IHAMBURG20 IHAMBURG1190 IHAMBURG709 IHAMBURG427 IHAMBURG731 IHAMBURG1697 IHHWELLI2 IHHHAMBU2 IHAMBURG914 IHAMBURG2043 IHAMBURG1214 IHAMBURG1316 IHHSASEL2 IHAMBURG1076 IHAMBURG229 IHAMBURG1028 IHAMBURG98 IHHHELLB2 IHAMBURG863 IHAMBURG113 IHHSCHNE4 IHAMBURG79 IHAMBURG1526 IHAMBURG656 IHAMBURG1819 IHAMBURG1204 IHAMBURG1234 IHAMBURG1600 IHAMBURG774 IHAMBURG1815 IHAMBURG308 IHAMBURG1791 IHAMBURG44 IHAMBURG2018 IHAMBURG290 INORDERS2 IHAMBURG1976 IHAMBURG1945 IBARSBTT19 IHAMBURG990 IHAMBURG1498 IHAMBURG258 IHAMBURG452 IHAMBURG1502 IHAMBURG162 IHAMBURG2008 IHAMBURG1308 IHAMBURG600 IHAMBURG1986 IHAMBURG1990 IHAMBURG367 IHAMBURG110 IHAMBURG1074 IHAMBURG515 IHAMBURG270 IHAMBURG1890 IHAMBURG1172 IHAMBURG628 IHAMBURG1198 IHAMBURG1500 IHAMBURG262 IHAMBURG1711 IHAMBURG812 IHAMBURG1805 IHAMBURG1411 IHAMBURG171 IHAMBURG900 IHAMBURG974 IHAMBURG2062 IHHOSDOR2 IHHHOHEN2 IHAMBURG402 IHAMBURG1910 IHAMBURG840 IHAMBURG400 IHAMBURG1270 IHAMBURG1056 IHAMBURG1136 IHAMBURG83 IHAMBURG56 IHAMBURG910 IHAMBURG1985 IHAMBURG955 IHAMBURG1064 IHAMBURG405 IAHRENSB13 IHAMBURG1254 IHAMBURG2085 IHAMBURG436 IHAMBURG354 IHAMBURG1928 IHHMARIE3 IHHMARIE2 IHAMBURG2000 IHAMBURG1942 IHORN16 IHAMBURG1368 IHHSTEIL2 IHAMBURG1823 IHAMBURG1176 IHAMBURG329 IHAMBURG1932 IHAMBURG674 IHAMBURG216 IHAMBURG880 IBORNSEN2 IHAMBURG1602 IHHRISSE2 IHAMBURG1182 IHAMBURG1142 IHHKLEIN2 IHAMBURG787 IHAMBURG64 IHAMBURG1166 IHAMBURG1342 IHAMBURG1230 IHAMBURG1941 IHAMBURG118 IHAMBURG412 IHAMBURG152 IHAMBURG1114 IHAMBURG435 IHAMBURG198 IHAMBURG108 IHAMBURG471 IHAMBURG1606 IHAMBURG200 IHAMBURG1540 IHAMBURG1753 IHAMBURG1952 IHAMBURG2072 IHAMBURG1490 IHAMBURG1464 IHAMBURG2065 IHAMBURG272 IHAMBURG805 IHAMBURG1248 IHAMBURG2045 IHAMBURG154 IHAMBURG1933 IHAMBURG1679 IHAMBURG1783 IHHTREUD3 IHAMBURG1370 IHAMBURG95 IHAMBURG988 IHAMBURG417 IHAMBURG479 IHAMBURG1306 IHAMBURG832 IHAMBURG481 IHHFARMS2 IHAMBURG230 IOSTSTEI3 IHAMBURG527 IHAMBURG1655 IHAMBURG1212 IHAMBURG150 IHAMBURG242 IHAMBURG1082 IHAMBURG209 IHAMBURG772 IHAMBURG2039 IHAMBURG172 ILBHOOPT2 IHAMBURG2075 IHHSTEIN2 IHHSCHNE3 IHAMBURG53 IHAMBURG1843 IHAMBURG2048 IHAMBURG213 IHAMBURG465 IHAMBURG620 IHAMBURG1699 IHHLURUP2 IHHLOKST3 IHAMBURG446 ILBROSEN2 IHAMBURG166 IHAMBURG274 IWINSENL6 IHAMBURG540 IHAMBURG610 IHAMBURG1264 IHAMBURG142 IHAMBURG851 IHAMBURG1252 IHAMBURG1484 IHAMBURG373 IHHHELLB3 IHAMBURG169 IHAMBURG1785 IHAMBURG1973 IHAMBURG844 IHAMBURG1614 IHAMBURG286 IHAMBURG1184 IHAMBURG1102 IHAMBURG1504 IHAMBURG355 IHAMBURG2017 IHAMBURG199 IHAMBURG1628 IBNNINGS3 IHAMBURG1150 IHAMBURG2030 IHAMBURG660 IHAMBURG847 IHAMBURG224 IHAMBURG1618 IHAMBURG1186 IHHLANGE3 IHAMBURG1671 IHAMBURG1427 IHAMBURG1284 IHAMBURG2009 IHAMBURG1470 IHAMBURG1916 IHAMBURG1492 IHHSCHNE2 IHAMBURG335 IHAMBURG84 IHAMBURG1880 IHHEIDEL3 IHAMBURG938 IHAMBURG2088 IHAMBURG654 IHAMBURG1787 IHAMBURG1383 IHAMBURG131 IHAMBURG514 IHAMBURG1106 IHAMBURG1930 IHHGRUEN2 IHAMBURG715 IHHNEUGR2 IHAMBURG1314 IHAMBURG594 IHAMBURG1436 IHAMBURG1962 IHAMBURG222 IHAMBURG285 IHAMBURG1110 IHAMBURG456 IHAMBURG93 IHAMBURG2066 IHAMBURG1144 IHAMBURG233 IHAMBURG1779 IHAMBURG2052 IHAMBURG2081 IHHHOHEN3 IHAMBURG441 IHAMBURG638 IHHNEUBO3 IHAMBURG1068 IHAMBURG1152 IHAMBURG592 IHAMBURG1548 IHAMBURG1098 IHAMBURG1208 IHAMBURG1917 IHAMBURG1594 IHAMBURG205 IBARSBTT22 IHAMBURG924 IHAMBURG218 IHAMBURG149 IHAMBURG626 IHAMBURG190 IHAMBURG1120 IHAMBURG1164 IHAMBURG32 IHAMBURG648 IHAMBURG1922 INORDERS21 IHAMBURG699 IHHBARMB6 IHAMBURG52 IHAMBURG39 IHAMBURG978 IHAMBURG1084 IHAMBURG1675 ILBALVES2 IHAMBURG1389 IHHEIDEL5 IHAMBURG741 IHAMBURG1216 IHHBARMB5 IHAMBURG1681 IHAMBURG1054 IHAMBURG316 IHAMBURG439 IWENTORF21 IHAMBURG1771 IHAMBURG454 IHAMBURG2016 IHAMBURG10 IHAMBURG99 IHAMBURG1036 ISEEVETA49 IHAMBURG1332 IHAMBURG1462 IHAMBURG206 IHAMBURG132 IHAMBURG57 INORDERS98 ISEEVETA78 IHAMBURG261 IHAMBURG243 IHAMBURG188 IHAMBURG803 IHAMBURG180 IHHWILHE2 IHAMBURG1188 IHAMBURG1220 IHAMBURG1755 IHAMBURG1813 IHAMBURG1158 IHAMBURG109 IHAMBURG762 IHAMBURG1639 IHAMBURG1797 IHAMBURG1516 IHAMBURG604 IHAMBURG170 IHAMBURG1995 IHAMBURG1923 IHHMEIEN2 IHAMBURG517 INORDERS72 IHAMBURG1645 IHAMBURG632 IHAMBURG1538 IHAMBURG2025 IHAMBURG1950 IHAMBURG1789 IHAMBURG138 IHAMBURG192 IHAMBURG1336 IHAMBURG153 IHAMBURG2041 IHAMBURG1809 IHAMBURG342 IHAMBURG1635 IHHEINLA2 IHHGROSS2 IHAMBURG1266 IHAMBURG1512 IHAMBURG289 IHAMBURG1759 IHAMBURG971 IHAMBURG404 IHAMBURG1128 IHAMBURG1026 IHAMBURG92 IHAMBURG1974 IHAMBURG778 IHAMBURG1200 IHHEIDEL4 IHAMBURG82 IHAMBURG1946 IHAMBURG1616 IHHHAMBU5 IHAMBURG89 IHAMBURG2079 IHAMBURG693 IHAMBURG1180 IHAMBURG1296 IHAMBURG1292 IHHROTHE2 IHAMBURG469 IHAMBURG104 IHAMBURG1302 IHAMBURG1086 IHAMBURG737 IHHBERGS2 IHAMBURG184 IHAMBURG1058 IHAMBURG276 IHAMBURG90 IHAMBURG630 IHHHAMBU4 IHAMBURG363 IHAMBURG1989 IHAMBURG1709 IHAMBURG1920 IHAMBURG1350 IHAMBURG1864 IHAMBURG338 INORDERS16 IHAMBURG1795
2017-08-21 03:00:18,781 INFO idw_p2_cn5  1.542 n=8762
2017-08-21 03:00:18,782 INFO idw_p2_dt   1.441 n=8696
2017-08-21 03:00:18,782 INFO idw_p2_cn3  1.396 n=8762
2017-08-21 03:00:18,783 INFO idw_p3_cn3  1.392 n=8762
2017-08-21 03:00:18,783 INFO nn          1.507 n=8762
2017-08-21 03:00:18,783 INFO idw_p1_cn5  1.721 n=8762
2017-08-21 03:00:18,783 INFO idw_p3_all  1.509 n=8762
2017-08-21 03:00:18,783 INFO min_cn3     0.962 n=8762
2017-08-21 03:00:18,783 INFO max_dt      3.250 n=8696
2017-08-21 03:00:18,783 INFO idw_p4_dt   1.390 n=8696
2017-08-21 03:00:18,783 INFO idw_p4_cn3  1.411 n=8762
2017-08-21 03:00:18,783 INFO idw_p4_cn5  1.476 n=8762
2017-08-21 03:00:18,783 INFO max_cn3     3.328 n=8762
2017-08-21 03:00:18,783 INFO mean_cn3    1.729 n=8762
2017-08-21 03:00:18,783 INFO idw_p1_cn3  1.484 n=8762
2017-08-21 03:00:18,784 INFO median_cn3  1.670 n=8762
2017-08-21 03:00:18,784 INFO max_cn5     5.468 n=8762
2017-08-21 03:00:18,784 INFO idw_p3_dt   1.398 n=8696
2017-08-21 03:00:18,784 INFO median_all  1.275 n=8762
2017-08-21 03:00:18,784 INFO min_cn5     0.868 n=8762
2017-08-21 03:00:18,784 INFO mean_dt     1.903 n=8696
2017-08-21 03:00:18,784 INFO mean_all    1.489 n=8762
2017-08-21 03:00:18,784 INFO min_all     5.212 n=8762
2017-08-21 03:00:18,784 INFO median_dt   2.003 n=8696
2017-08-21 03:00:18,784 INFO median_cn5  1.751 n=8762
2017-08-21 03:00:18,784 INFO eddh        0.897 n=8749
2017-08-21 03:00:18,784 INFO mean_cn5    2.017 n=8762
2017-08-21 03:00:18,785 INFO idw_p2_all  1.623 n=8762
2017-08-21 03:00:18,785 INFO idw_p1_dt   1.585 n=8696
2017-08-21 03:00:18,785 INFO idw_p4_all  1.432 n=8762
2017-08-21 03:00:18,785 INFO idw_p1_all  1.601 n=8762
2017-08-21 03:00:18,785 INFO idw_p3_cn5  1.483 n=8762
2017-08-21 03:00:18,785 INFO min_dt      1.026 n=8696
2017-08-21 03:00:18,785 INFO max_all     16.031 n=8762
2017-08-21 03:00:18,785 INFO end method list
2017-08-21 03:00:19,055 INFO interpolate for WWM
2017-08-21 03:00:19,056 INFO currently at 9 out of 10
2017-08-21 03:00:19,056 INFO use IHAMBURG60 IHAMBURG214 IHHCURSL2 IHAMBURG711 IHAMBURG684 IHAMBURG1377 IHAMBURG760 IHHHINSC3 IHAMBURG646 IHAMBURG2013 IHAMBURG489 IHAMBURG361 IHAMBURG1374 IHAMBURG406 IHHHINSC4 IHAMBURG565 IHAMBURG279 IHAMBURG1236 IHAMBURG1508 IHAMBURG189 IHAMBURG1494 IHAMBURG2024 IHAMBURG1154 IHAMBURG1953 IHAMBURG1940 IHAMBURG128 IHAMBURG315 IHAMBURG1116 IHAMBURG797 IHAMBURG976 IHAMBURG1118 IHAMBURG250 IHAMBURG1192 IHHEISSE2 ISANKTUR5 IHAMBURG1860 IHAMBURG1391 IHAMBURG365 IHHSINST2 IHAMBURG1088 IHAMBURG2073 IHAMBURG353 IHAMBURG2004 IHHALSTE2 IHAMBURG2069 IHAMBURG61 IHAMBURG550 IHAMBURG1268 IHAMBURG123 IHAMBURG1683 IHAMBURG20 IHAMBURG1190 IHAMBURG709 IHAMBURG427 IHAMBURG731 IHAMBURG1697 IHHWELLI2 IHHHAMBU2 IHAMBURG914 IHAMBURG2043 IHAMBURG1214 IHAMBURG1316 IHHSASEL2 IHAMBURG1076 IHAMBURG229 IHAMBURG1028 IHAMBURG98 IHHHELLB2 IHAMBURG863 IHAMBURG113 IHHSCHNE4 IHAMBURG79 IHAMBURG1526 IHAMBURG656 IHAMBURG1819 IHAMBURG1204 IHAMBURG1234 IHAMBURG1600 IHAMBURG774 IHAMBURG1815 IHAMBURG308 IHAMBURG1791 IHAMBURG44 IHAMBURG2018 IHAMBURG290 INORDERS2 IHAMBURG1976 IHAMBURG1945 IBARSBTT19 IHAMBURG990 IHAMBURG1498 IHAMBURG258 IHAMBURG452 IHAMBURG1502 IHAMBURG162 IHAMBURG2008 IHAMBURG1308 IHAMBURG600 IHAMBURG1986 IHAMBURG1990 IHAMBURG367 IHAMBURG110 IHAMBURG1074 IHAMBURG515 IHAMBURG270 IHAMBURG1890 IHAMBURG1172 IHAMBURG628 IHAMBURG1198 IHAMBURG1500 IHAMBURG262 IHAMBURG1711 IHAMBURG812 IHAMBURG1805 IHAMBURG1411 IHAMBURG171 IHAMBURG900 IHAMBURG974 IHAMBURG2062 IHHOSDOR2 IHHHOHEN2 IHAMBURG402 IHAMBURG1910 IHAMBURG840 IHAMBURG400 IHAMBURG1270 IHAMBURG1056 IHAMBURG1136 IHAMBURG83 IHAMBURG56 IHAMBURG910 IHAMBURG1985 IHAMBURG955 IHAMBURG1064 IHAMBURG405 IAHRENSB13 IHAMBURG1254 IHAMBURG2085 IHAMBURG436 IHAMBURG354 IHAMBURG1928 IHHMARIE3 IHHMARIE2 IHAMBURG2000 IHAMBURG1942 IHORN16 IHAMBURG1368 IHHSTEIL2 IHAMBURG1823 IHAMBURG1176 IHAMBURG329 IHAMBURG1932 IHAMBURG674 IHAMBURG216 IHAMBURG880 IBORNSEN2 IHAMBURG1602 IHHRISSE2 IHAMBURG1182 IHAMBURG1142 IHHKLEIN2 IHAMBURG787 IHAMBURG64 IHAMBURG1166 IHAMBURG1342 IHAMBURG1230 IHAMBURG1941 IHAMBURG118 IHAMBURG412 IHAMBURG152 IHAMBURG1114 IHAMBURG435 IHAMBURG198 IHAMBURG108 IHAMBURG471 IHAMBURG1606 IHAMBURG200 IHAMBURG1540 IHAMBURG1753 IHAMBURG1952 IHAMBURG2072 IHAMBURG1490 IHAMBURG1464 IHAMBURG2065 IHAMBURG272 IHAMBURG805 IHAMBURG1248 IHAMBURG2045 IHAMBURG154 IHAMBURG1933 IHAMBURG1679 IHAMBURG1783 IHHTREUD3 IHAMBURG1370 IHAMBURG95 IHAMBURG988 IHAMBURG417 IHAMBURG479 IHAMBURG1306 IHAMBURG832 IHAMBURG481 IHHFARMS2 IHAMBURG230 IOSTSTEI3 IHAMBURG527 IHAMBURG1655 IHAMBURG1212 IHAMBURG150 IHAMBURG242 IHAMBURG1082 IHAMBURG209 IHAMBURG772 IHAMBURG2039 IHAMBURG172 ILBHOOPT2 IHAMBURG2075 IHHSTEIN2 IHHSCHNE3 IHAMBURG53 IHAMBURG1843 IHAMBURG2048 IHAMBURG213 IHAMBURG465 IHAMBURG620 IHAMBURG1699 IHHLURUP2 IHHLOKST3 IHAMBURG446 ILBROSEN2 IHAMBURG166 IHAMBURG274 IWINSENL6 IHAMBURG540 IHAMBURG610 IHAMBURG1264 IHAMBURG142 IHAMBURG851 IHAMBURG1252 IHAMBURG1484 IHAMBURG373 IHHHELLB3 IHAMBURG169 IHAMBURG1785 IHAMBURG1973 IHAMBURG844 IHAMBURG1614 IHAMBURG286 IHAMBURG1184 IHAMBURG1102 IHAMBURG1504 IHAMBURG355 IHAMBURG2017 IHAMBURG199 IHAMBURG1628 IBNNINGS3 IHAMBURG1150 IHAMBURG2030 IHAMBURG660 IHAMBURG847 IHAMBURG224 IHAMBURG1618 IHAMBURG1186 IHHLANGE3 IHAMBURG1671 IHAMBURG1427 IHAMBURG1284 IHAMBURG2009 IHAMBURG1470 IHAMBURG1916 IHAMBURG1492 IHHSCHNE2 IHAMBURG335 IHAMBURG84 IHAMBURG1880 IHHEIDEL3 IHAMBURG938 IHAMBURG2088 IHAMBURG654 IHAMBURG1787 IHAMBURG1383 IHAMBURG131 IHAMBURG514 IHAMBURG1106 IHAMBURG1930 IHHGRUEN2 IHAMBURG715 IHHNEUGR2 IHAMBURG1314 IHAMBURG594 IHAMBURG1436 IHAMBURG1962 IHAMBURG222 IHAMBURG285 IHAMBURG1110 IHAMBURG456 IHAMBURG93 IHAMBURG2066 IHAMBURG1144 IHAMBURG233 IHAMBURG1779 IHAMBURG2052 IHAMBURG2081 IHHHOHEN3 IHAMBURG441 IHAMBURG638 IHHNEUBO3 IHAMBURG1068 IHAMBURG1152 IHAMBURG592 IHAMBURG1548 IHAMBURG1098 IHAMBURG1208 IHAMBURG1917 IHAMBURG1594 IHAMBURG205 IBARSBTT22 IHAMBURG924 IHAMBURG218 IHAMBURG149 IHAMBURG626 IHAMBURG190 IHAMBURG1120 IHAMBURG1164 IHAMBURG32 IHAMBURG648 IHAMBURG1922 INORDERS21 IHAMBURG699 IHHBARMB6 IHAMBURG52 IHAMBURG39 IHAMBURG978 IHAMBURG1084 IHAMBURG1675 ILBALVES2 IHAMBURG1389 IHHEIDEL5 IHAMBURG741 IHAMBURG1216 IHHBARMB5 IHAMBURG1681 IHAMBURG1054 IHAMBURG316 IHAMBURG439 IWENTORF21 IHAMBURG1771 IHAMBURG454 IHAMBURG2016 IHAMBURG10 IHAMBURG99 IHAMBURG1036 ISEEVETA49 IHAMBURG1332 IHAMBURG1462 IHAMBURG206 IHAMBURG132 IHAMBURG57 INORDERS98 ISEEVETA78 IHAMBURG261 IHAMBURG243 IHAMBURG188 IHAMBURG803 IHAMBURG180 IHHWILHE2 IHAMBURG1188 IHAMBURG1220 IHAMBURG1755 IHAMBURG1813 IHAMBURG1158 IHAMBURG109 IHAMBURG762 IHAMBURG1639 IHAMBURG1797 IHAMBURG1516 IHAMBURG604 IHAMBURG170 IHAMBURG1995 IHAMBURG1923 IHHMEIEN2 IHAMBURG517 INORDERS72 IHAMBURG1645 IHAMBURG632 IHAMBURG1538 IHAMBURG2025 IHAMBURG1950 IHAMBURG1789 IHAMBURG138 IHAMBURG192 IHAMBURG1336 IHAMBURG153 IHAMBURG2041 IHAMBURG1809 IHAMBURG342 IHAMBURG1635 IHHEINLA2 IHHGROSS2 IHAMBURG1266 IHAMBURG1512 IHAMBURG289 IHAMBURG1759 IHAMBURG971 IHAMBURG404 IHAMBURG1128 IHAMBURG1026 IHAMBURG92 IHAMBURG1974 IHAMBURG778 IHAMBURG1200 IHHEIDEL4 IHAMBURG82 IHAMBURG1946 IHAMBURG1616 IHHHAMBU5 IHAMBURG89 IHAMBURG2079 IHAMBURG693 IHAMBURG1180 IHAMBURG1296 IHAMBURG1292 IHHROTHE2 IHAMBURG469 IHAMBURG104 IHAMBURG1302 IHAMBURG1086 IHAMBURG737 IHHBERGS2 IHAMBURG184 IHAMBURG1058 IHAMBURG276 IHAMBURG90 IHAMBURG630 IHHHAMBU4 IHAMBURG363 IHAMBURG1989 IHAMBURG1709 IHAMBURG1920 IHAMBURG1350 IHAMBURG1864 IHAMBURG338 INORDERS16 IHAMBURG1795
2017-08-21 03:26:02,669 INFO idw_p2_cn5  1.379 n=8784
2017-08-21 03:26:02,670 INFO idw_p2_dt   1.316 n=8742
2017-08-21 03:26:02,670 INFO idw_p2_cn3  1.364 n=8784
2017-08-21 03:26:02,670 INFO idw_p3_cn3  1.355 n=8784
2017-08-21 03:26:02,670 INFO nn          1.494 n=8784
2017-08-21 03:26:02,670 INFO idw_p1_cn5  1.540 n=8784
2017-08-21 03:26:02,670 INFO idw_p3_all  1.390 n=8784
2017-08-21 03:26:02,670 INFO min_cn3     0.899 n=8784
2017-08-21 03:26:02,670 INFO max_dt      2.710 n=8742
2017-08-21 03:26:02,671 INFO idw_p4_dt   1.390 n=8742
2017-08-21 03:26:02,671 INFO idw_p4_cn3  1.375 n=8784
2017-08-21 03:26:02,671 INFO idw_p4_cn5  1.359 n=8784
2017-08-21 03:26:02,671 INFO max_cn3     3.766 n=8784
2017-08-21 03:26:02,671 INFO mean_cn3    1.821 n=8784
2017-08-21 03:26:02,671 INFO idw_p1_cn3  1.470 n=8784
2017-08-21 03:26:02,671 INFO median_cn3  1.598 n=8784
2017-08-21 03:26:02,671 INFO max_cn5     4.384 n=8784
2017-08-21 03:26:02,671 INFO idw_p3_dt   1.358 n=8742
2017-08-21 03:26:02,671 INFO median_all  1.272 n=8784
2017-08-21 03:26:02,671 INFO min_cn5     0.846 n=8784
2017-08-21 03:26:02,672 INFO mean_dt     1.410 n=8742
2017-08-21 03:26:02,672 INFO mean_all    1.491 n=8784
2017-08-21 03:26:02,672 INFO min_all     5.184 n=8784
2017-08-21 03:26:02,672 INFO median_dt   1.234 n=8742
2017-08-21 03:26:02,672 INFO median_cn5  1.753 n=8784
2017-08-21 03:26:02,672 INFO eddh        1.028 n=8771
2017-08-21 03:26:02,672 INFO mean_cn5    1.908 n=8784
2017-08-21 03:26:02,672 INFO idw_p2_all  1.479 n=8784
2017-08-21 03:26:02,672 INFO idw_p1_dt   1.282 n=8742
2017-08-21 03:26:02,672 INFO idw_p4_all  1.355 n=8784
2017-08-21 03:26:02,672 INFO idw_p1_all  1.575 n=8784
2017-08-21 03:26:02,672 INFO idw_p3_cn5  1.343 n=8784
2017-08-21 03:26:02,673 INFO min_dt      0.824 n=8742
2017-08-21 03:26:02,673 INFO max_all     16.121 n=8784
2017-08-21 03:26:02,673 INFO end method list
2017-08-21 03:26:02,940 INFO interpolate for ZOM
2017-08-21 03:26:02,940 INFO currently at 10 out of 10
2017-08-21 03:26:02,941 INFO use IHAMBURG60 IHAMBURG214 IHHCURSL2 IHAMBURG711 IHAMBURG684 IHAMBURG1377 IHAMBURG760 IHHHINSC3 IHAMBURG646 IHAMBURG2013 IHAMBURG489 IHAMBURG361 IHAMBURG1374 IHAMBURG406 IHHHINSC4 IHAMBURG565 IHAMBURG279 IHAMBURG1236 IHAMBURG1508 IHAMBURG189 IHAMBURG1494 IHAMBURG2024 IHAMBURG1154 IHAMBURG1953 IHAMBURG1940 IHAMBURG128 IHAMBURG315 IHAMBURG1116 IHAMBURG797 IHAMBURG976 IHAMBURG1118 IHAMBURG250 IHAMBURG1192 IHHEISSE2 ISANKTUR5 IHAMBURG1860 IHAMBURG1391 IHAMBURG365 IHHSINST2 IHAMBURG1088 IHAMBURG2073 IHAMBURG353 IHAMBURG2004 IHHALSTE2 IHAMBURG2069 IHAMBURG61 IHAMBURG550 IHAMBURG1268 IHAMBURG123 IHAMBURG1683 IHAMBURG20 IHAMBURG1190 IHAMBURG709 IHAMBURG427 IHAMBURG731 IHAMBURG1697 IHHWELLI2 IHHHAMBU2 IHAMBURG914 IHAMBURG2043 IHAMBURG1214 IHAMBURG1316 IHHSASEL2 IHAMBURG1076 IHAMBURG229 IHAMBURG1028 IHAMBURG98 IHHHELLB2 IHAMBURG863 IHAMBURG113 IHHSCHNE4 IHAMBURG79 IHAMBURG1526 IHAMBURG656 IHAMBURG1819 IHAMBURG1204 IHAMBURG1234 IHAMBURG1600 IHAMBURG774 IHAMBURG1815 IHAMBURG308 IHAMBURG1791 IHAMBURG44 IHAMBURG2018 IHAMBURG290 INORDERS2 IHAMBURG1976 IHAMBURG1945 IBARSBTT19 IHAMBURG990 IHAMBURG1498 IHAMBURG258 IHAMBURG452 IHAMBURG1502 IHAMBURG162 IHAMBURG2008 IHAMBURG1308 IHAMBURG600 IHAMBURG1986 IHAMBURG1990 IHAMBURG367 IHAMBURG110 IHAMBURG1074 IHAMBURG515 IHAMBURG270 IHAMBURG1890 IHAMBURG1172 IHAMBURG628 IHAMBURG1198 IHAMBURG1500 IHAMBURG262 IHAMBURG1711 IHAMBURG812 IHAMBURG1805 IHAMBURG1411 IHAMBURG171 IHAMBURG900 IHAMBURG974 IHAMBURG2062 IHHOSDOR2 IHHHOHEN2 IHAMBURG402 IHAMBURG1910 IHAMBURG840 IHAMBURG400 IHAMBURG1270 IHAMBURG1056 IHAMBURG1136 IHAMBURG83 IHAMBURG56 IHAMBURG910 IHAMBURG1985 IHAMBURG955 IHAMBURG1064 IHAMBURG405 IAHRENSB13 IHAMBURG1254 IHAMBURG2085 IHAMBURG436 IHAMBURG354 IHAMBURG1928 IHHMARIE3 IHHMARIE2 IHAMBURG2000 IHAMBURG1942 IHORN16 IHAMBURG1368 IHHSTEIL2 IHAMBURG1823 IHAMBURG1176 IHAMBURG329 IHAMBURG1932 IHAMBURG674 IHAMBURG216 IHAMBURG880 IBORNSEN2 IHAMBURG1602 IHHRISSE2 IHAMBURG1182 IHAMBURG1142 IHHKLEIN2 IHAMBURG787 IHAMBURG64 IHAMBURG1166 IHAMBURG1342 IHAMBURG1230 IHAMBURG1941 IHAMBURG118 IHAMBURG412 IHAMBURG152 IHAMBURG1114 IHAMBURG435 IHAMBURG198 IHAMBURG108 IHAMBURG471 IHAMBURG1606 IHAMBURG200 IHAMBURG1540 IHAMBURG1753 IHAMBURG1952 IHAMBURG2072 IHAMBURG1490 IHAMBURG1464 IHAMBURG2065 IHAMBURG272 IHAMBURG805 IHAMBURG1248 IHAMBURG2045 IHAMBURG154 IHAMBURG1933 IHAMBURG1679 IHAMBURG1783 IHHTREUD3 IHAMBURG1370 IHAMBURG95 IHAMBURG988 IHAMBURG417 IHAMBURG479 IHAMBURG1306 IHAMBURG832 IHAMBURG481 IHHFARMS2 IHAMBURG230 IOSTSTEI3 IHAMBURG527 IHAMBURG1655 IHAMBURG1212 IHAMBURG150 IHAMBURG242 IHAMBURG1082 IHAMBURG209 IHAMBURG772 IHAMBURG2039 IHAMBURG172 ILBHOOPT2 IHAMBURG2075 IHHSTEIN2 IHHSCHNE3 IHAMBURG53 IHAMBURG1843 IHAMBURG2048 IHAMBURG213 IHAMBURG465 IHAMBURG620 IHAMBURG1699 IHHLURUP2 IHHLOKST3 IHAMBURG446 ILBROSEN2 IHAMBURG166 IHAMBURG274 IWINSENL6 IHAMBURG540 IHAMBURG610 IHAMBURG1264 IHAMBURG142 IHAMBURG851 IHAMBURG1252 IHAMBURG1484 IHAMBURG373 IHHHELLB3 IHAMBURG169 IHAMBURG1785 IHAMBURG1973 IHAMBURG844 IHAMBURG1614 IHAMBURG286 IHAMBURG1184 IHAMBURG1102 IHAMBURG1504 IHAMBURG355 IHAMBURG2017 IHAMBURG199 IHAMBURG1628 IBNNINGS3 IHAMBURG1150 IHAMBURG2030 IHAMBURG660 IHAMBURG847 IHAMBURG224 IHAMBURG1618 IHAMBURG1186 IHHLANGE3 IHAMBURG1671 IHAMBURG1427 IHAMBURG1284 IHAMBURG2009 IHAMBURG1470 IHAMBURG1916 IHAMBURG1492 IHHSCHNE2 IHAMBURG335 IHAMBURG84 IHAMBURG1880 IHHEIDEL3 IHAMBURG938 IHAMBURG2088 IHAMBURG654 IHAMBURG1787 IHAMBURG1383 IHAMBURG131 IHAMBURG514 IHAMBURG1106 IHAMBURG1930 IHHGRUEN2 IHAMBURG715 IHHNEUGR2 IHAMBURG1314 IHAMBURG594 IHAMBURG1436 IHAMBURG1962 IHAMBURG222 IHAMBURG285 IHAMBURG1110 IHAMBURG456 IHAMBURG93 IHAMBURG2066 IHAMBURG1144 IHAMBURG233 IHAMBURG1779 IHAMBURG2052 IHAMBURG2081 IHHHOHEN3 IHAMBURG441 IHAMBURG638 IHHNEUBO3 IHAMBURG1068 IHAMBURG1152 IHAMBURG592 IHAMBURG1548 IHAMBURG1098 IHAMBURG1208 IHAMBURG1917 IHAMBURG1594 IHAMBURG205 IBARSBTT22 IHAMBURG924 IHAMBURG218 IHAMBURG149 IHAMBURG626 IHAMBURG190 IHAMBURG1120 IHAMBURG1164 IHAMBURG32 IHAMBURG648 IHAMBURG1922 INORDERS21 IHAMBURG699 IHHBARMB6 IHAMBURG52 IHAMBURG39 IHAMBURG978 IHAMBURG1084 IHAMBURG1675 ILBALVES2 IHAMBURG1389 IHHEIDEL5 IHAMBURG741 IHAMBURG1216 IHHBARMB5 IHAMBURG1681 IHAMBURG1054 IHAMBURG316 IHAMBURG439 IWENTORF21 IHAMBURG1771 IHAMBURG454 IHAMBURG2016 IHAMBURG10 IHAMBURG99 IHAMBURG1036 ISEEVETA49 IHAMBURG1332 IHAMBURG1462 IHAMBURG206 IHAMBURG132 IHAMBURG57 INORDERS98 ISEEVETA78 IHAMBURG261 IHAMBURG243 IHAMBURG188 IHAMBURG803 IHAMBURG180 IHHWILHE2 IHAMBURG1188 IHAMBURG1220 IHAMBURG1755 IHAMBURG1813 IHAMBURG1158 IHAMBURG109 IHAMBURG762 IHAMBURG1639 IHAMBURG1797 IHAMBURG1516 IHAMBURG604 IHAMBURG170 IHAMBURG1995 IHAMBURG1923 IHHMEIEN2 IHAMBURG517 INORDERS72 IHAMBURG1645 IHAMBURG632 IHAMBURG1538 IHAMBURG2025 IHAMBURG1950 IHAMBURG1789 IHAMBURG138 IHAMBURG192 IHAMBURG1336 IHAMBURG153 IHAMBURG2041 IHAMBURG1809 IHAMBURG342 IHAMBURG1635 IHHEINLA2 IHHGROSS2 IHAMBURG1266 IHAMBURG1512 IHAMBURG289 IHAMBURG1759 IHAMBURG971 IHAMBURG404 IHAMBURG1128 IHAMBURG1026 IHAMBURG92 IHAMBURG1974 IHAMBURG778 IHAMBURG1200 IHHEIDEL4 IHAMBURG82 IHAMBURG1946 IHAMBURG1616 IHHHAMBU5 IHAMBURG89 IHAMBURG2079 IHAMBURG693 IHAMBURG1180 IHAMBURG1296 IHAMBURG1292 IHHROTHE2 IHAMBURG469 IHAMBURG104 IHAMBURG1302 IHAMBURG1086 IHAMBURG737 IHHBERGS2 IHAMBURG184 IHAMBURG1058 IHAMBURG276 IHAMBURG90 IHAMBURG630 IHHHAMBU4 IHAMBURG363 IHAMBURG1989 IHAMBURG1709 IHAMBURG1920 IHAMBURG1350 IHAMBURG1864 IHAMBURG338 INORDERS16 IHAMBURG1795
2017-08-21 03:51:42,253 INFO idw_p2_cn5  0.894 n=8771
2017-08-21 03:51:42,254 INFO idw_p2_dt   0.843 n=8754
2017-08-21 03:51:42,254 INFO idw_p2_cn3  0.870 n=8771
2017-08-21 03:51:42,254 INFO idw_p3_cn3  0.793 n=8771
2017-08-21 03:51:42,254 INFO nn          0.704 n=8771
2017-08-21 03:51:42,254 INFO idw_p1_cn5  0.994 n=8771
2017-08-21 03:51:42,254 INFO idw_p3_all  1.076 n=8771
2017-08-21 03:51:42,254 INFO min_cn3     1.487 n=8771
2017-08-21 03:51:42,254 INFO max_dt      2.247 n=8754
2017-08-21 03:51:42,254 INFO idw_p4_dt   0.745 n=8754
2017-08-21 03:51:42,255 INFO idw_p4_cn3  0.746 n=8771
2017-08-21 03:51:42,255 INFO idw_p4_cn5  0.755 n=8771
2017-08-21 03:51:42,255 INFO max_cn3     2.447 n=8771
2017-08-21 03:51:42,255 INFO mean_cn3    1.106 n=8771
2017-08-21 03:51:42,255 INFO idw_p1_cn3  0.979 n=8771
2017-08-21 03:51:42,255 INFO median_cn3  0.858 n=8771
2017-08-21 03:51:42,255 INFO max_cn5     2.938 n=8771
2017-08-21 03:51:42,255 INFO idw_p3_dt   0.783 n=8754
2017-08-21 03:51:42,255 INFO median_all  0.930 n=8771
2017-08-21 03:51:42,255 INFO min_cn5     1.864 n=8771
2017-08-21 03:51:42,255 INFO mean_dt     1.017 n=8754
2017-08-21 03:51:42,255 INFO mean_all    1.145 n=8771
2017-08-21 03:51:42,256 INFO min_all     5.406 n=8771
2017-08-21 03:51:42,256 INFO median_dt   0.870 n=8754
2017-08-21 03:51:42,256 INFO median_cn5  0.978 n=8771
2017-08-21 03:51:42,256 INFO eddh        1.117 n=8765
2017-08-21 03:51:42,256 INFO mean_cn5    1.089 n=8771
2017-08-21 03:51:42,256 INFO idw_p2_all  1.213 n=8771
2017-08-21 03:51:42,256 INFO idw_p1_dt   0.926 n=8754
2017-08-21 03:51:42,256 INFO idw_p4_all  0.880 n=8771
2017-08-21 03:51:42,256 INFO idw_p1_all  1.210 n=8771
2017-08-21 03:51:42,256 INFO idw_p3_cn5  0.811 n=8771
2017-08-21 03:51:42,256 INFO min_dt      0.944 n=8754
2017-08-21 03:51:42,256 INFO max_all     15.832 n=8771
2017-08-21 03:51:42,257 INFO end method list
2017-08-21 03:51:42,593 INFO idw_p2_dt   1.80933 n=85224
2017-08-21 03:51:42,594 INFO idw_p3_cn3  1.83793 n=87416
2017-08-21 03:51:42,594 INFO median_cn3  1.64265 n=87416
2017-08-21 03:51:42,594 INFO median_dt   1.51830 n=85224
2017-08-21 03:51:42,595 INFO min_cn3     1.15501 n=87416
2017-08-21 03:51:42,595 INFO idw_p2_cn3  1.81597 n=87416
2017-08-21 03:51:42,595 INFO max_dt      2.83813 n=85224
2017-08-21 03:51:42,595 INFO idw_p4_cn3  1.85277 n=87416
2017-08-21 03:51:42,596 INFO idw_p4_cn5  1.83211 n=87416
2017-08-21 03:51:42,596 INFO eddh        1.04301 n=87317
2017-08-21 03:51:42,596 INFO min_all     5.21464 n=87416
2017-08-21 03:51:42,596 INFO min_cn5     1.12135 n=87416
2017-08-21 03:51:42,597 INFO mean_dt     1.54290 n=85224
2017-08-21 03:51:42,597 INFO mean_all    1.57152 n=87416
2017-08-21 03:51:42,597 INFO median_cn5  1.44382 n=87416
2017-08-21 03:51:42,597 INFO idw_p4_all  1.82248 n=87416
2017-08-21 03:51:42,598 INFO idw_p3_cn5  1.80249 n=87416
2017-08-21 03:51:42,598 INFO min_dt      0.98592 n=85224
2017-08-21 03:51:42,598 INFO idw_p2_cn5  1.74592 n=87416
2017-08-21 03:51:42,598 INFO idw_p4_dt   1.87207 n=85224
2017-08-21 03:51:42,599 INFO nn          1.90926 n=87416
2017-08-21 03:51:42,599 INFO idw_p1_cn5  1.67017 n=87416
2017-08-21 03:51:42,599 INFO idw_p3_all  1.78339 n=87416
2017-08-21 03:51:42,599 INFO idw_p3_dt   1.85181 n=85224
2017-08-21 03:51:42,600 INFO max_all     16.08510 n=87416
2017-08-21 03:51:42,600 INFO max_cn3     3.51587 n=87416
2017-08-21 03:51:42,600 INFO idw_p1_cn3  1.79482 n=87416
2017-08-21 03:51:42,600 INFO mean_cn3    1.83476 n=87416
2017-08-21 03:51:42,601 INFO median_all  1.36883 n=87416
2017-08-21 03:51:42,601 INFO idw_p1_dt   1.70377 n=85224
2017-08-21 03:51:42,601 INFO mean_cn5    1.67494 n=87416
2017-08-21 03:51:42,601 INFO idw_p2_all  1.66051 n=87416
2017-08-21 03:51:42,602 INFO idw_p1_all  1.58970 n=87416
2017-08-21 03:51:42,602 INFO max_cn5     4.24402 n=87416
