2017-09-19 04:47:54,400 INFO ### Start new logging
2017-09-19 04:47:54,400 INFO hidden_layer_sizes=[5, 9, 5]
2017-09-19 04:47:54,400 INFO learning_rate=0.001000
2017-09-19 04:47:54,400 INFO learn month 2016-01
2017-09-19 04:48:24,345 DEBUG old: 1235947, new: 1235946
2017-09-19 04:48:24,346 DEBUG percentage: 100
2017-09-19 04:48:24,378 DEBUG    dewpoint_eddh  humidity_eddh       lat       lon  pressure_eddh  \
0            3.0           94.0  53.68937  10.13025         1023.0   

   temperature_eddh  winddirection_eddh  windgust_eddh  windspeed_eddh  \
0               3.0               160.0            0.0             7.2   

   hour_0  hour_1  hour_10  hour_11  hour_12  hour_13  hour_14  hour_15  \
0       1       0        0        0        0        0        0        0   

   hour_16  hour_17  hour_18  hour_19  hour_2  hour_20  hour_21  hour_22  \
0        0        0        0        0       0        0        0        0   

   hour_23  hour_3  hour_4  hour_5  hour_6  hour_7  hour_8  hour_9  \
0        0       0       0       0       0       0       0       0   

   cloudcover_eddh_0  cloudcover_eddh_1  cloudcover_eddh_2  cloudcover_eddh_3  \
0                  1                  0                  0                  0   

   cloudcover_eddh_4  cloudcover_eddh_5  
0                  0                  0  
2017-09-19 04:48:24,397 DEBUG    temperature
0          3.1
2017-09-19 04:48:24,559 ERROR /informatik2/students/home/1kastner/.local/lib/python3.5/site-packages/sklearn/neural_network/multilayer_perceptron.py:1266: DataConversionWarning: A column-vector y was passed when a 1d array was expected. Please change the shape of y to (n_samples, ), for example using ravel().
2017-09-19 04:48:24,560 ERROR   y = column_or_1d(y, warn=True)
2017-09-19 04:53:16,529 INFO Training RMSE: 2.737
2017-09-19 04:53:16,552 INFO validate with month 2016-02
2017-09-19 04:53:29,751 DEBUG old: 510797, new: 510797
2017-09-19 04:53:29,752 DEBUG percentage: 100
2017-09-19 04:53:30,548 INFO Evaluation RMSE: 1.360
2017-09-19 04:53:30,548 INFO learn month 2016-02
2017-09-19 04:54:00,503 DEBUG old: 1184625, new: 1184625
2017-09-19 04:54:00,504 DEBUG percentage: 100
2017-09-19 04:58:51,425 INFO Training RMSE: 2.406
2017-09-19 04:58:51,447 INFO validate with month 2016-03
2017-09-19 04:59:04,674 DEBUG old: 525147, new: 525147
2017-09-19 04:59:04,675 DEBUG percentage: 100
2017-09-19 04:59:05,484 INFO Evaluation RMSE: 1.783
2017-09-19 04:59:05,484 INFO learn month 2016-03
2017-09-19 04:59:36,341 DEBUG old: 1234915, new: 1234915
2017-09-19 04:59:36,341 DEBUG percentage: 100
2017-09-19 05:02:39,292 INFO Training RMSE: 2.397
2017-09-19 05:02:39,314 INFO validate with month 2016-04
2017-09-19 05:02:52,447 DEBUG old: 548588, new: 548586
2017-09-19 05:02:52,448 DEBUG percentage: 100
2017-09-19 05:02:53,162 INFO Evaluation RMSE: 2.290
2017-09-19 05:02:53,162 INFO learn month 2016-04
2017-09-19 05:03:23,118 DEBUG old: 1226189, new: 1226189
2017-09-19 05:03:23,118 DEBUG percentage: 100
2017-09-19 05:08:54,439 INFO Training RMSE: 2.346
2017-09-19 05:08:54,460 INFO validate with month 2016-05
2017-09-19 05:09:07,627 DEBUG old: 562454, new: 562454
2017-09-19 05:09:07,628 DEBUG percentage: 100
2017-09-19 05:09:08,343 INFO Evaluation RMSE: 2.377
2017-09-19 05:09:08,343 INFO learn month 2016-05
2017-09-19 05:09:38,412 DEBUG old: 1267302, new: 1267302
2017-09-19 05:09:38,413 DEBUG percentage: 100
2017-09-19 05:11:56,992 INFO Training RMSE: 2.320
2017-09-19 05:11:57,022 INFO validate with month 2016-06
2017-09-19 05:12:10,239 DEBUG old: 565154, new: 565154
2017-09-19 05:12:10,240 DEBUG percentage: 100
2017-09-19 05:12:11,056 INFO Evaluation RMSE: 2.118
2017-09-19 05:12:11,057 INFO learn month 2016-06
2017-09-19 05:12:41,227 DEBUG old: 1224493, new: 1224493
2017-09-19 05:12:41,227 DEBUG percentage: 100
2017-09-19 05:16:53,733 INFO Training RMSE: 2.114
2017-09-19 05:16:53,754 INFO validate with month 2016-07
2017-09-19 05:17:06,896 DEBUG old: 541759, new: 541759
2017-09-19 05:17:06,896 DEBUG percentage: 100
2017-09-19 05:17:07,643 INFO Evaluation RMSE: 1.881
2017-09-19 05:17:07,643 INFO learn month 2016-07
2017-09-19 05:17:37,669 DEBUG old: 1182578, new: 1182578
2017-09-19 05:17:37,669 DEBUG percentage: 100
2017-09-19 05:23:21,238 INFO Training RMSE: 1.884
2017-09-19 05:23:21,259 INFO validate with month 2016-08
2017-09-19 05:23:34,394 DEBUG old: 507764, new: 507764
2017-09-19 05:23:34,395 DEBUG percentage: 100
2017-09-19 05:23:35,224 INFO Evaluation RMSE: 1.997
2017-09-19 05:23:35,224 INFO learn month 2016-08
2017-09-19 05:24:05,997 DEBUG old: 1107522, new: 1107510
2017-09-19 05:24:05,997 DEBUG percentage: 100
2017-09-19 05:26:50,981 INFO Training RMSE: 2.076
2017-09-19 05:26:50,983 INFO validate with month 2016-09
2017-09-19 05:27:04,184 DEBUG old: 535695, new: 535695
2017-09-19 05:27:04,185 DEBUG percentage: 100
2017-09-19 05:27:05,073 INFO Evaluation RMSE: 2.002
2017-09-19 05:27:05,073 INFO learn month 2016-09
2017-09-19 05:27:35,026 DEBUG old: 1206433, new: 1206433
2017-09-19 05:27:35,027 DEBUG percentage: 100
2017-09-19 05:28:10,520 INFO Training RMSE: 4.488
2017-09-19 05:28:10,522 INFO validate with month 2016-10
2017-09-19 05:28:23,688 DEBUG old: 505735, new: 505735
2017-09-19 05:28:23,688 DEBUG percentage: 100
2017-09-19 05:28:24,523 INFO Evaluation RMSE: 8.980
2017-09-19 05:28:24,523 INFO learn month 2016-10
2017-09-19 05:28:55,150 DEBUG old: 1143349, new: 1143344
2017-09-19 05:28:55,150 DEBUG percentage: 100
2017-09-19 05:30:20,938 INFO Training RMSE: 2.093
2017-09-19 05:30:20,939 INFO validate with month 2016-11
2017-09-19 05:30:34,009 DEBUG old: 384881, new: 384759
2017-09-19 05:30:34,009 DEBUG percentage: 100
2017-09-19 05:30:34,419 INFO Evaluation RMSE: 3.532
2017-09-19 05:30:34,419 INFO learn month 2016-11
2017-09-19 05:31:04,113 DEBUG old: 894361, new: 894361
2017-09-19 05:31:04,113 DEBUG percentage: 100
2017-09-19 05:34:19,318 INFO Training RMSE: 2.745
2017-09-19 05:34:19,320 INFO validate with month 2016-12
2017-09-19 05:34:32,450 DEBUG old: 481976, new: 481976
2017-09-19 05:34:32,450 DEBUG percentage: 100
2017-09-19 05:34:33,279 INFO Evaluation RMSE: 2.158
2017-09-19 05:34:33,279 INFO {'tol': 0.0001, 'warm_start': False, 'learning_rate': 'constant', 'batch_size': 'auto', 'shuffle': True, 'momentum': 0.9, 'power_t': 0.5, 'solver': 'adam', 'early_stopping': False, 'activation': 'relu', 'learning_rate_init': 0.001, 'nesterovs_momentum': True, 'beta_1': 0.9, 'beta_2': 0.999, 'epsilon': 1e-08, 'max_iter': 200, 'verbose': False, 'alpha': 0.0001, 'validation_fraction': 0.1, 'hidden_layer_sizes': [5, 9, 5], 'random_state': None}
