2017-09-19 07:15:58,251 INFO ### Start new logging
2017-09-19 07:15:58,251 INFO hidden_layer_sizes=[9, 5]
2017-09-19 07:15:58,251 INFO learning_rate=0.001000
2017-09-19 07:15:58,251 INFO learn month 2016-01
2017-09-19 07:16:28,119 DEBUG old: 1235947, new: 1235946
2017-09-19 07:16:28,120 DEBUG percentage: 100
2017-09-19 07:16:28,152 DEBUG    dewpoint_eddh  humidity_eddh       lat       lon  pressure_eddh  \
0            3.0           94.0  53.68937  10.13025         1023.0   

   temperature_eddh  winddirection_eddh  windgust_eddh  windspeed_eddh  \
0               3.0               160.0            0.0             7.2   

   hour_0  hour_1  hour_10  hour_11  hour_12  hour_13  hour_14  hour_15  \
0       1       0        0        0        0        0        0        0   

   hour_16  hour_17  hour_18  hour_19  hour_2  hour_20  hour_21  hour_22  \
0        0        0        0        0       0        0        0        0   

   hour_23  hour_3  hour_4  hour_5  hour_6  hour_7  hour_8  hour_9  \
0        0       0       0       0       0       0       0       0   

   cloudcover_eddh_0  cloudcover_eddh_1  cloudcover_eddh_2  cloudcover_eddh_3  \
0                  1                  0                  0                  0   

   cloudcover_eddh_4  cloudcover_eddh_5  
0                  0                  0  
2017-09-19 07:16:28,171 DEBUG    temperature
0          3.1
2017-09-19 07:16:28,332 ERROR /informatik2/students/home/1kastner/.local/lib/python3.5/site-packages/sklearn/neural_network/multilayer_perceptron.py:1266: DataConversionWarning: A column-vector y was passed when a 1d array was expected. Please change the shape of y to (n_samples, ), for example using ravel().
2017-09-19 07:16:28,332 ERROR   y = column_or_1d(y, warn=True)
2017-09-19 07:17:26,752 INFO Training RMSE: 2.729
2017-09-19 07:17:26,754 INFO validate with month 2016-02
2017-09-19 07:17:39,843 DEBUG old: 510797, new: 510797
2017-09-19 07:17:39,844 DEBUG percentage: 100
2017-09-19 07:17:40,401 INFO Evaluation RMSE: 1.318
2017-09-19 07:17:40,401 INFO learn month 2016-02
2017-09-19 07:18:10,233 DEBUG old: 1184625, new: 1184625
2017-09-19 07:18:10,233 DEBUG percentage: 100
2017-09-19 07:18:24,314 INFO Training RMSE: 2.422
2017-09-19 07:18:24,316 INFO validate with month 2016-03
2017-09-19 07:18:37,375 DEBUG old: 525147, new: 525147
2017-09-19 07:18:37,376 DEBUG percentage: 100
2017-09-19 07:18:37,772 INFO Evaluation RMSE: 1.769
2017-09-19 07:18:37,773 INFO learn month 2016-03
2017-09-19 07:19:09,115 DEBUG old: 1234915, new: 1234915
2017-09-19 07:19:09,116 DEBUG percentage: 100
2017-09-19 07:21:06,240 INFO Training RMSE: 2.408
2017-09-19 07:21:06,242 INFO validate with month 2016-04
2017-09-19 07:21:20,307 DEBUG old: 548588, new: 548586
2017-09-19 07:21:20,308 DEBUG percentage: 100
2017-09-19 07:21:20,898 INFO Evaluation RMSE: 2.231
2017-09-19 07:21:20,898 INFO learn month 2016-04
2017-09-19 07:21:50,959 DEBUG old: 1226189, new: 1226189
2017-09-19 07:21:50,959 DEBUG percentage: 100
2017-09-19 07:26:04,659 INFO Training RMSE: 2.290
2017-09-19 07:26:04,661 INFO validate with month 2016-05
2017-09-19 07:26:17,906 DEBUG old: 562454, new: 562454
2017-09-19 07:26:17,907 DEBUG percentage: 100
2017-09-19 07:26:18,786 INFO Evaluation RMSE: 2.312
2017-09-19 07:26:18,786 INFO learn month 2016-05
2017-09-19 07:26:49,425 DEBUG old: 1267302, new: 1267302
2017-09-19 07:26:49,426 DEBUG percentage: 100
2017-09-19 07:30:10,771 INFO Training RMSE: 2.336
2017-09-19 07:30:10,773 INFO validate with month 2016-06
2017-09-19 07:30:23,915 DEBUG old: 565154, new: 565154
2017-09-19 07:30:23,915 DEBUG percentage: 100
2017-09-19 07:30:24,761 INFO Evaluation RMSE: 2.166
2017-09-19 07:30:24,761 INFO learn month 2016-06
2017-09-19 07:30:55,032 DEBUG old: 1224493, new: 1224493
2017-09-19 07:30:55,032 DEBUG percentage: 100
2017-09-19 07:34:12,066 INFO Training RMSE: 2.114
2017-09-19 07:34:12,068 INFO validate with month 2016-07
2017-09-19 07:34:25,310 DEBUG old: 541759, new: 541759
2017-09-19 07:34:25,310 DEBUG percentage: 100
2017-09-19 07:34:26,007 INFO Evaluation RMSE: 1.892
2017-09-19 07:34:26,007 INFO learn month 2016-07
2017-09-19 07:34:55,761 DEBUG old: 1182578, new: 1182578
2017-09-19 07:34:55,761 DEBUG percentage: 100
2017-09-19 07:39:01,876 INFO Training RMSE: 1.886
2017-09-19 07:39:01,878 INFO validate with month 2016-08
2017-09-19 07:39:14,913 DEBUG old: 507764, new: 507764
2017-09-19 07:39:14,914 DEBUG percentage: 100
2017-09-19 07:39:16,045 INFO Evaluation RMSE: 2.014
2017-09-19 07:39:16,045 INFO learn month 2016-08
2017-09-19 07:39:45,761 DEBUG old: 1107522, new: 1107510
2017-09-19 07:39:45,761 DEBUG percentage: 100
2017-09-19 07:46:09,507 INFO Training RMSE: 2.029
2017-09-19 07:46:09,509 INFO validate with month 2016-09
2017-09-19 07:46:22,562 DEBUG old: 535695, new: 535695
2017-09-19 07:46:22,601 DEBUG percentage: 100
2017-09-19 07:46:23,749 INFO Evaluation RMSE: 2.002
2017-09-19 07:46:23,749 INFO learn month 2016-09
2017-09-19 07:46:53,568 DEBUG old: 1206433, new: 1206433
2017-09-19 07:46:53,569 DEBUG percentage: 100
2017-09-19 07:49:45,820 INFO Training RMSE: 2.174
2017-09-19 07:49:45,822 INFO validate with month 2016-10
2017-09-19 07:49:58,931 DEBUG old: 505735, new: 505735
2017-09-19 07:49:58,932 DEBUG percentage: 100
2017-09-19 07:49:59,731 INFO Evaluation RMSE: 2.348
2017-09-19 07:49:59,732 INFO learn month 2016-10
2017-09-19 07:50:29,507 DEBUG old: 1143349, new: 1143344
2017-09-19 07:50:29,508 DEBUG percentage: 100
2017-09-19 07:57:03,470 INFO Training RMSE: 2.105
2017-09-19 07:57:03,471 INFO validate with month 2016-11
2017-09-19 07:57:16,398 DEBUG old: 384881, new: 384759
2017-09-19 07:57:16,398 DEBUG percentage: 100
2017-09-19 07:57:17,043 INFO Evaluation RMSE: 3.264
2017-09-19 07:57:17,043 INFO learn month 2016-11
2017-09-19 07:57:46,559 DEBUG old: 894361, new: 894361
2017-09-19 07:57:46,559 DEBUG percentage: 100
2017-09-19 08:00:21,022 INFO Training RMSE: 2.726
2017-09-19 08:00:21,023 INFO validate with month 2016-12
2017-09-19 08:00:35,007 DEBUG old: 481976, new: 481976
2017-09-19 08:00:35,007 DEBUG percentage: 100
2017-09-19 08:00:35,746 INFO Evaluation RMSE: 2.150
2017-09-19 08:00:35,746 INFO {'tol': 0.0001, 'warm_start': False, 'learning_rate': 'constant', 'batch_size': 'auto', 'shuffle': True, 'momentum': 0.9, 'power_t': 0.5, 'solver': 'adam', 'early_stopping': False, 'activation': 'relu', 'learning_rate_init': 0.001, 'nesterovs_momentum': True, 'beta_1': 0.9, 'beta_2': 0.999, 'epsilon': 1e-08, 'max_iter': 200, 'verbose': False, 'alpha': 0.0001, 'validation_fraction': 0.1, 'hidden_layer_sizes': [9, 5], 'random_state': None}
