2017-09-19 06:12:52,784 INFO ### Start new logging
2017-09-19 06:12:52,785 INFO hidden_layer_sizes=[5, 13, 5]
2017-09-19 06:12:52,785 INFO learning_rate=0.001000
2017-09-19 06:12:52,785 INFO learn month 2016-01
2017-09-19 06:13:22,592 DEBUG old: 1235947, new: 1235946
2017-09-19 06:13:22,593 DEBUG percentage: 100
2017-09-19 06:13:22,625 DEBUG    dewpoint_eddh  humidity_eddh       lat       lon  pressure_eddh  \
0            3.0           94.0  53.68937  10.13025         1023.0   

   temperature_eddh  winddirection_eddh  windgust_eddh  windspeed_eddh  \
0               3.0               160.0            0.0             7.2   

   hour_0  hour_1  hour_10  hour_11  hour_12  hour_13  hour_14  hour_15  \
0       1       0        0        0        0        0        0        0   

   hour_16  hour_17  hour_18  hour_19  hour_2  hour_20  hour_21  hour_22  \
0        0        0        0        0       0        0        0        0   

   hour_23  hour_3  hour_4  hour_5  hour_6  hour_7  hour_8  hour_9  \
0        0       0       0       0       0       0       0       0   

   cloudcover_eddh_0  cloudcover_eddh_1  cloudcover_eddh_2  cloudcover_eddh_3  \
0                  1                  0                  0                  0   

   cloudcover_eddh_4  cloudcover_eddh_5  
0                  0                  0  
2017-09-19 06:13:22,644 DEBUG    temperature
0          3.1
2017-09-19 06:13:22,805 ERROR /informatik2/students/home/1kastner/.local/lib/python3.5/site-packages/sklearn/neural_network/multilayer_perceptron.py:1266: DataConversionWarning: A column-vector y was passed when a 1d array was expected. Please change the shape of y to (n_samples, ), for example using ravel().
2017-09-19 06:13:22,805 ERROR   y = column_or_1d(y, warn=True)
2017-09-19 06:15:23,696 INFO Training RMSE: 2.725
2017-09-19 06:15:23,698 INFO validate with month 2016-02
2017-09-19 06:15:36,834 DEBUG old: 510797, new: 510797
2017-09-19 06:15:36,835 DEBUG percentage: 100
2017-09-19 06:15:37,584 INFO Evaluation RMSE: 1.332
2017-09-19 06:15:37,584 INFO learn month 2016-02
2017-09-19 06:16:07,404 DEBUG old: 1184625, new: 1184625
2017-09-19 06:16:07,405 DEBUG percentage: 100
2017-09-19 06:21:55,645 INFO Training RMSE: 2.408
2017-09-19 06:21:55,647 INFO validate with month 2016-03
2017-09-19 06:22:08,745 DEBUG old: 525147, new: 525147
2017-09-19 06:22:08,745 DEBUG percentage: 100
2017-09-19 06:22:09,979 INFO Evaluation RMSE: 1.826
2017-09-19 06:22:09,979 INFO learn month 2016-03
2017-09-19 06:22:39,846 DEBUG old: 1234915, new: 1234915
2017-09-19 06:22:39,846 DEBUG percentage: 100
2017-09-19 06:27:15,676 INFO Training RMSE: 2.395
2017-09-19 06:27:15,678 INFO validate with month 2016-04
2017-09-19 06:27:28,763 DEBUG old: 548588, new: 548586
2017-09-19 06:27:28,764 DEBUG percentage: 100
2017-09-19 06:27:29,744 INFO Evaluation RMSE: 2.194
2017-09-19 06:27:29,744 INFO learn month 2016-04
2017-09-19 06:27:59,969 DEBUG old: 1226189, new: 1226189
2017-09-19 06:27:59,970 DEBUG percentage: 100
2017-09-19 06:32:22,213 INFO Training RMSE: 2.307
2017-09-19 06:32:22,215 INFO validate with month 2016-05
2017-09-19 06:32:35,296 DEBUG old: 562454, new: 562454
2017-09-19 06:32:35,297 DEBUG percentage: 100
2017-09-19 06:32:36,133 INFO Evaluation RMSE: 2.348
2017-09-19 06:32:36,134 INFO learn month 2016-05
2017-09-19 06:33:06,252 DEBUG old: 1267302, new: 1267302
2017-09-19 06:33:06,253 DEBUG percentage: 100
2017-09-19 06:38:52,333 INFO Training RMSE: 2.317
2017-09-19 06:38:52,335 INFO validate with month 2016-06
2017-09-19 06:39:05,442 DEBUG old: 565154, new: 565154
2017-09-19 06:39:05,443 DEBUG percentage: 100
2017-09-19 06:39:06,542 INFO Evaluation RMSE: 2.120
2017-09-19 06:39:06,543 INFO learn month 2016-06
2017-09-19 06:39:36,803 DEBUG old: 1224493, new: 1224493
2017-09-19 06:39:36,804 DEBUG percentage: 100
2017-09-19 06:43:21,022 INFO Training RMSE: 2.114
2017-09-19 06:43:21,024 INFO validate with month 2016-07
2017-09-19 06:43:34,268 DEBUG old: 541759, new: 541759
2017-09-19 06:43:34,269 DEBUG percentage: 100
2017-09-19 06:43:35,141 INFO Evaluation RMSE: 1.876
2017-09-19 06:43:35,141 INFO learn month 2016-07
2017-09-19 06:44:04,885 DEBUG old: 1182578, new: 1182578
2017-09-19 06:44:04,885 DEBUG percentage: 100
2017-09-19 06:49:01,720 INFO Training RMSE: 1.888
2017-09-19 06:49:01,722 INFO validate with month 2016-08
2017-09-19 06:49:14,750 DEBUG old: 507764, new: 507764
2017-09-19 06:49:14,750 DEBUG percentage: 100
2017-09-19 06:49:15,556 INFO Evaluation RMSE: 2.048
2017-09-19 06:49:15,556 INFO learn month 2016-08
2017-09-19 06:49:45,575 DEBUG old: 1107522, new: 1107510
2017-09-19 06:49:45,576 DEBUG percentage: 100
2017-09-19 06:56:09,627 INFO Training RMSE: 2.043
2017-09-19 06:56:09,629 INFO validate with month 2016-09
2017-09-19 06:56:23,029 DEBUG old: 535695, new: 535695
2017-09-19 06:56:23,030 DEBUG percentage: 100
2017-09-19 06:56:24,166 INFO Evaluation RMSE: 1.966
2017-09-19 06:56:24,166 INFO learn month 2016-09
2017-09-19 06:56:54,140 DEBUG old: 1206433, new: 1206433
2017-09-19 06:56:54,140 DEBUG percentage: 100
2017-09-19 07:03:29,024 INFO Training RMSE: 2.167
2017-09-19 07:03:29,026 INFO validate with month 2016-10
2017-09-19 07:03:42,070 DEBUG old: 505735, new: 505735
2017-09-19 07:03:42,070 DEBUG percentage: 100
2017-09-19 07:03:42,859 INFO Evaluation RMSE: 2.933
2017-09-19 07:03:42,860 INFO learn month 2016-10
2017-09-19 07:04:12,905 DEBUG old: 1143349, new: 1143344
2017-09-19 07:04:12,906 DEBUG percentage: 100
2017-09-19 07:09:57,583 INFO Training RMSE: 2.096
2017-09-19 07:09:57,585 INFO validate with month 2016-11
2017-09-19 07:10:10,708 DEBUG old: 384881, new: 384759
2017-09-19 07:10:10,708 DEBUG percentage: 100
2017-09-19 07:10:11,446 INFO Evaluation RMSE: 3.251
2017-09-19 07:10:11,447 INFO learn month 2016-11
2017-09-19 07:10:41,315 DEBUG old: 894361, new: 894361
2017-09-19 07:10:41,316 DEBUG percentage: 100
2017-09-19 07:15:43,194 INFO Training RMSE: 2.746
2017-09-19 07:15:43,195 INFO validate with month 2016-12
2017-09-19 07:15:57,181 DEBUG old: 481976, new: 481976
2017-09-19 07:15:57,182 DEBUG percentage: 100
2017-09-19 07:15:58,212 INFO Evaluation RMSE: 2.154
2017-09-19 07:15:58,212 INFO {'tol': 0.0001, 'warm_start': False, 'learning_rate': 'constant', 'batch_size': 'auto', 'shuffle': True, 'momentum': 0.9, 'power_t': 0.5, 'solver': 'adam', 'early_stopping': False, 'activation': 'relu', 'learning_rate_init': 0.001, 'nesterovs_momentum': True, 'beta_1': 0.9, 'beta_2': 0.999, 'epsilon': 1e-08, 'max_iter': 200, 'verbose': False, 'alpha': 0.0001, 'validation_fraction': 0.1, 'hidden_layer_sizes': [5, 13, 5], 'random_state': None}
