2017-09-20 16:18:03,888 INFO ### Start new logging
2017-09-20 16:18:03,888 INFO hidden_layer_sizes=[13]
2017-09-20 16:18:03,888 INFO learning_rate=0.001000
2017-09-20 16:18:03,888 INFO learn month 2016-01
2017-09-20 16:18:36,388 DEBUG old: 1252156, new: 1252155
2017-09-20 16:18:36,391 DEBUG percentage: 100
2017-09-20 16:18:36,448 DEBUG    dewpoint_eddh  humidity_eddh       lat       lon  pressure_eddh  \
0            3.0           94.0  53.68937  10.13025         1023.0   

   temperature_eddh  winddirection_eddh  windgust_eddh  windspeed_eddh  \
0               3.0               160.0            0.0             7.2   

   hour_0  hour_1  hour_10  hour_11  hour_12  hour_13  hour_14  hour_15  \
0       1       0        0        0        0        0        0        0   

   hour_16  hour_17  hour_18  hour_19  hour_2  hour_20  hour_21  hour_22  \
0        0        0        0        0       0        0        0        0   

   hour_23  hour_3  hour_4  hour_5  hour_6  hour_7  hour_8  hour_9  \
0        0       0       0       0       0       0       0       0   

   cloudcover_eddh_0  cloudcover_eddh_1  cloudcover_eddh_2  cloudcover_eddh_3  \
0                  1                  0                  0                  0   

   cloudcover_eddh_4  cloudcover_eddh_5  
0                  0                  0  
2017-09-20 16:18:36,467 DEBUG    temperature
0          3.1
2017-09-20 16:18:36,620 ERROR /informatik2/students/home/1kastner/.local/lib/python3.5/site-packages/sklearn/neural_network/multilayer_perceptron.py:1266: DataConversionWarning: A column-vector y was passed when a 1d array was expected. Please change the shape of y to (n_samples, ), for example using ravel().
2017-09-20 16:18:36,620 ERROR   y = column_or_1d(y, warn=True)
2017-09-20 16:21:39,519 INFO Training RMSE: 2.434
2017-09-20 16:21:39,524 INFO validate with month 2016-02
2017-09-20 16:21:53,420 DEBUG old: 523820, new: 523820
2017-09-20 16:21:53,421 DEBUG percentage: 100
2017-09-20 16:21:54,350 INFO Evaluation RMSE: 2.199
2017-09-20 16:21:54,351 INFO learn month 2016-02
2017-09-20 16:22:25,782 DEBUG old: 1171602, new: 1171602
2017-09-20 16:22:25,784 DEBUG percentage: 100
2017-09-20 16:24:44,127 INFO Training RMSE: 2.139
2017-09-20 16:24:44,172 INFO validate with month 2016-03
2017-09-20 16:24:58,065 DEBUG old: 544908, new: 544908
2017-09-20 16:24:58,067 DEBUG percentage: 100
2017-09-20 16:24:59,321 INFO Evaluation RMSE: 2.518
2017-09-20 16:24:59,322 INFO learn month 2016-03
2017-09-20 16:25:30,879 DEBUG old: 1215154, new: 1215154
2017-09-20 16:25:30,880 DEBUG percentage: 100
2017-09-20 16:27:29,707 INFO Training RMSE: 2.220
2017-09-20 16:27:29,710 INFO validate with month 2016-04
2017-09-20 16:27:44,914 DEBUG old: 558559, new: 558559
2017-09-20 16:27:44,915 DEBUG percentage: 100
2017-09-20 16:27:45,965 INFO Evaluation RMSE: 2.417
2017-09-20 16:27:45,966 INFO learn month 2016-04
2017-09-20 16:28:17,926 DEBUG old: 1216218, new: 1216216
2017-09-20 16:28:17,958 DEBUG percentage: 100
2017-09-20 16:34:24,608 INFO Training RMSE: 2.217
2017-09-20 16:34:24,612 INFO validate with month 2016-05
2017-09-20 16:34:40,076 DEBUG old: 573677, new: 573677
2017-09-20 16:34:40,077 DEBUG percentage: 100
2017-09-20 16:34:41,409 INFO Evaluation RMSE: 2.463
2017-09-20 16:34:41,410 INFO learn month 2016-05
2017-09-20 16:35:12,930 DEBUG old: 1256079, new: 1256079
2017-09-20 16:35:12,931 DEBUG percentage: 100
2017-09-20 16:38:25,197 INFO Training RMSE: 2.266
2017-09-20 16:38:25,219 INFO validate with month 2016-06
2017-09-20 16:38:38,760 DEBUG old: 546544, new: 546544
2017-09-20 16:38:38,762 DEBUG percentage: 100
2017-09-20 16:38:40,002 INFO Evaluation RMSE: 2.085
2017-09-20 16:38:40,003 INFO learn month 2016-06
2017-09-20 16:39:10,741 DEBUG old: 1243103, new: 1243103
2017-09-20 16:39:10,744 DEBUG percentage: 100
2017-09-20 16:43:26,709 INFO Training RMSE: 2.094
2017-09-20 16:43:26,713 INFO validate with month 2016-07
2017-09-20 16:43:40,289 DEBUG old: 518221, new: 518221
2017-09-20 16:43:40,290 DEBUG percentage: 100
2017-09-20 16:43:41,199 INFO Evaluation RMSE: 1.866
2017-09-20 16:43:41,200 INFO learn month 2016-07
2017-09-20 16:44:13,124 DEBUG old: 1206116, new: 1206116
2017-09-20 16:44:13,125 DEBUG percentage: 100
2017-09-20 16:49:44,577 INFO Training RMSE: 1.858
2017-09-20 16:49:44,600 INFO validate with month 2016-08
2017-09-20 16:49:58,124 DEBUG old: 488312, new: 488312
2017-09-20 16:49:58,126 DEBUG percentage: 100
2017-09-20 16:49:58,990 INFO Evaluation RMSE: 2.063
2017-09-20 16:49:58,991 INFO learn month 2016-08
2017-09-20 16:50:29,795 DEBUG old: 1126974, new: 1126962
2017-09-20 16:50:29,797 DEBUG percentage: 100
2017-09-20 16:55:32,439 INFO Training RMSE: 2.013
2017-09-20 16:55:32,444 INFO validate with month 2016-09
2017-09-20 16:55:46,039 DEBUG old: 535145, new: 535145
2017-09-20 16:55:46,040 DEBUG percentage: 100
2017-09-20 16:55:47,252 INFO Evaluation RMSE: 2.114
2017-09-20 16:55:47,253 INFO learn month 2016-09
2017-09-20 16:56:18,542 DEBUG old: 1206983, new: 1206983
2017-09-20 16:56:18,543 DEBUG percentage: 100
2017-09-20 16:58:59,381 INFO Training RMSE: 2.168
2017-09-20 16:58:59,384 INFO validate with month 2016-10
2017-09-20 16:59:12,989 DEBUG old: 497876, new: 497871
2017-09-20 16:59:12,991 DEBUG percentage: 100
2017-09-20 16:59:14,124 INFO Evaluation RMSE: 2.679
2017-09-20 16:59:14,124 INFO learn month 2016-10
2017-09-20 16:59:45,572 DEBUG old: 1151208, new: 1151208
2017-09-20 16:59:45,576 DEBUG percentage: 100
2017-09-20 17:00:32,884 INFO Training RMSE: 2.114
2017-09-20 17:00:32,886 INFO validate with month 2016-11
2017-09-20 17:00:46,370 DEBUG old: 385103, new: 385103
2017-09-20 17:00:46,373 DEBUG percentage: 100
2017-09-20 17:00:46,991 INFO Evaluation RMSE: 2.904
2017-09-20 17:00:46,991 INFO learn month 2016-11
2017-09-20 17:01:17,222 DEBUG old: 894139, new: 894017
2017-09-20 17:01:17,224 DEBUG percentage: 100
2017-09-20 17:01:29,104 INFO Training RMSE: 2.662
2017-09-20 17:01:29,147 INFO validate with month 2016-12
2017-09-20 17:01:42,276 DEBUG old: 487723, new: 487723
2017-09-20 17:01:42,278 DEBUG percentage: 100
2017-09-20 17:01:43,201 INFO Evaluation RMSE: 2.335
2017-09-20 17:01:43,202 INFO {'hidden_layer_sizes': [13], 'batch_size': 'auto', 'shuffle': True, 'power_t': 0.5, 'alpha': 0.0001, 'activation': 'relu', 'momentum': 0.9, 'warm_start': False, 'verbose': False, 'learning_rate': 'constant', 'tol': 0.0001, 'random_state': None, 'nesterovs_momentum': True, 'beta_2': 0.999, 'learning_rate_init': 0.001, 'beta_1': 0.9, 'max_iter': 200, 'solver': 'adam', 'validation_fraction': 0.1, 'epsilon': 1e-08, 'early_stopping': False}
