2017-09-19 01:13:01,860 INFO ### Start new logging
2017-09-19 01:13:01,860 INFO hidden_layer_sizes=[9, 9]
2017-09-19 01:13:01,860 INFO learning_rate=0.001000
2017-09-19 01:13:01,861 INFO learn month 2016-01
2017-09-19 01:13:11,167 DEBUG concatenated:        temperature_husconet  humidity_husconet   lat_husconet   lon_husconet  \
count         308504.000000      308504.000000  312480.000000  312480.000000   
mean               1.082880          87.135942      53.581388       9.958083   
std                5.079451           9.418503       0.047941       0.096360   
min               -8.790000          54.330000      53.523832       9.758843   
25%               -3.420000          80.200000      53.540880       9.925709   
50%                1.451000          89.400000      53.576155       9.984235   
75%                4.647000          95.000000      53.600530      10.012037   
max               11.530000          99.900000      53.679077      10.095110   

       temperature_eddh  dewpoint_eddh  windspeed_eddh  windgust_eddh  \
count     312480.000000  312480.000000   312480.000000  312480.000000   
mean           1.031362      -0.508513       17.606676       0.082614   
std            5.156598       5.575607        8.988325       2.096059   
min           -9.000000     -12.000000        0.000000       0.000000   
25%           -4.000000      -5.000000       11.100000       0.000000   
50%            1.000000       1.000000       16.700000       0.000000   
75%            5.000000       3.000000       24.100000       0.000000   
max           11.000000      10.000000       44.400000      64.800000   

       winddirection_eddh  pressure_eddh  humidity_eddh  precipitation_eddh  \
count       312480.000000  312480.000000  312480.000000                 0.0   
mean           183.637993    1010.622312      89.352823                 NaN   
std             77.127246      11.756730      10.211592                 NaN   
min              0.000000     986.000000      44.000000                 NaN   
25%            110.000000    1002.000000      82.000000                 NaN   
50%            210.000000    1011.000000      93.000000                 NaN   
75%            240.000000    1020.000000     100.000000                 NaN   
max            360.000000    1032.000000     100.000000                 NaN   

              hour_0         hour_1        hour_10        hour_11  \
count  312480.000000  312480.000000  312480.000000  312480.000000   
mean        0.041667       0.041667       0.041667       0.041667   
std         0.199827       0.199827       0.199827       0.199827   
min         0.000000       0.000000       0.000000       0.000000   
25%         0.000000       0.000000       0.000000       0.000000   
50%         0.000000       0.000000       0.000000       0.000000   
75%         0.000000       0.000000       0.000000       0.000000   
max         1.000000       1.000000       1.000000       1.000000   

             hour_12        hour_13        hour_14        hour_15  \
count  312480.000000  312480.000000  312480.000000  312480.000000   
mean        0.041667       0.041667       0.041667       0.041667   
std         0.199827       0.199827       0.199827       0.199827   
min         0.000000       0.000000       0.000000       0.000000   
25%         0.000000       0.000000       0.000000       0.000000   
50%         0.000000       0.000000       0.000000       0.000000   
75%         0.000000       0.000000       0.000000       0.000000   
max         1.000000       1.000000       1.000000       1.000000   

             hour_16        hour_17        hour_18        hour_19  \
count  312480.000000  312480.000000  312480.000000  312480.000000   
mean        0.041667       0.041667       0.041667       0.041667   
std         0.199827       0.199827       0.199827       0.199827   
min         0.000000       0.000000       0.000000       0.000000   
25%         0.000000       0.000000       0.000000       0.000000   
50%         0.000000       0.000000       0.000000       0.000000   
75%         0.000000       0.000000       0.000000       0.000000   
max         1.000000       1.000000       1.000000       1.000000   

              hour_2        hour_20        hour_21        hour_22  \
count  312480.000000  312480.000000  312480.000000  312480.000000   
mean        0.041667       0.041667       0.041667       0.041667   
std         0.199827       0.199827       0.199827       0.199827   
min         0.000000       0.000000       0.000000       0.000000   
25%         0.000000       0.000000       0.000000       0.000000   
50%         0.000000       0.000000       0.000000       0.000000   
75%         0.000000       0.000000       0.000000       0.000000   
max         1.000000       1.000000       1.000000       1.000000   

             hour_23         hour_3         hour_4         hour_5  \
count  312480.000000  312480.000000  312480.000000  312480.000000   
mean        0.041667       0.041667       0.041667       0.041667   
std         0.199827       0.199827       0.199827       0.199827   
min         0.000000       0.000000       0.000000       0.000000   
25%         0.000000       0.000000       0.000000       0.000000   
50%         0.000000       0.000000       0.000000       0.000000   
75%         0.000000       0.000000       0.000000       0.000000   
max         1.000000       1.000000       1.000000       1.000000   

              hour_6         hour_7         hour_8         hour_9  \
count  312480.000000  312480.000000  312480.000000  312480.000000   
mean        0.041667       0.041667       0.041667       0.041667   
std         0.199827       0.199827       0.199827       0.199827   
min         0.000000       0.000000       0.000000       0.000000   
25%         0.000000       0.000000       0.000000       0.000000   
50%         0.000000       0.000000       0.000000       0.000000   
75%         0.000000       0.000000       0.000000       0.000000   
max         1.000000       1.000000       1.000000       1.000000   

       cloudcover_eddh_0  cloudcover_eddh_1  cloudcover_eddh_2  \
count      312480.000000      312480.000000      312480.000000   
mean            0.252240           0.034946           0.046371   
std             0.434299           0.183644           0.210288   
min             0.000000           0.000000           0.000000   
25%             0.000000           0.000000           0.000000   
50%             0.000000           0.000000           0.000000   
75%             1.000000           0.000000           0.000000   
max             1.000000           1.000000           1.000000   

       cloudcover_eddh_3  cloudcover_eddh_4  cloudcover_eddh_5  
count      312480.000000      312480.000000      312480.000000  
mean            0.516129           0.141129           0.009185  
std             0.499741           0.348155           0.095395  
min             0.000000           0.000000           0.000000  
25%             0.000000           0.000000           0.000000  
50%             1.000000           0.000000           0.000000  
75%             1.000000           0.000000           0.000000  
max             1.000000           1.000000           1.000000  
2017-09-19 01:13:11,445 DEBUG nans:         temperature_husconet  humidity_husconet  lat_husconet  lon_husconet  \
20506                    NaN                NaN     53.576155      9.758843   
20511                    NaN                NaN     53.576155      9.758843   
20518                    NaN                NaN     53.576155      9.758843   
20527                    NaN                NaN     53.576155      9.758843   
20537                    NaN                NaN     53.576155      9.758843   
...                      ...                ...           ...           ...   
257680                   NaN                NaN     53.679077     10.012037   
257689                   NaN                NaN     53.679077     10.012037   
257694                   NaN                NaN     53.679077     10.012037   
257698                   NaN                NaN     53.679077     10.012037   
257705                   NaN                NaN     53.679077     10.012037   

        temperature_eddh  dewpoint_eddh  windspeed_eddh  windgust_eddh  \
20506               -5.0           -9.0            27.8            0.0   
20511               -5.0           -9.0            31.5            0.0   
20518               -5.0           -9.0            31.5            0.0   
20527               -5.0           -9.0            31.5            0.0   
20537               -5.0           -9.0            31.5            0.0   
...                  ...            ...             ...            ...   
257680               9.0            6.0            20.4            0.0   
257689               9.0            6.0            20.4            0.0   
257694               9.0            6.0            20.4            0.0   
257698               9.0            6.0            20.4            0.0   
257705               9.0            6.0            20.4            0.0   

        winddirection_eddh  pressure_eddh  humidity_eddh  hour_0  hour_1  \
20506                110.0         1019.0           74.0       1       0   
20511                110.0         1019.0           74.0       1       0   
20518                110.0         1019.0           74.0       1       0   
20527                110.0         1019.0           74.0       1       0   
20537                110.0         1019.0           74.0       1       0   
...                    ...            ...            ...     ...     ...   
257680               220.0         1019.0           82.0       0       0   
257689               220.0         1019.0           82.0       0       0   
257694               220.0         1019.0           82.0       0       0   
257698               220.0         1019.0           82.0       0       0   
257705               220.0         1019.0           82.0       0       0   

        hour_10  hour_11  hour_12  hour_13  hour_14  hour_15  hour_16  \
20506         0        0        0        0        0        0        0   
20511         0        0        0        0        0        0        0   
20518         0        0        0        0        0        0        0   
20527         0        0        0        0        0        0        0   
20537         0        0        0        0        0        0        0   
...         ...      ...      ...      ...      ...      ...      ...   
257680        0        0        0        1        0        0        0   
257689        0        0        0        1        0        0        0   
257694        0        0        0        1        0        0        0   
257698        0        0        0        1        0        0        0   
257705        0        0        0        1        0        0        0   

        hour_17  hour_18  hour_19  hour_2  hour_20  hour_21  hour_22  hour_23  \
20506         0        0        0       0        0        0        0        0   
20511         0        0        0       0        0        0        0        0   
20518         0        0        0       0        0        0        0        0   
20527         0        0        0       0        0        0        0        0   
20537         0        0        0       0        0        0        0        0   
...         ...      ...      ...     ...      ...      ...      ...      ...   
257680        0        0        0       0        0        0        0        0   
257689        0        0        0       0        0        0        0        0   
257694        0        0        0       0        0        0        0        0   
257698        0        0        0       0        0        0        0        0   
257705        0        0        0       0        0        0        0        0   

        hour_3  hour_4  hour_5  hour_6  hour_7  hour_8  hour_9  \
20506        0       0       0       0       0       0       0   
20511        0       0       0       0       0       0       0   
20518        0       0       0       0       0       0       0   
20527        0       0       0       0       0       0       0   
20537        0       0       0       0       0       0       0   
...        ...     ...     ...     ...     ...     ...     ...   
257680       0       0       0       0       0       0       0   
257689       0       0       0       0       0       0       0   
257694       0       0       0       0       0       0       0   
257698       0       0       0       0       0       0       0   
257705       0       0       0       0       0       0       0   

        cloudcover_eddh_0  cloudcover_eddh_1  cloudcover_eddh_2  \
20506                   0                  0                  0   
20511                   0                  0                  0   
20518                   0                  0                  0   
20527                   0                  0                  0   
20537                   0                  0                  0   
...                   ...                ...                ...   
257680                  0                  0                  0   
257689                  0                  0                  0   
257694                  0                  0                  0   
257698                  0                  0                  0   
257705                  0                  0                  0   

        cloudcover_eddh_3  cloudcover_eddh_4  cloudcover_eddh_5  
20506                   1                  0                  0  
20511                   1                  0                  0  
20518                   1                  0                  0  
20527                   1                  0                  0  
20537                   1                  0                  0  
...                   ...                ...                ...  
257680                  1                  0                  0  
257689                  1                  0                  0  
257694                  1                  0                  0  
257698                  1                  0                  0  
257705                  1                  0                  0  

[3976 rows x 41 columns]
2017-09-19 01:13:11,707 DEBUG before: 312480, after: 308504
2017-09-19 01:13:11,707 DEBUG percentage: 101
2017-09-19 01:13:11,725 DEBUG input_df
2017-09-19 01:13:11,726 DEBUG    lat_husconet  lon_husconet  temperature_eddh  dewpoint_eddh  \
0     53.598135      9.925709               3.0            3.0   

   windspeed_eddh  windgust_eddh  winddirection_eddh  pressure_eddh  \
0             7.2            0.0               160.0         1023.0   

   humidity_eddh  hour_0  hour_1  hour_10  hour_11  hour_12  hour_13  hour_14  \
0           94.0       1       0        0        0        0        0        0   

   hour_15  hour_16  hour_17  hour_18  hour_19  hour_2  hour_20  hour_21  \
0        0        0        0        0        0       0        0        0   

   hour_22  hour_23  hour_3  hour_4  hour_5  hour_6  hour_7  hour_8  hour_9  \
0        0        0       0       0       0       0       0       0       0   

   cloudcover_eddh_0  cloudcover_eddh_1  cloudcover_eddh_2  cloudcover_eddh_3  \
0                  1                  0                  0                  0   

   cloudcover_eddh_4  cloudcover_eddh_5  
0                  0                  0  
2017-09-19 01:13:11,744 DEBUG target_df
2017-09-19 01:13:11,744 DEBUG    temperature_husconet
0                 4.355
2017-09-19 01:13:11,766 DEBUG input_data[0]: [  5.35981352e+01   9.92570856e+00   3.00000000e+00   3.00000000e+00
   7.20000000e+00   0.00000000e+00   1.60000000e+02   1.02300000e+03
   9.40000000e+01   1.00000000e+00   0.00000000e+00   0.00000000e+00
   0.00000000e+00   0.00000000e+00   0.00000000e+00   0.00000000e+00
   0.00000000e+00   0.00000000e+00   0.00000000e+00   0.00000000e+00
   0.00000000e+00   0.00000000e+00   0.00000000e+00   0.00000000e+00
   0.00000000e+00   0.00000000e+00   0.00000000e+00   0.00000000e+00
   0.00000000e+00   0.00000000e+00   0.00000000e+00   0.00000000e+00
   0.00000000e+00   1.00000000e+00   0.00000000e+00   0.00000000e+00
   0.00000000e+00   0.00000000e+00   0.00000000e+00]
2017-09-19 01:13:11,767 DEBUG target[0]: [ 4.355]
2017-09-19 01:13:11,775 ERROR /informatik2/students/home/1kastner/.local/lib/python3.5/site-packages/sklearn/neural_network/multilayer_perceptron.py:1266: DataConversionWarning: A column-vector y was passed when a 1d array was expected. Please change the shape of y to (n_samples, ), for example using ravel().
2017-09-19 01:13:11,775 ERROR   y = column_or_1d(y, warn=True)
2017-09-19 01:13:24,779 INFO Training RMSE: 0.643
2017-09-19 01:13:24,791 INFO validate with month 2016-02
2017-09-19 01:13:28,707 DEBUG before: 125280, after: 125243
2017-09-19 01:13:28,707 DEBUG percentage: 100
2017-09-19 01:13:28,885 INFO Evaluation RMSE: 0.747
2017-09-19 01:13:28,885 INFO learn month 2016-02
2017-09-19 01:13:37,481 DEBUG before: 292320, after: 292205
2017-09-19 01:13:37,482 DEBUG percentage: 100
2017-09-19 01:14:08,353 INFO Training RMSE: 0.805
2017-09-19 01:14:08,369 INFO validate with month 2016-03
2017-09-19 01:14:12,307 DEBUG before: 133920, after: 133884
2017-09-19 01:14:12,307 DEBUG percentage: 100
2017-09-19 01:14:12,451 INFO Evaluation RMSE: 0.930
2017-09-19 01:14:12,452 INFO learn month 2016-03
2017-09-19 01:14:21,162 DEBUG before: 312480, after: 312477
2017-09-19 01:14:21,163 DEBUG percentage: 100
2017-09-19 01:15:12,104 INFO Training RMSE: 0.838
2017-09-19 01:15:12,122 INFO validate with month 2016-04
2017-09-19 01:15:16,181 DEBUG before: 129600, after: 129579
2017-09-19 01:15:16,181 DEBUG percentage: 100
2017-09-19 01:15:16,432 INFO Evaluation RMSE: 1.127
2017-09-19 01:15:16,432 INFO learn month 2016-04
2017-09-19 01:15:25,078 DEBUG before: 302400, after: 302245
2017-09-19 01:15:25,078 DEBUG percentage: 100
2017-09-19 01:16:49,016 INFO Training RMSE: 0.915
2017-09-19 01:16:49,030 INFO validate with month 2016-05
2017-09-19 01:16:53,900 DEBUG before: 133920, after: 133863
2017-09-19 01:16:53,901 DEBUG percentage: 100
2017-09-19 01:16:54,138 INFO Evaluation RMSE: 1.050
2017-09-19 01:16:54,138 INFO learn month 2016-05
2017-09-19 01:17:02,796 DEBUG before: 312480, after: 312299
2017-09-19 01:17:02,797 DEBUG percentage: 100
2017-09-19 01:17:30,907 INFO Training RMSE: 1.086
2017-09-19 01:17:30,921 INFO validate with month 2016-06
2017-09-19 01:17:34,855 DEBUG before: 129600, after: 129569
2017-09-19 01:17:34,855 DEBUG percentage: 100
2017-09-19 01:17:35,037 INFO Evaluation RMSE: 1.022
2017-09-19 01:17:35,038 INFO learn month 2016-06
2017-09-19 01:17:43,679 DEBUG before: 302400, after: 302368
2017-09-19 01:17:43,680 DEBUG percentage: 100
2017-09-19 01:17:47,358 INFO Training RMSE: 1.171
2017-09-19 01:17:47,371 INFO validate with month 2016-07
2017-09-19 01:17:51,754 DEBUG before: 133920, after: 133920
2017-09-19 01:17:51,754 DEBUG percentage: 100
2017-09-19 01:17:51,818 INFO Evaluation RMSE: 1.118
2017-09-19 01:17:51,818 INFO learn month 2016-07
2017-09-19 01:18:00,718 DEBUG before: 312480, after: 312454
2017-09-19 01:18:00,718 DEBUG percentage: 100
2017-09-19 01:18:06,408 INFO Training RMSE: 1.143
2017-09-19 01:18:06,422 INFO validate with month 2016-08
2017-09-19 01:18:10,346 DEBUG before: 133920, after: 133920
2017-09-19 01:18:10,347 DEBUG percentage: 100
2017-09-19 01:18:10,425 INFO Evaluation RMSE: 1.060
2017-09-19 01:18:10,425 INFO learn month 2016-08
2017-09-19 01:18:19,089 DEBUG before: 312480, after: 312480
2017-09-19 01:18:19,089 DEBUG percentage: 100
2017-09-19 01:19:05,824 INFO Training RMSE: 1.166
2017-09-19 01:19:05,838 INFO validate with month 2016-09
2017-09-19 01:19:09,753 DEBUG before: 129600, after: 129600
2017-09-19 01:19:09,754 DEBUG percentage: 100
2017-09-19 01:19:09,922 INFO Evaluation RMSE: 1.380
2017-09-19 01:19:09,922 INFO learn month 2016-09
2017-09-19 01:19:18,557 DEBUG before: 302400, after: 302400
2017-09-19 01:19:18,558 DEBUG percentage: 100
2017-09-19 01:20:24,651 INFO Training RMSE: 1.345
2017-09-19 01:20:24,665 INFO validate with month 2016-10
2017-09-19 01:20:28,588 DEBUG before: 133920, after: 133849
2017-09-19 01:20:28,588 DEBUG percentage: 100
2017-09-19 01:20:28,799 INFO Evaluation RMSE: 1.487
2017-09-19 01:20:28,800 INFO learn month 2016-10
2017-09-19 01:20:37,429 DEBUG before: 312480, after: 312031
2017-09-19 01:20:37,430 DEBUG percentage: 100
2017-09-19 01:20:52,306 INFO Training RMSE: 0.844
2017-09-19 01:20:52,320 INFO validate with month 2016-11
2017-09-19 01:20:56,244 DEBUG before: 129600, after: 129493
2017-09-19 01:20:56,244 DEBUG percentage: 100
2017-09-19 01:20:56,381 INFO Evaluation RMSE: 1.414
2017-09-19 01:20:56,382 INFO learn month 2016-11
2017-09-19 01:21:05,015 DEBUG before: 302400, after: 295856
2017-09-19 01:21:05,016 DEBUG percentage: 102
2017-09-19 01:21:08,017 INFO Training RMSE: 1.081
2017-09-19 01:21:08,031 INFO validate with month 2016-12
2017-09-19 01:21:11,959 DEBUG before: 133920, after: 133627
2017-09-19 01:21:11,959 DEBUG percentage: 100
2017-09-19 01:21:12,014 INFO Evaluation RMSE: 0.880
2017-09-19 01:21:12,015 INFO {'beta_2': 0.999, 'tol': 0.0001, 'beta_1': 0.9, 'verbose': False, 'random_state': None, 'nesterovs_momentum': True, 'validation_fraction': 0.1, 'epsilon': 1e-08, 'momentum': 0.9, 'power_t': 0.5, 'activation': 'relu', 'solver': 'adam', 'shuffle': True, 'hidden_layer_sizes': [9, 9], 'learning_rate': 'constant', 'max_iter': 200, 'alpha': 0.0001, 'batch_size': 'auto', 'early_stopping': False, 'warm_start': False, 'learning_rate_init': 0.001}
