2017-09-19 01:40:01,285 INFO ### Start new logging
2017-09-19 01:40:01,285 INFO hidden_layer_sizes=[9, 13, 5]
2017-09-19 01:40:01,285 INFO learning_rate=0.001000
2017-09-19 01:40:01,285 INFO learn month 2016-01
2017-09-19 01:40:10,567 DEBUG concatenated:        temperature_husconet  humidity_husconet   lat_husconet   lon_husconet  \
count         308504.000000      308504.000000  312480.000000  312480.000000   
mean               1.082880          87.135942      53.581388       9.958083   
std                5.079451           9.418503       0.047941       0.096360   
min               -8.790000          54.330000      53.523832       9.758843   
25%               -3.420000          80.200000      53.540880       9.925709   
50%                1.451000          89.400000      53.576155       9.984235   
75%                4.647000          95.000000      53.600530      10.012037   
max               11.530000          99.900000      53.679077      10.095110   

       temperature_eddh  dewpoint_eddh  windspeed_eddh  windgust_eddh  \
count     312480.000000  312480.000000   312480.000000  312480.000000   
mean           1.031362      -0.508513       17.606676       0.082614   
std            5.156598       5.575607        8.988325       2.096059   
min           -9.000000     -12.000000        0.000000       0.000000   
25%           -4.000000      -5.000000       11.100000       0.000000   
50%            1.000000       1.000000       16.700000       0.000000   
75%            5.000000       3.000000       24.100000       0.000000   
max           11.000000      10.000000       44.400000      64.800000   

       winddirection_eddh  pressure_eddh  humidity_eddh  precipitation_eddh  \
count       312480.000000  312480.000000  312480.000000                 0.0   
mean           183.637993    1010.622312      89.352823                 NaN   
std             77.127246      11.756730      10.211592                 NaN   
min              0.000000     986.000000      44.000000                 NaN   
25%            110.000000    1002.000000      82.000000                 NaN   
50%            210.000000    1011.000000      93.000000                 NaN   
75%            240.000000    1020.000000     100.000000                 NaN   
max            360.000000    1032.000000     100.000000                 NaN   

              hour_0         hour_1        hour_10        hour_11  \
count  312480.000000  312480.000000  312480.000000  312480.000000   
mean        0.041667       0.041667       0.041667       0.041667   
std         0.199827       0.199827       0.199827       0.199827   
min         0.000000       0.000000       0.000000       0.000000   
25%         0.000000       0.000000       0.000000       0.000000   
50%         0.000000       0.000000       0.000000       0.000000   
75%         0.000000       0.000000       0.000000       0.000000   
max         1.000000       1.000000       1.000000       1.000000   

             hour_12        hour_13        hour_14        hour_15  \
count  312480.000000  312480.000000  312480.000000  312480.000000   
mean        0.041667       0.041667       0.041667       0.041667   
std         0.199827       0.199827       0.199827       0.199827   
min         0.000000       0.000000       0.000000       0.000000   
25%         0.000000       0.000000       0.000000       0.000000   
50%         0.000000       0.000000       0.000000       0.000000   
75%         0.000000       0.000000       0.000000       0.000000   
max         1.000000       1.000000       1.000000       1.000000   

             hour_16        hour_17        hour_18        hour_19  \
count  312480.000000  312480.000000  312480.000000  312480.000000   
mean        0.041667       0.041667       0.041667       0.041667   
std         0.199827       0.199827       0.199827       0.199827   
min         0.000000       0.000000       0.000000       0.000000   
25%         0.000000       0.000000       0.000000       0.000000   
50%         0.000000       0.000000       0.000000       0.000000   
75%         0.000000       0.000000       0.000000       0.000000   
max         1.000000       1.000000       1.000000       1.000000   

              hour_2        hour_20        hour_21        hour_22  \
count  312480.000000  312480.000000  312480.000000  312480.000000   
mean        0.041667       0.041667       0.041667       0.041667   
std         0.199827       0.199827       0.199827       0.199827   
min         0.000000       0.000000       0.000000       0.000000   
25%         0.000000       0.000000       0.000000       0.000000   
50%         0.000000       0.000000       0.000000       0.000000   
75%         0.000000       0.000000       0.000000       0.000000   
max         1.000000       1.000000       1.000000       1.000000   

             hour_23         hour_3         hour_4         hour_5  \
count  312480.000000  312480.000000  312480.000000  312480.000000   
mean        0.041667       0.041667       0.041667       0.041667   
std         0.199827       0.199827       0.199827       0.199827   
min         0.000000       0.000000       0.000000       0.000000   
25%         0.000000       0.000000       0.000000       0.000000   
50%         0.000000       0.000000       0.000000       0.000000   
75%         0.000000       0.000000       0.000000       0.000000   
max         1.000000       1.000000       1.000000       1.000000   

              hour_6         hour_7         hour_8         hour_9  \
count  312480.000000  312480.000000  312480.000000  312480.000000   
mean        0.041667       0.041667       0.041667       0.041667   
std         0.199827       0.199827       0.199827       0.199827   
min         0.000000       0.000000       0.000000       0.000000   
25%         0.000000       0.000000       0.000000       0.000000   
50%         0.000000       0.000000       0.000000       0.000000   
75%         0.000000       0.000000       0.000000       0.000000   
max         1.000000       1.000000       1.000000       1.000000   

       cloudcover_eddh_0  cloudcover_eddh_1  cloudcover_eddh_2  \
count      312480.000000      312480.000000      312480.000000   
mean            0.252240           0.034946           0.046371   
std             0.434299           0.183644           0.210288   
min             0.000000           0.000000           0.000000   
25%             0.000000           0.000000           0.000000   
50%             0.000000           0.000000           0.000000   
75%             1.000000           0.000000           0.000000   
max             1.000000           1.000000           1.000000   

       cloudcover_eddh_3  cloudcover_eddh_4  cloudcover_eddh_5  
count      312480.000000      312480.000000      312480.000000  
mean            0.516129           0.141129           0.009185  
std             0.499741           0.348155           0.095395  
min             0.000000           0.000000           0.000000  
25%             0.000000           0.000000           0.000000  
50%             1.000000           0.000000           0.000000  
75%             1.000000           0.000000           0.000000  
max             1.000000           1.000000           1.000000  
2017-09-19 01:40:10,846 DEBUG nans:         temperature_husconet  humidity_husconet  lat_husconet  lon_husconet  \
20506                    NaN                NaN     53.576155      9.758843   
20511                    NaN                NaN     53.576155      9.758843   
20518                    NaN                NaN     53.576155      9.758843   
20527                    NaN                NaN     53.576155      9.758843   
20537                    NaN                NaN     53.576155      9.758843   
...                      ...                ...           ...           ...   
257680                   NaN                NaN     53.679077     10.012037   
257689                   NaN                NaN     53.679077     10.012037   
257694                   NaN                NaN     53.679077     10.012037   
257698                   NaN                NaN     53.679077     10.012037   
257705                   NaN                NaN     53.679077     10.012037   

        temperature_eddh  dewpoint_eddh  windspeed_eddh  windgust_eddh  \
20506               -5.0           -9.0            27.8            0.0   
20511               -5.0           -9.0            31.5            0.0   
20518               -5.0           -9.0            31.5            0.0   
20527               -5.0           -9.0            31.5            0.0   
20537               -5.0           -9.0            31.5            0.0   
...                  ...            ...             ...            ...   
257680               9.0            6.0            20.4            0.0   
257689               9.0            6.0            20.4            0.0   
257694               9.0            6.0            20.4            0.0   
257698               9.0            6.0            20.4            0.0   
257705               9.0            6.0            20.4            0.0   

        winddirection_eddh  pressure_eddh  humidity_eddh  hour_0  hour_1  \
20506                110.0         1019.0           74.0       1       0   
20511                110.0         1019.0           74.0       1       0   
20518                110.0         1019.0           74.0       1       0   
20527                110.0         1019.0           74.0       1       0   
20537                110.0         1019.0           74.0       1       0   
...                    ...            ...            ...     ...     ...   
257680               220.0         1019.0           82.0       0       0   
257689               220.0         1019.0           82.0       0       0   
257694               220.0         1019.0           82.0       0       0   
257698               220.0         1019.0           82.0       0       0   
257705               220.0         1019.0           82.0       0       0   

        hour_10  hour_11  hour_12  hour_13  hour_14  hour_15  hour_16  \
20506         0        0        0        0        0        0        0   
20511         0        0        0        0        0        0        0   
20518         0        0        0        0        0        0        0   
20527         0        0        0        0        0        0        0   
20537         0        0        0        0        0        0        0   
...         ...      ...      ...      ...      ...      ...      ...   
257680        0        0        0        1        0        0        0   
257689        0        0        0        1        0        0        0   
257694        0        0        0        1        0        0        0   
257698        0        0        0        1        0        0        0   
257705        0        0        0        1        0        0        0   

        hour_17  hour_18  hour_19  hour_2  hour_20  hour_21  hour_22  hour_23  \
20506         0        0        0       0        0        0        0        0   
20511         0        0        0       0        0        0        0        0   
20518         0        0        0       0        0        0        0        0   
20527         0        0        0       0        0        0        0        0   
20537         0        0        0       0        0        0        0        0   
...         ...      ...      ...     ...      ...      ...      ...      ...   
257680        0        0        0       0        0        0        0        0   
257689        0        0        0       0        0        0        0        0   
257694        0        0        0       0        0        0        0        0   
257698        0        0        0       0        0        0        0        0   
257705        0        0        0       0        0        0        0        0   

        hour_3  hour_4  hour_5  hour_6  hour_7  hour_8  hour_9  \
20506        0       0       0       0       0       0       0   
20511        0       0       0       0       0       0       0   
20518        0       0       0       0       0       0       0   
20527        0       0       0       0       0       0       0   
20537        0       0       0       0       0       0       0   
...        ...     ...     ...     ...     ...     ...     ...   
257680       0       0       0       0       0       0       0   
257689       0       0       0       0       0       0       0   
257694       0       0       0       0       0       0       0   
257698       0       0       0       0       0       0       0   
257705       0       0       0       0       0       0       0   

        cloudcover_eddh_0  cloudcover_eddh_1  cloudcover_eddh_2  \
20506                   0                  0                  0   
20511                   0                  0                  0   
20518                   0                  0                  0   
20527                   0                  0                  0   
20537                   0                  0                  0   
...                   ...                ...                ...   
257680                  0                  0                  0   
257689                  0                  0                  0   
257694                  0                  0                  0   
257698                  0                  0                  0   
257705                  0                  0                  0   

        cloudcover_eddh_3  cloudcover_eddh_4  cloudcover_eddh_5  
20506                   1                  0                  0  
20511                   1                  0                  0  
20518                   1                  0                  0  
20527                   1                  0                  0  
20537                   1                  0                  0  
...                   ...                ...                ...  
257680                  1                  0                  0  
257689                  1                  0                  0  
257694                  1                  0                  0  
257698                  1                  0                  0  
257705                  1                  0                  0  

[3976 rows x 41 columns]
2017-09-19 01:40:11,115 DEBUG before: 312480, after: 308504
2017-09-19 01:40:11,115 DEBUG percentage: 101
2017-09-19 01:40:11,133 DEBUG input_df
2017-09-19 01:40:11,134 DEBUG    lat_husconet  lon_husconet  temperature_eddh  dewpoint_eddh  \
0     53.598135      9.925709               3.0            3.0   

   windspeed_eddh  windgust_eddh  winddirection_eddh  pressure_eddh  \
0             7.2            0.0               160.0         1023.0   

   humidity_eddh  hour_0  hour_1  hour_10  hour_11  hour_12  hour_13  hour_14  \
0           94.0       1       0        0        0        0        0        0   

   hour_15  hour_16  hour_17  hour_18  hour_19  hour_2  hour_20  hour_21  \
0        0        0        0        0        0       0        0        0   

   hour_22  hour_23  hour_3  hour_4  hour_5  hour_6  hour_7  hour_8  hour_9  \
0        0        0       0       0       0       0       0       0       0   

   cloudcover_eddh_0  cloudcover_eddh_1  cloudcover_eddh_2  cloudcover_eddh_3  \
0                  1                  0                  0                  0   

   cloudcover_eddh_4  cloudcover_eddh_5  
0                  0                  0  
2017-09-19 01:40:11,152 DEBUG target_df
2017-09-19 01:40:11,152 DEBUG    temperature_husconet
0                 4.355
2017-09-19 01:40:11,176 DEBUG input_data[0]: [  5.35981352e+01   9.92570856e+00   3.00000000e+00   3.00000000e+00
   7.20000000e+00   0.00000000e+00   1.60000000e+02   1.02300000e+03
   9.40000000e+01   1.00000000e+00   0.00000000e+00   0.00000000e+00
   0.00000000e+00   0.00000000e+00   0.00000000e+00   0.00000000e+00
   0.00000000e+00   0.00000000e+00   0.00000000e+00   0.00000000e+00
   0.00000000e+00   0.00000000e+00   0.00000000e+00   0.00000000e+00
   0.00000000e+00   0.00000000e+00   0.00000000e+00   0.00000000e+00
   0.00000000e+00   0.00000000e+00   0.00000000e+00   0.00000000e+00
   0.00000000e+00   1.00000000e+00   0.00000000e+00   0.00000000e+00
   0.00000000e+00   0.00000000e+00   0.00000000e+00]
2017-09-19 01:40:11,176 DEBUG target[0]: [ 4.355]
2017-09-19 01:40:11,184 ERROR /informatik2/students/home/1kastner/.local/lib/python3.5/site-packages/sklearn/neural_network/multilayer_perceptron.py:1266: DataConversionWarning: A column-vector y was passed when a 1d array was expected. Please change the shape of y to (n_samples, ), for example using ravel().
2017-09-19 01:40:11,185 ERROR   y = column_or_1d(y, warn=True)
2017-09-19 01:40:19,788 INFO Training RMSE: 5.079
2017-09-19 01:40:19,800 INFO validate with month 2016-02
2017-09-19 01:40:23,712 DEBUG before: 125280, after: 125243
2017-09-19 01:40:23,712 DEBUG percentage: 100
2017-09-19 01:40:23,964 INFO Evaluation RMSE: 4.261
2017-09-19 01:40:23,964 INFO learn month 2016-02
2017-09-19 01:40:33,242 DEBUG before: 292320, after: 292205
2017-09-19 01:40:33,242 DEBUG percentage: 100
2017-09-19 01:42:07,708 INFO Training RMSE: 0.795
2017-09-19 01:42:07,724 INFO validate with month 2016-03
2017-09-19 01:42:12,009 DEBUG before: 133920, after: 133884
2017-09-19 01:42:12,009 DEBUG percentage: 100
2017-09-19 01:42:12,402 INFO Evaluation RMSE: 0.788
2017-09-19 01:42:12,403 INFO learn month 2016-03
2017-09-19 01:42:21,103 DEBUG before: 312480, after: 312477
2017-09-19 01:42:21,104 DEBUG percentage: 100
2017-09-19 01:45:12,205 INFO Training RMSE: 0.807
2017-09-19 01:45:12,222 INFO validate with month 2016-04
2017-09-19 01:45:16,149 DEBUG before: 129600, after: 129579
2017-09-19 01:45:16,149 DEBUG percentage: 100
2017-09-19 01:45:16,553 INFO Evaluation RMSE: 0.987
2017-09-19 01:45:16,553 INFO learn month 2016-04
2017-09-19 01:45:25,189 DEBUG before: 302400, after: 302245
2017-09-19 01:45:25,189 DEBUG percentage: 100
2017-09-19 01:47:36,632 INFO Training RMSE: 0.928
2017-09-19 01:47:36,668 INFO validate with month 2016-05
2017-09-19 01:47:40,619 DEBUG before: 133920, after: 133863
2017-09-19 01:47:40,619 DEBUG percentage: 100
2017-09-19 01:47:40,974 INFO Evaluation RMSE: 1.240
2017-09-19 01:47:40,974 INFO learn month 2016-05
2017-09-19 01:47:49,645 DEBUG before: 312480, after: 312299
2017-09-19 01:47:49,646 DEBUG percentage: 100
2017-09-19 01:47:55,946 INFO Training RMSE: 1.157
2017-09-19 01:47:55,961 INFO validate with month 2016-06
2017-09-19 01:47:59,891 DEBUG before: 129600, after: 129569
2017-09-19 01:47:59,891 DEBUG percentage: 100
2017-09-19 01:47:59,952 INFO Evaluation RMSE: 1.141
2017-09-19 01:47:59,953 INFO learn month 2016-06
2017-09-19 01:48:08,584 DEBUG before: 302400, after: 302368
2017-09-19 01:48:08,584 DEBUG percentage: 100
2017-09-19 01:50:32,515 INFO Training RMSE: 1.029
2017-09-19 01:50:32,531 INFO validate with month 2016-07
2017-09-19 01:50:36,499 DEBUG before: 133920, after: 133920
2017-09-19 01:50:36,499 DEBUG percentage: 100
2017-09-19 01:50:36,782 INFO Evaluation RMSE: 1.090
2017-09-19 01:50:36,782 INFO learn month 2016-07
2017-09-19 01:50:45,466 DEBUG before: 312480, after: 312454
2017-09-19 01:50:45,466 DEBUG percentage: 100
2017-09-19 01:51:18,227 INFO Training RMSE: 1.107
2017-09-19 01:51:18,242 INFO validate with month 2016-08
2017-09-19 01:51:22,173 DEBUG before: 133920, after: 133920
2017-09-19 01:51:22,173 DEBUG percentage: 100
2017-09-19 01:51:22,380 INFO Evaluation RMSE: 1.128
2017-09-19 01:51:22,380 INFO learn month 2016-08
2017-09-19 01:51:31,021 DEBUG before: 312480, after: 312480
2017-09-19 01:51:31,021 DEBUG percentage: 100
2017-09-19 01:52:10,567 INFO Training RMSE: 1.249
2017-09-19 01:52:10,583 INFO validate with month 2016-09
2017-09-19 01:52:14,509 DEBUG before: 129600, after: 129600
2017-09-19 01:52:14,509 DEBUG percentage: 100
2017-09-19 01:52:14,854 INFO Evaluation RMSE: 1.256
2017-09-19 01:52:14,854 INFO learn month 2016-09
2017-09-19 01:52:23,482 DEBUG before: 302400, after: 302400
2017-09-19 01:52:23,483 DEBUG percentage: 100
2017-09-19 01:53:50,171 INFO Training RMSE: 1.505
2017-09-19 01:53:50,187 INFO validate with month 2016-10
2017-09-19 01:53:54,125 DEBUG before: 133920, after: 133849
2017-09-19 01:53:54,125 DEBUG percentage: 100
2017-09-19 01:53:54,450 INFO Evaluation RMSE: 1.127
2017-09-19 01:53:54,451 INFO learn month 2016-10
2017-09-19 01:54:03,122 DEBUG before: 312480, after: 312031
2017-09-19 01:54:03,123 DEBUG percentage: 100
2017-09-19 01:54:27,359 INFO Training RMSE: 0.832
2017-09-19 01:54:27,374 INFO validate with month 2016-11
2017-09-19 01:54:31,294 DEBUG before: 129600, after: 129493
2017-09-19 01:54:31,294 DEBUG percentage: 100
2017-09-19 01:54:31,472 INFO Evaluation RMSE: 1.325
2017-09-19 01:54:31,472 INFO learn month 2016-11
2017-09-19 01:54:40,110 DEBUG before: 302400, after: 295856
2017-09-19 01:54:40,110 DEBUG percentage: 102
2017-09-19 01:55:31,521 INFO Training RMSE: 1.003
2017-09-19 01:55:31,537 INFO validate with month 2016-12
2017-09-19 01:55:35,475 DEBUG before: 133920, after: 133627
2017-09-19 01:55:35,475 DEBUG percentage: 100
2017-09-19 01:55:35,781 INFO Evaluation RMSE: 0.893
2017-09-19 01:55:35,782 INFO {'beta_2': 0.999, 'tol': 0.0001, 'beta_1': 0.9, 'verbose': False, 'random_state': None, 'nesterovs_momentum': True, 'validation_fraction': 0.1, 'epsilon': 1e-08, 'momentum': 0.9, 'power_t': 0.5, 'activation': 'relu', 'solver': 'adam', 'shuffle': True, 'hidden_layer_sizes': [9, 13, 5], 'learning_rate': 'constant', 'max_iter': 200, 'alpha': 0.0001, 'batch_size': 'auto', 'early_stopping': False, 'warm_start': False, 'learning_rate_init': 0.001}
