2017-09-19 00:49:13,367 INFO ### Start new logging
2017-09-19 00:49:13,367 INFO hidden_layer_sizes=[5, 13, 5]
2017-09-19 00:49:13,367 INFO learning_rate=0.001000
2017-09-19 00:49:13,367 INFO learn month 2016-01
2017-09-19 00:49:22,630 DEBUG concatenated:        temperature_husconet  humidity_husconet   lat_husconet   lon_husconet  \
count         308504.000000      308504.000000  312480.000000  312480.000000   
mean               1.082880          87.135942      53.581388       9.958083   
std                5.079451           9.418503       0.047941       0.096360   
min               -8.790000          54.330000      53.523832       9.758843   
25%               -3.420000          80.200000      53.540880       9.925709   
50%                1.451000          89.400000      53.576155       9.984235   
75%                4.647000          95.000000      53.600530      10.012037   
max               11.530000          99.900000      53.679077      10.095110   

       temperature_eddh  dewpoint_eddh  windspeed_eddh  windgust_eddh  \
count     312480.000000  312480.000000   312480.000000  312480.000000   
mean           1.031362      -0.508513       17.606676       0.082614   
std            5.156598       5.575607        8.988325       2.096059   
min           -9.000000     -12.000000        0.000000       0.000000   
25%           -4.000000      -5.000000       11.100000       0.000000   
50%            1.000000       1.000000       16.700000       0.000000   
75%            5.000000       3.000000       24.100000       0.000000   
max           11.000000      10.000000       44.400000      64.800000   

       winddirection_eddh  pressure_eddh  humidity_eddh  precipitation_eddh  \
count       312480.000000  312480.000000  312480.000000                 0.0   
mean           183.637993    1010.622312      89.352823                 NaN   
std             77.127246      11.756730      10.211592                 NaN   
min              0.000000     986.000000      44.000000                 NaN   
25%            110.000000    1002.000000      82.000000                 NaN   
50%            210.000000    1011.000000      93.000000                 NaN   
75%            240.000000    1020.000000     100.000000                 NaN   
max            360.000000    1032.000000     100.000000                 NaN   

              hour_0         hour_1        hour_10        hour_11  \
count  312480.000000  312480.000000  312480.000000  312480.000000   
mean        0.041667       0.041667       0.041667       0.041667   
std         0.199827       0.199827       0.199827       0.199827   
min         0.000000       0.000000       0.000000       0.000000   
25%         0.000000       0.000000       0.000000       0.000000   
50%         0.000000       0.000000       0.000000       0.000000   
75%         0.000000       0.000000       0.000000       0.000000   
max         1.000000       1.000000       1.000000       1.000000   

             hour_12        hour_13        hour_14        hour_15  \
count  312480.000000  312480.000000  312480.000000  312480.000000   
mean        0.041667       0.041667       0.041667       0.041667   
std         0.199827       0.199827       0.199827       0.199827   
min         0.000000       0.000000       0.000000       0.000000   
25%         0.000000       0.000000       0.000000       0.000000   
50%         0.000000       0.000000       0.000000       0.000000   
75%         0.000000       0.000000       0.000000       0.000000   
max         1.000000       1.000000       1.000000       1.000000   

             hour_16        hour_17        hour_18        hour_19  \
count  312480.000000  312480.000000  312480.000000  312480.000000   
mean        0.041667       0.041667       0.041667       0.041667   
std         0.199827       0.199827       0.199827       0.199827   
min         0.000000       0.000000       0.000000       0.000000   
25%         0.000000       0.000000       0.000000       0.000000   
50%         0.000000       0.000000       0.000000       0.000000   
75%         0.000000       0.000000       0.000000       0.000000   
max         1.000000       1.000000       1.000000       1.000000   

              hour_2        hour_20        hour_21        hour_22  \
count  312480.000000  312480.000000  312480.000000  312480.000000   
mean        0.041667       0.041667       0.041667       0.041667   
std         0.199827       0.199827       0.199827       0.199827   
min         0.000000       0.000000       0.000000       0.000000   
25%         0.000000       0.000000       0.000000       0.000000   
50%         0.000000       0.000000       0.000000       0.000000   
75%         0.000000       0.000000       0.000000       0.000000   
max         1.000000       1.000000       1.000000       1.000000   

             hour_23         hour_3         hour_4         hour_5  \
count  312480.000000  312480.000000  312480.000000  312480.000000   
mean        0.041667       0.041667       0.041667       0.041667   
std         0.199827       0.199827       0.199827       0.199827   
min         0.000000       0.000000       0.000000       0.000000   
25%         0.000000       0.000000       0.000000       0.000000   
50%         0.000000       0.000000       0.000000       0.000000   
75%         0.000000       0.000000       0.000000       0.000000   
max         1.000000       1.000000       1.000000       1.000000   

              hour_6         hour_7         hour_8         hour_9  \
count  312480.000000  312480.000000  312480.000000  312480.000000   
mean        0.041667       0.041667       0.041667       0.041667   
std         0.199827       0.199827       0.199827       0.199827   
min         0.000000       0.000000       0.000000       0.000000   
25%         0.000000       0.000000       0.000000       0.000000   
50%         0.000000       0.000000       0.000000       0.000000   
75%         0.000000       0.000000       0.000000       0.000000   
max         1.000000       1.000000       1.000000       1.000000   

       cloudcover_eddh_0  cloudcover_eddh_1  cloudcover_eddh_2  \
count      312480.000000      312480.000000      312480.000000   
mean            0.252240           0.034946           0.046371   
std             0.434299           0.183644           0.210288   
min             0.000000           0.000000           0.000000   
25%             0.000000           0.000000           0.000000   
50%             0.000000           0.000000           0.000000   
75%             1.000000           0.000000           0.000000   
max             1.000000           1.000000           1.000000   

       cloudcover_eddh_3  cloudcover_eddh_4  cloudcover_eddh_5  
count      312480.000000      312480.000000      312480.000000  
mean            0.516129           0.141129           0.009185  
std             0.499741           0.348155           0.095395  
min             0.000000           0.000000           0.000000  
25%             0.000000           0.000000           0.000000  
50%             1.000000           0.000000           0.000000  
75%             1.000000           0.000000           0.000000  
max             1.000000           1.000000           1.000000  
2017-09-19 00:49:22,909 DEBUG nans:         temperature_husconet  humidity_husconet  lat_husconet  lon_husconet  \
20506                    NaN                NaN     53.576155      9.758843   
20511                    NaN                NaN     53.576155      9.758843   
20518                    NaN                NaN     53.576155      9.758843   
20527                    NaN                NaN     53.576155      9.758843   
20537                    NaN                NaN     53.576155      9.758843   
...                      ...                ...           ...           ...   
257680                   NaN                NaN     53.679077     10.012037   
257689                   NaN                NaN     53.679077     10.012037   
257694                   NaN                NaN     53.679077     10.012037   
257698                   NaN                NaN     53.679077     10.012037   
257705                   NaN                NaN     53.679077     10.012037   

        temperature_eddh  dewpoint_eddh  windspeed_eddh  windgust_eddh  \
20506               -5.0           -9.0            27.8            0.0   
20511               -5.0           -9.0            31.5            0.0   
20518               -5.0           -9.0            31.5            0.0   
20527               -5.0           -9.0            31.5            0.0   
20537               -5.0           -9.0            31.5            0.0   
...                  ...            ...             ...            ...   
257680               9.0            6.0            20.4            0.0   
257689               9.0            6.0            20.4            0.0   
257694               9.0            6.0            20.4            0.0   
257698               9.0            6.0            20.4            0.0   
257705               9.0            6.0            20.4            0.0   

        winddirection_eddh  pressure_eddh  humidity_eddh  hour_0  hour_1  \
20506                110.0         1019.0           74.0       1       0   
20511                110.0         1019.0           74.0       1       0   
20518                110.0         1019.0           74.0       1       0   
20527                110.0         1019.0           74.0       1       0   
20537                110.0         1019.0           74.0       1       0   
...                    ...            ...            ...     ...     ...   
257680               220.0         1019.0           82.0       0       0   
257689               220.0         1019.0           82.0       0       0   
257694               220.0         1019.0           82.0       0       0   
257698               220.0         1019.0           82.0       0       0   
257705               220.0         1019.0           82.0       0       0   

        hour_10  hour_11  hour_12  hour_13  hour_14  hour_15  hour_16  \
20506         0        0        0        0        0        0        0   
20511         0        0        0        0        0        0        0   
20518         0        0        0        0        0        0        0   
20527         0        0        0        0        0        0        0   
20537         0        0        0        0        0        0        0   
...         ...      ...      ...      ...      ...      ...      ...   
257680        0        0        0        1        0        0        0   
257689        0        0        0        1        0        0        0   
257694        0        0        0        1        0        0        0   
257698        0        0        0        1        0        0        0   
257705        0        0        0        1        0        0        0   

        hour_17  hour_18  hour_19  hour_2  hour_20  hour_21  hour_22  hour_23  \
20506         0        0        0       0        0        0        0        0   
20511         0        0        0       0        0        0        0        0   
20518         0        0        0       0        0        0        0        0   
20527         0        0        0       0        0        0        0        0   
20537         0        0        0       0        0        0        0        0   
...         ...      ...      ...     ...      ...      ...      ...      ...   
257680        0        0        0       0        0        0        0        0   
257689        0        0        0       0        0        0        0        0   
257694        0        0        0       0        0        0        0        0   
257698        0        0        0       0        0        0        0        0   
257705        0        0        0       0        0        0        0        0   

        hour_3  hour_4  hour_5  hour_6  hour_7  hour_8  hour_9  \
20506        0       0       0       0       0       0       0   
20511        0       0       0       0       0       0       0   
20518        0       0       0       0       0       0       0   
20527        0       0       0       0       0       0       0   
20537        0       0       0       0       0       0       0   
...        ...     ...     ...     ...     ...     ...     ...   
257680       0       0       0       0       0       0       0   
257689       0       0       0       0       0       0       0   
257694       0       0       0       0       0       0       0   
257698       0       0       0       0       0       0       0   
257705       0       0       0       0       0       0       0   

        cloudcover_eddh_0  cloudcover_eddh_1  cloudcover_eddh_2  \
20506                   0                  0                  0   
20511                   0                  0                  0   
20518                   0                  0                  0   
20527                   0                  0                  0   
20537                   0                  0                  0   
...                   ...                ...                ...   
257680                  0                  0                  0   
257689                  0                  0                  0   
257694                  0                  0                  0   
257698                  0                  0                  0   
257705                  0                  0                  0   

        cloudcover_eddh_3  cloudcover_eddh_4  cloudcover_eddh_5  
20506                   1                  0                  0  
20511                   1                  0                  0  
20518                   1                  0                  0  
20527                   1                  0                  0  
20537                   1                  0                  0  
...                   ...                ...                ...  
257680                  1                  0                  0  
257689                  1                  0                  0  
257694                  1                  0                  0  
257698                  1                  0                  0  
257705                  1                  0                  0  

[3976 rows x 41 columns]
2017-09-19 00:49:23,172 DEBUG before: 312480, after: 308504
2017-09-19 00:49:23,173 DEBUG percentage: 101
2017-09-19 00:49:23,194 DEBUG input_df
2017-09-19 00:49:23,194 DEBUG    lat_husconet  lon_husconet  temperature_eddh  dewpoint_eddh  \
0     53.598135      9.925709               3.0            3.0   

   windspeed_eddh  windgust_eddh  winddirection_eddh  pressure_eddh  \
0             7.2            0.0               160.0         1023.0   

   humidity_eddh  hour_0  hour_1  hour_10  hour_11  hour_12  hour_13  hour_14  \
0           94.0       1       0        0        0        0        0        0   

   hour_15  hour_16  hour_17  hour_18  hour_19  hour_2  hour_20  hour_21  \
0        0        0        0        0        0       0        0        0   

   hour_22  hour_23  hour_3  hour_4  hour_5  hour_6  hour_7  hour_8  hour_9  \
0        0        0       0       0       0       0       0       0       0   

   cloudcover_eddh_0  cloudcover_eddh_1  cloudcover_eddh_2  cloudcover_eddh_3  \
0                  1                  0                  0                  0   

   cloudcover_eddh_4  cloudcover_eddh_5  
0                  0                  0  
2017-09-19 00:49:23,212 DEBUG target_df
2017-09-19 00:49:23,212 DEBUG    temperature_husconet
0                 4.355
2017-09-19 00:49:23,247 DEBUG input_data[0]: [  5.35981352e+01   9.92570856e+00   3.00000000e+00   3.00000000e+00
   7.20000000e+00   0.00000000e+00   1.60000000e+02   1.02300000e+03
   9.40000000e+01   1.00000000e+00   0.00000000e+00   0.00000000e+00
   0.00000000e+00   0.00000000e+00   0.00000000e+00   0.00000000e+00
   0.00000000e+00   0.00000000e+00   0.00000000e+00   0.00000000e+00
   0.00000000e+00   0.00000000e+00   0.00000000e+00   0.00000000e+00
   0.00000000e+00   0.00000000e+00   0.00000000e+00   0.00000000e+00
   0.00000000e+00   0.00000000e+00   0.00000000e+00   0.00000000e+00
   0.00000000e+00   1.00000000e+00   0.00000000e+00   0.00000000e+00
   0.00000000e+00   0.00000000e+00   0.00000000e+00]
2017-09-19 00:49:23,248 DEBUG target[0]: [ 4.355]
2017-09-19 00:49:23,256 ERROR /informatik2/students/home/1kastner/.local/lib/python3.5/site-packages/sklearn/neural_network/multilayer_perceptron.py:1266: DataConversionWarning: A column-vector y was passed when a 1d array was expected. Please change the shape of y to (n_samples, ), for example using ravel().
2017-09-19 00:49:23,256 ERROR   y = column_or_1d(y, warn=True)
2017-09-19 00:50:01,400 INFO Training RMSE: 0.613
2017-09-19 00:50:01,411 INFO validate with month 2016-02
2017-09-19 00:50:05,354 DEBUG before: 125280, after: 125243
2017-09-19 00:50:05,354 DEBUG percentage: 100
2017-09-19 00:50:05,491 INFO Evaluation RMSE: 0.724
2017-09-19 00:50:05,491 INFO learn month 2016-02
2017-09-19 00:50:14,135 DEBUG before: 292320, after: 292205
2017-09-19 00:50:14,136 DEBUG percentage: 100
2017-09-19 00:50:20,383 INFO Training RMSE: 3.411
2017-09-19 00:50:20,396 INFO validate with month 2016-03
2017-09-19 00:50:24,314 DEBUG before: 133920, after: 133884
2017-09-19 00:50:24,314 DEBUG percentage: 100
2017-09-19 00:50:24,371 INFO Evaluation RMSE: 3.484
2017-09-19 00:50:24,371 INFO learn month 2016-03
2017-09-19 00:50:33,010 DEBUG before: 312480, after: 312477
2017-09-19 00:50:33,010 DEBUG percentage: 100
2017-09-19 00:50:38,330 INFO Training RMSE: 0.879
2017-09-19 00:50:38,343 INFO validate with month 2016-04
2017-09-19 00:50:42,265 DEBUG before: 129600, after: 129579
2017-09-19 00:50:42,265 DEBUG percentage: 100
2017-09-19 00:50:42,319 INFO Evaluation RMSE: 1.020
2017-09-19 00:50:42,320 INFO learn month 2016-04
2017-09-19 00:50:50,952 DEBUG before: 302400, after: 302245
2017-09-19 00:50:50,953 DEBUG percentage: 100
2017-09-19 00:51:47,177 INFO Training RMSE: 0.970
2017-09-19 00:51:47,191 INFO validate with month 2016-05
2017-09-19 00:51:51,209 DEBUG before: 133920, after: 133863
2017-09-19 00:51:51,209 DEBUG percentage: 100
2017-09-19 00:51:51,448 INFO Evaluation RMSE: 1.528
2017-09-19 00:51:51,448 INFO learn month 2016-05
2017-09-19 00:52:00,451 DEBUG before: 312480, after: 312299
2017-09-19 00:52:00,451 DEBUG percentage: 100
2017-09-19 00:52:16,755 INFO Training RMSE: 1.111
2017-09-19 00:52:16,769 INFO validate with month 2016-06
2017-09-19 00:52:20,703 DEBUG before: 129600, after: 129569
2017-09-19 00:52:20,703 DEBUG percentage: 100
2017-09-19 00:52:20,829 INFO Evaluation RMSE: 1.053
2017-09-19 00:52:20,829 INFO learn month 2016-06
2017-09-19 00:52:29,449 DEBUG before: 302400, after: 302368
2017-09-19 00:52:29,450 DEBUG percentage: 100
2017-09-19 00:53:40,180 INFO Training RMSE: 1.036
2017-09-19 00:53:40,195 INFO validate with month 2016-07
2017-09-19 00:53:44,115 DEBUG before: 133920, after: 133920
2017-09-19 00:53:44,116 DEBUG percentage: 100
2017-09-19 00:53:44,271 INFO Evaluation RMSE: 1.074
2017-09-19 00:53:44,272 INFO learn month 2016-07
2017-09-19 00:53:53,631 DEBUG before: 312480, after: 312454
2017-09-19 00:53:53,632 DEBUG percentage: 100
2017-09-19 00:54:25,963 INFO Training RMSE: 1.124
2017-09-19 00:54:25,977 INFO validate with month 2016-08
2017-09-19 00:54:29,907 DEBUG before: 133920, after: 133920
2017-09-19 00:54:29,907 DEBUG percentage: 100
2017-09-19 00:54:30,033 INFO Evaluation RMSE: 1.098
2017-09-19 00:54:30,034 INFO learn month 2016-08
2017-09-19 00:54:38,750 DEBUG before: 312480, after: 312480
2017-09-19 00:54:38,751 DEBUG percentage: 100
2017-09-19 00:55:15,702 INFO Training RMSE: 1.226
2017-09-19 00:55:15,717 INFO validate with month 2016-09
2017-09-19 00:55:19,635 DEBUG before: 129600, after: 129600
2017-09-19 00:55:19,636 DEBUG percentage: 100
2017-09-19 00:55:19,817 INFO Evaluation RMSE: 1.311
2017-09-19 00:55:19,817 INFO learn month 2016-09
2017-09-19 00:55:28,454 DEBUG before: 302400, after: 302400
2017-09-19 00:55:28,454 DEBUG percentage: 100
2017-09-19 00:56:18,240 INFO Training RMSE: 1.342
2017-09-19 00:56:18,255 INFO validate with month 2016-10
2017-09-19 00:56:22,224 DEBUG before: 133920, after: 133849
2017-09-19 00:56:22,224 DEBUG percentage: 100
2017-09-19 00:56:22,426 INFO Evaluation RMSE: 1.665
2017-09-19 00:56:22,426 INFO learn month 2016-10
2017-09-19 00:56:31,226 DEBUG before: 312480, after: 312031
2017-09-19 00:56:31,227 DEBUG percentage: 100
2017-09-19 00:56:36,105 INFO Training RMSE: 0.890
2017-09-19 00:56:36,119 INFO validate with month 2016-11
2017-09-19 00:56:40,062 DEBUG before: 129600, after: 129493
2017-09-19 00:56:40,062 DEBUG percentage: 100
2017-09-19 00:56:40,117 INFO Evaluation RMSE: 1.236
2017-09-19 00:56:40,117 INFO learn month 2016-11
2017-09-19 00:56:48,799 DEBUG before: 302400, after: 295856
2017-09-19 00:56:48,800 DEBUG percentage: 102
2017-09-19 00:57:24,560 INFO Training RMSE: 0.989
2017-09-19 00:57:24,574 INFO validate with month 2016-12
2017-09-19 00:57:28,496 DEBUG before: 133920, after: 133627
2017-09-19 00:57:28,496 DEBUG percentage: 100
2017-09-19 00:57:28,647 INFO Evaluation RMSE: 0.906
2017-09-19 00:57:28,648 INFO {'beta_2': 0.999, 'tol': 0.0001, 'beta_1': 0.9, 'verbose': False, 'random_state': None, 'nesterovs_momentum': True, 'validation_fraction': 0.1, 'epsilon': 1e-08, 'momentum': 0.9, 'power_t': 0.5, 'activation': 'relu', 'solver': 'adam', 'shuffle': True, 'hidden_layer_sizes': [5, 13, 5], 'learning_rate': 'constant', 'max_iter': 200, 'alpha': 0.0001, 'batch_size': 'auto', 'early_stopping': False, 'warm_start': False, 'learning_rate_init': 0.001}
