2017-08-19 19:52:54,289 INFO ### Start new logging
2017-08-19 19:52:54,290 INFO General Overview
2017-08-19 19:52:54,290 INFO targets: HCM IHM LGM LWM RIM SGM SWM WGM WWM ZOM
2017-08-19 19:52:54,290 INFO neighbours: IHAMBURG229 IHAMBURG69 IHAMBURG184 IHAMBURG1548 IHAMBURG403 IHAMBURG469 IHAMBURG214 IHAMBURG1194 IHAMBURG289 IHAMBURG604 IHAMBURG465 IHAMBURG1128 IHAMBURG600 IHAMBURG772 IHAMBURG376 IHAMBURG741 IHAMBURG1142 IHAMBURG1186 IHAMBURG80 IHAMBURG499 IHAMBURG154 IHHRISSE2 IHAMBURG1208 IHAMBURG656 IHAMBURG128 IHAMBURG1360 IHAMBURG1098 IHAMBURG1192 IHAMBURG646 IHAMBURG1234 IHAMBURG50 IHAMBURG998 IHAMBURG119 IHAMBURG565 IHAMBURG98 IHAMBURG2052 IHAMBURG1504 IHAMBURG1296 IHAMBURG168 IHAMBURG1200 IHAMBURG971 IHAMBURG104 IHAMBURG1236 IHAMBURG789 IHAMBURG1787 IHAMBURG2025 IHAMBURG1508 IHAMBURG367 IHAMBURG230 IHAMBURG628 IHAMBURG1204 IHAMBURG1102 IHAMBURG1830 IHAMBURG1832 IHAMBURG363 IHAMBURG340 IHAMBURG1346 IHAMBURG1136 IHAMBURG53 IHAMBURG1144 IHAMBURG68 IHAMBURG209 IHAMBURG1002 IHAMBURG237 IHAMBURG258 IHAMBURG400 IHAMBURG2024 IHAMBURG1306 IHAMBURG731 IHAMBURG1462 IHAMBURG61 IHAMBURG1342 IHAMBURG1458 IHAMBURG192 IHAMBURG1184 IHAMBURG540 IHAMBURG1540 IHAMBURG1391 IHAMBURG778 IHAMBURG380 IHHHELLB2 IHAMBURG450 IHAMBURG1266 IHAMBURG1797 IHAMBURG1172 IOSTSTEI3 IHAMBURG1188 IHAMBURG1464 IHAMBURG550 IHAMBURG60 IHAMBURG479 IHAMBURG844 IHAMBURG405 IHAMBURG1036 IHAMBURG1300 IHAMBURG285 IHAMBURG487 IHAMBURG180 IHAMBURG42 IHAMBURG737 ISEEVETA49 IHAMBURG1082 IHAMBURG514 IWINSENL6 IHAMBURG1470 IHAMBURG56 IHAMBURG200 IHAMBURG1302 IHAMBURG439 IHAMBURG333 IHAMBURG684 IHAMBURG1783 IHAMBURG481 IHAMBURG316 IHAMBURG256 IHAMBURG460 IHAMBURG654 IHAMBURG1044 IHAMBURG1150 IHAMBURG1254 IHAMBURG250 IHAMBURG1411 IHAMBURG1154 IHAMBURG175 IHAMBURG280 IHAMBURG640 IHAMBURG417 IHAMBURG123 IHAMBURG664 IHAMBURG109 IHAMBURG1064 IHAMBURG938 IHAMBURG914 IHAMBURG108 IHAMBURG195 IHAMBURG1791 IHAMBURG204 IHAMBURG1421 INORDERS21 IHAMBURG1368 IHAMBURG2029 IHAMBURG365 IHAMBURG709 IHAMBURG361 IHAMBURG471 IHAMBURG113 IHAMBURG353 IHAMBURG1216 IHAMBURG219 IHAMBURG1134 IHAMBURG142 IHAMBURG803 IHHMEIEN2 IHAMBURG1494 IHAMBURG404 IHAMBURG527 IHAMBURG329 IHAMBURG206 IHAMBURG2026 IHAMBURG1086 IHAMBURG1538 IHAMBURG338 IHAMBURG49 IHAMBURG610 IHAMBURG1152 IHAMBURG172 IHAMBURG199 IHAMBURG1068 IHAMBURG1058 IHAMBURG308 IHAMBURG693 IHAMBURG1478 IHHBERGS2 IHAMBURG1212 IHAMBURG832 IHAMBURG375 IHAMBURG1284 IHAMBURG454 IHAMBURG162 IHAMBURG1076 IHAMBURG1008 IHAMBURG1108 IHAMBURG1110 IHAMBURG1114 IHAMBURG1118 IHAMBURG1230 IHAMBURG1252 IHAMBURG131 IHAMBURG1314 IHAMBURG1372 IHAMBURG1377 IHAMBURG158 IHAMBURG1586 IHAMBURG1600 IHAMBURG218 IHAMBURG222 IHAMBURG355 IHAMBURG435 IHAMBURG489 IHAMBURG64 IHAMBURG648 IHAMBURG84
2017-08-19 19:52:54,290 INFO End overview
2017-08-19 19:52:54,290 INFO Several Runs
2017-08-19 19:52:54,290 INFO end targets
2017-08-19 19:52:54,290 INFO overall results
2017-08-19 19:52:54,291 INFO interpolate for HCM
2017-08-19 19:52:54,291 INFO currently at 1 out of 10
2017-08-19 19:52:54,291 INFO use IHAMBURG229 IHAMBURG69 IHAMBURG184 IHAMBURG1548 IHAMBURG403 IHAMBURG469 IHAMBURG214 IHAMBURG1194 IHAMBURG289 IHAMBURG604 IHAMBURG465 IHAMBURG1128 IHAMBURG600 IHAMBURG772 IHAMBURG376 IHAMBURG741 IHAMBURG1142 IHAMBURG1186 IHAMBURG80 IHAMBURG499 IHAMBURG154 IHHRISSE2 IHAMBURG1208 IHAMBURG656 IHAMBURG128 IHAMBURG1360 IHAMBURG1098 IHAMBURG1192 IHAMBURG646 IHAMBURG1234 IHAMBURG50 IHAMBURG998 IHAMBURG119 IHAMBURG565 IHAMBURG98 IHAMBURG2052 IHAMBURG1504 IHAMBURG1296 IHAMBURG168 IHAMBURG1200 IHAMBURG971 IHAMBURG104 IHAMBURG1236 IHAMBURG789 IHAMBURG1787 IHAMBURG2025 IHAMBURG1508 IHAMBURG367 IHAMBURG230 IHAMBURG628 IHAMBURG1204 IHAMBURG1102 IHAMBURG1830 IHAMBURG1832 IHAMBURG363 IHAMBURG340 IHAMBURG1346 IHAMBURG1136 IHAMBURG53 IHAMBURG1144 IHAMBURG68 IHAMBURG209 IHAMBURG1002 IHAMBURG237 IHAMBURG258 IHAMBURG400 IHAMBURG2024 IHAMBURG1306 IHAMBURG731 IHAMBURG1462 IHAMBURG61 IHAMBURG1342 IHAMBURG1458 IHAMBURG192 IHAMBURG1184 IHAMBURG540 IHAMBURG1540 IHAMBURG1391 IHAMBURG778 IHAMBURG380 IHHHELLB2 IHAMBURG450 IHAMBURG1266 IHAMBURG1797 IHAMBURG1172 IOSTSTEI3 IHAMBURG1188 IHAMBURG1464 IHAMBURG550 IHAMBURG60 IHAMBURG479 IHAMBURG844 IHAMBURG405 IHAMBURG1036 IHAMBURG1300 IHAMBURG285 IHAMBURG487 IHAMBURG180 IHAMBURG42 IHAMBURG737 ISEEVETA49 IHAMBURG1082 IHAMBURG514 IWINSENL6 IHAMBURG1470 IHAMBURG56 IHAMBURG200 IHAMBURG1302 IHAMBURG439 IHAMBURG333 IHAMBURG684 IHAMBURG1783 IHAMBURG481 IHAMBURG316 IHAMBURG256 IHAMBURG460 IHAMBURG654 IHAMBURG1044 IHAMBURG1150 IHAMBURG1254 IHAMBURG250 IHAMBURG1411 IHAMBURG1154 IHAMBURG175 IHAMBURG280 IHAMBURG640 IHAMBURG417 IHAMBURG123 IHAMBURG664 IHAMBURG109 IHAMBURG1064 IHAMBURG938 IHAMBURG914 IHAMBURG108 IHAMBURG195 IHAMBURG1791 IHAMBURG204 IHAMBURG1421 INORDERS21 IHAMBURG1368 IHAMBURG2029 IHAMBURG365 IHAMBURG709 IHAMBURG361 IHAMBURG471 IHAMBURG113 IHAMBURG353 IHAMBURG1216 IHAMBURG219 IHAMBURG1134 IHAMBURG142 IHAMBURG803 IHHMEIEN2 IHAMBURG1494 IHAMBURG404 IHAMBURG527 IHAMBURG329 IHAMBURG206 IHAMBURG2026 IHAMBURG1086 IHAMBURG1538 IHAMBURG338 IHAMBURG49 IHAMBURG610 IHAMBURG1152 IHAMBURG172 IHAMBURG199 IHAMBURG1068 IHAMBURG1058 IHAMBURG308 IHAMBURG693 IHAMBURG1478 IHHBERGS2 IHAMBURG1212 IHAMBURG832 IHAMBURG375 IHAMBURG1284 IHAMBURG454 IHAMBURG162 IHAMBURG1076 IHAMBURG1008 IHAMBURG1108 IHAMBURG1110 IHAMBURG1114 IHAMBURG1118 IHAMBURG1230 IHAMBURG1252 IHAMBURG131 IHAMBURG1314 IHAMBURG1372 IHAMBURG1377 IHAMBURG158 IHAMBURG1586 IHAMBURG1600 IHAMBURG218 IHAMBURG222 IHAMBURG355 IHAMBURG435 IHAMBURG489 IHAMBURG64 IHAMBURG648 IHAMBURG84
2017-08-19 20:05:06,745 INFO mean_dt     0.758 n=8672
2017-08-19 20:05:06,746 INFO median_cn5  0.791 n=8783
2017-08-19 20:05:06,746 INFO median_cn3  0.808 n=8783
2017-08-19 20:05:06,746 INFO mean_all    0.619 n=8783
2017-08-19 20:05:06,746 INFO idw_p3_all  0.859 n=8783
2017-08-19 20:05:06,746 INFO idw_p2_all  0.816 n=8783
2017-08-19 20:05:06,746 INFO eddh        1.385 n=8773
2017-08-19 20:05:06,746 INFO min_cn3     0.584 n=8783
2017-08-19 20:05:06,746 INFO idw_p1_dt   0.836 n=8672
2017-08-19 20:05:06,746 INFO idw_p2_dt   0.869 n=8672
2017-08-19 20:05:06,746 INFO min_all     3.754 n=8783
2017-08-19 20:05:06,746 INFO idw_p3_cn5  0.870 n=8783
2017-08-19 20:05:06,747 INFO max_cn3     1.132 n=8783
2017-08-19 20:05:06,747 INFO idw_p3_cn3  0.872 n=8783
2017-08-19 20:05:06,747 INFO mean_cn3    0.764 n=8783
2017-08-19 20:05:06,747 INFO min_dt      0.886 n=8672
2017-08-19 20:05:06,747 INFO max_cn5     1.254 n=8783
2017-08-19 20:05:06,747 INFO idw_p1_cn5  0.822 n=8783
2017-08-19 20:05:06,747 INFO idw_p4_cn5  0.871 n=8783
2017-08-19 20:05:06,747 INFO mean_cn5    0.756 n=8783
2017-08-19 20:05:06,747 INFO idw_p2_cn3  0.868 n=8783
2017-08-19 20:05:06,747 INFO max_dt      1.095 n=8672
2017-08-19 20:05:06,747 INFO idw_p1_all  0.504 n=8783
2017-08-19 20:05:06,747 INFO idw_p4_all  0.865 n=8783
2017-08-19 20:05:06,748 INFO idw_p2_cn5  0.864 n=8783
2017-08-19 20:05:06,748 INFO idw_p3_dt   0.876 n=8672
2017-08-19 20:05:06,748 INFO idw_p4_dt   0.879 n=8672
2017-08-19 20:05:06,748 INFO idw_p4_cn3  0.873 n=8783
2017-08-19 20:05:06,748 INFO idw_p1_cn3  0.837 n=8783
2017-08-19 20:05:06,748 INFO min_cn5     0.831 n=8783
2017-08-19 20:05:06,748 INFO median_dt   0.800 n=8672
2017-08-19 20:05:06,748 INFO nn          0.888 n=8783
2017-08-19 20:05:06,748 INFO max_all     1.757 n=8783
2017-08-19 20:05:06,748 INFO median_all  0.643 n=8783
2017-08-19 20:05:06,748 INFO end method list
2017-08-19 20:05:06,937 INFO interpolate for IHM
2017-08-19 20:05:06,938 INFO currently at 2 out of 10
2017-08-19 20:05:06,938 INFO use IHAMBURG229 IHAMBURG69 IHAMBURG184 IHAMBURG1548 IHAMBURG403 IHAMBURG469 IHAMBURG214 IHAMBURG1194 IHAMBURG289 IHAMBURG604 IHAMBURG465 IHAMBURG1128 IHAMBURG600 IHAMBURG772 IHAMBURG376 IHAMBURG741 IHAMBURG1142 IHAMBURG1186 IHAMBURG80 IHAMBURG499 IHAMBURG154 IHHRISSE2 IHAMBURG1208 IHAMBURG656 IHAMBURG128 IHAMBURG1360 IHAMBURG1098 IHAMBURG1192 IHAMBURG646 IHAMBURG1234 IHAMBURG50 IHAMBURG998 IHAMBURG119 IHAMBURG565 IHAMBURG98 IHAMBURG2052 IHAMBURG1504 IHAMBURG1296 IHAMBURG168 IHAMBURG1200 IHAMBURG971 IHAMBURG104 IHAMBURG1236 IHAMBURG789 IHAMBURG1787 IHAMBURG2025 IHAMBURG1508 IHAMBURG367 IHAMBURG230 IHAMBURG628 IHAMBURG1204 IHAMBURG1102 IHAMBURG1830 IHAMBURG1832 IHAMBURG363 IHAMBURG340 IHAMBURG1346 IHAMBURG1136 IHAMBURG53 IHAMBURG1144 IHAMBURG68 IHAMBURG209 IHAMBURG1002 IHAMBURG237 IHAMBURG258 IHAMBURG400 IHAMBURG2024 IHAMBURG1306 IHAMBURG731 IHAMBURG1462 IHAMBURG61 IHAMBURG1342 IHAMBURG1458 IHAMBURG192 IHAMBURG1184 IHAMBURG540 IHAMBURG1540 IHAMBURG1391 IHAMBURG778 IHAMBURG380 IHHHELLB2 IHAMBURG450 IHAMBURG1266 IHAMBURG1797 IHAMBURG1172 IOSTSTEI3 IHAMBURG1188 IHAMBURG1464 IHAMBURG550 IHAMBURG60 IHAMBURG479 IHAMBURG844 IHAMBURG405 IHAMBURG1036 IHAMBURG1300 IHAMBURG285 IHAMBURG487 IHAMBURG180 IHAMBURG42 IHAMBURG737 ISEEVETA49 IHAMBURG1082 IHAMBURG514 IWINSENL6 IHAMBURG1470 IHAMBURG56 IHAMBURG200 IHAMBURG1302 IHAMBURG439 IHAMBURG333 IHAMBURG684 IHAMBURG1783 IHAMBURG481 IHAMBURG316 IHAMBURG256 IHAMBURG460 IHAMBURG654 IHAMBURG1044 IHAMBURG1150 IHAMBURG1254 IHAMBURG250 IHAMBURG1411 IHAMBURG1154 IHAMBURG175 IHAMBURG280 IHAMBURG640 IHAMBURG417 IHAMBURG123 IHAMBURG664 IHAMBURG109 IHAMBURG1064 IHAMBURG938 IHAMBURG914 IHAMBURG108 IHAMBURG195 IHAMBURG1791 IHAMBURG204 IHAMBURG1421 INORDERS21 IHAMBURG1368 IHAMBURG2029 IHAMBURG365 IHAMBURG709 IHAMBURG361 IHAMBURG471 IHAMBURG113 IHAMBURG353 IHAMBURG1216 IHAMBURG219 IHAMBURG1134 IHAMBURG142 IHAMBURG803 IHHMEIEN2 IHAMBURG1494 IHAMBURG404 IHAMBURG527 IHAMBURG329 IHAMBURG206 IHAMBURG2026 IHAMBURG1086 IHAMBURG1538 IHAMBURG338 IHAMBURG49 IHAMBURG610 IHAMBURG1152 IHAMBURG172 IHAMBURG199 IHAMBURG1068 IHAMBURG1058 IHAMBURG308 IHAMBURG693 IHAMBURG1478 IHHBERGS2 IHAMBURG1212 IHAMBURG832 IHAMBURG375 IHAMBURG1284 IHAMBURG454 IHAMBURG162 IHAMBURG1076 IHAMBURG1008 IHAMBURG1108 IHAMBURG1110 IHAMBURG1114 IHAMBURG1118 IHAMBURG1230 IHAMBURG1252 IHAMBURG131 IHAMBURG1314 IHAMBURG1372 IHAMBURG1377 IHAMBURG158 IHAMBURG1586 IHAMBURG1600 IHAMBURG218 IHAMBURG222 IHAMBURG355 IHAMBURG435 IHAMBURG489 IHAMBURG64 IHAMBURG648 IHAMBURG84
2017-08-19 20:17:07,791 INFO mean_dt     0.686 n=8673
2017-08-19 20:17:07,792 INFO median_cn5  0.645 n=8783
2017-08-19 20:17:07,792 INFO median_cn3  0.768 n=8783
2017-08-19 20:17:07,792 INFO mean_all    0.717 n=8783
2017-08-19 20:17:07,792 INFO idw_p3_all  0.601 n=8783
2017-08-19 20:17:07,792 INFO idw_p2_all  0.499 n=8783
2017-08-19 20:17:07,792 INFO eddh        1.488 n=8772
2017-08-19 20:17:07,792 INFO min_cn3     0.892 n=8783
2017-08-19 20:17:07,792 INFO idw_p1_dt   0.729 n=8673
2017-08-19 20:17:07,792 INFO idw_p2_dt   0.781 n=8673
2017-08-19 20:17:07,793 INFO min_all     3.916 n=8783
2017-08-19 20:17:07,793 INFO idw_p3_cn5  0.764 n=8783
2017-08-19 20:17:07,793 INFO max_cn3     1.039 n=8783
2017-08-19 20:17:07,793 INFO idw_p3_cn3  0.829 n=8783
2017-08-19 20:17:07,793 INFO mean_cn3    0.727 n=8783
2017-08-19 20:17:07,793 INFO min_dt      0.914 n=8673
2017-08-19 20:17:07,793 INFO max_cn5     1.101 n=8783
2017-08-19 20:17:07,793 INFO idw_p1_cn5  0.650 n=8783
2017-08-19 20:17:07,793 INFO idw_p4_cn5  0.818 n=8783
2017-08-19 20:17:07,793 INFO mean_cn5    0.611 n=8783
2017-08-19 20:17:07,793 INFO idw_p2_cn3  0.791 n=8783
2017-08-19 20:17:07,794 INFO max_dt      1.003 n=8673
2017-08-19 20:17:07,794 INFO idw_p1_all  0.590 n=8783
2017-08-19 20:17:07,794 INFO idw_p4_all  0.735 n=8783
2017-08-19 20:17:07,794 INFO idw_p2_cn5  0.704 n=8783
2017-08-19 20:17:07,794 INFO idw_p3_dt   0.830 n=8673
2017-08-19 20:17:07,794 INFO idw_p4_dt   0.869 n=8673
2017-08-19 20:17:07,794 INFO idw_p4_cn3  0.863 n=8783
2017-08-19 20:17:07,794 INFO idw_p1_cn3  0.754 n=8783
2017-08-19 20:17:07,794 INFO min_cn5     0.941 n=8783
2017-08-19 20:17:07,794 INFO median_dt   0.737 n=8673
2017-08-19 20:17:07,794 INFO nn          0.967 n=8783
2017-08-19 20:17:07,794 INFO max_all     1.619 n=8783
2017-08-19 20:17:07,795 INFO median_all  0.737 n=8783
2017-08-19 20:17:07,795 INFO end method list
2017-08-19 20:17:07,978 INFO interpolate for LGM
2017-08-19 20:17:07,978 INFO currently at 3 out of 10
2017-08-19 20:17:07,978 INFO use IHAMBURG229 IHAMBURG69 IHAMBURG184 IHAMBURG1548 IHAMBURG403 IHAMBURG469 IHAMBURG214 IHAMBURG1194 IHAMBURG289 IHAMBURG604 IHAMBURG465 IHAMBURG1128 IHAMBURG600 IHAMBURG772 IHAMBURG376 IHAMBURG741 IHAMBURG1142 IHAMBURG1186 IHAMBURG80 IHAMBURG499 IHAMBURG154 IHHRISSE2 IHAMBURG1208 IHAMBURG656 IHAMBURG128 IHAMBURG1360 IHAMBURG1098 IHAMBURG1192 IHAMBURG646 IHAMBURG1234 IHAMBURG50 IHAMBURG998 IHAMBURG119 IHAMBURG565 IHAMBURG98 IHAMBURG2052 IHAMBURG1504 IHAMBURG1296 IHAMBURG168 IHAMBURG1200 IHAMBURG971 IHAMBURG104 IHAMBURG1236 IHAMBURG789 IHAMBURG1787 IHAMBURG2025 IHAMBURG1508 IHAMBURG367 IHAMBURG230 IHAMBURG628 IHAMBURG1204 IHAMBURG1102 IHAMBURG1830 IHAMBURG1832 IHAMBURG363 IHAMBURG340 IHAMBURG1346 IHAMBURG1136 IHAMBURG53 IHAMBURG1144 IHAMBURG68 IHAMBURG209 IHAMBURG1002 IHAMBURG237 IHAMBURG258 IHAMBURG400 IHAMBURG2024 IHAMBURG1306 IHAMBURG731 IHAMBURG1462 IHAMBURG61 IHAMBURG1342 IHAMBURG1458 IHAMBURG192 IHAMBURG1184 IHAMBURG540 IHAMBURG1540 IHAMBURG1391 IHAMBURG778 IHAMBURG380 IHHHELLB2 IHAMBURG450 IHAMBURG1266 IHAMBURG1797 IHAMBURG1172 IOSTSTEI3 IHAMBURG1188 IHAMBURG1464 IHAMBURG550 IHAMBURG60 IHAMBURG479 IHAMBURG844 IHAMBURG405 IHAMBURG1036 IHAMBURG1300 IHAMBURG285 IHAMBURG487 IHAMBURG180 IHAMBURG42 IHAMBURG737 ISEEVETA49 IHAMBURG1082 IHAMBURG514 IWINSENL6 IHAMBURG1470 IHAMBURG56 IHAMBURG200 IHAMBURG1302 IHAMBURG439 IHAMBURG333 IHAMBURG684 IHAMBURG1783 IHAMBURG481 IHAMBURG316 IHAMBURG256 IHAMBURG460 IHAMBURG654 IHAMBURG1044 IHAMBURG1150 IHAMBURG1254 IHAMBURG250 IHAMBURG1411 IHAMBURG1154 IHAMBURG175 IHAMBURG280 IHAMBURG640 IHAMBURG417 IHAMBURG123 IHAMBURG664 IHAMBURG109 IHAMBURG1064 IHAMBURG938 IHAMBURG914 IHAMBURG108 IHAMBURG195 IHAMBURG1791 IHAMBURG204 IHAMBURG1421 INORDERS21 IHAMBURG1368 IHAMBURG2029 IHAMBURG365 IHAMBURG709 IHAMBURG361 IHAMBURG471 IHAMBURG113 IHAMBURG353 IHAMBURG1216 IHAMBURG219 IHAMBURG1134 IHAMBURG142 IHAMBURG803 IHHMEIEN2 IHAMBURG1494 IHAMBURG404 IHAMBURG527 IHAMBURG329 IHAMBURG206 IHAMBURG2026 IHAMBURG1086 IHAMBURG1538 IHAMBURG338 IHAMBURG49 IHAMBURG610 IHAMBURG1152 IHAMBURG172 IHAMBURG199 IHAMBURG1068 IHAMBURG1058 IHAMBURG308 IHAMBURG693 IHAMBURG1478 IHHBERGS2 IHAMBURG1212 IHAMBURG832 IHAMBURG375 IHAMBURG1284 IHAMBURG454 IHAMBURG162 IHAMBURG1076 IHAMBURG1008 IHAMBURG1108 IHAMBURG1110 IHAMBURG1114 IHAMBURG1118 IHAMBURG1230 IHAMBURG1252 IHAMBURG131 IHAMBURG1314 IHAMBURG1372 IHAMBURG1377 IHAMBURG158 IHAMBURG1586 IHAMBURG1600 IHAMBURG218 IHAMBURG222 IHAMBURG355 IHAMBURG435 IHAMBURG489 IHAMBURG64 IHAMBURG648 IHAMBURG84
2017-08-19 20:29:05,963 INFO mean_dt     1.087 n=7493
2017-08-19 20:29:05,964 INFO median_cn5  1.361 n=8764
2017-08-19 20:29:05,964 INFO median_cn3  1.392 n=8764
2017-08-19 20:29:05,964 INFO mean_all    1.507 n=8764
2017-08-19 20:29:05,964 INFO idw_p3_all  1.251 n=8764
2017-08-19 20:29:05,964 INFO idw_p2_all  1.322 n=8764
2017-08-19 20:29:05,965 INFO eddh        0.828 n=8758
2017-08-19 20:29:05,965 INFO min_cn3     1.129 n=8764
2017-08-19 20:29:05,965 INFO idw_p1_dt   1.188 n=7493
2017-08-19 20:29:05,965 INFO idw_p2_dt   1.252 n=7493
2017-08-19 20:29:05,965 INFO min_all     2.882 n=8764
2017-08-19 20:29:05,965 INFO idw_p3_cn5  1.269 n=8764
2017-08-19 20:29:05,965 INFO max_cn3     2.157 n=8764
2017-08-19 20:29:05,965 INFO idw_p3_cn3  1.277 n=8764
2017-08-19 20:29:05,965 INFO mean_cn3    1.459 n=8764
2017-08-19 20:29:05,965 INFO min_dt      0.959 n=7493
2017-08-19 20:29:05,965 INFO max_cn5     2.419 n=8764
2017-08-19 20:29:05,966 INFO idw_p1_cn5  1.363 n=8764
2017-08-19 20:29:05,966 INFO idw_p4_cn5  1.264 n=8764
2017-08-19 20:29:05,966 INFO mean_cn5    1.439 n=8764
2017-08-19 20:29:05,966 INFO idw_p2_cn3  1.301 n=8764
2017-08-19 20:29:05,966 INFO max_dt      1.440 n=7493
2017-08-19 20:29:05,966 INFO idw_p1_all  1.434 n=8764
2017-08-19 20:29:05,966 INFO idw_p4_all  1.248 n=8764
2017-08-19 20:29:05,966 INFO idw_p2_cn5  1.296 n=8764
2017-08-19 20:29:05,966 INFO idw_p3_dt   1.272 n=7493
2017-08-19 20:29:05,966 INFO idw_p4_dt   1.278 n=7493
2017-08-19 20:29:05,966 INFO idw_p4_cn3  1.271 n=8764
2017-08-19 20:29:05,966 INFO idw_p1_cn3  1.363 n=8764
2017-08-19 20:29:05,967 INFO min_cn5     1.049 n=8764
2017-08-19 20:29:05,967 INFO median_dt   1.080 n=7493
2017-08-19 20:29:05,967 INFO nn          1.278 n=8764
2017-08-19 20:29:05,967 INFO max_all     3.270 n=8764
2017-08-19 20:29:05,967 INFO median_all  1.500 n=8764
2017-08-19 20:29:05,967 INFO end method list
2017-08-19 20:29:06,155 INFO interpolate for LWM
2017-08-19 20:29:06,155 INFO currently at 4 out of 10
2017-08-19 20:29:06,155 INFO use IHAMBURG229 IHAMBURG69 IHAMBURG184 IHAMBURG1548 IHAMBURG403 IHAMBURG469 IHAMBURG214 IHAMBURG1194 IHAMBURG289 IHAMBURG604 IHAMBURG465 IHAMBURG1128 IHAMBURG600 IHAMBURG772 IHAMBURG376 IHAMBURG741 IHAMBURG1142 IHAMBURG1186 IHAMBURG80 IHAMBURG499 IHAMBURG154 IHHRISSE2 IHAMBURG1208 IHAMBURG656 IHAMBURG128 IHAMBURG1360 IHAMBURG1098 IHAMBURG1192 IHAMBURG646 IHAMBURG1234 IHAMBURG50 IHAMBURG998 IHAMBURG119 IHAMBURG565 IHAMBURG98 IHAMBURG2052 IHAMBURG1504 IHAMBURG1296 IHAMBURG168 IHAMBURG1200 IHAMBURG971 IHAMBURG104 IHAMBURG1236 IHAMBURG789 IHAMBURG1787 IHAMBURG2025 IHAMBURG1508 IHAMBURG367 IHAMBURG230 IHAMBURG628 IHAMBURG1204 IHAMBURG1102 IHAMBURG1830 IHAMBURG1832 IHAMBURG363 IHAMBURG340 IHAMBURG1346 IHAMBURG1136 IHAMBURG53 IHAMBURG1144 IHAMBURG68 IHAMBURG209 IHAMBURG1002 IHAMBURG237 IHAMBURG258 IHAMBURG400 IHAMBURG2024 IHAMBURG1306 IHAMBURG731 IHAMBURG1462 IHAMBURG61 IHAMBURG1342 IHAMBURG1458 IHAMBURG192 IHAMBURG1184 IHAMBURG540 IHAMBURG1540 IHAMBURG1391 IHAMBURG778 IHAMBURG380 IHHHELLB2 IHAMBURG450 IHAMBURG1266 IHAMBURG1797 IHAMBURG1172 IOSTSTEI3 IHAMBURG1188 IHAMBURG1464 IHAMBURG550 IHAMBURG60 IHAMBURG479 IHAMBURG844 IHAMBURG405 IHAMBURG1036 IHAMBURG1300 IHAMBURG285 IHAMBURG487 IHAMBURG180 IHAMBURG42 IHAMBURG737 ISEEVETA49 IHAMBURG1082 IHAMBURG514 IWINSENL6 IHAMBURG1470 IHAMBURG56 IHAMBURG200 IHAMBURG1302 IHAMBURG439 IHAMBURG333 IHAMBURG684 IHAMBURG1783 IHAMBURG481 IHAMBURG316 IHAMBURG256 IHAMBURG460 IHAMBURG654 IHAMBURG1044 IHAMBURG1150 IHAMBURG1254 IHAMBURG250 IHAMBURG1411 IHAMBURG1154 IHAMBURG175 IHAMBURG280 IHAMBURG640 IHAMBURG417 IHAMBURG123 IHAMBURG664 IHAMBURG109 IHAMBURG1064 IHAMBURG938 IHAMBURG914 IHAMBURG108 IHAMBURG195 IHAMBURG1791 IHAMBURG204 IHAMBURG1421 INORDERS21 IHAMBURG1368 IHAMBURG2029 IHAMBURG365 IHAMBURG709 IHAMBURG361 IHAMBURG471 IHAMBURG113 IHAMBURG353 IHAMBURG1216 IHAMBURG219 IHAMBURG1134 IHAMBURG142 IHAMBURG803 IHHMEIEN2 IHAMBURG1494 IHAMBURG404 IHAMBURG527 IHAMBURG329 IHAMBURG206 IHAMBURG2026 IHAMBURG1086 IHAMBURG1538 IHAMBURG338 IHAMBURG49 IHAMBURG610 IHAMBURG1152 IHAMBURG172 IHAMBURG199 IHAMBURG1068 IHAMBURG1058 IHAMBURG308 IHAMBURG693 IHAMBURG1478 IHHBERGS2 IHAMBURG1212 IHAMBURG832 IHAMBURG375 IHAMBURG1284 IHAMBURG454 IHAMBURG162 IHAMBURG1076 IHAMBURG1008 IHAMBURG1108 IHAMBURG1110 IHAMBURG1114 IHAMBURG1118 IHAMBURG1230 IHAMBURG1252 IHAMBURG131 IHAMBURG1314 IHAMBURG1372 IHAMBURG1377 IHAMBURG158 IHAMBURG1586 IHAMBURG1600 IHAMBURG218 IHAMBURG222 IHAMBURG355 IHAMBURG435 IHAMBURG489 IHAMBURG64 IHAMBURG648 IHAMBURG84
2017-08-19 20:41:01,175 INFO median_cn5  1.483 n=8519
2017-08-19 20:41:01,176 INFO median_cn3  1.508 n=8519
2017-08-19 20:41:01,176 INFO mean_all    1.636 n=8519
2017-08-19 20:41:01,176 INFO idw_p3_all  1.446 n=8519
2017-08-19 20:41:01,176 INFO idw_p2_all  1.516 n=8519
2017-08-19 20:41:01,176 INFO eddh        0.975 n=8514
2017-08-19 20:41:01,176 INFO min_cn3     1.212 n=8519
2017-08-19 20:41:01,176 INFO min_all     2.694 n=8519
2017-08-19 20:41:01,177 INFO idw_p3_cn5  1.438 n=8519
2017-08-19 20:41:01,177 INFO max_cn3     2.289 n=8519
2017-08-19 20:41:01,177 INFO idw_p3_cn3  1.445 n=8519
2017-08-19 20:41:01,177 INFO mean_cn3    1.581 n=8519
2017-08-19 20:41:01,177 INFO max_cn5     2.562 n=8519
2017-08-19 20:41:01,177 INFO idw_p1_cn5  1.520 n=8519
2017-08-19 20:41:01,177 INFO idw_p4_cn5  1.414 n=8519
2017-08-19 20:41:01,177 INFO mean_cn5    1.561 n=8519
2017-08-19 20:41:01,177 INFO idw_p2_cn3  1.478 n=8519
2017-08-19 20:41:01,177 INFO idw_p1_all  1.580 n=8519
2017-08-19 20:41:01,177 INFO idw_p4_all  1.405 n=8519
2017-08-19 20:41:01,178 INFO idw_p2_cn5  1.474 n=8519
2017-08-19 20:41:01,178 INFO idw_p4_cn3  1.421 n=8519
2017-08-19 20:41:01,178 INFO idw_p1_cn3  1.526 n=8519
2017-08-19 20:41:01,178 INFO min_cn5     1.124 n=8519
2017-08-19 20:41:01,178 INFO nn          1.367 n=8519
2017-08-19 20:41:01,178 INFO max_all     3.435 n=8519
2017-08-19 20:41:01,178 INFO median_all  1.628 n=8519
2017-08-19 20:41:01,178 INFO end method list
2017-08-19 20:41:01,360 INFO interpolate for RIM
2017-08-19 20:41:01,361 INFO currently at 5 out of 10
2017-08-19 20:41:01,361 INFO use IHAMBURG229 IHAMBURG69 IHAMBURG184 IHAMBURG1548 IHAMBURG403 IHAMBURG469 IHAMBURG214 IHAMBURG1194 IHAMBURG289 IHAMBURG604 IHAMBURG465 IHAMBURG1128 IHAMBURG600 IHAMBURG772 IHAMBURG376 IHAMBURG741 IHAMBURG1142 IHAMBURG1186 IHAMBURG80 IHAMBURG499 IHAMBURG154 IHHRISSE2 IHAMBURG1208 IHAMBURG656 IHAMBURG128 IHAMBURG1360 IHAMBURG1098 IHAMBURG1192 IHAMBURG646 IHAMBURG1234 IHAMBURG50 IHAMBURG998 IHAMBURG119 IHAMBURG565 IHAMBURG98 IHAMBURG2052 IHAMBURG1504 IHAMBURG1296 IHAMBURG168 IHAMBURG1200 IHAMBURG971 IHAMBURG104 IHAMBURG1236 IHAMBURG789 IHAMBURG1787 IHAMBURG2025 IHAMBURG1508 IHAMBURG367 IHAMBURG230 IHAMBURG628 IHAMBURG1204 IHAMBURG1102 IHAMBURG1830 IHAMBURG1832 IHAMBURG363 IHAMBURG340 IHAMBURG1346 IHAMBURG1136 IHAMBURG53 IHAMBURG1144 IHAMBURG68 IHAMBURG209 IHAMBURG1002 IHAMBURG237 IHAMBURG258 IHAMBURG400 IHAMBURG2024 IHAMBURG1306 IHAMBURG731 IHAMBURG1462 IHAMBURG61 IHAMBURG1342 IHAMBURG1458 IHAMBURG192 IHAMBURG1184 IHAMBURG540 IHAMBURG1540 IHAMBURG1391 IHAMBURG778 IHAMBURG380 IHHHELLB2 IHAMBURG450 IHAMBURG1266 IHAMBURG1797 IHAMBURG1172 IOSTSTEI3 IHAMBURG1188 IHAMBURG1464 IHAMBURG550 IHAMBURG60 IHAMBURG479 IHAMBURG844 IHAMBURG405 IHAMBURG1036 IHAMBURG1300 IHAMBURG285 IHAMBURG487 IHAMBURG180 IHAMBURG42 IHAMBURG737 ISEEVETA49 IHAMBURG1082 IHAMBURG514 IWINSENL6 IHAMBURG1470 IHAMBURG56 IHAMBURG200 IHAMBURG1302 IHAMBURG439 IHAMBURG333 IHAMBURG684 IHAMBURG1783 IHAMBURG481 IHAMBURG316 IHAMBURG256 IHAMBURG460 IHAMBURG654 IHAMBURG1044 IHAMBURG1150 IHAMBURG1254 IHAMBURG250 IHAMBURG1411 IHAMBURG1154 IHAMBURG175 IHAMBURG280 IHAMBURG640 IHAMBURG417 IHAMBURG123 IHAMBURG664 IHAMBURG109 IHAMBURG1064 IHAMBURG938 IHAMBURG914 IHAMBURG108 IHAMBURG195 IHAMBURG1791 IHAMBURG204 IHAMBURG1421 INORDERS21 IHAMBURG1368 IHAMBURG2029 IHAMBURG365 IHAMBURG709 IHAMBURG361 IHAMBURG471 IHAMBURG113 IHAMBURG353 IHAMBURG1216 IHAMBURG219 IHAMBURG1134 IHAMBURG142 IHAMBURG803 IHHMEIEN2 IHAMBURG1494 IHAMBURG404 IHAMBURG527 IHAMBURG329 IHAMBURG206 IHAMBURG2026 IHAMBURG1086 IHAMBURG1538 IHAMBURG338 IHAMBURG49 IHAMBURG610 IHAMBURG1152 IHAMBURG172 IHAMBURG199 IHAMBURG1068 IHAMBURG1058 IHAMBURG308 IHAMBURG693 IHAMBURG1478 IHHBERGS2 IHAMBURG1212 IHAMBURG832 IHAMBURG375 IHAMBURG1284 IHAMBURG454 IHAMBURG162 IHAMBURG1076 IHAMBURG1008 IHAMBURG1108 IHAMBURG1110 IHAMBURG1114 IHAMBURG1118 IHAMBURG1230 IHAMBURG1252 IHAMBURG131 IHAMBURG1314 IHAMBURG1372 IHAMBURG1377 IHAMBURG158 IHAMBURG1586 IHAMBURG1600 IHAMBURG218 IHAMBURG222 IHAMBURG355 IHAMBURG435 IHAMBURG489 IHAMBURG64 IHAMBURG648 IHAMBURG84
2017-08-19 20:52:58,121 INFO median_cn5  1.324 n=8756
2017-08-19 20:52:58,122 INFO median_cn3  1.289 n=8756
2017-08-19 20:52:58,122 INFO mean_all    1.412 n=8756
2017-08-19 20:52:58,122 INFO idw_p3_all  1.307 n=8756
2017-08-19 20:52:58,122 INFO idw_p2_all  1.373 n=8756
2017-08-19 20:52:58,122 INFO eddh        0.970 n=8752
2017-08-19 20:52:58,122 INFO min_cn3     1.435 n=8756
2017-08-19 20:52:58,122 INFO min_all     3.011 n=8756
2017-08-19 20:52:58,122 INFO idw_p3_cn5  1.293 n=8756
2017-08-19 20:52:58,122 INFO max_cn3     2.126 n=8756
2017-08-19 20:52:58,122 INFO idw_p3_cn3  1.293 n=8756
2017-08-19 20:52:58,122 INFO mean_cn3    1.360 n=8756
2017-08-19 20:52:58,123 INFO max_cn5     2.443 n=8756
2017-08-19 20:52:58,123 INFO idw_p1_cn5  1.363 n=8756
2017-08-19 20:52:58,123 INFO idw_p4_cn5  1.301 n=8756
2017-08-19 20:52:58,123 INFO mean_cn5    1.433 n=8756
2017-08-19 20:52:58,123 INFO idw_p2_cn3  1.288 n=8756
2017-08-19 20:52:58,123 INFO idw_p1_all  1.410 n=8756
2017-08-19 20:52:58,123 INFO idw_p4_all  1.274 n=8756
2017-08-19 20:52:58,123 INFO idw_p2_cn5  1.313 n=8756
2017-08-19 20:52:58,123 INFO idw_p4_cn3  1.312 n=8756
2017-08-19 20:52:58,123 INFO idw_p1_cn3  1.309 n=8756
2017-08-19 20:52:58,123 INFO min_cn5     1.442 n=8756
2017-08-19 20:52:58,123 INFO nn          1.497 n=8756
2017-08-19 20:52:58,124 INFO max_all     3.091 n=8756
2017-08-19 20:52:58,124 INFO median_all  1.402 n=8756
2017-08-19 20:52:58,124 INFO end method list
2017-08-19 20:52:58,302 INFO interpolate for SGM
2017-08-19 20:52:58,303 INFO currently at 6 out of 10
2017-08-19 20:52:58,303 INFO use IHAMBURG229 IHAMBURG69 IHAMBURG184 IHAMBURG1548 IHAMBURG403 IHAMBURG469 IHAMBURG214 IHAMBURG1194 IHAMBURG289 IHAMBURG604 IHAMBURG465 IHAMBURG1128 IHAMBURG600 IHAMBURG772 IHAMBURG376 IHAMBURG741 IHAMBURG1142 IHAMBURG1186 IHAMBURG80 IHAMBURG499 IHAMBURG154 IHHRISSE2 IHAMBURG1208 IHAMBURG656 IHAMBURG128 IHAMBURG1360 IHAMBURG1098 IHAMBURG1192 IHAMBURG646 IHAMBURG1234 IHAMBURG50 IHAMBURG998 IHAMBURG119 IHAMBURG565 IHAMBURG98 IHAMBURG2052 IHAMBURG1504 IHAMBURG1296 IHAMBURG168 IHAMBURG1200 IHAMBURG971 IHAMBURG104 IHAMBURG1236 IHAMBURG789 IHAMBURG1787 IHAMBURG2025 IHAMBURG1508 IHAMBURG367 IHAMBURG230 IHAMBURG628 IHAMBURG1204 IHAMBURG1102 IHAMBURG1830 IHAMBURG1832 IHAMBURG363 IHAMBURG340 IHAMBURG1346 IHAMBURG1136 IHAMBURG53 IHAMBURG1144 IHAMBURG68 IHAMBURG209 IHAMBURG1002 IHAMBURG237 IHAMBURG258 IHAMBURG400 IHAMBURG2024 IHAMBURG1306 IHAMBURG731 IHAMBURG1462 IHAMBURG61 IHAMBURG1342 IHAMBURG1458 IHAMBURG192 IHAMBURG1184 IHAMBURG540 IHAMBURG1540 IHAMBURG1391 IHAMBURG778 IHAMBURG380 IHHHELLB2 IHAMBURG450 IHAMBURG1266 IHAMBURG1797 IHAMBURG1172 IOSTSTEI3 IHAMBURG1188 IHAMBURG1464 IHAMBURG550 IHAMBURG60 IHAMBURG479 IHAMBURG844 IHAMBURG405 IHAMBURG1036 IHAMBURG1300 IHAMBURG285 IHAMBURG487 IHAMBURG180 IHAMBURG42 IHAMBURG737 ISEEVETA49 IHAMBURG1082 IHAMBURG514 IWINSENL6 IHAMBURG1470 IHAMBURG56 IHAMBURG200 IHAMBURG1302 IHAMBURG439 IHAMBURG333 IHAMBURG684 IHAMBURG1783 IHAMBURG481 IHAMBURG316 IHAMBURG256 IHAMBURG460 IHAMBURG654 IHAMBURG1044 IHAMBURG1150 IHAMBURG1254 IHAMBURG250 IHAMBURG1411 IHAMBURG1154 IHAMBURG175 IHAMBURG280 IHAMBURG640 IHAMBURG417 IHAMBURG123 IHAMBURG664 IHAMBURG109 IHAMBURG1064 IHAMBURG938 IHAMBURG914 IHAMBURG108 IHAMBURG195 IHAMBURG1791 IHAMBURG204 IHAMBURG1421 INORDERS21 IHAMBURG1368 IHAMBURG2029 IHAMBURG365 IHAMBURG709 IHAMBURG361 IHAMBURG471 IHAMBURG113 IHAMBURG353 IHAMBURG1216 IHAMBURG219 IHAMBURG1134 IHAMBURG142 IHAMBURG803 IHHMEIEN2 IHAMBURG1494 IHAMBURG404 IHAMBURG527 IHAMBURG329 IHAMBURG206 IHAMBURG2026 IHAMBURG1086 IHAMBURG1538 IHAMBURG338 IHAMBURG49 IHAMBURG610 IHAMBURG1152 IHAMBURG172 IHAMBURG199 IHAMBURG1068 IHAMBURG1058 IHAMBURG308 IHAMBURG693 IHAMBURG1478 IHHBERGS2 IHAMBURG1212 IHAMBURG832 IHAMBURG375 IHAMBURG1284 IHAMBURG454 IHAMBURG162 IHAMBURG1076 IHAMBURG1008 IHAMBURG1108 IHAMBURG1110 IHAMBURG1114 IHAMBURG1118 IHAMBURG1230 IHAMBURG1252 IHAMBURG131 IHAMBURG1314 IHAMBURG1372 IHAMBURG1377 IHAMBURG158 IHAMBURG1586 IHAMBURG1600 IHAMBURG218 IHAMBURG222 IHAMBURG355 IHAMBURG435 IHAMBURG489 IHAMBURG64 IHAMBURG648 IHAMBURG84
2017-08-19 21:04:55,981 INFO mean_dt     1.336 n=8649
2017-08-19 21:04:55,981 INFO median_cn5  1.381 n=8779
2017-08-19 21:04:55,982 INFO median_cn3  1.703 n=8779
2017-08-19 21:04:55,982 INFO mean_all    1.357 n=8779
2017-08-19 21:04:55,982 INFO idw_p3_all  1.456 n=8779
2017-08-19 21:04:55,982 INFO idw_p2_all  1.418 n=8779
2017-08-19 21:04:55,982 INFO eddh        0.743 n=8773
2017-08-19 21:04:55,982 INFO min_cn3     1.028 n=8779
2017-08-19 21:04:55,982 INFO idw_p1_dt   1.390 n=8649
2017-08-19 21:04:55,982 INFO idw_p2_dt   1.455 n=8649
2017-08-19 21:04:55,982 INFO min_all     2.979 n=8779
2017-08-19 21:04:55,982 INFO idw_p3_cn5  1.486 n=8779
2017-08-19 21:04:55,982 INFO max_cn3     2.073 n=8779
2017-08-19 21:04:55,982 INFO idw_p3_cn3  1.606 n=8779
2017-08-19 21:04:55,983 INFO mean_cn3    1.544 n=8779
2017-08-19 21:04:55,983 INFO min_dt      1.153 n=8649
2017-08-19 21:04:55,983 INFO max_cn5     2.177 n=8779
2017-08-19 21:04:55,983 INFO idw_p1_cn5  1.404 n=8779
2017-08-19 21:04:55,983 INFO idw_p4_cn5  1.528 n=8779
2017-08-19 21:04:55,983 INFO mean_cn5    1.369 n=8779
2017-08-19 21:04:55,983 INFO idw_p2_cn3  1.585 n=8779
2017-08-19 21:04:55,983 INFO max_dt      1.980 n=8649
2017-08-19 21:04:55,983 INFO idw_p1_all  1.387 n=8779
2017-08-19 21:04:55,983 INFO idw_p4_all  1.503 n=8779
2017-08-19 21:04:55,983 INFO idw_p2_cn5  1.444 n=8779
2017-08-19 21:04:55,983 INFO idw_p3_dt   1.524 n=8649
2017-08-19 21:04:55,984 INFO idw_p4_dt   1.591 n=8649
2017-08-19 21:04:55,984 INFO idw_p4_cn3  1.628 n=8779
2017-08-19 21:04:55,984 INFO idw_p1_cn3  1.564 n=8779
2017-08-19 21:04:55,984 INFO min_cn5     1.078 n=8779
2017-08-19 21:04:55,984 INFO median_dt   1.371 n=8649
2017-08-19 21:04:55,984 INFO nn          1.823 n=8779
2017-08-19 21:04:55,984 INFO max_all     3.092 n=8779
2017-08-19 21:04:55,984 INFO median_all  1.349 n=8779
2017-08-19 21:04:55,984 INFO end method list
2017-08-19 21:04:56,165 INFO interpolate for SWM
2017-08-19 21:04:56,166 INFO currently at 7 out of 10
2017-08-19 21:04:56,166 INFO use IHAMBURG229 IHAMBURG69 IHAMBURG184 IHAMBURG1548 IHAMBURG403 IHAMBURG469 IHAMBURG214 IHAMBURG1194 IHAMBURG289 IHAMBURG604 IHAMBURG465 IHAMBURG1128 IHAMBURG600 IHAMBURG772 IHAMBURG376 IHAMBURG741 IHAMBURG1142 IHAMBURG1186 IHAMBURG80 IHAMBURG499 IHAMBURG154 IHHRISSE2 IHAMBURG1208 IHAMBURG656 IHAMBURG128 IHAMBURG1360 IHAMBURG1098 IHAMBURG1192 IHAMBURG646 IHAMBURG1234 IHAMBURG50 IHAMBURG998 IHAMBURG119 IHAMBURG565 IHAMBURG98 IHAMBURG2052 IHAMBURG1504 IHAMBURG1296 IHAMBURG168 IHAMBURG1200 IHAMBURG971 IHAMBURG104 IHAMBURG1236 IHAMBURG789 IHAMBURG1787 IHAMBURG2025 IHAMBURG1508 IHAMBURG367 IHAMBURG230 IHAMBURG628 IHAMBURG1204 IHAMBURG1102 IHAMBURG1830 IHAMBURG1832 IHAMBURG363 IHAMBURG340 IHAMBURG1346 IHAMBURG1136 IHAMBURG53 IHAMBURG1144 IHAMBURG68 IHAMBURG209 IHAMBURG1002 IHAMBURG237 IHAMBURG258 IHAMBURG400 IHAMBURG2024 IHAMBURG1306 IHAMBURG731 IHAMBURG1462 IHAMBURG61 IHAMBURG1342 IHAMBURG1458 IHAMBURG192 IHAMBURG1184 IHAMBURG540 IHAMBURG1540 IHAMBURG1391 IHAMBURG778 IHAMBURG380 IHHHELLB2 IHAMBURG450 IHAMBURG1266 IHAMBURG1797 IHAMBURG1172 IOSTSTEI3 IHAMBURG1188 IHAMBURG1464 IHAMBURG550 IHAMBURG60 IHAMBURG479 IHAMBURG844 IHAMBURG405 IHAMBURG1036 IHAMBURG1300 IHAMBURG285 IHAMBURG487 IHAMBURG180 IHAMBURG42 IHAMBURG737 ISEEVETA49 IHAMBURG1082 IHAMBURG514 IWINSENL6 IHAMBURG1470 IHAMBURG56 IHAMBURG200 IHAMBURG1302 IHAMBURG439 IHAMBURG333 IHAMBURG684 IHAMBURG1783 IHAMBURG481 IHAMBURG316 IHAMBURG256 IHAMBURG460 IHAMBURG654 IHAMBURG1044 IHAMBURG1150 IHAMBURG1254 IHAMBURG250 IHAMBURG1411 IHAMBURG1154 IHAMBURG175 IHAMBURG280 IHAMBURG640 IHAMBURG417 IHAMBURG123 IHAMBURG664 IHAMBURG109 IHAMBURG1064 IHAMBURG938 IHAMBURG914 IHAMBURG108 IHAMBURG195 IHAMBURG1791 IHAMBURG204 IHAMBURG1421 INORDERS21 IHAMBURG1368 IHAMBURG2029 IHAMBURG365 IHAMBURG709 IHAMBURG361 IHAMBURG471 IHAMBURG113 IHAMBURG353 IHAMBURG1216 IHAMBURG219 IHAMBURG1134 IHAMBURG142 IHAMBURG803 IHHMEIEN2 IHAMBURG1494 IHAMBURG404 IHAMBURG527 IHAMBURG329 IHAMBURG206 IHAMBURG2026 IHAMBURG1086 IHAMBURG1538 IHAMBURG338 IHAMBURG49 IHAMBURG610 IHAMBURG1152 IHAMBURG172 IHAMBURG199 IHAMBURG1068 IHAMBURG1058 IHAMBURG308 IHAMBURG693 IHAMBURG1478 IHHBERGS2 IHAMBURG1212 IHAMBURG832 IHAMBURG375 IHAMBURG1284 IHAMBURG454 IHAMBURG162 IHAMBURG1076 IHAMBURG1008 IHAMBURG1108 IHAMBURG1110 IHAMBURG1114 IHAMBURG1118 IHAMBURG1230 IHAMBURG1252 IHAMBURG131 IHAMBURG1314 IHAMBURG1372 IHAMBURG1377 IHAMBURG158 IHAMBURG1586 IHAMBURG1600 IHAMBURG218 IHAMBURG222 IHAMBURG355 IHAMBURG435 IHAMBURG489 IHAMBURG64 IHAMBURG648 IHAMBURG84
2017-08-19 21:16:50,931 INFO mean_dt     1.032 n=8571
2017-08-19 21:16:50,932 INFO median_cn5  1.026 n=8696
2017-08-19 21:16:50,932 INFO median_cn3  1.366 n=8696
2017-08-19 21:16:50,932 INFO mean_all    1.039 n=8696
2017-08-19 21:16:50,932 INFO idw_p3_all  1.314 n=8696
2017-08-19 21:16:50,932 INFO idw_p2_all  1.147 n=8696
2017-08-19 21:16:50,932 INFO eddh        0.679 n=8684
2017-08-19 21:16:50,932 INFO min_cn3     0.992 n=8696
2017-08-19 21:16:50,933 INFO idw_p1_dt   1.159 n=8571
2017-08-19 21:16:50,933 INFO idw_p2_dt   1.314 n=8571
2017-08-19 21:16:50,933 INFO min_all     3.072 n=8696
2017-08-19 21:16:50,933 INFO idw_p3_cn5  1.389 n=8696
2017-08-19 21:16:50,933 INFO max_cn3     1.772 n=8696
2017-08-19 21:16:50,933 INFO idw_p3_cn3  1.426 n=8696
2017-08-19 21:16:50,933 INFO mean_cn3    1.134 n=8696
2017-08-19 21:16:50,933 INFO min_dt      1.010 n=8571
2017-08-19 21:16:50,933 INFO max_cn5     1.845 n=8696
2017-08-19 21:16:50,933 INFO idw_p1_cn5  1.124 n=8696
2017-08-19 21:16:50,933 INFO idw_p4_cn5  1.450 n=8696
2017-08-19 21:16:50,934 INFO mean_cn5    1.022 n=8696
2017-08-19 21:16:50,934 INFO idw_p2_cn3  1.349 n=8696
2017-08-19 21:16:50,934 INFO max_dt      1.670 n=8571
2017-08-19 21:16:50,934 INFO idw_p1_all  1.062 n=8696
2017-08-19 21:16:50,934 INFO idw_p4_all  1.428 n=8696
2017-08-19 21:16:50,934 INFO idw_p2_cn5  1.271 n=8696
2017-08-19 21:16:50,934 INFO idw_p3_dt   1.417 n=8571
2017-08-19 21:16:50,934 INFO idw_p4_dt   1.466 n=8571
2017-08-19 21:16:50,934 INFO idw_p4_cn3  1.463 n=8696
2017-08-19 21:16:50,934 INFO idw_p1_cn3  1.236 n=8696
2017-08-19 21:16:50,934 INFO min_cn5     0.968 n=8696
2017-08-19 21:16:50,935 INFO median_dt   1.095 n=8571
2017-08-19 21:16:50,935 INFO nn          1.505 n=8696
2017-08-19 21:16:50,935 INFO max_all     2.778 n=8696
2017-08-19 21:16:50,935 INFO median_all  1.042 n=8696
2017-08-19 21:16:50,935 INFO end method list
2017-08-19 21:16:51,126 INFO interpolate for WGM
2017-08-19 21:16:51,127 INFO currently at 8 out of 10
2017-08-19 21:16:51,127 INFO use IHAMBURG229 IHAMBURG69 IHAMBURG184 IHAMBURG1548 IHAMBURG403 IHAMBURG469 IHAMBURG214 IHAMBURG1194 IHAMBURG289 IHAMBURG604 IHAMBURG465 IHAMBURG1128 IHAMBURG600 IHAMBURG772 IHAMBURG376 IHAMBURG741 IHAMBURG1142 IHAMBURG1186 IHAMBURG80 IHAMBURG499 IHAMBURG154 IHHRISSE2 IHAMBURG1208 IHAMBURG656 IHAMBURG128 IHAMBURG1360 IHAMBURG1098 IHAMBURG1192 IHAMBURG646 IHAMBURG1234 IHAMBURG50 IHAMBURG998 IHAMBURG119 IHAMBURG565 IHAMBURG98 IHAMBURG2052 IHAMBURG1504 IHAMBURG1296 IHAMBURG168 IHAMBURG1200 IHAMBURG971 IHAMBURG104 IHAMBURG1236 IHAMBURG789 IHAMBURG1787 IHAMBURG2025 IHAMBURG1508 IHAMBURG367 IHAMBURG230 IHAMBURG628 IHAMBURG1204 IHAMBURG1102 IHAMBURG1830 IHAMBURG1832 IHAMBURG363 IHAMBURG340 IHAMBURG1346 IHAMBURG1136 IHAMBURG53 IHAMBURG1144 IHAMBURG68 IHAMBURG209 IHAMBURG1002 IHAMBURG237 IHAMBURG258 IHAMBURG400 IHAMBURG2024 IHAMBURG1306 IHAMBURG731 IHAMBURG1462 IHAMBURG61 IHAMBURG1342 IHAMBURG1458 IHAMBURG192 IHAMBURG1184 IHAMBURG540 IHAMBURG1540 IHAMBURG1391 IHAMBURG778 IHAMBURG380 IHHHELLB2 IHAMBURG450 IHAMBURG1266 IHAMBURG1797 IHAMBURG1172 IOSTSTEI3 IHAMBURG1188 IHAMBURG1464 IHAMBURG550 IHAMBURG60 IHAMBURG479 IHAMBURG844 IHAMBURG405 IHAMBURG1036 IHAMBURG1300 IHAMBURG285 IHAMBURG487 IHAMBURG180 IHAMBURG42 IHAMBURG737 ISEEVETA49 IHAMBURG1082 IHAMBURG514 IWINSENL6 IHAMBURG1470 IHAMBURG56 IHAMBURG200 IHAMBURG1302 IHAMBURG439 IHAMBURG333 IHAMBURG684 IHAMBURG1783 IHAMBURG481 IHAMBURG316 IHAMBURG256 IHAMBURG460 IHAMBURG654 IHAMBURG1044 IHAMBURG1150 IHAMBURG1254 IHAMBURG250 IHAMBURG1411 IHAMBURG1154 IHAMBURG175 IHAMBURG280 IHAMBURG640 IHAMBURG417 IHAMBURG123 IHAMBURG664 IHAMBURG109 IHAMBURG1064 IHAMBURG938 IHAMBURG914 IHAMBURG108 IHAMBURG195 IHAMBURG1791 IHAMBURG204 IHAMBURG1421 INORDERS21 IHAMBURG1368 IHAMBURG2029 IHAMBURG365 IHAMBURG709 IHAMBURG361 IHAMBURG471 IHAMBURG113 IHAMBURG353 IHAMBURG1216 IHAMBURG219 IHAMBURG1134 IHAMBURG142 IHAMBURG803 IHHMEIEN2 IHAMBURG1494 IHAMBURG404 IHAMBURG527 IHAMBURG329 IHAMBURG206 IHAMBURG2026 IHAMBURG1086 IHAMBURG1538 IHAMBURG338 IHAMBURG49 IHAMBURG610 IHAMBURG1152 IHAMBURG172 IHAMBURG199 IHAMBURG1068 IHAMBURG1058 IHAMBURG308 IHAMBURG693 IHAMBURG1478 IHHBERGS2 IHAMBURG1212 IHAMBURG832 IHAMBURG375 IHAMBURG1284 IHAMBURG454 IHAMBURG162 IHAMBURG1076 IHAMBURG1008 IHAMBURG1108 IHAMBURG1110 IHAMBURG1114 IHAMBURG1118 IHAMBURG1230 IHAMBURG1252 IHAMBURG131 IHAMBURG1314 IHAMBURG1372 IHAMBURG1377 IHAMBURG158 IHAMBURG1586 IHAMBURG1600 IHAMBURG218 IHAMBURG222 IHAMBURG355 IHAMBURG435 IHAMBURG489 IHAMBURG64 IHAMBURG648 IHAMBURG84
2017-08-19 21:28:48,296 INFO mean_dt     1.082 n=8627
2017-08-19 21:28:48,297 INFO median_cn5  1.322 n=8759
2017-08-19 21:28:48,297 INFO median_cn3  1.491 n=8759
2017-08-19 21:28:48,297 INFO mean_all    1.029 n=8759
2017-08-19 21:28:48,297 INFO idw_p3_all  1.004 n=8759
2017-08-19 21:28:48,297 INFO idw_p2_all  1.012 n=8759
2017-08-19 21:28:48,297 INFO eddh        0.890 n=8747
2017-08-19 21:28:48,298 INFO min_cn3     0.960 n=8759
2017-08-19 21:28:48,298 INFO idw_p1_dt   1.027 n=8627
2017-08-19 21:28:48,298 INFO idw_p2_dt   1.022 n=8627
2017-08-19 21:28:48,298 INFO min_all     3.196 n=8759
2017-08-19 21:28:48,298 INFO idw_p3_cn5  1.012 n=8759
2017-08-19 21:28:48,298 INFO max_cn3     2.035 n=8759
2017-08-19 21:28:48,298 INFO idw_p3_cn3  1.019 n=8759
2017-08-19 21:28:48,298 INFO mean_cn3    1.384 n=8759
2017-08-19 21:28:48,298 INFO min_dt      0.930 n=8627
2017-08-19 21:28:48,298 INFO max_cn5     2.160 n=8759
2017-08-19 21:28:48,298 INFO idw_p1_cn5  1.089 n=8759
2017-08-19 21:28:48,298 INFO idw_p4_cn5  1.012 n=8759
2017-08-19 21:28:48,299 INFO mean_cn5    1.263 n=8759
2017-08-19 21:28:48,299 INFO idw_p2_cn3  1.029 n=8759
2017-08-19 21:28:48,299 INFO max_dt      1.907 n=8627
2017-08-19 21:28:48,299 INFO idw_p1_all  1.056 n=8759
2017-08-19 21:28:48,299 INFO idw_p4_all  1.006 n=8759
2017-08-19 21:28:48,299 INFO idw_p2_cn5  1.021 n=8759
2017-08-19 21:28:48,299 INFO idw_p3_dt   1.022 n=8627
2017-08-19 21:28:48,299 INFO idw_p4_dt   1.023 n=8627
2017-08-19 21:28:48,299 INFO idw_p4_cn3  1.018 n=8759
2017-08-19 21:28:48,299 INFO idw_p1_cn3  1.105 n=8759
2017-08-19 21:28:48,299 INFO min_cn5     0.864 n=8759
2017-08-19 21:28:48,300 INFO median_dt   1.073 n=8627
2017-08-19 21:28:48,300 INFO nn          1.038 n=8759
2017-08-19 21:28:48,300 INFO max_all     2.677 n=8759
2017-08-19 21:28:48,300 INFO median_all  1.026 n=8759
2017-08-19 21:28:48,300 INFO end method list
2017-08-19 21:28:48,466 INFO interpolate for WWM
2017-08-19 21:28:48,467 INFO currently at 9 out of 10
2017-08-19 21:28:48,467 INFO use IHAMBURG229 IHAMBURG69 IHAMBURG184 IHAMBURG1548 IHAMBURG403 IHAMBURG469 IHAMBURG214 IHAMBURG1194 IHAMBURG289 IHAMBURG604 IHAMBURG465 IHAMBURG1128 IHAMBURG600 IHAMBURG772 IHAMBURG376 IHAMBURG741 IHAMBURG1142 IHAMBURG1186 IHAMBURG80 IHAMBURG499 IHAMBURG154 IHHRISSE2 IHAMBURG1208 IHAMBURG656 IHAMBURG128 IHAMBURG1360 IHAMBURG1098 IHAMBURG1192 IHAMBURG646 IHAMBURG1234 IHAMBURG50 IHAMBURG998 IHAMBURG119 IHAMBURG565 IHAMBURG98 IHAMBURG2052 IHAMBURG1504 IHAMBURG1296 IHAMBURG168 IHAMBURG1200 IHAMBURG971 IHAMBURG104 IHAMBURG1236 IHAMBURG789 IHAMBURG1787 IHAMBURG2025 IHAMBURG1508 IHAMBURG367 IHAMBURG230 IHAMBURG628 IHAMBURG1204 IHAMBURG1102 IHAMBURG1830 IHAMBURG1832 IHAMBURG363 IHAMBURG340 IHAMBURG1346 IHAMBURG1136 IHAMBURG53 IHAMBURG1144 IHAMBURG68 IHAMBURG209 IHAMBURG1002 IHAMBURG237 IHAMBURG258 IHAMBURG400 IHAMBURG2024 IHAMBURG1306 IHAMBURG731 IHAMBURG1462 IHAMBURG61 IHAMBURG1342 IHAMBURG1458 IHAMBURG192 IHAMBURG1184 IHAMBURG540 IHAMBURG1540 IHAMBURG1391 IHAMBURG778 IHAMBURG380 IHHHELLB2 IHAMBURG450 IHAMBURG1266 IHAMBURG1797 IHAMBURG1172 IOSTSTEI3 IHAMBURG1188 IHAMBURG1464 IHAMBURG550 IHAMBURG60 IHAMBURG479 IHAMBURG844 IHAMBURG405 IHAMBURG1036 IHAMBURG1300 IHAMBURG285 IHAMBURG487 IHAMBURG180 IHAMBURG42 IHAMBURG737 ISEEVETA49 IHAMBURG1082 IHAMBURG514 IWINSENL6 IHAMBURG1470 IHAMBURG56 IHAMBURG200 IHAMBURG1302 IHAMBURG439 IHAMBURG333 IHAMBURG684 IHAMBURG1783 IHAMBURG481 IHAMBURG316 IHAMBURG256 IHAMBURG460 IHAMBURG654 IHAMBURG1044 IHAMBURG1150 IHAMBURG1254 IHAMBURG250 IHAMBURG1411 IHAMBURG1154 IHAMBURG175 IHAMBURG280 IHAMBURG640 IHAMBURG417 IHAMBURG123 IHAMBURG664 IHAMBURG109 IHAMBURG1064 IHAMBURG938 IHAMBURG914 IHAMBURG108 IHAMBURG195 IHAMBURG1791 IHAMBURG204 IHAMBURG1421 INORDERS21 IHAMBURG1368 IHAMBURG2029 IHAMBURG365 IHAMBURG709 IHAMBURG361 IHAMBURG471 IHAMBURG113 IHAMBURG353 IHAMBURG1216 IHAMBURG219 IHAMBURG1134 IHAMBURG142 IHAMBURG803 IHHMEIEN2 IHAMBURG1494 IHAMBURG404 IHAMBURG527 IHAMBURG329 IHAMBURG206 IHAMBURG2026 IHAMBURG1086 IHAMBURG1538 IHAMBURG338 IHAMBURG49 IHAMBURG610 IHAMBURG1152 IHAMBURG172 IHAMBURG199 IHAMBURG1068 IHAMBURG1058 IHAMBURG308 IHAMBURG693 IHAMBURG1478 IHHBERGS2 IHAMBURG1212 IHAMBURG832 IHAMBURG375 IHAMBURG1284 IHAMBURG454 IHAMBURG162 IHAMBURG1076 IHAMBURG1008 IHAMBURG1108 IHAMBURG1110 IHAMBURG1114 IHAMBURG1118 IHAMBURG1230 IHAMBURG1252 IHAMBURG131 IHAMBURG1314 IHAMBURG1372 IHAMBURG1377 IHAMBURG158 IHAMBURG1586 IHAMBURG1600 IHAMBURG218 IHAMBURG222 IHAMBURG355 IHAMBURG435 IHAMBURG489 IHAMBURG64 IHAMBURG648 IHAMBURG84
2017-08-19 21:40:43,971 INFO mean_dt     1.066 n=8641
2017-08-19 21:40:43,972 INFO median_cn5  1.332 n=8780
2017-08-19 21:40:43,972 INFO median_cn3  1.566 n=8780
2017-08-19 21:40:43,972 INFO mean_all    1.042 n=8780
2017-08-19 21:40:43,972 INFO idw_p3_all  1.017 n=8780
2017-08-19 21:40:43,972 INFO idw_p2_all  1.078 n=8780
2017-08-19 21:40:43,972 INFO eddh        1.013 n=8770
2017-08-19 21:40:43,972 INFO min_cn3     0.916 n=8780
2017-08-19 21:40:43,972 INFO idw_p1_dt   1.043 n=8641
2017-08-19 21:40:43,972 INFO idw_p2_dt   1.019 n=8641
2017-08-19 21:40:43,972 INFO min_all     3.154 n=8780
2017-08-19 21:40:43,973 INFO idw_p3_cn5  1.010 n=8780
2017-08-19 21:40:43,973 INFO max_cn3     2.117 n=8780
2017-08-19 21:40:43,973 INFO idw_p3_cn3  1.021 n=8780
2017-08-19 21:40:43,973 INFO mean_cn3    1.437 n=8780
2017-08-19 21:40:43,973 INFO min_dt      0.796 n=8641
2017-08-19 21:40:43,973 INFO max_cn5     2.217 n=8780
2017-08-19 21:40:43,973 INFO idw_p1_cn5  1.170 n=8780
2017-08-19 21:40:43,973 INFO idw_p4_cn5  0.991 n=8780
2017-08-19 21:40:43,973 INFO mean_cn5    1.277 n=8780
2017-08-19 21:40:43,973 INFO idw_p2_cn3  1.082 n=8780
2017-08-19 21:40:43,973 INFO max_dt      1.931 n=8641
2017-08-19 21:40:43,973 INFO idw_p1_all  1.085 n=8780
2017-08-19 21:40:43,974 INFO idw_p4_all  0.987 n=8780
2017-08-19 21:40:43,974 INFO idw_p2_cn5  1.064 n=8780
2017-08-19 21:40:43,974 INFO idw_p3_dt   1.003 n=8641
2017-08-19 21:40:43,974 INFO idw_p4_dt   0.995 n=8641
2017-08-19 21:40:43,974 INFO idw_p4_cn3  0.999 n=8780
2017-08-19 21:40:43,974 INFO idw_p1_cn3  1.224 n=8780
2017-08-19 21:40:43,974 INFO min_cn5     0.774 n=8780
2017-08-19 21:40:43,974 INFO median_dt   1.020 n=8641
2017-08-19 21:40:43,974 INFO nn          1.005 n=8780
2017-08-19 21:40:43,974 INFO max_all     2.725 n=8780
2017-08-19 21:40:43,974 INFO median_all  1.036 n=8780
2017-08-19 21:40:43,975 INFO end method list
2017-08-19 21:40:44,157 INFO interpolate for ZOM
2017-08-19 21:40:44,157 INFO currently at 10 out of 10
2017-08-19 21:40:44,157 INFO use IHAMBURG229 IHAMBURG69 IHAMBURG184 IHAMBURG1548 IHAMBURG403 IHAMBURG469 IHAMBURG214 IHAMBURG1194 IHAMBURG289 IHAMBURG604 IHAMBURG465 IHAMBURG1128 IHAMBURG600 IHAMBURG772 IHAMBURG376 IHAMBURG741 IHAMBURG1142 IHAMBURG1186 IHAMBURG80 IHAMBURG499 IHAMBURG154 IHHRISSE2 IHAMBURG1208 IHAMBURG656 IHAMBURG128 IHAMBURG1360 IHAMBURG1098 IHAMBURG1192 IHAMBURG646 IHAMBURG1234 IHAMBURG50 IHAMBURG998 IHAMBURG119 IHAMBURG565 IHAMBURG98 IHAMBURG2052 IHAMBURG1504 IHAMBURG1296 IHAMBURG168 IHAMBURG1200 IHAMBURG971 IHAMBURG104 IHAMBURG1236 IHAMBURG789 IHAMBURG1787 IHAMBURG2025 IHAMBURG1508 IHAMBURG367 IHAMBURG230 IHAMBURG628 IHAMBURG1204 IHAMBURG1102 IHAMBURG1830 IHAMBURG1832 IHAMBURG363 IHAMBURG340 IHAMBURG1346 IHAMBURG1136 IHAMBURG53 IHAMBURG1144 IHAMBURG68 IHAMBURG209 IHAMBURG1002 IHAMBURG237 IHAMBURG258 IHAMBURG400 IHAMBURG2024 IHAMBURG1306 IHAMBURG731 IHAMBURG1462 IHAMBURG61 IHAMBURG1342 IHAMBURG1458 IHAMBURG192 IHAMBURG1184 IHAMBURG540 IHAMBURG1540 IHAMBURG1391 IHAMBURG778 IHAMBURG380 IHHHELLB2 IHAMBURG450 IHAMBURG1266 IHAMBURG1797 IHAMBURG1172 IOSTSTEI3 IHAMBURG1188 IHAMBURG1464 IHAMBURG550 IHAMBURG60 IHAMBURG479 IHAMBURG844 IHAMBURG405 IHAMBURG1036 IHAMBURG1300 IHAMBURG285 IHAMBURG487 IHAMBURG180 IHAMBURG42 IHAMBURG737 ISEEVETA49 IHAMBURG1082 IHAMBURG514 IWINSENL6 IHAMBURG1470 IHAMBURG56 IHAMBURG200 IHAMBURG1302 IHAMBURG439 IHAMBURG333 IHAMBURG684 IHAMBURG1783 IHAMBURG481 IHAMBURG316 IHAMBURG256 IHAMBURG460 IHAMBURG654 IHAMBURG1044 IHAMBURG1150 IHAMBURG1254 IHAMBURG250 IHAMBURG1411 IHAMBURG1154 IHAMBURG175 IHAMBURG280 IHAMBURG640 IHAMBURG417 IHAMBURG123 IHAMBURG664 IHAMBURG109 IHAMBURG1064 IHAMBURG938 IHAMBURG914 IHAMBURG108 IHAMBURG195 IHAMBURG1791 IHAMBURG204 IHAMBURG1421 INORDERS21 IHAMBURG1368 IHAMBURG2029 IHAMBURG365 IHAMBURG709 IHAMBURG361 IHAMBURG471 IHAMBURG113 IHAMBURG353 IHAMBURG1216 IHAMBURG219 IHAMBURG1134 IHAMBURG142 IHAMBURG803 IHHMEIEN2 IHAMBURG1494 IHAMBURG404 IHAMBURG527 IHAMBURG329 IHAMBURG206 IHAMBURG2026 IHAMBURG1086 IHAMBURG1538 IHAMBURG338 IHAMBURG49 IHAMBURG610 IHAMBURG1152 IHAMBURG172 IHAMBURG199 IHAMBURG1068 IHAMBURG1058 IHAMBURG308 IHAMBURG693 IHAMBURG1478 IHHBERGS2 IHAMBURG1212 IHAMBURG832 IHAMBURG375 IHAMBURG1284 IHAMBURG454 IHAMBURG162 IHAMBURG1076 IHAMBURG1008 IHAMBURG1108 IHAMBURG1110 IHAMBURG1114 IHAMBURG1118 IHAMBURG1230 IHAMBURG1252 IHAMBURG131 IHAMBURG1314 IHAMBURG1372 IHAMBURG1377 IHAMBURG158 IHAMBURG1586 IHAMBURG1600 IHAMBURG218 IHAMBURG222 IHAMBURG355 IHAMBURG435 IHAMBURG489 IHAMBURG64 IHAMBURG648 IHAMBURG84
2017-08-19 21:52:40,989 INFO mean_dt     0.785 n=8632
2017-08-19 21:52:40,990 INFO median_cn5  0.788 n=8767
2017-08-19 21:52:40,991 INFO median_cn3  0.732 n=8767
2017-08-19 21:52:40,991 INFO mean_all    0.751 n=8767
2017-08-19 21:52:40,991 INFO idw_p3_all  0.671 n=8767
2017-08-19 21:52:40,991 INFO idw_p2_all  0.729 n=8767
2017-08-19 21:52:40,991 INFO eddh        1.120 n=8766
2017-08-19 21:52:40,992 INFO min_cn3     0.835 n=8767
2017-08-19 21:52:40,992 INFO idw_p1_dt   0.693 n=8632
2017-08-19 21:52:40,992 INFO idw_p2_dt   0.660 n=8632
2017-08-19 21:52:40,992 INFO min_all     3.452 n=8767
2017-08-19 21:52:40,992 INFO idw_p3_cn5  0.652 n=8767
2017-08-19 21:52:40,993 INFO max_cn3     1.243 n=8767
2017-08-19 21:52:40,993 INFO idw_p3_cn3  0.652 n=8767
2017-08-19 21:52:40,993 INFO mean_cn3    0.739 n=8767
2017-08-19 21:52:40,993 INFO min_dt      0.913 n=8632
2017-08-19 21:52:40,993 INFO max_cn5     1.676 n=8767
2017-08-19 21:52:40,994 INFO idw_p1_cn5  0.730 n=8767
2017-08-19 21:52:40,994 INFO idw_p4_cn5  0.654 n=8767
2017-08-19 21:52:40,994 INFO mean_cn5    0.816 n=8767
2017-08-19 21:52:40,994 INFO idw_p2_cn3  0.651 n=8767
2017-08-19 21:52:40,994 INFO max_dt      1.321 n=8632
2017-08-19 21:52:40,994 INFO idw_p1_all  0.754 n=8767
2017-08-19 21:52:40,995 INFO idw_p4_all  0.653 n=8767
2017-08-19 21:52:40,995 INFO idw_p2_cn5  0.668 n=8767
2017-08-19 21:52:40,995 INFO idw_p3_dt   0.657 n=8632
2017-08-19 21:52:40,995 INFO idw_p4_dt   0.659 n=8632
2017-08-19 21:52:40,995 INFO idw_p4_cn3  0.657 n=8767
2017-08-19 21:52:40,996 INFO idw_p1_cn3  0.674 n=8767
2017-08-19 21:52:40,996 INFO min_cn5     0.884 n=8767
2017-08-19 21:52:40,996 INFO median_dt   0.766 n=8632
2017-08-19 21:52:40,996 INFO nn          0.663 n=8767
2017-08-19 21:52:40,996 INFO max_all     2.243 n=8767
2017-08-19 21:52:40,996 INFO median_all  0.747 n=8767
2017-08-19 21:52:40,997 INFO end method list
2017-08-19 21:52:41,294 INFO median_cn5  1.180 n=87386
2017-08-19 21:52:41,295 INFO median_cn3  1.307 n=87386
2017-08-19 21:52:41,295 INFO idw_p3_all  1.130 n=87386
2017-08-19 21:52:41,296 INFO idw_p2_all  1.134 n=87386
2017-08-19 21:52:41,296 INFO min_cn3     1.021 n=87386
2017-08-19 21:52:41,296 INFO idw_p1_dt   1.030 n=67958
2017-08-19 21:52:41,297 INFO idw_p2_dt   1.074 n=67958
2017-08-19 21:52:41,297 INFO idw_p3_cn5  1.152 n=87386
2017-08-19 21:52:41,297 INFO idw_p4_dt   1.132 n=67958
2017-08-19 21:52:41,297 INFO max_cn3     1.853 n=87386
2017-08-19 21:52:41,298 INFO mean_cn3    1.256 n=87386
2017-08-19 21:52:41,298 INFO idw_p1_cn5  1.158 n=87386
2017-08-19 21:52:41,298 INFO idw_p2_cn3  1.178 n=87386
2017-08-19 21:52:41,299 INFO median_all  1.156 n=87386
2017-08-19 21:52:41,299 INFO mean_dt     0.998 n=67958
2017-08-19 21:52:41,299 INFO idw_p1_all  1.141 n=87386
2017-08-19 21:52:41,300 INFO mean_all    1.159 n=87386
2017-08-19 21:52:41,300 INFO eddh        1.040 n=87309
2017-08-19 21:52:41,300 INFO min_all     3.234 n=87386
2017-08-19 21:52:41,301 INFO idw_p3_cn3  1.180 n=87386
2017-08-19 21:52:41,301 INFO min_dt      0.950 n=67958
2017-08-19 21:52:41,301 INFO max_cn5     2.040 n=87386
2017-08-19 21:52:41,301 INFO idw_p4_cn5  1.165 n=87386
2017-08-19 21:52:41,302 INFO mean_cn5    1.195 n=87386
2017-08-19 21:52:41,302 INFO max_dt      1.587 n=67958
2017-08-19 21:52:41,302 INFO idw_p4_all  1.146 n=87386
2017-08-19 21:52:41,303 INFO idw_p2_cn5  1.145 n=87386
2017-08-19 21:52:41,303 INFO idw_p3_dt   1.108 n=67958
2017-08-19 21:52:41,303 INFO idw_p4_cn3  1.187 n=87386
2017-08-19 21:52:41,304 INFO idw_p1_cn3  1.195 n=87386
2017-08-19 21:52:41,304 INFO min_cn5     1.012 n=87386
2017-08-19 21:52:41,304 INFO median_dt   1.011 n=67958
2017-08-19 21:52:41,304 INFO nn          1.248 n=87386
2017-08-19 21:52:41,305 INFO max_all     2.730 n=87386
