2017-08-21 03:53:20,334 INFO ### Start new logging
2017-08-21 03:53:20,335 INFO General Overview
2017-08-21 03:53:20,335 INFO targets: HCM IHM LGM LWM RIM SGM SWM WGM WWM ZOM
2017-08-21 03:53:20,335 INFO neighbours: IHAMBURG1284 IHAMBURG1614 IHAMBURG1252 IHHSASEL2 IHAMBURG844 IHAMBURG978 IHAMBURG1202 IHORN16 IHAMBURG316 IHAMBURG969 IHAMBURG1864 IHAMBURG1974 IHAMBURG252 IHAMBURG741 IHAMBURG1699 IHAMBURG200 IHAMBURG514 IHAMBURG1476 IHAMBURG237 IHAMBURG497 IHAMBURG216 IHAMBURG1594 IHAMBURG2013 IHAMBURG719 IHAMBURG910 IHHBERGS2 IHHMARIE2 IHAMBURG731 IHHSCHNE2 IHAMBURG626 IHAMBURG927 IHAMBURG640 IHAMBURG1622 IHAMBURG1916 IHAMBURG169 IHHROTHE2 IHAMBURG2002 IHAMBURG620 IHAMBURG373 IHAMBURG329 IHAMBURG456 IHAMBURG1843 IHAMBURG441 IHAMBURG1244 IHAMBURG2029 IHHTREUD3 IHAMBURG1230 IHAMBURG2043 IHAMBURG1428 IHAMBURG1661 IHAMBURG540 IHHMEIEN2 IHAMBURG1709 IHAMBURG398 IHAMBURG1735 IHAMBURG90 ILBHOOPT2 IHAMBURG239 IHAMBURG789 IHAMBURG1270 IWEDEL8 IHAMBURG1391 IHAMBURG1186 IHAMBURG824 IHAMBURG684 IHAMBURG1492 IHAMBURG2009 IHAMBURG336 IHAMBURG250 IHAMBURG646 IHAMBURG222 IHAMBURG342 IHAMBURG199 IHHALSTE2 IHAMBURG184 IHAMBURG2018 IHAMBURG118 IHAMBURG1484 IHAMBURG594 IHAMBURG32 IHAMBURG152 IHAMBURG132 IHAMBURG711 IHAMBURG1791 IHAMBURG1691 IHAMBURG44 IHAMBURG1098 IHAMBURG737 IHAMBURG867 IHAMBURG280 IHAMBURG1118 IHAMBURG1753 IHAMBURG84 IHAMBURG61 IHAMBURG155 IHAMBURG1953 IHAMBURG475 IHHHINSC3 IHAMBURG308 IHAMBURG113 IHAMBURG1628 IHAMBURG60 IHHNIEND2 IHAMBURG1058 IHAMBURG797 ILBROSEN2 IHAMBURG1182 IHAMBURG219 IHAMBURG164 ILBALVES2 IHAMBURG2041 IHAMBURG417 IHAMBURG34 IHAMBURG1372 IHAMBURG1462 IHAMBURG604 IHAMBURG709 IHAMBURG315 IHAMBURG123 IHAMBURG1837 IHHFARMS3 IHAMBURG276 IHAMBURG292 IHAMBURG914 IHAMBURG1156 IHAMBURG1015 IHAMBURG499 IHAMBURG1890 IHAMBURG2088 IHAMBURG405 IHAMBURG258 IHAMBURG1102 IHAMBURG1787 IHAMBURG1008 IHAMBURG439 IHAMBURG1084 IHAMBURG326 IHAMBURG1815 IOSTSTEI3 IHHOTTEN2 IHAMBURG1108 IHAMBURG1298 IHAMBURG1248 IHHFUHLS2 IHAMBURG1172 IHAMBURG163 IHAMBURG335 IHHWANDS2 IHAMBURG592 IHAMBURG1502 IHAMBURG1805 IHAMBURG1679 IHAMBURG1629 IHAMBURG254 IHAMBURG1494 IHAMBURG423 IHAMBURG1427 IHAMBURG446 IHAMBURG1074 IHAMBURG2045 IHAMBURG2048 IHAMBURG1436 IHAMBURG1377 IHHEINLA2 IHAMBURG214 IHAMBURG291 IHAMBURG1779 IHAMBURG1332 IHAMBURG410 IHAMBURG367 IHAMBURG2004 IHHMARIE4 IHAMBURG1930 IHAMBURG1136 IHAMBURG951 IHAMBURG1995 IHAMBURG1192 IHAMBURG567 IHAMBURG1200 IHAMBURG412 IHAMBURG988 IHAMBURG662 IHAMBURG2030 IHAMBURG508 IHAMBURG515 IHAMBURG80 INORDERS72 IHAMBURG20 IHAMBURG1540 IHAMBURG1110 IHAMBURG153 IHAMBURG1264 IHHWILHE2 IHAMBURG1234 IHAMBURG279 IHAMBURG56 IHAMBURG760 IHAMBURG1548 IHAMBURG2008 IHAMBURG1266 IHAMBURG404 IHAMBURG2031 IHAMBURG64 IHAMBURG628 IHAMBURG1360 ISEEVETA74 IHAMBURG183 IHAMBURG1214 IHAMBURG1188 IHAMBURG52 IHAMBURG190 IHAMBURG2081 IHAMBURG1282 IHAMBURG268 IHHKIRCH2 IHAMBURG1411 IHAMBURG2034 IHAMBURG1498 IHAMBURG262 IHAMBURG2042 IHAMBURG119 IHAMBURG1268 IHAMBURG1379 IHAMBURG772 IHAMBURG218 IHAMBURG1516 IBARSBTT19 IHAMBURG47 IHAMBURG1212 IHAMBURG1845 IHAMBURG1819 IHAMBURG1783 IHAMBURG403 IHAMBURG955 IHHHOHEN2 IHAMBURG1086 ISEEVETA49 IHAMBURG1655 IHAMBURG251 IHAMBURG1174 IHAMBURG1711 IHAMBURG1302 IHAMBURG260 IHAMBURG1142 IHAMBURG274 IHAMBURG778 IHAMBURG146 IHHWELLI2 IHAMBURG205 IHAMBURG41 IHAMBURG256 IHAMBURG233 IHAMBURG1962 IHAMBURG81 IHAMBURG1526 IHAMBURG289 IHAMBURG1681 IHAMBURG195 IHAMBURG787 IHAMBURG1977 IHAMBURG1631 ISCHENEF11 INORDERS21 IHAMBURG1342 IHAMBURG431 IHAMBURG803 IHAMBURG674 IHAMBURG1308 IHAMBURG269 IBNNINGS3 IHAMBURG242 IHAMBURG1176 IHAMBURG230 IHAMBURG1823 IHAMBURG277 IHAMBURG1990 IHAMBURG887 IHAMBURG715 IHAMBURG142 IHAMBURG880 IHAMBURG1841 IHAMBURG1910 IHAMBURG1300 IHAMBURG957 IHAMBURG1054 IHAMBURG723 IHAMBURG2026 IHAMBURG487 IHAMBURG1076 IHAMBURG1635 IHAMBURG2000 IHAMBURG1216 IHAMBURG1785 IHAMBURG832 IHAMBURG2075 IHAMBURG1180 IHAMBURG2025 IHAMBURG452 IHAMBURG1254 IHAMBURG1586 ISANKTUR5 IHAMBURG1932 IBARSBTT22 IHAMBURG1064 IHAMBURG406 IHHWINTE2 IHAMBURG630 IHAMBURG1368 IHAMBURG1470 IHAMBURG1799 IHAMBURG1144 IHHHAMBU3 IHAMBURG1620 IHHHELLB2 IHAMBURG53 IHAMBURG1797 IHAMBURG465 IHAMBURG93 IHAMBURG57 IHAMBURG42 IHAMBURG1184 IHAMBURG333 IHAMBURG1256 IHAMBURG664 IHAMBURG1759 IHAMBURG598 IHAMBURG108 IHAMBURG1464 IHHLOKST3 IHAMBURG1134 IHAMBURG1933 IHHCURSL2 IHAMBURG1421 IHHGRUEN2 IHAMBURG189 IHHHAMBU5 IHAMBURG2085 IHAMBURG1922 IHAMBURG162 IHAMBURG1950 IHAMBURG285 IHAMBURG654 IHAMBURG1374 IHAMBURG175 IHAMBURG1314 IHAMBURG1918 IHAMBURG460 IHAMBURG1152 IWENTORF21 IHHHOHEN3 IHAMBURG863 IHAMBURG68 IHHEIDEL3 IHAMBURG1697 IHAMBURG938 IHAMBURG1600 IHHHAMBU4 IHAMBURG1789 IHHHARBU2 IHAMBURG1771 IHAMBURG1370 IHAMBURG229 IHAMBURG98 IHAMBURG610 IHAMBURG971 IHAMBURG1208 IHAMBURG976 IHHSTEIL2 IHAMBURG1154 IHAMBURG341 IHHHINSC4 IHAMBURG1036 IHAMBURG1832 IHAMBURG1326 IHHKLEIN2 IHAMBURG138 IHAMBURG158 IHAMBURG286 IHAMBURG204 IHAMBURG1082 IHAMBURG1675 IHAMBURG768 IHAMBURG1316 IHHEIDEL4 IHAMBURG1809 IHAMBURG83 IHAMBURG110 IHAMBURG632 IHAMBURG1236 IHAMBURG1860 IHHSCHNE3 IHAMBURG1204 IHAMBURG1952 IHAMBURG340 IHAMBURG1336 IHAMBURG1056 IHAMBURG1811 IHAMBURG46 IHAMBURG352 IHAMBURG99 IHAMBURG136 IHAMBURG1068 IHAMBURG1755 IHAMBURG1028 IHAMBURG471 IHHLURUP2 IHAMBURG638 IHAMBURG1350 IHAMBURG1002 IHAMBURG1967 IHAMBURG215 IHHLOHBR3 IHAMBURG963 IHAMBURG114 IHHGROSS2 IHHNEUGR2 IHAMBURG290 IHHEISSE2 IHAMBURG69 IHHLANGE3 IHAMBURG2017 IHAMBURG1292 IHAMBURG1508 IHAMBURG537 IHAMBURG1920 IHAMBURG1114 IHAMBURG1976 IHAMBURG450 IHAMBURG267 IHAMBURG166 IHAMBURG1044 IHAMBURG2076 IHAMBURG180 IHAMBURG998 IHAMBURG1928 IHAMBURG847 IHAMBURG376 IHAMBURG1512 IHAMBURG92 IHAMBURG600 IHAMBURG1880 IHAMBURG2011 IHAMBURG50
2017-08-21 03:53:20,335 INFO End overview
2017-08-21 03:53:20,335 INFO Several Runs
2017-08-21 03:53:20,336 INFO end targets
2017-08-21 03:53:20,336 INFO overall results
2017-08-21 03:53:20,336 INFO interpolate for HCM
2017-08-21 03:53:20,336 INFO currently at 1 out of 10
2017-08-21 03:53:20,336 INFO use IHAMBURG1284 IHAMBURG1614 IHAMBURG1252 IHHSASEL2 IHAMBURG844 IHAMBURG978 IHAMBURG1202 IHORN16 IHAMBURG316 IHAMBURG969 IHAMBURG1864 IHAMBURG1974 IHAMBURG252 IHAMBURG741 IHAMBURG1699 IHAMBURG200 IHAMBURG514 IHAMBURG1476 IHAMBURG237 IHAMBURG497 IHAMBURG216 IHAMBURG1594 IHAMBURG2013 IHAMBURG719 IHAMBURG910 IHHBERGS2 IHHMARIE2 IHAMBURG731 IHHSCHNE2 IHAMBURG626 IHAMBURG927 IHAMBURG640 IHAMBURG1622 IHAMBURG1916 IHAMBURG169 IHHROTHE2 IHAMBURG2002 IHAMBURG620 IHAMBURG373 IHAMBURG329 IHAMBURG456 IHAMBURG1843 IHAMBURG441 IHAMBURG1244 IHAMBURG2029 IHHTREUD3 IHAMBURG1230 IHAMBURG2043 IHAMBURG1428 IHAMBURG1661 IHAMBURG540 IHHMEIEN2 IHAMBURG1709 IHAMBURG398 IHAMBURG1735 IHAMBURG90 ILBHOOPT2 IHAMBURG239 IHAMBURG789 IHAMBURG1270 IWEDEL8 IHAMBURG1391 IHAMBURG1186 IHAMBURG824 IHAMBURG684 IHAMBURG1492 IHAMBURG2009 IHAMBURG336 IHAMBURG250 IHAMBURG646 IHAMBURG222 IHAMBURG342 IHAMBURG199 IHHALSTE2 IHAMBURG184 IHAMBURG2018 IHAMBURG118 IHAMBURG1484 IHAMBURG594 IHAMBURG32 IHAMBURG152 IHAMBURG132 IHAMBURG711 IHAMBURG1791 IHAMBURG1691 IHAMBURG44 IHAMBURG1098 IHAMBURG737 IHAMBURG867 IHAMBURG280 IHAMBURG1118 IHAMBURG1753 IHAMBURG84 IHAMBURG61 IHAMBURG155 IHAMBURG1953 IHAMBURG475 IHHHINSC3 IHAMBURG308 IHAMBURG113 IHAMBURG1628 IHAMBURG60 IHHNIEND2 IHAMBURG1058 IHAMBURG797 ILBROSEN2 IHAMBURG1182 IHAMBURG219 IHAMBURG164 ILBALVES2 IHAMBURG2041 IHAMBURG417 IHAMBURG34 IHAMBURG1372 IHAMBURG1462 IHAMBURG604 IHAMBURG709 IHAMBURG315 IHAMBURG123 IHAMBURG1837 IHHFARMS3 IHAMBURG276 IHAMBURG292 IHAMBURG914 IHAMBURG1156 IHAMBURG1015 IHAMBURG499 IHAMBURG1890 IHAMBURG2088 IHAMBURG405 IHAMBURG258 IHAMBURG1102 IHAMBURG1787 IHAMBURG1008 IHAMBURG439 IHAMBURG1084 IHAMBURG326 IHAMBURG1815 IOSTSTEI3 IHHOTTEN2 IHAMBURG1108 IHAMBURG1298 IHAMBURG1248 IHHFUHLS2 IHAMBURG1172 IHAMBURG163 IHAMBURG335 IHHWANDS2 IHAMBURG592 IHAMBURG1502 IHAMBURG1805 IHAMBURG1679 IHAMBURG1629 IHAMBURG254 IHAMBURG1494 IHAMBURG423 IHAMBURG1427 IHAMBURG446 IHAMBURG1074 IHAMBURG2045 IHAMBURG2048 IHAMBURG1436 IHAMBURG1377 IHHEINLA2 IHAMBURG214 IHAMBURG291 IHAMBURG1779 IHAMBURG1332 IHAMBURG410 IHAMBURG367 IHAMBURG2004 IHHMARIE4 IHAMBURG1930 IHAMBURG1136 IHAMBURG951 IHAMBURG1995 IHAMBURG1192 IHAMBURG567 IHAMBURG1200 IHAMBURG412 IHAMBURG988 IHAMBURG662 IHAMBURG2030 IHAMBURG508 IHAMBURG515 IHAMBURG80 INORDERS72 IHAMBURG20 IHAMBURG1540 IHAMBURG1110 IHAMBURG153 IHAMBURG1264 IHHWILHE2 IHAMBURG1234 IHAMBURG279 IHAMBURG56 IHAMBURG760 IHAMBURG1548 IHAMBURG2008 IHAMBURG1266 IHAMBURG404 IHAMBURG2031 IHAMBURG64 IHAMBURG628 IHAMBURG1360 ISEEVETA74 IHAMBURG183 IHAMBURG1214 IHAMBURG1188 IHAMBURG52 IHAMBURG190 IHAMBURG2081 IHAMBURG1282 IHAMBURG268 IHHKIRCH2 IHAMBURG1411 IHAMBURG2034 IHAMBURG1498 IHAMBURG262 IHAMBURG2042 IHAMBURG119 IHAMBURG1268 IHAMBURG1379 IHAMBURG772 IHAMBURG218 IHAMBURG1516 IBARSBTT19 IHAMBURG47 IHAMBURG1212 IHAMBURG1845 IHAMBURG1819 IHAMBURG1783 IHAMBURG403 IHAMBURG955 IHHHOHEN2 IHAMBURG1086 ISEEVETA49 IHAMBURG1655 IHAMBURG251 IHAMBURG1174 IHAMBURG1711 IHAMBURG1302 IHAMBURG260 IHAMBURG1142 IHAMBURG274 IHAMBURG778 IHAMBURG146 IHHWELLI2 IHAMBURG205 IHAMBURG41 IHAMBURG256 IHAMBURG233 IHAMBURG1962 IHAMBURG81 IHAMBURG1526 IHAMBURG289 IHAMBURG1681 IHAMBURG195 IHAMBURG787 IHAMBURG1977 IHAMBURG1631 ISCHENEF11 INORDERS21 IHAMBURG1342 IHAMBURG431 IHAMBURG803 IHAMBURG674 IHAMBURG1308 IHAMBURG269 IBNNINGS3 IHAMBURG242 IHAMBURG1176 IHAMBURG230 IHAMBURG1823 IHAMBURG277 IHAMBURG1990 IHAMBURG887 IHAMBURG715 IHAMBURG142 IHAMBURG880 IHAMBURG1841 IHAMBURG1910 IHAMBURG1300 IHAMBURG957 IHAMBURG1054 IHAMBURG723 IHAMBURG2026 IHAMBURG487 IHAMBURG1076 IHAMBURG1635 IHAMBURG2000 IHAMBURG1216 IHAMBURG1785 IHAMBURG832 IHAMBURG2075 IHAMBURG1180 IHAMBURG2025 IHAMBURG452 IHAMBURG1254 IHAMBURG1586 ISANKTUR5 IHAMBURG1932 IBARSBTT22 IHAMBURG1064 IHAMBURG406 IHHWINTE2 IHAMBURG630 IHAMBURG1368 IHAMBURG1470 IHAMBURG1799 IHAMBURG1144 IHHHAMBU3 IHAMBURG1620 IHHHELLB2 IHAMBURG53 IHAMBURG1797 IHAMBURG465 IHAMBURG93 IHAMBURG57 IHAMBURG42 IHAMBURG1184 IHAMBURG333 IHAMBURG1256 IHAMBURG664 IHAMBURG1759 IHAMBURG598 IHAMBURG108 IHAMBURG1464 IHHLOKST3 IHAMBURG1134 IHAMBURG1933 IHHCURSL2 IHAMBURG1421 IHHGRUEN2 IHAMBURG189 IHHHAMBU5 IHAMBURG2085 IHAMBURG1922 IHAMBURG162 IHAMBURG1950 IHAMBURG285 IHAMBURG654 IHAMBURG1374 IHAMBURG175 IHAMBURG1314 IHAMBURG1918 IHAMBURG460 IHAMBURG1152 IWENTORF21 IHHHOHEN3 IHAMBURG863 IHAMBURG68 IHHEIDEL3 IHAMBURG1697 IHAMBURG938 IHAMBURG1600 IHHHAMBU4 IHAMBURG1789 IHHHARBU2 IHAMBURG1771 IHAMBURG1370 IHAMBURG229 IHAMBURG98 IHAMBURG610 IHAMBURG971 IHAMBURG1208 IHAMBURG976 IHHSTEIL2 IHAMBURG1154 IHAMBURG341 IHHHINSC4 IHAMBURG1036 IHAMBURG1832 IHAMBURG1326 IHHKLEIN2 IHAMBURG138 IHAMBURG158 IHAMBURG286 IHAMBURG204 IHAMBURG1082 IHAMBURG1675 IHAMBURG768 IHAMBURG1316 IHHEIDEL4 IHAMBURG1809 IHAMBURG83 IHAMBURG110 IHAMBURG632 IHAMBURG1236 IHAMBURG1860 IHHSCHNE3 IHAMBURG1204 IHAMBURG1952 IHAMBURG340 IHAMBURG1336 IHAMBURG1056 IHAMBURG1811 IHAMBURG46 IHAMBURG352 IHAMBURG99 IHAMBURG136 IHAMBURG1068 IHAMBURG1755 IHAMBURG1028 IHAMBURG471 IHHLURUP2 IHAMBURG638 IHAMBURG1350 IHAMBURG1002 IHAMBURG1967 IHAMBURG215 IHHLOHBR3 IHAMBURG963 IHAMBURG114 IHHGROSS2 IHHNEUGR2 IHAMBURG290 IHHEISSE2 IHAMBURG69 IHHLANGE3 IHAMBURG2017 IHAMBURG1292 IHAMBURG1508 IHAMBURG537 IHAMBURG1920 IHAMBURG1114 IHAMBURG1976 IHAMBURG450 IHAMBURG267 IHAMBURG166 IHAMBURG1044 IHAMBURG2076 IHAMBURG180 IHAMBURG998 IHAMBURG1928 IHAMBURG847 IHAMBURG376 IHAMBURG1512 IHAMBURG92 IHAMBURG600 IHAMBURG1880 IHAMBURG2011 IHAMBURG50
2017-08-21 04:19:08,560 INFO min_all     5.573 n=8784
2017-08-21 04:19:08,561 INFO min_cn5     0.890 n=8784
2017-08-21 04:19:08,561 INFO idw_p3_dt   1.734 n=8759
2017-08-21 04:19:08,561 INFO idw_p1_cn5  1.710 n=8784
2017-08-21 04:19:08,561 INFO idw_p3_cn5  1.731 n=8784
2017-08-21 04:19:08,561 INFO idw_p4_cn3  1.732 n=8784
2017-08-21 04:19:08,561 INFO median_cn3  1.781 n=8784
2017-08-21 04:19:08,561 INFO eddh        1.386 n=8772
2017-08-21 04:19:08,562 INFO idw_p2_all  1.612 n=8784
2017-08-21 04:19:08,562 INFO median_cn5  1.256 n=8784
2017-08-21 04:19:08,562 INFO mean_cn5    1.655 n=8784
2017-08-21 04:19:08,562 INFO nn          1.737 n=8784
2017-08-21 04:19:08,562 INFO idw_p3_all  1.724 n=8784
2017-08-21 04:19:08,562 INFO max_cn3     3.911 n=8784
2017-08-21 04:19:08,562 INFO mean_cn3    1.935 n=8784
2017-08-21 04:19:08,562 INFO idw_p2_cn3  1.742 n=8784
2017-08-21 04:19:08,562 INFO idw_p1_cn3  1.777 n=8784
2017-08-21 04:19:08,562 INFO mean_all    0.945 n=8784
2017-08-21 04:19:08,562 INFO min_cn3     0.819 n=8784
2017-08-21 04:19:08,562 INFO median_dt   1.294 n=8759
2017-08-21 04:19:08,563 INFO idw_p1_dt   1.626 n=8759
2017-08-21 04:19:08,563 INFO mean_dt     1.532 n=8759
2017-08-21 04:19:08,563 INFO max_dt      3.213 n=8759
2017-08-21 04:19:08,563 INFO max_all     15.349 n=8784
2017-08-21 04:19:08,563 INFO min_dt      0.747 n=8759
2017-08-21 04:19:08,563 INFO idw_p2_cn5  1.732 n=8784
2017-08-21 04:19:08,563 INFO median_all  0.767 n=8784
2017-08-21 04:19:08,563 INFO idw_p4_all  1.730 n=8784
2017-08-21 04:19:08,563 INFO idw_p1_all  1.059 n=8784
2017-08-21 04:19:08,563 INFO idw_p4_dt   1.735 n=8759
2017-08-21 04:19:08,563 INFO idw_p2_dt   1.720 n=8759
2017-08-21 04:19:08,563 INFO max_cn5     4.393 n=8784
2017-08-21 04:19:08,564 INFO idw_p3_cn3  1.733 n=8784
2017-08-21 04:19:08,564 INFO idw_p4_cn5  1.731 n=8784
2017-08-21 04:19:08,564 INFO end method list
2017-08-21 04:19:08,819 INFO interpolate for IHM
2017-08-21 04:19:08,820 INFO currently at 2 out of 10
2017-08-21 04:19:08,820 INFO use IHAMBURG1284 IHAMBURG1614 IHAMBURG1252 IHHSASEL2 IHAMBURG844 IHAMBURG978 IHAMBURG1202 IHORN16 IHAMBURG316 IHAMBURG969 IHAMBURG1864 IHAMBURG1974 IHAMBURG252 IHAMBURG741 IHAMBURG1699 IHAMBURG200 IHAMBURG514 IHAMBURG1476 IHAMBURG237 IHAMBURG497 IHAMBURG216 IHAMBURG1594 IHAMBURG2013 IHAMBURG719 IHAMBURG910 IHHBERGS2 IHHMARIE2 IHAMBURG731 IHHSCHNE2 IHAMBURG626 IHAMBURG927 IHAMBURG640 IHAMBURG1622 IHAMBURG1916 IHAMBURG169 IHHROTHE2 IHAMBURG2002 IHAMBURG620 IHAMBURG373 IHAMBURG329 IHAMBURG456 IHAMBURG1843 IHAMBURG441 IHAMBURG1244 IHAMBURG2029 IHHTREUD3 IHAMBURG1230 IHAMBURG2043 IHAMBURG1428 IHAMBURG1661 IHAMBURG540 IHHMEIEN2 IHAMBURG1709 IHAMBURG398 IHAMBURG1735 IHAMBURG90 ILBHOOPT2 IHAMBURG239 IHAMBURG789 IHAMBURG1270 IWEDEL8 IHAMBURG1391 IHAMBURG1186 IHAMBURG824 IHAMBURG684 IHAMBURG1492 IHAMBURG2009 IHAMBURG336 IHAMBURG250 IHAMBURG646 IHAMBURG222 IHAMBURG342 IHAMBURG199 IHHALSTE2 IHAMBURG184 IHAMBURG2018 IHAMBURG118 IHAMBURG1484 IHAMBURG594 IHAMBURG32 IHAMBURG152 IHAMBURG132 IHAMBURG711 IHAMBURG1791 IHAMBURG1691 IHAMBURG44 IHAMBURG1098 IHAMBURG737 IHAMBURG867 IHAMBURG280 IHAMBURG1118 IHAMBURG1753 IHAMBURG84 IHAMBURG61 IHAMBURG155 IHAMBURG1953 IHAMBURG475 IHHHINSC3 IHAMBURG308 IHAMBURG113 IHAMBURG1628 IHAMBURG60 IHHNIEND2 IHAMBURG1058 IHAMBURG797 ILBROSEN2 IHAMBURG1182 IHAMBURG219 IHAMBURG164 ILBALVES2 IHAMBURG2041 IHAMBURG417 IHAMBURG34 IHAMBURG1372 IHAMBURG1462 IHAMBURG604 IHAMBURG709 IHAMBURG315 IHAMBURG123 IHAMBURG1837 IHHFARMS3 IHAMBURG276 IHAMBURG292 IHAMBURG914 IHAMBURG1156 IHAMBURG1015 IHAMBURG499 IHAMBURG1890 IHAMBURG2088 IHAMBURG405 IHAMBURG258 IHAMBURG1102 IHAMBURG1787 IHAMBURG1008 IHAMBURG439 IHAMBURG1084 IHAMBURG326 IHAMBURG1815 IOSTSTEI3 IHHOTTEN2 IHAMBURG1108 IHAMBURG1298 IHAMBURG1248 IHHFUHLS2 IHAMBURG1172 IHAMBURG163 IHAMBURG335 IHHWANDS2 IHAMBURG592 IHAMBURG1502 IHAMBURG1805 IHAMBURG1679 IHAMBURG1629 IHAMBURG254 IHAMBURG1494 IHAMBURG423 IHAMBURG1427 IHAMBURG446 IHAMBURG1074 IHAMBURG2045 IHAMBURG2048 IHAMBURG1436 IHAMBURG1377 IHHEINLA2 IHAMBURG214 IHAMBURG291 IHAMBURG1779 IHAMBURG1332 IHAMBURG410 IHAMBURG367 IHAMBURG2004 IHHMARIE4 IHAMBURG1930 IHAMBURG1136 IHAMBURG951 IHAMBURG1995 IHAMBURG1192 IHAMBURG567 IHAMBURG1200 IHAMBURG412 IHAMBURG988 IHAMBURG662 IHAMBURG2030 IHAMBURG508 IHAMBURG515 IHAMBURG80 INORDERS72 IHAMBURG20 IHAMBURG1540 IHAMBURG1110 IHAMBURG153 IHAMBURG1264 IHHWILHE2 IHAMBURG1234 IHAMBURG279 IHAMBURG56 IHAMBURG760 IHAMBURG1548 IHAMBURG2008 IHAMBURG1266 IHAMBURG404 IHAMBURG2031 IHAMBURG64 IHAMBURG628 IHAMBURG1360 ISEEVETA74 IHAMBURG183 IHAMBURG1214 IHAMBURG1188 IHAMBURG52 IHAMBURG190 IHAMBURG2081 IHAMBURG1282 IHAMBURG268 IHHKIRCH2 IHAMBURG1411 IHAMBURG2034 IHAMBURG1498 IHAMBURG262 IHAMBURG2042 IHAMBURG119 IHAMBURG1268 IHAMBURG1379 IHAMBURG772 IHAMBURG218 IHAMBURG1516 IBARSBTT19 IHAMBURG47 IHAMBURG1212 IHAMBURG1845 IHAMBURG1819 IHAMBURG1783 IHAMBURG403 IHAMBURG955 IHHHOHEN2 IHAMBURG1086 ISEEVETA49 IHAMBURG1655 IHAMBURG251 IHAMBURG1174 IHAMBURG1711 IHAMBURG1302 IHAMBURG260 IHAMBURG1142 IHAMBURG274 IHAMBURG778 IHAMBURG146 IHHWELLI2 IHAMBURG205 IHAMBURG41 IHAMBURG256 IHAMBURG233 IHAMBURG1962 IHAMBURG81 IHAMBURG1526 IHAMBURG289 IHAMBURG1681 IHAMBURG195 IHAMBURG787 IHAMBURG1977 IHAMBURG1631 ISCHENEF11 INORDERS21 IHAMBURG1342 IHAMBURG431 IHAMBURG803 IHAMBURG674 IHAMBURG1308 IHAMBURG269 IBNNINGS3 IHAMBURG242 IHAMBURG1176 IHAMBURG230 IHAMBURG1823 IHAMBURG277 IHAMBURG1990 IHAMBURG887 IHAMBURG715 IHAMBURG142 IHAMBURG880 IHAMBURG1841 IHAMBURG1910 IHAMBURG1300 IHAMBURG957 IHAMBURG1054 IHAMBURG723 IHAMBURG2026 IHAMBURG487 IHAMBURG1076 IHAMBURG1635 IHAMBURG2000 IHAMBURG1216 IHAMBURG1785 IHAMBURG832 IHAMBURG2075 IHAMBURG1180 IHAMBURG2025 IHAMBURG452 IHAMBURG1254 IHAMBURG1586 ISANKTUR5 IHAMBURG1932 IBARSBTT22 IHAMBURG1064 IHAMBURG406 IHHWINTE2 IHAMBURG630 IHAMBURG1368 IHAMBURG1470 IHAMBURG1799 IHAMBURG1144 IHHHAMBU3 IHAMBURG1620 IHHHELLB2 IHAMBURG53 IHAMBURG1797 IHAMBURG465 IHAMBURG93 IHAMBURG57 IHAMBURG42 IHAMBURG1184 IHAMBURG333 IHAMBURG1256 IHAMBURG664 IHAMBURG1759 IHAMBURG598 IHAMBURG108 IHAMBURG1464 IHHLOKST3 IHAMBURG1134 IHAMBURG1933 IHHCURSL2 IHAMBURG1421 IHHGRUEN2 IHAMBURG189 IHHHAMBU5 IHAMBURG2085 IHAMBURG1922 IHAMBURG162 IHAMBURG1950 IHAMBURG285 IHAMBURG654 IHAMBURG1374 IHAMBURG175 IHAMBURG1314 IHAMBURG1918 IHAMBURG460 IHAMBURG1152 IWENTORF21 IHHHOHEN3 IHAMBURG863 IHAMBURG68 IHHEIDEL3 IHAMBURG1697 IHAMBURG938 IHAMBURG1600 IHHHAMBU4 IHAMBURG1789 IHHHARBU2 IHAMBURG1771 IHAMBURG1370 IHAMBURG229 IHAMBURG98 IHAMBURG610 IHAMBURG971 IHAMBURG1208 IHAMBURG976 IHHSTEIL2 IHAMBURG1154 IHAMBURG341 IHHHINSC4 IHAMBURG1036 IHAMBURG1832 IHAMBURG1326 IHHKLEIN2 IHAMBURG138 IHAMBURG158 IHAMBURG286 IHAMBURG204 IHAMBURG1082 IHAMBURG1675 IHAMBURG768 IHAMBURG1316 IHHEIDEL4 IHAMBURG1809 IHAMBURG83 IHAMBURG110 IHAMBURG632 IHAMBURG1236 IHAMBURG1860 IHHSCHNE3 IHAMBURG1204 IHAMBURG1952 IHAMBURG340 IHAMBURG1336 IHAMBURG1056 IHAMBURG1811 IHAMBURG46 IHAMBURG352 IHAMBURG99 IHAMBURG136 IHAMBURG1068 IHAMBURG1755 IHAMBURG1028 IHAMBURG471 IHHLURUP2 IHAMBURG638 IHAMBURG1350 IHAMBURG1002 IHAMBURG1967 IHAMBURG215 IHHLOHBR3 IHAMBURG963 IHAMBURG114 IHHGROSS2 IHHNEUGR2 IHAMBURG290 IHHEISSE2 IHAMBURG69 IHHLANGE3 IHAMBURG2017 IHAMBURG1292 IHAMBURG1508 IHAMBURG537 IHAMBURG1920 IHAMBURG1114 IHAMBURG1976 IHAMBURG450 IHAMBURG267 IHAMBURG166 IHAMBURG1044 IHAMBURG2076 IHAMBURG180 IHAMBURG998 IHAMBURG1928 IHAMBURG847 IHAMBURG376 IHAMBURG1512 IHAMBURG92 IHAMBURG600 IHAMBURG1880 IHAMBURG2011 IHAMBURG50
2017-08-21 04:44:25,619 INFO min_all     5.717 n=8784
2017-08-21 04:44:25,619 INFO min_cn5     0.951 n=8784
2017-08-21 04:44:25,620 INFO idw_p3_dt   1.991 n=8755
2017-08-21 04:44:25,620 INFO idw_p1_cn5  1.448 n=8784
2017-08-21 04:44:25,620 INFO idw_p3_cn5  1.716 n=8784
2017-08-21 04:44:25,620 INFO idw_p4_cn3  1.951 n=8784
2017-08-21 04:44:25,620 INFO median_cn3  1.360 n=8784
2017-08-21 04:44:25,620 INFO eddh        1.505 n=8772
2017-08-21 04:44:25,620 INFO idw_p2_all  1.132 n=8784
2017-08-21 04:44:25,620 INFO median_cn5  1.061 n=8784
2017-08-21 04:44:25,620 INFO mean_cn5    1.318 n=8784
2017-08-21 04:44:25,620 INFO nn          1.760 n=8784
2017-08-21 04:44:25,620 INFO idw_p3_all  1.423 n=8784
2017-08-21 04:44:25,620 INFO max_cn3     3.453 n=8784
2017-08-21 04:44:25,621 INFO mean_cn3    1.675 n=8784
2017-08-21 04:44:25,621 INFO idw_p2_cn3  1.830 n=8784
2017-08-21 04:44:25,621 INFO idw_p1_cn3  1.754 n=8784
2017-08-21 04:44:25,621 INFO mean_all    0.936 n=8784
2017-08-21 04:44:25,621 INFO min_cn3     0.806 n=8784
2017-08-21 04:44:25,621 INFO median_dt   1.398 n=8755
2017-08-21 04:44:25,621 INFO idw_p1_dt   1.780 n=8755
2017-08-21 04:44:25,621 INFO mean_dt     1.641 n=8755
2017-08-21 04:44:25,621 INFO max_dt      3.376 n=8755
2017-08-21 04:44:25,621 INFO max_all     15.209 n=8784
2017-08-21 04:44:25,621 INFO min_dt      1.033 n=8755
2017-08-21 04:44:25,622 INFO idw_p2_cn5  1.586 n=8784
2017-08-21 04:44:25,622 INFO median_all  0.794 n=8784
2017-08-21 04:44:25,622 INFO idw_p4_all  1.667 n=8784
2017-08-21 04:44:25,622 INFO idw_p1_all  0.961 n=8784
2017-08-21 04:44:25,622 INFO idw_p4_dt   2.048 n=8755
2017-08-21 04:44:25,622 INFO idw_p2_dt   1.902 n=8755
2017-08-21 04:44:25,622 INFO max_cn5     3.559 n=8784
2017-08-21 04:44:25,622 INFO idw_p3_cn3  1.897 n=8784
2017-08-21 04:44:25,622 INFO idw_p4_cn5  1.824 n=8784
2017-08-21 04:44:25,622 INFO end method list
2017-08-21 04:44:25,865 INFO interpolate for LGM
2017-08-21 04:44:25,866 INFO currently at 3 out of 10
2017-08-21 04:44:25,866 INFO use IHAMBURG1284 IHAMBURG1614 IHAMBURG1252 IHHSASEL2 IHAMBURG844 IHAMBURG978 IHAMBURG1202 IHORN16 IHAMBURG316 IHAMBURG969 IHAMBURG1864 IHAMBURG1974 IHAMBURG252 IHAMBURG741 IHAMBURG1699 IHAMBURG200 IHAMBURG514 IHAMBURG1476 IHAMBURG237 IHAMBURG497 IHAMBURG216 IHAMBURG1594 IHAMBURG2013 IHAMBURG719 IHAMBURG910 IHHBERGS2 IHHMARIE2 IHAMBURG731 IHHSCHNE2 IHAMBURG626 IHAMBURG927 IHAMBURG640 IHAMBURG1622 IHAMBURG1916 IHAMBURG169 IHHROTHE2 IHAMBURG2002 IHAMBURG620 IHAMBURG373 IHAMBURG329 IHAMBURG456 IHAMBURG1843 IHAMBURG441 IHAMBURG1244 IHAMBURG2029 IHHTREUD3 IHAMBURG1230 IHAMBURG2043 IHAMBURG1428 IHAMBURG1661 IHAMBURG540 IHHMEIEN2 IHAMBURG1709 IHAMBURG398 IHAMBURG1735 IHAMBURG90 ILBHOOPT2 IHAMBURG239 IHAMBURG789 IHAMBURG1270 IWEDEL8 IHAMBURG1391 IHAMBURG1186 IHAMBURG824 IHAMBURG684 IHAMBURG1492 IHAMBURG2009 IHAMBURG336 IHAMBURG250 IHAMBURG646 IHAMBURG222 IHAMBURG342 IHAMBURG199 IHHALSTE2 IHAMBURG184 IHAMBURG2018 IHAMBURG118 IHAMBURG1484 IHAMBURG594 IHAMBURG32 IHAMBURG152 IHAMBURG132 IHAMBURG711 IHAMBURG1791 IHAMBURG1691 IHAMBURG44 IHAMBURG1098 IHAMBURG737 IHAMBURG867 IHAMBURG280 IHAMBURG1118 IHAMBURG1753 IHAMBURG84 IHAMBURG61 IHAMBURG155 IHAMBURG1953 IHAMBURG475 IHHHINSC3 IHAMBURG308 IHAMBURG113 IHAMBURG1628 IHAMBURG60 IHHNIEND2 IHAMBURG1058 IHAMBURG797 ILBROSEN2 IHAMBURG1182 IHAMBURG219 IHAMBURG164 ILBALVES2 IHAMBURG2041 IHAMBURG417 IHAMBURG34 IHAMBURG1372 IHAMBURG1462 IHAMBURG604 IHAMBURG709 IHAMBURG315 IHAMBURG123 IHAMBURG1837 IHHFARMS3 IHAMBURG276 IHAMBURG292 IHAMBURG914 IHAMBURG1156 IHAMBURG1015 IHAMBURG499 IHAMBURG1890 IHAMBURG2088 IHAMBURG405 IHAMBURG258 IHAMBURG1102 IHAMBURG1787 IHAMBURG1008 IHAMBURG439 IHAMBURG1084 IHAMBURG326 IHAMBURG1815 IOSTSTEI3 IHHOTTEN2 IHAMBURG1108 IHAMBURG1298 IHAMBURG1248 IHHFUHLS2 IHAMBURG1172 IHAMBURG163 IHAMBURG335 IHHWANDS2 IHAMBURG592 IHAMBURG1502 IHAMBURG1805 IHAMBURG1679 IHAMBURG1629 IHAMBURG254 IHAMBURG1494 IHAMBURG423 IHAMBURG1427 IHAMBURG446 IHAMBURG1074 IHAMBURG2045 IHAMBURG2048 IHAMBURG1436 IHAMBURG1377 IHHEINLA2 IHAMBURG214 IHAMBURG291 IHAMBURG1779 IHAMBURG1332 IHAMBURG410 IHAMBURG367 IHAMBURG2004 IHHMARIE4 IHAMBURG1930 IHAMBURG1136 IHAMBURG951 IHAMBURG1995 IHAMBURG1192 IHAMBURG567 IHAMBURG1200 IHAMBURG412 IHAMBURG988 IHAMBURG662 IHAMBURG2030 IHAMBURG508 IHAMBURG515 IHAMBURG80 INORDERS72 IHAMBURG20 IHAMBURG1540 IHAMBURG1110 IHAMBURG153 IHAMBURG1264 IHHWILHE2 IHAMBURG1234 IHAMBURG279 IHAMBURG56 IHAMBURG760 IHAMBURG1548 IHAMBURG2008 IHAMBURG1266 IHAMBURG404 IHAMBURG2031 IHAMBURG64 IHAMBURG628 IHAMBURG1360 ISEEVETA74 IHAMBURG183 IHAMBURG1214 IHAMBURG1188 IHAMBURG52 IHAMBURG190 IHAMBURG2081 IHAMBURG1282 IHAMBURG268 IHHKIRCH2 IHAMBURG1411 IHAMBURG2034 IHAMBURG1498 IHAMBURG262 IHAMBURG2042 IHAMBURG119 IHAMBURG1268 IHAMBURG1379 IHAMBURG772 IHAMBURG218 IHAMBURG1516 IBARSBTT19 IHAMBURG47 IHAMBURG1212 IHAMBURG1845 IHAMBURG1819 IHAMBURG1783 IHAMBURG403 IHAMBURG955 IHHHOHEN2 IHAMBURG1086 ISEEVETA49 IHAMBURG1655 IHAMBURG251 IHAMBURG1174 IHAMBURG1711 IHAMBURG1302 IHAMBURG260 IHAMBURG1142 IHAMBURG274 IHAMBURG778 IHAMBURG146 IHHWELLI2 IHAMBURG205 IHAMBURG41 IHAMBURG256 IHAMBURG233 IHAMBURG1962 IHAMBURG81 IHAMBURG1526 IHAMBURG289 IHAMBURG1681 IHAMBURG195 IHAMBURG787 IHAMBURG1977 IHAMBURG1631 ISCHENEF11 INORDERS21 IHAMBURG1342 IHAMBURG431 IHAMBURG803 IHAMBURG674 IHAMBURG1308 IHAMBURG269 IBNNINGS3 IHAMBURG242 IHAMBURG1176 IHAMBURG230 IHAMBURG1823 IHAMBURG277 IHAMBURG1990 IHAMBURG887 IHAMBURG715 IHAMBURG142 IHAMBURG880 IHAMBURG1841 IHAMBURG1910 IHAMBURG1300 IHAMBURG957 IHAMBURG1054 IHAMBURG723 IHAMBURG2026 IHAMBURG487 IHAMBURG1076 IHAMBURG1635 IHAMBURG2000 IHAMBURG1216 IHAMBURG1785 IHAMBURG832 IHAMBURG2075 IHAMBURG1180 IHAMBURG2025 IHAMBURG452 IHAMBURG1254 IHAMBURG1586 ISANKTUR5 IHAMBURG1932 IBARSBTT22 IHAMBURG1064 IHAMBURG406 IHHWINTE2 IHAMBURG630 IHAMBURG1368 IHAMBURG1470 IHAMBURG1799 IHAMBURG1144 IHHHAMBU3 IHAMBURG1620 IHHHELLB2 IHAMBURG53 IHAMBURG1797 IHAMBURG465 IHAMBURG93 IHAMBURG57 IHAMBURG42 IHAMBURG1184 IHAMBURG333 IHAMBURG1256 IHAMBURG664 IHAMBURG1759 IHAMBURG598 IHAMBURG108 IHAMBURG1464 IHHLOKST3 IHAMBURG1134 IHAMBURG1933 IHHCURSL2 IHAMBURG1421 IHHGRUEN2 IHAMBURG189 IHHHAMBU5 IHAMBURG2085 IHAMBURG1922 IHAMBURG162 IHAMBURG1950 IHAMBURG285 IHAMBURG654 IHAMBURG1374 IHAMBURG175 IHAMBURG1314 IHAMBURG1918 IHAMBURG460 IHAMBURG1152 IWENTORF21 IHHHOHEN3 IHAMBURG863 IHAMBURG68 IHHEIDEL3 IHAMBURG1697 IHAMBURG938 IHAMBURG1600 IHHHAMBU4 IHAMBURG1789 IHHHARBU2 IHAMBURG1771 IHAMBURG1370 IHAMBURG229 IHAMBURG98 IHAMBURG610 IHAMBURG971 IHAMBURG1208 IHAMBURG976 IHHSTEIL2 IHAMBURG1154 IHAMBURG341 IHHHINSC4 IHAMBURG1036 IHAMBURG1832 IHAMBURG1326 IHHKLEIN2 IHAMBURG138 IHAMBURG158 IHAMBURG286 IHAMBURG204 IHAMBURG1082 IHAMBURG1675 IHAMBURG768 IHAMBURG1316 IHHEIDEL4 IHAMBURG1809 IHAMBURG83 IHAMBURG110 IHAMBURG632 IHAMBURG1236 IHAMBURG1860 IHHSCHNE3 IHAMBURG1204 IHAMBURG1952 IHAMBURG340 IHAMBURG1336 IHAMBURG1056 IHAMBURG1811 IHAMBURG46 IHAMBURG352 IHAMBURG99 IHAMBURG136 IHAMBURG1068 IHAMBURG1755 IHAMBURG1028 IHAMBURG471 IHHLURUP2 IHAMBURG638 IHAMBURG1350 IHAMBURG1002 IHAMBURG1967 IHAMBURG215 IHHLOHBR3 IHAMBURG963 IHAMBURG114 IHHGROSS2 IHHNEUGR2 IHAMBURG290 IHHEISSE2 IHAMBURG69 IHHLANGE3 IHAMBURG2017 IHAMBURG1292 IHAMBURG1508 IHAMBURG537 IHAMBURG1920 IHAMBURG1114 IHAMBURG1976 IHAMBURG450 IHAMBURG267 IHAMBURG166 IHAMBURG1044 IHAMBURG2076 IHAMBURG180 IHAMBURG998 IHAMBURG1928 IHAMBURG847 IHAMBURG376 IHAMBURG1512 IHAMBURG92 IHAMBURG600 IHAMBURG1880 IHAMBURG2011 IHAMBURG50
2017-08-21 05:09:46,599 INFO min_all     4.829 n=8769
2017-08-21 05:09:46,600 INFO min_cn5     0.945 n=8769
2017-08-21 05:09:46,600 INFO idw_p3_dt   1.222 n=8667
2017-08-21 05:09:46,600 INFO idw_p1_cn5  1.485 n=8769
2017-08-21 05:09:46,601 INFO idw_p3_cn5  1.255 n=8769
2017-08-21 05:09:46,601 INFO idw_p4_cn3  1.326 n=8769
2017-08-21 05:09:46,601 INFO median_cn3  1.290 n=8769
2017-08-21 05:09:46,601 INFO eddh        0.829 n=8754
2017-08-21 05:09:46,601 INFO idw_p2_all  1.450 n=8769
2017-08-21 05:09:46,601 INFO median_cn5  1.286 n=8769
2017-08-21 05:09:46,601 INFO mean_cn5    1.724 n=8769
2017-08-21 05:09:46,601 INFO nn          1.584 n=8769
2017-08-21 05:09:46,601 INFO idw_p3_all  1.216 n=8769
2017-08-21 05:09:46,601 INFO max_cn3     4.279 n=8769
2017-08-21 05:09:46,601 INFO mean_cn3    1.850 n=8769
2017-08-21 05:09:46,602 INFO idw_p2_cn3  1.350 n=8769
2017-08-21 05:09:46,602 INFO idw_p1_cn3  1.515 n=8769
2017-08-21 05:09:46,602 INFO mean_all    1.925 n=8769
2017-08-21 05:09:46,602 INFO min_cn3     0.894 n=8769
2017-08-21 05:09:46,602 INFO median_dt   1.069 n=8667
2017-08-21 05:09:46,602 INFO idw_p1_dt   1.155 n=8667
2017-08-21 05:09:46,602 INFO mean_dt     1.239 n=8667
2017-08-21 05:09:46,602 INFO max_dt      2.465 n=8667
2017-08-21 05:09:46,602 INFO max_all     16.327 n=8769
2017-08-21 05:09:46,602 INFO min_dt      0.859 n=8667
2017-08-21 05:09:46,602 INFO idw_p2_cn5  1.310 n=8769
2017-08-21 05:09:46,602 INFO median_all  1.720 n=8769
2017-08-21 05:09:46,603 INFO idw_p4_all  1.206 n=8769
2017-08-21 05:09:46,603 INFO idw_p1_all  1.774 n=8769
2017-08-21 05:09:46,603 INFO idw_p4_dt   1.223 n=8667
2017-08-21 05:09:46,603 INFO idw_p2_dt   1.210 n=8667
2017-08-21 05:09:46,603 INFO max_cn5     5.064 n=8769
2017-08-21 05:09:46,603 INFO idw_p3_cn3  1.309 n=8769
2017-08-21 05:09:46,603 INFO idw_p4_cn5  1.273 n=8769
2017-08-21 05:09:46,603 INFO end method list
2017-08-21 05:09:46,848 INFO interpolate for LWM
2017-08-21 05:09:46,848 INFO currently at 4 out of 10
2017-08-21 05:09:46,849 INFO use IHAMBURG1284 IHAMBURG1614 IHAMBURG1252 IHHSASEL2 IHAMBURG844 IHAMBURG978 IHAMBURG1202 IHORN16 IHAMBURG316 IHAMBURG969 IHAMBURG1864 IHAMBURG1974 IHAMBURG252 IHAMBURG741 IHAMBURG1699 IHAMBURG200 IHAMBURG514 IHAMBURG1476 IHAMBURG237 IHAMBURG497 IHAMBURG216 IHAMBURG1594 IHAMBURG2013 IHAMBURG719 IHAMBURG910 IHHBERGS2 IHHMARIE2 IHAMBURG731 IHHSCHNE2 IHAMBURG626 IHAMBURG927 IHAMBURG640 IHAMBURG1622 IHAMBURG1916 IHAMBURG169 IHHROTHE2 IHAMBURG2002 IHAMBURG620 IHAMBURG373 IHAMBURG329 IHAMBURG456 IHAMBURG1843 IHAMBURG441 IHAMBURG1244 IHAMBURG2029 IHHTREUD3 IHAMBURG1230 IHAMBURG2043 IHAMBURG1428 IHAMBURG1661 IHAMBURG540 IHHMEIEN2 IHAMBURG1709 IHAMBURG398 IHAMBURG1735 IHAMBURG90 ILBHOOPT2 IHAMBURG239 IHAMBURG789 IHAMBURG1270 IWEDEL8 IHAMBURG1391 IHAMBURG1186 IHAMBURG824 IHAMBURG684 IHAMBURG1492 IHAMBURG2009 IHAMBURG336 IHAMBURG250 IHAMBURG646 IHAMBURG222 IHAMBURG342 IHAMBURG199 IHHALSTE2 IHAMBURG184 IHAMBURG2018 IHAMBURG118 IHAMBURG1484 IHAMBURG594 IHAMBURG32 IHAMBURG152 IHAMBURG132 IHAMBURG711 IHAMBURG1791 IHAMBURG1691 IHAMBURG44 IHAMBURG1098 IHAMBURG737 IHAMBURG867 IHAMBURG280 IHAMBURG1118 IHAMBURG1753 IHAMBURG84 IHAMBURG61 IHAMBURG155 IHAMBURG1953 IHAMBURG475 IHHHINSC3 IHAMBURG308 IHAMBURG113 IHAMBURG1628 IHAMBURG60 IHHNIEND2 IHAMBURG1058 IHAMBURG797 ILBROSEN2 IHAMBURG1182 IHAMBURG219 IHAMBURG164 ILBALVES2 IHAMBURG2041 IHAMBURG417 IHAMBURG34 IHAMBURG1372 IHAMBURG1462 IHAMBURG604 IHAMBURG709 IHAMBURG315 IHAMBURG123 IHAMBURG1837 IHHFARMS3 IHAMBURG276 IHAMBURG292 IHAMBURG914 IHAMBURG1156 IHAMBURG1015 IHAMBURG499 IHAMBURG1890 IHAMBURG2088 IHAMBURG405 IHAMBURG258 IHAMBURG1102 IHAMBURG1787 IHAMBURG1008 IHAMBURG439 IHAMBURG1084 IHAMBURG326 IHAMBURG1815 IOSTSTEI3 IHHOTTEN2 IHAMBURG1108 IHAMBURG1298 IHAMBURG1248 IHHFUHLS2 IHAMBURG1172 IHAMBURG163 IHAMBURG335 IHHWANDS2 IHAMBURG592 IHAMBURG1502 IHAMBURG1805 IHAMBURG1679 IHAMBURG1629 IHAMBURG254 IHAMBURG1494 IHAMBURG423 IHAMBURG1427 IHAMBURG446 IHAMBURG1074 IHAMBURG2045 IHAMBURG2048 IHAMBURG1436 IHAMBURG1377 IHHEINLA2 IHAMBURG214 IHAMBURG291 IHAMBURG1779 IHAMBURG1332 IHAMBURG410 IHAMBURG367 IHAMBURG2004 IHHMARIE4 IHAMBURG1930 IHAMBURG1136 IHAMBURG951 IHAMBURG1995 IHAMBURG1192 IHAMBURG567 IHAMBURG1200 IHAMBURG412 IHAMBURG988 IHAMBURG662 IHAMBURG2030 IHAMBURG508 IHAMBURG515 IHAMBURG80 INORDERS72 IHAMBURG20 IHAMBURG1540 IHAMBURG1110 IHAMBURG153 IHAMBURG1264 IHHWILHE2 IHAMBURG1234 IHAMBURG279 IHAMBURG56 IHAMBURG760 IHAMBURG1548 IHAMBURG2008 IHAMBURG1266 IHAMBURG404 IHAMBURG2031 IHAMBURG64 IHAMBURG628 IHAMBURG1360 ISEEVETA74 IHAMBURG183 IHAMBURG1214 IHAMBURG1188 IHAMBURG52 IHAMBURG190 IHAMBURG2081 IHAMBURG1282 IHAMBURG268 IHHKIRCH2 IHAMBURG1411 IHAMBURG2034 IHAMBURG1498 IHAMBURG262 IHAMBURG2042 IHAMBURG119 IHAMBURG1268 IHAMBURG1379 IHAMBURG772 IHAMBURG218 IHAMBURG1516 IBARSBTT19 IHAMBURG47 IHAMBURG1212 IHAMBURG1845 IHAMBURG1819 IHAMBURG1783 IHAMBURG403 IHAMBURG955 IHHHOHEN2 IHAMBURG1086 ISEEVETA49 IHAMBURG1655 IHAMBURG251 IHAMBURG1174 IHAMBURG1711 IHAMBURG1302 IHAMBURG260 IHAMBURG1142 IHAMBURG274 IHAMBURG778 IHAMBURG146 IHHWELLI2 IHAMBURG205 IHAMBURG41 IHAMBURG256 IHAMBURG233 IHAMBURG1962 IHAMBURG81 IHAMBURG1526 IHAMBURG289 IHAMBURG1681 IHAMBURG195 IHAMBURG787 IHAMBURG1977 IHAMBURG1631 ISCHENEF11 INORDERS21 IHAMBURG1342 IHAMBURG431 IHAMBURG803 IHAMBURG674 IHAMBURG1308 IHAMBURG269 IBNNINGS3 IHAMBURG242 IHAMBURG1176 IHAMBURG230 IHAMBURG1823 IHAMBURG277 IHAMBURG1990 IHAMBURG887 IHAMBURG715 IHAMBURG142 IHAMBURG880 IHAMBURG1841 IHAMBURG1910 IHAMBURG1300 IHAMBURG957 IHAMBURG1054 IHAMBURG723 IHAMBURG2026 IHAMBURG487 IHAMBURG1076 IHAMBURG1635 IHAMBURG2000 IHAMBURG1216 IHAMBURG1785 IHAMBURG832 IHAMBURG2075 IHAMBURG1180 IHAMBURG2025 IHAMBURG452 IHAMBURG1254 IHAMBURG1586 ISANKTUR5 IHAMBURG1932 IBARSBTT22 IHAMBURG1064 IHAMBURG406 IHHWINTE2 IHAMBURG630 IHAMBURG1368 IHAMBURG1470 IHAMBURG1799 IHAMBURG1144 IHHHAMBU3 IHAMBURG1620 IHHHELLB2 IHAMBURG53 IHAMBURG1797 IHAMBURG465 IHAMBURG93 IHAMBURG57 IHAMBURG42 IHAMBURG1184 IHAMBURG333 IHAMBURG1256 IHAMBURG664 IHAMBURG1759 IHAMBURG598 IHAMBURG108 IHAMBURG1464 IHHLOKST3 IHAMBURG1134 IHAMBURG1933 IHHCURSL2 IHAMBURG1421 IHHGRUEN2 IHAMBURG189 IHHHAMBU5 IHAMBURG2085 IHAMBURG1922 IHAMBURG162 IHAMBURG1950 IHAMBURG285 IHAMBURG654 IHAMBURG1374 IHAMBURG175 IHAMBURG1314 IHAMBURG1918 IHAMBURG460 IHAMBURG1152 IWENTORF21 IHHHOHEN3 IHAMBURG863 IHAMBURG68 IHHEIDEL3 IHAMBURG1697 IHAMBURG938 IHAMBURG1600 IHHHAMBU4 IHAMBURG1789 IHHHARBU2 IHAMBURG1771 IHAMBURG1370 IHAMBURG229 IHAMBURG98 IHAMBURG610 IHAMBURG971 IHAMBURG1208 IHAMBURG976 IHHSTEIL2 IHAMBURG1154 IHAMBURG341 IHHHINSC4 IHAMBURG1036 IHAMBURG1832 IHAMBURG1326 IHHKLEIN2 IHAMBURG138 IHAMBURG158 IHAMBURG286 IHAMBURG204 IHAMBURG1082 IHAMBURG1675 IHAMBURG768 IHAMBURG1316 IHHEIDEL4 IHAMBURG1809 IHAMBURG83 IHAMBURG110 IHAMBURG632 IHAMBURG1236 IHAMBURG1860 IHHSCHNE3 IHAMBURG1204 IHAMBURG1952 IHAMBURG340 IHAMBURG1336 IHAMBURG1056 IHAMBURG1811 IHAMBURG46 IHAMBURG352 IHAMBURG99 IHAMBURG136 IHAMBURG1068 IHAMBURG1755 IHAMBURG1028 IHAMBURG471 IHHLURUP2 IHAMBURG638 IHAMBURG1350 IHAMBURG1002 IHAMBURG1967 IHAMBURG215 IHHLOHBR3 IHAMBURG963 IHAMBURG114 IHHGROSS2 IHHNEUGR2 IHAMBURG290 IHHEISSE2 IHAMBURG69 IHHLANGE3 IHAMBURG2017 IHAMBURG1292 IHAMBURG1508 IHAMBURG537 IHAMBURG1920 IHAMBURG1114 IHAMBURG1976 IHAMBURG450 IHAMBURG267 IHAMBURG166 IHAMBURG1044 IHAMBURG2076 IHAMBURG180 IHAMBURG998 IHAMBURG1928 IHAMBURG847 IHAMBURG376 IHAMBURG1512 IHAMBURG92 IHAMBURG600 IHAMBURG1880 IHAMBURG2011 IHAMBURG50
2017-08-21 05:34:59,872 INFO min_all     4.707 n=8522
2017-08-21 05:34:59,873 INFO idw_p3_dt   1.335 n=7690
2017-08-21 05:34:59,873 INFO idw_p1_cn5  1.718 n=8522
2017-08-21 05:34:59,873 INFO idw_p3_cn5  1.564 n=8522
2017-08-21 05:34:59,873 INFO idw_p4_cn3  1.525 n=8522
2017-08-21 05:34:59,873 INFO median_cn3  1.457 n=8522
2017-08-21 05:34:59,873 INFO idw_p4_dt   1.341 n=7690
2017-08-21 05:34:59,873 INFO idw_p2_all  1.785 n=8522
2017-08-21 05:34:59,873 INFO min_dt      0.929 n=7690
2017-08-21 05:34:59,873 INFO idw_p4_all  1.503 n=8522
2017-08-21 05:34:59,873 INFO mean_cn5    1.788 n=8522
2017-08-21 05:34:59,874 INFO median_dt   1.190 n=7690
2017-08-21 05:34:59,874 INFO idw_p3_all  1.622 n=8522
2017-08-21 05:34:59,874 INFO max_cn3     4.365 n=8522
2017-08-21 05:34:59,874 INFO idw_p1_dt   1.308 n=7690
2017-08-21 05:34:59,874 INFO mean_cn3    2.017 n=8522
2017-08-21 05:34:59,874 INFO idw_p2_cn3  1.715 n=8522
2017-08-21 05:34:59,874 INFO idw_p1_cn3  1.853 n=8522
2017-08-21 05:34:59,874 INFO mean_all    2.046 n=8522
2017-08-21 05:34:59,874 INFO min_cn3     0.961 n=8522
2017-08-21 05:34:59,874 INFO nn          1.690 n=8522
2017-08-21 05:34:59,874 INFO median_cn5  1.412 n=8522
2017-08-21 05:34:59,875 INFO mean_dt     1.294 n=7690
2017-08-21 05:34:59,875 INFO max_dt      2.307 n=7690
2017-08-21 05:34:59,875 INFO max_all     16.430 n=8522
2017-08-21 05:34:59,875 INFO median_all  1.841 n=8522
2017-08-21 05:34:59,875 INFO idw_p2_cn5  1.640 n=8522
2017-08-21 05:34:59,875 INFO min_cn5     1.028 n=8522
2017-08-21 05:34:59,875 INFO idw_p1_all  1.935 n=8522
2017-08-21 05:34:59,875 INFO eddh        0.975 n=8513
2017-08-21 05:34:59,875 INFO idw_p2_dt   1.325 n=7690
2017-08-21 05:34:59,875 INFO max_cn5     4.711 n=8522
2017-08-21 05:34:59,875 INFO idw_p3_cn3  1.605 n=8522
2017-08-21 05:34:59,876 INFO idw_p4_cn5  1.501 n=8522
2017-08-21 05:34:59,876 INFO end method list
2017-08-21 05:35:00,119 INFO interpolate for RIM
2017-08-21 05:35:00,120 INFO currently at 5 out of 10
2017-08-21 05:35:00,120 INFO use IHAMBURG1284 IHAMBURG1614 IHAMBURG1252 IHHSASEL2 IHAMBURG844 IHAMBURG978 IHAMBURG1202 IHORN16 IHAMBURG316 IHAMBURG969 IHAMBURG1864 IHAMBURG1974 IHAMBURG252 IHAMBURG741 IHAMBURG1699 IHAMBURG200 IHAMBURG514 IHAMBURG1476 IHAMBURG237 IHAMBURG497 IHAMBURG216 IHAMBURG1594 IHAMBURG2013 IHAMBURG719 IHAMBURG910 IHHBERGS2 IHHMARIE2 IHAMBURG731 IHHSCHNE2 IHAMBURG626 IHAMBURG927 IHAMBURG640 IHAMBURG1622 IHAMBURG1916 IHAMBURG169 IHHROTHE2 IHAMBURG2002 IHAMBURG620 IHAMBURG373 IHAMBURG329 IHAMBURG456 IHAMBURG1843 IHAMBURG441 IHAMBURG1244 IHAMBURG2029 IHHTREUD3 IHAMBURG1230 IHAMBURG2043 IHAMBURG1428 IHAMBURG1661 IHAMBURG540 IHHMEIEN2 IHAMBURG1709 IHAMBURG398 IHAMBURG1735 IHAMBURG90 ILBHOOPT2 IHAMBURG239 IHAMBURG789 IHAMBURG1270 IWEDEL8 IHAMBURG1391 IHAMBURG1186 IHAMBURG824 IHAMBURG684 IHAMBURG1492 IHAMBURG2009 IHAMBURG336 IHAMBURG250 IHAMBURG646 IHAMBURG222 IHAMBURG342 IHAMBURG199 IHHALSTE2 IHAMBURG184 IHAMBURG2018 IHAMBURG118 IHAMBURG1484 IHAMBURG594 IHAMBURG32 IHAMBURG152 IHAMBURG132 IHAMBURG711 IHAMBURG1791 IHAMBURG1691 IHAMBURG44 IHAMBURG1098 IHAMBURG737 IHAMBURG867 IHAMBURG280 IHAMBURG1118 IHAMBURG1753 IHAMBURG84 IHAMBURG61 IHAMBURG155 IHAMBURG1953 IHAMBURG475 IHHHINSC3 IHAMBURG308 IHAMBURG113 IHAMBURG1628 IHAMBURG60 IHHNIEND2 IHAMBURG1058 IHAMBURG797 ILBROSEN2 IHAMBURG1182 IHAMBURG219 IHAMBURG164 ILBALVES2 IHAMBURG2041 IHAMBURG417 IHAMBURG34 IHAMBURG1372 IHAMBURG1462 IHAMBURG604 IHAMBURG709 IHAMBURG315 IHAMBURG123 IHAMBURG1837 IHHFARMS3 IHAMBURG276 IHAMBURG292 IHAMBURG914 IHAMBURG1156 IHAMBURG1015 IHAMBURG499 IHAMBURG1890 IHAMBURG2088 IHAMBURG405 IHAMBURG258 IHAMBURG1102 IHAMBURG1787 IHAMBURG1008 IHAMBURG439 IHAMBURG1084 IHAMBURG326 IHAMBURG1815 IOSTSTEI3 IHHOTTEN2 IHAMBURG1108 IHAMBURG1298 IHAMBURG1248 IHHFUHLS2 IHAMBURG1172 IHAMBURG163 IHAMBURG335 IHHWANDS2 IHAMBURG592 IHAMBURG1502 IHAMBURG1805 IHAMBURG1679 IHAMBURG1629 IHAMBURG254 IHAMBURG1494 IHAMBURG423 IHAMBURG1427 IHAMBURG446 IHAMBURG1074 IHAMBURG2045 IHAMBURG2048 IHAMBURG1436 IHAMBURG1377 IHHEINLA2 IHAMBURG214 IHAMBURG291 IHAMBURG1779 IHAMBURG1332 IHAMBURG410 IHAMBURG367 IHAMBURG2004 IHHMARIE4 IHAMBURG1930 IHAMBURG1136 IHAMBURG951 IHAMBURG1995 IHAMBURG1192 IHAMBURG567 IHAMBURG1200 IHAMBURG412 IHAMBURG988 IHAMBURG662 IHAMBURG2030 IHAMBURG508 IHAMBURG515 IHAMBURG80 INORDERS72 IHAMBURG20 IHAMBURG1540 IHAMBURG1110 IHAMBURG153 IHAMBURG1264 IHHWILHE2 IHAMBURG1234 IHAMBURG279 IHAMBURG56 IHAMBURG760 IHAMBURG1548 IHAMBURG2008 IHAMBURG1266 IHAMBURG404 IHAMBURG2031 IHAMBURG64 IHAMBURG628 IHAMBURG1360 ISEEVETA74 IHAMBURG183 IHAMBURG1214 IHAMBURG1188 IHAMBURG52 IHAMBURG190 IHAMBURG2081 IHAMBURG1282 IHAMBURG268 IHHKIRCH2 IHAMBURG1411 IHAMBURG2034 IHAMBURG1498 IHAMBURG262 IHAMBURG2042 IHAMBURG119 IHAMBURG1268 IHAMBURG1379 IHAMBURG772 IHAMBURG218 IHAMBURG1516 IBARSBTT19 IHAMBURG47 IHAMBURG1212 IHAMBURG1845 IHAMBURG1819 IHAMBURG1783 IHAMBURG403 IHAMBURG955 IHHHOHEN2 IHAMBURG1086 ISEEVETA49 IHAMBURG1655 IHAMBURG251 IHAMBURG1174 IHAMBURG1711 IHAMBURG1302 IHAMBURG260 IHAMBURG1142 IHAMBURG274 IHAMBURG778 IHAMBURG146 IHHWELLI2 IHAMBURG205 IHAMBURG41 IHAMBURG256 IHAMBURG233 IHAMBURG1962 IHAMBURG81 IHAMBURG1526 IHAMBURG289 IHAMBURG1681 IHAMBURG195 IHAMBURG787 IHAMBURG1977 IHAMBURG1631 ISCHENEF11 INORDERS21 IHAMBURG1342 IHAMBURG431 IHAMBURG803 IHAMBURG674 IHAMBURG1308 IHAMBURG269 IBNNINGS3 IHAMBURG242 IHAMBURG1176 IHAMBURG230 IHAMBURG1823 IHAMBURG277 IHAMBURG1990 IHAMBURG887 IHAMBURG715 IHAMBURG142 IHAMBURG880 IHAMBURG1841 IHAMBURG1910 IHAMBURG1300 IHAMBURG957 IHAMBURG1054 IHAMBURG723 IHAMBURG2026 IHAMBURG487 IHAMBURG1076 IHAMBURG1635 IHAMBURG2000 IHAMBURG1216 IHAMBURG1785 IHAMBURG832 IHAMBURG2075 IHAMBURG1180 IHAMBURG2025 IHAMBURG452 IHAMBURG1254 IHAMBURG1586 ISANKTUR5 IHAMBURG1932 IBARSBTT22 IHAMBURG1064 IHAMBURG406 IHHWINTE2 IHAMBURG630 IHAMBURG1368 IHAMBURG1470 IHAMBURG1799 IHAMBURG1144 IHHHAMBU3 IHAMBURG1620 IHHHELLB2 IHAMBURG53 IHAMBURG1797 IHAMBURG465 IHAMBURG93 IHAMBURG57 IHAMBURG42 IHAMBURG1184 IHAMBURG333 IHAMBURG1256 IHAMBURG664 IHAMBURG1759 IHAMBURG598 IHAMBURG108 IHAMBURG1464 IHHLOKST3 IHAMBURG1134 IHAMBURG1933 IHHCURSL2 IHAMBURG1421 IHHGRUEN2 IHAMBURG189 IHHHAMBU5 IHAMBURG2085 IHAMBURG1922 IHAMBURG162 IHAMBURG1950 IHAMBURG285 IHAMBURG654 IHAMBURG1374 IHAMBURG175 IHAMBURG1314 IHAMBURG1918 IHAMBURG460 IHAMBURG1152 IWENTORF21 IHHHOHEN3 IHAMBURG863 IHAMBURG68 IHHEIDEL3 IHAMBURG1697 IHAMBURG938 IHAMBURG1600 IHHHAMBU4 IHAMBURG1789 IHHHARBU2 IHAMBURG1771 IHAMBURG1370 IHAMBURG229 IHAMBURG98 IHAMBURG610 IHAMBURG971 IHAMBURG1208 IHAMBURG976 IHHSTEIL2 IHAMBURG1154 IHAMBURG341 IHHHINSC4 IHAMBURG1036 IHAMBURG1832 IHAMBURG1326 IHHKLEIN2 IHAMBURG138 IHAMBURG158 IHAMBURG286 IHAMBURG204 IHAMBURG1082 IHAMBURG1675 IHAMBURG768 IHAMBURG1316 IHHEIDEL4 IHAMBURG1809 IHAMBURG83 IHAMBURG110 IHAMBURG632 IHAMBURG1236 IHAMBURG1860 IHHSCHNE3 IHAMBURG1204 IHAMBURG1952 IHAMBURG340 IHAMBURG1336 IHAMBURG1056 IHAMBURG1811 IHAMBURG46 IHAMBURG352 IHAMBURG99 IHAMBURG136 IHAMBURG1068 IHAMBURG1755 IHAMBURG1028 IHAMBURG471 IHHLURUP2 IHAMBURG638 IHAMBURG1350 IHAMBURG1002 IHAMBURG1967 IHAMBURG215 IHHLOHBR3 IHAMBURG963 IHAMBURG114 IHHGROSS2 IHHNEUGR2 IHAMBURG290 IHHEISSE2 IHAMBURG69 IHHLANGE3 IHAMBURG2017 IHAMBURG1292 IHAMBURG1508 IHAMBURG537 IHAMBURG1920 IHAMBURG1114 IHAMBURG1976 IHAMBURG450 IHAMBURG267 IHAMBURG166 IHAMBURG1044 IHAMBURG2076 IHAMBURG180 IHAMBURG998 IHAMBURG1928 IHAMBURG847 IHAMBURG376 IHAMBURG1512 IHAMBURG92 IHAMBURG600 IHAMBURG1880 IHAMBURG2011 IHAMBURG50
2017-08-21 06:00:07,109 INFO min_all     4.957 n=8762
2017-08-21 06:00:07,110 INFO idw_p3_dt   1.684 n=3896
2017-08-21 06:00:07,110 INFO idw_p1_cn5  1.741 n=8762
2017-08-21 06:00:07,110 INFO idw_p3_cn5  1.945 n=8762
2017-08-21 06:00:07,110 INFO idw_p4_cn3  1.978 n=8762
2017-08-21 06:00:07,110 INFO median_cn3  1.805 n=8762
2017-08-21 06:00:07,110 INFO idw_p4_dt   1.668 n=3896
2017-08-21 06:00:07,110 INFO idw_p2_all  1.794 n=8762
2017-08-21 06:00:07,110 INFO min_dt      1.343 n=3896
2017-08-21 06:00:07,110 INFO idw_p4_all  1.964 n=8762
2017-08-21 06:00:07,110 INFO mean_cn5    1.530 n=8762
2017-08-21 06:00:07,111 INFO median_dt   1.662 n=3896
2017-08-21 06:00:07,111 INFO idw_p3_all  1.920 n=8762
2017-08-21 06:00:07,111 INFO max_cn3     3.325 n=8762
2017-08-21 06:00:07,111 INFO idw_p1_dt   1.709 n=3896
2017-08-21 06:00:07,111 INFO mean_cn3    2.024 n=8762
2017-08-21 06:00:07,111 INFO idw_p2_cn3  1.966 n=8762
2017-08-21 06:00:07,111 INFO idw_p1_cn3  1.980 n=8762
2017-08-21 06:00:07,111 INFO mean_all    1.800 n=8762
2017-08-21 06:00:07,111 INFO min_cn3     1.352 n=8762
2017-08-21 06:00:07,111 INFO nn          2.003 n=8762
2017-08-21 06:00:07,111 INFO median_cn5  1.472 n=8762
2017-08-21 06:00:07,111 INFO mean_dt     1.764 n=3896
2017-08-21 06:00:07,112 INFO max_dt      2.917 n=3896
2017-08-21 06:00:07,112 INFO max_all     16.243 n=8762
2017-08-21 06:00:07,112 INFO median_all  1.596 n=8762
2017-08-21 06:00:07,112 INFO idw_p2_cn5  1.882 n=8762
2017-08-21 06:00:07,112 INFO min_cn5     1.267 n=8762
2017-08-21 06:00:07,112 INFO idw_p1_all  1.781 n=8762
2017-08-21 06:00:07,112 INFO eddh        0.990 n=8755
2017-08-21 06:00:07,112 INFO idw_p2_dt   1.703 n=3896
2017-08-21 06:00:07,112 INFO max_cn5     3.496 n=8762
2017-08-21 06:00:07,112 INFO idw_p3_cn3  1.970 n=8762
2017-08-21 06:00:07,112 INFO idw_p4_cn5  1.970 n=8762
2017-08-21 06:00:07,112 INFO end method list
2017-08-21 06:00:07,352 INFO interpolate for SGM
2017-08-21 06:00:07,353 INFO currently at 6 out of 10
2017-08-21 06:00:07,353 INFO use IHAMBURG1284 IHAMBURG1614 IHAMBURG1252 IHHSASEL2 IHAMBURG844 IHAMBURG978 IHAMBURG1202 IHORN16 IHAMBURG316 IHAMBURG969 IHAMBURG1864 IHAMBURG1974 IHAMBURG252 IHAMBURG741 IHAMBURG1699 IHAMBURG200 IHAMBURG514 IHAMBURG1476 IHAMBURG237 IHAMBURG497 IHAMBURG216 IHAMBURG1594 IHAMBURG2013 IHAMBURG719 IHAMBURG910 IHHBERGS2 IHHMARIE2 IHAMBURG731 IHHSCHNE2 IHAMBURG626 IHAMBURG927 IHAMBURG640 IHAMBURG1622 IHAMBURG1916 IHAMBURG169 IHHROTHE2 IHAMBURG2002 IHAMBURG620 IHAMBURG373 IHAMBURG329 IHAMBURG456 IHAMBURG1843 IHAMBURG441 IHAMBURG1244 IHAMBURG2029 IHHTREUD3 IHAMBURG1230 IHAMBURG2043 IHAMBURG1428 IHAMBURG1661 IHAMBURG540 IHHMEIEN2 IHAMBURG1709 IHAMBURG398 IHAMBURG1735 IHAMBURG90 ILBHOOPT2 IHAMBURG239 IHAMBURG789 IHAMBURG1270 IWEDEL8 IHAMBURG1391 IHAMBURG1186 IHAMBURG824 IHAMBURG684 IHAMBURG1492 IHAMBURG2009 IHAMBURG336 IHAMBURG250 IHAMBURG646 IHAMBURG222 IHAMBURG342 IHAMBURG199 IHHALSTE2 IHAMBURG184 IHAMBURG2018 IHAMBURG118 IHAMBURG1484 IHAMBURG594 IHAMBURG32 IHAMBURG152 IHAMBURG132 IHAMBURG711 IHAMBURG1791 IHAMBURG1691 IHAMBURG44 IHAMBURG1098 IHAMBURG737 IHAMBURG867 IHAMBURG280 IHAMBURG1118 IHAMBURG1753 IHAMBURG84 IHAMBURG61 IHAMBURG155 IHAMBURG1953 IHAMBURG475 IHHHINSC3 IHAMBURG308 IHAMBURG113 IHAMBURG1628 IHAMBURG60 IHHNIEND2 IHAMBURG1058 IHAMBURG797 ILBROSEN2 IHAMBURG1182 IHAMBURG219 IHAMBURG164 ILBALVES2 IHAMBURG2041 IHAMBURG417 IHAMBURG34 IHAMBURG1372 IHAMBURG1462 IHAMBURG604 IHAMBURG709 IHAMBURG315 IHAMBURG123 IHAMBURG1837 IHHFARMS3 IHAMBURG276 IHAMBURG292 IHAMBURG914 IHAMBURG1156 IHAMBURG1015 IHAMBURG499 IHAMBURG1890 IHAMBURG2088 IHAMBURG405 IHAMBURG258 IHAMBURG1102 IHAMBURG1787 IHAMBURG1008 IHAMBURG439 IHAMBURG1084 IHAMBURG326 IHAMBURG1815 IOSTSTEI3 IHHOTTEN2 IHAMBURG1108 IHAMBURG1298 IHAMBURG1248 IHHFUHLS2 IHAMBURG1172 IHAMBURG163 IHAMBURG335 IHHWANDS2 IHAMBURG592 IHAMBURG1502 IHAMBURG1805 IHAMBURG1679 IHAMBURG1629 IHAMBURG254 IHAMBURG1494 IHAMBURG423 IHAMBURG1427 IHAMBURG446 IHAMBURG1074 IHAMBURG2045 IHAMBURG2048 IHAMBURG1436 IHAMBURG1377 IHHEINLA2 IHAMBURG214 IHAMBURG291 IHAMBURG1779 IHAMBURG1332 IHAMBURG410 IHAMBURG367 IHAMBURG2004 IHHMARIE4 IHAMBURG1930 IHAMBURG1136 IHAMBURG951 IHAMBURG1995 IHAMBURG1192 IHAMBURG567 IHAMBURG1200 IHAMBURG412 IHAMBURG988 IHAMBURG662 IHAMBURG2030 IHAMBURG508 IHAMBURG515 IHAMBURG80 INORDERS72 IHAMBURG20 IHAMBURG1540 IHAMBURG1110 IHAMBURG153 IHAMBURG1264 IHHWILHE2 IHAMBURG1234 IHAMBURG279 IHAMBURG56 IHAMBURG760 IHAMBURG1548 IHAMBURG2008 IHAMBURG1266 IHAMBURG404 IHAMBURG2031 IHAMBURG64 IHAMBURG628 IHAMBURG1360 ISEEVETA74 IHAMBURG183 IHAMBURG1214 IHAMBURG1188 IHAMBURG52 IHAMBURG190 IHAMBURG2081 IHAMBURG1282 IHAMBURG268 IHHKIRCH2 IHAMBURG1411 IHAMBURG2034 IHAMBURG1498 IHAMBURG262 IHAMBURG2042 IHAMBURG119 IHAMBURG1268 IHAMBURG1379 IHAMBURG772 IHAMBURG218 IHAMBURG1516 IBARSBTT19 IHAMBURG47 IHAMBURG1212 IHAMBURG1845 IHAMBURG1819 IHAMBURG1783 IHAMBURG403 IHAMBURG955 IHHHOHEN2 IHAMBURG1086 ISEEVETA49 IHAMBURG1655 IHAMBURG251 IHAMBURG1174 IHAMBURG1711 IHAMBURG1302 IHAMBURG260 IHAMBURG1142 IHAMBURG274 IHAMBURG778 IHAMBURG146 IHHWELLI2 IHAMBURG205 IHAMBURG41 IHAMBURG256 IHAMBURG233 IHAMBURG1962 IHAMBURG81 IHAMBURG1526 IHAMBURG289 IHAMBURG1681 IHAMBURG195 IHAMBURG787 IHAMBURG1977 IHAMBURG1631 ISCHENEF11 INORDERS21 IHAMBURG1342 IHAMBURG431 IHAMBURG803 IHAMBURG674 IHAMBURG1308 IHAMBURG269 IBNNINGS3 IHAMBURG242 IHAMBURG1176 IHAMBURG230 IHAMBURG1823 IHAMBURG277 IHAMBURG1990 IHAMBURG887 IHAMBURG715 IHAMBURG142 IHAMBURG880 IHAMBURG1841 IHAMBURG1910 IHAMBURG1300 IHAMBURG957 IHAMBURG1054 IHAMBURG723 IHAMBURG2026 IHAMBURG487 IHAMBURG1076 IHAMBURG1635 IHAMBURG2000 IHAMBURG1216 IHAMBURG1785 IHAMBURG832 IHAMBURG2075 IHAMBURG1180 IHAMBURG2025 IHAMBURG452 IHAMBURG1254 IHAMBURG1586 ISANKTUR5 IHAMBURG1932 IBARSBTT22 IHAMBURG1064 IHAMBURG406 IHHWINTE2 IHAMBURG630 IHAMBURG1368 IHAMBURG1470 IHAMBURG1799 IHAMBURG1144 IHHHAMBU3 IHAMBURG1620 IHHHELLB2 IHAMBURG53 IHAMBURG1797 IHAMBURG465 IHAMBURG93 IHAMBURG57 IHAMBURG42 IHAMBURG1184 IHAMBURG333 IHAMBURG1256 IHAMBURG664 IHAMBURG1759 IHAMBURG598 IHAMBURG108 IHAMBURG1464 IHHLOKST3 IHAMBURG1134 IHAMBURG1933 IHHCURSL2 IHAMBURG1421 IHHGRUEN2 IHAMBURG189 IHHHAMBU5 IHAMBURG2085 IHAMBURG1922 IHAMBURG162 IHAMBURG1950 IHAMBURG285 IHAMBURG654 IHAMBURG1374 IHAMBURG175 IHAMBURG1314 IHAMBURG1918 IHAMBURG460 IHAMBURG1152 IWENTORF21 IHHHOHEN3 IHAMBURG863 IHAMBURG68 IHHEIDEL3 IHAMBURG1697 IHAMBURG938 IHAMBURG1600 IHHHAMBU4 IHAMBURG1789 IHHHARBU2 IHAMBURG1771 IHAMBURG1370 IHAMBURG229 IHAMBURG98 IHAMBURG610 IHAMBURG971 IHAMBURG1208 IHAMBURG976 IHHSTEIL2 IHAMBURG1154 IHAMBURG341 IHHHINSC4 IHAMBURG1036 IHAMBURG1832 IHAMBURG1326 IHHKLEIN2 IHAMBURG138 IHAMBURG158 IHAMBURG286 IHAMBURG204 IHAMBURG1082 IHAMBURG1675 IHAMBURG768 IHAMBURG1316 IHHEIDEL4 IHAMBURG1809 IHAMBURG83 IHAMBURG110 IHAMBURG632 IHAMBURG1236 IHAMBURG1860 IHHSCHNE3 IHAMBURG1204 IHAMBURG1952 IHAMBURG340 IHAMBURG1336 IHAMBURG1056 IHAMBURG1811 IHAMBURG46 IHAMBURG352 IHAMBURG99 IHAMBURG136 IHAMBURG1068 IHAMBURG1755 IHAMBURG1028 IHAMBURG471 IHHLURUP2 IHAMBURG638 IHAMBURG1350 IHAMBURG1002 IHAMBURG1967 IHAMBURG215 IHHLOHBR3 IHAMBURG963 IHAMBURG114 IHHGROSS2 IHHNEUGR2 IHAMBURG290 IHHEISSE2 IHAMBURG69 IHHLANGE3 IHAMBURG2017 IHAMBURG1292 IHAMBURG1508 IHAMBURG537 IHAMBURG1920 IHAMBURG1114 IHAMBURG1976 IHAMBURG450 IHAMBURG267 IHAMBURG166 IHAMBURG1044 IHAMBURG2076 IHAMBURG180 IHAMBURG998 IHAMBURG1928 IHAMBURG847 IHAMBURG376 IHAMBURG1512 IHAMBURG92 IHAMBURG600 IHAMBURG1880 IHAMBURG2011 IHAMBURG50
2017-08-21 06:25:07,797 INFO min_all     4.897 n=8783
2017-08-21 06:25:07,797 INFO min_cn5     1.174 n=8783
2017-08-21 06:25:07,798 INFO idw_p3_dt   1.824 n=8722
2017-08-21 06:25:07,798 INFO idw_p1_cn5  1.775 n=8783
2017-08-21 06:25:07,798 INFO idw_p3_cn5  1.769 n=8783
2017-08-21 06:25:07,798 INFO idw_p4_cn3  1.791 n=8783
2017-08-21 06:25:07,798 INFO median_cn3  1.895 n=8783
2017-08-21 06:25:07,798 INFO eddh        0.749 n=8768
2017-08-21 06:25:07,798 INFO idw_p2_all  1.834 n=8783
2017-08-21 06:25:07,798 INFO median_cn5  1.561 n=8783
2017-08-21 06:25:07,798 INFO mean_cn5    1.791 n=8783
2017-08-21 06:25:07,798 INFO nn          2.001 n=8783
2017-08-21 06:25:07,798 INFO idw_p3_all  1.800 n=8783
2017-08-21 06:25:07,799 INFO max_cn3     2.417 n=8783
2017-08-21 06:25:07,799 INFO mean_cn3    1.737 n=8783
2017-08-21 06:25:07,799 INFO idw_p2_cn3  1.756 n=8783
2017-08-21 06:25:07,799 INFO idw_p1_cn3  1.744 n=8783
2017-08-21 06:25:07,799 INFO mean_all    1.801 n=8783
2017-08-21 06:25:07,799 INFO min_cn3     1.060 n=8783
2017-08-21 06:25:07,799 INFO median_dt   1.602 n=8722
2017-08-21 06:25:07,799 INFO idw_p1_dt   1.779 n=8722
2017-08-21 06:25:07,799 INFO mean_dt     1.779 n=8722
2017-08-21 06:25:07,799 INFO max_dt      2.963 n=8722
2017-08-21 06:25:07,799 INFO max_all     16.224 n=8783
2017-08-21 06:25:07,799 INFO min_dt      1.202 n=8722
2017-08-21 06:25:07,800 INFO idw_p2_cn5  1.766 n=8783
2017-08-21 06:25:07,800 INFO median_all  1.583 n=8783
2017-08-21 06:25:07,800 INFO idw_p4_all  1.789 n=8783
2017-08-21 06:25:07,800 INFO idw_p1_all  1.841 n=8783
2017-08-21 06:25:07,800 INFO idw_p4_dt   1.861 n=8722
2017-08-21 06:25:07,800 INFO idw_p2_dt   1.794 n=8722
2017-08-21 06:25:07,800 INFO max_cn5     3.868 n=8783
2017-08-21 06:25:07,800 INFO idw_p3_cn3  1.773 n=8783
2017-08-21 06:25:07,800 INFO idw_p4_cn5  1.780 n=8783
2017-08-21 06:25:07,800 INFO end method list
2017-08-21 06:25:08,034 INFO interpolate for SWM
2017-08-21 06:25:08,035 INFO currently at 7 out of 10
2017-08-21 06:25:08,035 INFO use IHAMBURG1284 IHAMBURG1614 IHAMBURG1252 IHHSASEL2 IHAMBURG844 IHAMBURG978 IHAMBURG1202 IHORN16 IHAMBURG316 IHAMBURG969 IHAMBURG1864 IHAMBURG1974 IHAMBURG252 IHAMBURG741 IHAMBURG1699 IHAMBURG200 IHAMBURG514 IHAMBURG1476 IHAMBURG237 IHAMBURG497 IHAMBURG216 IHAMBURG1594 IHAMBURG2013 IHAMBURG719 IHAMBURG910 IHHBERGS2 IHHMARIE2 IHAMBURG731 IHHSCHNE2 IHAMBURG626 IHAMBURG927 IHAMBURG640 IHAMBURG1622 IHAMBURG1916 IHAMBURG169 IHHROTHE2 IHAMBURG2002 IHAMBURG620 IHAMBURG373 IHAMBURG329 IHAMBURG456 IHAMBURG1843 IHAMBURG441 IHAMBURG1244 IHAMBURG2029 IHHTREUD3 IHAMBURG1230 IHAMBURG2043 IHAMBURG1428 IHAMBURG1661 IHAMBURG540 IHHMEIEN2 IHAMBURG1709 IHAMBURG398 IHAMBURG1735 IHAMBURG90 ILBHOOPT2 IHAMBURG239 IHAMBURG789 IHAMBURG1270 IWEDEL8 IHAMBURG1391 IHAMBURG1186 IHAMBURG824 IHAMBURG684 IHAMBURG1492 IHAMBURG2009 IHAMBURG336 IHAMBURG250 IHAMBURG646 IHAMBURG222 IHAMBURG342 IHAMBURG199 IHHALSTE2 IHAMBURG184 IHAMBURG2018 IHAMBURG118 IHAMBURG1484 IHAMBURG594 IHAMBURG32 IHAMBURG152 IHAMBURG132 IHAMBURG711 IHAMBURG1791 IHAMBURG1691 IHAMBURG44 IHAMBURG1098 IHAMBURG737 IHAMBURG867 IHAMBURG280 IHAMBURG1118 IHAMBURG1753 IHAMBURG84 IHAMBURG61 IHAMBURG155 IHAMBURG1953 IHAMBURG475 IHHHINSC3 IHAMBURG308 IHAMBURG113 IHAMBURG1628 IHAMBURG60 IHHNIEND2 IHAMBURG1058 IHAMBURG797 ILBROSEN2 IHAMBURG1182 IHAMBURG219 IHAMBURG164 ILBALVES2 IHAMBURG2041 IHAMBURG417 IHAMBURG34 IHAMBURG1372 IHAMBURG1462 IHAMBURG604 IHAMBURG709 IHAMBURG315 IHAMBURG123 IHAMBURG1837 IHHFARMS3 IHAMBURG276 IHAMBURG292 IHAMBURG914 IHAMBURG1156 IHAMBURG1015 IHAMBURG499 IHAMBURG1890 IHAMBURG2088 IHAMBURG405 IHAMBURG258 IHAMBURG1102 IHAMBURG1787 IHAMBURG1008 IHAMBURG439 IHAMBURG1084 IHAMBURG326 IHAMBURG1815 IOSTSTEI3 IHHOTTEN2 IHAMBURG1108 IHAMBURG1298 IHAMBURG1248 IHHFUHLS2 IHAMBURG1172 IHAMBURG163 IHAMBURG335 IHHWANDS2 IHAMBURG592 IHAMBURG1502 IHAMBURG1805 IHAMBURG1679 IHAMBURG1629 IHAMBURG254 IHAMBURG1494 IHAMBURG423 IHAMBURG1427 IHAMBURG446 IHAMBURG1074 IHAMBURG2045 IHAMBURG2048 IHAMBURG1436 IHAMBURG1377 IHHEINLA2 IHAMBURG214 IHAMBURG291 IHAMBURG1779 IHAMBURG1332 IHAMBURG410 IHAMBURG367 IHAMBURG2004 IHHMARIE4 IHAMBURG1930 IHAMBURG1136 IHAMBURG951 IHAMBURG1995 IHAMBURG1192 IHAMBURG567 IHAMBURG1200 IHAMBURG412 IHAMBURG988 IHAMBURG662 IHAMBURG2030 IHAMBURG508 IHAMBURG515 IHAMBURG80 INORDERS72 IHAMBURG20 IHAMBURG1540 IHAMBURG1110 IHAMBURG153 IHAMBURG1264 IHHWILHE2 IHAMBURG1234 IHAMBURG279 IHAMBURG56 IHAMBURG760 IHAMBURG1548 IHAMBURG2008 IHAMBURG1266 IHAMBURG404 IHAMBURG2031 IHAMBURG64 IHAMBURG628 IHAMBURG1360 ISEEVETA74 IHAMBURG183 IHAMBURG1214 IHAMBURG1188 IHAMBURG52 IHAMBURG190 IHAMBURG2081 IHAMBURG1282 IHAMBURG268 IHHKIRCH2 IHAMBURG1411 IHAMBURG2034 IHAMBURG1498 IHAMBURG262 IHAMBURG2042 IHAMBURG119 IHAMBURG1268 IHAMBURG1379 IHAMBURG772 IHAMBURG218 IHAMBURG1516 IBARSBTT19 IHAMBURG47 IHAMBURG1212 IHAMBURG1845 IHAMBURG1819 IHAMBURG1783 IHAMBURG403 IHAMBURG955 IHHHOHEN2 IHAMBURG1086 ISEEVETA49 IHAMBURG1655 IHAMBURG251 IHAMBURG1174 IHAMBURG1711 IHAMBURG1302 IHAMBURG260 IHAMBURG1142 IHAMBURG274 IHAMBURG778 IHAMBURG146 IHHWELLI2 IHAMBURG205 IHAMBURG41 IHAMBURG256 IHAMBURG233 IHAMBURG1962 IHAMBURG81 IHAMBURG1526 IHAMBURG289 IHAMBURG1681 IHAMBURG195 IHAMBURG787 IHAMBURG1977 IHAMBURG1631 ISCHENEF11 INORDERS21 IHAMBURG1342 IHAMBURG431 IHAMBURG803 IHAMBURG674 IHAMBURG1308 IHAMBURG269 IBNNINGS3 IHAMBURG242 IHAMBURG1176 IHAMBURG230 IHAMBURG1823 IHAMBURG277 IHAMBURG1990 IHAMBURG887 IHAMBURG715 IHAMBURG142 IHAMBURG880 IHAMBURG1841 IHAMBURG1910 IHAMBURG1300 IHAMBURG957 IHAMBURG1054 IHAMBURG723 IHAMBURG2026 IHAMBURG487 IHAMBURG1076 IHAMBURG1635 IHAMBURG2000 IHAMBURG1216 IHAMBURG1785 IHAMBURG832 IHAMBURG2075 IHAMBURG1180 IHAMBURG2025 IHAMBURG452 IHAMBURG1254 IHAMBURG1586 ISANKTUR5 IHAMBURG1932 IBARSBTT22 IHAMBURG1064 IHAMBURG406 IHHWINTE2 IHAMBURG630 IHAMBURG1368 IHAMBURG1470 IHAMBURG1799 IHAMBURG1144 IHHHAMBU3 IHAMBURG1620 IHHHELLB2 IHAMBURG53 IHAMBURG1797 IHAMBURG465 IHAMBURG93 IHAMBURG57 IHAMBURG42 IHAMBURG1184 IHAMBURG333 IHAMBURG1256 IHAMBURG664 IHAMBURG1759 IHAMBURG598 IHAMBURG108 IHAMBURG1464 IHHLOKST3 IHAMBURG1134 IHAMBURG1933 IHHCURSL2 IHAMBURG1421 IHHGRUEN2 IHAMBURG189 IHHHAMBU5 IHAMBURG2085 IHAMBURG1922 IHAMBURG162 IHAMBURG1950 IHAMBURG285 IHAMBURG654 IHAMBURG1374 IHAMBURG175 IHAMBURG1314 IHAMBURG1918 IHAMBURG460 IHAMBURG1152 IWENTORF21 IHHHOHEN3 IHAMBURG863 IHAMBURG68 IHHEIDEL3 IHAMBURG1697 IHAMBURG938 IHAMBURG1600 IHHHAMBU4 IHAMBURG1789 IHHHARBU2 IHAMBURG1771 IHAMBURG1370 IHAMBURG229 IHAMBURG98 IHAMBURG610 IHAMBURG971 IHAMBURG1208 IHAMBURG976 IHHSTEIL2 IHAMBURG1154 IHAMBURG341 IHHHINSC4 IHAMBURG1036 IHAMBURG1832 IHAMBURG1326 IHHKLEIN2 IHAMBURG138 IHAMBURG158 IHAMBURG286 IHAMBURG204 IHAMBURG1082 IHAMBURG1675 IHAMBURG768 IHAMBURG1316 IHHEIDEL4 IHAMBURG1809 IHAMBURG83 IHAMBURG110 IHAMBURG632 IHAMBURG1236 IHAMBURG1860 IHHSCHNE3 IHAMBURG1204 IHAMBURG1952 IHAMBURG340 IHAMBURG1336 IHAMBURG1056 IHAMBURG1811 IHAMBURG46 IHAMBURG352 IHAMBURG99 IHAMBURG136 IHAMBURG1068 IHAMBURG1755 IHAMBURG1028 IHAMBURG471 IHHLURUP2 IHAMBURG638 IHAMBURG1350 IHAMBURG1002 IHAMBURG1967 IHAMBURG215 IHHLOHBR3 IHAMBURG963 IHAMBURG114 IHHGROSS2 IHHNEUGR2 IHAMBURG290 IHHEISSE2 IHAMBURG69 IHHLANGE3 IHAMBURG2017 IHAMBURG1292 IHAMBURG1508 IHAMBURG537 IHAMBURG1920 IHAMBURG1114 IHAMBURG1976 IHAMBURG450 IHAMBURG267 IHAMBURG166 IHAMBURG1044 IHAMBURG2076 IHAMBURG180 IHAMBURG998 IHAMBURG1928 IHAMBURG847 IHAMBURG376 IHAMBURG1512 IHAMBURG92 IHAMBURG600 IHAMBURG1880 IHAMBURG2011 IHAMBURG50
2017-08-21 06:50:13,866 INFO min_all     4.981 n=8699
2017-08-21 06:50:13,867 INFO min_cn5     0.953 n=8699
2017-08-21 06:50:13,867 INFO idw_p3_dt   1.754 n=8639
2017-08-21 06:50:13,867 INFO idw_p1_cn5  1.583 n=8699
2017-08-21 06:50:13,867 INFO idw_p3_cn5  1.708 n=8699
2017-08-21 06:50:13,868 INFO idw_p4_cn3  1.769 n=8699
2017-08-21 06:50:13,868 INFO median_cn3  1.375 n=8699
2017-08-21 06:50:13,868 INFO eddh        0.659 n=8690
2017-08-21 06:50:13,868 INFO idw_p2_all  1.611 n=8699
2017-08-21 06:50:13,868 INFO median_cn5  1.284 n=8699
2017-08-21 06:50:13,868 INFO mean_cn5    1.547 n=8699
2017-08-21 06:50:13,868 INFO nn          1.847 n=8699
2017-08-21 06:50:13,868 INFO idw_p3_all  1.669 n=8699
2017-08-21 06:50:13,868 INFO max_cn3     3.386 n=8699
2017-08-21 06:50:13,868 INFO mean_cn3    1.712 n=8699
2017-08-21 06:50:13,868 INFO idw_p2_cn3  1.686 n=8699
2017-08-21 06:50:13,869 INFO idw_p1_cn3  1.669 n=8699
2017-08-21 06:50:13,869 INFO mean_all    1.547 n=8699
2017-08-21 06:50:13,869 INFO min_cn3     1.027 n=8699
2017-08-21 06:50:13,869 INFO median_dt   1.310 n=8639
2017-08-21 06:50:13,869 INFO idw_p1_dt   1.589 n=8639
2017-08-21 06:50:13,869 INFO mean_dt     1.515 n=8639
2017-08-21 06:50:13,869 INFO max_dt      2.776 n=8639
2017-08-21 06:50:13,869 INFO max_all     16.086 n=8699
2017-08-21 06:50:13,869 INFO min_dt      0.991 n=8639
2017-08-21 06:50:13,869 INFO idw_p2_cn5  1.641 n=8699
2017-08-21 06:50:13,869 INFO median_all  1.303 n=8699
2017-08-21 06:50:13,869 INFO idw_p4_all  1.741 n=8699
2017-08-21 06:50:13,870 INFO idw_p1_all  1.585 n=8699
2017-08-21 06:50:13,870 INFO idw_p4_dt   1.794 n=8639
2017-08-21 06:50:13,870 INFO idw_p2_dt   1.683 n=8639
2017-08-21 06:50:13,870 INFO max_cn5     3.903 n=8699
2017-08-21 06:50:13,870 INFO idw_p3_cn3  1.732 n=8699
2017-08-21 06:50:13,870 INFO idw_p4_cn5  1.757 n=8699
2017-08-21 06:50:13,870 INFO end method list
2017-08-21 06:50:14,105 INFO interpolate for WGM
2017-08-21 06:50:14,105 INFO currently at 8 out of 10
2017-08-21 06:50:14,106 INFO use IHAMBURG1284 IHAMBURG1614 IHAMBURG1252 IHHSASEL2 IHAMBURG844 IHAMBURG978 IHAMBURG1202 IHORN16 IHAMBURG316 IHAMBURG969 IHAMBURG1864 IHAMBURG1974 IHAMBURG252 IHAMBURG741 IHAMBURG1699 IHAMBURG200 IHAMBURG514 IHAMBURG1476 IHAMBURG237 IHAMBURG497 IHAMBURG216 IHAMBURG1594 IHAMBURG2013 IHAMBURG719 IHAMBURG910 IHHBERGS2 IHHMARIE2 IHAMBURG731 IHHSCHNE2 IHAMBURG626 IHAMBURG927 IHAMBURG640 IHAMBURG1622 IHAMBURG1916 IHAMBURG169 IHHROTHE2 IHAMBURG2002 IHAMBURG620 IHAMBURG373 IHAMBURG329 IHAMBURG456 IHAMBURG1843 IHAMBURG441 IHAMBURG1244 IHAMBURG2029 IHHTREUD3 IHAMBURG1230 IHAMBURG2043 IHAMBURG1428 IHAMBURG1661 IHAMBURG540 IHHMEIEN2 IHAMBURG1709 IHAMBURG398 IHAMBURG1735 IHAMBURG90 ILBHOOPT2 IHAMBURG239 IHAMBURG789 IHAMBURG1270 IWEDEL8 IHAMBURG1391 IHAMBURG1186 IHAMBURG824 IHAMBURG684 IHAMBURG1492 IHAMBURG2009 IHAMBURG336 IHAMBURG250 IHAMBURG646 IHAMBURG222 IHAMBURG342 IHAMBURG199 IHHALSTE2 IHAMBURG184 IHAMBURG2018 IHAMBURG118 IHAMBURG1484 IHAMBURG594 IHAMBURG32 IHAMBURG152 IHAMBURG132 IHAMBURG711 IHAMBURG1791 IHAMBURG1691 IHAMBURG44 IHAMBURG1098 IHAMBURG737 IHAMBURG867 IHAMBURG280 IHAMBURG1118 IHAMBURG1753 IHAMBURG84 IHAMBURG61 IHAMBURG155 IHAMBURG1953 IHAMBURG475 IHHHINSC3 IHAMBURG308 IHAMBURG113 IHAMBURG1628 IHAMBURG60 IHHNIEND2 IHAMBURG1058 IHAMBURG797 ILBROSEN2 IHAMBURG1182 IHAMBURG219 IHAMBURG164 ILBALVES2 IHAMBURG2041 IHAMBURG417 IHAMBURG34 IHAMBURG1372 IHAMBURG1462 IHAMBURG604 IHAMBURG709 IHAMBURG315 IHAMBURG123 IHAMBURG1837 IHHFARMS3 IHAMBURG276 IHAMBURG292 IHAMBURG914 IHAMBURG1156 IHAMBURG1015 IHAMBURG499 IHAMBURG1890 IHAMBURG2088 IHAMBURG405 IHAMBURG258 IHAMBURG1102 IHAMBURG1787 IHAMBURG1008 IHAMBURG439 IHAMBURG1084 IHAMBURG326 IHAMBURG1815 IOSTSTEI3 IHHOTTEN2 IHAMBURG1108 IHAMBURG1298 IHAMBURG1248 IHHFUHLS2 IHAMBURG1172 IHAMBURG163 IHAMBURG335 IHHWANDS2 IHAMBURG592 IHAMBURG1502 IHAMBURG1805 IHAMBURG1679 IHAMBURG1629 IHAMBURG254 IHAMBURG1494 IHAMBURG423 IHAMBURG1427 IHAMBURG446 IHAMBURG1074 IHAMBURG2045 IHAMBURG2048 IHAMBURG1436 IHAMBURG1377 IHHEINLA2 IHAMBURG214 IHAMBURG291 IHAMBURG1779 IHAMBURG1332 IHAMBURG410 IHAMBURG367 IHAMBURG2004 IHHMARIE4 IHAMBURG1930 IHAMBURG1136 IHAMBURG951 IHAMBURG1995 IHAMBURG1192 IHAMBURG567 IHAMBURG1200 IHAMBURG412 IHAMBURG988 IHAMBURG662 IHAMBURG2030 IHAMBURG508 IHAMBURG515 IHAMBURG80 INORDERS72 IHAMBURG20 IHAMBURG1540 IHAMBURG1110 IHAMBURG153 IHAMBURG1264 IHHWILHE2 IHAMBURG1234 IHAMBURG279 IHAMBURG56 IHAMBURG760 IHAMBURG1548 IHAMBURG2008 IHAMBURG1266 IHAMBURG404 IHAMBURG2031 IHAMBURG64 IHAMBURG628 IHAMBURG1360 ISEEVETA74 IHAMBURG183 IHAMBURG1214 IHAMBURG1188 IHAMBURG52 IHAMBURG190 IHAMBURG2081 IHAMBURG1282 IHAMBURG268 IHHKIRCH2 IHAMBURG1411 IHAMBURG2034 IHAMBURG1498 IHAMBURG262 IHAMBURG2042 IHAMBURG119 IHAMBURG1268 IHAMBURG1379 IHAMBURG772 IHAMBURG218 IHAMBURG1516 IBARSBTT19 IHAMBURG47 IHAMBURG1212 IHAMBURG1845 IHAMBURG1819 IHAMBURG1783 IHAMBURG403 IHAMBURG955 IHHHOHEN2 IHAMBURG1086 ISEEVETA49 IHAMBURG1655 IHAMBURG251 IHAMBURG1174 IHAMBURG1711 IHAMBURG1302 IHAMBURG260 IHAMBURG1142 IHAMBURG274 IHAMBURG778 IHAMBURG146 IHHWELLI2 IHAMBURG205 IHAMBURG41 IHAMBURG256 IHAMBURG233 IHAMBURG1962 IHAMBURG81 IHAMBURG1526 IHAMBURG289 IHAMBURG1681 IHAMBURG195 IHAMBURG787 IHAMBURG1977 IHAMBURG1631 ISCHENEF11 INORDERS21 IHAMBURG1342 IHAMBURG431 IHAMBURG803 IHAMBURG674 IHAMBURG1308 IHAMBURG269 IBNNINGS3 IHAMBURG242 IHAMBURG1176 IHAMBURG230 IHAMBURG1823 IHAMBURG277 IHAMBURG1990 IHAMBURG887 IHAMBURG715 IHAMBURG142 IHAMBURG880 IHAMBURG1841 IHAMBURG1910 IHAMBURG1300 IHAMBURG957 IHAMBURG1054 IHAMBURG723 IHAMBURG2026 IHAMBURG487 IHAMBURG1076 IHAMBURG1635 IHAMBURG2000 IHAMBURG1216 IHAMBURG1785 IHAMBURG832 IHAMBURG2075 IHAMBURG1180 IHAMBURG2025 IHAMBURG452 IHAMBURG1254 IHAMBURG1586 ISANKTUR5 IHAMBURG1932 IBARSBTT22 IHAMBURG1064 IHAMBURG406 IHHWINTE2 IHAMBURG630 IHAMBURG1368 IHAMBURG1470 IHAMBURG1799 IHAMBURG1144 IHHHAMBU3 IHAMBURG1620 IHHHELLB2 IHAMBURG53 IHAMBURG1797 IHAMBURG465 IHAMBURG93 IHAMBURG57 IHAMBURG42 IHAMBURG1184 IHAMBURG333 IHAMBURG1256 IHAMBURG664 IHAMBURG1759 IHAMBURG598 IHAMBURG108 IHAMBURG1464 IHHLOKST3 IHAMBURG1134 IHAMBURG1933 IHHCURSL2 IHAMBURG1421 IHHGRUEN2 IHAMBURG189 IHHHAMBU5 IHAMBURG2085 IHAMBURG1922 IHAMBURG162 IHAMBURG1950 IHAMBURG285 IHAMBURG654 IHAMBURG1374 IHAMBURG175 IHAMBURG1314 IHAMBURG1918 IHAMBURG460 IHAMBURG1152 IWENTORF21 IHHHOHEN3 IHAMBURG863 IHAMBURG68 IHHEIDEL3 IHAMBURG1697 IHAMBURG938 IHAMBURG1600 IHHHAMBU4 IHAMBURG1789 IHHHARBU2 IHAMBURG1771 IHAMBURG1370 IHAMBURG229 IHAMBURG98 IHAMBURG610 IHAMBURG971 IHAMBURG1208 IHAMBURG976 IHHSTEIL2 IHAMBURG1154 IHAMBURG341 IHHHINSC4 IHAMBURG1036 IHAMBURG1832 IHAMBURG1326 IHHKLEIN2 IHAMBURG138 IHAMBURG158 IHAMBURG286 IHAMBURG204 IHAMBURG1082 IHAMBURG1675 IHAMBURG768 IHAMBURG1316 IHHEIDEL4 IHAMBURG1809 IHAMBURG83 IHAMBURG110 IHAMBURG632 IHAMBURG1236 IHAMBURG1860 IHHSCHNE3 IHAMBURG1204 IHAMBURG1952 IHAMBURG340 IHAMBURG1336 IHAMBURG1056 IHAMBURG1811 IHAMBURG46 IHAMBURG352 IHAMBURG99 IHAMBURG136 IHAMBURG1068 IHAMBURG1755 IHAMBURG1028 IHAMBURG471 IHHLURUP2 IHAMBURG638 IHAMBURG1350 IHAMBURG1002 IHAMBURG1967 IHAMBURG215 IHHLOHBR3 IHAMBURG963 IHAMBURG114 IHHGROSS2 IHHNEUGR2 IHAMBURG290 IHHEISSE2 IHAMBURG69 IHHLANGE3 IHAMBURG2017 IHAMBURG1292 IHAMBURG1508 IHAMBURG537 IHAMBURG1920 IHAMBURG1114 IHAMBURG1976 IHAMBURG450 IHAMBURG267 IHAMBURG166 IHAMBURG1044 IHAMBURG2076 IHAMBURG180 IHAMBURG998 IHAMBURG1928 IHAMBURG847 IHAMBURG376 IHAMBURG1512 IHAMBURG92 IHAMBURG600 IHAMBURG1880 IHAMBURG2011 IHAMBURG50
2017-08-21 07:15:20,259 INFO min_all     5.124 n=8760
2017-08-21 07:15:20,260 INFO min_cn5     0.798 n=8760
2017-08-21 07:15:20,260 INFO idw_p3_dt   1.700 n=8686
2017-08-21 07:15:20,261 INFO idw_p1_cn5  1.772 n=8760
2017-08-21 07:15:20,261 INFO idw_p3_cn5  1.684 n=8760
2017-08-21 07:15:20,261 INFO idw_p4_cn3  1.710 n=8760
2017-08-21 07:15:20,261 INFO median_cn3  1.681 n=8760
2017-08-21 07:15:20,261 INFO eddh        0.894 n=8748
2017-08-21 07:15:20,261 INFO idw_p2_all  1.656 n=8760
2017-08-21 07:15:20,261 INFO median_cn5  1.612 n=8760
2017-08-21 07:15:20,261 INFO mean_cn5    1.922 n=8760
2017-08-21 07:15:20,261 INFO nn          1.789 n=8760
2017-08-21 07:15:20,261 INFO idw_p3_all  1.689 n=8760
2017-08-21 07:15:20,261 INFO max_cn3     2.694 n=8760
2017-08-21 07:15:20,262 INFO mean_cn3    1.656 n=8760
2017-08-21 07:15:20,262 INFO idw_p2_cn3  1.634 n=8760
2017-08-21 07:15:20,262 INFO idw_p1_cn3  1.618 n=8760
2017-08-21 07:15:20,262 INFO mean_all    1.462 n=8760
2017-08-21 07:15:20,262 INFO min_cn3     0.995 n=8760
2017-08-21 07:15:20,262 INFO median_dt   1.467 n=8686
2017-08-21 07:15:20,262 INFO idw_p1_dt   1.515 n=8686
2017-08-21 07:15:20,262 INFO mean_dt     1.437 n=8686
2017-08-21 07:15:20,262 INFO max_dt      2.528 n=8686
2017-08-21 07:15:20,262 INFO max_all     15.880 n=8760
2017-08-21 07:15:20,262 INFO min_dt      0.897 n=8686
2017-08-21 07:15:20,262 INFO idw_p2_cn5  1.689 n=8760
2017-08-21 07:15:20,263 INFO median_all  1.245 n=8760
2017-08-21 07:15:20,263 INFO idw_p4_all  1.724 n=8760
2017-08-21 07:15:20,263 INFO idw_p1_all  1.572 n=8760
2017-08-21 07:15:20,263 INFO idw_p4_dt   1.735 n=8686
2017-08-21 07:15:20,263 INFO idw_p2_dt   1.628 n=8686
2017-08-21 07:15:20,263 INFO max_cn5     5.117 n=8760
2017-08-21 07:15:20,263 INFO idw_p3_cn3  1.673 n=8760
2017-08-21 07:15:20,263 INFO idw_p4_cn5  1.710 n=8760
2017-08-21 07:15:20,263 INFO end method list
2017-08-21 07:15:20,495 INFO interpolate for WWM
2017-08-21 07:15:20,496 INFO currently at 9 out of 10
2017-08-21 07:15:20,496 INFO use IHAMBURG1284 IHAMBURG1614 IHAMBURG1252 IHHSASEL2 IHAMBURG844 IHAMBURG978 IHAMBURG1202 IHORN16 IHAMBURG316 IHAMBURG969 IHAMBURG1864 IHAMBURG1974 IHAMBURG252 IHAMBURG741 IHAMBURG1699 IHAMBURG200 IHAMBURG514 IHAMBURG1476 IHAMBURG237 IHAMBURG497 IHAMBURG216 IHAMBURG1594 IHAMBURG2013 IHAMBURG719 IHAMBURG910 IHHBERGS2 IHHMARIE2 IHAMBURG731 IHHSCHNE2 IHAMBURG626 IHAMBURG927 IHAMBURG640 IHAMBURG1622 IHAMBURG1916 IHAMBURG169 IHHROTHE2 IHAMBURG2002 IHAMBURG620 IHAMBURG373 IHAMBURG329 IHAMBURG456 IHAMBURG1843 IHAMBURG441 IHAMBURG1244 IHAMBURG2029 IHHTREUD3 IHAMBURG1230 IHAMBURG2043 IHAMBURG1428 IHAMBURG1661 IHAMBURG540 IHHMEIEN2 IHAMBURG1709 IHAMBURG398 IHAMBURG1735 IHAMBURG90 ILBHOOPT2 IHAMBURG239 IHAMBURG789 IHAMBURG1270 IWEDEL8 IHAMBURG1391 IHAMBURG1186 IHAMBURG824 IHAMBURG684 IHAMBURG1492 IHAMBURG2009 IHAMBURG336 IHAMBURG250 IHAMBURG646 IHAMBURG222 IHAMBURG342 IHAMBURG199 IHHALSTE2 IHAMBURG184 IHAMBURG2018 IHAMBURG118 IHAMBURG1484 IHAMBURG594 IHAMBURG32 IHAMBURG152 IHAMBURG132 IHAMBURG711 IHAMBURG1791 IHAMBURG1691 IHAMBURG44 IHAMBURG1098 IHAMBURG737 IHAMBURG867 IHAMBURG280 IHAMBURG1118 IHAMBURG1753 IHAMBURG84 IHAMBURG61 IHAMBURG155 IHAMBURG1953 IHAMBURG475 IHHHINSC3 IHAMBURG308 IHAMBURG113 IHAMBURG1628 IHAMBURG60 IHHNIEND2 IHAMBURG1058 IHAMBURG797 ILBROSEN2 IHAMBURG1182 IHAMBURG219 IHAMBURG164 ILBALVES2 IHAMBURG2041 IHAMBURG417 IHAMBURG34 IHAMBURG1372 IHAMBURG1462 IHAMBURG604 IHAMBURG709 IHAMBURG315 IHAMBURG123 IHAMBURG1837 IHHFARMS3 IHAMBURG276 IHAMBURG292 IHAMBURG914 IHAMBURG1156 IHAMBURG1015 IHAMBURG499 IHAMBURG1890 IHAMBURG2088 IHAMBURG405 IHAMBURG258 IHAMBURG1102 IHAMBURG1787 IHAMBURG1008 IHAMBURG439 IHAMBURG1084 IHAMBURG326 IHAMBURG1815 IOSTSTEI3 IHHOTTEN2 IHAMBURG1108 IHAMBURG1298 IHAMBURG1248 IHHFUHLS2 IHAMBURG1172 IHAMBURG163 IHAMBURG335 IHHWANDS2 IHAMBURG592 IHAMBURG1502 IHAMBURG1805 IHAMBURG1679 IHAMBURG1629 IHAMBURG254 IHAMBURG1494 IHAMBURG423 IHAMBURG1427 IHAMBURG446 IHAMBURG1074 IHAMBURG2045 IHAMBURG2048 IHAMBURG1436 IHAMBURG1377 IHHEINLA2 IHAMBURG214 IHAMBURG291 IHAMBURG1779 IHAMBURG1332 IHAMBURG410 IHAMBURG367 IHAMBURG2004 IHHMARIE4 IHAMBURG1930 IHAMBURG1136 IHAMBURG951 IHAMBURG1995 IHAMBURG1192 IHAMBURG567 IHAMBURG1200 IHAMBURG412 IHAMBURG988 IHAMBURG662 IHAMBURG2030 IHAMBURG508 IHAMBURG515 IHAMBURG80 INORDERS72 IHAMBURG20 IHAMBURG1540 IHAMBURG1110 IHAMBURG153 IHAMBURG1264 IHHWILHE2 IHAMBURG1234 IHAMBURG279 IHAMBURG56 IHAMBURG760 IHAMBURG1548 IHAMBURG2008 IHAMBURG1266 IHAMBURG404 IHAMBURG2031 IHAMBURG64 IHAMBURG628 IHAMBURG1360 ISEEVETA74 IHAMBURG183 IHAMBURG1214 IHAMBURG1188 IHAMBURG52 IHAMBURG190 IHAMBURG2081 IHAMBURG1282 IHAMBURG268 IHHKIRCH2 IHAMBURG1411 IHAMBURG2034 IHAMBURG1498 IHAMBURG262 IHAMBURG2042 IHAMBURG119 IHAMBURG1268 IHAMBURG1379 IHAMBURG772 IHAMBURG218 IHAMBURG1516 IBARSBTT19 IHAMBURG47 IHAMBURG1212 IHAMBURG1845 IHAMBURG1819 IHAMBURG1783 IHAMBURG403 IHAMBURG955 IHHHOHEN2 IHAMBURG1086 ISEEVETA49 IHAMBURG1655 IHAMBURG251 IHAMBURG1174 IHAMBURG1711 IHAMBURG1302 IHAMBURG260 IHAMBURG1142 IHAMBURG274 IHAMBURG778 IHAMBURG146 IHHWELLI2 IHAMBURG205 IHAMBURG41 IHAMBURG256 IHAMBURG233 IHAMBURG1962 IHAMBURG81 IHAMBURG1526 IHAMBURG289 IHAMBURG1681 IHAMBURG195 IHAMBURG787 IHAMBURG1977 IHAMBURG1631 ISCHENEF11 INORDERS21 IHAMBURG1342 IHAMBURG431 IHAMBURG803 IHAMBURG674 IHAMBURG1308 IHAMBURG269 IBNNINGS3 IHAMBURG242 IHAMBURG1176 IHAMBURG230 IHAMBURG1823 IHAMBURG277 IHAMBURG1990 IHAMBURG887 IHAMBURG715 IHAMBURG142 IHAMBURG880 IHAMBURG1841 IHAMBURG1910 IHAMBURG1300 IHAMBURG957 IHAMBURG1054 IHAMBURG723 IHAMBURG2026 IHAMBURG487 IHAMBURG1076 IHAMBURG1635 IHAMBURG2000 IHAMBURG1216 IHAMBURG1785 IHAMBURG832 IHAMBURG2075 IHAMBURG1180 IHAMBURG2025 IHAMBURG452 IHAMBURG1254 IHAMBURG1586 ISANKTUR5 IHAMBURG1932 IBARSBTT22 IHAMBURG1064 IHAMBURG406 IHHWINTE2 IHAMBURG630 IHAMBURG1368 IHAMBURG1470 IHAMBURG1799 IHAMBURG1144 IHHHAMBU3 IHAMBURG1620 IHHHELLB2 IHAMBURG53 IHAMBURG1797 IHAMBURG465 IHAMBURG93 IHAMBURG57 IHAMBURG42 IHAMBURG1184 IHAMBURG333 IHAMBURG1256 IHAMBURG664 IHAMBURG1759 IHAMBURG598 IHAMBURG108 IHAMBURG1464 IHHLOKST3 IHAMBURG1134 IHAMBURG1933 IHHCURSL2 IHAMBURG1421 IHHGRUEN2 IHAMBURG189 IHHHAMBU5 IHAMBURG2085 IHAMBURG1922 IHAMBURG162 IHAMBURG1950 IHAMBURG285 IHAMBURG654 IHAMBURG1374 IHAMBURG175 IHAMBURG1314 IHAMBURG1918 IHAMBURG460 IHAMBURG1152 IWENTORF21 IHHHOHEN3 IHAMBURG863 IHAMBURG68 IHHEIDEL3 IHAMBURG1697 IHAMBURG938 IHAMBURG1600 IHHHAMBU4 IHAMBURG1789 IHHHARBU2 IHAMBURG1771 IHAMBURG1370 IHAMBURG229 IHAMBURG98 IHAMBURG610 IHAMBURG971 IHAMBURG1208 IHAMBURG976 IHHSTEIL2 IHAMBURG1154 IHAMBURG341 IHHHINSC4 IHAMBURG1036 IHAMBURG1832 IHAMBURG1326 IHHKLEIN2 IHAMBURG138 IHAMBURG158 IHAMBURG286 IHAMBURG204 IHAMBURG1082 IHAMBURG1675 IHAMBURG768 IHAMBURG1316 IHHEIDEL4 IHAMBURG1809 IHAMBURG83 IHAMBURG110 IHAMBURG632 IHAMBURG1236 IHAMBURG1860 IHHSCHNE3 IHAMBURG1204 IHAMBURG1952 IHAMBURG340 IHAMBURG1336 IHAMBURG1056 IHAMBURG1811 IHAMBURG46 IHAMBURG352 IHAMBURG99 IHAMBURG136 IHAMBURG1068 IHAMBURG1755 IHAMBURG1028 IHAMBURG471 IHHLURUP2 IHAMBURG638 IHAMBURG1350 IHAMBURG1002 IHAMBURG1967 IHAMBURG215 IHHLOHBR3 IHAMBURG963 IHAMBURG114 IHHGROSS2 IHHNEUGR2 IHAMBURG290 IHHEISSE2 IHAMBURG69 IHHLANGE3 IHAMBURG2017 IHAMBURG1292 IHAMBURG1508 IHAMBURG537 IHAMBURG1920 IHAMBURG1114 IHAMBURG1976 IHAMBURG450 IHAMBURG267 IHAMBURG166 IHAMBURG1044 IHAMBURG2076 IHAMBURG180 IHAMBURG998 IHAMBURG1928 IHAMBURG847 IHAMBURG376 IHAMBURG1512 IHAMBURG92 IHAMBURG600 IHAMBURG1880 IHAMBURG2011 IHAMBURG50
2017-08-21 07:40:25,988 INFO min_all     5.079 n=8784
2017-08-21 07:40:25,988 INFO min_cn5     0.935 n=8784
2017-08-21 07:40:25,988 INFO idw_p3_dt   1.718 n=8714
2017-08-21 07:40:25,989 INFO idw_p1_cn5  1.687 n=8784
2017-08-21 07:40:25,989 INFO idw_p3_cn5  1.693 n=8784
2017-08-21 07:40:25,989 INFO idw_p4_cn3  1.716 n=8784
2017-08-21 07:40:25,989 INFO median_cn3  1.537 n=8784
2017-08-21 07:40:25,989 INFO eddh        1.013 n=8775
2017-08-21 07:40:25,989 INFO idw_p2_all  1.555 n=8784
2017-08-21 07:40:25,989 INFO median_cn5  1.703 n=8784
2017-08-21 07:40:25,989 INFO mean_cn5    1.800 n=8784
2017-08-21 07:40:25,989 INFO nn          1.799 n=8784
2017-08-21 07:40:25,989 INFO idw_p3_all  1.659 n=8784
2017-08-21 07:40:25,989 INFO max_cn3     3.110 n=8784
2017-08-21 07:40:25,990 INFO mean_cn3    1.696 n=8784
2017-08-21 07:40:25,990 INFO idw_p2_cn3  1.638 n=8784
2017-08-21 07:40:25,990 INFO idw_p1_cn3  1.616 n=8784
2017-08-21 07:40:25,990 INFO mean_all    1.473 n=8784
2017-08-21 07:40:25,990 INFO min_cn3     0.998 n=8784
2017-08-21 07:40:25,990 INFO median_dt   1.486 n=8714
2017-08-21 07:40:25,990 INFO idw_p1_dt   1.520 n=8714
2017-08-21 07:40:25,990 INFO mean_dt     1.496 n=8714
2017-08-21 07:40:25,990 INFO max_dt      2.768 n=8714
2017-08-21 07:40:25,990 INFO max_all     15.981 n=8784
2017-08-21 07:40:25,990 INFO min_dt      0.843 n=8714
2017-08-21 07:40:25,991 INFO idw_p2_cn5  1.677 n=8784
2017-08-21 07:40:25,991 INFO median_all  1.248 n=8784
2017-08-21 07:40:25,991 INFO idw_p4_all  1.715 n=8784
2017-08-21 07:40:25,991 INFO idw_p1_all  1.558 n=8784
2017-08-21 07:40:25,991 INFO idw_p4_dt   1.761 n=8714
2017-08-21 07:40:25,991 INFO idw_p2_dt   1.635 n=8714
2017-08-21 07:40:25,991 INFO max_cn5     3.594 n=8784
2017-08-21 07:40:25,991 INFO idw_p3_cn3  1.678 n=8784
2017-08-21 07:40:25,991 INFO idw_p4_cn5  1.720 n=8784
2017-08-21 07:40:25,991 INFO end method list
2017-08-21 07:40:26,215 INFO interpolate for ZOM
2017-08-21 07:40:26,216 INFO currently at 10 out of 10
2017-08-21 07:40:26,216 INFO use IHAMBURG1284 IHAMBURG1614 IHAMBURG1252 IHHSASEL2 IHAMBURG844 IHAMBURG978 IHAMBURG1202 IHORN16 IHAMBURG316 IHAMBURG969 IHAMBURG1864 IHAMBURG1974 IHAMBURG252 IHAMBURG741 IHAMBURG1699 IHAMBURG200 IHAMBURG514 IHAMBURG1476 IHAMBURG237 IHAMBURG497 IHAMBURG216 IHAMBURG1594 IHAMBURG2013 IHAMBURG719 IHAMBURG910 IHHBERGS2 IHHMARIE2 IHAMBURG731 IHHSCHNE2 IHAMBURG626 IHAMBURG927 IHAMBURG640 IHAMBURG1622 IHAMBURG1916 IHAMBURG169 IHHROTHE2 IHAMBURG2002 IHAMBURG620 IHAMBURG373 IHAMBURG329 IHAMBURG456 IHAMBURG1843 IHAMBURG441 IHAMBURG1244 IHAMBURG2029 IHHTREUD3 IHAMBURG1230 IHAMBURG2043 IHAMBURG1428 IHAMBURG1661 IHAMBURG540 IHHMEIEN2 IHAMBURG1709 IHAMBURG398 IHAMBURG1735 IHAMBURG90 ILBHOOPT2 IHAMBURG239 IHAMBURG789 IHAMBURG1270 IWEDEL8 IHAMBURG1391 IHAMBURG1186 IHAMBURG824 IHAMBURG684 IHAMBURG1492 IHAMBURG2009 IHAMBURG336 IHAMBURG250 IHAMBURG646 IHAMBURG222 IHAMBURG342 IHAMBURG199 IHHALSTE2 IHAMBURG184 IHAMBURG2018 IHAMBURG118 IHAMBURG1484 IHAMBURG594 IHAMBURG32 IHAMBURG152 IHAMBURG132 IHAMBURG711 IHAMBURG1791 IHAMBURG1691 IHAMBURG44 IHAMBURG1098 IHAMBURG737 IHAMBURG867 IHAMBURG280 IHAMBURG1118 IHAMBURG1753 IHAMBURG84 IHAMBURG61 IHAMBURG155 IHAMBURG1953 IHAMBURG475 IHHHINSC3 IHAMBURG308 IHAMBURG113 IHAMBURG1628 IHAMBURG60 IHHNIEND2 IHAMBURG1058 IHAMBURG797 ILBROSEN2 IHAMBURG1182 IHAMBURG219 IHAMBURG164 ILBALVES2 IHAMBURG2041 IHAMBURG417 IHAMBURG34 IHAMBURG1372 IHAMBURG1462 IHAMBURG604 IHAMBURG709 IHAMBURG315 IHAMBURG123 IHAMBURG1837 IHHFARMS3 IHAMBURG276 IHAMBURG292 IHAMBURG914 IHAMBURG1156 IHAMBURG1015 IHAMBURG499 IHAMBURG1890 IHAMBURG2088 IHAMBURG405 IHAMBURG258 IHAMBURG1102 IHAMBURG1787 IHAMBURG1008 IHAMBURG439 IHAMBURG1084 IHAMBURG326 IHAMBURG1815 IOSTSTEI3 IHHOTTEN2 IHAMBURG1108 IHAMBURG1298 IHAMBURG1248 IHHFUHLS2 IHAMBURG1172 IHAMBURG163 IHAMBURG335 IHHWANDS2 IHAMBURG592 IHAMBURG1502 IHAMBURG1805 IHAMBURG1679 IHAMBURG1629 IHAMBURG254 IHAMBURG1494 IHAMBURG423 IHAMBURG1427 IHAMBURG446 IHAMBURG1074 IHAMBURG2045 IHAMBURG2048 IHAMBURG1436 IHAMBURG1377 IHHEINLA2 IHAMBURG214 IHAMBURG291 IHAMBURG1779 IHAMBURG1332 IHAMBURG410 IHAMBURG367 IHAMBURG2004 IHHMARIE4 IHAMBURG1930 IHAMBURG1136 IHAMBURG951 IHAMBURG1995 IHAMBURG1192 IHAMBURG567 IHAMBURG1200 IHAMBURG412 IHAMBURG988 IHAMBURG662 IHAMBURG2030 IHAMBURG508 IHAMBURG515 IHAMBURG80 INORDERS72 IHAMBURG20 IHAMBURG1540 IHAMBURG1110 IHAMBURG153 IHAMBURG1264 IHHWILHE2 IHAMBURG1234 IHAMBURG279 IHAMBURG56 IHAMBURG760 IHAMBURG1548 IHAMBURG2008 IHAMBURG1266 IHAMBURG404 IHAMBURG2031 IHAMBURG64 IHAMBURG628 IHAMBURG1360 ISEEVETA74 IHAMBURG183 IHAMBURG1214 IHAMBURG1188 IHAMBURG52 IHAMBURG190 IHAMBURG2081 IHAMBURG1282 IHAMBURG268 IHHKIRCH2 IHAMBURG1411 IHAMBURG2034 IHAMBURG1498 IHAMBURG262 IHAMBURG2042 IHAMBURG119 IHAMBURG1268 IHAMBURG1379 IHAMBURG772 IHAMBURG218 IHAMBURG1516 IBARSBTT19 IHAMBURG47 IHAMBURG1212 IHAMBURG1845 IHAMBURG1819 IHAMBURG1783 IHAMBURG403 IHAMBURG955 IHHHOHEN2 IHAMBURG1086 ISEEVETA49 IHAMBURG1655 IHAMBURG251 IHAMBURG1174 IHAMBURG1711 IHAMBURG1302 IHAMBURG260 IHAMBURG1142 IHAMBURG274 IHAMBURG778 IHAMBURG146 IHHWELLI2 IHAMBURG205 IHAMBURG41 IHAMBURG256 IHAMBURG233 IHAMBURG1962 IHAMBURG81 IHAMBURG1526 IHAMBURG289 IHAMBURG1681 IHAMBURG195 IHAMBURG787 IHAMBURG1977 IHAMBURG1631 ISCHENEF11 INORDERS21 IHAMBURG1342 IHAMBURG431 IHAMBURG803 IHAMBURG674 IHAMBURG1308 IHAMBURG269 IBNNINGS3 IHAMBURG242 IHAMBURG1176 IHAMBURG230 IHAMBURG1823 IHAMBURG277 IHAMBURG1990 IHAMBURG887 IHAMBURG715 IHAMBURG142 IHAMBURG880 IHAMBURG1841 IHAMBURG1910 IHAMBURG1300 IHAMBURG957 IHAMBURG1054 IHAMBURG723 IHAMBURG2026 IHAMBURG487 IHAMBURG1076 IHAMBURG1635 IHAMBURG2000 IHAMBURG1216 IHAMBURG1785 IHAMBURG832 IHAMBURG2075 IHAMBURG1180 IHAMBURG2025 IHAMBURG452 IHAMBURG1254 IHAMBURG1586 ISANKTUR5 IHAMBURG1932 IBARSBTT22 IHAMBURG1064 IHAMBURG406 IHHWINTE2 IHAMBURG630 IHAMBURG1368 IHAMBURG1470 IHAMBURG1799 IHAMBURG1144 IHHHAMBU3 IHAMBURG1620 IHHHELLB2 IHAMBURG53 IHAMBURG1797 IHAMBURG465 IHAMBURG93 IHAMBURG57 IHAMBURG42 IHAMBURG1184 IHAMBURG333 IHAMBURG1256 IHAMBURG664 IHAMBURG1759 IHAMBURG598 IHAMBURG108 IHAMBURG1464 IHHLOKST3 IHAMBURG1134 IHAMBURG1933 IHHCURSL2 IHAMBURG1421 IHHGRUEN2 IHAMBURG189 IHHHAMBU5 IHAMBURG2085 IHAMBURG1922 IHAMBURG162 IHAMBURG1950 IHAMBURG285 IHAMBURG654 IHAMBURG1374 IHAMBURG175 IHAMBURG1314 IHAMBURG1918 IHAMBURG460 IHAMBURG1152 IWENTORF21 IHHHOHEN3 IHAMBURG863 IHAMBURG68 IHHEIDEL3 IHAMBURG1697 IHAMBURG938 IHAMBURG1600 IHHHAMBU4 IHAMBURG1789 IHHHARBU2 IHAMBURG1771 IHAMBURG1370 IHAMBURG229 IHAMBURG98 IHAMBURG610 IHAMBURG971 IHAMBURG1208 IHAMBURG976 IHHSTEIL2 IHAMBURG1154 IHAMBURG341 IHHHINSC4 IHAMBURG1036 IHAMBURG1832 IHAMBURG1326 IHHKLEIN2 IHAMBURG138 IHAMBURG158 IHAMBURG286 IHAMBURG204 IHAMBURG1082 IHAMBURG1675 IHAMBURG768 IHAMBURG1316 IHHEIDEL4 IHAMBURG1809 IHAMBURG83 IHAMBURG110 IHAMBURG632 IHAMBURG1236 IHAMBURG1860 IHHSCHNE3 IHAMBURG1204 IHAMBURG1952 IHAMBURG340 IHAMBURG1336 IHAMBURG1056 IHAMBURG1811 IHAMBURG46 IHAMBURG352 IHAMBURG99 IHAMBURG136 IHAMBURG1068 IHAMBURG1755 IHAMBURG1028 IHAMBURG471 IHHLURUP2 IHAMBURG638 IHAMBURG1350 IHAMBURG1002 IHAMBURG1967 IHAMBURG215 IHHLOHBR3 IHAMBURG963 IHAMBURG114 IHHGROSS2 IHHNEUGR2 IHAMBURG290 IHHEISSE2 IHAMBURG69 IHHLANGE3 IHAMBURG2017 IHAMBURG1292 IHAMBURG1508 IHAMBURG537 IHAMBURG1920 IHAMBURG1114 IHAMBURG1976 IHAMBURG450 IHAMBURG267 IHAMBURG166 IHAMBURG1044 IHAMBURG2076 IHAMBURG180 IHAMBURG998 IHAMBURG1928 IHAMBURG847 IHAMBURG376 IHAMBURG1512 IHAMBURG92 IHAMBURG600 IHAMBURG1880 IHAMBURG2011 IHAMBURG50
2017-08-21 08:05:26,801 INFO min_all     5.326 n=8771
2017-08-21 08:05:26,802 INFO min_cn5     1.040 n=8771
2017-08-21 08:05:26,802 INFO idw_p3_dt   0.738 n=8760
2017-08-21 08:05:26,802 INFO idw_p1_cn5  0.851 n=8771
2017-08-21 08:05:26,802 INFO idw_p3_cn5  0.727 n=8771
2017-08-21 08:05:26,802 INFO idw_p4_cn3  0.699 n=8771
2017-08-21 08:05:26,802 INFO median_cn3  0.945 n=8771
2017-08-21 08:05:26,803 INFO eddh        1.114 n=8764
2017-08-21 08:05:26,803 INFO idw_p2_all  1.155 n=8771
2017-08-21 08:05:26,803 INFO median_cn5  0.835 n=8771
2017-08-21 08:05:26,803 INFO mean_cn5    0.929 n=8771
2017-08-21 08:05:26,803 INFO nn          0.703 n=8771
2017-08-21 08:05:26,803 INFO idw_p3_all  1.005 n=8771
2017-08-21 08:05:26,803 INFO max_cn3     1.707 n=8771
2017-08-21 08:05:26,803 INFO mean_cn3    0.942 n=8771
2017-08-21 08:05:26,803 INFO idw_p2_cn3  0.766 n=8771
2017-08-21 08:05:26,803 INFO idw_p1_cn3  0.845 n=8771
2017-08-21 08:05:26,803 INFO mean_all    1.124 n=8771
2017-08-21 08:05:26,803 INFO min_cn3     0.999 n=8771
2017-08-21 08:05:26,804 INFO median_dt   0.879 n=8760
2017-08-21 08:05:26,804 INFO idw_p1_dt   0.872 n=8760
2017-08-21 08:05:26,804 INFO mean_dt     0.988 n=8760
2017-08-21 08:05:26,804 INFO max_dt      2.201 n=8760
2017-08-21 08:05:26,804 INFO max_all     15.709 n=8771
2017-08-21 08:05:26,804 INFO min_dt      0.990 n=8760
2017-08-21 08:05:26,804 INFO idw_p2_cn5  0.778 n=8771
2017-08-21 08:05:26,804 INFO median_all  0.906 n=8771
2017-08-21 08:05:26,804 INFO idw_p4_all  0.818 n=8771
2017-08-21 08:05:26,804 INFO idw_p1_all  1.173 n=8771
2017-08-21 08:05:26,804 INFO idw_p4_dt   0.715 n=8760
2017-08-21 08:05:26,804 INFO idw_p2_dt   0.787 n=8760
2017-08-21 08:05:26,805 INFO max_cn5     2.786 n=8771
2017-08-21 08:05:26,805 INFO idw_p3_cn3  0.719 n=8771
2017-08-21 08:05:26,805 INFO idw_p4_cn5  0.701 n=8771
2017-08-21 08:05:26,805 INFO end method list
2017-08-21 08:05:27,099 INFO idw_p3_cn5  1.61306 n=87418
2017-08-21 08:05:27,099 INFO idw_p3_cn3  1.64465 n=87418
2017-08-21 08:05:27,100 INFO idw_p3_all  1.59461 n=87418
2017-08-21 08:05:27,100 INFO max_cn3     3.35505 n=87418
2017-08-21 08:05:27,100 INFO idw_p1_cn3  1.66240 n=87418
2017-08-21 08:05:27,100 INFO mean_all    1.55090 n=87418
2017-08-21 08:05:27,101 INFO nn          1.72721 n=87418
2017-08-21 08:05:27,101 INFO idw_p1_dt   1.50088 n=81288
2017-08-21 08:05:27,101 INFO min_dt      0.97414 n=81288
2017-08-21 08:05:27,101 INFO max_all     15.94696 n=87418
2017-08-21 08:05:27,102 INFO idw_p3_dt   1.60706 n=81288
2017-08-21 08:05:27,102 INFO median_all  1.34902 n=87418
2017-08-21 08:05:27,102 INFO median_cn5  1.37109 n=87418
2017-08-21 08:05:27,102 INFO min_cn5     1.00650 n=87418
2017-08-21 08:05:27,103 INFO idw_p4_dt   1.63169 n=81288
2017-08-21 08:05:27,103 INFO eddh        1.04312 n=87311
2017-08-21 08:05:27,103 INFO idw_p2_dt   1.56609 n=81288
2017-08-21 08:05:27,103 INFO idw_p4_cn5  1.63447 n=87418
2017-08-21 08:05:27,104 INFO min_all     5.12962 n=87418
2017-08-21 08:05:27,104 INFO idw_p1_cn5  1.59877 n=87418
2017-08-21 08:05:27,104 INFO idw_p4_cn3  1.65862 n=87418
2017-08-21 08:05:27,104 INFO median_cn3  1.53769 n=87418
2017-08-21 08:05:27,105 INFO idw_p2_all  1.57532 n=87418
2017-08-21 08:05:27,105 INFO mean_cn5    1.62391 n=87418
2017-08-21 08:05:27,105 INFO mean_cn3    1.74815 n=87418
2017-08-21 08:05:27,105 INFO max_dt      2.77238 n=81288
2017-08-21 08:05:27,106 INFO idw_p2_cn3  1.63926 n=87418
2017-08-21 08:05:27,106 INFO min_cn3     1.00156 n=87418
2017-08-21 08:05:27,106 INFO median_dt   1.33650 n=81288
2017-08-21 08:05:27,106 INFO mean_dt     1.47085 n=81288
2017-08-21 08:05:27,107 INFO idw_p2_cn5  1.59808 n=87418
2017-08-21 08:05:27,107 INFO idw_p4_all  1.61758 n=87418
2017-08-21 08:05:27,107 INFO idw_p1_all  1.55683 n=87418
2017-08-21 08:05:27,107 INFO max_cn5     4.11014 n=87418
