2017-08-20 02:07:45,908 INFO ### Start new logging
2017-08-20 02:07:45,908 INFO General Overview
2017-08-20 02:07:45,908 INFO targets: HCM IHM LGM LWM RIM SGM SWM WGM WWM ZOM
2017-08-20 02:07:45,909 INFO neighbours: IHAMBURG229 IHAMBURG69 IHAMBURG184 IHAMBURG1548 IHAMBURG403 IHAMBURG469 IHAMBURG214 IHAMBURG1194 IHAMBURG289 IHAMBURG604 IHAMBURG465 IHAMBURG1128 IHAMBURG600 IHAMBURG772 IHAMBURG376 IHAMBURG741 IHAMBURG1142 IHAMBURG1186 IHAMBURG80 IHAMBURG499 IHAMBURG154 IHHRISSE2 IHAMBURG1208 IHAMBURG656 IHAMBURG128 IHAMBURG1360 IHAMBURG1098 IHAMBURG1192 IHAMBURG646 IHAMBURG1234 IHAMBURG50 IHAMBURG998 IHAMBURG119 IHAMBURG565 IHAMBURG98 IHAMBURG2052 IHAMBURG1504 IHAMBURG1296 IHAMBURG168 IHAMBURG1200 IHAMBURG971 IHAMBURG104 IHAMBURG1236 IHAMBURG789 IHAMBURG1787 IHAMBURG2025 IHAMBURG1508 IHAMBURG367 IHAMBURG230 IHAMBURG628 IHAMBURG1204 IHAMBURG1102 IHAMBURG1830 IHAMBURG1832 IHAMBURG363 IHAMBURG340 IHAMBURG1346 IHAMBURG1136 IHAMBURG53 IHAMBURG1144 IHAMBURG68 IHAMBURG209 IHAMBURG1002 IHAMBURG237 IHAMBURG258 IHAMBURG400 IHAMBURG2024 IHAMBURG1306 IHAMBURG731 IHAMBURG1462 IHAMBURG61 IHAMBURG1342 IHAMBURG1458 IHAMBURG192 IHAMBURG1184 IHAMBURG540 IHAMBURG1540 IHAMBURG1391 IHAMBURG778 IHAMBURG380 IHHHELLB2 IHAMBURG450 IHAMBURG1266 IHAMBURG1797 IHAMBURG1172 IOSTSTEI3 IHAMBURG1188 IHAMBURG1464 IHAMBURG550 IHAMBURG60 IHAMBURG479 IHAMBURG844 IHAMBURG405 IHAMBURG1036 IHAMBURG1300 IHAMBURG285 IHAMBURG487 IHAMBURG180 IHAMBURG42 IHAMBURG737 ISEEVETA49 IHAMBURG1082 IHAMBURG514 IWINSENL6 IHAMBURG1470 IHAMBURG56 IHAMBURG200 IHAMBURG1302 IHAMBURG439 IHAMBURG333 IHAMBURG684 IHAMBURG1783 IHAMBURG481 IHAMBURG316 IHAMBURG256 IHAMBURG460 IHAMBURG654 IHAMBURG1044 IHAMBURG1150 IHAMBURG1254 IHAMBURG250 IHAMBURG1411 IHAMBURG1154 IHAMBURG175 IHAMBURG280 IHAMBURG640 IHAMBURG417 IHAMBURG123 IHAMBURG664 IHAMBURG109 IHAMBURG1064 IHAMBURG938 IHAMBURG914 IHAMBURG108 IHAMBURG195 IHAMBURG1791 IHAMBURG204 IHAMBURG1421 INORDERS21 IHAMBURG1368 IHAMBURG2029 IHAMBURG365 IHAMBURG709 IHAMBURG361 IHAMBURG471 IHAMBURG113 IHAMBURG353 IHAMBURG1216 IHAMBURG219 IHAMBURG1134 IHAMBURG142 IHAMBURG803 IHHMEIEN2 IHAMBURG1494 IHAMBURG404 IHAMBURG527 IHAMBURG329 IHAMBURG206 IHAMBURG2026 IHAMBURG1086 IHAMBURG1538 IHAMBURG338 IHAMBURG49 IHAMBURG610 IHAMBURG1152 IHAMBURG172 IHAMBURG199 IHAMBURG1068 IHAMBURG1058 IHAMBURG308 IHAMBURG693 IHAMBURG1478 IHHBERGS2 IHAMBURG1212 IHAMBURG832 IHAMBURG375 IHAMBURG1284 IHAMBURG454 IHAMBURG162 IHAMBURG1076 IHAMBURG1008 IHAMBURG1108 IHAMBURG1110 IHAMBURG1114 IHAMBURG1118 IHAMBURG1230 IHAMBURG1252 IHAMBURG131 IHAMBURG1314 IHAMBURG1372 IHAMBURG1377 IHAMBURG158 IHAMBURG1586 IHAMBURG1600 IHAMBURG218 IHAMBURG222 IHAMBURG355 IHAMBURG435 IHAMBURG489 IHAMBURG64 IHAMBURG648 IHAMBURG84
2017-08-20 02:07:45,909 INFO End overview
2017-08-20 02:07:45,909 INFO Several Runs
2017-08-20 02:07:45,909 INFO end targets
2017-08-20 02:07:45,909 INFO overall results
2017-08-20 02:07:45,909 INFO interpolate for HCM
2017-08-20 02:07:45,909 INFO currently at 1 out of 10
2017-08-20 02:07:45,910 INFO use IHAMBURG229 IHAMBURG69 IHAMBURG184 IHAMBURG1548 IHAMBURG403 IHAMBURG469 IHAMBURG214 IHAMBURG1194 IHAMBURG289 IHAMBURG604 IHAMBURG465 IHAMBURG1128 IHAMBURG600 IHAMBURG772 IHAMBURG376 IHAMBURG741 IHAMBURG1142 IHAMBURG1186 IHAMBURG80 IHAMBURG499 IHAMBURG154 IHHRISSE2 IHAMBURG1208 IHAMBURG656 IHAMBURG128 IHAMBURG1360 IHAMBURG1098 IHAMBURG1192 IHAMBURG646 IHAMBURG1234 IHAMBURG50 IHAMBURG998 IHAMBURG119 IHAMBURG565 IHAMBURG98 IHAMBURG2052 IHAMBURG1504 IHAMBURG1296 IHAMBURG168 IHAMBURG1200 IHAMBURG971 IHAMBURG104 IHAMBURG1236 IHAMBURG789 IHAMBURG1787 IHAMBURG2025 IHAMBURG1508 IHAMBURG367 IHAMBURG230 IHAMBURG628 IHAMBURG1204 IHAMBURG1102 IHAMBURG1830 IHAMBURG1832 IHAMBURG363 IHAMBURG340 IHAMBURG1346 IHAMBURG1136 IHAMBURG53 IHAMBURG1144 IHAMBURG68 IHAMBURG209 IHAMBURG1002 IHAMBURG237 IHAMBURG258 IHAMBURG400 IHAMBURG2024 IHAMBURG1306 IHAMBURG731 IHAMBURG1462 IHAMBURG61 IHAMBURG1342 IHAMBURG1458 IHAMBURG192 IHAMBURG1184 IHAMBURG540 IHAMBURG1540 IHAMBURG1391 IHAMBURG778 IHAMBURG380 IHHHELLB2 IHAMBURG450 IHAMBURG1266 IHAMBURG1797 IHAMBURG1172 IOSTSTEI3 IHAMBURG1188 IHAMBURG1464 IHAMBURG550 IHAMBURG60 IHAMBURG479 IHAMBURG844 IHAMBURG405 IHAMBURG1036 IHAMBURG1300 IHAMBURG285 IHAMBURG487 IHAMBURG180 IHAMBURG42 IHAMBURG737 ISEEVETA49 IHAMBURG1082 IHAMBURG514 IWINSENL6 IHAMBURG1470 IHAMBURG56 IHAMBURG200 IHAMBURG1302 IHAMBURG439 IHAMBURG333 IHAMBURG684 IHAMBURG1783 IHAMBURG481 IHAMBURG316 IHAMBURG256 IHAMBURG460 IHAMBURG654 IHAMBURG1044 IHAMBURG1150 IHAMBURG1254 IHAMBURG250 IHAMBURG1411 IHAMBURG1154 IHAMBURG175 IHAMBURG280 IHAMBURG640 IHAMBURG417 IHAMBURG123 IHAMBURG664 IHAMBURG109 IHAMBURG1064 IHAMBURG938 IHAMBURG914 IHAMBURG108 IHAMBURG195 IHAMBURG1791 IHAMBURG204 IHAMBURG1421 INORDERS21 IHAMBURG1368 IHAMBURG2029 IHAMBURG365 IHAMBURG709 IHAMBURG361 IHAMBURG471 IHAMBURG113 IHAMBURG353 IHAMBURG1216 IHAMBURG219 IHAMBURG1134 IHAMBURG142 IHAMBURG803 IHHMEIEN2 IHAMBURG1494 IHAMBURG404 IHAMBURG527 IHAMBURG329 IHAMBURG206 IHAMBURG2026 IHAMBURG1086 IHAMBURG1538 IHAMBURG338 IHAMBURG49 IHAMBURG610 IHAMBURG1152 IHAMBURG172 IHAMBURG199 IHAMBURG1068 IHAMBURG1058 IHAMBURG308 IHAMBURG693 IHAMBURG1478 IHHBERGS2 IHAMBURG1212 IHAMBURG832 IHAMBURG375 IHAMBURG1284 IHAMBURG454 IHAMBURG162 IHAMBURG1076 IHAMBURG1008 IHAMBURG1108 IHAMBURG1110 IHAMBURG1114 IHAMBURG1118 IHAMBURG1230 IHAMBURG1252 IHAMBURG131 IHAMBURG1314 IHAMBURG1372 IHAMBURG1377 IHAMBURG158 IHAMBURG1586 IHAMBURG1600 IHAMBURG218 IHAMBURG222 IHAMBURG355 IHAMBURG435 IHAMBURG489 IHAMBURG64 IHAMBURG648 IHAMBURG84
2017-08-20 02:20:37,147 INFO idw_p1_dt   0.842 n=8675
2017-08-20 02:20:37,149 INFO mean_cn5    0.763 n=8781
2017-08-20 02:20:37,149 INFO idw_p1_cn3  0.841 n=8781
2017-08-20 02:20:37,149 INFO mean_dt     0.767 n=8675
2017-08-20 02:20:37,149 INFO idw_p4_all  0.867 n=8781
2017-08-20 02:20:37,149 INFO idw_p3_dt   0.880 n=8675
2017-08-20 02:20:37,150 INFO idw_p3_cn3  0.874 n=8781
2017-08-20 02:20:37,150 INFO idw_p2_cn5  0.867 n=8781
2017-08-20 02:20:37,150 INFO idw_p4_dt   0.883 n=8675
2017-08-20 02:20:37,150 INFO idw_p4_cn3  0.875 n=8781
2017-08-20 02:20:37,150 INFO max_dt      1.104 n=8675
2017-08-20 02:20:37,151 INFO nn          0.890 n=8781
2017-08-20 02:20:37,151 INFO median_all  0.650 n=8781
2017-08-20 02:20:37,151 INFO eddh        1.386 n=8774
2017-08-20 02:20:37,151 INFO idw_p1_cn5  0.827 n=8781
2017-08-20 02:20:37,151 INFO median_cn3  0.818 n=8781
2017-08-20 02:20:37,151 INFO median_cn5  0.798 n=8781
2017-08-20 02:20:37,152 INFO min_cn5     0.831 n=8781
2017-08-20 02:20:37,152 INFO min_dt      0.890 n=8675
2017-08-20 02:20:37,152 INFO idw_p3_all  0.862 n=8781
2017-08-20 02:20:37,152 INFO mean_cn3    0.773 n=8781
2017-08-20 02:20:37,152 INFO max_cn3     1.139 n=8781
2017-08-20 02:20:37,153 INFO idw_p1_all  0.512 n=8781
2017-08-20 02:20:37,153 INFO idw_p2_cn3  0.870 n=8781
2017-08-20 02:20:37,153 INFO max_all     1.764 n=8781
2017-08-20 02:20:37,153 INFO min_cn3     0.590 n=8781
2017-08-20 02:20:37,153 INFO median_dt   0.811 n=8675
2017-08-20 02:20:37,153 INFO max_cn5     1.261 n=8781
2017-08-20 02:20:37,154 INFO idw_p2_dt   0.874 n=8675
2017-08-20 02:20:37,154 INFO idw_p4_cn5  0.873 n=8781
2017-08-20 02:20:37,154 INFO min_all     3.756 n=8781
2017-08-20 02:20:37,154 INFO idw_p3_cn5  0.872 n=8781
2017-08-20 02:20:37,154 INFO idw_p2_all  0.819 n=8781
2017-08-20 02:20:37,155 INFO mean_all    0.626 n=8781
2017-08-20 02:20:37,155 INFO end method list
2017-08-20 02:20:37,421 INFO interpolate for IHM
2017-08-20 02:20:37,422 INFO currently at 2 out of 10
2017-08-20 02:20:37,422 INFO use IHAMBURG229 IHAMBURG69 IHAMBURG184 IHAMBURG1548 IHAMBURG403 IHAMBURG469 IHAMBURG214 IHAMBURG1194 IHAMBURG289 IHAMBURG604 IHAMBURG465 IHAMBURG1128 IHAMBURG600 IHAMBURG772 IHAMBURG376 IHAMBURG741 IHAMBURG1142 IHAMBURG1186 IHAMBURG80 IHAMBURG499 IHAMBURG154 IHHRISSE2 IHAMBURG1208 IHAMBURG656 IHAMBURG128 IHAMBURG1360 IHAMBURG1098 IHAMBURG1192 IHAMBURG646 IHAMBURG1234 IHAMBURG50 IHAMBURG998 IHAMBURG119 IHAMBURG565 IHAMBURG98 IHAMBURG2052 IHAMBURG1504 IHAMBURG1296 IHAMBURG168 IHAMBURG1200 IHAMBURG971 IHAMBURG104 IHAMBURG1236 IHAMBURG789 IHAMBURG1787 IHAMBURG2025 IHAMBURG1508 IHAMBURG367 IHAMBURG230 IHAMBURG628 IHAMBURG1204 IHAMBURG1102 IHAMBURG1830 IHAMBURG1832 IHAMBURG363 IHAMBURG340 IHAMBURG1346 IHAMBURG1136 IHAMBURG53 IHAMBURG1144 IHAMBURG68 IHAMBURG209 IHAMBURG1002 IHAMBURG237 IHAMBURG258 IHAMBURG400 IHAMBURG2024 IHAMBURG1306 IHAMBURG731 IHAMBURG1462 IHAMBURG61 IHAMBURG1342 IHAMBURG1458 IHAMBURG192 IHAMBURG1184 IHAMBURG540 IHAMBURG1540 IHAMBURG1391 IHAMBURG778 IHAMBURG380 IHHHELLB2 IHAMBURG450 IHAMBURG1266 IHAMBURG1797 IHAMBURG1172 IOSTSTEI3 IHAMBURG1188 IHAMBURG1464 IHAMBURG550 IHAMBURG60 IHAMBURG479 IHAMBURG844 IHAMBURG405 IHAMBURG1036 IHAMBURG1300 IHAMBURG285 IHAMBURG487 IHAMBURG180 IHAMBURG42 IHAMBURG737 ISEEVETA49 IHAMBURG1082 IHAMBURG514 IWINSENL6 IHAMBURG1470 IHAMBURG56 IHAMBURG200 IHAMBURG1302 IHAMBURG439 IHAMBURG333 IHAMBURG684 IHAMBURG1783 IHAMBURG481 IHAMBURG316 IHAMBURG256 IHAMBURG460 IHAMBURG654 IHAMBURG1044 IHAMBURG1150 IHAMBURG1254 IHAMBURG250 IHAMBURG1411 IHAMBURG1154 IHAMBURG175 IHAMBURG280 IHAMBURG640 IHAMBURG417 IHAMBURG123 IHAMBURG664 IHAMBURG109 IHAMBURG1064 IHAMBURG938 IHAMBURG914 IHAMBURG108 IHAMBURG195 IHAMBURG1791 IHAMBURG204 IHAMBURG1421 INORDERS21 IHAMBURG1368 IHAMBURG2029 IHAMBURG365 IHAMBURG709 IHAMBURG361 IHAMBURG471 IHAMBURG113 IHAMBURG353 IHAMBURG1216 IHAMBURG219 IHAMBURG1134 IHAMBURG142 IHAMBURG803 IHHMEIEN2 IHAMBURG1494 IHAMBURG404 IHAMBURG527 IHAMBURG329 IHAMBURG206 IHAMBURG2026 IHAMBURG1086 IHAMBURG1538 IHAMBURG338 IHAMBURG49 IHAMBURG610 IHAMBURG1152 IHAMBURG172 IHAMBURG199 IHAMBURG1068 IHAMBURG1058 IHAMBURG308 IHAMBURG693 IHAMBURG1478 IHHBERGS2 IHAMBURG1212 IHAMBURG832 IHAMBURG375 IHAMBURG1284 IHAMBURG454 IHAMBURG162 IHAMBURG1076 IHAMBURG1008 IHAMBURG1108 IHAMBURG1110 IHAMBURG1114 IHAMBURG1118 IHAMBURG1230 IHAMBURG1252 IHAMBURG131 IHAMBURG1314 IHAMBURG1372 IHAMBURG1377 IHAMBURG158 IHAMBURG1586 IHAMBURG1600 IHAMBURG218 IHAMBURG222 IHAMBURG355 IHAMBURG435 IHAMBURG489 IHAMBURG64 IHAMBURG648 IHAMBURG84
2017-08-20 02:33:08,360 INFO idw_p1_dt   0.729 n=8671
2017-08-20 02:33:08,361 INFO mean_cn5    0.610 n=8782
2017-08-20 02:33:08,362 INFO idw_p1_cn3  0.756 n=8782
2017-08-20 02:33:08,362 INFO mean_dt     0.685 n=8671
2017-08-20 02:33:08,362 INFO idw_p4_all  0.736 n=8782
2017-08-20 02:33:08,362 INFO idw_p3_dt   0.829 n=8671
2017-08-20 02:33:08,362 INFO idw_p3_cn3  0.830 n=8782
2017-08-20 02:33:08,362 INFO idw_p2_cn5  0.705 n=8782
2017-08-20 02:33:08,363 INFO idw_p4_dt   0.868 n=8671
2017-08-20 02:33:08,363 INFO idw_p4_cn3  0.864 n=8782
2017-08-20 02:33:08,363 INFO max_dt      1.000 n=8671
2017-08-20 02:33:08,363 INFO nn          0.967 n=8782
2017-08-20 02:33:08,363 INFO median_all  0.737 n=8782
2017-08-20 02:33:08,364 INFO eddh        1.491 n=8772
2017-08-20 02:33:08,364 INFO idw_p1_cn5  0.650 n=8782
2017-08-20 02:33:08,364 INFO median_cn3  0.769 n=8782
2017-08-20 02:33:08,364 INFO median_cn5  0.646 n=8782
2017-08-20 02:33:08,364 INFO min_cn5     0.941 n=8782
2017-08-20 02:33:08,364 INFO min_dt      0.918 n=8671
2017-08-20 02:33:08,365 INFO idw_p3_all  0.602 n=8782
2017-08-20 02:33:08,365 INFO mean_cn3    0.730 n=8782
2017-08-20 02:33:08,365 INFO max_cn3     1.037 n=8782
2017-08-20 02:33:08,365 INFO idw_p1_all  0.590 n=8782
2017-08-20 02:33:08,365 INFO idw_p2_cn3  0.792 n=8782
2017-08-20 02:33:08,366 INFO max_all     1.611 n=8782
2017-08-20 02:33:08,366 INFO min_cn3     0.902 n=8782
2017-08-20 02:33:08,366 INFO median_dt   0.734 n=8671
2017-08-20 02:33:08,366 INFO max_cn5     1.097 n=8782
2017-08-20 02:33:08,366 INFO idw_p2_dt   0.781 n=8671
2017-08-20 02:33:08,367 INFO idw_p4_cn5  0.818 n=8782
2017-08-20 02:33:08,367 INFO min_all     3.920 n=8782
2017-08-20 02:33:08,367 INFO idw_p3_cn5  0.764 n=8782
2017-08-20 02:33:08,367 INFO idw_p2_all  0.501 n=8782
2017-08-20 02:33:08,367 INFO mean_all    0.717 n=8782
2017-08-20 02:33:08,367 INFO end method list
2017-08-20 02:33:08,652 INFO interpolate for LGM
2017-08-20 02:33:08,653 INFO currently at 3 out of 10
2017-08-20 02:33:08,653 INFO use IHAMBURG229 IHAMBURG69 IHAMBURG184 IHAMBURG1548 IHAMBURG403 IHAMBURG469 IHAMBURG214 IHAMBURG1194 IHAMBURG289 IHAMBURG604 IHAMBURG465 IHAMBURG1128 IHAMBURG600 IHAMBURG772 IHAMBURG376 IHAMBURG741 IHAMBURG1142 IHAMBURG1186 IHAMBURG80 IHAMBURG499 IHAMBURG154 IHHRISSE2 IHAMBURG1208 IHAMBURG656 IHAMBURG128 IHAMBURG1360 IHAMBURG1098 IHAMBURG1192 IHAMBURG646 IHAMBURG1234 IHAMBURG50 IHAMBURG998 IHAMBURG119 IHAMBURG565 IHAMBURG98 IHAMBURG2052 IHAMBURG1504 IHAMBURG1296 IHAMBURG168 IHAMBURG1200 IHAMBURG971 IHAMBURG104 IHAMBURG1236 IHAMBURG789 IHAMBURG1787 IHAMBURG2025 IHAMBURG1508 IHAMBURG367 IHAMBURG230 IHAMBURG628 IHAMBURG1204 IHAMBURG1102 IHAMBURG1830 IHAMBURG1832 IHAMBURG363 IHAMBURG340 IHAMBURG1346 IHAMBURG1136 IHAMBURG53 IHAMBURG1144 IHAMBURG68 IHAMBURG209 IHAMBURG1002 IHAMBURG237 IHAMBURG258 IHAMBURG400 IHAMBURG2024 IHAMBURG1306 IHAMBURG731 IHAMBURG1462 IHAMBURG61 IHAMBURG1342 IHAMBURG1458 IHAMBURG192 IHAMBURG1184 IHAMBURG540 IHAMBURG1540 IHAMBURG1391 IHAMBURG778 IHAMBURG380 IHHHELLB2 IHAMBURG450 IHAMBURG1266 IHAMBURG1797 IHAMBURG1172 IOSTSTEI3 IHAMBURG1188 IHAMBURG1464 IHAMBURG550 IHAMBURG60 IHAMBURG479 IHAMBURG844 IHAMBURG405 IHAMBURG1036 IHAMBURG1300 IHAMBURG285 IHAMBURG487 IHAMBURG180 IHAMBURG42 IHAMBURG737 ISEEVETA49 IHAMBURG1082 IHAMBURG514 IWINSENL6 IHAMBURG1470 IHAMBURG56 IHAMBURG200 IHAMBURG1302 IHAMBURG439 IHAMBURG333 IHAMBURG684 IHAMBURG1783 IHAMBURG481 IHAMBURG316 IHAMBURG256 IHAMBURG460 IHAMBURG654 IHAMBURG1044 IHAMBURG1150 IHAMBURG1254 IHAMBURG250 IHAMBURG1411 IHAMBURG1154 IHAMBURG175 IHAMBURG280 IHAMBURG640 IHAMBURG417 IHAMBURG123 IHAMBURG664 IHAMBURG109 IHAMBURG1064 IHAMBURG938 IHAMBURG914 IHAMBURG108 IHAMBURG195 IHAMBURG1791 IHAMBURG204 IHAMBURG1421 INORDERS21 IHAMBURG1368 IHAMBURG2029 IHAMBURG365 IHAMBURG709 IHAMBURG361 IHAMBURG471 IHAMBURG113 IHAMBURG353 IHAMBURG1216 IHAMBURG219 IHAMBURG1134 IHAMBURG142 IHAMBURG803 IHHMEIEN2 IHAMBURG1494 IHAMBURG404 IHAMBURG527 IHAMBURG329 IHAMBURG206 IHAMBURG2026 IHAMBURG1086 IHAMBURG1538 IHAMBURG338 IHAMBURG49 IHAMBURG610 IHAMBURG1152 IHAMBURG172 IHAMBURG199 IHAMBURG1068 IHAMBURG1058 IHAMBURG308 IHAMBURG693 IHAMBURG1478 IHHBERGS2 IHAMBURG1212 IHAMBURG832 IHAMBURG375 IHAMBURG1284 IHAMBURG454 IHAMBURG162 IHAMBURG1076 IHAMBURG1008 IHAMBURG1108 IHAMBURG1110 IHAMBURG1114 IHAMBURG1118 IHAMBURG1230 IHAMBURG1252 IHAMBURG131 IHAMBURG1314 IHAMBURG1372 IHAMBURG1377 IHAMBURG158 IHAMBURG1586 IHAMBURG1600 IHAMBURG218 IHAMBURG222 IHAMBURG355 IHAMBURG435 IHAMBURG489 IHAMBURG64 IHAMBURG648 IHAMBURG84
2017-08-20 02:45:42,922 INFO idw_p1_dt   1.193 n=7479
2017-08-20 02:45:42,923 INFO idw_p2_cn3  1.308 n=8767
2017-08-20 02:45:42,924 INFO idw_p1_cn3  1.367 n=8767
2017-08-20 02:45:42,924 INFO mean_dt     1.091 n=7479
2017-08-20 02:45:42,924 INFO idw_p4_all  1.257 n=8767
2017-08-20 02:45:42,924 INFO idw_p3_dt   1.276 n=7479
2017-08-20 02:45:42,924 INFO min_cn3     1.132 n=8767
2017-08-20 02:45:42,925 INFO idw_p3_cn3  1.285 n=8767
2017-08-20 02:45:42,925 INFO idw_p2_cn5  1.302 n=8767
2017-08-20 02:45:42,925 INFO idw_p1_cn5  1.366 n=8767
2017-08-20 02:45:42,925 INFO idw_p4_cn3  1.280 n=8767
2017-08-20 02:45:42,925 INFO max_dt      1.445 n=7479
2017-08-20 02:45:42,925 INFO nn          1.288 n=8767
2017-08-20 02:45:42,926 INFO median_all  1.504 n=8767
2017-08-20 02:45:42,926 INFO eddh        0.828 n=8759
2017-08-20 02:45:42,926 INFO idw_p2_dt   1.256 n=7479
2017-08-20 02:45:42,926 INFO median_cn3  1.396 n=8767
2017-08-20 02:45:42,926 INFO median_cn5  1.369 n=8767
2017-08-20 02:45:42,927 INFO min_cn5     1.049 n=8767
2017-08-20 02:45:42,927 INFO min_dt      0.961 n=7479
2017-08-20 02:45:42,927 INFO idw_p4_dt   1.281 n=7479
2017-08-20 02:45:42,927 INFO idw_p3_all  1.259 n=8767
2017-08-20 02:45:42,927 INFO mean_cn3    1.461 n=8767
2017-08-20 02:45:42,928 INFO max_cn3     2.155 n=8767
2017-08-20 02:45:42,928 INFO idw_p1_all  1.438 n=8767
2017-08-20 02:45:42,928 INFO mean_cn5    1.440 n=8767
2017-08-20 02:45:42,928 INFO mean_all    1.511 n=8767
2017-08-20 02:45:42,928 INFO median_dt   1.085 n=7479
2017-08-20 02:45:42,928 INFO max_cn5     2.416 n=8767
2017-08-20 02:45:42,929 INFO idw_p4_cn5  1.272 n=8767
2017-08-20 02:45:42,929 INFO min_all     2.876 n=8767
2017-08-20 02:45:42,929 INFO idw_p3_cn5  1.276 n=8767
2017-08-20 02:45:42,929 INFO idw_p2_all  1.327 n=8767
2017-08-20 02:45:42,929 INFO max_all     3.277 n=8767
2017-08-20 02:45:42,930 INFO end method list
2017-08-20 02:45:43,208 INFO interpolate for LWM
2017-08-20 02:45:43,209 INFO currently at 4 out of 10
2017-08-20 02:45:43,209 INFO use IHAMBURG229 IHAMBURG69 IHAMBURG184 IHAMBURG1548 IHAMBURG403 IHAMBURG469 IHAMBURG214 IHAMBURG1194 IHAMBURG289 IHAMBURG604 IHAMBURG465 IHAMBURG1128 IHAMBURG600 IHAMBURG772 IHAMBURG376 IHAMBURG741 IHAMBURG1142 IHAMBURG1186 IHAMBURG80 IHAMBURG499 IHAMBURG154 IHHRISSE2 IHAMBURG1208 IHAMBURG656 IHAMBURG128 IHAMBURG1360 IHAMBURG1098 IHAMBURG1192 IHAMBURG646 IHAMBURG1234 IHAMBURG50 IHAMBURG998 IHAMBURG119 IHAMBURG565 IHAMBURG98 IHAMBURG2052 IHAMBURG1504 IHAMBURG1296 IHAMBURG168 IHAMBURG1200 IHAMBURG971 IHAMBURG104 IHAMBURG1236 IHAMBURG789 IHAMBURG1787 IHAMBURG2025 IHAMBURG1508 IHAMBURG367 IHAMBURG230 IHAMBURG628 IHAMBURG1204 IHAMBURG1102 IHAMBURG1830 IHAMBURG1832 IHAMBURG363 IHAMBURG340 IHAMBURG1346 IHAMBURG1136 IHAMBURG53 IHAMBURG1144 IHAMBURG68 IHAMBURG209 IHAMBURG1002 IHAMBURG237 IHAMBURG258 IHAMBURG400 IHAMBURG2024 IHAMBURG1306 IHAMBURG731 IHAMBURG1462 IHAMBURG61 IHAMBURG1342 IHAMBURG1458 IHAMBURG192 IHAMBURG1184 IHAMBURG540 IHAMBURG1540 IHAMBURG1391 IHAMBURG778 IHAMBURG380 IHHHELLB2 IHAMBURG450 IHAMBURG1266 IHAMBURG1797 IHAMBURG1172 IOSTSTEI3 IHAMBURG1188 IHAMBURG1464 IHAMBURG550 IHAMBURG60 IHAMBURG479 IHAMBURG844 IHAMBURG405 IHAMBURG1036 IHAMBURG1300 IHAMBURG285 IHAMBURG487 IHAMBURG180 IHAMBURG42 IHAMBURG737 ISEEVETA49 IHAMBURG1082 IHAMBURG514 IWINSENL6 IHAMBURG1470 IHAMBURG56 IHAMBURG200 IHAMBURG1302 IHAMBURG439 IHAMBURG333 IHAMBURG684 IHAMBURG1783 IHAMBURG481 IHAMBURG316 IHAMBURG256 IHAMBURG460 IHAMBURG654 IHAMBURG1044 IHAMBURG1150 IHAMBURG1254 IHAMBURG250 IHAMBURG1411 IHAMBURG1154 IHAMBURG175 IHAMBURG280 IHAMBURG640 IHAMBURG417 IHAMBURG123 IHAMBURG664 IHAMBURG109 IHAMBURG1064 IHAMBURG938 IHAMBURG914 IHAMBURG108 IHAMBURG195 IHAMBURG1791 IHAMBURG204 IHAMBURG1421 INORDERS21 IHAMBURG1368 IHAMBURG2029 IHAMBURG365 IHAMBURG709 IHAMBURG361 IHAMBURG471 IHAMBURG113 IHAMBURG353 IHAMBURG1216 IHAMBURG219 IHAMBURG1134 IHAMBURG142 IHAMBURG803 IHHMEIEN2 IHAMBURG1494 IHAMBURG404 IHAMBURG527 IHAMBURG329 IHAMBURG206 IHAMBURG2026 IHAMBURG1086 IHAMBURG1538 IHAMBURG338 IHAMBURG49 IHAMBURG610 IHAMBURG1152 IHAMBURG172 IHAMBURG199 IHAMBURG1068 IHAMBURG1058 IHAMBURG308 IHAMBURG693 IHAMBURG1478 IHHBERGS2 IHAMBURG1212 IHAMBURG832 IHAMBURG375 IHAMBURG1284 IHAMBURG454 IHAMBURG162 IHAMBURG1076 IHAMBURG1008 IHAMBURG1108 IHAMBURG1110 IHAMBURG1114 IHAMBURG1118 IHAMBURG1230 IHAMBURG1252 IHAMBURG131 IHAMBURG1314 IHAMBURG1372 IHAMBURG1377 IHAMBURG158 IHAMBURG1586 IHAMBURG1600 IHAMBURG218 IHAMBURG222 IHAMBURG355 IHAMBURG435 IHAMBURG489 IHAMBURG64 IHAMBURG648 IHAMBURG84
2017-08-20 02:58:32,772 INFO idw_p2_cn3  1.477 n=8516
2017-08-20 02:58:32,774 INFO idw_p1_cn3  1.526 n=8516
2017-08-20 02:58:32,774 INFO idw_p4_all  1.403 n=8516
2017-08-20 02:58:32,774 INFO min_cn3     1.215 n=8516
2017-08-20 02:58:32,775 INFO idw_p3_cn3  1.442 n=8516
2017-08-20 02:58:32,775 INFO idw_p2_cn5  1.474 n=8516
2017-08-20 02:58:32,775 INFO idw_p1_cn5  1.522 n=8516
2017-08-20 02:58:32,775 INFO idw_p4_cn3  1.419 n=8516
2017-08-20 02:58:32,775 INFO nn          1.364 n=8516
2017-08-20 02:58:32,776 INFO median_all  1.625 n=8516
2017-08-20 02:58:32,776 INFO eddh        0.975 n=8507
2017-08-20 02:58:32,776 INFO median_cn3  1.515 n=8516
2017-08-20 02:58:32,776 INFO median_cn5  1.484 n=8516
2017-08-20 02:58:32,776 INFO min_cn5     1.131 n=8516
2017-08-20 02:58:32,776 INFO idw_p3_all  1.445 n=8516
2017-08-20 02:58:32,777 INFO mean_cn3    1.583 n=8516
2017-08-20 02:58:32,777 INFO max_cn3     2.291 n=8516
2017-08-20 02:58:32,777 INFO idw_p1_all  1.578 n=8516
2017-08-20 02:58:32,777 INFO mean_cn5    1.564 n=8516
2017-08-20 02:58:32,777 INFO mean_all    1.633 n=8516
2017-08-20 02:58:32,778 INFO max_cn5     2.574 n=8516
2017-08-20 02:58:32,778 INFO idw_p4_cn5  1.411 n=8516
2017-08-20 02:58:32,778 INFO min_all     2.701 n=8516
2017-08-20 02:58:32,778 INFO idw_p3_cn5  1.436 n=8516
2017-08-20 02:58:32,778 INFO idw_p2_all  1.515 n=8516
2017-08-20 02:58:32,778 INFO max_all     3.425 n=8516
2017-08-20 02:58:32,779 INFO end method list
2017-08-20 02:58:33,057 INFO interpolate for RIM
2017-08-20 02:58:33,057 INFO currently at 5 out of 10
2017-08-20 02:58:33,058 INFO use IHAMBURG229 IHAMBURG69 IHAMBURG184 IHAMBURG1548 IHAMBURG403 IHAMBURG469 IHAMBURG214 IHAMBURG1194 IHAMBURG289 IHAMBURG604 IHAMBURG465 IHAMBURG1128 IHAMBURG600 IHAMBURG772 IHAMBURG376 IHAMBURG741 IHAMBURG1142 IHAMBURG1186 IHAMBURG80 IHAMBURG499 IHAMBURG154 IHHRISSE2 IHAMBURG1208 IHAMBURG656 IHAMBURG128 IHAMBURG1360 IHAMBURG1098 IHAMBURG1192 IHAMBURG646 IHAMBURG1234 IHAMBURG50 IHAMBURG998 IHAMBURG119 IHAMBURG565 IHAMBURG98 IHAMBURG2052 IHAMBURG1504 IHAMBURG1296 IHAMBURG168 IHAMBURG1200 IHAMBURG971 IHAMBURG104 IHAMBURG1236 IHAMBURG789 IHAMBURG1787 IHAMBURG2025 IHAMBURG1508 IHAMBURG367 IHAMBURG230 IHAMBURG628 IHAMBURG1204 IHAMBURG1102 IHAMBURG1830 IHAMBURG1832 IHAMBURG363 IHAMBURG340 IHAMBURG1346 IHAMBURG1136 IHAMBURG53 IHAMBURG1144 IHAMBURG68 IHAMBURG209 IHAMBURG1002 IHAMBURG237 IHAMBURG258 IHAMBURG400 IHAMBURG2024 IHAMBURG1306 IHAMBURG731 IHAMBURG1462 IHAMBURG61 IHAMBURG1342 IHAMBURG1458 IHAMBURG192 IHAMBURG1184 IHAMBURG540 IHAMBURG1540 IHAMBURG1391 IHAMBURG778 IHAMBURG380 IHHHELLB2 IHAMBURG450 IHAMBURG1266 IHAMBURG1797 IHAMBURG1172 IOSTSTEI3 IHAMBURG1188 IHAMBURG1464 IHAMBURG550 IHAMBURG60 IHAMBURG479 IHAMBURG844 IHAMBURG405 IHAMBURG1036 IHAMBURG1300 IHAMBURG285 IHAMBURG487 IHAMBURG180 IHAMBURG42 IHAMBURG737 ISEEVETA49 IHAMBURG1082 IHAMBURG514 IWINSENL6 IHAMBURG1470 IHAMBURG56 IHAMBURG200 IHAMBURG1302 IHAMBURG439 IHAMBURG333 IHAMBURG684 IHAMBURG1783 IHAMBURG481 IHAMBURG316 IHAMBURG256 IHAMBURG460 IHAMBURG654 IHAMBURG1044 IHAMBURG1150 IHAMBURG1254 IHAMBURG250 IHAMBURG1411 IHAMBURG1154 IHAMBURG175 IHAMBURG280 IHAMBURG640 IHAMBURG417 IHAMBURG123 IHAMBURG664 IHAMBURG109 IHAMBURG1064 IHAMBURG938 IHAMBURG914 IHAMBURG108 IHAMBURG195 IHAMBURG1791 IHAMBURG204 IHAMBURG1421 INORDERS21 IHAMBURG1368 IHAMBURG2029 IHAMBURG365 IHAMBURG709 IHAMBURG361 IHAMBURG471 IHAMBURG113 IHAMBURG353 IHAMBURG1216 IHAMBURG219 IHAMBURG1134 IHAMBURG142 IHAMBURG803 IHHMEIEN2 IHAMBURG1494 IHAMBURG404 IHAMBURG527 IHAMBURG329 IHAMBURG206 IHAMBURG2026 IHAMBURG1086 IHAMBURG1538 IHAMBURG338 IHAMBURG49 IHAMBURG610 IHAMBURG1152 IHAMBURG172 IHAMBURG199 IHAMBURG1068 IHAMBURG1058 IHAMBURG308 IHAMBURG693 IHAMBURG1478 IHHBERGS2 IHAMBURG1212 IHAMBURG832 IHAMBURG375 IHAMBURG1284 IHAMBURG454 IHAMBURG162 IHAMBURG1076 IHAMBURG1008 IHAMBURG1108 IHAMBURG1110 IHAMBURG1114 IHAMBURG1118 IHAMBURG1230 IHAMBURG1252 IHAMBURG131 IHAMBURG1314 IHAMBURG1372 IHAMBURG1377 IHAMBURG158 IHAMBURG1586 IHAMBURG1600 IHAMBURG218 IHAMBURG222 IHAMBURG355 IHAMBURG435 IHAMBURG489 IHAMBURG64 IHAMBURG648 IHAMBURG84
2017-08-20 03:11:27,188 INFO idw_p2_cn3  1.288 n=8756
2017-08-20 03:11:27,189 INFO idw_p1_cn3  1.309 n=8756
2017-08-20 03:11:27,190 INFO idw_p4_all  1.274 n=8756
2017-08-20 03:11:27,190 INFO min_cn3     1.436 n=8756
2017-08-20 03:11:27,190 INFO idw_p3_cn3  1.292 n=8756
2017-08-20 03:11:27,190 INFO idw_p2_cn5  1.313 n=8756
2017-08-20 03:11:27,190 INFO idw_p1_cn5  1.364 n=8756
2017-08-20 03:11:27,190 INFO idw_p4_cn3  1.311 n=8756
2017-08-20 03:11:27,191 INFO nn          1.497 n=8756
2017-08-20 03:11:27,191 INFO median_all  1.405 n=8756
2017-08-20 03:11:27,191 INFO eddh        0.972 n=8752
2017-08-20 03:11:27,191 INFO median_cn3  1.289 n=8756
2017-08-20 03:11:27,191 INFO median_cn5  1.325 n=8756
2017-08-20 03:11:27,192 INFO min_cn5     1.444 n=8756
2017-08-20 03:11:27,192 INFO idw_p3_all  1.308 n=8756
2017-08-20 03:11:27,192 INFO mean_cn3    1.361 n=8756
2017-08-20 03:11:27,192 INFO max_cn3     2.126 n=8756
2017-08-20 03:11:27,192 INFO idw_p1_all  1.412 n=8756
2017-08-20 03:11:27,193 INFO mean_cn5    1.434 n=8756
2017-08-20 03:11:27,193 INFO mean_all    1.414 n=8756
2017-08-20 03:11:27,193 INFO max_cn5     2.434 n=8756
2017-08-20 03:11:27,193 INFO idw_p4_cn5  1.301 n=8756
2017-08-20 03:11:27,193 INFO min_all     3.007 n=8756
2017-08-20 03:11:27,193 INFO idw_p3_cn5  1.293 n=8756
2017-08-20 03:11:27,194 INFO idw_p2_all  1.374 n=8756
2017-08-20 03:11:27,194 INFO max_all     3.090 n=8756
2017-08-20 03:11:27,194 INFO end method list
2017-08-20 03:11:27,448 INFO interpolate for SGM
2017-08-20 03:11:27,448 INFO currently at 6 out of 10
2017-08-20 03:11:27,449 INFO use IHAMBURG229 IHAMBURG69 IHAMBURG184 IHAMBURG1548 IHAMBURG403 IHAMBURG469 IHAMBURG214 IHAMBURG1194 IHAMBURG289 IHAMBURG604 IHAMBURG465 IHAMBURG1128 IHAMBURG600 IHAMBURG772 IHAMBURG376 IHAMBURG741 IHAMBURG1142 IHAMBURG1186 IHAMBURG80 IHAMBURG499 IHAMBURG154 IHHRISSE2 IHAMBURG1208 IHAMBURG656 IHAMBURG128 IHAMBURG1360 IHAMBURG1098 IHAMBURG1192 IHAMBURG646 IHAMBURG1234 IHAMBURG50 IHAMBURG998 IHAMBURG119 IHAMBURG565 IHAMBURG98 IHAMBURG2052 IHAMBURG1504 IHAMBURG1296 IHAMBURG168 IHAMBURG1200 IHAMBURG971 IHAMBURG104 IHAMBURG1236 IHAMBURG789 IHAMBURG1787 IHAMBURG2025 IHAMBURG1508 IHAMBURG367 IHAMBURG230 IHAMBURG628 IHAMBURG1204 IHAMBURG1102 IHAMBURG1830 IHAMBURG1832 IHAMBURG363 IHAMBURG340 IHAMBURG1346 IHAMBURG1136 IHAMBURG53 IHAMBURG1144 IHAMBURG68 IHAMBURG209 IHAMBURG1002 IHAMBURG237 IHAMBURG258 IHAMBURG400 IHAMBURG2024 IHAMBURG1306 IHAMBURG731 IHAMBURG1462 IHAMBURG61 IHAMBURG1342 IHAMBURG1458 IHAMBURG192 IHAMBURG1184 IHAMBURG540 IHAMBURG1540 IHAMBURG1391 IHAMBURG778 IHAMBURG380 IHHHELLB2 IHAMBURG450 IHAMBURG1266 IHAMBURG1797 IHAMBURG1172 IOSTSTEI3 IHAMBURG1188 IHAMBURG1464 IHAMBURG550 IHAMBURG60 IHAMBURG479 IHAMBURG844 IHAMBURG405 IHAMBURG1036 IHAMBURG1300 IHAMBURG285 IHAMBURG487 IHAMBURG180 IHAMBURG42 IHAMBURG737 ISEEVETA49 IHAMBURG1082 IHAMBURG514 IWINSENL6 IHAMBURG1470 IHAMBURG56 IHAMBURG200 IHAMBURG1302 IHAMBURG439 IHAMBURG333 IHAMBURG684 IHAMBURG1783 IHAMBURG481 IHAMBURG316 IHAMBURG256 IHAMBURG460 IHAMBURG654 IHAMBURG1044 IHAMBURG1150 IHAMBURG1254 IHAMBURG250 IHAMBURG1411 IHAMBURG1154 IHAMBURG175 IHAMBURG280 IHAMBURG640 IHAMBURG417 IHAMBURG123 IHAMBURG664 IHAMBURG109 IHAMBURG1064 IHAMBURG938 IHAMBURG914 IHAMBURG108 IHAMBURG195 IHAMBURG1791 IHAMBURG204 IHAMBURG1421 INORDERS21 IHAMBURG1368 IHAMBURG2029 IHAMBURG365 IHAMBURG709 IHAMBURG361 IHAMBURG471 IHAMBURG113 IHAMBURG353 IHAMBURG1216 IHAMBURG219 IHAMBURG1134 IHAMBURG142 IHAMBURG803 IHHMEIEN2 IHAMBURG1494 IHAMBURG404 IHAMBURG527 IHAMBURG329 IHAMBURG206 IHAMBURG2026 IHAMBURG1086 IHAMBURG1538 IHAMBURG338 IHAMBURG49 IHAMBURG610 IHAMBURG1152 IHAMBURG172 IHAMBURG199 IHAMBURG1068 IHAMBURG1058 IHAMBURG308 IHAMBURG693 IHAMBURG1478 IHHBERGS2 IHAMBURG1212 IHAMBURG832 IHAMBURG375 IHAMBURG1284 IHAMBURG454 IHAMBURG162 IHAMBURG1076 IHAMBURG1008 IHAMBURG1108 IHAMBURG1110 IHAMBURG1114 IHAMBURG1118 IHAMBURG1230 IHAMBURG1252 IHAMBURG131 IHAMBURG1314 IHAMBURG1372 IHAMBURG1377 IHAMBURG158 IHAMBURG1586 IHAMBURG1600 IHAMBURG218 IHAMBURG222 IHAMBURG355 IHAMBURG435 IHAMBURG489 IHAMBURG64 IHAMBURG648 IHAMBURG84
2017-08-20 03:23:51,024 INFO idw_p1_dt   1.395 n=8650
2017-08-20 03:23:51,025 INFO mean_cn5    1.373 n=8777
2017-08-20 03:23:51,025 INFO idw_p1_cn3  1.567 n=8777
2017-08-20 03:23:51,025 INFO mean_dt     1.342 n=8650
2017-08-20 03:23:51,026 INFO idw_p4_all  1.506 n=8777
2017-08-20 03:23:51,026 INFO idw_p3_dt   1.528 n=8650
2017-08-20 03:23:51,026 INFO idw_p3_cn3  1.609 n=8777
2017-08-20 03:23:51,026 INFO idw_p2_cn5  1.448 n=8777
2017-08-20 03:23:51,026 INFO idw_p4_dt   1.594 n=8650
2017-08-20 03:23:51,027 INFO idw_p4_cn3  1.630 n=8777
2017-08-20 03:23:51,027 INFO max_dt      1.983 n=8650
2017-08-20 03:23:51,027 INFO nn          1.825 n=8777
2017-08-20 03:23:51,027 INFO median_all  1.351 n=8777
2017-08-20 03:23:51,027 INFO eddh        0.737 n=8771
2017-08-20 03:23:51,027 INFO idw_p1_cn5  1.408 n=8777
2017-08-20 03:23:51,028 INFO median_cn3  1.706 n=8777
2017-08-20 03:23:51,028 INFO median_cn5  1.387 n=8777
2017-08-20 03:23:51,028 INFO min_cn5     1.085 n=8777
2017-08-20 03:23:51,028 INFO min_dt      1.161 n=8650
2017-08-20 03:23:51,028 INFO idw_p3_all  1.459 n=8777
2017-08-20 03:23:51,029 INFO mean_cn3    1.547 n=8777
2017-08-20 03:23:51,029 INFO max_cn3     2.073 n=8777
2017-08-20 03:23:51,029 INFO idw_p1_all  1.389 n=8777
2017-08-20 03:23:51,029 INFO idw_p2_cn3  1.588 n=8777
2017-08-20 03:23:51,029 INFO max_all     3.105 n=8777
2017-08-20 03:23:51,029 INFO min_cn3     1.031 n=8777
2017-08-20 03:23:51,030 INFO median_dt   1.375 n=8650
2017-08-20 03:23:51,030 INFO max_cn5     2.175 n=8777
2017-08-20 03:23:51,030 INFO idw_p2_dt   1.459 n=8650
2017-08-20 03:23:51,030 INFO idw_p4_cn5  1.531 n=8777
2017-08-20 03:23:51,030 INFO min_all     2.971 n=8777
2017-08-20 03:23:51,031 INFO idw_p3_cn5  1.489 n=8777
2017-08-20 03:23:51,031 INFO idw_p2_all  1.420 n=8777
2017-08-20 03:23:51,031 INFO mean_all    1.360 n=8777
2017-08-20 03:23:51,031 INFO end method list
2017-08-20 03:23:51,327 INFO interpolate for SWM
2017-08-20 03:23:51,327 INFO currently at 7 out of 10
2017-08-20 03:23:51,328 INFO use IHAMBURG229 IHAMBURG69 IHAMBURG184 IHAMBURG1548 IHAMBURG403 IHAMBURG469 IHAMBURG214 IHAMBURG1194 IHAMBURG289 IHAMBURG604 IHAMBURG465 IHAMBURG1128 IHAMBURG600 IHAMBURG772 IHAMBURG376 IHAMBURG741 IHAMBURG1142 IHAMBURG1186 IHAMBURG80 IHAMBURG499 IHAMBURG154 IHHRISSE2 IHAMBURG1208 IHAMBURG656 IHAMBURG128 IHAMBURG1360 IHAMBURG1098 IHAMBURG1192 IHAMBURG646 IHAMBURG1234 IHAMBURG50 IHAMBURG998 IHAMBURG119 IHAMBURG565 IHAMBURG98 IHAMBURG2052 IHAMBURG1504 IHAMBURG1296 IHAMBURG168 IHAMBURG1200 IHAMBURG971 IHAMBURG104 IHAMBURG1236 IHAMBURG789 IHAMBURG1787 IHAMBURG2025 IHAMBURG1508 IHAMBURG367 IHAMBURG230 IHAMBURG628 IHAMBURG1204 IHAMBURG1102 IHAMBURG1830 IHAMBURG1832 IHAMBURG363 IHAMBURG340 IHAMBURG1346 IHAMBURG1136 IHAMBURG53 IHAMBURG1144 IHAMBURG68 IHAMBURG209 IHAMBURG1002 IHAMBURG237 IHAMBURG258 IHAMBURG400 IHAMBURG2024 IHAMBURG1306 IHAMBURG731 IHAMBURG1462 IHAMBURG61 IHAMBURG1342 IHAMBURG1458 IHAMBURG192 IHAMBURG1184 IHAMBURG540 IHAMBURG1540 IHAMBURG1391 IHAMBURG778 IHAMBURG380 IHHHELLB2 IHAMBURG450 IHAMBURG1266 IHAMBURG1797 IHAMBURG1172 IOSTSTEI3 IHAMBURG1188 IHAMBURG1464 IHAMBURG550 IHAMBURG60 IHAMBURG479 IHAMBURG844 IHAMBURG405 IHAMBURG1036 IHAMBURG1300 IHAMBURG285 IHAMBURG487 IHAMBURG180 IHAMBURG42 IHAMBURG737 ISEEVETA49 IHAMBURG1082 IHAMBURG514 IWINSENL6 IHAMBURG1470 IHAMBURG56 IHAMBURG200 IHAMBURG1302 IHAMBURG439 IHAMBURG333 IHAMBURG684 IHAMBURG1783 IHAMBURG481 IHAMBURG316 IHAMBURG256 IHAMBURG460 IHAMBURG654 IHAMBURG1044 IHAMBURG1150 IHAMBURG1254 IHAMBURG250 IHAMBURG1411 IHAMBURG1154 IHAMBURG175 IHAMBURG280 IHAMBURG640 IHAMBURG417 IHAMBURG123 IHAMBURG664 IHAMBURG109 IHAMBURG1064 IHAMBURG938 IHAMBURG914 IHAMBURG108 IHAMBURG195 IHAMBURG1791 IHAMBURG204 IHAMBURG1421 INORDERS21 IHAMBURG1368 IHAMBURG2029 IHAMBURG365 IHAMBURG709 IHAMBURG361 IHAMBURG471 IHAMBURG113 IHAMBURG353 IHAMBURG1216 IHAMBURG219 IHAMBURG1134 IHAMBURG142 IHAMBURG803 IHHMEIEN2 IHAMBURG1494 IHAMBURG404 IHAMBURG527 IHAMBURG329 IHAMBURG206 IHAMBURG2026 IHAMBURG1086 IHAMBURG1538 IHAMBURG338 IHAMBURG49 IHAMBURG610 IHAMBURG1152 IHAMBURG172 IHAMBURG199 IHAMBURG1068 IHAMBURG1058 IHAMBURG308 IHAMBURG693 IHAMBURG1478 IHHBERGS2 IHAMBURG1212 IHAMBURG832 IHAMBURG375 IHAMBURG1284 IHAMBURG454 IHAMBURG162 IHAMBURG1076 IHAMBURG1008 IHAMBURG1108 IHAMBURG1110 IHAMBURG1114 IHAMBURG1118 IHAMBURG1230 IHAMBURG1252 IHAMBURG131 IHAMBURG1314 IHAMBURG1372 IHAMBURG1377 IHAMBURG158 IHAMBURG1586 IHAMBURG1600 IHAMBURG218 IHAMBURG222 IHAMBURG355 IHAMBURG435 IHAMBURG489 IHAMBURG64 IHAMBURG648 IHAMBURG84
2017-08-20 03:36:32,645 INFO idw_p1_dt   1.155 n=8567
2017-08-20 03:36:32,646 INFO mean_cn5    1.017 n=8698
2017-08-20 03:36:32,646 INFO idw_p1_cn3  1.230 n=8698
2017-08-20 03:36:32,646 INFO mean_dt     1.029 n=8567
2017-08-20 03:36:32,647 INFO idw_p4_all  1.423 n=8698
2017-08-20 03:36:32,647 INFO idw_p3_dt   1.412 n=8567
2017-08-20 03:36:32,647 INFO idw_p3_cn3  1.421 n=8698
2017-08-20 03:36:32,647 INFO idw_p2_cn5  1.267 n=8698
2017-08-20 03:36:32,647 INFO idw_p4_dt   1.462 n=8567
2017-08-20 03:36:32,647 INFO idw_p4_cn3  1.459 n=8698
2017-08-20 03:36:32,648 INFO max_dt      1.665 n=8567
2017-08-20 03:36:32,648 INFO nn          1.501 n=8698
2017-08-20 03:36:32,648 INFO median_all  1.031 n=8698
2017-08-20 03:36:32,648 INFO eddh        0.668 n=8689
2017-08-20 03:36:32,648 INFO idw_p1_cn5  1.120 n=8698
2017-08-20 03:36:32,648 INFO median_cn3  1.358 n=8698
2017-08-20 03:36:32,649 INFO median_cn5  1.026 n=8698
2017-08-20 03:36:32,649 INFO min_cn5     0.965 n=8698
2017-08-20 03:36:32,649 INFO min_dt      1.006 n=8567
2017-08-20 03:36:32,649 INFO idw_p3_all  1.308 n=8698
2017-08-20 03:36:32,649 INFO mean_cn3    1.128 n=8698
2017-08-20 03:36:32,649 INFO max_cn3     1.768 n=8698
2017-08-20 03:36:32,650 INFO idw_p1_all  1.055 n=8698
2017-08-20 03:36:32,650 INFO idw_p2_cn3  1.344 n=8698
2017-08-20 03:36:32,650 INFO max_all     2.771 n=8698
2017-08-20 03:36:32,650 INFO min_cn3     0.991 n=8698
2017-08-20 03:36:32,650 INFO median_dt   1.096 n=8567
2017-08-20 03:36:32,651 INFO max_cn5     1.842 n=8698
2017-08-20 03:36:32,651 INFO idw_p2_dt   1.310 n=8567
2017-08-20 03:36:32,651 INFO idw_p4_cn5  1.446 n=8698
2017-08-20 03:36:32,651 INFO min_all     3.075 n=8698
2017-08-20 03:36:32,651 INFO idw_p3_cn5  1.385 n=8698
2017-08-20 03:36:32,651 INFO idw_p2_all  1.141 n=8698
2017-08-20 03:36:32,652 INFO mean_all    1.030 n=8698
2017-08-20 03:36:32,652 INFO end method list
2017-08-20 03:36:32,927 INFO interpolate for WGM
2017-08-20 03:36:32,928 INFO currently at 8 out of 10
2017-08-20 03:36:32,928 INFO use IHAMBURG229 IHAMBURG69 IHAMBURG184 IHAMBURG1548 IHAMBURG403 IHAMBURG469 IHAMBURG214 IHAMBURG1194 IHAMBURG289 IHAMBURG604 IHAMBURG465 IHAMBURG1128 IHAMBURG600 IHAMBURG772 IHAMBURG376 IHAMBURG741 IHAMBURG1142 IHAMBURG1186 IHAMBURG80 IHAMBURG499 IHAMBURG154 IHHRISSE2 IHAMBURG1208 IHAMBURG656 IHAMBURG128 IHAMBURG1360 IHAMBURG1098 IHAMBURG1192 IHAMBURG646 IHAMBURG1234 IHAMBURG50 IHAMBURG998 IHAMBURG119 IHAMBURG565 IHAMBURG98 IHAMBURG2052 IHAMBURG1504 IHAMBURG1296 IHAMBURG168 IHAMBURG1200 IHAMBURG971 IHAMBURG104 IHAMBURG1236 IHAMBURG789 IHAMBURG1787 IHAMBURG2025 IHAMBURG1508 IHAMBURG367 IHAMBURG230 IHAMBURG628 IHAMBURG1204 IHAMBURG1102 IHAMBURG1830 IHAMBURG1832 IHAMBURG363 IHAMBURG340 IHAMBURG1346 IHAMBURG1136 IHAMBURG53 IHAMBURG1144 IHAMBURG68 IHAMBURG209 IHAMBURG1002 IHAMBURG237 IHAMBURG258 IHAMBURG400 IHAMBURG2024 IHAMBURG1306 IHAMBURG731 IHAMBURG1462 IHAMBURG61 IHAMBURG1342 IHAMBURG1458 IHAMBURG192 IHAMBURG1184 IHAMBURG540 IHAMBURG1540 IHAMBURG1391 IHAMBURG778 IHAMBURG380 IHHHELLB2 IHAMBURG450 IHAMBURG1266 IHAMBURG1797 IHAMBURG1172 IOSTSTEI3 IHAMBURG1188 IHAMBURG1464 IHAMBURG550 IHAMBURG60 IHAMBURG479 IHAMBURG844 IHAMBURG405 IHAMBURG1036 IHAMBURG1300 IHAMBURG285 IHAMBURG487 IHAMBURG180 IHAMBURG42 IHAMBURG737 ISEEVETA49 IHAMBURG1082 IHAMBURG514 IWINSENL6 IHAMBURG1470 IHAMBURG56 IHAMBURG200 IHAMBURG1302 IHAMBURG439 IHAMBURG333 IHAMBURG684 IHAMBURG1783 IHAMBURG481 IHAMBURG316 IHAMBURG256 IHAMBURG460 IHAMBURG654 IHAMBURG1044 IHAMBURG1150 IHAMBURG1254 IHAMBURG250 IHAMBURG1411 IHAMBURG1154 IHAMBURG175 IHAMBURG280 IHAMBURG640 IHAMBURG417 IHAMBURG123 IHAMBURG664 IHAMBURG109 IHAMBURG1064 IHAMBURG938 IHAMBURG914 IHAMBURG108 IHAMBURG195 IHAMBURG1791 IHAMBURG204 IHAMBURG1421 INORDERS21 IHAMBURG1368 IHAMBURG2029 IHAMBURG365 IHAMBURG709 IHAMBURG361 IHAMBURG471 IHAMBURG113 IHAMBURG353 IHAMBURG1216 IHAMBURG219 IHAMBURG1134 IHAMBURG142 IHAMBURG803 IHHMEIEN2 IHAMBURG1494 IHAMBURG404 IHAMBURG527 IHAMBURG329 IHAMBURG206 IHAMBURG2026 IHAMBURG1086 IHAMBURG1538 IHAMBURG338 IHAMBURG49 IHAMBURG610 IHAMBURG1152 IHAMBURG172 IHAMBURG199 IHAMBURG1068 IHAMBURG1058 IHAMBURG308 IHAMBURG693 IHAMBURG1478 IHHBERGS2 IHAMBURG1212 IHAMBURG832 IHAMBURG375 IHAMBURG1284 IHAMBURG454 IHAMBURG162 IHAMBURG1076 IHAMBURG1008 IHAMBURG1108 IHAMBURG1110 IHAMBURG1114 IHAMBURG1118 IHAMBURG1230 IHAMBURG1252 IHAMBURG131 IHAMBURG1314 IHAMBURG1372 IHAMBURG1377 IHAMBURG158 IHAMBURG1586 IHAMBURG1600 IHAMBURG218 IHAMBURG222 IHAMBURG355 IHAMBURG435 IHAMBURG489 IHAMBURG64 IHAMBURG648 IHAMBURG84
2017-08-20 03:48:55,271 INFO idw_p1_dt   1.027 n=8623
2017-08-20 03:48:55,272 INFO mean_cn5    1.257 n=8758
2017-08-20 03:48:55,272 INFO idw_p1_cn3  1.103 n=8758
2017-08-20 03:48:55,272 INFO mean_dt     1.081 n=8623
2017-08-20 03:48:55,272 INFO idw_p4_all  1.006 n=8758
2017-08-20 03:48:55,273 INFO idw_p3_dt   1.023 n=8623
2017-08-20 03:48:55,273 INFO idw_p3_cn3  1.018 n=8758
2017-08-20 03:48:55,273 INFO idw_p2_cn5  1.019 n=8758
2017-08-20 03:48:55,273 INFO idw_p4_dt   1.024 n=8623
2017-08-20 03:48:55,273 INFO idw_p4_cn3  1.017 n=8758
2017-08-20 03:48:55,273 INFO max_dt      1.904 n=8623
2017-08-20 03:48:55,273 INFO nn          1.036 n=8758
2017-08-20 03:48:55,273 INFO median_all  1.022 n=8758
2017-08-20 03:48:55,273 INFO eddh        0.885 n=8746
2017-08-20 03:48:55,273 INFO idw_p1_cn5  1.086 n=8758
2017-08-20 03:48:55,274 INFO median_cn3  1.486 n=8758
2017-08-20 03:48:55,274 INFO median_cn5  1.314 n=8758
2017-08-20 03:48:55,274 INFO min_cn5     0.871 n=8758
2017-08-20 03:48:55,274 INFO min_dt      0.932 n=8623
2017-08-20 03:48:55,274 INFO idw_p3_all  1.004 n=8758
2017-08-20 03:48:55,274 INFO mean_cn3    1.382 n=8758
2017-08-20 03:48:55,274 INFO max_cn3     2.034 n=8758
2017-08-20 03:48:55,274 INFO idw_p1_all  1.052 n=8758
2017-08-20 03:48:55,274 INFO idw_p2_cn3  1.028 n=8758
2017-08-20 03:48:55,274 INFO max_all     2.670 n=8758
2017-08-20 03:48:55,274 INFO min_cn3     0.963 n=8758
2017-08-20 03:48:55,275 INFO median_dt   1.071 n=8623
2017-08-20 03:48:55,275 INFO max_cn5     2.155 n=8758
2017-08-20 03:48:55,275 INFO idw_p2_dt   1.022 n=8623
2017-08-20 03:48:55,275 INFO idw_p4_cn5  1.011 n=8758
2017-08-20 03:48:55,275 INFO min_all     3.203 n=8758
2017-08-20 03:48:55,275 INFO idw_p3_cn5  1.011 n=8758
2017-08-20 03:48:55,275 INFO idw_p2_all  1.011 n=8758
2017-08-20 03:48:55,275 INFO mean_all    1.025 n=8758
2017-08-20 03:48:55,275 INFO end method list
2017-08-20 03:48:55,465 INFO interpolate for WWM
2017-08-20 03:48:55,466 INFO currently at 9 out of 10
2017-08-20 03:48:55,466 INFO use IHAMBURG229 IHAMBURG69 IHAMBURG184 IHAMBURG1548 IHAMBURG403 IHAMBURG469 IHAMBURG214 IHAMBURG1194 IHAMBURG289 IHAMBURG604 IHAMBURG465 IHAMBURG1128 IHAMBURG600 IHAMBURG772 IHAMBURG376 IHAMBURG741 IHAMBURG1142 IHAMBURG1186 IHAMBURG80 IHAMBURG499 IHAMBURG154 IHHRISSE2 IHAMBURG1208 IHAMBURG656 IHAMBURG128 IHAMBURG1360 IHAMBURG1098 IHAMBURG1192 IHAMBURG646 IHAMBURG1234 IHAMBURG50 IHAMBURG998 IHAMBURG119 IHAMBURG565 IHAMBURG98 IHAMBURG2052 IHAMBURG1504 IHAMBURG1296 IHAMBURG168 IHAMBURG1200 IHAMBURG971 IHAMBURG104 IHAMBURG1236 IHAMBURG789 IHAMBURG1787 IHAMBURG2025 IHAMBURG1508 IHAMBURG367 IHAMBURG230 IHAMBURG628 IHAMBURG1204 IHAMBURG1102 IHAMBURG1830 IHAMBURG1832 IHAMBURG363 IHAMBURG340 IHAMBURG1346 IHAMBURG1136 IHAMBURG53 IHAMBURG1144 IHAMBURG68 IHAMBURG209 IHAMBURG1002 IHAMBURG237 IHAMBURG258 IHAMBURG400 IHAMBURG2024 IHAMBURG1306 IHAMBURG731 IHAMBURG1462 IHAMBURG61 IHAMBURG1342 IHAMBURG1458 IHAMBURG192 IHAMBURG1184 IHAMBURG540 IHAMBURG1540 IHAMBURG1391 IHAMBURG778 IHAMBURG380 IHHHELLB2 IHAMBURG450 IHAMBURG1266 IHAMBURG1797 IHAMBURG1172 IOSTSTEI3 IHAMBURG1188 IHAMBURG1464 IHAMBURG550 IHAMBURG60 IHAMBURG479 IHAMBURG844 IHAMBURG405 IHAMBURG1036 IHAMBURG1300 IHAMBURG285 IHAMBURG487 IHAMBURG180 IHAMBURG42 IHAMBURG737 ISEEVETA49 IHAMBURG1082 IHAMBURG514 IWINSENL6 IHAMBURG1470 IHAMBURG56 IHAMBURG200 IHAMBURG1302 IHAMBURG439 IHAMBURG333 IHAMBURG684 IHAMBURG1783 IHAMBURG481 IHAMBURG316 IHAMBURG256 IHAMBURG460 IHAMBURG654 IHAMBURG1044 IHAMBURG1150 IHAMBURG1254 IHAMBURG250 IHAMBURG1411 IHAMBURG1154 IHAMBURG175 IHAMBURG280 IHAMBURG640 IHAMBURG417 IHAMBURG123 IHAMBURG664 IHAMBURG109 IHAMBURG1064 IHAMBURG938 IHAMBURG914 IHAMBURG108 IHAMBURG195 IHAMBURG1791 IHAMBURG204 IHAMBURG1421 INORDERS21 IHAMBURG1368 IHAMBURG2029 IHAMBURG365 IHAMBURG709 IHAMBURG361 IHAMBURG471 IHAMBURG113 IHAMBURG353 IHAMBURG1216 IHAMBURG219 IHAMBURG1134 IHAMBURG142 IHAMBURG803 IHHMEIEN2 IHAMBURG1494 IHAMBURG404 IHAMBURG527 IHAMBURG329 IHAMBURG206 IHAMBURG2026 IHAMBURG1086 IHAMBURG1538 IHAMBURG338 IHAMBURG49 IHAMBURG610 IHAMBURG1152 IHAMBURG172 IHAMBURG199 IHAMBURG1068 IHAMBURG1058 IHAMBURG308 IHAMBURG693 IHAMBURG1478 IHHBERGS2 IHAMBURG1212 IHAMBURG832 IHAMBURG375 IHAMBURG1284 IHAMBURG454 IHAMBURG162 IHAMBURG1076 IHAMBURG1008 IHAMBURG1108 IHAMBURG1110 IHAMBURG1114 IHAMBURG1118 IHAMBURG1230 IHAMBURG1252 IHAMBURG131 IHAMBURG1314 IHAMBURG1372 IHAMBURG1377 IHAMBURG158 IHAMBURG1586 IHAMBURG1600 IHAMBURG218 IHAMBURG222 IHAMBURG355 IHAMBURG435 IHAMBURG489 IHAMBURG64 IHAMBURG648 IHAMBURG84
2017-08-20 04:01:37,908 INFO idw_p1_dt   1.045 n=8641
2017-08-20 04:01:37,910 INFO mean_cn5    1.279 n=8780
2017-08-20 04:01:37,910 INFO idw_p1_cn3  1.228 n=8780
2017-08-20 04:01:37,910 INFO mean_dt     1.065 n=8641
2017-08-20 04:01:37,910 INFO idw_p4_all  0.992 n=8780
2017-08-20 04:01:37,910 INFO idw_p3_dt   1.006 n=8641
2017-08-20 04:01:37,910 INFO idw_p3_cn3  1.025 n=8780
2017-08-20 04:01:37,911 INFO idw_p2_cn5  1.067 n=8780
2017-08-20 04:01:37,911 INFO idw_p4_dt   0.999 n=8641
2017-08-20 04:01:37,911 INFO idw_p4_cn3  1.003 n=8780
2017-08-20 04:01:37,911 INFO max_dt      1.935 n=8641
2017-08-20 04:01:37,911 INFO nn          1.011 n=8780
2017-08-20 04:01:37,911 INFO median_all  1.035 n=8780
2017-08-20 04:01:37,912 INFO eddh        1.013 n=8772
2017-08-20 04:01:37,912 INFO idw_p1_cn5  1.172 n=8780
2017-08-20 04:01:37,912 INFO median_cn3  1.572 n=8780
2017-08-20 04:01:37,912 INFO median_cn5  1.332 n=8780
2017-08-20 04:01:37,912 INFO min_cn5     0.779 n=8780
2017-08-20 04:01:37,912 INFO min_dt      0.795 n=8641
2017-08-20 04:01:37,913 INFO idw_p3_all  1.020 n=8780
2017-08-20 04:01:37,913 INFO mean_cn3    1.441 n=8780
2017-08-20 04:01:37,913 INFO max_cn3     2.120 n=8780
2017-08-20 04:01:37,913 INFO idw_p1_all  1.084 n=8780
2017-08-20 04:01:37,913 INFO idw_p2_cn3  1.085 n=8780
2017-08-20 04:01:37,913 INFO max_all     2.728 n=8780
2017-08-20 04:01:37,913 INFO min_cn3     0.920 n=8780
2017-08-20 04:01:37,914 INFO median_dt   1.019 n=8641
2017-08-20 04:01:37,914 INFO max_cn5     2.215 n=8780
2017-08-20 04:01:37,914 INFO idw_p2_dt   1.021 n=8641
2017-08-20 04:01:37,914 INFO idw_p4_cn5  0.995 n=8780
2017-08-20 04:01:37,914 INFO min_all     3.143 n=8780
2017-08-20 04:01:37,915 INFO idw_p3_cn5  1.014 n=8780
2017-08-20 04:01:37,915 INFO idw_p2_all  1.079 n=8780
2017-08-20 04:01:37,915 INFO mean_all    1.040 n=8780
2017-08-20 04:01:37,915 INFO end method list
2017-08-20 04:01:38,177 INFO interpolate for ZOM
2017-08-20 04:01:38,177 INFO currently at 10 out of 10
2017-08-20 04:01:38,178 INFO use IHAMBURG229 IHAMBURG69 IHAMBURG184 IHAMBURG1548 IHAMBURG403 IHAMBURG469 IHAMBURG214 IHAMBURG1194 IHAMBURG289 IHAMBURG604 IHAMBURG465 IHAMBURG1128 IHAMBURG600 IHAMBURG772 IHAMBURG376 IHAMBURG741 IHAMBURG1142 IHAMBURG1186 IHAMBURG80 IHAMBURG499 IHAMBURG154 IHHRISSE2 IHAMBURG1208 IHAMBURG656 IHAMBURG128 IHAMBURG1360 IHAMBURG1098 IHAMBURG1192 IHAMBURG646 IHAMBURG1234 IHAMBURG50 IHAMBURG998 IHAMBURG119 IHAMBURG565 IHAMBURG98 IHAMBURG2052 IHAMBURG1504 IHAMBURG1296 IHAMBURG168 IHAMBURG1200 IHAMBURG971 IHAMBURG104 IHAMBURG1236 IHAMBURG789 IHAMBURG1787 IHAMBURG2025 IHAMBURG1508 IHAMBURG367 IHAMBURG230 IHAMBURG628 IHAMBURG1204 IHAMBURG1102 IHAMBURG1830 IHAMBURG1832 IHAMBURG363 IHAMBURG340 IHAMBURG1346 IHAMBURG1136 IHAMBURG53 IHAMBURG1144 IHAMBURG68 IHAMBURG209 IHAMBURG1002 IHAMBURG237 IHAMBURG258 IHAMBURG400 IHAMBURG2024 IHAMBURG1306 IHAMBURG731 IHAMBURG1462 IHAMBURG61 IHAMBURG1342 IHAMBURG1458 IHAMBURG192 IHAMBURG1184 IHAMBURG540 IHAMBURG1540 IHAMBURG1391 IHAMBURG778 IHAMBURG380 IHHHELLB2 IHAMBURG450 IHAMBURG1266 IHAMBURG1797 IHAMBURG1172 IOSTSTEI3 IHAMBURG1188 IHAMBURG1464 IHAMBURG550 IHAMBURG60 IHAMBURG479 IHAMBURG844 IHAMBURG405 IHAMBURG1036 IHAMBURG1300 IHAMBURG285 IHAMBURG487 IHAMBURG180 IHAMBURG42 IHAMBURG737 ISEEVETA49 IHAMBURG1082 IHAMBURG514 IWINSENL6 IHAMBURG1470 IHAMBURG56 IHAMBURG200 IHAMBURG1302 IHAMBURG439 IHAMBURG333 IHAMBURG684 IHAMBURG1783 IHAMBURG481 IHAMBURG316 IHAMBURG256 IHAMBURG460 IHAMBURG654 IHAMBURG1044 IHAMBURG1150 IHAMBURG1254 IHAMBURG250 IHAMBURG1411 IHAMBURG1154 IHAMBURG175 IHAMBURG280 IHAMBURG640 IHAMBURG417 IHAMBURG123 IHAMBURG664 IHAMBURG109 IHAMBURG1064 IHAMBURG938 IHAMBURG914 IHAMBURG108 IHAMBURG195 IHAMBURG1791 IHAMBURG204 IHAMBURG1421 INORDERS21 IHAMBURG1368 IHAMBURG2029 IHAMBURG365 IHAMBURG709 IHAMBURG361 IHAMBURG471 IHAMBURG113 IHAMBURG353 IHAMBURG1216 IHAMBURG219 IHAMBURG1134 IHAMBURG142 IHAMBURG803 IHHMEIEN2 IHAMBURG1494 IHAMBURG404 IHAMBURG527 IHAMBURG329 IHAMBURG206 IHAMBURG2026 IHAMBURG1086 IHAMBURG1538 IHAMBURG338 IHAMBURG49 IHAMBURG610 IHAMBURG1152 IHAMBURG172 IHAMBURG199 IHAMBURG1068 IHAMBURG1058 IHAMBURG308 IHAMBURG693 IHAMBURG1478 IHHBERGS2 IHAMBURG1212 IHAMBURG832 IHAMBURG375 IHAMBURG1284 IHAMBURG454 IHAMBURG162 IHAMBURG1076 IHAMBURG1008 IHAMBURG1108 IHAMBURG1110 IHAMBURG1114 IHAMBURG1118 IHAMBURG1230 IHAMBURG1252 IHAMBURG131 IHAMBURG1314 IHAMBURG1372 IHAMBURG1377 IHAMBURG158 IHAMBURG1586 IHAMBURG1600 IHAMBURG218 IHAMBURG222 IHAMBURG355 IHAMBURG435 IHAMBURG489 IHAMBURG64 IHAMBURG648 IHAMBURG84
2017-08-20 04:14:06,188 INFO idw_p1_dt   0.692 n=8635
2017-08-20 04:14:06,189 INFO mean_cn5    0.810 n=8769
2017-08-20 04:14:06,189 INFO idw_p1_cn3  0.674 n=8769
2017-08-20 04:14:06,189 INFO mean_dt     0.782 n=8635
2017-08-20 04:14:06,189 INFO idw_p4_all  0.655 n=8769
2017-08-20 04:14:06,189 INFO idw_p3_dt   0.660 n=8635
2017-08-20 04:14:06,189 INFO idw_p3_cn3  0.656 n=8769
2017-08-20 04:14:06,189 INFO idw_p2_cn5  0.668 n=8769
2017-08-20 04:14:06,189 INFO idw_p4_dt   0.663 n=8635
2017-08-20 04:14:06,189 INFO idw_p4_cn3  0.661 n=8769
2017-08-20 04:14:06,190 INFO max_dt      1.310 n=8635
2017-08-20 04:14:06,190 INFO nn          0.664 n=8769
2017-08-20 04:14:06,190 INFO median_all  0.746 n=8769
2017-08-20 04:14:06,190 INFO eddh        1.111 n=8770
2017-08-20 04:14:06,190 INFO idw_p1_cn5  0.727 n=8769
2017-08-20 04:14:06,190 INFO median_cn3  0.730 n=8769
2017-08-20 04:14:06,190 INFO median_cn5  0.782 n=8769
2017-08-20 04:14:06,190 INFO min_cn5     0.892 n=8769
2017-08-20 04:14:06,190 INFO min_dt      0.923 n=8635
2017-08-20 04:14:06,190 INFO idw_p3_all  0.671 n=8769
2017-08-20 04:14:06,190 INFO mean_cn3    0.735 n=8769
2017-08-20 04:14:06,190 INFO max_cn3     1.228 n=8769
2017-08-20 04:14:06,191 INFO idw_p1_all  0.752 n=8769
2017-08-20 04:14:06,191 INFO idw_p2_cn3  0.653 n=8769
2017-08-20 04:14:06,191 INFO max_all     2.230 n=8769
2017-08-20 04:14:06,191 INFO min_cn3     0.842 n=8769
2017-08-20 04:14:06,191 INFO median_dt   0.765 n=8635
2017-08-20 04:14:06,191 INFO max_cn5     1.668 n=8769
2017-08-20 04:14:06,191 INFO idw_p2_dt   0.662 n=8635
2017-08-20 04:14:06,191 INFO idw_p4_cn5  0.658 n=8769
2017-08-20 04:14:06,191 INFO min_all     3.445 n=8769
2017-08-20 04:14:06,191 INFO idw_p3_cn5  0.654 n=8769
2017-08-20 04:14:06,191 INFO idw_p2_all  0.727 n=8769
2017-08-20 04:14:06,192 INFO mean_all    0.749 n=8769
2017-08-20 04:14:06,192 INFO end method list
2017-08-20 04:14:06,437 INFO idw_p1_cn3  1.196 n=87384
2017-08-20 04:14:06,438 INFO idw_p2_cn5  1.146 n=87384
2017-08-20 04:14:06,438 INFO idw_p4_dt   1.134 n=67941
2017-08-20 04:14:06,438 INFO median_cn3  1.308 n=87384
2017-08-20 04:14:06,439 INFO min_dt      0.953 n=67941
2017-08-20 04:14:06,439 INFO idw_p1_all  1.141 n=87384
2017-08-20 04:14:06,439 INFO median_dt   1.013 n=67941
2017-08-20 04:14:06,439 INFO max_cn5     2.039 n=87384
2017-08-20 04:14:06,440 INFO max_all     2.728 n=87384
2017-08-20 04:14:06,440 INFO idw_p4_cn5  1.166 n=87384
2017-08-20 04:14:06,440 INFO min_all     3.232 n=87384
2017-08-20 04:14:06,440 INFO median_cn5  1.181 n=87384
2017-08-20 04:14:06,441 INFO idw_p1_dt   1.032 n=67941
2017-08-20 04:14:06,441 INFO min_cn3     1.024 n=87384
2017-08-20 04:14:06,441 INFO mean_dt     1.000 n=67941
2017-08-20 04:14:06,442 INFO idw_p4_all  1.147 n=87384
2017-08-20 04:14:06,442 INFO idw_p3_dt   1.110 n=67941
2017-08-20 04:14:06,442 INFO idw_p3_cn3  1.181 n=87384
2017-08-20 04:14:06,442 INFO idw_p4_cn3  1.188 n=87384
2017-08-20 04:14:06,443 INFO max_dt      1.587 n=67941
2017-08-20 04:14:06,443 INFO idw_p1_cn5  1.159 n=87384
2017-08-20 04:14:06,443 INFO idw_p2_dt   1.076 n=67941
2017-08-20 04:14:06,443 INFO eddh        1.038 n=87312
2017-08-20 04:14:06,444 INFO median_all  1.156 n=87384
2017-08-20 04:14:06,444 INFO nn          1.249 n=87384
2017-08-20 04:14:06,444 INFO min_cn5     1.015 n=87384
2017-08-20 04:14:06,444 INFO idw_p3_all  1.131 n=87384
2017-08-20 04:14:06,445 INFO mean_cn3    1.257 n=87384
2017-08-20 04:14:06,445 INFO max_cn3     1.852 n=87384
2017-08-20 04:14:06,445 INFO idw_p2_cn3  1.179 n=87384
2017-08-20 04:14:06,445 INFO mean_cn5    1.196 n=87384
2017-08-20 04:14:06,446 INFO idw_p3_cn5  1.153 n=87384
2017-08-20 04:14:06,446 INFO idw_p2_all  1.134 n=87384
2017-08-20 04:14:06,446 INFO mean_all    1.159 n=87384
