2017-08-20 21:56:15,110 INFO ### Start new logging
2017-08-20 21:56:15,110 INFO General Overview
2017-08-20 21:56:15,110 INFO targets: HCM IHM LGM LWM RIM SGM SWM WGM WWM ZOM
2017-08-20 21:56:15,110 INFO neighbours: IHAMBURG1152 IHAMBURG1236 IHAMBURG61 IHAMBURG1494 IHAMBURG64 IHAMBURG256 IHAMBURG2024 IHAMBURG1002 IHAMBURG1540 IHAMBURG123 IHAMBURG1098 IHAMBURG1230 IHAMBURG789 IHAMBURG131 IHAMBURG1462 IHAMBURG363 IHAMBURG367 IWINSENL6 IHAMBURG1208 IHAMBURG737 IHAMBURG250 IHAMBURG2052 IHAMBURG604 IHAMBURG610 IHAMBURG439 INORDERS21 IHAMBURG218 IHAMBURG1082 IHAMBURG1421 IHAMBURG1234 IHAMBURG84 IHAMBURG1411 IHAMBURG1184 IHAMBURG340 IHAMBURG479 IHAMBURG460 IHAMBURG1068 IHAMBURG481 IHAMBURG289 IHAMBURG778 IHAMBURG128 IHAMBURG1118 IHAMBURG237 IHHHELLB2 IHAMBURG1058 IHAMBURG308 IHAMBURG709 IHAMBURG417 IHAMBURG465 IHAMBURG469 IHAMBURG938 IHAMBURG1600 IHAMBURG1360 IHAMBURG175 IHAMBURG50 IHAMBURG471 IHAMBURG435 IHHBERGS2 IHAMBURG640 IHAMBURG832 IHAMBURG1504 IHAMBURG209 IHAMBURG333 IHAMBURG180 IHAMBURG1300 IHAMBURG489 IHAMBURG998 IHAMBURG741 IHAMBURG1044 IHAMBURG565 IHAMBURG2026 IHAMBURG69 IHAMBURG154 IHAMBURG1296 IHAMBURG1114 IHAMBURG60 IHAMBURG404 IHAMBURG109 IHAMBURG158 IHAMBURG1797 IHAMBURG1342 IHAMBURG654 IHAMBURG119 IHAMBURG1508 IHAMBURG329 IHAMBURG628 IHAMBURG600 IHAMBURG1458 IHAMBURG487 IHAMBURG56 IHAMBURG844 IHAMBURG353 IHAMBURG684 IHAMBURG1086 IHAMBURG1212 IHAMBURG527 IHAMBURG229 IHAMBURG1136 IHAMBURG1470 IHAMBURG1266 IHAMBURG1216 IHAMBURG1314 IHAMBURG42 IHAMBURG355 IHAMBURG376 IHAMBURG80 IHAMBURG49 IHAMBURG184 IHAMBURG1791 IHAMBURG971 IHAMBURG1194 IHAMBURG648 IHAMBURG1008 IHAMBURG1064 IHAMBURG1192 IHAMBURG258 IHAMBURG1464 IHAMBURG1478 ISEEVETA49 IHAMBURG280 IHAMBURG200 IHAMBURG2025 IHAMBURG53 IOSTSTEI3 IHAMBURG400 IHAMBURG1200 IHAMBURG98 IHAMBURG1548 IHAMBURG1076 IHAMBURG450 IHAMBURG540 IHAMBURG731 IHAMBURG1372 IHAMBURG1830 IHAMBURG222 IHAMBURG1128 IHAMBURG1188 IHAMBURG199 IHAMBURG1150 IHAMBURG454 IHAMBURG361
2017-08-20 21:56:15,111 INFO End overview
2017-08-20 21:56:15,111 INFO Several Runs
2017-08-20 21:56:15,111 INFO end targets
2017-08-20 21:56:15,111 INFO overall results
2017-08-20 21:56:15,111 INFO interpolate for HCM
2017-08-20 21:56:15,111 INFO currently at 1 out of 10
2017-08-20 21:56:15,111 INFO use IHAMBURG1152 IHAMBURG1236 IHAMBURG61 IHAMBURG1494 IHAMBURG64 IHAMBURG256 IHAMBURG2024 IHAMBURG1002 IHAMBURG1540 IHAMBURG123 IHAMBURG1098 IHAMBURG1230 IHAMBURG789 IHAMBURG131 IHAMBURG1462 IHAMBURG363 IHAMBURG367 IWINSENL6 IHAMBURG1208 IHAMBURG737 IHAMBURG250 IHAMBURG2052 IHAMBURG604 IHAMBURG610 IHAMBURG439 INORDERS21 IHAMBURG218 IHAMBURG1082 IHAMBURG1421 IHAMBURG1234 IHAMBURG84 IHAMBURG1411 IHAMBURG1184 IHAMBURG340 IHAMBURG479 IHAMBURG460 IHAMBURG1068 IHAMBURG481 IHAMBURG289 IHAMBURG778 IHAMBURG128 IHAMBURG1118 IHAMBURG237 IHHHELLB2 IHAMBURG1058 IHAMBURG308 IHAMBURG709 IHAMBURG417 IHAMBURG465 IHAMBURG469 IHAMBURG938 IHAMBURG1600 IHAMBURG1360 IHAMBURG175 IHAMBURG50 IHAMBURG471 IHAMBURG435 IHHBERGS2 IHAMBURG640 IHAMBURG832 IHAMBURG1504 IHAMBURG209 IHAMBURG333 IHAMBURG180 IHAMBURG1300 IHAMBURG489 IHAMBURG998 IHAMBURG741 IHAMBURG1044 IHAMBURG565 IHAMBURG2026 IHAMBURG69 IHAMBURG154 IHAMBURG1296 IHAMBURG1114 IHAMBURG60 IHAMBURG404 IHAMBURG109 IHAMBURG158 IHAMBURG1797 IHAMBURG1342 IHAMBURG654 IHAMBURG119 IHAMBURG1508 IHAMBURG329 IHAMBURG628 IHAMBURG600 IHAMBURG1458 IHAMBURG487 IHAMBURG56 IHAMBURG844 IHAMBURG353 IHAMBURG684 IHAMBURG1086 IHAMBURG1212 IHAMBURG527 IHAMBURG229 IHAMBURG1136 IHAMBURG1470 IHAMBURG1266 IHAMBURG1216 IHAMBURG1314 IHAMBURG42 IHAMBURG355 IHAMBURG376 IHAMBURG80 IHAMBURG49 IHAMBURG184 IHAMBURG1791 IHAMBURG971 IHAMBURG1194 IHAMBURG648 IHAMBURG1008 IHAMBURG1064 IHAMBURG1192 IHAMBURG258 IHAMBURG1464 IHAMBURG1478 ISEEVETA49 IHAMBURG280 IHAMBURG200 IHAMBURG2025 IHAMBURG53 IOSTSTEI3 IHAMBURG400 IHAMBURG1200 IHAMBURG98 IHAMBURG1548 IHAMBURG1076 IHAMBURG450 IHAMBURG540 IHAMBURG731 IHAMBURG1372 IHAMBURG1830 IHAMBURG222 IHAMBURG1128 IHAMBURG1188 IHAMBURG199 IHAMBURG1150 IHAMBURG454 IHAMBURG361
2017-08-20 22:05:23,312 INFO idw_p2_all  0.830 n=8781
2017-08-20 22:05:23,313 INFO mean_cn3    0.764 n=8781
2017-08-20 22:05:23,314 INFO idw_p1_cn5  0.812 n=8781
2017-08-20 22:05:23,314 INFO min_cn5     0.891 n=8781
2017-08-20 22:05:23,314 INFO eddh        1.392 n=8775
2017-08-20 22:05:23,314 INFO nn          0.890 n=8781
2017-08-20 22:05:23,314 INFO max_cn5     1.175 n=8781
2017-08-20 22:05:23,315 INFO idw_p2_dt   0.874 n=8666
2017-08-20 22:05:23,315 INFO idw_p4_dt   0.881 n=8666
2017-08-20 22:05:23,315 INFO idw_p2_cn5  0.867 n=8781
2017-08-20 22:05:23,315 INFO median_all  0.637 n=8781
2017-08-20 22:05:23,315 INFO idw_p4_cn3  0.876 n=8781
2017-08-20 22:05:23,316 INFO idw_p1_dt   0.845 n=8666
2017-08-20 22:05:23,316 INFO idw_p3_all  0.864 n=8781
2017-08-20 22:05:23,316 INFO median_cn5  0.757 n=8781
2017-08-20 22:05:23,316 INFO min_cn3     0.653 n=8781
2017-08-20 22:05:23,316 INFO min_dt      0.915 n=8666
2017-08-20 22:05:23,317 INFO max_cn3     1.114 n=8781
2017-08-20 22:05:23,317 INFO median_cn3  0.807 n=8781
2017-08-20 22:05:23,317 INFO idw_p3_cn5  0.873 n=8781
2017-08-20 22:05:23,317 INFO mean_all    0.612 n=8781
2017-08-20 22:05:23,317 INFO idw_p3_cn3  0.876 n=8781
2017-08-20 22:05:23,318 INFO max_dt      1.096 n=8666
2017-08-20 22:05:23,318 INFO mean_cn5    0.711 n=8781
2017-08-20 22:05:23,318 INFO idw_p2_cn3  0.872 n=8781
2017-08-20 22:05:23,318 INFO idw_p4_cn5  0.874 n=8781
2017-08-20 22:05:23,318 INFO min_all     2.696 n=8781
2017-08-20 22:05:23,318 INFO mean_dt     0.771 n=8666
2017-08-20 22:05:23,319 INFO idw_p4_all  0.869 n=8781
2017-08-20 22:05:23,319 INFO median_dt   0.821 n=8666
2017-08-20 22:05:23,319 INFO idw_p1_all  0.514 n=8781
2017-08-20 22:05:23,319 INFO max_all     1.716 n=8781
2017-08-20 22:05:23,319 INFO idw_p1_cn3  0.842 n=8781
2017-08-20 22:05:23,320 INFO idw_p3_dt   0.879 n=8666
2017-08-20 22:05:23,320 INFO end method list
2017-08-20 22:05:23,526 INFO interpolate for IHM
2017-08-20 22:05:23,526 INFO currently at 2 out of 10
2017-08-20 22:05:23,526 INFO use IHAMBURG1152 IHAMBURG1236 IHAMBURG61 IHAMBURG1494 IHAMBURG64 IHAMBURG256 IHAMBURG2024 IHAMBURG1002 IHAMBURG1540 IHAMBURG123 IHAMBURG1098 IHAMBURG1230 IHAMBURG789 IHAMBURG131 IHAMBURG1462 IHAMBURG363 IHAMBURG367 IWINSENL6 IHAMBURG1208 IHAMBURG737 IHAMBURG250 IHAMBURG2052 IHAMBURG604 IHAMBURG610 IHAMBURG439 INORDERS21 IHAMBURG218 IHAMBURG1082 IHAMBURG1421 IHAMBURG1234 IHAMBURG84 IHAMBURG1411 IHAMBURG1184 IHAMBURG340 IHAMBURG479 IHAMBURG460 IHAMBURG1068 IHAMBURG481 IHAMBURG289 IHAMBURG778 IHAMBURG128 IHAMBURG1118 IHAMBURG237 IHHHELLB2 IHAMBURG1058 IHAMBURG308 IHAMBURG709 IHAMBURG417 IHAMBURG465 IHAMBURG469 IHAMBURG938 IHAMBURG1600 IHAMBURG1360 IHAMBURG175 IHAMBURG50 IHAMBURG471 IHAMBURG435 IHHBERGS2 IHAMBURG640 IHAMBURG832 IHAMBURG1504 IHAMBURG209 IHAMBURG333 IHAMBURG180 IHAMBURG1300 IHAMBURG489 IHAMBURG998 IHAMBURG741 IHAMBURG1044 IHAMBURG565 IHAMBURG2026 IHAMBURG69 IHAMBURG154 IHAMBURG1296 IHAMBURG1114 IHAMBURG60 IHAMBURG404 IHAMBURG109 IHAMBURG158 IHAMBURG1797 IHAMBURG1342 IHAMBURG654 IHAMBURG119 IHAMBURG1508 IHAMBURG329 IHAMBURG628 IHAMBURG600 IHAMBURG1458 IHAMBURG487 IHAMBURG56 IHAMBURG844 IHAMBURG353 IHAMBURG684 IHAMBURG1086 IHAMBURG1212 IHAMBURG527 IHAMBURG229 IHAMBURG1136 IHAMBURG1470 IHAMBURG1266 IHAMBURG1216 IHAMBURG1314 IHAMBURG42 IHAMBURG355 IHAMBURG376 IHAMBURG80 IHAMBURG49 IHAMBURG184 IHAMBURG1791 IHAMBURG971 IHAMBURG1194 IHAMBURG648 IHAMBURG1008 IHAMBURG1064 IHAMBURG1192 IHAMBURG258 IHAMBURG1464 IHAMBURG1478 ISEEVETA49 IHAMBURG280 IHAMBURG200 IHAMBURG2025 IHAMBURG53 IOSTSTEI3 IHAMBURG400 IHAMBURG1200 IHAMBURG98 IHAMBURG1548 IHAMBURG1076 IHAMBURG450 IHAMBURG540 IHAMBURG731 IHAMBURG1372 IHAMBURG1830 IHAMBURG222 IHAMBURG1128 IHAMBURG1188 IHAMBURG199 IHAMBURG1150 IHAMBURG454 IHAMBURG361
2017-08-20 22:14:19,828 INFO idw_p2_all  0.491 n=8781
2017-08-20 22:14:19,829 INFO mean_cn3    0.642 n=8781
2017-08-20 22:14:19,829 INFO idw_p1_cn5  0.578 n=8781
2017-08-20 22:14:19,829 INFO min_cn5     0.995 n=8781
2017-08-20 22:14:19,829 INFO eddh        1.492 n=8773
2017-08-20 22:14:19,829 INFO nn          0.800 n=8781
2017-08-20 22:14:19,829 INFO max_cn5     1.019 n=8781
2017-08-20 22:14:19,829 INFO idw_p2_dt   0.689 n=8663
2017-08-20 22:14:19,830 INFO idw_p4_dt   0.726 n=8663
2017-08-20 22:14:19,830 INFO idw_p2_cn5  0.591 n=8781
2017-08-20 22:14:19,830 INFO median_all  0.723 n=8781
2017-08-20 22:14:19,830 INFO idw_p4_cn3  0.665 n=8781
2017-08-20 22:14:19,830 INFO idw_p1_dt   0.668 n=8663
2017-08-20 22:14:19,830 INFO idw_p3_all  0.509 n=8781
2017-08-20 22:14:19,830 INFO median_cn5  0.601 n=8781
2017-08-20 22:14:19,830 INFO min_cn3     0.875 n=8781
2017-08-20 22:14:19,830 INFO min_dt      1.007 n=8663
2017-08-20 22:14:19,830 INFO max_cn3     0.944 n=8781
2017-08-20 22:14:19,830 INFO median_cn3  0.673 n=8781
2017-08-20 22:14:19,831 INFO idw_p3_cn5  0.607 n=8781
2017-08-20 22:14:19,831 INFO mean_all    0.699 n=8781
2017-08-20 22:14:19,831 INFO idw_p3_cn3  0.657 n=8781
2017-08-20 22:14:19,831 INFO max_dt      0.943 n=8663
2017-08-20 22:14:19,831 INFO mean_cn5    0.569 n=8781
2017-08-20 22:14:19,831 INFO idw_p2_cn3  0.650 n=8781
2017-08-20 22:14:19,831 INFO idw_p4_cn5  0.624 n=8781
2017-08-20 22:14:19,831 INFO min_all     2.846 n=8781
2017-08-20 22:14:19,831 INFO mean_dt     0.670 n=8663
2017-08-20 22:14:19,831 INFO idw_p4_all  0.563 n=8781
2017-08-20 22:14:19,831 INFO median_dt   0.709 n=8663
2017-08-20 22:14:19,832 INFO idw_p1_all  0.578 n=8781
2017-08-20 22:14:19,832 INFO max_all     1.560 n=8781
2017-08-20 22:14:19,832 INFO idw_p1_cn3  0.645 n=8781
2017-08-20 22:14:19,832 INFO idw_p3_dt   0.710 n=8663
2017-08-20 22:14:19,832 INFO end method list
2017-08-20 22:14:20,000 INFO interpolate for LGM
2017-08-20 22:14:20,000 INFO currently at 3 out of 10
2017-08-20 22:14:20,000 INFO use IHAMBURG1152 IHAMBURG1236 IHAMBURG61 IHAMBURG1494 IHAMBURG64 IHAMBURG256 IHAMBURG2024 IHAMBURG1002 IHAMBURG1540 IHAMBURG123 IHAMBURG1098 IHAMBURG1230 IHAMBURG789 IHAMBURG131 IHAMBURG1462 IHAMBURG363 IHAMBURG367 IWINSENL6 IHAMBURG1208 IHAMBURG737 IHAMBURG250 IHAMBURG2052 IHAMBURG604 IHAMBURG610 IHAMBURG439 INORDERS21 IHAMBURG218 IHAMBURG1082 IHAMBURG1421 IHAMBURG1234 IHAMBURG84 IHAMBURG1411 IHAMBURG1184 IHAMBURG340 IHAMBURG479 IHAMBURG460 IHAMBURG1068 IHAMBURG481 IHAMBURG289 IHAMBURG778 IHAMBURG128 IHAMBURG1118 IHAMBURG237 IHHHELLB2 IHAMBURG1058 IHAMBURG308 IHAMBURG709 IHAMBURG417 IHAMBURG465 IHAMBURG469 IHAMBURG938 IHAMBURG1600 IHAMBURG1360 IHAMBURG175 IHAMBURG50 IHAMBURG471 IHAMBURG435 IHHBERGS2 IHAMBURG640 IHAMBURG832 IHAMBURG1504 IHAMBURG209 IHAMBURG333 IHAMBURG180 IHAMBURG1300 IHAMBURG489 IHAMBURG998 IHAMBURG741 IHAMBURG1044 IHAMBURG565 IHAMBURG2026 IHAMBURG69 IHAMBURG154 IHAMBURG1296 IHAMBURG1114 IHAMBURG60 IHAMBURG404 IHAMBURG109 IHAMBURG158 IHAMBURG1797 IHAMBURG1342 IHAMBURG654 IHAMBURG119 IHAMBURG1508 IHAMBURG329 IHAMBURG628 IHAMBURG600 IHAMBURG1458 IHAMBURG487 IHAMBURG56 IHAMBURG844 IHAMBURG353 IHAMBURG684 IHAMBURG1086 IHAMBURG1212 IHAMBURG527 IHAMBURG229 IHAMBURG1136 IHAMBURG1470 IHAMBURG1266 IHAMBURG1216 IHAMBURG1314 IHAMBURG42 IHAMBURG355 IHAMBURG376 IHAMBURG80 IHAMBURG49 IHAMBURG184 IHAMBURG1791 IHAMBURG971 IHAMBURG1194 IHAMBURG648 IHAMBURG1008 IHAMBURG1064 IHAMBURG1192 IHAMBURG258 IHAMBURG1464 IHAMBURG1478 ISEEVETA49 IHAMBURG280 IHAMBURG200 IHAMBURG2025 IHAMBURG53 IOSTSTEI3 IHAMBURG400 IHAMBURG1200 IHAMBURG98 IHAMBURG1548 IHAMBURG1076 IHAMBURG450 IHAMBURG540 IHAMBURG731 IHAMBURG1372 IHAMBURG1830 IHAMBURG222 IHAMBURG1128 IHAMBURG1188 IHAMBURG199 IHAMBURG1150 IHAMBURG454 IHAMBURG361
2017-08-20 22:23:16,729 INFO idw_p2_all  1.284 n=8766
2017-08-20 22:23:16,730 INFO mean_cn3    1.436 n=8766
2017-08-20 22:23:16,730 INFO idw_p1_cn5  1.305 n=8766
2017-08-20 22:23:16,730 INFO min_cn5     1.066 n=8766
2017-08-20 22:23:16,730 INFO eddh        0.822 n=8757
2017-08-20 22:23:16,730 INFO nn          1.223 n=8766
2017-08-20 22:23:16,731 INFO max_cn5     2.423 n=8766
2017-08-20 22:23:16,731 INFO idw_p3_cn5  1.210 n=8766
2017-08-20 22:23:16,731 INFO idw_p4_dt   1.338 n=7206
2017-08-20 22:23:16,731 INFO idw_p2_cn5  1.228 n=8766
2017-08-20 22:23:16,731 INFO idw_p2_dt   1.321 n=7206
2017-08-20 22:23:16,731 INFO median_all  1.506 n=8766
2017-08-20 22:23:16,731 INFO idw_p4_cn3  1.208 n=8766
2017-08-20 22:23:16,731 INFO min_all     1.810 n=8766
2017-08-20 22:23:16,731 INFO max_dt      2.282 n=7206
2017-08-20 22:23:16,731 INFO median_cn5  1.418 n=8766
2017-08-20 22:23:16,731 INFO min_cn3     1.069 n=8766
2017-08-20 22:23:16,732 INFO min_dt      1.022 n=7206
2017-08-20 22:23:16,732 INFO max_cn3     2.136 n=8766
2017-08-20 22:23:16,732 INFO idw_p1_dt   1.342 n=7206
2017-08-20 22:23:16,732 INFO median_cn3  1.391 n=8766
2017-08-20 22:23:16,732 INFO mean_all    1.520 n=8766
2017-08-20 22:23:16,732 INFO idw_p3_cn3  1.210 n=8766
2017-08-20 22:23:16,732 INFO idw_p3_all  1.210 n=8766
2017-08-20 22:23:16,732 INFO mean_cn5    1.441 n=8766
2017-08-20 22:23:16,732 INFO idw_p2_cn3  1.225 n=8766
2017-08-20 22:23:16,732 INFO idw_p4_cn5  1.207 n=8766
2017-08-20 22:23:16,732 INFO mean_dt     1.433 n=7206
2017-08-20 22:23:16,733 INFO idw_p4_all  1.201 n=8766
2017-08-20 22:23:16,733 INFO median_dt   1.323 n=7206
2017-08-20 22:23:16,733 INFO idw_p1_all  1.444 n=8766
2017-08-20 22:23:16,733 INFO max_all     3.217 n=8766
2017-08-20 22:23:16,733 INFO idw_p1_cn3  1.287 n=8766
2017-08-20 22:23:16,733 INFO idw_p3_dt   1.329 n=7206
2017-08-20 22:23:16,733 INFO end method list
2017-08-20 22:23:16,897 INFO interpolate for LWM
2017-08-20 22:23:16,897 INFO currently at 4 out of 10
2017-08-20 22:23:16,897 INFO use IHAMBURG1152 IHAMBURG1236 IHAMBURG61 IHAMBURG1494 IHAMBURG64 IHAMBURG256 IHAMBURG2024 IHAMBURG1002 IHAMBURG1540 IHAMBURG123 IHAMBURG1098 IHAMBURG1230 IHAMBURG789 IHAMBURG131 IHAMBURG1462 IHAMBURG363 IHAMBURG367 IWINSENL6 IHAMBURG1208 IHAMBURG737 IHAMBURG250 IHAMBURG2052 IHAMBURG604 IHAMBURG610 IHAMBURG439 INORDERS21 IHAMBURG218 IHAMBURG1082 IHAMBURG1421 IHAMBURG1234 IHAMBURG84 IHAMBURG1411 IHAMBURG1184 IHAMBURG340 IHAMBURG479 IHAMBURG460 IHAMBURG1068 IHAMBURG481 IHAMBURG289 IHAMBURG778 IHAMBURG128 IHAMBURG1118 IHAMBURG237 IHHHELLB2 IHAMBURG1058 IHAMBURG308 IHAMBURG709 IHAMBURG417 IHAMBURG465 IHAMBURG469 IHAMBURG938 IHAMBURG1600 IHAMBURG1360 IHAMBURG175 IHAMBURG50 IHAMBURG471 IHAMBURG435 IHHBERGS2 IHAMBURG640 IHAMBURG832 IHAMBURG1504 IHAMBURG209 IHAMBURG333 IHAMBURG180 IHAMBURG1300 IHAMBURG489 IHAMBURG998 IHAMBURG741 IHAMBURG1044 IHAMBURG565 IHAMBURG2026 IHAMBURG69 IHAMBURG154 IHAMBURG1296 IHAMBURG1114 IHAMBURG60 IHAMBURG404 IHAMBURG109 IHAMBURG158 IHAMBURG1797 IHAMBURG1342 IHAMBURG654 IHAMBURG119 IHAMBURG1508 IHAMBURG329 IHAMBURG628 IHAMBURG600 IHAMBURG1458 IHAMBURG487 IHAMBURG56 IHAMBURG844 IHAMBURG353 IHAMBURG684 IHAMBURG1086 IHAMBURG1212 IHAMBURG527 IHAMBURG229 IHAMBURG1136 IHAMBURG1470 IHAMBURG1266 IHAMBURG1216 IHAMBURG1314 IHAMBURG42 IHAMBURG355 IHAMBURG376 IHAMBURG80 IHAMBURG49 IHAMBURG184 IHAMBURG1791 IHAMBURG971 IHAMBURG1194 IHAMBURG648 IHAMBURG1008 IHAMBURG1064 IHAMBURG1192 IHAMBURG258 IHAMBURG1464 IHAMBURG1478 ISEEVETA49 IHAMBURG280 IHAMBURG200 IHAMBURG2025 IHAMBURG53 IOSTSTEI3 IHAMBURG400 IHAMBURG1200 IHAMBURG98 IHAMBURG1548 IHAMBURG1076 IHAMBURG450 IHAMBURG540 IHAMBURG731 IHAMBURG1372 IHAMBURG1830 IHAMBURG222 IHAMBURG1128 IHAMBURG1188 IHAMBURG199 IHAMBURG1150 IHAMBURG454 IHAMBURG361
2017-08-20 22:32:12,603 INFO idw_p2_all  1.490 n=8517
2017-08-20 22:32:12,604 INFO mean_cn3    1.554 n=8517
2017-08-20 22:32:12,604 INFO idw_p1_cn5  1.471 n=8517
2017-08-20 22:32:12,604 INFO min_cn5     1.077 n=8517
2017-08-20 22:32:12,605 INFO eddh        0.970 n=8508
2017-08-20 22:32:12,605 INFO nn          1.317 n=8517
2017-08-20 22:32:12,605 INFO max_cn5     2.567 n=8517
2017-08-20 22:32:12,605 INFO idw_p3_cn5  1.327 n=8517
2017-08-20 22:32:12,605 INFO idw_p2_cn5  1.376 n=8517
2017-08-20 22:32:12,605 INFO median_all  1.632 n=8517
2017-08-20 22:32:12,605 INFO idw_p4_cn3  1.308 n=8517
2017-08-20 22:32:12,605 INFO min_all     1.770 n=8517
2017-08-20 22:32:12,605 INFO median_cn5  1.540 n=8517
2017-08-20 22:32:12,605 INFO min_cn3     1.135 n=8517
2017-08-20 22:32:12,605 INFO max_cn3     2.274 n=8517
2017-08-20 22:32:12,606 INFO median_cn3  1.492 n=8517
2017-08-20 22:32:12,606 INFO mean_all    1.645 n=8517
2017-08-20 22:32:12,606 INFO idw_p3_cn3  1.322 n=8517
2017-08-20 22:32:12,606 INFO idw_p3_all  1.367 n=8517
2017-08-20 22:32:12,606 INFO mean_cn5    1.583 n=8517
2017-08-20 22:32:12,606 INFO idw_p2_cn3  1.359 n=8517
2017-08-20 22:32:12,606 INFO idw_p4_cn5  1.308 n=8517
2017-08-20 22:32:12,606 INFO idw_p4_all  1.311 n=8517
2017-08-20 22:32:12,606 INFO idw_p1_all  1.593 n=8517
2017-08-20 22:32:12,606 INFO max_all     3.366 n=8517
2017-08-20 22:32:12,606 INFO idw_p1_cn3  1.437 n=8517
2017-08-20 22:32:12,607 INFO end method list
2017-08-20 22:32:12,755 INFO interpolate for RIM
2017-08-20 22:32:12,755 INFO currently at 5 out of 10
2017-08-20 22:32:12,755 INFO use IHAMBURG1152 IHAMBURG1236 IHAMBURG61 IHAMBURG1494 IHAMBURG64 IHAMBURG256 IHAMBURG2024 IHAMBURG1002 IHAMBURG1540 IHAMBURG123 IHAMBURG1098 IHAMBURG1230 IHAMBURG789 IHAMBURG131 IHAMBURG1462 IHAMBURG363 IHAMBURG367 IWINSENL6 IHAMBURG1208 IHAMBURG737 IHAMBURG250 IHAMBURG2052 IHAMBURG604 IHAMBURG610 IHAMBURG439 INORDERS21 IHAMBURG218 IHAMBURG1082 IHAMBURG1421 IHAMBURG1234 IHAMBURG84 IHAMBURG1411 IHAMBURG1184 IHAMBURG340 IHAMBURG479 IHAMBURG460 IHAMBURG1068 IHAMBURG481 IHAMBURG289 IHAMBURG778 IHAMBURG128 IHAMBURG1118 IHAMBURG237 IHHHELLB2 IHAMBURG1058 IHAMBURG308 IHAMBURG709 IHAMBURG417 IHAMBURG465 IHAMBURG469 IHAMBURG938 IHAMBURG1600 IHAMBURG1360 IHAMBURG175 IHAMBURG50 IHAMBURG471 IHAMBURG435 IHHBERGS2 IHAMBURG640 IHAMBURG832 IHAMBURG1504 IHAMBURG209 IHAMBURG333 IHAMBURG180 IHAMBURG1300 IHAMBURG489 IHAMBURG998 IHAMBURG741 IHAMBURG1044 IHAMBURG565 IHAMBURG2026 IHAMBURG69 IHAMBURG154 IHAMBURG1296 IHAMBURG1114 IHAMBURG60 IHAMBURG404 IHAMBURG109 IHAMBURG158 IHAMBURG1797 IHAMBURG1342 IHAMBURG654 IHAMBURG119 IHAMBURG1508 IHAMBURG329 IHAMBURG628 IHAMBURG600 IHAMBURG1458 IHAMBURG487 IHAMBURG56 IHAMBURG844 IHAMBURG353 IHAMBURG684 IHAMBURG1086 IHAMBURG1212 IHAMBURG527 IHAMBURG229 IHAMBURG1136 IHAMBURG1470 IHAMBURG1266 IHAMBURG1216 IHAMBURG1314 IHAMBURG42 IHAMBURG355 IHAMBURG376 IHAMBURG80 IHAMBURG49 IHAMBURG184 IHAMBURG1791 IHAMBURG971 IHAMBURG1194 IHAMBURG648 IHAMBURG1008 IHAMBURG1064 IHAMBURG1192 IHAMBURG258 IHAMBURG1464 IHAMBURG1478 ISEEVETA49 IHAMBURG280 IHAMBURG200 IHAMBURG2025 IHAMBURG53 IOSTSTEI3 IHAMBURG400 IHAMBURG1200 IHAMBURG98 IHAMBURG1548 IHAMBURG1076 IHAMBURG450 IHAMBURG540 IHAMBURG731 IHAMBURG1372 IHAMBURG1830 IHAMBURG222 IHAMBURG1128 IHAMBURG1188 IHAMBURG199 IHAMBURG1150 IHAMBURG454 IHAMBURG361
2017-08-20 22:41:07,161 INFO idw_p2_all  1.400 n=8755
2017-08-20 22:41:07,161 INFO mean_cn3    1.654 n=8755
2017-08-20 22:41:07,162 INFO idw_p1_cn5  1.528 n=8755
2017-08-20 22:41:07,162 INFO min_cn5     1.550 n=8755
2017-08-20 22:41:07,162 INFO eddh        0.979 n=8751
2017-08-20 22:41:07,162 INFO nn          1.513 n=8755
2017-08-20 22:41:07,162 INFO max_cn5     2.490 n=8755
2017-08-20 22:41:07,162 INFO idw_p3_cn5  1.435 n=8755
2017-08-20 22:41:07,162 INFO idw_p2_cn5  1.466 n=8755
2017-08-20 22:41:07,162 INFO median_all  1.414 n=8755
2017-08-20 22:41:07,162 INFO idw_p4_cn3  1.456 n=8755
2017-08-20 22:41:07,162 INFO min_all     1.993 n=8755
2017-08-20 22:41:07,163 INFO median_cn5  1.686 n=8755
2017-08-20 22:41:07,163 INFO min_cn3     1.498 n=8755
2017-08-20 22:41:07,163 INFO max_cn3     2.395 n=8755
2017-08-20 22:41:07,163 INFO median_cn3  1.805 n=8755
2017-08-20 22:41:07,163 INFO mean_all    1.428 n=8755
2017-08-20 22:41:07,163 INFO idw_p3_cn3  1.451 n=8755
2017-08-20 22:41:07,163 INFO idw_p3_all  1.351 n=8755
2017-08-20 22:41:07,163 INFO mean_cn5    1.595 n=8755
2017-08-20 22:41:07,163 INFO idw_p2_cn3  1.475 n=8755
2017-08-20 22:41:07,163 INFO idw_p4_cn5  1.438 n=8755
2017-08-20 22:41:07,163 INFO idw_p4_all  1.362 n=8755
2017-08-20 22:41:07,164 INFO idw_p1_all  1.433 n=8755
2017-08-20 22:41:07,164 INFO max_all     3.034 n=8755
2017-08-20 22:41:07,164 INFO idw_p1_cn3  1.545 n=8755
2017-08-20 22:41:07,164 INFO end method list
2017-08-20 22:41:07,325 INFO interpolate for SGM
2017-08-20 22:41:07,326 INFO currently at 6 out of 10
2017-08-20 22:41:07,326 INFO use IHAMBURG1152 IHAMBURG1236 IHAMBURG61 IHAMBURG1494 IHAMBURG64 IHAMBURG256 IHAMBURG2024 IHAMBURG1002 IHAMBURG1540 IHAMBURG123 IHAMBURG1098 IHAMBURG1230 IHAMBURG789 IHAMBURG131 IHAMBURG1462 IHAMBURG363 IHAMBURG367 IWINSENL6 IHAMBURG1208 IHAMBURG737 IHAMBURG250 IHAMBURG2052 IHAMBURG604 IHAMBURG610 IHAMBURG439 INORDERS21 IHAMBURG218 IHAMBURG1082 IHAMBURG1421 IHAMBURG1234 IHAMBURG84 IHAMBURG1411 IHAMBURG1184 IHAMBURG340 IHAMBURG479 IHAMBURG460 IHAMBURG1068 IHAMBURG481 IHAMBURG289 IHAMBURG778 IHAMBURG128 IHAMBURG1118 IHAMBURG237 IHHHELLB2 IHAMBURG1058 IHAMBURG308 IHAMBURG709 IHAMBURG417 IHAMBURG465 IHAMBURG469 IHAMBURG938 IHAMBURG1600 IHAMBURG1360 IHAMBURG175 IHAMBURG50 IHAMBURG471 IHAMBURG435 IHHBERGS2 IHAMBURG640 IHAMBURG832 IHAMBURG1504 IHAMBURG209 IHAMBURG333 IHAMBURG180 IHAMBURG1300 IHAMBURG489 IHAMBURG998 IHAMBURG741 IHAMBURG1044 IHAMBURG565 IHAMBURG2026 IHAMBURG69 IHAMBURG154 IHAMBURG1296 IHAMBURG1114 IHAMBURG60 IHAMBURG404 IHAMBURG109 IHAMBURG158 IHAMBURG1797 IHAMBURG1342 IHAMBURG654 IHAMBURG119 IHAMBURG1508 IHAMBURG329 IHAMBURG628 IHAMBURG600 IHAMBURG1458 IHAMBURG487 IHAMBURG56 IHAMBURG844 IHAMBURG353 IHAMBURG684 IHAMBURG1086 IHAMBURG1212 IHAMBURG527 IHAMBURG229 IHAMBURG1136 IHAMBURG1470 IHAMBURG1266 IHAMBURG1216 IHAMBURG1314 IHAMBURG42 IHAMBURG355 IHAMBURG376 IHAMBURG80 IHAMBURG49 IHAMBURG184 IHAMBURG1791 IHAMBURG971 IHAMBURG1194 IHAMBURG648 IHAMBURG1008 IHAMBURG1064 IHAMBURG1192 IHAMBURG258 IHAMBURG1464 IHAMBURG1478 ISEEVETA49 IHAMBURG280 IHAMBURG200 IHAMBURG2025 IHAMBURG53 IOSTSTEI3 IHAMBURG400 IHAMBURG1200 IHAMBURG98 IHAMBURG1548 IHAMBURG1076 IHAMBURG450 IHAMBURG540 IHAMBURG731 IHAMBURG1372 IHAMBURG1830 IHAMBURG222 IHAMBURG1128 IHAMBURG1188 IHAMBURG199 IHAMBURG1150 IHAMBURG454 IHAMBURG361
2017-08-20 22:50:07,454 INFO idw_p2_all  1.437 n=8780
2017-08-20 22:50:07,455 INFO mean_cn3    1.543 n=8780
2017-08-20 22:50:07,455 INFO idw_p1_cn5  1.405 n=8780
2017-08-20 22:50:07,455 INFO min_cn5     1.080 n=8780
2017-08-20 22:50:07,455 INFO eddh        0.737 n=8773
2017-08-20 22:50:07,455 INFO nn          1.823 n=8780
2017-08-20 22:50:07,455 INFO max_cn5     2.173 n=8780
2017-08-20 22:50:07,456 INFO idw_p2_dt   1.457 n=8634
2017-08-20 22:50:07,456 INFO idw_p4_dt   1.592 n=8634
2017-08-20 22:50:07,456 INFO idw_p2_cn5  1.445 n=8780
2017-08-20 22:50:07,456 INFO median_all  1.358 n=8780
2017-08-20 22:50:07,456 INFO idw_p4_cn3  1.626 n=8780
2017-08-20 22:50:07,456 INFO idw_p1_dt   1.393 n=8634
2017-08-20 22:50:07,456 INFO idw_p3_all  1.470 n=8780
2017-08-20 22:50:07,456 INFO median_cn5  1.382 n=8780
2017-08-20 22:50:07,456 INFO min_cn3     1.031 n=8780
2017-08-20 22:50:07,456 INFO min_dt      1.158 n=8634
2017-08-20 22:50:07,456 INFO max_cn3     2.070 n=8780
2017-08-20 22:50:07,457 INFO median_cn3  1.700 n=8780
2017-08-20 22:50:07,457 INFO idw_p3_cn5  1.486 n=8780
2017-08-20 22:50:07,457 INFO mean_all    1.373 n=8780
2017-08-20 22:50:07,457 INFO idw_p3_cn3  1.605 n=8780
2017-08-20 22:50:07,457 INFO max_dt      1.981 n=8634
2017-08-20 22:50:07,457 INFO mean_cn5    1.370 n=8780
2017-08-20 22:50:07,457 INFO idw_p2_cn3  1.583 n=8780
2017-08-20 22:50:07,457 INFO idw_p4_cn5  1.528 n=8780
2017-08-20 22:50:07,457 INFO min_all     1.876 n=8780
2017-08-20 22:50:07,457 INFO mean_dt     1.340 n=8634
2017-08-20 22:50:07,457 INFO idw_p4_all  1.512 n=8780
2017-08-20 22:50:07,458 INFO median_dt   1.374 n=8634
2017-08-20 22:50:07,458 INFO idw_p1_all  1.407 n=8780
2017-08-20 22:50:07,458 INFO max_all     3.041 n=8780
2017-08-20 22:50:07,458 INFO idw_p1_cn3  1.563 n=8780
2017-08-20 22:50:07,458 INFO idw_p3_dt   1.526 n=8634
2017-08-20 22:50:07,458 INFO end method list
2017-08-20 22:50:07,627 INFO interpolate for SWM
2017-08-20 22:50:07,628 INFO currently at 7 out of 10
2017-08-20 22:50:07,628 INFO use IHAMBURG1152 IHAMBURG1236 IHAMBURG61 IHAMBURG1494 IHAMBURG64 IHAMBURG256 IHAMBURG2024 IHAMBURG1002 IHAMBURG1540 IHAMBURG123 IHAMBURG1098 IHAMBURG1230 IHAMBURG789 IHAMBURG131 IHAMBURG1462 IHAMBURG363 IHAMBURG367 IWINSENL6 IHAMBURG1208 IHAMBURG737 IHAMBURG250 IHAMBURG2052 IHAMBURG604 IHAMBURG610 IHAMBURG439 INORDERS21 IHAMBURG218 IHAMBURG1082 IHAMBURG1421 IHAMBURG1234 IHAMBURG84 IHAMBURG1411 IHAMBURG1184 IHAMBURG340 IHAMBURG479 IHAMBURG460 IHAMBURG1068 IHAMBURG481 IHAMBURG289 IHAMBURG778 IHAMBURG128 IHAMBURG1118 IHAMBURG237 IHHHELLB2 IHAMBURG1058 IHAMBURG308 IHAMBURG709 IHAMBURG417 IHAMBURG465 IHAMBURG469 IHAMBURG938 IHAMBURG1600 IHAMBURG1360 IHAMBURG175 IHAMBURG50 IHAMBURG471 IHAMBURG435 IHHBERGS2 IHAMBURG640 IHAMBURG832 IHAMBURG1504 IHAMBURG209 IHAMBURG333 IHAMBURG180 IHAMBURG1300 IHAMBURG489 IHAMBURG998 IHAMBURG741 IHAMBURG1044 IHAMBURG565 IHAMBURG2026 IHAMBURG69 IHAMBURG154 IHAMBURG1296 IHAMBURG1114 IHAMBURG60 IHAMBURG404 IHAMBURG109 IHAMBURG158 IHAMBURG1797 IHAMBURG1342 IHAMBURG654 IHAMBURG119 IHAMBURG1508 IHAMBURG329 IHAMBURG628 IHAMBURG600 IHAMBURG1458 IHAMBURG487 IHAMBURG56 IHAMBURG844 IHAMBURG353 IHAMBURG684 IHAMBURG1086 IHAMBURG1212 IHAMBURG527 IHAMBURG229 IHAMBURG1136 IHAMBURG1470 IHAMBURG1266 IHAMBURG1216 IHAMBURG1314 IHAMBURG42 IHAMBURG355 IHAMBURG376 IHAMBURG80 IHAMBURG49 IHAMBURG184 IHAMBURG1791 IHAMBURG971 IHAMBURG1194 IHAMBURG648 IHAMBURG1008 IHAMBURG1064 IHAMBURG1192 IHAMBURG258 IHAMBURG1464 IHAMBURG1478 ISEEVETA49 IHAMBURG280 IHAMBURG200 IHAMBURG2025 IHAMBURG53 IOSTSTEI3 IHAMBURG400 IHAMBURG1200 IHAMBURG98 IHAMBURG1548 IHAMBURG1076 IHAMBURG450 IHAMBURG540 IHAMBURG731 IHAMBURG1372 IHAMBURG1830 IHAMBURG222 IHAMBURG1128 IHAMBURG1188 IHAMBURG199 IHAMBURG1150 IHAMBURG454 IHAMBURG361
2017-08-20 22:59:05,263 INFO idw_p2_all  1.174 n=8698
2017-08-20 22:59:05,264 INFO mean_cn3    1.132 n=8698
2017-08-20 22:59:05,264 INFO idw_p1_cn5  1.122 n=8698
2017-08-20 22:59:05,264 INFO min_cn5     0.967 n=8698
2017-08-20 22:59:05,264 INFO eddh        0.669 n=8687
2017-08-20 22:59:05,264 INFO nn          1.504 n=8698
2017-08-20 22:59:05,264 INFO max_cn5     1.844 n=8698
2017-08-20 22:59:05,264 INFO idw_p2_dt   1.311 n=8563
2017-08-20 22:59:05,264 INFO idw_p4_dt   1.465 n=8563
2017-08-20 22:59:05,264 INFO idw_p2_cn5  1.269 n=8698
2017-08-20 22:59:05,265 INFO median_all  1.043 n=8698
2017-08-20 22:59:05,265 INFO idw_p4_cn3  1.463 n=8698
2017-08-20 22:59:05,265 INFO idw_p1_dt   1.153 n=8563
2017-08-20 22:59:05,265 INFO idw_p3_all  1.333 n=8698
2017-08-20 22:59:05,265 INFO median_cn5  1.022 n=8698
2017-08-20 22:59:05,265 INFO min_cn3     0.993 n=8698
2017-08-20 22:59:05,265 INFO min_dt      0.999 n=8563
2017-08-20 22:59:05,265 INFO max_cn3     1.771 n=8698
2017-08-20 22:59:05,265 INFO median_cn3  1.362 n=8698
2017-08-20 22:59:05,265 INFO idw_p3_cn5  1.388 n=8698
2017-08-20 22:59:05,265 INFO mean_all    1.045 n=8698
2017-08-20 22:59:05,266 INFO idw_p3_cn3  1.425 n=8698
2017-08-20 22:59:05,266 INFO max_dt      1.658 n=8563
2017-08-20 22:59:05,266 INFO mean_cn5    1.019 n=8698
2017-08-20 22:59:05,266 INFO idw_p2_cn3  1.348 n=8698
2017-08-20 22:59:05,266 INFO idw_p4_cn5  1.450 n=8698
2017-08-20 22:59:05,266 INFO min_all     1.943 n=8698
2017-08-20 22:59:05,266 INFO mean_dt     1.022 n=8563
2017-08-20 22:59:05,266 INFO idw_p4_all  1.433 n=8698
2017-08-20 22:59:05,266 INFO median_dt   1.091 n=8563
2017-08-20 22:59:05,266 INFO idw_p1_all  1.079 n=8698
2017-08-20 22:59:05,266 INFO max_all     2.719 n=8698
2017-08-20 22:59:05,267 INFO idw_p1_cn3  1.234 n=8698
2017-08-20 22:59:05,267 INFO idw_p3_dt   1.415 n=8563
2017-08-20 22:59:05,267 INFO end method list
2017-08-20 22:59:05,422 INFO interpolate for WGM
2017-08-20 22:59:05,423 INFO currently at 8 out of 10
2017-08-20 22:59:05,423 INFO use IHAMBURG1152 IHAMBURG1236 IHAMBURG61 IHAMBURG1494 IHAMBURG64 IHAMBURG256 IHAMBURG2024 IHAMBURG1002 IHAMBURG1540 IHAMBURG123 IHAMBURG1098 IHAMBURG1230 IHAMBURG789 IHAMBURG131 IHAMBURG1462 IHAMBURG363 IHAMBURG367 IWINSENL6 IHAMBURG1208 IHAMBURG737 IHAMBURG250 IHAMBURG2052 IHAMBURG604 IHAMBURG610 IHAMBURG439 INORDERS21 IHAMBURG218 IHAMBURG1082 IHAMBURG1421 IHAMBURG1234 IHAMBURG84 IHAMBURG1411 IHAMBURG1184 IHAMBURG340 IHAMBURG479 IHAMBURG460 IHAMBURG1068 IHAMBURG481 IHAMBURG289 IHAMBURG778 IHAMBURG128 IHAMBURG1118 IHAMBURG237 IHHHELLB2 IHAMBURG1058 IHAMBURG308 IHAMBURG709 IHAMBURG417 IHAMBURG465 IHAMBURG469 IHAMBURG938 IHAMBURG1600 IHAMBURG1360 IHAMBURG175 IHAMBURG50 IHAMBURG471 IHAMBURG435 IHHBERGS2 IHAMBURG640 IHAMBURG832 IHAMBURG1504 IHAMBURG209 IHAMBURG333 IHAMBURG180 IHAMBURG1300 IHAMBURG489 IHAMBURG998 IHAMBURG741 IHAMBURG1044 IHAMBURG565 IHAMBURG2026 IHAMBURG69 IHAMBURG154 IHAMBURG1296 IHAMBURG1114 IHAMBURG60 IHAMBURG404 IHAMBURG109 IHAMBURG158 IHAMBURG1797 IHAMBURG1342 IHAMBURG654 IHAMBURG119 IHAMBURG1508 IHAMBURG329 IHAMBURG628 IHAMBURG600 IHAMBURG1458 IHAMBURG487 IHAMBURG56 IHAMBURG844 IHAMBURG353 IHAMBURG684 IHAMBURG1086 IHAMBURG1212 IHAMBURG527 IHAMBURG229 IHAMBURG1136 IHAMBURG1470 IHAMBURG1266 IHAMBURG1216 IHAMBURG1314 IHAMBURG42 IHAMBURG355 IHAMBURG376 IHAMBURG80 IHAMBURG49 IHAMBURG184 IHAMBURG1791 IHAMBURG971 IHAMBURG1194 IHAMBURG648 IHAMBURG1008 IHAMBURG1064 IHAMBURG1192 IHAMBURG258 IHAMBURG1464 IHAMBURG1478 ISEEVETA49 IHAMBURG280 IHAMBURG200 IHAMBURG2025 IHAMBURG53 IOSTSTEI3 IHAMBURG400 IHAMBURG1200 IHAMBURG98 IHAMBURG1548 IHAMBURG1076 IHAMBURG450 IHAMBURG540 IHAMBURG731 IHAMBURG1372 IHAMBURG1830 IHAMBURG222 IHAMBURG1128 IHAMBURG1188 IHAMBURG199 IHAMBURG1150 IHAMBURG454 IHAMBURG361
2017-08-20 23:08:00,350 INFO idw_p2_all  1.007 n=8758
2017-08-20 23:08:00,351 INFO mean_cn3    1.123 n=8758
2017-08-20 23:08:00,351 INFO idw_p1_cn5  1.050 n=8758
2017-08-20 23:08:00,351 INFO min_cn5     0.869 n=8758
2017-08-20 23:08:00,351 INFO eddh        0.893 n=8752
2017-08-20 23:08:00,352 INFO nn          1.040 n=8758
2017-08-20 23:08:00,352 INFO max_cn5     2.089 n=8758
2017-08-20 23:08:00,352 INFO idw_p2_dt   1.021 n=8612
2017-08-20 23:08:00,352 INFO idw_p4_dt   1.027 n=8612
2017-08-20 23:08:00,352 INFO idw_p2_cn5  1.011 n=8758
2017-08-20 23:08:00,352 INFO median_all  1.037 n=8758
2017-08-20 23:08:00,352 INFO idw_p4_cn3  1.009 n=8758
2017-08-20 23:08:00,352 INFO idw_p1_dt   1.012 n=8612
2017-08-20 23:08:00,352 INFO idw_p3_all  1.007 n=8758
2017-08-20 23:08:00,352 INFO median_cn5  1.159 n=8758
2017-08-20 23:08:00,352 INFO min_cn3     0.841 n=8758
2017-08-20 23:08:00,353 INFO min_dt      0.936 n=8612
2017-08-20 23:08:00,353 INFO max_cn3     1.852 n=8758
2017-08-20 23:08:00,353 INFO median_cn3  1.077 n=8758
2017-08-20 23:08:00,353 INFO idw_p3_cn5  1.009 n=8758
2017-08-20 23:08:00,353 INFO mean_all    1.044 n=8758
2017-08-20 23:08:00,353 INFO idw_p3_cn3  1.009 n=8758
2017-08-20 23:08:00,353 INFO max_dt      1.809 n=8612
2017-08-20 23:08:00,353 INFO mean_cn5    1.204 n=8758
2017-08-20 23:08:00,353 INFO idw_p2_cn3  1.007 n=8758
2017-08-20 23:08:00,353 INFO idw_p4_cn5  1.010 n=8758
2017-08-20 23:08:00,354 INFO min_all     2.109 n=8758
2017-08-20 23:08:00,354 INFO mean_dt     1.093 n=8612
2017-08-20 23:08:00,354 INFO idw_p4_all  1.008 n=8758
2017-08-20 23:08:00,354 INFO median_dt   1.118 n=8612
2017-08-20 23:08:00,354 INFO idw_p1_all  1.052 n=8758
2017-08-20 23:08:00,354 INFO max_all     2.626 n=8758
2017-08-20 23:08:00,354 INFO idw_p1_cn3  1.015 n=8758
2017-08-20 23:08:00,354 INFO idw_p3_dt   1.024 n=8612
2017-08-20 23:08:00,354 INFO end method list
2017-08-20 23:08:00,520 INFO interpolate for WWM
2017-08-20 23:08:00,521 INFO currently at 9 out of 10
2017-08-20 23:08:00,521 INFO use IHAMBURG1152 IHAMBURG1236 IHAMBURG61 IHAMBURG1494 IHAMBURG64 IHAMBURG256 IHAMBURG2024 IHAMBURG1002 IHAMBURG1540 IHAMBURG123 IHAMBURG1098 IHAMBURG1230 IHAMBURG789 IHAMBURG131 IHAMBURG1462 IHAMBURG363 IHAMBURG367 IWINSENL6 IHAMBURG1208 IHAMBURG737 IHAMBURG250 IHAMBURG2052 IHAMBURG604 IHAMBURG610 IHAMBURG439 INORDERS21 IHAMBURG218 IHAMBURG1082 IHAMBURG1421 IHAMBURG1234 IHAMBURG84 IHAMBURG1411 IHAMBURG1184 IHAMBURG340 IHAMBURG479 IHAMBURG460 IHAMBURG1068 IHAMBURG481 IHAMBURG289 IHAMBURG778 IHAMBURG128 IHAMBURG1118 IHAMBURG237 IHHHELLB2 IHAMBURG1058 IHAMBURG308 IHAMBURG709 IHAMBURG417 IHAMBURG465 IHAMBURG469 IHAMBURG938 IHAMBURG1600 IHAMBURG1360 IHAMBURG175 IHAMBURG50 IHAMBURG471 IHAMBURG435 IHHBERGS2 IHAMBURG640 IHAMBURG832 IHAMBURG1504 IHAMBURG209 IHAMBURG333 IHAMBURG180 IHAMBURG1300 IHAMBURG489 IHAMBURG998 IHAMBURG741 IHAMBURG1044 IHAMBURG565 IHAMBURG2026 IHAMBURG69 IHAMBURG154 IHAMBURG1296 IHAMBURG1114 IHAMBURG60 IHAMBURG404 IHAMBURG109 IHAMBURG158 IHAMBURG1797 IHAMBURG1342 IHAMBURG654 IHAMBURG119 IHAMBURG1508 IHAMBURG329 IHAMBURG628 IHAMBURG600 IHAMBURG1458 IHAMBURG487 IHAMBURG56 IHAMBURG844 IHAMBURG353 IHAMBURG684 IHAMBURG1086 IHAMBURG1212 IHAMBURG527 IHAMBURG229 IHAMBURG1136 IHAMBURG1470 IHAMBURG1266 IHAMBURG1216 IHAMBURG1314 IHAMBURG42 IHAMBURG355 IHAMBURG376 IHAMBURG80 IHAMBURG49 IHAMBURG184 IHAMBURG1791 IHAMBURG971 IHAMBURG1194 IHAMBURG648 IHAMBURG1008 IHAMBURG1064 IHAMBURG1192 IHAMBURG258 IHAMBURG1464 IHAMBURG1478 ISEEVETA49 IHAMBURG280 IHAMBURG200 IHAMBURG2025 IHAMBURG53 IOSTSTEI3 IHAMBURG400 IHAMBURG1200 IHAMBURG98 IHAMBURG1548 IHAMBURG1076 IHAMBURG450 IHAMBURG540 IHAMBURG731 IHAMBURG1372 IHAMBURG1830 IHAMBURG222 IHAMBURG1128 IHAMBURG1188 IHAMBURG199 IHAMBURG1150 IHAMBURG454 IHAMBURG361
2017-08-20 23:16:57,181 INFO idw_p2_all  1.036 n=8780
2017-08-20 23:16:57,182 INFO mean_cn3    1.096 n=8780
2017-08-20 23:16:57,182 INFO idw_p1_cn5  1.075 n=8780
2017-08-20 23:16:57,182 INFO min_cn5     0.729 n=8780
2017-08-20 23:16:57,182 INFO eddh        1.015 n=8771
2017-08-20 23:16:57,182 INFO nn          0.998 n=8780
2017-08-20 23:16:57,182 INFO max_cn5     2.139 n=8780
2017-08-20 23:16:57,182 INFO idw_p2_dt   0.974 n=8624
2017-08-20 23:16:57,183 INFO idw_p4_dt   0.979 n=8624
2017-08-20 23:16:57,183 INFO idw_p2_cn5  0.998 n=8780
2017-08-20 23:16:57,183 INFO median_all  1.037 n=8780
2017-08-20 23:16:57,183 INFO idw_p4_cn3  0.968 n=8780
2017-08-20 23:16:57,183 INFO idw_p1_dt   0.992 n=8624
2017-08-20 23:16:57,183 INFO idw_p3_all  0.983 n=8780
2017-08-20 23:16:57,183 INFO median_cn5  1.100 n=8780
2017-08-20 23:16:57,183 INFO min_cn3     0.718 n=8780
2017-08-20 23:16:57,183 INFO min_dt      0.818 n=8624
2017-08-20 23:16:57,183 INFO max_cn3     1.876 n=8780
2017-08-20 23:16:57,183 INFO median_cn3  1.029 n=8780
2017-08-20 23:16:57,184 INFO idw_p3_cn5  0.976 n=8780
2017-08-20 23:16:57,184 INFO mean_all    1.048 n=8780
2017-08-20 23:16:57,184 INFO idw_p3_cn3  0.968 n=8780
2017-08-20 23:16:57,184 INFO max_dt      1.783 n=8624
2017-08-20 23:16:57,184 INFO mean_cn5    1.189 n=8780
2017-08-20 23:16:57,184 INFO idw_p2_cn3  0.974 n=8780
2017-08-20 23:16:57,184 INFO idw_p4_cn5  0.971 n=8780
2017-08-20 23:16:57,184 INFO min_all     2.073 n=8780
2017-08-20 23:16:57,184 INFO mean_dt     1.093 n=8624
2017-08-20 23:16:57,184 INFO idw_p4_all  0.970 n=8780
2017-08-20 23:16:57,184 INFO median_dt   1.019 n=8624
2017-08-20 23:16:57,184 INFO idw_p1_all  1.072 n=8780
2017-08-20 23:16:57,185 INFO max_all     2.664 n=8780
2017-08-20 23:16:57,185 INFO idw_p1_cn3  1.007 n=8780
2017-08-20 23:16:57,185 INFO idw_p3_dt   0.977 n=8624
2017-08-20 23:16:57,185 INFO end method list
2017-08-20 23:16:57,349 INFO interpolate for ZOM
2017-08-20 23:16:57,350 INFO currently at 10 out of 10
2017-08-20 23:16:57,350 INFO use IHAMBURG1152 IHAMBURG1236 IHAMBURG61 IHAMBURG1494 IHAMBURG64 IHAMBURG256 IHAMBURG2024 IHAMBURG1002 IHAMBURG1540 IHAMBURG123 IHAMBURG1098 IHAMBURG1230 IHAMBURG789 IHAMBURG131 IHAMBURG1462 IHAMBURG363 IHAMBURG367 IWINSENL6 IHAMBURG1208 IHAMBURG737 IHAMBURG250 IHAMBURG2052 IHAMBURG604 IHAMBURG610 IHAMBURG439 INORDERS21 IHAMBURG218 IHAMBURG1082 IHAMBURG1421 IHAMBURG1234 IHAMBURG84 IHAMBURG1411 IHAMBURG1184 IHAMBURG340 IHAMBURG479 IHAMBURG460 IHAMBURG1068 IHAMBURG481 IHAMBURG289 IHAMBURG778 IHAMBURG128 IHAMBURG1118 IHAMBURG237 IHHHELLB2 IHAMBURG1058 IHAMBURG308 IHAMBURG709 IHAMBURG417 IHAMBURG465 IHAMBURG469 IHAMBURG938 IHAMBURG1600 IHAMBURG1360 IHAMBURG175 IHAMBURG50 IHAMBURG471 IHAMBURG435 IHHBERGS2 IHAMBURG640 IHAMBURG832 IHAMBURG1504 IHAMBURG209 IHAMBURG333 IHAMBURG180 IHAMBURG1300 IHAMBURG489 IHAMBURG998 IHAMBURG741 IHAMBURG1044 IHAMBURG565 IHAMBURG2026 IHAMBURG69 IHAMBURG154 IHAMBURG1296 IHAMBURG1114 IHAMBURG60 IHAMBURG404 IHAMBURG109 IHAMBURG158 IHAMBURG1797 IHAMBURG1342 IHAMBURG654 IHAMBURG119 IHAMBURG1508 IHAMBURG329 IHAMBURG628 IHAMBURG600 IHAMBURG1458 IHAMBURG487 IHAMBURG56 IHAMBURG844 IHAMBURG353 IHAMBURG684 IHAMBURG1086 IHAMBURG1212 IHAMBURG527 IHAMBURG229 IHAMBURG1136 IHAMBURG1470 IHAMBURG1266 IHAMBURG1216 IHAMBURG1314 IHAMBURG42 IHAMBURG355 IHAMBURG376 IHAMBURG80 IHAMBURG49 IHAMBURG184 IHAMBURG1791 IHAMBURG971 IHAMBURG1194 IHAMBURG648 IHAMBURG1008 IHAMBURG1064 IHAMBURG1192 IHAMBURG258 IHAMBURG1464 IHAMBURG1478 ISEEVETA49 IHAMBURG280 IHAMBURG200 IHAMBURG2025 IHAMBURG53 IOSTSTEI3 IHAMBURG400 IHAMBURG1200 IHAMBURG98 IHAMBURG1548 IHAMBURG1076 IHAMBURG450 IHAMBURG540 IHAMBURG731 IHAMBURG1372 IHAMBURG1830 IHAMBURG222 IHAMBURG1128 IHAMBURG1188 IHAMBURG199 IHAMBURG1150 IHAMBURG454 IHAMBURG361
2017-08-20 23:25:55,440 INFO idw_p2_all  0.690 n=8769
2017-08-20 23:25:55,441 INFO mean_cn3    0.661 n=8769
2017-08-20 23:25:55,441 INFO idw_p1_cn5  0.642 n=8769
2017-08-20 23:25:55,441 INFO min_cn5     0.971 n=8769
2017-08-20 23:25:55,441 INFO eddh        1.117 n=8763
2017-08-20 23:25:55,441 INFO nn          0.658 n=8769
2017-08-20 23:25:55,441 INFO max_cn5     1.427 n=8769
2017-08-20 23:25:55,441 INFO idw_p2_dt   0.648 n=8593
2017-08-20 23:25:55,441 INFO idw_p4_dt   0.651 n=8593
2017-08-20 23:25:55,441 INFO idw_p2_cn5  0.622 n=8769
2017-08-20 23:25:55,442 INFO median_all  0.740 n=8769
2017-08-20 23:25:55,442 INFO idw_p4_cn3  0.643 n=8769
2017-08-20 23:25:55,442 INFO idw_p1_dt   0.694 n=8593
2017-08-20 23:25:55,442 INFO idw_p3_all  0.636 n=8769
2017-08-20 23:25:55,442 INFO median_cn5  0.670 n=8769
2017-08-20 23:25:55,442 INFO min_cn3     0.825 n=8769
2017-08-20 23:25:55,442 INFO min_dt      0.887 n=8593
2017-08-20 23:25:55,442 INFO max_cn3     1.034 n=8769
2017-08-20 23:25:55,442 INFO median_cn3  0.682 n=8769
2017-08-20 23:25:55,442 INFO idw_p3_cn5  0.632 n=8769
2017-08-20 23:25:55,442 INFO mean_all    0.750 n=8769
2017-08-20 23:25:55,443 INFO idw_p3_cn3  0.632 n=8769
2017-08-20 23:25:55,443 INFO max_dt      1.563 n=8593
2017-08-20 23:25:55,443 INFO mean_cn5    0.694 n=8769
2017-08-20 23:25:55,443 INFO idw_p2_cn3  0.615 n=8769
2017-08-20 23:25:55,443 INFO idw_p4_cn5  0.642 n=8769
2017-08-20 23:25:55,443 INFO min_all     2.439 n=8769
2017-08-20 23:25:55,443 INFO mean_dt     0.846 n=8593
2017-08-20 23:25:55,443 INFO idw_p4_all  0.639 n=8769
2017-08-20 23:25:55,443 INFO median_dt   0.792 n=8593
2017-08-20 23:25:55,443 INFO idw_p1_all  0.739 n=8769
2017-08-20 23:25:55,443 INFO max_all     2.176 n=8769
2017-08-20 23:25:55,444 INFO idw_p1_cn3  0.612 n=8769
2017-08-20 23:25:55,444 INFO idw_p3_dt   0.648 n=8593
2017-08-20 23:25:55,444 INFO end method list
2017-08-20 23:25:55,668 INFO idw_p1_cn5  1.14333 n=87385
2017-08-20 23:25:55,669 INFO median_dt   1.04947 n=67561
2017-08-20 23:25:55,669 INFO eddh        1.04018 n=87310
2017-08-20 23:25:55,669 INFO nn          1.22606 n=87385
2017-08-20 23:25:55,670 INFO max_cn5     2.00246 n=87385
2017-08-20 23:25:55,670 INFO idw_p2_dt   1.06834 n=67561
2017-08-20 23:25:55,670 INFO max_all     2.67402 n=87385
2017-08-20 23:25:55,670 INFO min_all     2.18659 n=87385
2017-08-20 23:25:55,671 INFO mean_dt     1.05388 n=67561
2017-08-20 23:25:55,671 INFO min_cn3     0.99025 n=87385
2017-08-20 23:25:55,671 INFO min_dt      0.97146 n=67561
2017-08-20 23:25:55,671 INFO mean_all    1.16642 n=87385
2017-08-20 23:25:55,672 INFO idw_p3_all  1.11629 n=87385
2017-08-20 23:25:55,672 INFO max_dt      1.67555 n=67561
2017-08-20 23:25:55,672 INFO mean_cn5    1.19099 n=87385
2017-08-20 23:25:55,672 INFO idw_p2_cn3  1.15536 n=87385
2017-08-20 23:25:55,673 INFO idw_p1_all  1.14824 n=87385
2017-08-20 23:25:55,673 INFO idw_p1_cn3  1.16596 n=87385
2017-08-20 23:25:55,673 INFO idw_p2_all  1.12839 n=87385
2017-08-20 23:25:55,674 INFO mean_cn3    1.21406 n=87385
2017-08-20 23:25:55,674 INFO idw_p3_cn5  1.13580 n=87385
2017-08-20 23:25:55,674 INFO min_cn5     1.03989 n=87385
2017-08-20 23:25:55,674 INFO idw_p4_dt   1.12458 n=67561
2017-08-20 23:25:55,675 INFO idw_p2_cn5  1.12843 n=87385
2017-08-20 23:25:55,675 INFO median_all  1.15985 n=87385
2017-08-20 23:25:55,675 INFO idw_p4_cn3  1.16767 n=87385
2017-08-20 23:25:55,675 INFO idw_p1_dt   1.03685 n=67561
2017-08-20 23:25:55,676 INFO median_cn5  1.18696 n=87385
2017-08-20 23:25:55,676 INFO max_cn3     1.81602 n=87385
2017-08-20 23:25:55,676 INFO median_cn3  1.26202 n=87385
2017-08-20 23:25:55,676 INFO idw_p3_cn3  1.15999 n=87385
2017-08-20 23:25:55,677 INFO idw_p4_cn5  1.14812 n=87385
2017-08-20 23:25:55,677 INFO idw_p3_dt   1.10094 n=67561
2017-08-20 23:25:55,677 INFO idw_p4_all  1.13013 n=87385
