2017-08-19 23:57:47,544 INFO ### Start new logging
2017-08-19 23:57:47,545 INFO General Overview
2017-08-19 23:57:47,545 INFO targets: HCM IHM LGM LWM RIM SGM SWM WGM WWM ZOM
2017-08-19 23:57:47,545 INFO neighbours: IHAMBURG229 IHAMBURG69 IHAMBURG184 IHAMBURG1548 IHAMBURG403 IHAMBURG469 IHAMBURG214 IHAMBURG1194 IHAMBURG289 IHAMBURG604 IHAMBURG465 IHAMBURG1128 IHAMBURG600 IHAMBURG772 IHAMBURG376 IHAMBURG741 IHAMBURG1142 IHAMBURG1186 IHAMBURG80 IHAMBURG499 IHAMBURG154 IHHRISSE2 IHAMBURG1208 IHAMBURG656 IHAMBURG128 IHAMBURG1360 IHAMBURG1098 IHAMBURG1192 IHAMBURG646 IHAMBURG1234 IHAMBURG50 IHAMBURG998 IHAMBURG119 IHAMBURG565 IHAMBURG98 IHAMBURG2052 IHAMBURG1504 IHAMBURG1296 IHAMBURG168 IHAMBURG1200 IHAMBURG971 IHAMBURG104 IHAMBURG1236 IHAMBURG789 IHAMBURG1787 IHAMBURG2025 IHAMBURG1508 IHAMBURG367 IHAMBURG230 IHAMBURG628 IHAMBURG1204 IHAMBURG1102 IHAMBURG1830 IHAMBURG1832 IHAMBURG363 IHAMBURG340 IHAMBURG1346 IHAMBURG1136 IHAMBURG53 IHAMBURG1144 IHAMBURG68 IHAMBURG209 IHAMBURG1002 IHAMBURG237 IHAMBURG258 IHAMBURG400 IHAMBURG2024 IHAMBURG1306 IHAMBURG731 IHAMBURG1462 IHAMBURG61 IHAMBURG1342 IHAMBURG1458 IHAMBURG192 IHAMBURG1184 IHAMBURG540 IHAMBURG1540 IHAMBURG1391 IHAMBURG778 IHAMBURG380 IHHHELLB2 IHAMBURG450 IHAMBURG1266 IHAMBURG1797 IHAMBURG1172 IOSTSTEI3 IHAMBURG1188 IHAMBURG1464 IHAMBURG550 IHAMBURG60 IHAMBURG479 IHAMBURG844 IHAMBURG405 IHAMBURG1036 IHAMBURG1300 IHAMBURG285 IHAMBURG487 IHAMBURG180 IHAMBURG42 IHAMBURG737 ISEEVETA49 IHAMBURG1082 IHAMBURG514 IWINSENL6 IHAMBURG1470 IHAMBURG56 IHAMBURG200 IHAMBURG1302 IHAMBURG439 IHAMBURG333 IHAMBURG684 IHAMBURG1783 IHAMBURG481 IHAMBURG316 IHAMBURG256 IHAMBURG460 IHAMBURG654 IHAMBURG1044 IHAMBURG1150 IHAMBURG1254 IHAMBURG250 IHAMBURG1411 IHAMBURG1154 IHAMBURG175 IHAMBURG280 IHAMBURG640 IHAMBURG417 IHAMBURG123 IHAMBURG664 IHAMBURG109 IHAMBURG1064 IHAMBURG938 IHAMBURG914 IHAMBURG108 IHAMBURG195 IHAMBURG1791 IHAMBURG204 IHAMBURG1421 INORDERS21 IHAMBURG1368 IHAMBURG2029 IHAMBURG365 IHAMBURG709 IHAMBURG361 IHAMBURG471 IHAMBURG113 IHAMBURG353 IHAMBURG1216 IHAMBURG219 IHAMBURG1134 IHAMBURG142 IHAMBURG803 IHHMEIEN2 IHAMBURG1494 IHAMBURG404 IHAMBURG527 IHAMBURG329 IHAMBURG206 IHAMBURG2026 IHAMBURG1086 IHAMBURG1538 IHAMBURG338 IHAMBURG49 IHAMBURG610 IHAMBURG1152 IHAMBURG172 IHAMBURG199 IHAMBURG1068 IHAMBURG1058 IHAMBURG308 IHAMBURG693 IHAMBURG1478 IHHBERGS2 IHAMBURG1212 IHAMBURG832 IHAMBURG375 IHAMBURG1284 IHAMBURG454 IHAMBURG162 IHAMBURG1076 IHAMBURG1008 IHAMBURG1108 IHAMBURG1110 IHAMBURG1114 IHAMBURG1118 IHAMBURG1230 IHAMBURG1252 IHAMBURG131 IHAMBURG1314 IHAMBURG1372 IHAMBURG1377 IHAMBURG158 IHAMBURG1586 IHAMBURG1600 IHAMBURG218 IHAMBURG222 IHAMBURG355 IHAMBURG435 IHAMBURG489 IHAMBURG64 IHAMBURG648 IHAMBURG84
2017-08-19 23:57:47,546 INFO End overview
2017-08-19 23:57:47,546 INFO Several Runs
2017-08-19 23:57:47,546 INFO end targets
2017-08-19 23:57:47,546 INFO overall results
2017-08-19 23:57:47,546 INFO interpolate for HCM
2017-08-19 23:57:47,546 INFO currently at 1 out of 10
2017-08-19 23:57:47,546 INFO use IHAMBURG229 IHAMBURG69 IHAMBURG184 IHAMBURG1548 IHAMBURG403 IHAMBURG469 IHAMBURG214 IHAMBURG1194 IHAMBURG289 IHAMBURG604 IHAMBURG465 IHAMBURG1128 IHAMBURG600 IHAMBURG772 IHAMBURG376 IHAMBURG741 IHAMBURG1142 IHAMBURG1186 IHAMBURG80 IHAMBURG499 IHAMBURG154 IHHRISSE2 IHAMBURG1208 IHAMBURG656 IHAMBURG128 IHAMBURG1360 IHAMBURG1098 IHAMBURG1192 IHAMBURG646 IHAMBURG1234 IHAMBURG50 IHAMBURG998 IHAMBURG119 IHAMBURG565 IHAMBURG98 IHAMBURG2052 IHAMBURG1504 IHAMBURG1296 IHAMBURG168 IHAMBURG1200 IHAMBURG971 IHAMBURG104 IHAMBURG1236 IHAMBURG789 IHAMBURG1787 IHAMBURG2025 IHAMBURG1508 IHAMBURG367 IHAMBURG230 IHAMBURG628 IHAMBURG1204 IHAMBURG1102 IHAMBURG1830 IHAMBURG1832 IHAMBURG363 IHAMBURG340 IHAMBURG1346 IHAMBURG1136 IHAMBURG53 IHAMBURG1144 IHAMBURG68 IHAMBURG209 IHAMBURG1002 IHAMBURG237 IHAMBURG258 IHAMBURG400 IHAMBURG2024 IHAMBURG1306 IHAMBURG731 IHAMBURG1462 IHAMBURG61 IHAMBURG1342 IHAMBURG1458 IHAMBURG192 IHAMBURG1184 IHAMBURG540 IHAMBURG1540 IHAMBURG1391 IHAMBURG778 IHAMBURG380 IHHHELLB2 IHAMBURG450 IHAMBURG1266 IHAMBURG1797 IHAMBURG1172 IOSTSTEI3 IHAMBURG1188 IHAMBURG1464 IHAMBURG550 IHAMBURG60 IHAMBURG479 IHAMBURG844 IHAMBURG405 IHAMBURG1036 IHAMBURG1300 IHAMBURG285 IHAMBURG487 IHAMBURG180 IHAMBURG42 IHAMBURG737 ISEEVETA49 IHAMBURG1082 IHAMBURG514 IWINSENL6 IHAMBURG1470 IHAMBURG56 IHAMBURG200 IHAMBURG1302 IHAMBURG439 IHAMBURG333 IHAMBURG684 IHAMBURG1783 IHAMBURG481 IHAMBURG316 IHAMBURG256 IHAMBURG460 IHAMBURG654 IHAMBURG1044 IHAMBURG1150 IHAMBURG1254 IHAMBURG250 IHAMBURG1411 IHAMBURG1154 IHAMBURG175 IHAMBURG280 IHAMBURG640 IHAMBURG417 IHAMBURG123 IHAMBURG664 IHAMBURG109 IHAMBURG1064 IHAMBURG938 IHAMBURG914 IHAMBURG108 IHAMBURG195 IHAMBURG1791 IHAMBURG204 IHAMBURG1421 INORDERS21 IHAMBURG1368 IHAMBURG2029 IHAMBURG365 IHAMBURG709 IHAMBURG361 IHAMBURG471 IHAMBURG113 IHAMBURG353 IHAMBURG1216 IHAMBURG219 IHAMBURG1134 IHAMBURG142 IHAMBURG803 IHHMEIEN2 IHAMBURG1494 IHAMBURG404 IHAMBURG527 IHAMBURG329 IHAMBURG206 IHAMBURG2026 IHAMBURG1086 IHAMBURG1538 IHAMBURG338 IHAMBURG49 IHAMBURG610 IHAMBURG1152 IHAMBURG172 IHAMBURG199 IHAMBURG1068 IHAMBURG1058 IHAMBURG308 IHAMBURG693 IHAMBURG1478 IHHBERGS2 IHAMBURG1212 IHAMBURG832 IHAMBURG375 IHAMBURG1284 IHAMBURG454 IHAMBURG162 IHAMBURG1076 IHAMBURG1008 IHAMBURG1108 IHAMBURG1110 IHAMBURG1114 IHAMBURG1118 IHAMBURG1230 IHAMBURG1252 IHAMBURG131 IHAMBURG1314 IHAMBURG1372 IHAMBURG1377 IHAMBURG158 IHAMBURG1586 IHAMBURG1600 IHAMBURG218 IHAMBURG222 IHAMBURG355 IHAMBURG435 IHAMBURG489 IHAMBURG64 IHAMBURG648 IHAMBURG84
2017-08-20 00:10:45,347 INFO idw_p1_cn5  0.824 n=8784
2017-08-20 00:10:45,348 INFO idw_p3_cn3  0.873 n=8784
2017-08-20 00:10:45,348 INFO nn          0.891 n=8784
2017-08-20 00:10:45,349 INFO idw_p4_all  0.867 n=8784
2017-08-20 00:10:45,349 INFO mean_cn3    0.761 n=8784
2017-08-20 00:10:45,349 INFO idw_p1_all  0.505 n=8784
2017-08-20 00:10:45,349 INFO max_dt      1.092 n=8670
2017-08-20 00:10:45,349 INFO idw_p4_cn5  0.873 n=8784
2017-08-20 00:10:45,350 INFO idw_p1_cn3  0.837 n=8784
2017-08-20 00:10:45,350 INFO max_cn3     1.128 n=8784
2017-08-20 00:10:45,350 INFO min_cn5     0.840 n=8784
2017-08-20 00:10:45,350 INFO idw_p4_cn3  0.875 n=8784
2017-08-20 00:10:45,350 INFO median_cn3  0.805 n=8784
2017-08-20 00:10:45,350 INFO min_dt      0.886 n=8670
2017-08-20 00:10:45,351 INFO min_cn3     0.583 n=8784
2017-08-20 00:10:45,351 INFO median_all  0.643 n=8784
2017-08-20 00:10:45,351 INFO idw_p3_all  0.861 n=8784
2017-08-20 00:10:45,351 INFO median_cn5  0.789 n=8784
2017-08-20 00:10:45,351 INFO mean_cn5    0.755 n=8784
2017-08-20 00:10:45,351 INFO idw_p2_dt   0.871 n=8670
2017-08-20 00:10:45,352 INFO idw_p2_all  0.818 n=8784
2017-08-20 00:10:45,352 INFO eddh        1.390 n=8772
2017-08-20 00:10:45,352 INFO max_cn5     1.249 n=8784
2017-08-20 00:10:45,352 INFO idw_p3_cn5  0.871 n=8784
2017-08-20 00:10:45,352 INFO idw_p4_dt   0.880 n=8670
2017-08-20 00:10:45,353 INFO idw_p2_cn5  0.866 n=8784
2017-08-20 00:10:45,353 INFO min_all     3.767 n=8784
2017-08-20 00:10:45,353 INFO mean_dt     0.754 n=8670
2017-08-20 00:10:45,353 INFO idw_p1_dt   0.837 n=8670
2017-08-20 00:10:45,353 INFO idw_p3_dt   0.877 n=8670
2017-08-20 00:10:45,353 INFO median_dt   0.794 n=8670
2017-08-20 00:10:45,354 INFO max_all     1.755 n=8784
2017-08-20 00:10:45,354 INFO idw_p2_cn3  0.869 n=8784
2017-08-20 00:10:45,354 INFO mean_all    0.621 n=8784
2017-08-20 00:10:45,354 INFO end method list
2017-08-20 00:10:45,609 INFO interpolate for IHM
2017-08-20 00:10:45,610 INFO currently at 2 out of 10
2017-08-20 00:10:45,610 INFO use IHAMBURG229 IHAMBURG69 IHAMBURG184 IHAMBURG1548 IHAMBURG403 IHAMBURG469 IHAMBURG214 IHAMBURG1194 IHAMBURG289 IHAMBURG604 IHAMBURG465 IHAMBURG1128 IHAMBURG600 IHAMBURG772 IHAMBURG376 IHAMBURG741 IHAMBURG1142 IHAMBURG1186 IHAMBURG80 IHAMBURG499 IHAMBURG154 IHHRISSE2 IHAMBURG1208 IHAMBURG656 IHAMBURG128 IHAMBURG1360 IHAMBURG1098 IHAMBURG1192 IHAMBURG646 IHAMBURG1234 IHAMBURG50 IHAMBURG998 IHAMBURG119 IHAMBURG565 IHAMBURG98 IHAMBURG2052 IHAMBURG1504 IHAMBURG1296 IHAMBURG168 IHAMBURG1200 IHAMBURG971 IHAMBURG104 IHAMBURG1236 IHAMBURG789 IHAMBURG1787 IHAMBURG2025 IHAMBURG1508 IHAMBURG367 IHAMBURG230 IHAMBURG628 IHAMBURG1204 IHAMBURG1102 IHAMBURG1830 IHAMBURG1832 IHAMBURG363 IHAMBURG340 IHAMBURG1346 IHAMBURG1136 IHAMBURG53 IHAMBURG1144 IHAMBURG68 IHAMBURG209 IHAMBURG1002 IHAMBURG237 IHAMBURG258 IHAMBURG400 IHAMBURG2024 IHAMBURG1306 IHAMBURG731 IHAMBURG1462 IHAMBURG61 IHAMBURG1342 IHAMBURG1458 IHAMBURG192 IHAMBURG1184 IHAMBURG540 IHAMBURG1540 IHAMBURG1391 IHAMBURG778 IHAMBURG380 IHHHELLB2 IHAMBURG450 IHAMBURG1266 IHAMBURG1797 IHAMBURG1172 IOSTSTEI3 IHAMBURG1188 IHAMBURG1464 IHAMBURG550 IHAMBURG60 IHAMBURG479 IHAMBURG844 IHAMBURG405 IHAMBURG1036 IHAMBURG1300 IHAMBURG285 IHAMBURG487 IHAMBURG180 IHAMBURG42 IHAMBURG737 ISEEVETA49 IHAMBURG1082 IHAMBURG514 IWINSENL6 IHAMBURG1470 IHAMBURG56 IHAMBURG200 IHAMBURG1302 IHAMBURG439 IHAMBURG333 IHAMBURG684 IHAMBURG1783 IHAMBURG481 IHAMBURG316 IHAMBURG256 IHAMBURG460 IHAMBURG654 IHAMBURG1044 IHAMBURG1150 IHAMBURG1254 IHAMBURG250 IHAMBURG1411 IHAMBURG1154 IHAMBURG175 IHAMBURG280 IHAMBURG640 IHAMBURG417 IHAMBURG123 IHAMBURG664 IHAMBURG109 IHAMBURG1064 IHAMBURG938 IHAMBURG914 IHAMBURG108 IHAMBURG195 IHAMBURG1791 IHAMBURG204 IHAMBURG1421 INORDERS21 IHAMBURG1368 IHAMBURG2029 IHAMBURG365 IHAMBURG709 IHAMBURG361 IHAMBURG471 IHAMBURG113 IHAMBURG353 IHAMBURG1216 IHAMBURG219 IHAMBURG1134 IHAMBURG142 IHAMBURG803 IHHMEIEN2 IHAMBURG1494 IHAMBURG404 IHAMBURG527 IHAMBURG329 IHAMBURG206 IHAMBURG2026 IHAMBURG1086 IHAMBURG1538 IHAMBURG338 IHAMBURG49 IHAMBURG610 IHAMBURG1152 IHAMBURG172 IHAMBURG199 IHAMBURG1068 IHAMBURG1058 IHAMBURG308 IHAMBURG693 IHAMBURG1478 IHHBERGS2 IHAMBURG1212 IHAMBURG832 IHAMBURG375 IHAMBURG1284 IHAMBURG454 IHAMBURG162 IHAMBURG1076 IHAMBURG1008 IHAMBURG1108 IHAMBURG1110 IHAMBURG1114 IHAMBURG1118 IHAMBURG1230 IHAMBURG1252 IHAMBURG131 IHAMBURG1314 IHAMBURG1372 IHAMBURG1377 IHAMBURG158 IHAMBURG1586 IHAMBURG1600 IHAMBURG218 IHAMBURG222 IHAMBURG355 IHAMBURG435 IHAMBURG489 IHAMBURG64 IHAMBURG648 IHAMBURG84
2017-08-20 00:23:34,457 INFO idw_p1_cn5  0.655 n=8782
2017-08-20 00:23:34,458 INFO idw_p3_cn3  0.834 n=8782
2017-08-20 00:23:34,458 INFO nn          0.970 n=8782
2017-08-20 00:23:34,458 INFO idw_p4_all  0.740 n=8782
2017-08-20 00:23:34,459 INFO mean_cn3    0.734 n=8782
2017-08-20 00:23:34,459 INFO idw_p1_all  0.591 n=8782
2017-08-20 00:23:34,459 INFO max_dt      1.006 n=8674
2017-08-20 00:23:34,459 INFO idw_p4_cn5  0.822 n=8782
2017-08-20 00:23:34,459 INFO idw_p1_cn3  0.760 n=8782
2017-08-20 00:23:34,459 INFO max_cn3     1.043 n=8782
2017-08-20 00:23:34,460 INFO min_cn5     0.945 n=8782
2017-08-20 00:23:34,460 INFO idw_p4_cn3  0.868 n=8782
2017-08-20 00:23:34,460 INFO median_cn3  0.776 n=8782
2017-08-20 00:23:34,460 INFO min_dt      0.916 n=8674
2017-08-20 00:23:34,460 INFO min_cn3     0.901 n=8782
2017-08-20 00:23:34,460 INFO median_all  0.736 n=8782
2017-08-20 00:23:34,461 INFO idw_p3_all  0.606 n=8782
2017-08-20 00:23:34,461 INFO median_cn5  0.648 n=8782
2017-08-20 00:23:34,461 INFO mean_cn5    0.614 n=8782
2017-08-20 00:23:34,461 INFO idw_p2_dt   0.784 n=8674
2017-08-20 00:23:34,461 INFO idw_p2_all  0.503 n=8782
2017-08-20 00:23:34,461 INFO eddh        1.487 n=8773
2017-08-20 00:23:34,462 INFO max_cn5     1.107 n=8782
2017-08-20 00:23:34,462 INFO idw_p3_cn5  0.768 n=8782
2017-08-20 00:23:34,462 INFO idw_p4_dt   0.872 n=8674
2017-08-20 00:23:34,462 INFO idw_p2_cn5  0.709 n=8782
2017-08-20 00:23:34,462 INFO min_all     3.917 n=8782
2017-08-20 00:23:34,463 INFO mean_dt     0.687 n=8674
2017-08-20 00:23:34,463 INFO idw_p1_dt   0.732 n=8674
2017-08-20 00:23:34,463 INFO idw_p3_dt   0.833 n=8674
2017-08-20 00:23:34,463 INFO median_dt   0.740 n=8674
2017-08-20 00:23:34,463 INFO max_all     1.623 n=8782
2017-08-20 00:23:34,463 INFO idw_p2_cn3  0.796 n=8782
2017-08-20 00:23:34,464 INFO mean_all    0.716 n=8782
2017-08-20 00:23:34,464 INFO end method list
2017-08-20 00:23:34,709 INFO interpolate for LGM
2017-08-20 00:23:34,709 INFO currently at 3 out of 10
2017-08-20 00:23:34,710 INFO use IHAMBURG229 IHAMBURG69 IHAMBURG184 IHAMBURG1548 IHAMBURG403 IHAMBURG469 IHAMBURG214 IHAMBURG1194 IHAMBURG289 IHAMBURG604 IHAMBURG465 IHAMBURG1128 IHAMBURG600 IHAMBURG772 IHAMBURG376 IHAMBURG741 IHAMBURG1142 IHAMBURG1186 IHAMBURG80 IHAMBURG499 IHAMBURG154 IHHRISSE2 IHAMBURG1208 IHAMBURG656 IHAMBURG128 IHAMBURG1360 IHAMBURG1098 IHAMBURG1192 IHAMBURG646 IHAMBURG1234 IHAMBURG50 IHAMBURG998 IHAMBURG119 IHAMBURG565 IHAMBURG98 IHAMBURG2052 IHAMBURG1504 IHAMBURG1296 IHAMBURG168 IHAMBURG1200 IHAMBURG971 IHAMBURG104 IHAMBURG1236 IHAMBURG789 IHAMBURG1787 IHAMBURG2025 IHAMBURG1508 IHAMBURG367 IHAMBURG230 IHAMBURG628 IHAMBURG1204 IHAMBURG1102 IHAMBURG1830 IHAMBURG1832 IHAMBURG363 IHAMBURG340 IHAMBURG1346 IHAMBURG1136 IHAMBURG53 IHAMBURG1144 IHAMBURG68 IHAMBURG209 IHAMBURG1002 IHAMBURG237 IHAMBURG258 IHAMBURG400 IHAMBURG2024 IHAMBURG1306 IHAMBURG731 IHAMBURG1462 IHAMBURG61 IHAMBURG1342 IHAMBURG1458 IHAMBURG192 IHAMBURG1184 IHAMBURG540 IHAMBURG1540 IHAMBURG1391 IHAMBURG778 IHAMBURG380 IHHHELLB2 IHAMBURG450 IHAMBURG1266 IHAMBURG1797 IHAMBURG1172 IOSTSTEI3 IHAMBURG1188 IHAMBURG1464 IHAMBURG550 IHAMBURG60 IHAMBURG479 IHAMBURG844 IHAMBURG405 IHAMBURG1036 IHAMBURG1300 IHAMBURG285 IHAMBURG487 IHAMBURG180 IHAMBURG42 IHAMBURG737 ISEEVETA49 IHAMBURG1082 IHAMBURG514 IWINSENL6 IHAMBURG1470 IHAMBURG56 IHAMBURG200 IHAMBURG1302 IHAMBURG439 IHAMBURG333 IHAMBURG684 IHAMBURG1783 IHAMBURG481 IHAMBURG316 IHAMBURG256 IHAMBURG460 IHAMBURG654 IHAMBURG1044 IHAMBURG1150 IHAMBURG1254 IHAMBURG250 IHAMBURG1411 IHAMBURG1154 IHAMBURG175 IHAMBURG280 IHAMBURG640 IHAMBURG417 IHAMBURG123 IHAMBURG664 IHAMBURG109 IHAMBURG1064 IHAMBURG938 IHAMBURG914 IHAMBURG108 IHAMBURG195 IHAMBURG1791 IHAMBURG204 IHAMBURG1421 INORDERS21 IHAMBURG1368 IHAMBURG2029 IHAMBURG365 IHAMBURG709 IHAMBURG361 IHAMBURG471 IHAMBURG113 IHAMBURG353 IHAMBURG1216 IHAMBURG219 IHAMBURG1134 IHAMBURG142 IHAMBURG803 IHHMEIEN2 IHAMBURG1494 IHAMBURG404 IHAMBURG527 IHAMBURG329 IHAMBURG206 IHAMBURG2026 IHAMBURG1086 IHAMBURG1538 IHAMBURG338 IHAMBURG49 IHAMBURG610 IHAMBURG1152 IHAMBURG172 IHAMBURG199 IHAMBURG1068 IHAMBURG1058 IHAMBURG308 IHAMBURG693 IHAMBURG1478 IHHBERGS2 IHAMBURG1212 IHAMBURG832 IHAMBURG375 IHAMBURG1284 IHAMBURG454 IHAMBURG162 IHAMBURG1076 IHAMBURG1008 IHAMBURG1108 IHAMBURG1110 IHAMBURG1114 IHAMBURG1118 IHAMBURG1230 IHAMBURG1252 IHAMBURG131 IHAMBURG1314 IHAMBURG1372 IHAMBURG1377 IHAMBURG158 IHAMBURG1586 IHAMBURG1600 IHAMBURG218 IHAMBURG222 IHAMBURG355 IHAMBURG435 IHAMBURG489 IHAMBURG64 IHAMBURG648 IHAMBURG84
2017-08-20 00:36:28,814 INFO idw_p3_cn3  1.277 n=8767
2017-08-20 00:36:28,815 INFO nn          1.277 n=8767
2017-08-20 00:36:28,815 INFO mean_cn3    1.456 n=8767
2017-08-20 00:36:28,815 INFO idw_p1_all  1.435 n=8767
2017-08-20 00:36:28,816 INFO max_dt      1.430 n=7479
2017-08-20 00:36:28,816 INFO idw_p4_dt   1.270 n=7479
2017-08-20 00:36:28,816 INFO idw_p4_all  1.248 n=8767
2017-08-20 00:36:28,816 INFO idw_p1_cn3  1.361 n=8767
2017-08-20 00:36:28,816 INFO min_cn5     1.046 n=8767
2017-08-20 00:36:28,817 INFO mean_dt     1.085 n=7479
2017-08-20 00:36:28,817 INFO eddh        0.820 n=8757
2017-08-20 00:36:28,817 INFO median_cn3  1.392 n=8767
2017-08-20 00:36:28,817 INFO idw_p2_cn3  1.300 n=8767
2017-08-20 00:36:28,817 INFO min_cn3     1.128 n=8767
2017-08-20 00:36:28,818 INFO median_all  1.500 n=8767
2017-08-20 00:36:28,818 INFO idw_p3_all  1.252 n=8767
2017-08-20 00:36:28,818 INFO median_cn5  1.368 n=8767
2017-08-20 00:36:28,818 INFO min_dt      0.960 n=7479
2017-08-20 00:36:28,818 INFO mean_cn5    1.438 n=8767
2017-08-20 00:36:28,818 INFO idw_p2_dt   1.246 n=7479
2017-08-20 00:36:28,819 INFO idw_p2_all  1.322 n=8767
2017-08-20 00:36:28,819 INFO idw_p1_dt   1.184 n=7479
2017-08-20 00:36:28,819 INFO max_cn5     2.412 n=8767
2017-08-20 00:36:28,819 INFO idw_p3_cn5  1.269 n=8767
2017-08-20 00:36:28,819 INFO idw_p4_cn3  1.271 n=8767
2017-08-20 00:36:28,819 INFO idw_p2_cn5  1.295 n=8767
2017-08-20 00:36:28,820 INFO min_all     2.866 n=8767
2017-08-20 00:36:28,820 INFO max_cn3     2.145 n=8767
2017-08-20 00:36:28,820 INFO idw_p1_cn5  1.362 n=8767
2017-08-20 00:36:28,820 INFO idw_p3_dt   1.265 n=7479
2017-08-20 00:36:28,820 INFO median_dt   1.081 n=7479
2017-08-20 00:36:28,821 INFO max_all     3.274 n=8767
2017-08-20 00:36:28,821 INFO idw_p4_cn5  1.264 n=8767
2017-08-20 00:36:28,821 INFO mean_all    1.508 n=8767
2017-08-20 00:36:28,821 INFO end method list
2017-08-20 00:36:29,051 INFO interpolate for LWM
2017-08-20 00:36:29,051 INFO currently at 4 out of 10
2017-08-20 00:36:29,051 INFO use IHAMBURG229 IHAMBURG69 IHAMBURG184 IHAMBURG1548 IHAMBURG403 IHAMBURG469 IHAMBURG214 IHAMBURG1194 IHAMBURG289 IHAMBURG604 IHAMBURG465 IHAMBURG1128 IHAMBURG600 IHAMBURG772 IHAMBURG376 IHAMBURG741 IHAMBURG1142 IHAMBURG1186 IHAMBURG80 IHAMBURG499 IHAMBURG154 IHHRISSE2 IHAMBURG1208 IHAMBURG656 IHAMBURG128 IHAMBURG1360 IHAMBURG1098 IHAMBURG1192 IHAMBURG646 IHAMBURG1234 IHAMBURG50 IHAMBURG998 IHAMBURG119 IHAMBURG565 IHAMBURG98 IHAMBURG2052 IHAMBURG1504 IHAMBURG1296 IHAMBURG168 IHAMBURG1200 IHAMBURG971 IHAMBURG104 IHAMBURG1236 IHAMBURG789 IHAMBURG1787 IHAMBURG2025 IHAMBURG1508 IHAMBURG367 IHAMBURG230 IHAMBURG628 IHAMBURG1204 IHAMBURG1102 IHAMBURG1830 IHAMBURG1832 IHAMBURG363 IHAMBURG340 IHAMBURG1346 IHAMBURG1136 IHAMBURG53 IHAMBURG1144 IHAMBURG68 IHAMBURG209 IHAMBURG1002 IHAMBURG237 IHAMBURG258 IHAMBURG400 IHAMBURG2024 IHAMBURG1306 IHAMBURG731 IHAMBURG1462 IHAMBURG61 IHAMBURG1342 IHAMBURG1458 IHAMBURG192 IHAMBURG1184 IHAMBURG540 IHAMBURG1540 IHAMBURG1391 IHAMBURG778 IHAMBURG380 IHHHELLB2 IHAMBURG450 IHAMBURG1266 IHAMBURG1797 IHAMBURG1172 IOSTSTEI3 IHAMBURG1188 IHAMBURG1464 IHAMBURG550 IHAMBURG60 IHAMBURG479 IHAMBURG844 IHAMBURG405 IHAMBURG1036 IHAMBURG1300 IHAMBURG285 IHAMBURG487 IHAMBURG180 IHAMBURG42 IHAMBURG737 ISEEVETA49 IHAMBURG1082 IHAMBURG514 IWINSENL6 IHAMBURG1470 IHAMBURG56 IHAMBURG200 IHAMBURG1302 IHAMBURG439 IHAMBURG333 IHAMBURG684 IHAMBURG1783 IHAMBURG481 IHAMBURG316 IHAMBURG256 IHAMBURG460 IHAMBURG654 IHAMBURG1044 IHAMBURG1150 IHAMBURG1254 IHAMBURG250 IHAMBURG1411 IHAMBURG1154 IHAMBURG175 IHAMBURG280 IHAMBURG640 IHAMBURG417 IHAMBURG123 IHAMBURG664 IHAMBURG109 IHAMBURG1064 IHAMBURG938 IHAMBURG914 IHAMBURG108 IHAMBURG195 IHAMBURG1791 IHAMBURG204 IHAMBURG1421 INORDERS21 IHAMBURG1368 IHAMBURG2029 IHAMBURG365 IHAMBURG709 IHAMBURG361 IHAMBURG471 IHAMBURG113 IHAMBURG353 IHAMBURG1216 IHAMBURG219 IHAMBURG1134 IHAMBURG142 IHAMBURG803 IHHMEIEN2 IHAMBURG1494 IHAMBURG404 IHAMBURG527 IHAMBURG329 IHAMBURG206 IHAMBURG2026 IHAMBURG1086 IHAMBURG1538 IHAMBURG338 IHAMBURG49 IHAMBURG610 IHAMBURG1152 IHAMBURG172 IHAMBURG199 IHAMBURG1068 IHAMBURG1058 IHAMBURG308 IHAMBURG693 IHAMBURG1478 IHHBERGS2 IHAMBURG1212 IHAMBURG832 IHAMBURG375 IHAMBURG1284 IHAMBURG454 IHAMBURG162 IHAMBURG1076 IHAMBURG1008 IHAMBURG1108 IHAMBURG1110 IHAMBURG1114 IHAMBURG1118 IHAMBURG1230 IHAMBURG1252 IHAMBURG131 IHAMBURG1314 IHAMBURG1372 IHAMBURG1377 IHAMBURG158 IHAMBURG1586 IHAMBURG1600 IHAMBURG218 IHAMBURG222 IHAMBURG355 IHAMBURG435 IHAMBURG489 IHAMBURG64 IHAMBURG648 IHAMBURG84
2017-08-20 00:49:12,162 INFO idw_p3_cn3  1.449 n=8521
2017-08-20 00:49:12,163 INFO nn          1.373 n=8521
2017-08-20 00:49:12,163 INFO mean_cn3    1.583 n=8521
2017-08-20 00:49:12,164 INFO idw_p1_all  1.582 n=8521
2017-08-20 00:49:12,164 INFO idw_p4_all  1.409 n=8521
2017-08-20 00:49:12,164 INFO idw_p1_cn3  1.529 n=8521
2017-08-20 00:49:12,164 INFO min_cn5     1.133 n=8521
2017-08-20 00:49:12,164 INFO eddh        0.974 n=8509
2017-08-20 00:49:12,164 INFO median_cn3  1.509 n=8521
2017-08-20 00:49:12,165 INFO idw_p2_cn3  1.482 n=8521
2017-08-20 00:49:12,165 INFO min_cn3     1.220 n=8521
2017-08-20 00:49:12,165 INFO median_all  1.630 n=8521
2017-08-20 00:49:12,165 INFO idw_p3_all  1.450 n=8521
2017-08-20 00:49:12,165 INFO median_cn5  1.483 n=8521
2017-08-20 00:49:12,165 INFO mean_cn5    1.565 n=8521
2017-08-20 00:49:12,165 INFO idw_p2_all  1.518 n=8521
2017-08-20 00:49:12,166 INFO max_cn5     2.567 n=8521
2017-08-20 00:49:12,166 INFO idw_p3_cn5  1.442 n=8521
2017-08-20 00:49:12,166 INFO idw_p4_cn3  1.426 n=8521
2017-08-20 00:49:12,166 INFO idw_p2_cn5  1.478 n=8521
2017-08-20 00:49:12,166 INFO min_all     2.691 n=8521
2017-08-20 00:49:12,167 INFO max_cn3     2.290 n=8521
2017-08-20 00:49:12,167 INFO idw_p1_cn5  1.524 n=8521
2017-08-20 00:49:12,167 INFO max_all     3.433 n=8521
2017-08-20 00:49:12,167 INFO idw_p4_cn5  1.419 n=8521
2017-08-20 00:49:12,167 INFO mean_all    1.638 n=8521
2017-08-20 00:49:12,167 INFO end method list
2017-08-20 00:49:12,409 INFO interpolate for RIM
2017-08-20 00:49:12,410 INFO currently at 5 out of 10
2017-08-20 00:49:12,410 INFO use IHAMBURG229 IHAMBURG69 IHAMBURG184 IHAMBURG1548 IHAMBURG403 IHAMBURG469 IHAMBURG214 IHAMBURG1194 IHAMBURG289 IHAMBURG604 IHAMBURG465 IHAMBURG1128 IHAMBURG600 IHAMBURG772 IHAMBURG376 IHAMBURG741 IHAMBURG1142 IHAMBURG1186 IHAMBURG80 IHAMBURG499 IHAMBURG154 IHHRISSE2 IHAMBURG1208 IHAMBURG656 IHAMBURG128 IHAMBURG1360 IHAMBURG1098 IHAMBURG1192 IHAMBURG646 IHAMBURG1234 IHAMBURG50 IHAMBURG998 IHAMBURG119 IHAMBURG565 IHAMBURG98 IHAMBURG2052 IHAMBURG1504 IHAMBURG1296 IHAMBURG168 IHAMBURG1200 IHAMBURG971 IHAMBURG104 IHAMBURG1236 IHAMBURG789 IHAMBURG1787 IHAMBURG2025 IHAMBURG1508 IHAMBURG367 IHAMBURG230 IHAMBURG628 IHAMBURG1204 IHAMBURG1102 IHAMBURG1830 IHAMBURG1832 IHAMBURG363 IHAMBURG340 IHAMBURG1346 IHAMBURG1136 IHAMBURG53 IHAMBURG1144 IHAMBURG68 IHAMBURG209 IHAMBURG1002 IHAMBURG237 IHAMBURG258 IHAMBURG400 IHAMBURG2024 IHAMBURG1306 IHAMBURG731 IHAMBURG1462 IHAMBURG61 IHAMBURG1342 IHAMBURG1458 IHAMBURG192 IHAMBURG1184 IHAMBURG540 IHAMBURG1540 IHAMBURG1391 IHAMBURG778 IHAMBURG380 IHHHELLB2 IHAMBURG450 IHAMBURG1266 IHAMBURG1797 IHAMBURG1172 IOSTSTEI3 IHAMBURG1188 IHAMBURG1464 IHAMBURG550 IHAMBURG60 IHAMBURG479 IHAMBURG844 IHAMBURG405 IHAMBURG1036 IHAMBURG1300 IHAMBURG285 IHAMBURG487 IHAMBURG180 IHAMBURG42 IHAMBURG737 ISEEVETA49 IHAMBURG1082 IHAMBURG514 IWINSENL6 IHAMBURG1470 IHAMBURG56 IHAMBURG200 IHAMBURG1302 IHAMBURG439 IHAMBURG333 IHAMBURG684 IHAMBURG1783 IHAMBURG481 IHAMBURG316 IHAMBURG256 IHAMBURG460 IHAMBURG654 IHAMBURG1044 IHAMBURG1150 IHAMBURG1254 IHAMBURG250 IHAMBURG1411 IHAMBURG1154 IHAMBURG175 IHAMBURG280 IHAMBURG640 IHAMBURG417 IHAMBURG123 IHAMBURG664 IHAMBURG109 IHAMBURG1064 IHAMBURG938 IHAMBURG914 IHAMBURG108 IHAMBURG195 IHAMBURG1791 IHAMBURG204 IHAMBURG1421 INORDERS21 IHAMBURG1368 IHAMBURG2029 IHAMBURG365 IHAMBURG709 IHAMBURG361 IHAMBURG471 IHAMBURG113 IHAMBURG353 IHAMBURG1216 IHAMBURG219 IHAMBURG1134 IHAMBURG142 IHAMBURG803 IHHMEIEN2 IHAMBURG1494 IHAMBURG404 IHAMBURG527 IHAMBURG329 IHAMBURG206 IHAMBURG2026 IHAMBURG1086 IHAMBURG1538 IHAMBURG338 IHAMBURG49 IHAMBURG610 IHAMBURG1152 IHAMBURG172 IHAMBURG199 IHAMBURG1068 IHAMBURG1058 IHAMBURG308 IHAMBURG693 IHAMBURG1478 IHHBERGS2 IHAMBURG1212 IHAMBURG832 IHAMBURG375 IHAMBURG1284 IHAMBURG454 IHAMBURG162 IHAMBURG1076 IHAMBURG1008 IHAMBURG1108 IHAMBURG1110 IHAMBURG1114 IHAMBURG1118 IHAMBURG1230 IHAMBURG1252 IHAMBURG131 IHAMBURG1314 IHAMBURG1372 IHAMBURG1377 IHAMBURG158 IHAMBURG1586 IHAMBURG1600 IHAMBURG218 IHAMBURG222 IHAMBURG355 IHAMBURG435 IHAMBURG489 IHAMBURG64 IHAMBURG648 IHAMBURG84
2017-08-20 01:02:36,946 INFO idw_p3_cn3  1.291 n=8754
2017-08-20 01:02:36,947 INFO nn          1.498 n=8754
2017-08-20 01:02:36,947 INFO mean_cn3    1.357 n=8754
2017-08-20 01:02:36,947 INFO idw_p1_all  1.409 n=8754
2017-08-20 01:02:36,948 INFO idw_p4_all  1.272 n=8754
2017-08-20 01:02:36,948 INFO idw_p1_cn3  1.306 n=8754
2017-08-20 01:02:36,948 INFO min_cn5     1.441 n=8754
2017-08-20 01:02:36,948 INFO eddh        0.978 n=8749
2017-08-20 01:02:36,948 INFO median_cn3  1.288 n=8754
2017-08-20 01:02:36,948 INFO idw_p2_cn3  1.286 n=8754
2017-08-20 01:02:36,948 INFO min_cn3     1.433 n=8754
2017-08-20 01:02:36,948 INFO median_all  1.401 n=8754
2017-08-20 01:02:36,948 INFO idw_p3_all  1.305 n=8754
2017-08-20 01:02:36,948 INFO median_cn5  1.321 n=8754
2017-08-20 01:02:36,949 INFO mean_cn5    1.431 n=8754
2017-08-20 01:02:36,949 INFO idw_p2_all  1.371 n=8754
2017-08-20 01:02:36,949 INFO max_cn5     2.436 n=8754
2017-08-20 01:02:36,949 INFO idw_p3_cn5  1.291 n=8754
2017-08-20 01:02:36,949 INFO idw_p4_cn3  1.310 n=8754
2017-08-20 01:02:36,949 INFO idw_p2_cn5  1.311 n=8754
2017-08-20 01:02:36,949 INFO min_all     3.024 n=8754
2017-08-20 01:02:36,949 INFO max_cn3     2.126 n=8754
2017-08-20 01:02:36,949 INFO idw_p1_cn5  1.360 n=8754
2017-08-20 01:02:36,949 INFO max_all     3.085 n=8754
2017-08-20 01:02:36,950 INFO idw_p4_cn5  1.300 n=8754
2017-08-20 01:02:36,950 INFO mean_all    1.411 n=8754
2017-08-20 01:02:36,950 INFO end method list
2017-08-20 01:02:37,178 INFO interpolate for SGM
2017-08-20 01:02:37,178 INFO currently at 6 out of 10
2017-08-20 01:02:37,178 INFO use IHAMBURG229 IHAMBURG69 IHAMBURG184 IHAMBURG1548 IHAMBURG403 IHAMBURG469 IHAMBURG214 IHAMBURG1194 IHAMBURG289 IHAMBURG604 IHAMBURG465 IHAMBURG1128 IHAMBURG600 IHAMBURG772 IHAMBURG376 IHAMBURG741 IHAMBURG1142 IHAMBURG1186 IHAMBURG80 IHAMBURG499 IHAMBURG154 IHHRISSE2 IHAMBURG1208 IHAMBURG656 IHAMBURG128 IHAMBURG1360 IHAMBURG1098 IHAMBURG1192 IHAMBURG646 IHAMBURG1234 IHAMBURG50 IHAMBURG998 IHAMBURG119 IHAMBURG565 IHAMBURG98 IHAMBURG2052 IHAMBURG1504 IHAMBURG1296 IHAMBURG168 IHAMBURG1200 IHAMBURG971 IHAMBURG104 IHAMBURG1236 IHAMBURG789 IHAMBURG1787 IHAMBURG2025 IHAMBURG1508 IHAMBURG367 IHAMBURG230 IHAMBURG628 IHAMBURG1204 IHAMBURG1102 IHAMBURG1830 IHAMBURG1832 IHAMBURG363 IHAMBURG340 IHAMBURG1346 IHAMBURG1136 IHAMBURG53 IHAMBURG1144 IHAMBURG68 IHAMBURG209 IHAMBURG1002 IHAMBURG237 IHAMBURG258 IHAMBURG400 IHAMBURG2024 IHAMBURG1306 IHAMBURG731 IHAMBURG1462 IHAMBURG61 IHAMBURG1342 IHAMBURG1458 IHAMBURG192 IHAMBURG1184 IHAMBURG540 IHAMBURG1540 IHAMBURG1391 IHAMBURG778 IHAMBURG380 IHHHELLB2 IHAMBURG450 IHAMBURG1266 IHAMBURG1797 IHAMBURG1172 IOSTSTEI3 IHAMBURG1188 IHAMBURG1464 IHAMBURG550 IHAMBURG60 IHAMBURG479 IHAMBURG844 IHAMBURG405 IHAMBURG1036 IHAMBURG1300 IHAMBURG285 IHAMBURG487 IHAMBURG180 IHAMBURG42 IHAMBURG737 ISEEVETA49 IHAMBURG1082 IHAMBURG514 IWINSENL6 IHAMBURG1470 IHAMBURG56 IHAMBURG200 IHAMBURG1302 IHAMBURG439 IHAMBURG333 IHAMBURG684 IHAMBURG1783 IHAMBURG481 IHAMBURG316 IHAMBURG256 IHAMBURG460 IHAMBURG654 IHAMBURG1044 IHAMBURG1150 IHAMBURG1254 IHAMBURG250 IHAMBURG1411 IHAMBURG1154 IHAMBURG175 IHAMBURG280 IHAMBURG640 IHAMBURG417 IHAMBURG123 IHAMBURG664 IHAMBURG109 IHAMBURG1064 IHAMBURG938 IHAMBURG914 IHAMBURG108 IHAMBURG195 IHAMBURG1791 IHAMBURG204 IHAMBURG1421 INORDERS21 IHAMBURG1368 IHAMBURG2029 IHAMBURG365 IHAMBURG709 IHAMBURG361 IHAMBURG471 IHAMBURG113 IHAMBURG353 IHAMBURG1216 IHAMBURG219 IHAMBURG1134 IHAMBURG142 IHAMBURG803 IHHMEIEN2 IHAMBURG1494 IHAMBURG404 IHAMBURG527 IHAMBURG329 IHAMBURG206 IHAMBURG2026 IHAMBURG1086 IHAMBURG1538 IHAMBURG338 IHAMBURG49 IHAMBURG610 IHAMBURG1152 IHAMBURG172 IHAMBURG199 IHAMBURG1068 IHAMBURG1058 IHAMBURG308 IHAMBURG693 IHAMBURG1478 IHHBERGS2 IHAMBURG1212 IHAMBURG832 IHAMBURG375 IHAMBURG1284 IHAMBURG454 IHAMBURG162 IHAMBURG1076 IHAMBURG1008 IHAMBURG1108 IHAMBURG1110 IHAMBURG1114 IHAMBURG1118 IHAMBURG1230 IHAMBURG1252 IHAMBURG131 IHAMBURG1314 IHAMBURG1372 IHAMBURG1377 IHAMBURG158 IHAMBURG1586 IHAMBURG1600 IHAMBURG218 IHAMBURG222 IHAMBURG355 IHAMBURG435 IHAMBURG489 IHAMBURG64 IHAMBURG648 IHAMBURG84
2017-08-20 01:15:26,551 INFO idw_p1_cn5  1.406 n=8782
2017-08-20 01:15:26,552 INFO idw_p3_cn3  1.607 n=8782
2017-08-20 01:15:26,553 INFO nn          1.820 n=8782
2017-08-20 01:15:26,553 INFO idw_p4_all  1.505 n=8782
2017-08-20 01:15:26,553 INFO mean_cn3    1.545 n=8782
2017-08-20 01:15:26,553 INFO idw_p1_all  1.390 n=8782
2017-08-20 01:15:26,554 INFO max_dt      1.980 n=8649
2017-08-20 01:15:26,554 INFO idw_p4_cn5  1.529 n=8782
2017-08-20 01:15:26,554 INFO idw_p1_cn3  1.565 n=8782
2017-08-20 01:15:26,554 INFO max_cn3     2.073 n=8782
2017-08-20 01:15:26,554 INFO min_cn5     1.080 n=8782
2017-08-20 01:15:26,555 INFO idw_p4_cn3  1.628 n=8782
2017-08-20 01:15:26,555 INFO median_cn3  1.701 n=8782
2017-08-20 01:15:26,555 INFO min_dt      1.153 n=8649
2017-08-20 01:15:26,555 INFO min_cn3     1.029 n=8782
2017-08-20 01:15:26,555 INFO median_all  1.351 n=8782
2017-08-20 01:15:26,555 INFO idw_p3_all  1.458 n=8782
2017-08-20 01:15:26,556 INFO median_cn5  1.381 n=8782
2017-08-20 01:15:26,556 INFO mean_cn5    1.371 n=8782
2017-08-20 01:15:26,556 INFO idw_p2_dt   1.453 n=8649
2017-08-20 01:15:26,556 INFO idw_p2_all  1.420 n=8782
2017-08-20 01:15:26,556 INFO eddh        0.742 n=8771
2017-08-20 01:15:26,556 INFO max_cn5     2.177 n=8782
2017-08-20 01:15:26,557 INFO idw_p3_cn5  1.488 n=8782
2017-08-20 01:15:26,557 INFO idw_p4_dt   1.588 n=8649
2017-08-20 01:15:26,557 INFO idw_p2_cn5  1.446 n=8782
2017-08-20 01:15:26,557 INFO min_all     2.972 n=8782
2017-08-20 01:15:26,557 INFO mean_dt     1.336 n=8649
2017-08-20 01:15:26,558 INFO idw_p1_dt   1.389 n=8649
2017-08-20 01:15:26,558 INFO idw_p3_dt   1.522 n=8649
2017-08-20 01:15:26,558 INFO median_dt   1.368 n=8649
2017-08-20 01:15:26,558 INFO max_all     3.101 n=8782
2017-08-20 01:15:26,558 INFO idw_p2_cn3  1.586 n=8782
2017-08-20 01:15:26,559 INFO mean_all    1.360 n=8782
2017-08-20 01:15:26,559 INFO end method list
2017-08-20 01:15:26,791 INFO interpolate for SWM
2017-08-20 01:15:26,792 INFO currently at 7 out of 10
2017-08-20 01:15:26,792 INFO use IHAMBURG229 IHAMBURG69 IHAMBURG184 IHAMBURG1548 IHAMBURG403 IHAMBURG469 IHAMBURG214 IHAMBURG1194 IHAMBURG289 IHAMBURG604 IHAMBURG465 IHAMBURG1128 IHAMBURG600 IHAMBURG772 IHAMBURG376 IHAMBURG741 IHAMBURG1142 IHAMBURG1186 IHAMBURG80 IHAMBURG499 IHAMBURG154 IHHRISSE2 IHAMBURG1208 IHAMBURG656 IHAMBURG128 IHAMBURG1360 IHAMBURG1098 IHAMBURG1192 IHAMBURG646 IHAMBURG1234 IHAMBURG50 IHAMBURG998 IHAMBURG119 IHAMBURG565 IHAMBURG98 IHAMBURG2052 IHAMBURG1504 IHAMBURG1296 IHAMBURG168 IHAMBURG1200 IHAMBURG971 IHAMBURG104 IHAMBURG1236 IHAMBURG789 IHAMBURG1787 IHAMBURG2025 IHAMBURG1508 IHAMBURG367 IHAMBURG230 IHAMBURG628 IHAMBURG1204 IHAMBURG1102 IHAMBURG1830 IHAMBURG1832 IHAMBURG363 IHAMBURG340 IHAMBURG1346 IHAMBURG1136 IHAMBURG53 IHAMBURG1144 IHAMBURG68 IHAMBURG209 IHAMBURG1002 IHAMBURG237 IHAMBURG258 IHAMBURG400 IHAMBURG2024 IHAMBURG1306 IHAMBURG731 IHAMBURG1462 IHAMBURG61 IHAMBURG1342 IHAMBURG1458 IHAMBURG192 IHAMBURG1184 IHAMBURG540 IHAMBURG1540 IHAMBURG1391 IHAMBURG778 IHAMBURG380 IHHHELLB2 IHAMBURG450 IHAMBURG1266 IHAMBURG1797 IHAMBURG1172 IOSTSTEI3 IHAMBURG1188 IHAMBURG1464 IHAMBURG550 IHAMBURG60 IHAMBURG479 IHAMBURG844 IHAMBURG405 IHAMBURG1036 IHAMBURG1300 IHAMBURG285 IHAMBURG487 IHAMBURG180 IHAMBURG42 IHAMBURG737 ISEEVETA49 IHAMBURG1082 IHAMBURG514 IWINSENL6 IHAMBURG1470 IHAMBURG56 IHAMBURG200 IHAMBURG1302 IHAMBURG439 IHAMBURG333 IHAMBURG684 IHAMBURG1783 IHAMBURG481 IHAMBURG316 IHAMBURG256 IHAMBURG460 IHAMBURG654 IHAMBURG1044 IHAMBURG1150 IHAMBURG1254 IHAMBURG250 IHAMBURG1411 IHAMBURG1154 IHAMBURG175 IHAMBURG280 IHAMBURG640 IHAMBURG417 IHAMBURG123 IHAMBURG664 IHAMBURG109 IHAMBURG1064 IHAMBURG938 IHAMBURG914 IHAMBURG108 IHAMBURG195 IHAMBURG1791 IHAMBURG204 IHAMBURG1421 INORDERS21 IHAMBURG1368 IHAMBURG2029 IHAMBURG365 IHAMBURG709 IHAMBURG361 IHAMBURG471 IHAMBURG113 IHAMBURG353 IHAMBURG1216 IHAMBURG219 IHAMBURG1134 IHAMBURG142 IHAMBURG803 IHHMEIEN2 IHAMBURG1494 IHAMBURG404 IHAMBURG527 IHAMBURG329 IHAMBURG206 IHAMBURG2026 IHAMBURG1086 IHAMBURG1538 IHAMBURG338 IHAMBURG49 IHAMBURG610 IHAMBURG1152 IHAMBURG172 IHAMBURG199 IHAMBURG1068 IHAMBURG1058 IHAMBURG308 IHAMBURG693 IHAMBURG1478 IHHBERGS2 IHAMBURG1212 IHAMBURG832 IHAMBURG375 IHAMBURG1284 IHAMBURG454 IHAMBURG162 IHAMBURG1076 IHAMBURG1008 IHAMBURG1108 IHAMBURG1110 IHAMBURG1114 IHAMBURG1118 IHAMBURG1230 IHAMBURG1252 IHAMBURG131 IHAMBURG1314 IHAMBURG1372 IHAMBURG1377 IHAMBURG158 IHAMBURG1586 IHAMBURG1600 IHAMBURG218 IHAMBURG222 IHAMBURG355 IHAMBURG435 IHAMBURG489 IHAMBURG64 IHAMBURG648 IHAMBURG84
2017-08-20 01:28:09,792 INFO idw_p1_cn5  1.122 n=8696
2017-08-20 01:28:09,793 INFO idw_p3_cn3  1.425 n=8696
2017-08-20 01:28:09,794 INFO nn          1.504 n=8696
2017-08-20 01:28:09,794 INFO idw_p4_all  1.427 n=8696
2017-08-20 01:28:09,794 INFO mean_cn3    1.135 n=8696
2017-08-20 01:28:09,794 INFO idw_p1_all  1.055 n=8696
2017-08-20 01:28:09,794 INFO max_dt      1.669 n=8574
2017-08-20 01:28:09,794 INFO idw_p4_cn5  1.449 n=8696
2017-08-20 01:28:09,794 INFO idw_p1_cn3  1.235 n=8696
2017-08-20 01:28:09,794 INFO max_cn3     1.776 n=8696
2017-08-20 01:28:09,794 INFO min_cn5     0.967 n=8696
2017-08-20 01:28:09,794 INFO idw_p4_cn3  1.462 n=8696
2017-08-20 01:28:09,795 INFO median_cn3  1.365 n=8696
2017-08-20 01:28:09,795 INFO min_dt      1.008 n=8574
2017-08-20 01:28:09,795 INFO min_cn3     0.993 n=8696
2017-08-20 01:28:09,795 INFO median_all  1.030 n=8696
2017-08-20 01:28:09,795 INFO idw_p3_all  1.311 n=8696
2017-08-20 01:28:09,795 INFO median_cn5  1.025 n=8696
2017-08-20 01:28:09,795 INFO mean_cn5    1.020 n=8696
2017-08-20 01:28:09,795 INFO idw_p2_dt   1.313 n=8574
2017-08-20 01:28:09,795 INFO idw_p2_all  1.142 n=8696
2017-08-20 01:28:09,795 INFO eddh        0.676 n=8688
2017-08-20 01:28:09,796 INFO max_cn5     1.845 n=8696
2017-08-20 01:28:09,796 INFO idw_p3_cn5  1.388 n=8696
2017-08-20 01:28:09,796 INFO idw_p4_dt   1.465 n=8574
2017-08-20 01:28:09,796 INFO idw_p2_cn5  1.269 n=8696
2017-08-20 01:28:09,796 INFO min_all     3.063 n=8696
2017-08-20 01:28:09,796 INFO mean_dt     1.031 n=8574
2017-08-20 01:28:09,796 INFO idw_p1_dt   1.158 n=8574
2017-08-20 01:28:09,796 INFO idw_p3_dt   1.416 n=8574
2017-08-20 01:28:09,796 INFO median_dt   1.096 n=8574
2017-08-20 01:28:09,796 INFO max_all     2.771 n=8696
2017-08-20 01:28:09,796 INFO idw_p2_cn3  1.348 n=8696
2017-08-20 01:28:09,797 INFO mean_all    1.029 n=8696
2017-08-20 01:28:09,797 INFO end method list
2017-08-20 01:28:10,048 INFO interpolate for WGM
2017-08-20 01:28:10,048 INFO currently at 8 out of 10
2017-08-20 01:28:10,049 INFO use IHAMBURG229 IHAMBURG69 IHAMBURG184 IHAMBURG1548 IHAMBURG403 IHAMBURG469 IHAMBURG214 IHAMBURG1194 IHAMBURG289 IHAMBURG604 IHAMBURG465 IHAMBURG1128 IHAMBURG600 IHAMBURG772 IHAMBURG376 IHAMBURG741 IHAMBURG1142 IHAMBURG1186 IHAMBURG80 IHAMBURG499 IHAMBURG154 IHHRISSE2 IHAMBURG1208 IHAMBURG656 IHAMBURG128 IHAMBURG1360 IHAMBURG1098 IHAMBURG1192 IHAMBURG646 IHAMBURG1234 IHAMBURG50 IHAMBURG998 IHAMBURG119 IHAMBURG565 IHAMBURG98 IHAMBURG2052 IHAMBURG1504 IHAMBURG1296 IHAMBURG168 IHAMBURG1200 IHAMBURG971 IHAMBURG104 IHAMBURG1236 IHAMBURG789 IHAMBURG1787 IHAMBURG2025 IHAMBURG1508 IHAMBURG367 IHAMBURG230 IHAMBURG628 IHAMBURG1204 IHAMBURG1102 IHAMBURG1830 IHAMBURG1832 IHAMBURG363 IHAMBURG340 IHAMBURG1346 IHAMBURG1136 IHAMBURG53 IHAMBURG1144 IHAMBURG68 IHAMBURG209 IHAMBURG1002 IHAMBURG237 IHAMBURG258 IHAMBURG400 IHAMBURG2024 IHAMBURG1306 IHAMBURG731 IHAMBURG1462 IHAMBURG61 IHAMBURG1342 IHAMBURG1458 IHAMBURG192 IHAMBURG1184 IHAMBURG540 IHAMBURG1540 IHAMBURG1391 IHAMBURG778 IHAMBURG380 IHHHELLB2 IHAMBURG450 IHAMBURG1266 IHAMBURG1797 IHAMBURG1172 IOSTSTEI3 IHAMBURG1188 IHAMBURG1464 IHAMBURG550 IHAMBURG60 IHAMBURG479 IHAMBURG844 IHAMBURG405 IHAMBURG1036 IHAMBURG1300 IHAMBURG285 IHAMBURG487 IHAMBURG180 IHAMBURG42 IHAMBURG737 ISEEVETA49 IHAMBURG1082 IHAMBURG514 IWINSENL6 IHAMBURG1470 IHAMBURG56 IHAMBURG200 IHAMBURG1302 IHAMBURG439 IHAMBURG333 IHAMBURG684 IHAMBURG1783 IHAMBURG481 IHAMBURG316 IHAMBURG256 IHAMBURG460 IHAMBURG654 IHAMBURG1044 IHAMBURG1150 IHAMBURG1254 IHAMBURG250 IHAMBURG1411 IHAMBURG1154 IHAMBURG175 IHAMBURG280 IHAMBURG640 IHAMBURG417 IHAMBURG123 IHAMBURG664 IHAMBURG109 IHAMBURG1064 IHAMBURG938 IHAMBURG914 IHAMBURG108 IHAMBURG195 IHAMBURG1791 IHAMBURG204 IHAMBURG1421 INORDERS21 IHAMBURG1368 IHAMBURG2029 IHAMBURG365 IHAMBURG709 IHAMBURG361 IHAMBURG471 IHAMBURG113 IHAMBURG353 IHAMBURG1216 IHAMBURG219 IHAMBURG1134 IHAMBURG142 IHAMBURG803 IHHMEIEN2 IHAMBURG1494 IHAMBURG404 IHAMBURG527 IHAMBURG329 IHAMBURG206 IHAMBURG2026 IHAMBURG1086 IHAMBURG1538 IHAMBURG338 IHAMBURG49 IHAMBURG610 IHAMBURG1152 IHAMBURG172 IHAMBURG199 IHAMBURG1068 IHAMBURG1058 IHAMBURG308 IHAMBURG693 IHAMBURG1478 IHHBERGS2 IHAMBURG1212 IHAMBURG832 IHAMBURG375 IHAMBURG1284 IHAMBURG454 IHAMBURG162 IHAMBURG1076 IHAMBURG1008 IHAMBURG1108 IHAMBURG1110 IHAMBURG1114 IHAMBURG1118 IHAMBURG1230 IHAMBURG1252 IHAMBURG131 IHAMBURG1314 IHAMBURG1372 IHAMBURG1377 IHAMBURG158 IHAMBURG1586 IHAMBURG1600 IHAMBURG218 IHAMBURG222 IHAMBURG355 IHAMBURG435 IHAMBURG489 IHAMBURG64 IHAMBURG648 IHAMBURG84
2017-08-20 01:40:51,089 INFO idw_p1_cn5  1.093 n=8755
2017-08-20 01:40:51,091 INFO idw_p3_cn3  1.028 n=8755
2017-08-20 01:40:51,091 INFO nn          1.049 n=8755
2017-08-20 01:40:51,091 INFO idw_p4_all  1.014 n=8755
2017-08-20 01:40:51,091 INFO mean_cn3    1.391 n=8755
2017-08-20 01:40:51,091 INFO idw_p1_all  1.056 n=8755
2017-08-20 01:40:51,092 INFO max_dt      1.910 n=8622
2017-08-20 01:40:51,092 INFO idw_p4_cn5  1.020 n=8755
2017-08-20 01:40:51,092 INFO idw_p1_cn3  1.111 n=8755
2017-08-20 01:40:51,092 INFO max_cn3     2.048 n=8755
2017-08-20 01:40:51,092 INFO min_cn5     0.869 n=8755
2017-08-20 01:40:51,093 INFO idw_p4_cn3  1.027 n=8755
2017-08-20 01:40:51,093 INFO median_cn3  1.500 n=8755
2017-08-20 01:40:51,093 INFO min_dt      0.933 n=8622
2017-08-20 01:40:51,093 INFO min_cn3     0.962 n=8755
2017-08-20 01:40:51,093 INFO median_all  1.027 n=8755
2017-08-20 01:40:51,093 INFO idw_p3_all  1.012 n=8755
2017-08-20 01:40:51,094 INFO median_cn5  1.314 n=8755
2017-08-20 01:40:51,094 INFO mean_cn5    1.263 n=8755
2017-08-20 01:40:51,094 INFO idw_p2_dt   1.031 n=8622
2017-08-20 01:40:51,094 INFO idw_p2_all  1.017 n=8755
2017-08-20 01:40:51,094 INFO eddh        0.896 n=8751
2017-08-20 01:40:51,095 INFO max_cn5     2.169 n=8755
2017-08-20 01:40:51,095 INFO idw_p3_cn5  1.020 n=8755
2017-08-20 01:40:51,095 INFO idw_p4_dt   1.033 n=8622
2017-08-20 01:40:51,095 INFO idw_p2_cn5  1.027 n=8755
2017-08-20 01:40:51,095 INFO min_all     3.202 n=8755
2017-08-20 01:40:51,095 INFO mean_dt     1.087 n=8622
2017-08-20 01:40:51,096 INFO idw_p1_dt   1.034 n=8622
2017-08-20 01:40:51,096 INFO idw_p3_dt   1.031 n=8622
2017-08-20 01:40:51,096 INFO median_dt   1.084 n=8622
2017-08-20 01:40:51,096 INFO max_all     2.674 n=8755
2017-08-20 01:40:51,096 INFO idw_p2_cn3  1.037 n=8755
2017-08-20 01:40:51,097 INFO mean_all    1.029 n=8755
2017-08-20 01:40:51,097 INFO end method list
2017-08-20 01:40:51,339 INFO interpolate for WWM
2017-08-20 01:40:51,339 INFO currently at 9 out of 10
2017-08-20 01:40:51,339 INFO use IHAMBURG229 IHAMBURG69 IHAMBURG184 IHAMBURG1548 IHAMBURG403 IHAMBURG469 IHAMBURG214 IHAMBURG1194 IHAMBURG289 IHAMBURG604 IHAMBURG465 IHAMBURG1128 IHAMBURG600 IHAMBURG772 IHAMBURG376 IHAMBURG741 IHAMBURG1142 IHAMBURG1186 IHAMBURG80 IHAMBURG499 IHAMBURG154 IHHRISSE2 IHAMBURG1208 IHAMBURG656 IHAMBURG128 IHAMBURG1360 IHAMBURG1098 IHAMBURG1192 IHAMBURG646 IHAMBURG1234 IHAMBURG50 IHAMBURG998 IHAMBURG119 IHAMBURG565 IHAMBURG98 IHAMBURG2052 IHAMBURG1504 IHAMBURG1296 IHAMBURG168 IHAMBURG1200 IHAMBURG971 IHAMBURG104 IHAMBURG1236 IHAMBURG789 IHAMBURG1787 IHAMBURG2025 IHAMBURG1508 IHAMBURG367 IHAMBURG230 IHAMBURG628 IHAMBURG1204 IHAMBURG1102 IHAMBURG1830 IHAMBURG1832 IHAMBURG363 IHAMBURG340 IHAMBURG1346 IHAMBURG1136 IHAMBURG53 IHAMBURG1144 IHAMBURG68 IHAMBURG209 IHAMBURG1002 IHAMBURG237 IHAMBURG258 IHAMBURG400 IHAMBURG2024 IHAMBURG1306 IHAMBURG731 IHAMBURG1462 IHAMBURG61 IHAMBURG1342 IHAMBURG1458 IHAMBURG192 IHAMBURG1184 IHAMBURG540 IHAMBURG1540 IHAMBURG1391 IHAMBURG778 IHAMBURG380 IHHHELLB2 IHAMBURG450 IHAMBURG1266 IHAMBURG1797 IHAMBURG1172 IOSTSTEI3 IHAMBURG1188 IHAMBURG1464 IHAMBURG550 IHAMBURG60 IHAMBURG479 IHAMBURG844 IHAMBURG405 IHAMBURG1036 IHAMBURG1300 IHAMBURG285 IHAMBURG487 IHAMBURG180 IHAMBURG42 IHAMBURG737 ISEEVETA49 IHAMBURG1082 IHAMBURG514 IWINSENL6 IHAMBURG1470 IHAMBURG56 IHAMBURG200 IHAMBURG1302 IHAMBURG439 IHAMBURG333 IHAMBURG684 IHAMBURG1783 IHAMBURG481 IHAMBURG316 IHAMBURG256 IHAMBURG460 IHAMBURG654 IHAMBURG1044 IHAMBURG1150 IHAMBURG1254 IHAMBURG250 IHAMBURG1411 IHAMBURG1154 IHAMBURG175 IHAMBURG280 IHAMBURG640 IHAMBURG417 IHAMBURG123 IHAMBURG664 IHAMBURG109 IHAMBURG1064 IHAMBURG938 IHAMBURG914 IHAMBURG108 IHAMBURG195 IHAMBURG1791 IHAMBURG204 IHAMBURG1421 INORDERS21 IHAMBURG1368 IHAMBURG2029 IHAMBURG365 IHAMBURG709 IHAMBURG361 IHAMBURG471 IHAMBURG113 IHAMBURG353 IHAMBURG1216 IHAMBURG219 IHAMBURG1134 IHAMBURG142 IHAMBURG803 IHHMEIEN2 IHAMBURG1494 IHAMBURG404 IHAMBURG527 IHAMBURG329 IHAMBURG206 IHAMBURG2026 IHAMBURG1086 IHAMBURG1538 IHAMBURG338 IHAMBURG49 IHAMBURG610 IHAMBURG1152 IHAMBURG172 IHAMBURG199 IHAMBURG1068 IHAMBURG1058 IHAMBURG308 IHAMBURG693 IHAMBURG1478 IHHBERGS2 IHAMBURG1212 IHAMBURG832 IHAMBURG375 IHAMBURG1284 IHAMBURG454 IHAMBURG162 IHAMBURG1076 IHAMBURG1008 IHAMBURG1108 IHAMBURG1110 IHAMBURG1114 IHAMBURG1118 IHAMBURG1230 IHAMBURG1252 IHAMBURG131 IHAMBURG1314 IHAMBURG1372 IHAMBURG1377 IHAMBURG158 IHAMBURG1586 IHAMBURG1600 IHAMBURG218 IHAMBURG222 IHAMBURG355 IHAMBURG435 IHAMBURG489 IHAMBURG64 IHAMBURG648 IHAMBURG84
2017-08-20 01:53:19,627 INFO idw_p1_cn5  1.172 n=8780
2017-08-20 01:53:19,628 INFO idw_p3_cn3  1.019 n=8780
2017-08-20 01:53:19,628 INFO nn          1.001 n=8780
2017-08-20 01:53:19,628 INFO idw_p4_all  0.986 n=8780
2017-08-20 01:53:19,628 INFO mean_cn3    1.439 n=8780
2017-08-20 01:53:19,628 INFO idw_p1_all  1.088 n=8780
2017-08-20 01:53:19,628 INFO max_dt      1.939 n=8634
2017-08-20 01:53:19,628 INFO idw_p4_cn5  0.989 n=8780
2017-08-20 01:53:19,629 INFO idw_p1_cn3  1.225 n=8780
2017-08-20 01:53:19,629 INFO max_cn3     2.118 n=8780
2017-08-20 01:53:19,629 INFO min_cn5     0.776 n=8780
2017-08-20 01:53:19,629 INFO idw_p4_cn3  0.997 n=8780
2017-08-20 01:53:19,629 INFO median_cn3  1.568 n=8780
2017-08-20 01:53:19,629 INFO min_dt      0.796 n=8634
2017-08-20 01:53:19,629 INFO min_cn3     0.920 n=8780
2017-08-20 01:53:19,629 INFO median_all  1.041 n=8780
2017-08-20 01:53:19,629 INFO idw_p3_all  1.017 n=8780
2017-08-20 01:53:19,629 INFO median_cn5  1.341 n=8780
2017-08-20 01:53:19,629 INFO mean_cn5    1.280 n=8780
2017-08-20 01:53:19,630 INFO idw_p2_dt   1.019 n=8634
2017-08-20 01:53:19,630 INFO idw_p2_all  1.080 n=8780
2017-08-20 01:53:19,630 INFO eddh        1.013 n=8773
2017-08-20 01:53:19,630 INFO max_cn5     2.215 n=8780
2017-08-20 01:53:19,630 INFO idw_p3_cn5  1.009 n=8780
2017-08-20 01:53:19,630 INFO idw_p4_dt   0.994 n=8634
2017-08-20 01:53:19,630 INFO idw_p2_cn5  1.064 n=8780
2017-08-20 01:53:19,630 INFO min_all     3.142 n=8780
2017-08-20 01:53:19,630 INFO mean_dt     1.067 n=8634
2017-08-20 01:53:19,630 INFO idw_p1_dt   1.045 n=8634
2017-08-20 01:53:19,630 INFO idw_p3_dt   1.002 n=8634
2017-08-20 01:53:19,630 INFO median_dt   1.021 n=8634
2017-08-20 01:53:19,631 INFO max_all     2.727 n=8780
2017-08-20 01:53:19,631 INFO idw_p2_cn3  1.081 n=8780
2017-08-20 01:53:19,631 INFO mean_all    1.045 n=8780
2017-08-20 01:53:19,631 INFO end method list
2017-08-20 01:53:19,805 INFO interpolate for ZOM
2017-08-20 01:53:19,805 INFO currently at 10 out of 10
2017-08-20 01:53:19,805 INFO use IHAMBURG229 IHAMBURG69 IHAMBURG184 IHAMBURG1548 IHAMBURG403 IHAMBURG469 IHAMBURG214 IHAMBURG1194 IHAMBURG289 IHAMBURG604 IHAMBURG465 IHAMBURG1128 IHAMBURG600 IHAMBURG772 IHAMBURG376 IHAMBURG741 IHAMBURG1142 IHAMBURG1186 IHAMBURG80 IHAMBURG499 IHAMBURG154 IHHRISSE2 IHAMBURG1208 IHAMBURG656 IHAMBURG128 IHAMBURG1360 IHAMBURG1098 IHAMBURG1192 IHAMBURG646 IHAMBURG1234 IHAMBURG50 IHAMBURG998 IHAMBURG119 IHAMBURG565 IHAMBURG98 IHAMBURG2052 IHAMBURG1504 IHAMBURG1296 IHAMBURG168 IHAMBURG1200 IHAMBURG971 IHAMBURG104 IHAMBURG1236 IHAMBURG789 IHAMBURG1787 IHAMBURG2025 IHAMBURG1508 IHAMBURG367 IHAMBURG230 IHAMBURG628 IHAMBURG1204 IHAMBURG1102 IHAMBURG1830 IHAMBURG1832 IHAMBURG363 IHAMBURG340 IHAMBURG1346 IHAMBURG1136 IHAMBURG53 IHAMBURG1144 IHAMBURG68 IHAMBURG209 IHAMBURG1002 IHAMBURG237 IHAMBURG258 IHAMBURG400 IHAMBURG2024 IHAMBURG1306 IHAMBURG731 IHAMBURG1462 IHAMBURG61 IHAMBURG1342 IHAMBURG1458 IHAMBURG192 IHAMBURG1184 IHAMBURG540 IHAMBURG1540 IHAMBURG1391 IHAMBURG778 IHAMBURG380 IHHHELLB2 IHAMBURG450 IHAMBURG1266 IHAMBURG1797 IHAMBURG1172 IOSTSTEI3 IHAMBURG1188 IHAMBURG1464 IHAMBURG550 IHAMBURG60 IHAMBURG479 IHAMBURG844 IHAMBURG405 IHAMBURG1036 IHAMBURG1300 IHAMBURG285 IHAMBURG487 IHAMBURG180 IHAMBURG42 IHAMBURG737 ISEEVETA49 IHAMBURG1082 IHAMBURG514 IWINSENL6 IHAMBURG1470 IHAMBURG56 IHAMBURG200 IHAMBURG1302 IHAMBURG439 IHAMBURG333 IHAMBURG684 IHAMBURG1783 IHAMBURG481 IHAMBURG316 IHAMBURG256 IHAMBURG460 IHAMBURG654 IHAMBURG1044 IHAMBURG1150 IHAMBURG1254 IHAMBURG250 IHAMBURG1411 IHAMBURG1154 IHAMBURG175 IHAMBURG280 IHAMBURG640 IHAMBURG417 IHAMBURG123 IHAMBURG664 IHAMBURG109 IHAMBURG1064 IHAMBURG938 IHAMBURG914 IHAMBURG108 IHAMBURG195 IHAMBURG1791 IHAMBURG204 IHAMBURG1421 INORDERS21 IHAMBURG1368 IHAMBURG2029 IHAMBURG365 IHAMBURG709 IHAMBURG361 IHAMBURG471 IHAMBURG113 IHAMBURG353 IHAMBURG1216 IHAMBURG219 IHAMBURG1134 IHAMBURG142 IHAMBURG803 IHHMEIEN2 IHAMBURG1494 IHAMBURG404 IHAMBURG527 IHAMBURG329 IHAMBURG206 IHAMBURG2026 IHAMBURG1086 IHAMBURG1538 IHAMBURG338 IHAMBURG49 IHAMBURG610 IHAMBURG1152 IHAMBURG172 IHAMBURG199 IHAMBURG1068 IHAMBURG1058 IHAMBURG308 IHAMBURG693 IHAMBURG1478 IHHBERGS2 IHAMBURG1212 IHAMBURG832 IHAMBURG375 IHAMBURG1284 IHAMBURG454 IHAMBURG162 IHAMBURG1076 IHAMBURG1008 IHAMBURG1108 IHAMBURG1110 IHAMBURG1114 IHAMBURG1118 IHAMBURG1230 IHAMBURG1252 IHAMBURG131 IHAMBURG1314 IHAMBURG1372 IHAMBURG1377 IHAMBURG158 IHAMBURG1586 IHAMBURG1600 IHAMBURG218 IHAMBURG222 IHAMBURG355 IHAMBURG435 IHAMBURG489 IHAMBURG64 IHAMBURG648 IHAMBURG84
2017-08-20 02:06:16,814 INFO idw_p1_cn5  0.731 n=8769
2017-08-20 02:06:16,816 INFO idw_p3_cn3  0.653 n=8769
2017-08-20 02:06:16,816 INFO nn          0.658 n=8769
2017-08-20 02:06:16,816 INFO idw_p4_all  0.653 n=8769
2017-08-20 02:06:16,816 INFO mean_cn3    0.739 n=8769
2017-08-20 02:06:16,816 INFO idw_p1_all  0.753 n=8769
2017-08-20 02:06:16,817 INFO max_dt      1.316 n=8628
2017-08-20 02:06:16,817 INFO idw_p4_cn5  0.655 n=8769
2017-08-20 02:06:16,817 INFO idw_p1_cn3  0.675 n=8769
2017-08-20 02:06:16,817 INFO max_cn3     1.239 n=8769
2017-08-20 02:06:16,817 INFO min_cn5     0.877 n=8769
2017-08-20 02:06:16,818 INFO idw_p4_cn3  0.658 n=8769
2017-08-20 02:06:16,818 INFO median_cn3  0.731 n=8769
2017-08-20 02:06:16,818 INFO min_dt      0.903 n=8628
2017-08-20 02:06:16,818 INFO min_cn3     0.832 n=8769
2017-08-20 02:06:16,818 INFO median_all  0.745 n=8769
2017-08-20 02:06:16,818 INFO idw_p3_all  0.671 n=8769
2017-08-20 02:06:16,819 INFO median_cn5  0.783 n=8769
2017-08-20 02:06:16,819 INFO mean_cn5    0.814 n=8769
2017-08-20 02:06:16,819 INFO idw_p2_dt   0.659 n=8628
2017-08-20 02:06:16,819 INFO idw_p2_all  0.729 n=8769
2017-08-20 02:06:16,819 INFO eddh        1.109 n=8766
2017-08-20 02:06:16,820 INFO max_cn5     1.681 n=8769
2017-08-20 02:06:16,820 INFO idw_p3_cn5  0.653 n=8769
2017-08-20 02:06:16,820 INFO idw_p4_dt   0.657 n=8628
2017-08-20 02:06:16,820 INFO idw_p2_cn5  0.669 n=8769
2017-08-20 02:06:16,820 INFO min_all     3.439 n=8769
2017-08-20 02:06:16,820 INFO mean_dt     0.781 n=8628
2017-08-20 02:06:16,821 INFO idw_p1_dt   0.691 n=8628
2017-08-20 02:06:16,821 INFO idw_p3_dt   0.655 n=8628
2017-08-20 02:06:16,821 INFO median_dt   0.761 n=8628
2017-08-20 02:06:16,821 INFO max_all     2.246 n=8769
2017-08-20 02:06:16,821 INFO idw_p2_cn3  0.652 n=8769
2017-08-20 02:06:16,821 INFO mean_all    0.749 n=8769
2017-08-20 02:06:16,822 INFO end method list
2017-08-20 02:06:17,119 INFO nn          1.249 n=87390
2017-08-20 02:06:17,119 INFO mean_cn3    1.256 n=87390
2017-08-20 02:06:17,119 INFO max_dt      1.587 n=67930
2017-08-20 02:06:17,120 INFO idw_p4_all  1.147 n=87390
2017-08-20 02:06:17,120 INFO idw_p4_cn5  1.166 n=87390
2017-08-20 02:06:17,120 INFO idw_p1_cn3  1.196 n=87390
2017-08-20 02:06:17,121 INFO idw_p1_cn5  1.159 n=87390
2017-08-20 02:06:17,121 INFO idw_p2_cn3  1.179 n=87390
2017-08-20 02:06:17,121 INFO idw_p2_all  1.135 n=87390
2017-08-20 02:06:17,121 INFO min_dt      0.949 n=67930
2017-08-20 02:06:17,122 INFO idw_p2_cn5  1.146 n=87390
2017-08-20 02:06:17,122 INFO mean_all    1.159 n=87390
2017-08-20 02:06:17,122 INFO mean_dt     0.998 n=67930
2017-08-20 02:06:17,122 INFO max_all     2.730 n=87390
2017-08-20 02:06:17,123 INFO idw_p3_cn5  1.153 n=87390
2017-08-20 02:06:17,123 INFO idw_p3_cn3  1.182 n=87390
2017-08-20 02:06:17,123 INFO idw_p1_all  1.141 n=87390
2017-08-20 02:06:17,124 INFO min_cn5     1.014 n=87390
2017-08-20 02:06:17,124 INFO median_cn3  1.308 n=87390
2017-08-20 02:06:17,124 INFO min_cn3     1.023 n=87390
2017-08-20 02:06:17,124 INFO median_all  1.156 n=87390
2017-08-20 02:06:17,125 INFO idw_p3_all  1.132 n=87390
2017-08-20 02:06:17,125 INFO eddh        1.039 n=87309
2017-08-20 02:06:17,125 INFO median_cn5  1.180 n=87390
2017-08-20 02:06:17,125 INFO mean_cn5    1.196 n=87390
2017-08-20 02:06:17,126 INFO idw_p2_dt   1.075 n=67930
2017-08-20 02:06:17,126 INFO max_cn5     2.041 n=87390
2017-08-20 02:06:17,126 INFO idw_p4_cn3  1.189 n=87390
2017-08-20 02:06:17,127 INFO idw_p4_dt   1.132 n=67930
2017-08-20 02:06:17,127 INFO min_all     3.231 n=87390
2017-08-20 02:06:17,127 INFO max_cn3     1.853 n=87390
2017-08-20 02:06:17,127 INFO idw_p1_dt   1.031 n=67930
2017-08-20 02:06:17,128 INFO idw_p3_dt   1.108 n=67930
2017-08-20 02:06:17,128 INFO median_dt   1.012 n=67930
