2017-08-20 23:27:15,025 INFO ### Start new logging
2017-08-20 23:27:15,025 INFO General Overview
2017-08-20 23:27:15,025 INFO targets: HCM IHM LGM LWM RIM SGM SWM WGM WWM ZOM
2017-08-20 23:27:15,026 INFO neighbours: IHAMBURG1266 IHAMBURG42 IHAMBURG338 IHAMBURG435 IHAMBURG2026 IHAMBURG1204 IHAMBURG53 IHAMBURG1184 IHAMBURG1086 IHAMBURG1188 IHAMBURG229 IHAMBURG123 IHAMBURG1548 IHAMBURG404 IHAMBURG104 IHAMBURG2025 IHAMBURG1462 IHAMBURG1586 IHAMBURG1494 IHAMBURG789 IHAMBURG154 IHAMBURG450 IHAMBURG1172 IHAMBURG1044 IHAMBURG1314 IHAMBURG184 IHAMBURG108 IHAMBURG471 IHAMBURG340 IHAMBURG1600 IHAMBURG1186 IHAMBURG481 IHAMBURG172 IHAMBURG355 IHAMBURG1342 IHAMBURG640 IHAMBURG1230 IHAMBURG1068 IHAMBURG514 IHAMBURG289 IHAMBURG237 IHAMBURG628 IHAMBURG1194 IHAMBURG971 IHAMBURG1076 IHAMBURG600 IHAMBURG1192 IHAMBURG84 IHAMBURG206 IHAMBURG162 IHHBERGS2 IHAMBURG1302 IHAMBURG1306 IHAMBURG1216 IHAMBURG109 IHAMBURG479 IHAMBURG1368 IHAMBURG693 IHAMBURG367 IHAMBURG656 IHAMBURG1200 IHAMBURG1110 IHHRISSE2 IHAMBURG1540 IHAMBURG1108 IHAMBURG1212 IHAMBURG417 IHAMBURG540 IHAMBURG1150 IHAMBURG180 IHAMBURG1508 IHAMBURG709 IHAMBURG648 IHAMBURG376 IHAMBURG454 IHAMBURG1128 IHAMBURG250 IHHHELLB2 IHAMBURG998 IHAMBURG844 IHAMBURG80 IHAMBURG405 IHAMBURG1832 IHAMBURG1458 IHAMBURG1538 IHAMBURG131 IHAMBURG2052 IHAMBURG1470 IHAMBURG1300 IHAMBURG1154 IHAMBURG938 IHAMBURG1504 IHAMBURG1064 IHAMBURG1252 IHAMBURG1142 IHAMBURG2024 IHAMBURG1208 IHAMBURG1114 IHAMBURG199 IHAMBURG192 IHAMBURG230 IHAMBURG1002 IHAMBURG400 IHAMBURG1787 IHAMBURG1478 IHAMBURG119 IHAMBURG158 IHAMBURG175 IHAMBURG803 IHAMBURG499 IHAMBURG280 IHAMBURG64 IHAMBURG380 IHAMBURG1360 IHAMBURG56 IHAMBURG353 IHAMBURG1391 IHAMBURG1411 IHAMBURG1236 IHAMBURG1830 IHAMBURG1791 IHAMBURG664 IHAMBURG49 IHAMBURG365 IHAMBURG1102 IHAMBURG200 IHAMBURG1136 IHAMBURG195 IHAMBURG113 IHAMBURG1118 IHAMBURG258 IHAMBURG778 IHAMBURG1284 IHAMBURG361 IHAMBURG737 IHAMBURG219 IHAMBURG403 IHAMBURG469 IHAMBURG1152 IHAMBURG1346 INORDERS21
2017-08-20 23:27:15,026 INFO End overview
2017-08-20 23:27:15,026 INFO Several Runs
2017-08-20 23:27:15,026 INFO end targets
2017-08-20 23:27:15,026 INFO overall results
2017-08-20 23:27:15,026 INFO interpolate for HCM
2017-08-20 23:27:15,026 INFO currently at 1 out of 10
2017-08-20 23:27:15,026 INFO use IHAMBURG1266 IHAMBURG42 IHAMBURG338 IHAMBURG435 IHAMBURG2026 IHAMBURG1204 IHAMBURG53 IHAMBURG1184 IHAMBURG1086 IHAMBURG1188 IHAMBURG229 IHAMBURG123 IHAMBURG1548 IHAMBURG404 IHAMBURG104 IHAMBURG2025 IHAMBURG1462 IHAMBURG1586 IHAMBURG1494 IHAMBURG789 IHAMBURG154 IHAMBURG450 IHAMBURG1172 IHAMBURG1044 IHAMBURG1314 IHAMBURG184 IHAMBURG108 IHAMBURG471 IHAMBURG340 IHAMBURG1600 IHAMBURG1186 IHAMBURG481 IHAMBURG172 IHAMBURG355 IHAMBURG1342 IHAMBURG640 IHAMBURG1230 IHAMBURG1068 IHAMBURG514 IHAMBURG289 IHAMBURG237 IHAMBURG628 IHAMBURG1194 IHAMBURG971 IHAMBURG1076 IHAMBURG600 IHAMBURG1192 IHAMBURG84 IHAMBURG206 IHAMBURG162 IHHBERGS2 IHAMBURG1302 IHAMBURG1306 IHAMBURG1216 IHAMBURG109 IHAMBURG479 IHAMBURG1368 IHAMBURG693 IHAMBURG367 IHAMBURG656 IHAMBURG1200 IHAMBURG1110 IHHRISSE2 IHAMBURG1540 IHAMBURG1108 IHAMBURG1212 IHAMBURG417 IHAMBURG540 IHAMBURG1150 IHAMBURG180 IHAMBURG1508 IHAMBURG709 IHAMBURG648 IHAMBURG376 IHAMBURG454 IHAMBURG1128 IHAMBURG250 IHHHELLB2 IHAMBURG998 IHAMBURG844 IHAMBURG80 IHAMBURG405 IHAMBURG1832 IHAMBURG1458 IHAMBURG1538 IHAMBURG131 IHAMBURG2052 IHAMBURG1470 IHAMBURG1300 IHAMBURG1154 IHAMBURG938 IHAMBURG1504 IHAMBURG1064 IHAMBURG1252 IHAMBURG1142 IHAMBURG2024 IHAMBURG1208 IHAMBURG1114 IHAMBURG199 IHAMBURG192 IHAMBURG230 IHAMBURG1002 IHAMBURG400 IHAMBURG1787 IHAMBURG1478 IHAMBURG119 IHAMBURG158 IHAMBURG175 IHAMBURG803 IHAMBURG499 IHAMBURG280 IHAMBURG64 IHAMBURG380 IHAMBURG1360 IHAMBURG56 IHAMBURG353 IHAMBURG1391 IHAMBURG1411 IHAMBURG1236 IHAMBURG1830 IHAMBURG1791 IHAMBURG664 IHAMBURG49 IHAMBURG365 IHAMBURG1102 IHAMBURG200 IHAMBURG1136 IHAMBURG195 IHAMBURG113 IHAMBURG1118 IHAMBURG258 IHAMBURG778 IHAMBURG1284 IHAMBURG361 IHAMBURG737 IHAMBURG219 IHAMBURG403 IHAMBURG469 IHAMBURG1152 IHAMBURG1346 INORDERS21
2017-08-20 23:36:51,097 INFO idw_p3_cn3  0.872 n=8756
2017-08-20 23:36:51,098 INFO idw_p2_cn3  0.868 n=8756
2017-08-20 23:36:51,098 INFO mean_all    0.593 n=8756
2017-08-20 23:36:51,098 INFO idw_p3_all  0.857 n=8756
2017-08-20 23:36:51,098 INFO min_all     3.618 n=8756
2017-08-20 23:36:51,098 INFO idw_p1_cn3  0.857 n=8756
2017-08-20 23:36:51,098 INFO mean_cn5    0.730 n=8756
2017-08-20 23:36:51,098 INFO idw_p1_all  0.505 n=8756
2017-08-20 23:36:51,098 INFO max_all     1.720 n=8756
2017-08-20 23:36:51,099 INFO eddh        1.396 n=8770
2017-08-20 23:36:51,099 INFO idw_p2_dt   0.869 n=8641
2017-08-20 23:36:51,099 INFO median_dt   0.808 n=8641
2017-08-20 23:36:51,099 INFO max_cn5     1.288 n=8756
2017-08-20 23:36:51,099 INFO idw_p1_cn5  0.825 n=8756
2017-08-20 23:36:51,099 INFO idw_p4_cn5  0.872 n=8756
2017-08-20 23:36:51,099 INFO max_cn3     1.208 n=8756
2017-08-20 23:36:51,099 INFO median_cn3  0.882 n=8756
2017-08-20 23:36:51,099 INFO nn          0.892 n=8756
2017-08-20 23:36:51,099 INFO median_cn5  0.805 n=8756
2017-08-20 23:36:51,099 INFO min_dt      0.912 n=8641
2017-08-20 23:36:51,100 INFO min_cn5     1.030 n=8756
2017-08-20 23:36:51,100 INFO idw_p4_dt   0.879 n=8641
2017-08-20 23:36:51,100 INFO idw_p3_dt   0.875 n=8641
2017-08-20 23:36:51,100 INFO median_all  0.601 n=8756
2017-08-20 23:36:51,100 INFO idw_p4_cn3  0.874 n=8756
2017-08-20 23:36:51,100 INFO mean_cn3    0.854 n=8756
2017-08-20 23:36:51,100 INFO max_dt      1.122 n=8641
2017-08-20 23:36:51,100 INFO min_cn3     0.789 n=8756
2017-08-20 23:36:51,100 INFO idw_p1_dt   0.840 n=8641
2017-08-20 23:36:51,100 INFO idw_p2_all  0.828 n=8756
2017-08-20 23:36:51,100 INFO idw_p2_cn5  0.863 n=8756
2017-08-20 23:36:51,101 INFO idw_p3_cn5  0.868 n=8756
2017-08-20 23:36:51,101 INFO mean_dt     0.749 n=8641
2017-08-20 23:36:51,101 INFO idw_p4_all  0.863 n=8756
2017-08-20 23:36:51,101 INFO end method list
2017-08-20 23:36:51,284 INFO interpolate for IHM
2017-08-20 23:36:51,284 INFO currently at 2 out of 10
2017-08-20 23:36:51,285 INFO use IHAMBURG1266 IHAMBURG42 IHAMBURG338 IHAMBURG435 IHAMBURG2026 IHAMBURG1204 IHAMBURG53 IHAMBURG1184 IHAMBURG1086 IHAMBURG1188 IHAMBURG229 IHAMBURG123 IHAMBURG1548 IHAMBURG404 IHAMBURG104 IHAMBURG2025 IHAMBURG1462 IHAMBURG1586 IHAMBURG1494 IHAMBURG789 IHAMBURG154 IHAMBURG450 IHAMBURG1172 IHAMBURG1044 IHAMBURG1314 IHAMBURG184 IHAMBURG108 IHAMBURG471 IHAMBURG340 IHAMBURG1600 IHAMBURG1186 IHAMBURG481 IHAMBURG172 IHAMBURG355 IHAMBURG1342 IHAMBURG640 IHAMBURG1230 IHAMBURG1068 IHAMBURG514 IHAMBURG289 IHAMBURG237 IHAMBURG628 IHAMBURG1194 IHAMBURG971 IHAMBURG1076 IHAMBURG600 IHAMBURG1192 IHAMBURG84 IHAMBURG206 IHAMBURG162 IHHBERGS2 IHAMBURG1302 IHAMBURG1306 IHAMBURG1216 IHAMBURG109 IHAMBURG479 IHAMBURG1368 IHAMBURG693 IHAMBURG367 IHAMBURG656 IHAMBURG1200 IHAMBURG1110 IHHRISSE2 IHAMBURG1540 IHAMBURG1108 IHAMBURG1212 IHAMBURG417 IHAMBURG540 IHAMBURG1150 IHAMBURG180 IHAMBURG1508 IHAMBURG709 IHAMBURG648 IHAMBURG376 IHAMBURG454 IHAMBURG1128 IHAMBURG250 IHHHELLB2 IHAMBURG998 IHAMBURG844 IHAMBURG80 IHAMBURG405 IHAMBURG1832 IHAMBURG1458 IHAMBURG1538 IHAMBURG131 IHAMBURG2052 IHAMBURG1470 IHAMBURG1300 IHAMBURG1154 IHAMBURG938 IHAMBURG1504 IHAMBURG1064 IHAMBURG1252 IHAMBURG1142 IHAMBURG2024 IHAMBURG1208 IHAMBURG1114 IHAMBURG199 IHAMBURG192 IHAMBURG230 IHAMBURG1002 IHAMBURG400 IHAMBURG1787 IHAMBURG1478 IHAMBURG119 IHAMBURG158 IHAMBURG175 IHAMBURG803 IHAMBURG499 IHAMBURG280 IHAMBURG64 IHAMBURG380 IHAMBURG1360 IHAMBURG56 IHAMBURG353 IHAMBURG1391 IHAMBURG1411 IHAMBURG1236 IHAMBURG1830 IHAMBURG1791 IHAMBURG664 IHAMBURG49 IHAMBURG365 IHAMBURG1102 IHAMBURG200 IHAMBURG1136 IHAMBURG195 IHAMBURG113 IHAMBURG1118 IHAMBURG258 IHAMBURG778 IHAMBURG1284 IHAMBURG361 IHAMBURG737 IHAMBURG219 IHAMBURG403 IHAMBURG469 IHAMBURG1152 IHAMBURG1346 INORDERS21
2017-08-20 23:46:11,947 INFO idw_p3_cn3  0.837 n=8760
2017-08-20 23:46:11,948 INFO idw_p2_cn3  0.794 n=8760
2017-08-20 23:46:11,948 INFO mean_all    0.689 n=8760
2017-08-20 23:46:11,948 INFO idw_p3_all  0.658 n=8760
2017-08-20 23:46:11,948 INFO min_all     3.768 n=8760
2017-08-20 23:46:11,948 INFO idw_p1_cn3  0.751 n=8760
2017-08-20 23:46:11,948 INFO mean_cn5    0.598 n=8760
2017-08-20 23:46:11,948 INFO idw_p1_all  0.573 n=8760
2017-08-20 23:46:11,948 INFO max_all     1.588 n=8760
2017-08-20 23:46:11,948 INFO eddh        1.492 n=8776
2017-08-20 23:46:11,948 INFO idw_p2_dt   0.758 n=8647
2017-08-20 23:46:11,948 INFO median_dt   0.696 n=8647
2017-08-20 23:46:11,949 INFO max_cn5     1.129 n=8760
2017-08-20 23:46:11,949 INFO idw_p1_cn5  0.642 n=8760
2017-08-20 23:46:11,949 INFO idw_p4_cn5  0.843 n=8760
2017-08-20 23:46:11,949 INFO max_cn3     1.053 n=8760
2017-08-20 23:46:11,949 INFO median_cn3  0.746 n=8760
2017-08-20 23:46:11,949 INFO nn          0.968 n=8760
2017-08-20 23:46:11,949 INFO median_cn5  0.654 n=8760
2017-08-20 23:46:11,949 INFO min_dt      1.087 n=8647
2017-08-20 23:46:11,949 INFO min_cn5     1.237 n=8760
2017-08-20 23:46:11,949 INFO idw_p4_dt   0.866 n=8647
2017-08-20 23:46:11,949 INFO idw_p3_dt   0.818 n=8647
2017-08-20 23:46:11,950 INFO median_all  0.689 n=8760
2017-08-20 23:46:11,950 INFO idw_p4_cn3  0.872 n=8760
2017-08-20 23:46:11,950 INFO mean_cn3    0.717 n=8760
2017-08-20 23:46:11,950 INFO max_dt      0.991 n=8647
2017-08-20 23:46:11,950 INFO min_cn3     0.780 n=8760
2017-08-20 23:46:11,950 INFO idw_p1_dt   0.699 n=8647
2017-08-20 23:46:11,950 INFO idw_p2_all  0.506 n=8760
2017-08-20 23:46:11,950 INFO idw_p2_cn5  0.713 n=8760
2017-08-20 23:46:11,950 INFO idw_p3_cn5  0.786 n=8760
2017-08-20 23:46:11,950 INFO mean_dt     0.669 n=8647
2017-08-20 23:46:11,950 INFO idw_p4_all  0.795 n=8760
2017-08-20 23:46:11,950 INFO end method list
2017-08-20 23:46:12,112 INFO interpolate for LGM
2017-08-20 23:46:12,112 INFO currently at 3 out of 10
2017-08-20 23:46:12,113 INFO use IHAMBURG1266 IHAMBURG42 IHAMBURG338 IHAMBURG435 IHAMBURG2026 IHAMBURG1204 IHAMBURG53 IHAMBURG1184 IHAMBURG1086 IHAMBURG1188 IHAMBURG229 IHAMBURG123 IHAMBURG1548 IHAMBURG404 IHAMBURG104 IHAMBURG2025 IHAMBURG1462 IHAMBURG1586 IHAMBURG1494 IHAMBURG789 IHAMBURG154 IHAMBURG450 IHAMBURG1172 IHAMBURG1044 IHAMBURG1314 IHAMBURG184 IHAMBURG108 IHAMBURG471 IHAMBURG340 IHAMBURG1600 IHAMBURG1186 IHAMBURG481 IHAMBURG172 IHAMBURG355 IHAMBURG1342 IHAMBURG640 IHAMBURG1230 IHAMBURG1068 IHAMBURG514 IHAMBURG289 IHAMBURG237 IHAMBURG628 IHAMBURG1194 IHAMBURG971 IHAMBURG1076 IHAMBURG600 IHAMBURG1192 IHAMBURG84 IHAMBURG206 IHAMBURG162 IHHBERGS2 IHAMBURG1302 IHAMBURG1306 IHAMBURG1216 IHAMBURG109 IHAMBURG479 IHAMBURG1368 IHAMBURG693 IHAMBURG367 IHAMBURG656 IHAMBURG1200 IHAMBURG1110 IHHRISSE2 IHAMBURG1540 IHAMBURG1108 IHAMBURG1212 IHAMBURG417 IHAMBURG540 IHAMBURG1150 IHAMBURG180 IHAMBURG1508 IHAMBURG709 IHAMBURG648 IHAMBURG376 IHAMBURG454 IHAMBURG1128 IHAMBURG250 IHHHELLB2 IHAMBURG998 IHAMBURG844 IHAMBURG80 IHAMBURG405 IHAMBURG1832 IHAMBURG1458 IHAMBURG1538 IHAMBURG131 IHAMBURG2052 IHAMBURG1470 IHAMBURG1300 IHAMBURG1154 IHAMBURG938 IHAMBURG1504 IHAMBURG1064 IHAMBURG1252 IHAMBURG1142 IHAMBURG2024 IHAMBURG1208 IHAMBURG1114 IHAMBURG199 IHAMBURG192 IHAMBURG230 IHAMBURG1002 IHAMBURG400 IHAMBURG1787 IHAMBURG1478 IHAMBURG119 IHAMBURG158 IHAMBURG175 IHAMBURG803 IHAMBURG499 IHAMBURG280 IHAMBURG64 IHAMBURG380 IHAMBURG1360 IHAMBURG56 IHAMBURG353 IHAMBURG1391 IHAMBURG1411 IHAMBURG1236 IHAMBURG1830 IHAMBURG1791 IHAMBURG664 IHAMBURG49 IHAMBURG365 IHAMBURG1102 IHAMBURG200 IHAMBURG1136 IHAMBURG195 IHAMBURG113 IHAMBURG1118 IHAMBURG258 IHAMBURG778 IHAMBURG1284 IHAMBURG361 IHAMBURG737 IHAMBURG219 IHAMBURG403 IHAMBURG469 IHAMBURG1152 IHAMBURG1346 INORDERS21
2017-08-20 23:55:31,511 INFO idw_p3_cn3  1.286 n=8748
2017-08-20 23:55:31,511 INFO idw_p2_cn3  1.310 n=8748
2017-08-20 23:55:31,512 INFO mean_all    1.539 n=8748
2017-08-20 23:55:31,512 INFO idw_p3_all  1.268 n=8748
2017-08-20 23:55:31,512 INFO min_all     2.819 n=8748
2017-08-20 23:55:31,512 INFO max_dt      1.436 n=7465
2017-08-20 23:55:31,512 INFO min_cn5     1.156 n=8748
2017-08-20 23:55:31,512 INFO idw_p1_all  1.463 n=8748
2017-08-20 23:55:31,512 INFO max_all     3.244 n=8748
2017-08-20 23:55:31,512 INFO eddh        0.809 n=8754
2017-08-20 23:55:31,512 INFO idw_p2_dt   1.252 n=7465
2017-08-20 23:55:31,512 INFO nn          1.284 n=8748
2017-08-20 23:55:31,512 INFO max_cn5     2.445 n=8748
2017-08-20 23:55:31,513 INFO idw_p1_cn5  1.405 n=8748
2017-08-20 23:55:31,513 INFO idw_p4_cn5  1.278 n=8748
2017-08-20 23:55:31,513 INFO max_cn3     2.161 n=8748
2017-08-20 23:55:31,513 INFO median_dt   1.078 n=7465
2017-08-20 23:55:31,513 INFO median_cn3  1.403 n=8748
2017-08-20 23:55:31,513 INFO median_all  1.552 n=8748
2017-08-20 23:55:31,513 INFO median_cn5  1.432 n=8748
2017-08-20 23:55:31,513 INFO min_dt      0.957 n=7465
2017-08-20 23:55:31,513 INFO mean_cn5    1.504 n=8748
2017-08-20 23:55:31,513 INFO idw_p4_dt   1.278 n=7465
2017-08-20 23:55:31,513 INFO idw_p3_dt   1.272 n=7465
2017-08-20 23:55:31,514 INFO idw_p4_cn3  1.280 n=8748
2017-08-20 23:55:31,514 INFO mean_cn3    1.471 n=8748
2017-08-20 23:55:31,514 INFO idw_p1_cn3  1.373 n=8748
2017-08-20 23:55:31,514 INFO min_cn3     1.141 n=8748
2017-08-20 23:55:31,514 INFO idw_p1_dt   1.188 n=7465
2017-08-20 23:55:31,514 INFO idw_p2_all  1.337 n=8748
2017-08-20 23:55:31,514 INFO idw_p2_cn5  1.321 n=8748
2017-08-20 23:55:31,514 INFO idw_p3_cn5  1.287 n=8748
2017-08-20 23:55:31,514 INFO mean_dt     1.085 n=7465
2017-08-20 23:55:31,514 INFO idw_p4_all  1.265 n=8748
2017-08-20 23:55:31,514 INFO end method list
2017-08-20 23:55:31,685 INFO interpolate for LWM
2017-08-20 23:55:31,686 INFO currently at 4 out of 10
2017-08-20 23:55:31,686 INFO use IHAMBURG1266 IHAMBURG42 IHAMBURG338 IHAMBURG435 IHAMBURG2026 IHAMBURG1204 IHAMBURG53 IHAMBURG1184 IHAMBURG1086 IHAMBURG1188 IHAMBURG229 IHAMBURG123 IHAMBURG1548 IHAMBURG404 IHAMBURG104 IHAMBURG2025 IHAMBURG1462 IHAMBURG1586 IHAMBURG1494 IHAMBURG789 IHAMBURG154 IHAMBURG450 IHAMBURG1172 IHAMBURG1044 IHAMBURG1314 IHAMBURG184 IHAMBURG108 IHAMBURG471 IHAMBURG340 IHAMBURG1600 IHAMBURG1186 IHAMBURG481 IHAMBURG172 IHAMBURG355 IHAMBURG1342 IHAMBURG640 IHAMBURG1230 IHAMBURG1068 IHAMBURG514 IHAMBURG289 IHAMBURG237 IHAMBURG628 IHAMBURG1194 IHAMBURG971 IHAMBURG1076 IHAMBURG600 IHAMBURG1192 IHAMBURG84 IHAMBURG206 IHAMBURG162 IHHBERGS2 IHAMBURG1302 IHAMBURG1306 IHAMBURG1216 IHAMBURG109 IHAMBURG479 IHAMBURG1368 IHAMBURG693 IHAMBURG367 IHAMBURG656 IHAMBURG1200 IHAMBURG1110 IHHRISSE2 IHAMBURG1540 IHAMBURG1108 IHAMBURG1212 IHAMBURG417 IHAMBURG540 IHAMBURG1150 IHAMBURG180 IHAMBURG1508 IHAMBURG709 IHAMBURG648 IHAMBURG376 IHAMBURG454 IHAMBURG1128 IHAMBURG250 IHHHELLB2 IHAMBURG998 IHAMBURG844 IHAMBURG80 IHAMBURG405 IHAMBURG1832 IHAMBURG1458 IHAMBURG1538 IHAMBURG131 IHAMBURG2052 IHAMBURG1470 IHAMBURG1300 IHAMBURG1154 IHAMBURG938 IHAMBURG1504 IHAMBURG1064 IHAMBURG1252 IHAMBURG1142 IHAMBURG2024 IHAMBURG1208 IHAMBURG1114 IHAMBURG199 IHAMBURG192 IHAMBURG230 IHAMBURG1002 IHAMBURG400 IHAMBURG1787 IHAMBURG1478 IHAMBURG119 IHAMBURG158 IHAMBURG175 IHAMBURG803 IHAMBURG499 IHAMBURG280 IHAMBURG64 IHAMBURG380 IHAMBURG1360 IHAMBURG56 IHAMBURG353 IHAMBURG1391 IHAMBURG1411 IHAMBURG1236 IHAMBURG1830 IHAMBURG1791 IHAMBURG664 IHAMBURG49 IHAMBURG365 IHAMBURG1102 IHAMBURG200 IHAMBURG1136 IHAMBURG195 IHAMBURG113 IHAMBURG1118 IHAMBURG258 IHAMBURG778 IHAMBURG1284 IHAMBURG361 IHAMBURG737 IHAMBURG219 IHAMBURG403 IHAMBURG469 IHAMBURG1152 IHAMBURG1346 INORDERS21
2017-08-21 00:04:35,259 INFO idw_p3_cn3  1.449 n=8501
2017-08-21 00:04:35,260 INFO idw_p2_cn3  1.483 n=8501
2017-08-21 00:04:35,260 INFO mean_all    1.675 n=8501
2017-08-21 00:04:35,260 INFO idw_p3_all  1.462 n=8501
2017-08-21 00:04:35,260 INFO min_all     2.666 n=8501
2017-08-21 00:04:35,261 INFO min_cn5     1.246 n=8501
2017-08-21 00:04:35,261 INFO idw_p1_all  1.616 n=8501
2017-08-21 00:04:35,261 INFO max_all     3.402 n=8501
2017-08-21 00:04:35,261 INFO eddh        0.974 n=8508
2017-08-21 00:04:35,261 INFO nn          1.377 n=8501
2017-08-21 00:04:35,261 INFO max_cn5     2.569 n=8501
2017-08-21 00:04:35,261 INFO idw_p1_cn5  1.550 n=8501
2017-08-21 00:04:35,261 INFO idw_p4_cn5  1.426 n=8501
2017-08-21 00:04:35,261 INFO max_cn3     2.281 n=8501
2017-08-21 00:04:35,261 INFO median_cn3  1.523 n=8501
2017-08-21 00:04:35,262 INFO median_all  1.690 n=8501
2017-08-21 00:04:35,262 INFO median_cn5  1.522 n=8501
2017-08-21 00:04:35,262 INFO mean_cn5    1.599 n=8501
2017-08-21 00:04:35,262 INFO idw_p4_cn3  1.427 n=8501
2017-08-21 00:04:35,262 INFO mean_cn3    1.592 n=8501
2017-08-21 00:04:35,262 INFO idw_p1_cn3  1.533 n=8501
2017-08-21 00:04:35,262 INFO min_cn3     1.252 n=8501
2017-08-21 00:04:35,262 INFO idw_p2_all  1.541 n=8501
2017-08-21 00:04:35,262 INFO idw_p2_cn5  1.495 n=8501
2017-08-21 00:04:35,262 INFO idw_p3_cn5  1.453 n=8501
2017-08-21 00:04:35,263 INFO idw_p4_all  1.419 n=8501
2017-08-21 00:04:35,263 INFO end method list
2017-08-21 00:04:35,452 INFO interpolate for RIM
2017-08-21 00:04:35,453 INFO currently at 5 out of 10
2017-08-21 00:04:35,453 INFO use IHAMBURG1266 IHAMBURG42 IHAMBURG338 IHAMBURG435 IHAMBURG2026 IHAMBURG1204 IHAMBURG53 IHAMBURG1184 IHAMBURG1086 IHAMBURG1188 IHAMBURG229 IHAMBURG123 IHAMBURG1548 IHAMBURG404 IHAMBURG104 IHAMBURG2025 IHAMBURG1462 IHAMBURG1586 IHAMBURG1494 IHAMBURG789 IHAMBURG154 IHAMBURG450 IHAMBURG1172 IHAMBURG1044 IHAMBURG1314 IHAMBURG184 IHAMBURG108 IHAMBURG471 IHAMBURG340 IHAMBURG1600 IHAMBURG1186 IHAMBURG481 IHAMBURG172 IHAMBURG355 IHAMBURG1342 IHAMBURG640 IHAMBURG1230 IHAMBURG1068 IHAMBURG514 IHAMBURG289 IHAMBURG237 IHAMBURG628 IHAMBURG1194 IHAMBURG971 IHAMBURG1076 IHAMBURG600 IHAMBURG1192 IHAMBURG84 IHAMBURG206 IHAMBURG162 IHHBERGS2 IHAMBURG1302 IHAMBURG1306 IHAMBURG1216 IHAMBURG109 IHAMBURG479 IHAMBURG1368 IHAMBURG693 IHAMBURG367 IHAMBURG656 IHAMBURG1200 IHAMBURG1110 IHHRISSE2 IHAMBURG1540 IHAMBURG1108 IHAMBURG1212 IHAMBURG417 IHAMBURG540 IHAMBURG1150 IHAMBURG180 IHAMBURG1508 IHAMBURG709 IHAMBURG648 IHAMBURG376 IHAMBURG454 IHAMBURG1128 IHAMBURG250 IHHHELLB2 IHAMBURG998 IHAMBURG844 IHAMBURG80 IHAMBURG405 IHAMBURG1832 IHAMBURG1458 IHAMBURG1538 IHAMBURG131 IHAMBURG2052 IHAMBURG1470 IHAMBURG1300 IHAMBURG1154 IHAMBURG938 IHAMBURG1504 IHAMBURG1064 IHAMBURG1252 IHAMBURG1142 IHAMBURG2024 IHAMBURG1208 IHAMBURG1114 IHAMBURG199 IHAMBURG192 IHAMBURG230 IHAMBURG1002 IHAMBURG400 IHAMBURG1787 IHAMBURG1478 IHAMBURG119 IHAMBURG158 IHAMBURG175 IHAMBURG803 IHAMBURG499 IHAMBURG280 IHAMBURG64 IHAMBURG380 IHAMBURG1360 IHAMBURG56 IHAMBURG353 IHAMBURG1391 IHAMBURG1411 IHAMBURG1236 IHAMBURG1830 IHAMBURG1791 IHAMBURG664 IHAMBURG49 IHAMBURG365 IHAMBURG1102 IHAMBURG200 IHAMBURG1136 IHAMBURG195 IHAMBURG113 IHAMBURG1118 IHAMBURG258 IHAMBURG778 IHAMBURG1284 IHAMBURG361 IHAMBURG737 IHAMBURG219 IHAMBURG403 IHAMBURG469 IHAMBURG1152 IHAMBURG1346 INORDERS21
2017-08-21 00:13:31,805 INFO idw_p3_cn3  1.365 n=8744
2017-08-21 00:13:31,805 INFO idw_p2_cn3  1.325 n=8744
2017-08-21 00:13:31,805 INFO mean_all    1.442 n=8744
2017-08-21 00:13:31,806 INFO idw_p3_all  1.287 n=8744
2017-08-21 00:13:31,806 INFO min_all     2.958 n=8744
2017-08-21 00:13:31,806 INFO min_cn5     1.473 n=8744
2017-08-21 00:13:31,806 INFO idw_p1_all  1.418 n=8744
2017-08-21 00:13:31,806 INFO max_all     3.054 n=8744
2017-08-21 00:13:31,806 INFO eddh        0.977 n=8754
2017-08-21 00:13:31,806 INFO nn          1.496 n=8744
2017-08-21 00:13:31,806 INFO max_cn5     2.352 n=8744
2017-08-21 00:13:31,806 INFO idw_p1_cn5  1.387 n=8744
2017-08-21 00:13:31,806 INFO idw_p4_cn5  1.382 n=8744
2017-08-21 00:13:31,806 INFO max_cn3     2.047 n=8744
2017-08-21 00:13:31,807 INFO median_cn3  1.327 n=8744
2017-08-21 00:13:31,807 INFO median_all  1.451 n=8744
2017-08-21 00:13:31,807 INFO median_cn5  1.435 n=8744
2017-08-21 00:13:31,807 INFO mean_cn5    1.455 n=8744
2017-08-21 00:13:31,807 INFO idw_p4_cn3  1.411 n=8744
2017-08-21 00:13:31,807 INFO mean_cn3    1.358 n=8744
2017-08-21 00:13:31,807 INFO idw_p1_cn3  1.318 n=8744
2017-08-21 00:13:31,807 INFO min_cn3     1.443 n=8744
2017-08-21 00:13:31,807 INFO idw_p2_all  1.354 n=8744
2017-08-21 00:13:31,807 INFO idw_p2_cn5  1.344 n=8744
2017-08-21 00:13:31,807 INFO idw_p3_cn5  1.347 n=8744
2017-08-21 00:13:31,808 INFO idw_p4_all  1.303 n=8744
2017-08-21 00:13:31,808 INFO end method list
2017-08-21 00:13:31,962 INFO interpolate for SGM
2017-08-21 00:13:31,963 INFO currently at 6 out of 10
2017-08-21 00:13:31,963 INFO use IHAMBURG1266 IHAMBURG42 IHAMBURG338 IHAMBURG435 IHAMBURG2026 IHAMBURG1204 IHAMBURG53 IHAMBURG1184 IHAMBURG1086 IHAMBURG1188 IHAMBURG229 IHAMBURG123 IHAMBURG1548 IHAMBURG404 IHAMBURG104 IHAMBURG2025 IHAMBURG1462 IHAMBURG1586 IHAMBURG1494 IHAMBURG789 IHAMBURG154 IHAMBURG450 IHAMBURG1172 IHAMBURG1044 IHAMBURG1314 IHAMBURG184 IHAMBURG108 IHAMBURG471 IHAMBURG340 IHAMBURG1600 IHAMBURG1186 IHAMBURG481 IHAMBURG172 IHAMBURG355 IHAMBURG1342 IHAMBURG640 IHAMBURG1230 IHAMBURG1068 IHAMBURG514 IHAMBURG289 IHAMBURG237 IHAMBURG628 IHAMBURG1194 IHAMBURG971 IHAMBURG1076 IHAMBURG600 IHAMBURG1192 IHAMBURG84 IHAMBURG206 IHAMBURG162 IHHBERGS2 IHAMBURG1302 IHAMBURG1306 IHAMBURG1216 IHAMBURG109 IHAMBURG479 IHAMBURG1368 IHAMBURG693 IHAMBURG367 IHAMBURG656 IHAMBURG1200 IHAMBURG1110 IHHRISSE2 IHAMBURG1540 IHAMBURG1108 IHAMBURG1212 IHAMBURG417 IHAMBURG540 IHAMBURG1150 IHAMBURG180 IHAMBURG1508 IHAMBURG709 IHAMBURG648 IHAMBURG376 IHAMBURG454 IHAMBURG1128 IHAMBURG250 IHHHELLB2 IHAMBURG998 IHAMBURG844 IHAMBURG80 IHAMBURG405 IHAMBURG1832 IHAMBURG1458 IHAMBURG1538 IHAMBURG131 IHAMBURG2052 IHAMBURG1470 IHAMBURG1300 IHAMBURG1154 IHAMBURG938 IHAMBURG1504 IHAMBURG1064 IHAMBURG1252 IHAMBURG1142 IHAMBURG2024 IHAMBURG1208 IHAMBURG1114 IHAMBURG199 IHAMBURG192 IHAMBURG230 IHAMBURG1002 IHAMBURG400 IHAMBURG1787 IHAMBURG1478 IHAMBURG119 IHAMBURG158 IHAMBURG175 IHAMBURG803 IHAMBURG499 IHAMBURG280 IHAMBURG64 IHAMBURG380 IHAMBURG1360 IHAMBURG56 IHAMBURG353 IHAMBURG1391 IHAMBURG1411 IHAMBURG1236 IHAMBURG1830 IHAMBURG1791 IHAMBURG664 IHAMBURG49 IHAMBURG365 IHAMBURG1102 IHAMBURG200 IHAMBURG1136 IHAMBURG195 IHAMBURG113 IHAMBURG1118 IHAMBURG258 IHAMBURG778 IHAMBURG1284 IHAMBURG361 IHAMBURG737 IHAMBURG219 IHAMBURG403 IHAMBURG469 IHAMBURG1152 IHAMBURG1346 INORDERS21
2017-08-21 00:22:54,704 INFO idw_p3_cn3  1.732 n=8761
2017-08-21 00:22:54,705 INFO idw_p2_cn3  1.692 n=8761
2017-08-21 00:22:54,705 INFO mean_all    1.395 n=8761
2017-08-21 00:22:54,705 INFO idw_p3_all  1.573 n=8761
2017-08-21 00:22:54,705 INFO min_all     2.897 n=8761
2017-08-21 00:22:54,705 INFO idw_p1_cn3  1.648 n=8761
2017-08-21 00:22:54,705 INFO mean_cn5    1.595 n=8761
2017-08-21 00:22:54,705 INFO idw_p1_all  1.422 n=8761
2017-08-21 00:22:54,706 INFO max_all     3.070 n=8761
2017-08-21 00:22:54,706 INFO eddh        0.753 n=8771
2017-08-21 00:22:54,706 INFO idw_p2_dt   1.803 n=8649
2017-08-21 00:22:54,706 INFO median_dt   1.832 n=8649
2017-08-21 00:22:54,706 INFO max_cn5     2.270 n=8761
2017-08-21 00:22:54,706 INFO idw_p1_cn5  1.623 n=8761
2017-08-21 00:22:54,706 INFO idw_p4_cn5  1.736 n=8761
2017-08-21 00:22:54,706 INFO max_cn3     2.154 n=8761
2017-08-21 00:22:54,706 INFO median_cn3  1.807 n=8761
2017-08-21 00:22:54,706 INFO nn          1.860 n=8761
2017-08-21 00:22:54,706 INFO median_cn5  1.741 n=8761
2017-08-21 00:22:54,707 INFO min_dt      1.549 n=8649
2017-08-21 00:22:54,707 INFO min_cn5     1.222 n=8761
2017-08-21 00:22:54,707 INFO idw_p4_dt   1.821 n=8649
2017-08-21 00:22:54,707 INFO idw_p3_dt   1.813 n=8649
2017-08-21 00:22:54,707 INFO median_all  1.407 n=8761
2017-08-21 00:22:54,707 INFO idw_p4_cn3  1.765 n=8761
2017-08-21 00:22:54,707 INFO mean_cn3    1.603 n=8761
2017-08-21 00:22:54,707 INFO max_dt      2.153 n=8649
2017-08-21 00:22:54,707 INFO min_cn3     1.308 n=8761
2017-08-21 00:22:54,707 INFO idw_p1_dt   1.792 n=8649
2017-08-21 00:22:54,707 INFO idw_p2_all  1.482 n=8761
2017-08-21 00:22:54,707 INFO idw_p2_cn5  1.658 n=8761
2017-08-21 00:22:54,708 INFO idw_p3_cn5  1.698 n=8761
2017-08-21 00:22:54,708 INFO mean_dt     1.782 n=8649
2017-08-21 00:22:54,708 INFO idw_p4_all  1.663 n=8761
2017-08-21 00:22:54,708 INFO end method list
2017-08-21 00:22:54,882 INFO interpolate for SWM
2017-08-21 00:22:54,882 INFO currently at 7 out of 10
2017-08-21 00:22:54,882 INFO use IHAMBURG1266 IHAMBURG42 IHAMBURG338 IHAMBURG435 IHAMBURG2026 IHAMBURG1204 IHAMBURG53 IHAMBURG1184 IHAMBURG1086 IHAMBURG1188 IHAMBURG229 IHAMBURG123 IHAMBURG1548 IHAMBURG404 IHAMBURG104 IHAMBURG2025 IHAMBURG1462 IHAMBURG1586 IHAMBURG1494 IHAMBURG789 IHAMBURG154 IHAMBURG450 IHAMBURG1172 IHAMBURG1044 IHAMBURG1314 IHAMBURG184 IHAMBURG108 IHAMBURG471 IHAMBURG340 IHAMBURG1600 IHAMBURG1186 IHAMBURG481 IHAMBURG172 IHAMBURG355 IHAMBURG1342 IHAMBURG640 IHAMBURG1230 IHAMBURG1068 IHAMBURG514 IHAMBURG289 IHAMBURG237 IHAMBURG628 IHAMBURG1194 IHAMBURG971 IHAMBURG1076 IHAMBURG600 IHAMBURG1192 IHAMBURG84 IHAMBURG206 IHAMBURG162 IHHBERGS2 IHAMBURG1302 IHAMBURG1306 IHAMBURG1216 IHAMBURG109 IHAMBURG479 IHAMBURG1368 IHAMBURG693 IHAMBURG367 IHAMBURG656 IHAMBURG1200 IHAMBURG1110 IHHRISSE2 IHAMBURG1540 IHAMBURG1108 IHAMBURG1212 IHAMBURG417 IHAMBURG540 IHAMBURG1150 IHAMBURG180 IHAMBURG1508 IHAMBURG709 IHAMBURG648 IHAMBURG376 IHAMBURG454 IHAMBURG1128 IHAMBURG250 IHHHELLB2 IHAMBURG998 IHAMBURG844 IHAMBURG80 IHAMBURG405 IHAMBURG1832 IHAMBURG1458 IHAMBURG1538 IHAMBURG131 IHAMBURG2052 IHAMBURG1470 IHAMBURG1300 IHAMBURG1154 IHAMBURG938 IHAMBURG1504 IHAMBURG1064 IHAMBURG1252 IHAMBURG1142 IHAMBURG2024 IHAMBURG1208 IHAMBURG1114 IHAMBURG199 IHAMBURG192 IHAMBURG230 IHAMBURG1002 IHAMBURG400 IHAMBURG1787 IHAMBURG1478 IHAMBURG119 IHAMBURG158 IHAMBURG175 IHAMBURG803 IHAMBURG499 IHAMBURG280 IHAMBURG64 IHAMBURG380 IHAMBURG1360 IHAMBURG56 IHAMBURG353 IHAMBURG1391 IHAMBURG1411 IHAMBURG1236 IHAMBURG1830 IHAMBURG1791 IHAMBURG664 IHAMBURG49 IHAMBURG365 IHAMBURG1102 IHAMBURG200 IHAMBURG1136 IHAMBURG195 IHAMBURG113 IHAMBURG1118 IHAMBURG258 IHAMBURG778 IHAMBURG1284 IHAMBURG361 IHAMBURG737 IHAMBURG219 IHAMBURG403 IHAMBURG469 IHAMBURG1152 IHAMBURG1346 INORDERS21
2017-08-21 00:31:40,888 INFO idw_p3_cn3  1.430 n=8684
2017-08-21 00:31:40,889 INFO idw_p2_cn3  1.361 n=8684
2017-08-21 00:31:40,889 INFO mean_all    1.055 n=8684
2017-08-21 00:31:40,889 INFO idw_p3_all  1.351 n=8684
2017-08-21 00:31:40,890 INFO min_all     2.974 n=8684
2017-08-21 00:31:40,890 INFO idw_p1_cn3  1.262 n=8684
2017-08-21 00:31:40,890 INFO mean_cn5    1.155 n=8684
2017-08-21 00:31:40,890 INFO idw_p1_all  1.076 n=8684
2017-08-21 00:31:40,890 INFO max_all     2.737 n=8684
2017-08-21 00:31:40,890 INFO eddh        0.672 n=8686
2017-08-21 00:31:40,890 INFO idw_p2_dt   1.447 n=8571
2017-08-21 00:31:40,890 INFO median_dt   1.371 n=8571
2017-08-21 00:31:40,890 INFO max_cn5     1.937 n=8684
2017-08-21 00:31:40,890 INFO idw_p1_cn5  1.225 n=8684
2017-08-21 00:31:40,891 INFO idw_p4_cn5  1.459 n=8684
2017-08-21 00:31:40,891 INFO max_cn3     1.800 n=8684
2017-08-21 00:31:40,891 INFO median_cn3  1.413 n=8684
2017-08-21 00:31:40,891 INFO nn          1.499 n=8684
2017-08-21 00:31:40,891 INFO median_cn5  1.337 n=8684
2017-08-21 00:31:40,891 INFO min_dt      1.211 n=8571
2017-08-21 00:31:40,891 INFO min_cn5     1.007 n=8684
2017-08-21 00:31:40,891 INFO idw_p4_dt   1.486 n=8571
2017-08-21 00:31:40,891 INFO idw_p3_dt   1.476 n=8571
2017-08-21 00:31:40,891 INFO median_all  1.074 n=8684
2017-08-21 00:31:40,891 INFO idw_p4_cn3  1.464 n=8684
2017-08-21 00:31:40,891 INFO mean_cn3    1.178 n=8684
2017-08-21 00:31:40,892 INFO max_dt      1.730 n=8571
2017-08-21 00:31:40,892 INFO min_cn3     1.052 n=8684
2017-08-21 00:31:40,892 INFO idw_p1_dt   1.387 n=8571
2017-08-21 00:31:40,892 INFO idw_p2_all  1.183 n=8684
2017-08-21 00:31:40,892 INFO idw_p2_cn5  1.332 n=8684
2017-08-21 00:31:40,892 INFO idw_p3_cn5  1.416 n=8684
2017-08-21 00:31:40,892 INFO mean_dt     1.326 n=8571
2017-08-21 00:31:40,892 INFO idw_p4_all  1.441 n=8684
2017-08-21 00:31:40,892 INFO end method list
2017-08-21 00:31:41,068 INFO interpolate for WGM
2017-08-21 00:31:41,068 INFO currently at 8 out of 10
2017-08-21 00:31:41,069 INFO use IHAMBURG1266 IHAMBURG42 IHAMBURG338 IHAMBURG435 IHAMBURG2026 IHAMBURG1204 IHAMBURG53 IHAMBURG1184 IHAMBURG1086 IHAMBURG1188 IHAMBURG229 IHAMBURG123 IHAMBURG1548 IHAMBURG404 IHAMBURG104 IHAMBURG2025 IHAMBURG1462 IHAMBURG1586 IHAMBURG1494 IHAMBURG789 IHAMBURG154 IHAMBURG450 IHAMBURG1172 IHAMBURG1044 IHAMBURG1314 IHAMBURG184 IHAMBURG108 IHAMBURG471 IHAMBURG340 IHAMBURG1600 IHAMBURG1186 IHAMBURG481 IHAMBURG172 IHAMBURG355 IHAMBURG1342 IHAMBURG640 IHAMBURG1230 IHAMBURG1068 IHAMBURG514 IHAMBURG289 IHAMBURG237 IHAMBURG628 IHAMBURG1194 IHAMBURG971 IHAMBURG1076 IHAMBURG600 IHAMBURG1192 IHAMBURG84 IHAMBURG206 IHAMBURG162 IHHBERGS2 IHAMBURG1302 IHAMBURG1306 IHAMBURG1216 IHAMBURG109 IHAMBURG479 IHAMBURG1368 IHAMBURG693 IHAMBURG367 IHAMBURG656 IHAMBURG1200 IHAMBURG1110 IHHRISSE2 IHAMBURG1540 IHAMBURG1108 IHAMBURG1212 IHAMBURG417 IHAMBURG540 IHAMBURG1150 IHAMBURG180 IHAMBURG1508 IHAMBURG709 IHAMBURG648 IHAMBURG376 IHAMBURG454 IHAMBURG1128 IHAMBURG250 IHHHELLB2 IHAMBURG998 IHAMBURG844 IHAMBURG80 IHAMBURG405 IHAMBURG1832 IHAMBURG1458 IHAMBURG1538 IHAMBURG131 IHAMBURG2052 IHAMBURG1470 IHAMBURG1300 IHAMBURG1154 IHAMBURG938 IHAMBURG1504 IHAMBURG1064 IHAMBURG1252 IHAMBURG1142 IHAMBURG2024 IHAMBURG1208 IHAMBURG1114 IHAMBURG199 IHAMBURG192 IHAMBURG230 IHAMBURG1002 IHAMBURG400 IHAMBURG1787 IHAMBURG1478 IHAMBURG119 IHAMBURG158 IHAMBURG175 IHAMBURG803 IHAMBURG499 IHAMBURG280 IHAMBURG64 IHAMBURG380 IHAMBURG1360 IHAMBURG56 IHAMBURG353 IHAMBURG1391 IHAMBURG1411 IHAMBURG1236 IHAMBURG1830 IHAMBURG1791 IHAMBURG664 IHAMBURG49 IHAMBURG365 IHAMBURG1102 IHAMBURG200 IHAMBURG1136 IHAMBURG195 IHAMBURG113 IHAMBURG1118 IHAMBURG258 IHAMBURG778 IHAMBURG1284 IHAMBURG361 IHAMBURG737 IHAMBURG219 IHAMBURG403 IHAMBURG469 IHAMBURG1152 IHAMBURG1346 INORDERS21
2017-08-21 00:41:02,456 INFO idw_p3_cn3  1.027 n=8741
2017-08-21 00:41:02,457 INFO idw_p2_cn3  1.039 n=8741
2017-08-21 00:41:02,457 INFO mean_all    1.065 n=8741
2017-08-21 00:41:02,457 INFO idw_p3_all  1.013 n=8741
2017-08-21 00:41:02,457 INFO min_all     3.106 n=8741
2017-08-21 00:41:02,457 INFO idw_p1_cn3  1.120 n=8741
2017-08-21 00:41:02,457 INFO mean_cn5    1.313 n=8741
2017-08-21 00:41:02,457 INFO idw_p1_all  1.078 n=8741
2017-08-21 00:41:02,457 INFO max_all     2.646 n=8741
2017-08-21 00:41:02,457 INFO eddh        0.894 n=8753
2017-08-21 00:41:02,458 INFO idw_p2_dt   1.027 n=8588
2017-08-21 00:41:02,458 INFO median_dt   1.002 n=8588
2017-08-21 00:41:02,458 INFO max_cn5     2.192 n=8741
2017-08-21 00:41:02,458 INFO idw_p1_cn5  1.112 n=8741
2017-08-21 00:41:02,458 INFO idw_p4_cn5  1.020 n=8741
2017-08-21 00:41:02,458 INFO max_cn3     2.086 n=8741
2017-08-21 00:41:02,458 INFO median_cn3  1.515 n=8741
2017-08-21 00:41:02,458 INFO nn          1.043 n=8741
2017-08-21 00:41:02,458 INFO median_cn5  1.444 n=8741
2017-08-21 00:41:02,458 INFO min_dt      0.920 n=8588
2017-08-21 00:41:02,458 INFO min_cn5     0.867 n=8741
2017-08-21 00:41:02,458 INFO idw_p4_dt   1.030 n=8588
2017-08-21 00:41:02,459 INFO idw_p3_dt   1.029 n=8588
2017-08-21 00:41:02,459 INFO median_all  1.079 n=8741
2017-08-21 00:41:02,459 INFO idw_p4_cn3  1.026 n=8741
2017-08-21 00:41:02,459 INFO mean_cn3    1.410 n=8741
2017-08-21 00:41:02,459 INFO max_dt      1.780 n=8588
2017-08-21 00:41:02,459 INFO min_cn3     0.953 n=8741
2017-08-21 00:41:02,459 INFO idw_p1_dt   1.018 n=8588
2017-08-21 00:41:02,459 INFO idw_p2_all  1.022 n=8741
2017-08-21 00:41:02,459 INFO idw_p2_cn5  1.031 n=8741
2017-08-21 00:41:02,459 INFO idw_p3_cn5  1.021 n=8741
2017-08-21 00:41:02,459 INFO mean_dt     1.024 n=8588
2017-08-21 00:41:02,460 INFO idw_p4_all  1.015 n=8741
2017-08-21 00:41:02,460 INFO end method list
2017-08-21 00:41:02,629 INFO interpolate for WWM
2017-08-21 00:41:02,629 INFO currently at 9 out of 10
2017-08-21 00:41:02,629 INFO use IHAMBURG1266 IHAMBURG42 IHAMBURG338 IHAMBURG435 IHAMBURG2026 IHAMBURG1204 IHAMBURG53 IHAMBURG1184 IHAMBURG1086 IHAMBURG1188 IHAMBURG229 IHAMBURG123 IHAMBURG1548 IHAMBURG404 IHAMBURG104 IHAMBURG2025 IHAMBURG1462 IHAMBURG1586 IHAMBURG1494 IHAMBURG789 IHAMBURG154 IHAMBURG450 IHAMBURG1172 IHAMBURG1044 IHAMBURG1314 IHAMBURG184 IHAMBURG108 IHAMBURG471 IHAMBURG340 IHAMBURG1600 IHAMBURG1186 IHAMBURG481 IHAMBURG172 IHAMBURG355 IHAMBURG1342 IHAMBURG640 IHAMBURG1230 IHAMBURG1068 IHAMBURG514 IHAMBURG289 IHAMBURG237 IHAMBURG628 IHAMBURG1194 IHAMBURG971 IHAMBURG1076 IHAMBURG600 IHAMBURG1192 IHAMBURG84 IHAMBURG206 IHAMBURG162 IHHBERGS2 IHAMBURG1302 IHAMBURG1306 IHAMBURG1216 IHAMBURG109 IHAMBURG479 IHAMBURG1368 IHAMBURG693 IHAMBURG367 IHAMBURG656 IHAMBURG1200 IHAMBURG1110 IHHRISSE2 IHAMBURG1540 IHAMBURG1108 IHAMBURG1212 IHAMBURG417 IHAMBURG540 IHAMBURG1150 IHAMBURG180 IHAMBURG1508 IHAMBURG709 IHAMBURG648 IHAMBURG376 IHAMBURG454 IHAMBURG1128 IHAMBURG250 IHHHELLB2 IHAMBURG998 IHAMBURG844 IHAMBURG80 IHAMBURG405 IHAMBURG1832 IHAMBURG1458 IHAMBURG1538 IHAMBURG131 IHAMBURG2052 IHAMBURG1470 IHAMBURG1300 IHAMBURG1154 IHAMBURG938 IHAMBURG1504 IHAMBURG1064 IHAMBURG1252 IHAMBURG1142 IHAMBURG2024 IHAMBURG1208 IHAMBURG1114 IHAMBURG199 IHAMBURG192 IHAMBURG230 IHAMBURG1002 IHAMBURG400 IHAMBURG1787 IHAMBURG1478 IHAMBURG119 IHAMBURG158 IHAMBURG175 IHAMBURG803 IHAMBURG499 IHAMBURG280 IHAMBURG64 IHAMBURG380 IHAMBURG1360 IHAMBURG56 IHAMBURG353 IHAMBURG1391 IHAMBURG1411 IHAMBURG1236 IHAMBURG1830 IHAMBURG1791 IHAMBURG664 IHAMBURG49 IHAMBURG365 IHAMBURG1102 IHAMBURG200 IHAMBURG1136 IHAMBURG195 IHAMBURG113 IHAMBURG1118 IHAMBURG258 IHAMBURG778 IHAMBURG1284 IHAMBURG361 IHAMBURG737 IHAMBURG219 IHAMBURG403 IHAMBURG469 IHAMBURG1152 IHAMBURG1346 INORDERS21
2017-08-21 00:49:52,059 INFO idw_p3_cn3  1.023 n=8765
2017-08-21 00:49:52,060 INFO idw_p2_cn3  1.085 n=8765
2017-08-21 00:49:52,060 INFO mean_all    1.073 n=8765
2017-08-21 00:49:52,060 INFO idw_p3_all  1.015 n=8765
2017-08-21 00:49:52,060 INFO min_all     3.054 n=8765
2017-08-21 00:49:52,060 INFO idw_p1_cn3  1.229 n=8765
2017-08-21 00:49:52,060 INFO mean_cn5    1.271 n=8765
2017-08-21 00:49:52,060 INFO idw_p1_all  1.105 n=8765
2017-08-21 00:49:52,060 INFO max_all     2.696 n=8765
2017-08-21 00:49:52,061 INFO eddh        1.020 n=8776
2017-08-21 00:49:52,061 INFO idw_p2_dt   1.010 n=8604
2017-08-21 00:49:52,061 INFO median_dt   0.944 n=8604
2017-08-21 00:49:52,061 INFO max_cn5     2.225 n=8765
2017-08-21 00:49:52,061 INFO idw_p1_cn5  1.168 n=8765
2017-08-21 00:49:52,061 INFO idw_p4_cn5  0.993 n=8765
2017-08-21 00:49:52,061 INFO max_cn3     2.123 n=8765
2017-08-21 00:49:52,061 INFO median_cn3  1.573 n=8765
2017-08-21 00:49:52,061 INFO nn          1.002 n=8765
2017-08-21 00:49:52,061 INFO median_cn5  1.322 n=8765
2017-08-21 00:49:52,061 INFO min_dt      0.773 n=8604
2017-08-21 00:49:52,062 INFO min_cn5     0.782 n=8765
2017-08-21 00:49:52,062 INFO idw_p4_dt   0.998 n=8604
2017-08-21 00:49:52,062 INFO idw_p3_dt   1.004 n=8604
2017-08-21 00:49:52,062 INFO median_all  1.086 n=8765
2017-08-21 00:49:52,062 INFO idw_p4_cn3  1.000 n=8765
2017-08-21 00:49:52,062 INFO mean_cn3    1.443 n=8765
2017-08-21 00:49:52,062 INFO max_dt      1.798 n=8604
2017-08-21 00:49:52,062 INFO min_cn3     0.918 n=8765
2017-08-21 00:49:52,062 INFO idw_p1_dt   1.002 n=8604
2017-08-21 00:49:52,062 INFO idw_p2_all  1.078 n=8765
2017-08-21 00:49:52,062 INFO idw_p2_cn5  1.065 n=8765
2017-08-21 00:49:52,062 INFO idw_p3_cn5  1.012 n=8765
2017-08-21 00:49:52,063 INFO mean_dt     0.967 n=8604
2017-08-21 00:49:52,063 INFO idw_p4_all  0.989 n=8765
2017-08-21 00:49:52,063 INFO end method list
2017-08-21 00:49:52,247 INFO interpolate for ZOM
2017-08-21 00:49:52,247 INFO currently at 10 out of 10
2017-08-21 00:49:52,247 INFO use IHAMBURG1266 IHAMBURG42 IHAMBURG338 IHAMBURG435 IHAMBURG2026 IHAMBURG1204 IHAMBURG53 IHAMBURG1184 IHAMBURG1086 IHAMBURG1188 IHAMBURG229 IHAMBURG123 IHAMBURG1548 IHAMBURG404 IHAMBURG104 IHAMBURG2025 IHAMBURG1462 IHAMBURG1586 IHAMBURG1494 IHAMBURG789 IHAMBURG154 IHAMBURG450 IHAMBURG1172 IHAMBURG1044 IHAMBURG1314 IHAMBURG184 IHAMBURG108 IHAMBURG471 IHAMBURG340 IHAMBURG1600 IHAMBURG1186 IHAMBURG481 IHAMBURG172 IHAMBURG355 IHAMBURG1342 IHAMBURG640 IHAMBURG1230 IHAMBURG1068 IHAMBURG514 IHAMBURG289 IHAMBURG237 IHAMBURG628 IHAMBURG1194 IHAMBURG971 IHAMBURG1076 IHAMBURG600 IHAMBURG1192 IHAMBURG84 IHAMBURG206 IHAMBURG162 IHHBERGS2 IHAMBURG1302 IHAMBURG1306 IHAMBURG1216 IHAMBURG109 IHAMBURG479 IHAMBURG1368 IHAMBURG693 IHAMBURG367 IHAMBURG656 IHAMBURG1200 IHAMBURG1110 IHHRISSE2 IHAMBURG1540 IHAMBURG1108 IHAMBURG1212 IHAMBURG417 IHAMBURG540 IHAMBURG1150 IHAMBURG180 IHAMBURG1508 IHAMBURG709 IHAMBURG648 IHAMBURG376 IHAMBURG454 IHAMBURG1128 IHAMBURG250 IHHHELLB2 IHAMBURG998 IHAMBURG844 IHAMBURG80 IHAMBURG405 IHAMBURG1832 IHAMBURG1458 IHAMBURG1538 IHAMBURG131 IHAMBURG2052 IHAMBURG1470 IHAMBURG1300 IHAMBURG1154 IHAMBURG938 IHAMBURG1504 IHAMBURG1064 IHAMBURG1252 IHAMBURG1142 IHAMBURG2024 IHAMBURG1208 IHAMBURG1114 IHAMBURG199 IHAMBURG192 IHAMBURG230 IHAMBURG1002 IHAMBURG400 IHAMBURG1787 IHAMBURG1478 IHAMBURG119 IHAMBURG158 IHAMBURG175 IHAMBURG803 IHAMBURG499 IHAMBURG280 IHAMBURG64 IHAMBURG380 IHAMBURG1360 IHAMBURG56 IHAMBURG353 IHAMBURG1391 IHAMBURG1411 IHAMBURG1236 IHAMBURG1830 IHAMBURG1791 IHAMBURG664 IHAMBURG49 IHAMBURG365 IHAMBURG1102 IHAMBURG200 IHAMBURG1136 IHAMBURG195 IHAMBURG113 IHAMBURG1118 IHAMBURG258 IHAMBURG778 IHAMBURG1284 IHAMBURG361 IHAMBURG737 IHAMBURG219 IHAMBURG403 IHAMBURG469 IHAMBURG1152 IHAMBURG1346 INORDERS21
2017-08-21 00:59:12,498 INFO idw_p3_cn3  0.648 n=8751
2017-08-21 00:59:12,499 INFO idw_p2_cn3  0.647 n=8751
2017-08-21 00:59:12,499 INFO mean_all    0.772 n=8751
2017-08-21 00:59:12,499 INFO idw_p3_all  0.666 n=8751
2017-08-21 00:59:12,500 INFO min_all     3.330 n=8751
2017-08-21 00:59:12,500 INFO idw_p1_cn3  0.671 n=8751
2017-08-21 00:59:12,500 INFO mean_cn5    0.829 n=8751
2017-08-21 00:59:12,500 INFO idw_p1_all  0.772 n=8751
2017-08-21 00:59:12,500 INFO max_all     2.203 n=8751
2017-08-21 00:59:12,500 INFO eddh        1.109 n=8763
2017-08-21 00:59:12,500 INFO idw_p2_dt   0.650 n=8534
2017-08-21 00:59:12,500 INFO median_dt   0.760 n=8534
2017-08-21 00:59:12,500 INFO max_cn5     1.666 n=8751
2017-08-21 00:59:12,500 INFO idw_p1_cn5  0.737 n=8751
2017-08-21 00:59:12,500 INFO idw_p4_cn5  0.651 n=8751
2017-08-21 00:59:12,500 INFO max_cn3     1.235 n=8751
2017-08-21 00:59:12,501 INFO median_cn3  0.731 n=8751
2017-08-21 00:59:12,501 INFO nn          0.659 n=8751
2017-08-21 00:59:12,501 INFO median_cn5  0.800 n=8751
2017-08-21 00:59:12,501 INFO min_dt      0.955 n=8534
2017-08-21 00:59:12,501 INFO min_cn5     0.928 n=8751
2017-08-21 00:59:12,501 INFO idw_p4_dt   0.653 n=8534
2017-08-21 00:59:12,501 INFO idw_p3_dt   0.649 n=8534
2017-08-21 00:59:12,501 INFO median_all  0.773 n=8751
2017-08-21 00:59:12,501 INFO idw_p4_cn3  0.653 n=8751
2017-08-21 00:59:12,501 INFO mean_cn3    0.737 n=8751
2017-08-21 00:59:12,501 INFO max_dt      1.311 n=8534
2017-08-21 00:59:12,502 INFO min_cn3     0.834 n=8751
2017-08-21 00:59:12,502 INFO idw_p1_dt   0.681 n=8534
2017-08-21 00:59:12,502 INFO idw_p2_all  0.731 n=8751
2017-08-21 00:59:12,502 INFO idw_p2_cn5  0.669 n=8751
2017-08-21 00:59:12,502 INFO idw_p3_cn5  0.650 n=8751
2017-08-21 00:59:12,502 INFO mean_dt     0.777 n=8534
2017-08-21 00:59:12,502 INFO idw_p4_all  0.651 n=8751
2017-08-21 00:59:12,502 INFO end method list
2017-08-21 00:59:12,727 INFO idw_p3_cn3  1.20917 n=87211
2017-08-21 00:59:12,727 INFO max_all     2.69829 n=87211
2017-08-21 00:59:12,727 INFO mean_all    1.18235 n=87211
2017-08-21 00:59:12,727 INFO idw_p3_all  1.15506 n=87211
2017-08-21 00:59:12,728 INFO min_all     3.13799 n=87211
2017-08-21 00:59:12,728 INFO mean_cn5    1.25293 n=87211
2017-08-21 00:59:12,728 INFO min_cn5     1.11240 n=87211
2017-08-21 00:59:12,728 INFO median_dt   1.11976 n=67699
2017-08-21 00:59:12,729 INFO max_cn5     2.05917 n=87211
2017-08-21 00:59:12,729 INFO idw_p1_cn5  1.20997 n=87211
2017-08-21 00:59:12,729 INFO idw_p2_cn3  1.20098 n=87211
2017-08-21 00:59:12,729 INFO idw_p4_cn5  1.20913 n=87211
2017-08-21 00:59:12,730 INFO max_cn3     1.86672 n=87211
2017-08-21 00:59:12,730 INFO idw_p2_all  1.15076 n=87211
2017-08-21 00:59:12,730 INFO median_cn5  1.29508 n=87211
2017-08-21 00:59:12,730 INFO idw_p3_dt   1.17166 n=67699
2017-08-21 00:59:12,731 INFO mean_cn3    1.27799 n=87211
2017-08-21 00:59:12,731 INFO idw_p1_cn3  1.21518 n=87211
2017-08-21 00:59:12,731 INFO min_cn3     1.06927 n=87211
2017-08-21 00:59:12,731 INFO idw_p3_cn5  1.19607 n=87211
2017-08-21 00:59:12,732 INFO mean_dt     1.10244 n=67699
2017-08-21 00:59:12,732 INFO idw_p4_all  1.18066 n=87211
2017-08-21 00:59:12,732 INFO idw_p1_all  1.16049 n=87211
2017-08-21 00:59:12,732 INFO eddh        1.04082 n=87311
2017-08-21 00:59:12,733 INFO nn          1.25429 n=87211
2017-08-21 00:59:12,733 INFO median_cn3  1.33906 n=87211
2017-08-21 00:59:12,733 INFO idw_p2_dt   1.15760 n=67699
2017-08-21 00:59:12,733 INFO idw_p4_dt   1.18014 n=67699
2017-08-21 00:59:12,734 INFO min_dt      1.07170 n=67699
2017-08-21 00:59:12,734 INFO idw_p4_cn3  1.22094 n=87211
2017-08-21 00:59:12,734 INFO max_dt      1.58569 n=67699
2017-08-21 00:59:12,734 INFO idw_p1_dt   1.13123 n=67699
2017-08-21 00:59:12,735 INFO idw_p2_cn5  1.19099 n=87211
2017-08-21 00:59:12,735 INFO median_all  1.19322 n=87211
