2017-08-19 21:53:55,610 INFO ### Start new logging
2017-08-19 21:53:55,611 INFO General Overview
2017-08-19 21:53:55,611 INFO targets: HCM IHM LGM LWM RIM SGM SWM WGM WWM ZOM
2017-08-19 21:53:55,611 INFO neighbours: IHAMBURG229 IHAMBURG69 IHAMBURG184 IHAMBURG1548 IHAMBURG403 IHAMBURG469 IHAMBURG214 IHAMBURG1194 IHAMBURG289 IHAMBURG604 IHAMBURG465 IHAMBURG1128 IHAMBURG600 IHAMBURG772 IHAMBURG376 IHAMBURG741 IHAMBURG1142 IHAMBURG1186 IHAMBURG80 IHAMBURG499 IHAMBURG154 IHHRISSE2 IHAMBURG1208 IHAMBURG656 IHAMBURG128 IHAMBURG1360 IHAMBURG1098 IHAMBURG1192 IHAMBURG646 IHAMBURG1234 IHAMBURG50 IHAMBURG998 IHAMBURG119 IHAMBURG565 IHAMBURG98 IHAMBURG2052 IHAMBURG1504 IHAMBURG1296 IHAMBURG168 IHAMBURG1200 IHAMBURG971 IHAMBURG104 IHAMBURG1236 IHAMBURG789 IHAMBURG1787 IHAMBURG2025 IHAMBURG1508 IHAMBURG367 IHAMBURG230 IHAMBURG628 IHAMBURG1204 IHAMBURG1102 IHAMBURG1830 IHAMBURG1832 IHAMBURG363 IHAMBURG340 IHAMBURG1346 IHAMBURG1136 IHAMBURG53 IHAMBURG1144 IHAMBURG68 IHAMBURG209 IHAMBURG1002 IHAMBURG237 IHAMBURG258 IHAMBURG400 IHAMBURG2024 IHAMBURG1306 IHAMBURG731 IHAMBURG1462 IHAMBURG61 IHAMBURG1342 IHAMBURG1458 IHAMBURG192 IHAMBURG1184 IHAMBURG540 IHAMBURG1540 IHAMBURG1391 IHAMBURG778 IHAMBURG380 IHHHELLB2 IHAMBURG450 IHAMBURG1266 IHAMBURG1797 IHAMBURG1172 IOSTSTEI3 IHAMBURG1188 IHAMBURG1464 IHAMBURG550 IHAMBURG60 IHAMBURG479 IHAMBURG844 IHAMBURG405 IHAMBURG1036 IHAMBURG1300 IHAMBURG285 IHAMBURG487 IHAMBURG180 IHAMBURG42 IHAMBURG737 ISEEVETA49 IHAMBURG1082 IHAMBURG514 IWINSENL6 IHAMBURG1470 IHAMBURG56 IHAMBURG200 IHAMBURG1302 IHAMBURG439 IHAMBURG333 IHAMBURG684 IHAMBURG1783 IHAMBURG481 IHAMBURG316 IHAMBURG256 IHAMBURG460 IHAMBURG654 IHAMBURG1044 IHAMBURG1150 IHAMBURG1254 IHAMBURG250 IHAMBURG1411 IHAMBURG1154 IHAMBURG175 IHAMBURG280 IHAMBURG640 IHAMBURG417 IHAMBURG123 IHAMBURG664 IHAMBURG109 IHAMBURG1064 IHAMBURG938 IHAMBURG914 IHAMBURG108 IHAMBURG195 IHAMBURG1791 IHAMBURG204 IHAMBURG1421 INORDERS21 IHAMBURG1368 IHAMBURG2029 IHAMBURG365 IHAMBURG709 IHAMBURG361 IHAMBURG471 IHAMBURG113 IHAMBURG353 IHAMBURG1216 IHAMBURG219 IHAMBURG1134 IHAMBURG142 IHAMBURG803 IHHMEIEN2 IHAMBURG1494 IHAMBURG404 IHAMBURG527 IHAMBURG329 IHAMBURG206 IHAMBURG2026 IHAMBURG1086 IHAMBURG1538 IHAMBURG338 IHAMBURG49 IHAMBURG610 IHAMBURG1152 IHAMBURG172 IHAMBURG199 IHAMBURG1068 IHAMBURG1058 IHAMBURG308 IHAMBURG693 IHAMBURG1478 IHHBERGS2 IHAMBURG1212 IHAMBURG832 IHAMBURG375 IHAMBURG1284 IHAMBURG454 IHAMBURG162 IHAMBURG1076 IHAMBURG1008 IHAMBURG1108 IHAMBURG1110 IHAMBURG1114 IHAMBURG1118 IHAMBURG1230 IHAMBURG1252 IHAMBURG131 IHAMBURG1314 IHAMBURG1372 IHAMBURG1377 IHAMBURG158 IHAMBURG1586 IHAMBURG1600 IHAMBURG218 IHAMBURG222 IHAMBURG355 IHAMBURG435 IHAMBURG489 IHAMBURG64 IHAMBURG648 IHAMBURG84
2017-08-19 21:53:55,611 INFO End overview
2017-08-19 21:53:55,611 INFO Several Runs
2017-08-19 21:53:55,611 INFO end targets
2017-08-19 21:53:55,611 INFO overall results
2017-08-19 21:53:55,611 INFO interpolate for HCM
2017-08-19 21:53:55,611 INFO currently at 1 out of 10
2017-08-19 21:53:55,612 INFO use IHAMBURG229 IHAMBURG69 IHAMBURG184 IHAMBURG1548 IHAMBURG403 IHAMBURG469 IHAMBURG214 IHAMBURG1194 IHAMBURG289 IHAMBURG604 IHAMBURG465 IHAMBURG1128 IHAMBURG600 IHAMBURG772 IHAMBURG376 IHAMBURG741 IHAMBURG1142 IHAMBURG1186 IHAMBURG80 IHAMBURG499 IHAMBURG154 IHHRISSE2 IHAMBURG1208 IHAMBURG656 IHAMBURG128 IHAMBURG1360 IHAMBURG1098 IHAMBURG1192 IHAMBURG646 IHAMBURG1234 IHAMBURG50 IHAMBURG998 IHAMBURG119 IHAMBURG565 IHAMBURG98 IHAMBURG2052 IHAMBURG1504 IHAMBURG1296 IHAMBURG168 IHAMBURG1200 IHAMBURG971 IHAMBURG104 IHAMBURG1236 IHAMBURG789 IHAMBURG1787 IHAMBURG2025 IHAMBURG1508 IHAMBURG367 IHAMBURG230 IHAMBURG628 IHAMBURG1204 IHAMBURG1102 IHAMBURG1830 IHAMBURG1832 IHAMBURG363 IHAMBURG340 IHAMBURG1346 IHAMBURG1136 IHAMBURG53 IHAMBURG1144 IHAMBURG68 IHAMBURG209 IHAMBURG1002 IHAMBURG237 IHAMBURG258 IHAMBURG400 IHAMBURG2024 IHAMBURG1306 IHAMBURG731 IHAMBURG1462 IHAMBURG61 IHAMBURG1342 IHAMBURG1458 IHAMBURG192 IHAMBURG1184 IHAMBURG540 IHAMBURG1540 IHAMBURG1391 IHAMBURG778 IHAMBURG380 IHHHELLB2 IHAMBURG450 IHAMBURG1266 IHAMBURG1797 IHAMBURG1172 IOSTSTEI3 IHAMBURG1188 IHAMBURG1464 IHAMBURG550 IHAMBURG60 IHAMBURG479 IHAMBURG844 IHAMBURG405 IHAMBURG1036 IHAMBURG1300 IHAMBURG285 IHAMBURG487 IHAMBURG180 IHAMBURG42 IHAMBURG737 ISEEVETA49 IHAMBURG1082 IHAMBURG514 IWINSENL6 IHAMBURG1470 IHAMBURG56 IHAMBURG200 IHAMBURG1302 IHAMBURG439 IHAMBURG333 IHAMBURG684 IHAMBURG1783 IHAMBURG481 IHAMBURG316 IHAMBURG256 IHAMBURG460 IHAMBURG654 IHAMBURG1044 IHAMBURG1150 IHAMBURG1254 IHAMBURG250 IHAMBURG1411 IHAMBURG1154 IHAMBURG175 IHAMBURG280 IHAMBURG640 IHAMBURG417 IHAMBURG123 IHAMBURG664 IHAMBURG109 IHAMBURG1064 IHAMBURG938 IHAMBURG914 IHAMBURG108 IHAMBURG195 IHAMBURG1791 IHAMBURG204 IHAMBURG1421 INORDERS21 IHAMBURG1368 IHAMBURG2029 IHAMBURG365 IHAMBURG709 IHAMBURG361 IHAMBURG471 IHAMBURG113 IHAMBURG353 IHAMBURG1216 IHAMBURG219 IHAMBURG1134 IHAMBURG142 IHAMBURG803 IHHMEIEN2 IHAMBURG1494 IHAMBURG404 IHAMBURG527 IHAMBURG329 IHAMBURG206 IHAMBURG2026 IHAMBURG1086 IHAMBURG1538 IHAMBURG338 IHAMBURG49 IHAMBURG610 IHAMBURG1152 IHAMBURG172 IHAMBURG199 IHAMBURG1068 IHAMBURG1058 IHAMBURG308 IHAMBURG693 IHAMBURG1478 IHHBERGS2 IHAMBURG1212 IHAMBURG832 IHAMBURG375 IHAMBURG1284 IHAMBURG454 IHAMBURG162 IHAMBURG1076 IHAMBURG1008 IHAMBURG1108 IHAMBURG1110 IHAMBURG1114 IHAMBURG1118 IHAMBURG1230 IHAMBURG1252 IHAMBURG131 IHAMBURG1314 IHAMBURG1372 IHAMBURG1377 IHAMBURG158 IHAMBURG1586 IHAMBURG1600 IHAMBURG218 IHAMBURG222 IHAMBURG355 IHAMBURG435 IHAMBURG489 IHAMBURG64 IHAMBURG648 IHAMBURG84
2017-08-19 22:06:02,582 INFO idw_p3_cn3  0.876 n=8780
2017-08-19 22:06:02,583 INFO idw_p1_cn5  0.828 n=8780
2017-08-19 22:06:02,583 INFO idw_p4_dt   0.883 n=8667
2017-08-19 22:06:02,583 INFO max_cn5     1.261 n=8780
2017-08-19 22:06:02,583 INFO eddh        1.387 n=8773
2017-08-19 22:06:02,583 INFO max_all     1.770 n=8780
2017-08-19 22:06:02,583 INFO mean_dt     0.769 n=8667
2017-08-19 22:06:02,583 INFO idw_p2_cn5  0.869 n=8780
2017-08-19 22:06:02,583 INFO median_cn3  0.820 n=8780
2017-08-19 22:06:02,583 INFO nn          0.891 n=8780
2017-08-19 22:06:02,583 INFO idw_p3_dt   0.881 n=8667
2017-08-19 22:06:02,583 INFO mean_cn5    0.763 n=8780
2017-08-19 22:06:02,583 INFO idw_p4_cn5  0.875 n=8780
2017-08-19 22:06:02,584 INFO min_all     3.755 n=8780
2017-08-19 22:06:02,584 INFO max_cn3     1.139 n=8780
2017-08-19 22:06:02,584 INFO min_cn5     0.829 n=8780
2017-08-19 22:06:02,584 INFO median_all  0.642 n=8780
2017-08-19 22:06:02,584 INFO median_cn5  0.798 n=8780
2017-08-19 22:06:02,584 INFO min_cn3     0.588 n=8780
2017-08-19 22:06:02,584 INFO min_dt      0.890 n=8667
2017-08-19 22:06:02,584 INFO mean_cn3    0.774 n=8780
2017-08-19 22:06:02,584 INFO idw_p2_cn3  0.872 n=8780
2017-08-19 22:06:02,584 INFO idw_p1_cn3  0.843 n=8780
2017-08-19 22:06:02,584 INFO mean_all    0.621 n=8780
2017-08-19 22:06:02,585 INFO median_dt   0.809 n=8667
2017-08-19 22:06:02,585 INFO idw_p4_cn3  0.877 n=8780
2017-08-19 22:06:02,585 INFO idw_p1_all  0.507 n=8780
2017-08-19 22:06:02,585 INFO max_dt      1.107 n=8667
2017-08-19 22:06:02,585 INFO idw_p3_all  0.863 n=8780
2017-08-19 22:06:02,585 INFO idw_p4_all  0.869 n=8780
2017-08-19 22:06:02,585 INFO idw_p2_dt   0.874 n=8667
2017-08-19 22:06:02,585 INFO idw_p3_cn5  0.874 n=8780
2017-08-19 22:06:02,585 INFO idw_p2_all  0.820 n=8780
2017-08-19 22:06:02,585 INFO idw_p1_dt   0.843 n=8667
2017-08-19 22:06:02,585 INFO end method list
2017-08-19 22:06:02,765 INFO interpolate for IHM
2017-08-19 22:06:02,766 INFO currently at 2 out of 10
2017-08-19 22:06:02,766 INFO use IHAMBURG229 IHAMBURG69 IHAMBURG184 IHAMBURG1548 IHAMBURG403 IHAMBURG469 IHAMBURG214 IHAMBURG1194 IHAMBURG289 IHAMBURG604 IHAMBURG465 IHAMBURG1128 IHAMBURG600 IHAMBURG772 IHAMBURG376 IHAMBURG741 IHAMBURG1142 IHAMBURG1186 IHAMBURG80 IHAMBURG499 IHAMBURG154 IHHRISSE2 IHAMBURG1208 IHAMBURG656 IHAMBURG128 IHAMBURG1360 IHAMBURG1098 IHAMBURG1192 IHAMBURG646 IHAMBURG1234 IHAMBURG50 IHAMBURG998 IHAMBURG119 IHAMBURG565 IHAMBURG98 IHAMBURG2052 IHAMBURG1504 IHAMBURG1296 IHAMBURG168 IHAMBURG1200 IHAMBURG971 IHAMBURG104 IHAMBURG1236 IHAMBURG789 IHAMBURG1787 IHAMBURG2025 IHAMBURG1508 IHAMBURG367 IHAMBURG230 IHAMBURG628 IHAMBURG1204 IHAMBURG1102 IHAMBURG1830 IHAMBURG1832 IHAMBURG363 IHAMBURG340 IHAMBURG1346 IHAMBURG1136 IHAMBURG53 IHAMBURG1144 IHAMBURG68 IHAMBURG209 IHAMBURG1002 IHAMBURG237 IHAMBURG258 IHAMBURG400 IHAMBURG2024 IHAMBURG1306 IHAMBURG731 IHAMBURG1462 IHAMBURG61 IHAMBURG1342 IHAMBURG1458 IHAMBURG192 IHAMBURG1184 IHAMBURG540 IHAMBURG1540 IHAMBURG1391 IHAMBURG778 IHAMBURG380 IHHHELLB2 IHAMBURG450 IHAMBURG1266 IHAMBURG1797 IHAMBURG1172 IOSTSTEI3 IHAMBURG1188 IHAMBURG1464 IHAMBURG550 IHAMBURG60 IHAMBURG479 IHAMBURG844 IHAMBURG405 IHAMBURG1036 IHAMBURG1300 IHAMBURG285 IHAMBURG487 IHAMBURG180 IHAMBURG42 IHAMBURG737 ISEEVETA49 IHAMBURG1082 IHAMBURG514 IWINSENL6 IHAMBURG1470 IHAMBURG56 IHAMBURG200 IHAMBURG1302 IHAMBURG439 IHAMBURG333 IHAMBURG684 IHAMBURG1783 IHAMBURG481 IHAMBURG316 IHAMBURG256 IHAMBURG460 IHAMBURG654 IHAMBURG1044 IHAMBURG1150 IHAMBURG1254 IHAMBURG250 IHAMBURG1411 IHAMBURG1154 IHAMBURG175 IHAMBURG280 IHAMBURG640 IHAMBURG417 IHAMBURG123 IHAMBURG664 IHAMBURG109 IHAMBURG1064 IHAMBURG938 IHAMBURG914 IHAMBURG108 IHAMBURG195 IHAMBURG1791 IHAMBURG204 IHAMBURG1421 INORDERS21 IHAMBURG1368 IHAMBURG2029 IHAMBURG365 IHAMBURG709 IHAMBURG361 IHAMBURG471 IHAMBURG113 IHAMBURG353 IHAMBURG1216 IHAMBURG219 IHAMBURG1134 IHAMBURG142 IHAMBURG803 IHHMEIEN2 IHAMBURG1494 IHAMBURG404 IHAMBURG527 IHAMBURG329 IHAMBURG206 IHAMBURG2026 IHAMBURG1086 IHAMBURG1538 IHAMBURG338 IHAMBURG49 IHAMBURG610 IHAMBURG1152 IHAMBURG172 IHAMBURG199 IHAMBURG1068 IHAMBURG1058 IHAMBURG308 IHAMBURG693 IHAMBURG1478 IHHBERGS2 IHAMBURG1212 IHAMBURG832 IHAMBURG375 IHAMBURG1284 IHAMBURG454 IHAMBURG162 IHAMBURG1076 IHAMBURG1008 IHAMBURG1108 IHAMBURG1110 IHAMBURG1114 IHAMBURG1118 IHAMBURG1230 IHAMBURG1252 IHAMBURG131 IHAMBURG1314 IHAMBURG1372 IHAMBURG1377 IHAMBURG158 IHAMBURG1586 IHAMBURG1600 IHAMBURG218 IHAMBURG222 IHAMBURG355 IHAMBURG435 IHAMBURG489 IHAMBURG64 IHAMBURG648 IHAMBURG84
2017-08-19 22:17:54,995 INFO idw_p3_cn3  0.830 n=8782
2017-08-19 22:17:54,997 INFO idw_p1_cn5  0.649 n=8782
2017-08-19 22:17:54,997 INFO idw_p4_dt   0.870 n=8674
2017-08-19 22:17:54,997 INFO max_cn5     1.104 n=8782
2017-08-19 22:17:54,997 INFO eddh        1.489 n=8769
2017-08-19 22:17:54,997 INFO max_all     1.617 n=8782
2017-08-19 22:17:54,997 INFO mean_dt     0.684 n=8674
2017-08-19 22:17:54,997 INFO idw_p2_cn5  0.704 n=8782
2017-08-19 22:17:54,997 INFO median_cn3  0.765 n=8782
2017-08-19 22:17:54,997 INFO nn          0.969 n=8782
2017-08-19 22:17:54,998 INFO idw_p3_dt   0.831 n=8674
2017-08-19 22:17:54,998 INFO mean_cn5    0.608 n=8782
2017-08-19 22:17:54,998 INFO idw_p4_cn5  0.819 n=8782
2017-08-19 22:17:54,998 INFO min_all     3.915 n=8782
2017-08-19 22:17:54,998 INFO max_cn3     1.040 n=8782
2017-08-19 22:17:54,998 INFO min_cn5     0.943 n=8782
2017-08-19 22:17:54,998 INFO median_all  0.735 n=8782
2017-08-19 22:17:54,998 INFO median_cn5  0.639 n=8782
2017-08-19 22:17:54,998 INFO min_cn3     0.895 n=8782
2017-08-19 22:17:54,998 INFO min_dt      0.913 n=8674
2017-08-19 22:17:54,998 INFO mean_cn3    0.727 n=8782
2017-08-19 22:17:54,998 INFO idw_p2_cn3  0.791 n=8782
2017-08-19 22:17:54,999 INFO idw_p1_cn3  0.754 n=8782
2017-08-19 22:17:54,999 INFO mean_all    0.716 n=8782
2017-08-19 22:17:54,999 INFO median_dt   0.732 n=8674
2017-08-19 22:17:54,999 INFO idw_p4_cn3  0.864 n=8782
2017-08-19 22:17:54,999 INFO idw_p1_all  0.588 n=8782
2017-08-19 22:17:54,999 INFO max_dt      1.005 n=8674
2017-08-19 22:17:54,999 INFO idw_p3_all  0.601 n=8782
2017-08-19 22:17:54,999 INFO idw_p4_all  0.736 n=8782
2017-08-19 22:17:54,999 INFO idw_p2_dt   0.782 n=8674
2017-08-19 22:17:54,999 INFO idw_p3_cn5  0.764 n=8782
2017-08-19 22:17:54,999 INFO idw_p2_all  0.497 n=8782
2017-08-19 22:17:54,999 INFO idw_p1_dt   0.729 n=8674
2017-08-19 22:17:55,000 INFO end method list
2017-08-19 22:17:55,178 INFO interpolate for LGM
2017-08-19 22:17:55,178 INFO currently at 3 out of 10
2017-08-19 22:17:55,178 INFO use IHAMBURG229 IHAMBURG69 IHAMBURG184 IHAMBURG1548 IHAMBURG403 IHAMBURG469 IHAMBURG214 IHAMBURG1194 IHAMBURG289 IHAMBURG604 IHAMBURG465 IHAMBURG1128 IHAMBURG600 IHAMBURG772 IHAMBURG376 IHAMBURG741 IHAMBURG1142 IHAMBURG1186 IHAMBURG80 IHAMBURG499 IHAMBURG154 IHHRISSE2 IHAMBURG1208 IHAMBURG656 IHAMBURG128 IHAMBURG1360 IHAMBURG1098 IHAMBURG1192 IHAMBURG646 IHAMBURG1234 IHAMBURG50 IHAMBURG998 IHAMBURG119 IHAMBURG565 IHAMBURG98 IHAMBURG2052 IHAMBURG1504 IHAMBURG1296 IHAMBURG168 IHAMBURG1200 IHAMBURG971 IHAMBURG104 IHAMBURG1236 IHAMBURG789 IHAMBURG1787 IHAMBURG2025 IHAMBURG1508 IHAMBURG367 IHAMBURG230 IHAMBURG628 IHAMBURG1204 IHAMBURG1102 IHAMBURG1830 IHAMBURG1832 IHAMBURG363 IHAMBURG340 IHAMBURG1346 IHAMBURG1136 IHAMBURG53 IHAMBURG1144 IHAMBURG68 IHAMBURG209 IHAMBURG1002 IHAMBURG237 IHAMBURG258 IHAMBURG400 IHAMBURG2024 IHAMBURG1306 IHAMBURG731 IHAMBURG1462 IHAMBURG61 IHAMBURG1342 IHAMBURG1458 IHAMBURG192 IHAMBURG1184 IHAMBURG540 IHAMBURG1540 IHAMBURG1391 IHAMBURG778 IHAMBURG380 IHHHELLB2 IHAMBURG450 IHAMBURG1266 IHAMBURG1797 IHAMBURG1172 IOSTSTEI3 IHAMBURG1188 IHAMBURG1464 IHAMBURG550 IHAMBURG60 IHAMBURG479 IHAMBURG844 IHAMBURG405 IHAMBURG1036 IHAMBURG1300 IHAMBURG285 IHAMBURG487 IHAMBURG180 IHAMBURG42 IHAMBURG737 ISEEVETA49 IHAMBURG1082 IHAMBURG514 IWINSENL6 IHAMBURG1470 IHAMBURG56 IHAMBURG200 IHAMBURG1302 IHAMBURG439 IHAMBURG333 IHAMBURG684 IHAMBURG1783 IHAMBURG481 IHAMBURG316 IHAMBURG256 IHAMBURG460 IHAMBURG654 IHAMBURG1044 IHAMBURG1150 IHAMBURG1254 IHAMBURG250 IHAMBURG1411 IHAMBURG1154 IHAMBURG175 IHAMBURG280 IHAMBURG640 IHAMBURG417 IHAMBURG123 IHAMBURG664 IHAMBURG109 IHAMBURG1064 IHAMBURG938 IHAMBURG914 IHAMBURG108 IHAMBURG195 IHAMBURG1791 IHAMBURG204 IHAMBURG1421 INORDERS21 IHAMBURG1368 IHAMBURG2029 IHAMBURG365 IHAMBURG709 IHAMBURG361 IHAMBURG471 IHAMBURG113 IHAMBURG353 IHAMBURG1216 IHAMBURG219 IHAMBURG1134 IHAMBURG142 IHAMBURG803 IHHMEIEN2 IHAMBURG1494 IHAMBURG404 IHAMBURG527 IHAMBURG329 IHAMBURG206 IHAMBURG2026 IHAMBURG1086 IHAMBURG1538 IHAMBURG338 IHAMBURG49 IHAMBURG610 IHAMBURG1152 IHAMBURG172 IHAMBURG199 IHAMBURG1068 IHAMBURG1058 IHAMBURG308 IHAMBURG693 IHAMBURG1478 IHHBERGS2 IHAMBURG1212 IHAMBURG832 IHAMBURG375 IHAMBURG1284 IHAMBURG454 IHAMBURG162 IHAMBURG1076 IHAMBURG1008 IHAMBURG1108 IHAMBURG1110 IHAMBURG1114 IHAMBURG1118 IHAMBURG1230 IHAMBURG1252 IHAMBURG131 IHAMBURG1314 IHAMBURG1372 IHAMBURG1377 IHAMBURG158 IHAMBURG1586 IHAMBURG1600 IHAMBURG218 IHAMBURG222 IHAMBURG355 IHAMBURG435 IHAMBURG489 IHAMBURG64 IHAMBURG648 IHAMBURG84
2017-08-19 22:29:50,294 INFO idw_p3_cn3  1.278 n=8766
2017-08-19 22:29:50,294 INFO idw_p1_cn5  1.366 n=8766
2017-08-19 22:29:50,295 INFO idw_p4_dt   1.270 n=7520
2017-08-19 22:29:50,295 INFO max_cn5     2.424 n=8766
2017-08-19 22:29:50,295 INFO eddh        0.821 n=8758
2017-08-19 22:29:50,295 INFO max_all     3.276 n=8766
2017-08-19 22:29:50,295 INFO mean_dt     1.088 n=7520
2017-08-19 22:29:50,295 INFO idw_p2_cn5  1.298 n=8766
2017-08-19 22:29:50,295 INFO median_cn3  1.388 n=8766
2017-08-19 22:29:50,295 INFO median_dt   1.085 n=7520
2017-08-19 22:29:50,295 INFO idw_p3_dt   1.265 n=7520
2017-08-19 22:29:50,295 INFO mean_cn5    1.442 n=8766
2017-08-19 22:29:50,295 INFO idw_p3_all  1.254 n=8766
2017-08-19 22:29:50,295 INFO idw_p4_cn5  1.264 n=8766
2017-08-19 22:29:50,296 INFO min_all     2.873 n=8766
2017-08-19 22:29:50,296 INFO max_cn3     2.165 n=8766
2017-08-19 22:29:50,296 INFO min_cn5     1.049 n=8766
2017-08-19 22:29:50,296 INFO median_all  1.505 n=8766
2017-08-19 22:29:50,296 INFO median_cn5  1.365 n=8766
2017-08-19 22:29:50,296 INFO min_cn3     1.131 n=8766
2017-08-19 22:29:50,296 INFO min_dt      0.955 n=7520
2017-08-19 22:29:50,296 INFO mean_cn3    1.462 n=8766
2017-08-19 22:29:50,296 INFO idw_p2_cn3  1.303 n=8766
2017-08-19 22:29:50,296 INFO mean_all    1.512 n=8766
2017-08-19 22:29:50,296 INFO nn          1.277 n=8766
2017-08-19 22:29:50,296 INFO idw_p4_cn3  1.271 n=8766
2017-08-19 22:29:50,297 INFO idw_p1_all  1.439 n=8766
2017-08-19 22:29:50,297 INFO max_dt      1.437 n=7520
2017-08-19 22:29:50,297 INFO idw_p1_cn3  1.366 n=8766
2017-08-19 22:29:50,297 INFO idw_p4_all  1.249 n=8766
2017-08-19 22:29:50,297 INFO idw_p2_dt   1.246 n=7520
2017-08-19 22:29:50,297 INFO idw_p3_cn5  1.270 n=8766
2017-08-19 22:29:50,297 INFO idw_p2_all  1.326 n=8766
2017-08-19 22:29:50,297 INFO idw_p1_dt   1.185 n=7520
2017-08-19 22:29:50,297 INFO end method list
2017-08-19 22:29:50,476 INFO interpolate for LWM
2017-08-19 22:29:50,476 INFO currently at 4 out of 10
2017-08-19 22:29:50,477 INFO use IHAMBURG229 IHAMBURG69 IHAMBURG184 IHAMBURG1548 IHAMBURG403 IHAMBURG469 IHAMBURG214 IHAMBURG1194 IHAMBURG289 IHAMBURG604 IHAMBURG465 IHAMBURG1128 IHAMBURG600 IHAMBURG772 IHAMBURG376 IHAMBURG741 IHAMBURG1142 IHAMBURG1186 IHAMBURG80 IHAMBURG499 IHAMBURG154 IHHRISSE2 IHAMBURG1208 IHAMBURG656 IHAMBURG128 IHAMBURG1360 IHAMBURG1098 IHAMBURG1192 IHAMBURG646 IHAMBURG1234 IHAMBURG50 IHAMBURG998 IHAMBURG119 IHAMBURG565 IHAMBURG98 IHAMBURG2052 IHAMBURG1504 IHAMBURG1296 IHAMBURG168 IHAMBURG1200 IHAMBURG971 IHAMBURG104 IHAMBURG1236 IHAMBURG789 IHAMBURG1787 IHAMBURG2025 IHAMBURG1508 IHAMBURG367 IHAMBURG230 IHAMBURG628 IHAMBURG1204 IHAMBURG1102 IHAMBURG1830 IHAMBURG1832 IHAMBURG363 IHAMBURG340 IHAMBURG1346 IHAMBURG1136 IHAMBURG53 IHAMBURG1144 IHAMBURG68 IHAMBURG209 IHAMBURG1002 IHAMBURG237 IHAMBURG258 IHAMBURG400 IHAMBURG2024 IHAMBURG1306 IHAMBURG731 IHAMBURG1462 IHAMBURG61 IHAMBURG1342 IHAMBURG1458 IHAMBURG192 IHAMBURG1184 IHAMBURG540 IHAMBURG1540 IHAMBURG1391 IHAMBURG778 IHAMBURG380 IHHHELLB2 IHAMBURG450 IHAMBURG1266 IHAMBURG1797 IHAMBURG1172 IOSTSTEI3 IHAMBURG1188 IHAMBURG1464 IHAMBURG550 IHAMBURG60 IHAMBURG479 IHAMBURG844 IHAMBURG405 IHAMBURG1036 IHAMBURG1300 IHAMBURG285 IHAMBURG487 IHAMBURG180 IHAMBURG42 IHAMBURG737 ISEEVETA49 IHAMBURG1082 IHAMBURG514 IWINSENL6 IHAMBURG1470 IHAMBURG56 IHAMBURG200 IHAMBURG1302 IHAMBURG439 IHAMBURG333 IHAMBURG684 IHAMBURG1783 IHAMBURG481 IHAMBURG316 IHAMBURG256 IHAMBURG460 IHAMBURG654 IHAMBURG1044 IHAMBURG1150 IHAMBURG1254 IHAMBURG250 IHAMBURG1411 IHAMBURG1154 IHAMBURG175 IHAMBURG280 IHAMBURG640 IHAMBURG417 IHAMBURG123 IHAMBURG664 IHAMBURG109 IHAMBURG1064 IHAMBURG938 IHAMBURG914 IHAMBURG108 IHAMBURG195 IHAMBURG1791 IHAMBURG204 IHAMBURG1421 INORDERS21 IHAMBURG1368 IHAMBURG2029 IHAMBURG365 IHAMBURG709 IHAMBURG361 IHAMBURG471 IHAMBURG113 IHAMBURG353 IHAMBURG1216 IHAMBURG219 IHAMBURG1134 IHAMBURG142 IHAMBURG803 IHHMEIEN2 IHAMBURG1494 IHAMBURG404 IHAMBURG527 IHAMBURG329 IHAMBURG206 IHAMBURG2026 IHAMBURG1086 IHAMBURG1538 IHAMBURG338 IHAMBURG49 IHAMBURG610 IHAMBURG1152 IHAMBURG172 IHAMBURG199 IHAMBURG1068 IHAMBURG1058 IHAMBURG308 IHAMBURG693 IHAMBURG1478 IHHBERGS2 IHAMBURG1212 IHAMBURG832 IHAMBURG375 IHAMBURG1284 IHAMBURG454 IHAMBURG162 IHAMBURG1076 IHAMBURG1008 IHAMBURG1108 IHAMBURG1110 IHAMBURG1114 IHAMBURG1118 IHAMBURG1230 IHAMBURG1252 IHAMBURG131 IHAMBURG1314 IHAMBURG1372 IHAMBURG1377 IHAMBURG158 IHAMBURG1586 IHAMBURG1600 IHAMBURG218 IHAMBURG222 IHAMBURG355 IHAMBURG435 IHAMBURG489 IHAMBURG64 IHAMBURG648 IHAMBURG84
2017-08-19 22:41:35,100 INFO idw_p3_cn3  1.441 n=8515
2017-08-19 22:41:35,101 INFO idw_p1_cn5  1.518 n=8515
2017-08-19 22:41:35,101 INFO max_cn5     2.560 n=8515
2017-08-19 22:41:35,101 INFO eddh        0.978 n=8506
2017-08-19 22:41:35,102 INFO max_all     3.428 n=8515
2017-08-19 22:41:35,102 INFO idw_p2_cn5  1.472 n=8515
2017-08-19 22:41:35,102 INFO median_cn3  1.507 n=8515
2017-08-19 22:41:35,102 INFO mean_cn5    1.558 n=8515
2017-08-19 22:41:35,102 INFO idw_p3_all  1.445 n=8515
2017-08-19 22:41:35,102 INFO idw_p4_cn5  1.411 n=8515
2017-08-19 22:41:35,102 INFO min_all     2.704 n=8515
2017-08-19 22:41:35,102 INFO max_cn3     2.284 n=8515
2017-08-19 22:41:35,102 INFO min_cn5     1.130 n=8515
2017-08-19 22:41:35,102 INFO median_all  1.627 n=8515
2017-08-19 22:41:35,102 INFO median_cn5  1.479 n=8515
2017-08-19 22:41:35,102 INFO min_cn3     1.215 n=8515
2017-08-19 22:41:35,103 INFO mean_cn3    1.577 n=8515
2017-08-19 22:41:35,103 INFO idw_p2_cn3  1.475 n=8515
2017-08-19 22:41:35,103 INFO mean_all    1.634 n=8515
2017-08-19 22:41:35,103 INFO nn          1.363 n=8515
2017-08-19 22:41:35,103 INFO idw_p4_cn3  1.418 n=8515
2017-08-19 22:41:35,103 INFO idw_p1_all  1.579 n=8515
2017-08-19 22:41:35,103 INFO idw_p1_cn3  1.522 n=8515
2017-08-19 22:41:35,103 INFO idw_p4_all  1.403 n=8515
2017-08-19 22:41:35,103 INFO idw_p3_cn5  1.435 n=8515
2017-08-19 22:41:35,103 INFO idw_p2_all  1.514 n=8515
2017-08-19 22:41:35,103 INFO end method list
2017-08-19 22:41:35,266 INFO interpolate for RIM
2017-08-19 22:41:35,266 INFO currently at 5 out of 10
2017-08-19 22:41:35,267 INFO use IHAMBURG229 IHAMBURG69 IHAMBURG184 IHAMBURG1548 IHAMBURG403 IHAMBURG469 IHAMBURG214 IHAMBURG1194 IHAMBURG289 IHAMBURG604 IHAMBURG465 IHAMBURG1128 IHAMBURG600 IHAMBURG772 IHAMBURG376 IHAMBURG741 IHAMBURG1142 IHAMBURG1186 IHAMBURG80 IHAMBURG499 IHAMBURG154 IHHRISSE2 IHAMBURG1208 IHAMBURG656 IHAMBURG128 IHAMBURG1360 IHAMBURG1098 IHAMBURG1192 IHAMBURG646 IHAMBURG1234 IHAMBURG50 IHAMBURG998 IHAMBURG119 IHAMBURG565 IHAMBURG98 IHAMBURG2052 IHAMBURG1504 IHAMBURG1296 IHAMBURG168 IHAMBURG1200 IHAMBURG971 IHAMBURG104 IHAMBURG1236 IHAMBURG789 IHAMBURG1787 IHAMBURG2025 IHAMBURG1508 IHAMBURG367 IHAMBURG230 IHAMBURG628 IHAMBURG1204 IHAMBURG1102 IHAMBURG1830 IHAMBURG1832 IHAMBURG363 IHAMBURG340 IHAMBURG1346 IHAMBURG1136 IHAMBURG53 IHAMBURG1144 IHAMBURG68 IHAMBURG209 IHAMBURG1002 IHAMBURG237 IHAMBURG258 IHAMBURG400 IHAMBURG2024 IHAMBURG1306 IHAMBURG731 IHAMBURG1462 IHAMBURG61 IHAMBURG1342 IHAMBURG1458 IHAMBURG192 IHAMBURG1184 IHAMBURG540 IHAMBURG1540 IHAMBURG1391 IHAMBURG778 IHAMBURG380 IHHHELLB2 IHAMBURG450 IHAMBURG1266 IHAMBURG1797 IHAMBURG1172 IOSTSTEI3 IHAMBURG1188 IHAMBURG1464 IHAMBURG550 IHAMBURG60 IHAMBURG479 IHAMBURG844 IHAMBURG405 IHAMBURG1036 IHAMBURG1300 IHAMBURG285 IHAMBURG487 IHAMBURG180 IHAMBURG42 IHAMBURG737 ISEEVETA49 IHAMBURG1082 IHAMBURG514 IWINSENL6 IHAMBURG1470 IHAMBURG56 IHAMBURG200 IHAMBURG1302 IHAMBURG439 IHAMBURG333 IHAMBURG684 IHAMBURG1783 IHAMBURG481 IHAMBURG316 IHAMBURG256 IHAMBURG460 IHAMBURG654 IHAMBURG1044 IHAMBURG1150 IHAMBURG1254 IHAMBURG250 IHAMBURG1411 IHAMBURG1154 IHAMBURG175 IHAMBURG280 IHAMBURG640 IHAMBURG417 IHAMBURG123 IHAMBURG664 IHAMBURG109 IHAMBURG1064 IHAMBURG938 IHAMBURG914 IHAMBURG108 IHAMBURG195 IHAMBURG1791 IHAMBURG204 IHAMBURG1421 INORDERS21 IHAMBURG1368 IHAMBURG2029 IHAMBURG365 IHAMBURG709 IHAMBURG361 IHAMBURG471 IHAMBURG113 IHAMBURG353 IHAMBURG1216 IHAMBURG219 IHAMBURG1134 IHAMBURG142 IHAMBURG803 IHHMEIEN2 IHAMBURG1494 IHAMBURG404 IHAMBURG527 IHAMBURG329 IHAMBURG206 IHAMBURG2026 IHAMBURG1086 IHAMBURG1538 IHAMBURG338 IHAMBURG49 IHAMBURG610 IHAMBURG1152 IHAMBURG172 IHAMBURG199 IHAMBURG1068 IHAMBURG1058 IHAMBURG308 IHAMBURG693 IHAMBURG1478 IHHBERGS2 IHAMBURG1212 IHAMBURG832 IHAMBURG375 IHAMBURG1284 IHAMBURG454 IHAMBURG162 IHAMBURG1076 IHAMBURG1008 IHAMBURG1108 IHAMBURG1110 IHAMBURG1114 IHAMBURG1118 IHAMBURG1230 IHAMBURG1252 IHAMBURG131 IHAMBURG1314 IHAMBURG1372 IHAMBURG1377 IHAMBURG158 IHAMBURG1586 IHAMBURG1600 IHAMBURG218 IHAMBURG222 IHAMBURG355 IHAMBURG435 IHAMBURG489 IHAMBURG64 IHAMBURG648 IHAMBURG84
2017-08-19 22:53:38,355 INFO idw_p3_cn3  1.294 n=8759
2017-08-19 22:53:38,355 INFO idw_p1_cn5  1.364 n=8759
2017-08-19 22:53:38,355 INFO max_cn5     2.447 n=8759
2017-08-19 22:53:38,355 INFO eddh        0.968 n=8753
2017-08-19 22:53:38,356 INFO max_all     3.091 n=8759
2017-08-19 22:53:38,356 INFO idw_p2_cn5  1.314 n=8759
2017-08-19 22:53:38,356 INFO median_cn3  1.289 n=8759
2017-08-19 22:53:38,356 INFO mean_cn5    1.434 n=8759
2017-08-19 22:53:38,356 INFO idw_p3_all  1.308 n=8759
2017-08-19 22:53:38,356 INFO idw_p4_cn5  1.302 n=8759
2017-08-19 22:53:38,356 INFO min_all     3.004 n=8759
2017-08-19 22:53:38,356 INFO max_cn3     2.138 n=8759
2017-08-19 22:53:38,357 INFO min_cn5     1.441 n=8759
2017-08-19 22:53:38,357 INFO median_all  1.403 n=8759
2017-08-19 22:53:38,357 INFO median_cn5  1.320 n=8759
2017-08-19 22:53:38,357 INFO min_cn3     1.434 n=8759
2017-08-19 22:53:38,357 INFO mean_cn3    1.364 n=8759
2017-08-19 22:53:38,357 INFO idw_p2_cn3  1.290 n=8759
2017-08-19 22:53:38,357 INFO mean_all    1.414 n=8759
2017-08-19 22:53:38,357 INFO nn          1.497 n=8759
2017-08-19 22:53:38,358 INFO idw_p4_cn3  1.312 n=8759
2017-08-19 22:53:38,358 INFO idw_p1_all  1.412 n=8759
2017-08-19 22:53:38,358 INFO idw_p1_cn3  1.311 n=8759
2017-08-19 22:53:38,358 INFO idw_p4_all  1.275 n=8759
2017-08-19 22:53:38,358 INFO idw_p3_cn5  1.294 n=8759
2017-08-19 22:53:38,358 INFO idw_p2_all  1.374 n=8759
2017-08-19 22:53:38,358 INFO end method list
2017-08-19 22:53:38,604 INFO interpolate for SGM
2017-08-19 22:53:38,604 INFO currently at 6 out of 10
2017-08-19 22:53:38,604 INFO use IHAMBURG229 IHAMBURG69 IHAMBURG184 IHAMBURG1548 IHAMBURG403 IHAMBURG469 IHAMBURG214 IHAMBURG1194 IHAMBURG289 IHAMBURG604 IHAMBURG465 IHAMBURG1128 IHAMBURG600 IHAMBURG772 IHAMBURG376 IHAMBURG741 IHAMBURG1142 IHAMBURG1186 IHAMBURG80 IHAMBURG499 IHAMBURG154 IHHRISSE2 IHAMBURG1208 IHAMBURG656 IHAMBURG128 IHAMBURG1360 IHAMBURG1098 IHAMBURG1192 IHAMBURG646 IHAMBURG1234 IHAMBURG50 IHAMBURG998 IHAMBURG119 IHAMBURG565 IHAMBURG98 IHAMBURG2052 IHAMBURG1504 IHAMBURG1296 IHAMBURG168 IHAMBURG1200 IHAMBURG971 IHAMBURG104 IHAMBURG1236 IHAMBURG789 IHAMBURG1787 IHAMBURG2025 IHAMBURG1508 IHAMBURG367 IHAMBURG230 IHAMBURG628 IHAMBURG1204 IHAMBURG1102 IHAMBURG1830 IHAMBURG1832 IHAMBURG363 IHAMBURG340 IHAMBURG1346 IHAMBURG1136 IHAMBURG53 IHAMBURG1144 IHAMBURG68 IHAMBURG209 IHAMBURG1002 IHAMBURG237 IHAMBURG258 IHAMBURG400 IHAMBURG2024 IHAMBURG1306 IHAMBURG731 IHAMBURG1462 IHAMBURG61 IHAMBURG1342 IHAMBURG1458 IHAMBURG192 IHAMBURG1184 IHAMBURG540 IHAMBURG1540 IHAMBURG1391 IHAMBURG778 IHAMBURG380 IHHHELLB2 IHAMBURG450 IHAMBURG1266 IHAMBURG1797 IHAMBURG1172 IOSTSTEI3 IHAMBURG1188 IHAMBURG1464 IHAMBURG550 IHAMBURG60 IHAMBURG479 IHAMBURG844 IHAMBURG405 IHAMBURG1036 IHAMBURG1300 IHAMBURG285 IHAMBURG487 IHAMBURG180 IHAMBURG42 IHAMBURG737 ISEEVETA49 IHAMBURG1082 IHAMBURG514 IWINSENL6 IHAMBURG1470 IHAMBURG56 IHAMBURG200 IHAMBURG1302 IHAMBURG439 IHAMBURG333 IHAMBURG684 IHAMBURG1783 IHAMBURG481 IHAMBURG316 IHAMBURG256 IHAMBURG460 IHAMBURG654 IHAMBURG1044 IHAMBURG1150 IHAMBURG1254 IHAMBURG250 IHAMBURG1411 IHAMBURG1154 IHAMBURG175 IHAMBURG280 IHAMBURG640 IHAMBURG417 IHAMBURG123 IHAMBURG664 IHAMBURG109 IHAMBURG1064 IHAMBURG938 IHAMBURG914 IHAMBURG108 IHAMBURG195 IHAMBURG1791 IHAMBURG204 IHAMBURG1421 INORDERS21 IHAMBURG1368 IHAMBURG2029 IHAMBURG365 IHAMBURG709 IHAMBURG361 IHAMBURG471 IHAMBURG113 IHAMBURG353 IHAMBURG1216 IHAMBURG219 IHAMBURG1134 IHAMBURG142 IHAMBURG803 IHHMEIEN2 IHAMBURG1494 IHAMBURG404 IHAMBURG527 IHAMBURG329 IHAMBURG206 IHAMBURG2026 IHAMBURG1086 IHAMBURG1538 IHAMBURG338 IHAMBURG49 IHAMBURG610 IHAMBURG1152 IHAMBURG172 IHAMBURG199 IHAMBURG1068 IHAMBURG1058 IHAMBURG308 IHAMBURG693 IHAMBURG1478 IHHBERGS2 IHAMBURG1212 IHAMBURG832 IHAMBURG375 IHAMBURG1284 IHAMBURG454 IHAMBURG162 IHAMBURG1076 IHAMBURG1008 IHAMBURG1108 IHAMBURG1110 IHAMBURG1114 IHAMBURG1118 IHAMBURG1230 IHAMBURG1252 IHAMBURG131 IHAMBURG1314 IHAMBURG1372 IHAMBURG1377 IHAMBURG158 IHAMBURG1586 IHAMBURG1600 IHAMBURG218 IHAMBURG222 IHAMBURG355 IHAMBURG435 IHAMBURG489 IHAMBURG64 IHAMBURG648 IHAMBURG84
2017-08-19 23:06:13,550 INFO idw_p3_cn3  1.609 n=8781
2017-08-19 23:06:13,551 INFO idw_p1_cn5  1.406 n=8781
2017-08-19 23:06:13,551 INFO idw_p4_dt   1.593 n=8643
2017-08-19 23:06:13,551 INFO max_cn5     2.178 n=8781
2017-08-19 23:06:13,551 INFO eddh        0.751 n=8772
2017-08-19 23:06:13,551 INFO max_all     3.103 n=8781
2017-08-19 23:06:13,551 INFO mean_dt     1.338 n=8643
2017-08-19 23:06:13,551 INFO idw_p2_cn5  1.446 n=8781
2017-08-19 23:06:13,551 INFO median_cn3  1.706 n=8781
2017-08-19 23:06:13,551 INFO nn          1.826 n=8781
2017-08-19 23:06:13,551 INFO idw_p3_dt   1.526 n=8643
2017-08-19 23:06:13,551 INFO mean_cn5    1.370 n=8781
2017-08-19 23:06:13,552 INFO idw_p4_cn5  1.530 n=8781
2017-08-19 23:06:13,552 INFO min_all     2.983 n=8781
2017-08-19 23:06:13,552 INFO max_cn3     2.076 n=8781
2017-08-19 23:06:13,552 INFO min_cn5     1.079 n=8781
2017-08-19 23:06:13,552 INFO median_all  1.349 n=8781
2017-08-19 23:06:13,552 INFO median_cn5  1.382 n=8781
2017-08-19 23:06:13,552 INFO min_cn3     1.028 n=8781
2017-08-19 23:06:13,552 INFO min_dt      1.153 n=8643
2017-08-19 23:06:13,552 INFO mean_cn3    1.547 n=8781
2017-08-19 23:06:13,552 INFO idw_p2_cn3  1.588 n=8781
2017-08-19 23:06:13,552 INFO idw_p1_cn3  1.567 n=8781
2017-08-19 23:06:13,553 INFO mean_all    1.357 n=8781
2017-08-19 23:06:13,553 INFO median_dt   1.367 n=8643
2017-08-19 23:06:13,553 INFO idw_p4_cn3  1.630 n=8781
2017-08-19 23:06:13,553 INFO idw_p1_all  1.387 n=8781
2017-08-19 23:06:13,553 INFO max_dt      1.986 n=8643
2017-08-19 23:06:13,553 INFO idw_p3_all  1.456 n=8781
2017-08-19 23:06:13,553 INFO idw_p4_all  1.504 n=8781
2017-08-19 23:06:13,553 INFO idw_p2_dt   1.457 n=8643
2017-08-19 23:06:13,553 INFO idw_p3_cn5  1.488 n=8781
2017-08-19 23:06:13,553 INFO idw_p2_all  1.417 n=8781
2017-08-19 23:06:13,553 INFO idw_p1_dt   1.392 n=8643
2017-08-19 23:06:13,553 INFO end method list
2017-08-19 23:06:13,739 INFO interpolate for SWM
2017-08-19 23:06:13,740 INFO currently at 7 out of 10
2017-08-19 23:06:13,740 INFO use IHAMBURG229 IHAMBURG69 IHAMBURG184 IHAMBURG1548 IHAMBURG403 IHAMBURG469 IHAMBURG214 IHAMBURG1194 IHAMBURG289 IHAMBURG604 IHAMBURG465 IHAMBURG1128 IHAMBURG600 IHAMBURG772 IHAMBURG376 IHAMBURG741 IHAMBURG1142 IHAMBURG1186 IHAMBURG80 IHAMBURG499 IHAMBURG154 IHHRISSE2 IHAMBURG1208 IHAMBURG656 IHAMBURG128 IHAMBURG1360 IHAMBURG1098 IHAMBURG1192 IHAMBURG646 IHAMBURG1234 IHAMBURG50 IHAMBURG998 IHAMBURG119 IHAMBURG565 IHAMBURG98 IHAMBURG2052 IHAMBURG1504 IHAMBURG1296 IHAMBURG168 IHAMBURG1200 IHAMBURG971 IHAMBURG104 IHAMBURG1236 IHAMBURG789 IHAMBURG1787 IHAMBURG2025 IHAMBURG1508 IHAMBURG367 IHAMBURG230 IHAMBURG628 IHAMBURG1204 IHAMBURG1102 IHAMBURG1830 IHAMBURG1832 IHAMBURG363 IHAMBURG340 IHAMBURG1346 IHAMBURG1136 IHAMBURG53 IHAMBURG1144 IHAMBURG68 IHAMBURG209 IHAMBURG1002 IHAMBURG237 IHAMBURG258 IHAMBURG400 IHAMBURG2024 IHAMBURG1306 IHAMBURG731 IHAMBURG1462 IHAMBURG61 IHAMBURG1342 IHAMBURG1458 IHAMBURG192 IHAMBURG1184 IHAMBURG540 IHAMBURG1540 IHAMBURG1391 IHAMBURG778 IHAMBURG380 IHHHELLB2 IHAMBURG450 IHAMBURG1266 IHAMBURG1797 IHAMBURG1172 IOSTSTEI3 IHAMBURG1188 IHAMBURG1464 IHAMBURG550 IHAMBURG60 IHAMBURG479 IHAMBURG844 IHAMBURG405 IHAMBURG1036 IHAMBURG1300 IHAMBURG285 IHAMBURG487 IHAMBURG180 IHAMBURG42 IHAMBURG737 ISEEVETA49 IHAMBURG1082 IHAMBURG514 IWINSENL6 IHAMBURG1470 IHAMBURG56 IHAMBURG200 IHAMBURG1302 IHAMBURG439 IHAMBURG333 IHAMBURG684 IHAMBURG1783 IHAMBURG481 IHAMBURG316 IHAMBURG256 IHAMBURG460 IHAMBURG654 IHAMBURG1044 IHAMBURG1150 IHAMBURG1254 IHAMBURG250 IHAMBURG1411 IHAMBURG1154 IHAMBURG175 IHAMBURG280 IHAMBURG640 IHAMBURG417 IHAMBURG123 IHAMBURG664 IHAMBURG109 IHAMBURG1064 IHAMBURG938 IHAMBURG914 IHAMBURG108 IHAMBURG195 IHAMBURG1791 IHAMBURG204 IHAMBURG1421 INORDERS21 IHAMBURG1368 IHAMBURG2029 IHAMBURG365 IHAMBURG709 IHAMBURG361 IHAMBURG471 IHAMBURG113 IHAMBURG353 IHAMBURG1216 IHAMBURG219 IHAMBURG1134 IHAMBURG142 IHAMBURG803 IHHMEIEN2 IHAMBURG1494 IHAMBURG404 IHAMBURG527 IHAMBURG329 IHAMBURG206 IHAMBURG2026 IHAMBURG1086 IHAMBURG1538 IHAMBURG338 IHAMBURG49 IHAMBURG610 IHAMBURG1152 IHAMBURG172 IHAMBURG199 IHAMBURG1068 IHAMBURG1058 IHAMBURG308 IHAMBURG693 IHAMBURG1478 IHHBERGS2 IHAMBURG1212 IHAMBURG832 IHAMBURG375 IHAMBURG1284 IHAMBURG454 IHAMBURG162 IHAMBURG1076 IHAMBURG1008 IHAMBURG1108 IHAMBURG1110 IHAMBURG1114 IHAMBURG1118 IHAMBURG1230 IHAMBURG1252 IHAMBURG131 IHAMBURG1314 IHAMBURG1372 IHAMBURG1377 IHAMBURG158 IHAMBURG1586 IHAMBURG1600 IHAMBURG218 IHAMBURG222 IHAMBURG355 IHAMBURG435 IHAMBURG489 IHAMBURG64 IHAMBURG648 IHAMBURG84
2017-08-19 23:19:05,362 INFO idw_p3_cn3  1.420 n=8694
2017-08-19 23:19:05,364 INFO idw_p1_cn5  1.121 n=8694
2017-08-19 23:19:05,364 INFO idw_p4_dt   1.460 n=8566
2017-08-19 23:19:05,365 INFO max_cn5     1.843 n=8694
2017-08-19 23:19:05,365 INFO eddh        0.673 n=8691
2017-08-19 23:19:05,365 INFO max_all     2.767 n=8694
2017-08-19 23:19:05,365 INFO mean_dt     1.034 n=8566
2017-08-19 23:19:05,365 INFO idw_p2_cn5  1.266 n=8694
2017-08-19 23:19:05,366 INFO median_cn3  1.363 n=8694
2017-08-19 23:19:05,366 INFO nn          1.499 n=8694
2017-08-19 23:19:05,366 INFO idw_p3_dt   1.411 n=8566
2017-08-19 23:19:05,366 INFO mean_cn5    1.020 n=8694
2017-08-19 23:19:05,366 INFO idw_p4_cn5  1.444 n=8694
2017-08-19 23:19:05,366 INFO min_all     3.078 n=8694
2017-08-19 23:19:05,367 INFO max_cn3     1.768 n=8694
2017-08-19 23:19:05,367 INFO min_cn5     0.968 n=8694
2017-08-19 23:19:05,367 INFO median_all  1.032 n=8694
2017-08-19 23:19:05,367 INFO median_cn5  1.026 n=8694
2017-08-19 23:19:05,367 INFO min_cn3     0.992 n=8694
2017-08-19 23:19:05,368 INFO min_dt      1.011 n=8566
2017-08-19 23:19:05,368 INFO mean_cn3    1.132 n=8694
2017-08-19 23:19:05,368 INFO idw_p2_cn3  1.344 n=8694
2017-08-19 23:19:05,368 INFO idw_p1_cn3  1.232 n=8694
2017-08-19 23:19:05,368 INFO mean_all    1.030 n=8694
2017-08-19 23:19:05,368 INFO median_dt   1.102 n=8566
2017-08-19 23:19:05,369 INFO idw_p4_cn3  1.458 n=8694
2017-08-19 23:19:05,369 INFO idw_p1_all  1.055 n=8694
2017-08-19 23:19:05,369 INFO max_dt      1.666 n=8566
2017-08-19 23:19:05,369 INFO idw_p3_all  1.308 n=8694
2017-08-19 23:19:05,369 INFO idw_p4_all  1.422 n=8694
2017-08-19 23:19:05,370 INFO idw_p2_dt   1.310 n=8566
2017-08-19 23:19:05,370 INFO idw_p3_cn5  1.383 n=8694
2017-08-19 23:19:05,370 INFO idw_p2_all  1.141 n=8694
2017-08-19 23:19:05,370 INFO idw_p1_dt   1.158 n=8566
2017-08-19 23:19:05,370 INFO end method list
2017-08-19 23:19:05,758 INFO interpolate for WGM
2017-08-19 23:19:05,759 INFO currently at 8 out of 10
2017-08-19 23:19:05,759 INFO use IHAMBURG229 IHAMBURG69 IHAMBURG184 IHAMBURG1548 IHAMBURG403 IHAMBURG469 IHAMBURG214 IHAMBURG1194 IHAMBURG289 IHAMBURG604 IHAMBURG465 IHAMBURG1128 IHAMBURG600 IHAMBURG772 IHAMBURG376 IHAMBURG741 IHAMBURG1142 IHAMBURG1186 IHAMBURG80 IHAMBURG499 IHAMBURG154 IHHRISSE2 IHAMBURG1208 IHAMBURG656 IHAMBURG128 IHAMBURG1360 IHAMBURG1098 IHAMBURG1192 IHAMBURG646 IHAMBURG1234 IHAMBURG50 IHAMBURG998 IHAMBURG119 IHAMBURG565 IHAMBURG98 IHAMBURG2052 IHAMBURG1504 IHAMBURG1296 IHAMBURG168 IHAMBURG1200 IHAMBURG971 IHAMBURG104 IHAMBURG1236 IHAMBURG789 IHAMBURG1787 IHAMBURG2025 IHAMBURG1508 IHAMBURG367 IHAMBURG230 IHAMBURG628 IHAMBURG1204 IHAMBURG1102 IHAMBURG1830 IHAMBURG1832 IHAMBURG363 IHAMBURG340 IHAMBURG1346 IHAMBURG1136 IHAMBURG53 IHAMBURG1144 IHAMBURG68 IHAMBURG209 IHAMBURG1002 IHAMBURG237 IHAMBURG258 IHAMBURG400 IHAMBURG2024 IHAMBURG1306 IHAMBURG731 IHAMBURG1462 IHAMBURG61 IHAMBURG1342 IHAMBURG1458 IHAMBURG192 IHAMBURG1184 IHAMBURG540 IHAMBURG1540 IHAMBURG1391 IHAMBURG778 IHAMBURG380 IHHHELLB2 IHAMBURG450 IHAMBURG1266 IHAMBURG1797 IHAMBURG1172 IOSTSTEI3 IHAMBURG1188 IHAMBURG1464 IHAMBURG550 IHAMBURG60 IHAMBURG479 IHAMBURG844 IHAMBURG405 IHAMBURG1036 IHAMBURG1300 IHAMBURG285 IHAMBURG487 IHAMBURG180 IHAMBURG42 IHAMBURG737 ISEEVETA49 IHAMBURG1082 IHAMBURG514 IWINSENL6 IHAMBURG1470 IHAMBURG56 IHAMBURG200 IHAMBURG1302 IHAMBURG439 IHAMBURG333 IHAMBURG684 IHAMBURG1783 IHAMBURG481 IHAMBURG316 IHAMBURG256 IHAMBURG460 IHAMBURG654 IHAMBURG1044 IHAMBURG1150 IHAMBURG1254 IHAMBURG250 IHAMBURG1411 IHAMBURG1154 IHAMBURG175 IHAMBURG280 IHAMBURG640 IHAMBURG417 IHAMBURG123 IHAMBURG664 IHAMBURG109 IHAMBURG1064 IHAMBURG938 IHAMBURG914 IHAMBURG108 IHAMBURG195 IHAMBURG1791 IHAMBURG204 IHAMBURG1421 INORDERS21 IHAMBURG1368 IHAMBURG2029 IHAMBURG365 IHAMBURG709 IHAMBURG361 IHAMBURG471 IHAMBURG113 IHAMBURG353 IHAMBURG1216 IHAMBURG219 IHAMBURG1134 IHAMBURG142 IHAMBURG803 IHHMEIEN2 IHAMBURG1494 IHAMBURG404 IHAMBURG527 IHAMBURG329 IHAMBURG206 IHAMBURG2026 IHAMBURG1086 IHAMBURG1538 IHAMBURG338 IHAMBURG49 IHAMBURG610 IHAMBURG1152 IHAMBURG172 IHAMBURG199 IHAMBURG1068 IHAMBURG1058 IHAMBURG308 IHAMBURG693 IHAMBURG1478 IHHBERGS2 IHAMBURG1212 IHAMBURG832 IHAMBURG375 IHAMBURG1284 IHAMBURG454 IHAMBURG162 IHAMBURG1076 IHAMBURG1008 IHAMBURG1108 IHAMBURG1110 IHAMBURG1114 IHAMBURG1118 IHAMBURG1230 IHAMBURG1252 IHAMBURG131 IHAMBURG1314 IHAMBURG1372 IHAMBURG1377 IHAMBURG158 IHAMBURG1586 IHAMBURG1600 IHAMBURG218 IHAMBURG222 IHAMBURG355 IHAMBURG435 IHAMBURG489 IHAMBURG64 IHAMBURG648 IHAMBURG84
2017-08-19 23:31:54,389 INFO idw_p3_cn3  1.024 n=8762
2017-08-19 23:31:54,390 INFO idw_p1_cn5  1.093 n=8762
2017-08-19 23:31:54,390 INFO idw_p4_dt   1.031 n=8626
2017-08-19 23:31:54,390 INFO max_cn5     2.169 n=8762
2017-08-19 23:31:54,390 INFO eddh        0.904 n=8752
2017-08-19 23:31:54,391 INFO max_all     2.677 n=8762
2017-08-19 23:31:54,391 INFO mean_dt     1.086 n=8626
2017-08-19 23:31:54,391 INFO idw_p2_cn5  1.025 n=8762
2017-08-19 23:31:54,391 INFO median_cn3  1.490 n=8762
2017-08-19 23:31:54,391 INFO nn          1.042 n=8762
2017-08-19 23:31:54,391 INFO idw_p3_dt   1.029 n=8626
2017-08-19 23:31:54,392 INFO mean_cn5    1.266 n=8762
2017-08-19 23:31:54,392 INFO idw_p4_cn5  1.017 n=8762
2017-08-19 23:31:54,392 INFO min_all     3.196 n=8762
2017-08-19 23:31:54,392 INFO max_cn3     2.043 n=8762
2017-08-19 23:31:54,392 INFO min_cn5     0.874 n=8762
2017-08-19 23:31:54,393 INFO median_all  1.028 n=8762
2017-08-19 23:31:54,393 INFO median_cn5  1.317 n=8762
2017-08-19 23:31:54,393 INFO min_cn3     0.964 n=8762
2017-08-19 23:31:54,393 INFO min_dt      0.939 n=8626
2017-08-19 23:31:54,393 INFO mean_cn3    1.388 n=8762
2017-08-19 23:31:54,393 INFO idw_p2_cn3  1.034 n=8762
2017-08-19 23:31:54,394 INFO idw_p1_cn3  1.109 n=8762
2017-08-19 23:31:54,394 INFO mean_all    1.030 n=8762
2017-08-19 23:31:54,394 INFO median_dt   1.077 n=8626
2017-08-19 23:31:54,394 INFO idw_p4_cn3  1.023 n=8762
2017-08-19 23:31:54,394 INFO idw_p1_all  1.057 n=8762
2017-08-19 23:31:54,394 INFO max_dt      1.906 n=8626
2017-08-19 23:31:54,395 INFO idw_p3_all  1.009 n=8762
2017-08-19 23:31:54,395 INFO idw_p4_all  1.011 n=8762
2017-08-19 23:31:54,395 INFO idw_p2_dt   1.029 n=8626
2017-08-19 23:31:54,395 INFO idw_p3_cn5  1.017 n=8762
2017-08-19 23:31:54,395 INFO idw_p2_all  1.016 n=8762
2017-08-19 23:31:54,396 INFO idw_p1_dt   1.032 n=8626
2017-08-19 23:31:54,396 INFO end method list
2017-08-19 23:31:54,618 INFO interpolate for WWM
2017-08-19 23:31:54,618 INFO currently at 9 out of 10
2017-08-19 23:31:54,618 INFO use IHAMBURG229 IHAMBURG69 IHAMBURG184 IHAMBURG1548 IHAMBURG403 IHAMBURG469 IHAMBURG214 IHAMBURG1194 IHAMBURG289 IHAMBURG604 IHAMBURG465 IHAMBURG1128 IHAMBURG600 IHAMBURG772 IHAMBURG376 IHAMBURG741 IHAMBURG1142 IHAMBURG1186 IHAMBURG80 IHAMBURG499 IHAMBURG154 IHHRISSE2 IHAMBURG1208 IHAMBURG656 IHAMBURG128 IHAMBURG1360 IHAMBURG1098 IHAMBURG1192 IHAMBURG646 IHAMBURG1234 IHAMBURG50 IHAMBURG998 IHAMBURG119 IHAMBURG565 IHAMBURG98 IHAMBURG2052 IHAMBURG1504 IHAMBURG1296 IHAMBURG168 IHAMBURG1200 IHAMBURG971 IHAMBURG104 IHAMBURG1236 IHAMBURG789 IHAMBURG1787 IHAMBURG2025 IHAMBURG1508 IHAMBURG367 IHAMBURG230 IHAMBURG628 IHAMBURG1204 IHAMBURG1102 IHAMBURG1830 IHAMBURG1832 IHAMBURG363 IHAMBURG340 IHAMBURG1346 IHAMBURG1136 IHAMBURG53 IHAMBURG1144 IHAMBURG68 IHAMBURG209 IHAMBURG1002 IHAMBURG237 IHAMBURG258 IHAMBURG400 IHAMBURG2024 IHAMBURG1306 IHAMBURG731 IHAMBURG1462 IHAMBURG61 IHAMBURG1342 IHAMBURG1458 IHAMBURG192 IHAMBURG1184 IHAMBURG540 IHAMBURG1540 IHAMBURG1391 IHAMBURG778 IHAMBURG380 IHHHELLB2 IHAMBURG450 IHAMBURG1266 IHAMBURG1797 IHAMBURG1172 IOSTSTEI3 IHAMBURG1188 IHAMBURG1464 IHAMBURG550 IHAMBURG60 IHAMBURG479 IHAMBURG844 IHAMBURG405 IHAMBURG1036 IHAMBURG1300 IHAMBURG285 IHAMBURG487 IHAMBURG180 IHAMBURG42 IHAMBURG737 ISEEVETA49 IHAMBURG1082 IHAMBURG514 IWINSENL6 IHAMBURG1470 IHAMBURG56 IHAMBURG200 IHAMBURG1302 IHAMBURG439 IHAMBURG333 IHAMBURG684 IHAMBURG1783 IHAMBURG481 IHAMBURG316 IHAMBURG256 IHAMBURG460 IHAMBURG654 IHAMBURG1044 IHAMBURG1150 IHAMBURG1254 IHAMBURG250 IHAMBURG1411 IHAMBURG1154 IHAMBURG175 IHAMBURG280 IHAMBURG640 IHAMBURG417 IHAMBURG123 IHAMBURG664 IHAMBURG109 IHAMBURG1064 IHAMBURG938 IHAMBURG914 IHAMBURG108 IHAMBURG195 IHAMBURG1791 IHAMBURG204 IHAMBURG1421 INORDERS21 IHAMBURG1368 IHAMBURG2029 IHAMBURG365 IHAMBURG709 IHAMBURG361 IHAMBURG471 IHAMBURG113 IHAMBURG353 IHAMBURG1216 IHAMBURG219 IHAMBURG1134 IHAMBURG142 IHAMBURG803 IHHMEIEN2 IHAMBURG1494 IHAMBURG404 IHAMBURG527 IHAMBURG329 IHAMBURG206 IHAMBURG2026 IHAMBURG1086 IHAMBURG1538 IHAMBURG338 IHAMBURG49 IHAMBURG610 IHAMBURG1152 IHAMBURG172 IHAMBURG199 IHAMBURG1068 IHAMBURG1058 IHAMBURG308 IHAMBURG693 IHAMBURG1478 IHHBERGS2 IHAMBURG1212 IHAMBURG832 IHAMBURG375 IHAMBURG1284 IHAMBURG454 IHAMBURG162 IHAMBURG1076 IHAMBURG1008 IHAMBURG1108 IHAMBURG1110 IHAMBURG1114 IHAMBURG1118 IHAMBURG1230 IHAMBURG1252 IHAMBURG131 IHAMBURG1314 IHAMBURG1372 IHAMBURG1377 IHAMBURG158 IHAMBURG1586 IHAMBURG1600 IHAMBURG218 IHAMBURG222 IHAMBURG355 IHAMBURG435 IHAMBURG489 IHAMBURG64 IHAMBURG648 IHAMBURG84
2017-08-19 23:44:10,834 INFO idw_p3_cn3  1.017 n=8782
2017-08-19 23:44:10,835 INFO idw_p1_cn5  1.167 n=8782
2017-08-19 23:44:10,836 INFO idw_p4_dt   0.990 n=8646
2017-08-19 23:44:10,836 INFO max_cn5     2.209 n=8782
2017-08-19 23:44:10,836 INFO eddh        1.018 n=8773
2017-08-19 23:44:10,836 INFO max_all     2.713 n=8782
2017-08-19 23:44:10,836 INFO mean_dt     1.066 n=8646
2017-08-19 23:44:10,837 INFO idw_p2_cn5  1.060 n=8782
2017-08-19 23:44:10,837 INFO median_cn3  1.572 n=8782
2017-08-19 23:44:10,837 INFO nn          1.002 n=8782
2017-08-19 23:44:10,837 INFO idw_p3_dt   0.999 n=8646
2017-08-19 23:44:10,837 INFO mean_cn5    1.274 n=8782
2017-08-19 23:44:10,838 INFO idw_p4_cn5  0.987 n=8782
2017-08-19 23:44:10,838 INFO min_all     3.165 n=8782
2017-08-19 23:44:10,838 INFO max_cn3     2.109 n=8782
2017-08-19 23:44:10,838 INFO min_cn5     0.773 n=8782
2017-08-19 23:44:10,838 INFO median_all  1.027 n=8782
2017-08-19 23:44:10,838 INFO median_cn5  1.331 n=8782
2017-08-19 23:44:10,839 INFO min_cn3     0.919 n=8782
2017-08-19 23:44:10,839 INFO min_dt      0.795 n=8646
2017-08-19 23:44:10,839 INFO mean_cn3    1.437 n=8782
2017-08-19 23:44:10,839 INFO idw_p2_cn3  1.079 n=8782
2017-08-19 23:44:10,839 INFO idw_p1_cn3  1.223 n=8782
2017-08-19 23:44:10,840 INFO mean_all    1.033 n=8782
2017-08-19 23:44:10,840 INFO median_dt   1.020 n=8646
2017-08-19 23:44:10,840 INFO idw_p4_cn3  0.995 n=8782
2017-08-19 23:44:10,840 INFO idw_p1_all  1.076 n=8782
2017-08-19 23:44:10,840 INFO max_dt      1.933 n=8646
2017-08-19 23:44:10,840 INFO idw_p3_all  1.012 n=8782
2017-08-19 23:44:10,841 INFO idw_p4_all  0.983 n=8782
2017-08-19 23:44:10,841 INFO idw_p2_dt   1.016 n=8646
2017-08-19 23:44:10,841 INFO idw_p3_cn5  1.007 n=8782
2017-08-19 23:44:10,841 INFO idw_p2_all  1.072 n=8782
2017-08-19 23:44:10,841 INFO idw_p1_dt   1.042 n=8646
2017-08-19 23:44:10,842 INFO end method list
2017-08-19 23:44:11,043 INFO interpolate for ZOM
2017-08-19 23:44:11,044 INFO currently at 10 out of 10
2017-08-19 23:44:11,044 INFO use IHAMBURG229 IHAMBURG69 IHAMBURG184 IHAMBURG1548 IHAMBURG403 IHAMBURG469 IHAMBURG214 IHAMBURG1194 IHAMBURG289 IHAMBURG604 IHAMBURG465 IHAMBURG1128 IHAMBURG600 IHAMBURG772 IHAMBURG376 IHAMBURG741 IHAMBURG1142 IHAMBURG1186 IHAMBURG80 IHAMBURG499 IHAMBURG154 IHHRISSE2 IHAMBURG1208 IHAMBURG656 IHAMBURG128 IHAMBURG1360 IHAMBURG1098 IHAMBURG1192 IHAMBURG646 IHAMBURG1234 IHAMBURG50 IHAMBURG998 IHAMBURG119 IHAMBURG565 IHAMBURG98 IHAMBURG2052 IHAMBURG1504 IHAMBURG1296 IHAMBURG168 IHAMBURG1200 IHAMBURG971 IHAMBURG104 IHAMBURG1236 IHAMBURG789 IHAMBURG1787 IHAMBURG2025 IHAMBURG1508 IHAMBURG367 IHAMBURG230 IHAMBURG628 IHAMBURG1204 IHAMBURG1102 IHAMBURG1830 IHAMBURG1832 IHAMBURG363 IHAMBURG340 IHAMBURG1346 IHAMBURG1136 IHAMBURG53 IHAMBURG1144 IHAMBURG68 IHAMBURG209 IHAMBURG1002 IHAMBURG237 IHAMBURG258 IHAMBURG400 IHAMBURG2024 IHAMBURG1306 IHAMBURG731 IHAMBURG1462 IHAMBURG61 IHAMBURG1342 IHAMBURG1458 IHAMBURG192 IHAMBURG1184 IHAMBURG540 IHAMBURG1540 IHAMBURG1391 IHAMBURG778 IHAMBURG380 IHHHELLB2 IHAMBURG450 IHAMBURG1266 IHAMBURG1797 IHAMBURG1172 IOSTSTEI3 IHAMBURG1188 IHAMBURG1464 IHAMBURG550 IHAMBURG60 IHAMBURG479 IHAMBURG844 IHAMBURG405 IHAMBURG1036 IHAMBURG1300 IHAMBURG285 IHAMBURG487 IHAMBURG180 IHAMBURG42 IHAMBURG737 ISEEVETA49 IHAMBURG1082 IHAMBURG514 IWINSENL6 IHAMBURG1470 IHAMBURG56 IHAMBURG200 IHAMBURG1302 IHAMBURG439 IHAMBURG333 IHAMBURG684 IHAMBURG1783 IHAMBURG481 IHAMBURG316 IHAMBURG256 IHAMBURG460 IHAMBURG654 IHAMBURG1044 IHAMBURG1150 IHAMBURG1254 IHAMBURG250 IHAMBURG1411 IHAMBURG1154 IHAMBURG175 IHAMBURG280 IHAMBURG640 IHAMBURG417 IHAMBURG123 IHAMBURG664 IHAMBURG109 IHAMBURG1064 IHAMBURG938 IHAMBURG914 IHAMBURG108 IHAMBURG195 IHAMBURG1791 IHAMBURG204 IHAMBURG1421 INORDERS21 IHAMBURG1368 IHAMBURG2029 IHAMBURG365 IHAMBURG709 IHAMBURG361 IHAMBURG471 IHAMBURG113 IHAMBURG353 IHAMBURG1216 IHAMBURG219 IHAMBURG1134 IHAMBURG142 IHAMBURG803 IHHMEIEN2 IHAMBURG1494 IHAMBURG404 IHAMBURG527 IHAMBURG329 IHAMBURG206 IHAMBURG2026 IHAMBURG1086 IHAMBURG1538 IHAMBURG338 IHAMBURG49 IHAMBURG610 IHAMBURG1152 IHAMBURG172 IHAMBURG199 IHAMBURG1068 IHAMBURG1058 IHAMBURG308 IHAMBURG693 IHAMBURG1478 IHHBERGS2 IHAMBURG1212 IHAMBURG832 IHAMBURG375 IHAMBURG1284 IHAMBURG454 IHAMBURG162 IHAMBURG1076 IHAMBURG1008 IHAMBURG1108 IHAMBURG1110 IHAMBURG1114 IHAMBURG1118 IHAMBURG1230 IHAMBURG1252 IHAMBURG131 IHAMBURG1314 IHAMBURG1372 IHAMBURG1377 IHAMBURG158 IHAMBURG1586 IHAMBURG1600 IHAMBURG218 IHAMBURG222 IHAMBURG355 IHAMBURG435 IHAMBURG489 IHAMBURG64 IHAMBURG648 IHAMBURG84
2017-08-19 23:56:20,608 INFO idw_p3_cn3  0.656 n=8769
2017-08-19 23:56:20,610 INFO idw_p1_cn5  0.728 n=8769
2017-08-19 23:56:20,610 INFO idw_p4_dt   0.664 n=8630
2017-08-19 23:56:20,610 INFO max_cn5     1.669 n=8769
2017-08-19 23:56:20,610 INFO eddh        1.118 n=8762
2017-08-19 23:56:20,610 INFO max_all     2.232 n=8769
2017-08-19 23:56:20,611 INFO mean_dt     0.778 n=8630
2017-08-19 23:56:20,611 INFO idw_p2_cn5  0.669 n=8769
2017-08-19 23:56:20,611 INFO median_cn3  0.731 n=8769
2017-08-19 23:56:20,611 INFO nn          0.665 n=8769
2017-08-19 23:56:20,611 INFO idw_p3_dt   0.661 n=8630
2017-08-19 23:56:20,612 INFO mean_cn5    0.812 n=8769
2017-08-19 23:56:20,612 INFO idw_p4_cn5  0.658 n=8769
2017-08-19 23:56:20,612 INFO min_all     3.444 n=8769
2017-08-19 23:56:20,612 INFO max_cn3     1.236 n=8769
2017-08-19 23:56:20,612 INFO min_cn5     0.889 n=8769
2017-08-19 23:56:20,613 INFO median_all  0.743 n=8769
2017-08-19 23:56:20,613 INFO median_cn5  0.785 n=8769
2017-08-19 23:56:20,613 INFO min_cn3     0.844 n=8769
2017-08-19 23:56:20,613 INFO min_dt      0.910 n=8630
2017-08-19 23:56:20,613 INFO mean_cn3    0.738 n=8769
2017-08-19 23:56:20,613 INFO idw_p2_cn3  0.654 n=8769
2017-08-19 23:56:20,614 INFO idw_p1_cn3  0.675 n=8769
2017-08-19 23:56:20,614 INFO mean_all    0.746 n=8769
2017-08-19 23:56:20,614 INFO median_dt   0.757 n=8630
2017-08-19 23:56:20,614 INFO idw_p4_cn3  0.662 n=8769
2017-08-19 23:56:20,614 INFO idw_p1_all  0.749 n=8769
2017-08-19 23:56:20,615 INFO max_dt      1.313 n=8630
2017-08-19 23:56:20,615 INFO idw_p3_all  0.670 n=8769
2017-08-19 23:56:20,615 INFO idw_p4_all  0.655 n=8769
2017-08-19 23:56:20,615 INFO idw_p2_dt   0.663 n=8630
2017-08-19 23:56:20,615 INFO idw_p3_cn5  0.655 n=8769
2017-08-19 23:56:20,615 INFO idw_p2_all  0.725 n=8769
2017-08-19 23:56:20,616 INFO idw_p1_dt   0.692 n=8630
2017-08-19 23:56:20,616 INFO end method list
2017-08-19 23:56:20,921 INFO idw_p3_cn3  1.180 n=87390
2017-08-19 23:56:20,922 INFO idw_p4_dt   1.132 n=67972
2017-08-19 23:56:20,922 INFO eddh        1.041 n=87309
2017-08-19 23:56:20,923 INFO max_all     2.728 n=87390
2017-08-19 23:56:20,923 INFO idw_p2_cn5  1.145 n=87390
2017-08-19 23:56:20,923 INFO median_cn3  1.307 n=87390
2017-08-19 23:56:20,923 INFO idw_p3_dt   1.108 n=67972
2017-08-19 23:56:20,924 INFO idw_p2_dt   1.075 n=67972
2017-08-19 23:56:20,924 INFO median_cn5  1.179 n=87390
2017-08-19 23:56:20,924 INFO idw_p2_all  1.133 n=87390
2017-08-19 23:56:20,925 INFO idw_p2_cn3  1.178 n=87390
2017-08-19 23:56:20,925 INFO mean_all    1.158 n=87390
2017-08-19 23:56:20,925 INFO median_dt   1.012 n=67972
2017-08-19 23:56:20,926 INFO mean_cn3    1.257 n=87390
2017-08-19 23:56:20,926 INFO idw_p1_cn5  1.159 n=87390
2017-08-19 23:56:20,926 INFO max_cn5     2.041 n=87390
2017-08-19 23:56:20,926 INFO idw_p1_all  1.140 n=87390
2017-08-19 23:56:20,927 INFO mean_dt     1.000 n=67972
2017-08-19 23:56:20,927 INFO mean_cn5    1.195 n=87390
2017-08-19 23:56:20,927 INFO idw_p4_cn5  1.165 n=87390
2017-08-19 23:56:20,928 INFO min_all     3.234 n=87390
2017-08-19 23:56:20,928 INFO max_cn3     1.854 n=87390
2017-08-19 23:56:20,928 INFO median_all  1.155 n=87390
2017-08-19 23:56:20,928 INFO min_cn3     1.023 n=87390
2017-08-19 23:56:20,929 INFO min_dt      0.951 n=67972
2017-08-19 23:56:20,929 INFO nn          1.247 n=87390
2017-08-19 23:56:20,929 INFO idw_p4_cn3  1.187 n=87390
2017-08-19 23:56:20,930 INFO max_dt      1.587 n=67972
2017-08-19 23:56:20,930 INFO idw_p1_cn3  1.196 n=87390
2017-08-19 23:56:20,930 INFO idw_p3_all  1.130 n=87390
2017-08-19 23:56:20,931 INFO min_cn5     1.014 n=87390
2017-08-19 23:56:20,931 INFO idw_p4_all  1.146 n=87390
2017-08-19 23:56:20,931 INFO idw_p3_cn5  1.152 n=87390
2017-08-19 23:56:20,931 INFO idw_p1_dt   1.031 n=67972
