2017-08-20 18:56:33,299 INFO ### Start new logging
2017-08-20 18:56:33,300 INFO General Overview
2017-08-20 18:56:33,300 INFO targets: HCM IHM LGM LWM RIM SGM SWM WGM WWM ZOM
2017-08-20 18:56:33,301 INFO neighbours: IHAMBURG1008 IHAMBURG168 IHAMBURG2029 IHAMBURG840 IHAMBURG1372 IHAMBURG600 IHAMBURG1208 IHAMBURG998 IHAMBURG81 IHAMBURG204 IHAMBURG640 IHAMBURG1316 ISCHENEF11 IHAMBURG990 ILBROSEN2 IHAMBURG1332 IHAMBURG1920 IHAMBURG1797 IHAMBURG1526 IHAMBURG1268 IHAMBURG84 IHAMBURG1142 IHAMBURG751 IHAMBURG1134 IWEDEL8 IHAMBURG1470 IHAMBURG1360 IHAMBURG1172 IHAMBURG149 IHAMBURG439 IHAMBURG280 IHAMBURG731 IHAMBURG2016 IHAMBURG1088 IHAMBURG1631 IHAMBURG1946 IHAMBURG1216 IHAMBURG1809 IHAMBURG192 IHAMBURG1144 IHAMBURG342 IHAMBURG1502 IHAMBURG450 IHAMBURG1691 IHAMBURG90 IHAMBURG1910 IHHCURSL2 IHAMBURG163 IHAMBURG286 IHAMBURG375 IHAMBURG1504 IHHEINLA2 IHAMBURG1427 IHAMBURG1586 IHAMBURG291 IHAMBURG924 IHAMBURG1314 IHAMBURG427 IHAMBURG1082 IHAMBURG1735 IHHSINST2 IHAMBURG1182 IHAMBURG123 IHAMBURG49 IHAMBURG2034 IHAMBURG1120 IHHWINTE4 IHAMBURG1058 IHAMBURG1755 IHAMBURG1929 IHAMBURG1234 IHHFARMS2 IHAMBURG935 IHAMBURG1377 IHAMBURG1870 INORDERS16 IHAMBURG1028 ILBALVES2 IHAMBURG1230 IHAMBURG405 IHAMBURG1759 IHAMBURG52 IHHOTTEN2 IHAMBURG951 IHAMBURG1973 IHAMBURG1124 IHAMBURG1202 IHAMBURG768 IHAMBURG1458 IHAMBURG1843 IHAMBURG146 IHAMBURG812 IHAMBURG2076 IHAMBURG1832 IHAMBURG279 IHAMBURG158 IHAMBURG205 IHAMBURG1156 IHAMBURG1326 IHAMBURG128 IHAMBURG119 IHHKLEIN2 IHAMBURG435 IHAMBURG1176 IHHWINTE2 IHAMBURG68 ISEEVETA74 IHHLANGE3 IHAMBURG82 IHAMBURG955 IHAMBURG1154 IHAMBURG787 IHAMBURG1548 IHAMBURG172 IHAMBURG2081 IHAMBURG620 IHAMBURG971 IHAMBURG1370 IHAMBURG214 IHAMBURG1945 IHAMBURG256 IHAMBURG1036 IHAMBURG367 IHAMBURG1697 IHHHAMBU2 IHAMBURG2017 IHAMBURG290 IHAMBURG1391 IHAMBURG138 IHAMBURG1098 IBNNINGS3 IHHOSDOR2 IHAMBURG1933 IHAMBURG1198 IHAMBURG1998 IHAMBURG988 IHHEIDEL4 IHAMBURG638 IHAMBURG2004 IHAMBURG209 IHAMBURG1389 IHAMBURG1681 IHAMBURG2026 IHAMBURG170 IHAMBURG402 IHAMBURG760 IHAMBURG2065 IHAMBURG1614 IHHSCHNE2 IHAMBURG1118 IHAMBURG42 IHAMBURG230 IHAMBURG1819 IHAMBURG797 IHAMBURG2043 IHAMBURG132 IHAMBURG239 IHAMBURG1773 IHAMBURG805 IHAMBURG1941 IHAMBURG1629 IHAMBURG32 IHAMBURG1932 IHAMBURG2088 IHAMBURG353 IHAMBURG2045 IHAMBURG398 IHAMBURG1864 IHAMBURG200 IHAMBURG900 IHAMBURG711 IHAMBURG2000 IHAMBURG1622 IHAMBURG1928 IHAMBURG336 IHAMBURG272 IAHRENSB13 IHAMBURG1368 IHHDOCKE2 IHAMBURG373 IHAMBURG517 IHAMBURG1379 IHAMBURG1805 IHHHINSC4 IHAMBURG1494 IHAMBURG910 IHAMBURG693 IHAMBURG150 IHAMBURG1923 IHAMBURG1248 IHAMBURG976 IHAMBURG2062 IHAMBURG1266 ILBHOOPT2 IHAMBURG2013 IHAMBURG1346 IHAMBURG531 IHAMBURG267 IHAMBURG1110 IHAMBURG527 IHAMBURG1915 IHHMARIE4 IHAMBURG53 IHAMBURG423 IHHEIDEL2 IHAMBURG61 IHAMBURG2066 IHAMBURG2030 IHAMBURG469 IHAMBURG863 IHAMBURG175 IHHEISSE2 IHAMBURG1988 IHAMBURG1236 IHAMBURG654 IHAMBURG1204 IHAMBURG2009 IHAMBURG1953 IHAMBURG594 IHAMBURG465 IHHNEUGR2 IHHMEIEN2 IHHHINSC2 IHAMBURG1985 IHAMBURG258 IHHFUHLS2 IHHNIEND2 IHAMBURG315 IHAMBURG2070 IHAMBURG1188 IHHHELLB2 IHAMBURG60 IHAMBURG118 IHAMBURG1950 IHAMBURG20 IHAMBURG1136 IHAMBURG598 IHAMBURG224 IHAMBURG1940 IHAMBURG2005 IHAMBURG329 IHAMBURG64 IHAMBURG169 IHAMBURG1411 IHAMBURG2010 IHAMBURG489 IHAMBURG1512 IHAMBURG404 IHAMBURG1785 IHAMBURG431 IHAMBURG335 IHAMBURG957 IHAMBURG99 IHAMBURG108 IHAMBURG674 IHHGRUEN2 IHAMBURG1220 IHAMBURG363 IHAMBURG1462 IHAMBURG243 IHHGROSS2 IHAMBURG162 IHAMBURG1837 IHAMBURG10 IHAMBURG499 IHAMBURG338 IHAMBURG1015 IHAMBURG479 ISEEVETA49 IHAMBURG1952 IHAMBURG316 IHAMBURG487 IHAMBURG938 IHAMBURG250 IHAMBURG1830 IHAMBURG1350 IHHRAHLS3 IHHWILHE2 IHAMBURG699 IHAMBURG628 IHAMBURG2018 IHAMBURG626 IHHSCHNE4 IHAMBURG41 IHAMBURG664 IHAMBURG2025 IHHSTEIL2 IHAMBURG1813 IHAMBURG2011 IHAMBURG475 IHAMBURG333 IHAMBURG277 IHAMBURG1753 IHAMBURG1282 IHAMBURG1709 IHAMBURG1044 IHAMBURG1112 IHAMBURG180 IHAMBURG1306 IHAMBURG410 IHAMBURG537 IHAMBURG1194 IHAMBURG1383 IHAMBURG1336 IHAMBURG963 IHAMBURG229 IHAMBURG1186 IHAMBURG1108 IHHSASEL2 IHAMBURG1052 IHAMBURG46 IHHEIDEL5 IHAMBURG723 IHHOHMOO2 IHAMBURG213 IHAMBURG1942 IHAMBURG215 IHAMBURG154 IHAMBURG2075 IHAMBURG1974 IHAMBURG184 IHAMBURG56 IHAMBURG1516 IHAMBURG1252 IHAMBURG1919 IHAMBURG1500 IHAMBURG1064 IHAMBURG1074 IHAMBURG340 IHAMBURG1298 IHHRISSE2 IHAMBURG656 IHAMBURG737 IHAMBURG1538 IHHFARMS3 IHAMBURG1212 IHAMBURG155 IHAMBURG219 IHAMBURG1068 IHAMBURG2039 IHHFUHLS3 IHAMBURG1789 IHAMBURG933 IHAMBURG1508 IWENTORF21 IHAMBURG1823 IHAMBURG1779 IHAMBURG136 IHAMBURG1602 IHAMBURG1671 IHAMBURG1880 IHAMBURG1342 IHAMBURG260 IHAMBURG242 IHAMBURG406 IHAMBURG400 IHAMBURG824 IHAMBURG114 IHAMBURG269 IHAMBURG497 IHAMBURG254 IHHMARIE5 IHAMBURG1918 IHHHAMBU4 IHAMBURG390 IHAMBURG1990 IHAMBURG1150 IHAMBURG1484 IHHLURUP2 IHAMBURG1106 IHAMBURG832 IHAMBURG1540 IHAMBURG2041 IHAMBURG592 IHAMBURG2052 IHAMBURG1296 IHHBARMB5 IHAMBURG452 IHAMBURG550 IHAMBURG376 IHAMBURG89 IHAMBURG684 IHHLOKST3 IHAMBURG152 IHAMBURG98 IHAMBURG1635 IHAMBURG515 IHAMBURG1791 IHAMBURG1092 IHAMBURG719 IHAMBURG270 IHAMBURG2031 IHAMBURG772 IHAMBURG446 IHAMBURG1421 IHAMBURG95 IHAMBURG1056 IHAMBURG1026 IHHHOHEN2 IHAMBURG441 IHAMBURG47 IHAMBURG456 IHAMBURG1200 IHHWELLI2 IHAMBURG206 INORDERS72 IHAMBURG1264 IHORN16 IHAMBURG1054 IHAMBURG144 IHAMBURG880 IHAMBURG1192 IHAMBURG867 IHAMBURG1582 IHAMBURG2072 IHAMBURG22 IHAMBURG762 IHAMBURG1284 IHAMBURG39 IHAMBURG2079 IHAMBURG630 IHHHAMBU5 IHAMBURG1308 IHHMARIE2 IHAMBURG190 IHAMBURG83 IHAMBURG153 IHAMBURG195 IHAMBURG610 IHAMBURG778 IHAMBURG93 IHAMBURG1086 IHAMBURG252 IHAMBURG289 IHAMBURG365 IHAMBURG1655 IHAMBURG104 IHAMBURG1164 IHAMBURG50 IHAMBURG1214 IHAMBURG262 IHAMBURG355 IHAMBURG1986
2017-08-20 18:56:33,301 INFO End overview
2017-08-20 18:56:33,301 INFO Several Runs
2017-08-20 18:56:33,301 INFO end targets
2017-08-20 18:56:33,301 INFO overall results
2017-08-20 18:56:33,301 INFO interpolate for HCM
2017-08-20 18:56:33,301 INFO currently at 1 out of 10
2017-08-20 18:56:33,301 INFO use IHAMBURG1008 IHAMBURG168 IHAMBURG2029 IHAMBURG840 IHAMBURG1372 IHAMBURG600 IHAMBURG1208 IHAMBURG998 IHAMBURG81 IHAMBURG204 IHAMBURG640 IHAMBURG1316 ISCHENEF11 IHAMBURG990 ILBROSEN2 IHAMBURG1332 IHAMBURG1920 IHAMBURG1797 IHAMBURG1526 IHAMBURG1268 IHAMBURG84 IHAMBURG1142 IHAMBURG751 IHAMBURG1134 IWEDEL8 IHAMBURG1470 IHAMBURG1360 IHAMBURG1172 IHAMBURG149 IHAMBURG439 IHAMBURG280 IHAMBURG731 IHAMBURG2016 IHAMBURG1088 IHAMBURG1631 IHAMBURG1946 IHAMBURG1216 IHAMBURG1809 IHAMBURG192 IHAMBURG1144 IHAMBURG342 IHAMBURG1502 IHAMBURG450 IHAMBURG1691 IHAMBURG90 IHAMBURG1910 IHHCURSL2 IHAMBURG163 IHAMBURG286 IHAMBURG375 IHAMBURG1504 IHHEINLA2 IHAMBURG1427 IHAMBURG1586 IHAMBURG291 IHAMBURG924 IHAMBURG1314 IHAMBURG427 IHAMBURG1082 IHAMBURG1735 IHHSINST2 IHAMBURG1182 IHAMBURG123 IHAMBURG49 IHAMBURG2034 IHAMBURG1120 IHHWINTE4 IHAMBURG1058 IHAMBURG1755 IHAMBURG1929 IHAMBURG1234 IHHFARMS2 IHAMBURG935 IHAMBURG1377 IHAMBURG1870 INORDERS16 IHAMBURG1028 ILBALVES2 IHAMBURG1230 IHAMBURG405 IHAMBURG1759 IHAMBURG52 IHHOTTEN2 IHAMBURG951 IHAMBURG1973 IHAMBURG1124 IHAMBURG1202 IHAMBURG768 IHAMBURG1458 IHAMBURG1843 IHAMBURG146 IHAMBURG812 IHAMBURG2076 IHAMBURG1832 IHAMBURG279 IHAMBURG158 IHAMBURG205 IHAMBURG1156 IHAMBURG1326 IHAMBURG128 IHAMBURG119 IHHKLEIN2 IHAMBURG435 IHAMBURG1176 IHHWINTE2 IHAMBURG68 ISEEVETA74 IHHLANGE3 IHAMBURG82 IHAMBURG955 IHAMBURG1154 IHAMBURG787 IHAMBURG1548 IHAMBURG172 IHAMBURG2081 IHAMBURG620 IHAMBURG971 IHAMBURG1370 IHAMBURG214 IHAMBURG1945 IHAMBURG256 IHAMBURG1036 IHAMBURG367 IHAMBURG1697 IHHHAMBU2 IHAMBURG2017 IHAMBURG290 IHAMBURG1391 IHAMBURG138 IHAMBURG1098 IBNNINGS3 IHHOSDOR2 IHAMBURG1933 IHAMBURG1198 IHAMBURG1998 IHAMBURG988 IHHEIDEL4 IHAMBURG638 IHAMBURG2004 IHAMBURG209 IHAMBURG1389 IHAMBURG1681 IHAMBURG2026 IHAMBURG170 IHAMBURG402 IHAMBURG760 IHAMBURG2065 IHAMBURG1614 IHHSCHNE2 IHAMBURG1118 IHAMBURG42 IHAMBURG230 IHAMBURG1819 IHAMBURG797 IHAMBURG2043 IHAMBURG132 IHAMBURG239 IHAMBURG1773 IHAMBURG805 IHAMBURG1941 IHAMBURG1629 IHAMBURG32 IHAMBURG1932 IHAMBURG2088 IHAMBURG353 IHAMBURG2045 IHAMBURG398 IHAMBURG1864 IHAMBURG200 IHAMBURG900 IHAMBURG711 IHAMBURG2000 IHAMBURG1622 IHAMBURG1928 IHAMBURG336 IHAMBURG272 IAHRENSB13 IHAMBURG1368 IHHDOCKE2 IHAMBURG373 IHAMBURG517 IHAMBURG1379 IHAMBURG1805 IHHHINSC4 IHAMBURG1494 IHAMBURG910 IHAMBURG693 IHAMBURG150 IHAMBURG1923 IHAMBURG1248 IHAMBURG976 IHAMBURG2062 IHAMBURG1266 ILBHOOPT2 IHAMBURG2013 IHAMBURG1346 IHAMBURG531 IHAMBURG267 IHAMBURG1110 IHAMBURG527 IHAMBURG1915 IHHMARIE4 IHAMBURG53 IHAMBURG423 IHHEIDEL2 IHAMBURG61 IHAMBURG2066 IHAMBURG2030 IHAMBURG469 IHAMBURG863 IHAMBURG175 IHHEISSE2 IHAMBURG1988 IHAMBURG1236 IHAMBURG654 IHAMBURG1204 IHAMBURG2009 IHAMBURG1953 IHAMBURG594 IHAMBURG465 IHHNEUGR2 IHHMEIEN2 IHHHINSC2 IHAMBURG1985 IHAMBURG258 IHHFUHLS2 IHHNIEND2 IHAMBURG315 IHAMBURG2070 IHAMBURG1188 IHHHELLB2 IHAMBURG60 IHAMBURG118 IHAMBURG1950 IHAMBURG20 IHAMBURG1136 IHAMBURG598 IHAMBURG224 IHAMBURG1940 IHAMBURG2005 IHAMBURG329 IHAMBURG64 IHAMBURG169 IHAMBURG1411 IHAMBURG2010 IHAMBURG489 IHAMBURG1512 IHAMBURG404 IHAMBURG1785 IHAMBURG431 IHAMBURG335 IHAMBURG957 IHAMBURG99 IHAMBURG108 IHAMBURG674 IHHGRUEN2 IHAMBURG1220 IHAMBURG363 IHAMBURG1462 IHAMBURG243 IHHGROSS2 IHAMBURG162 IHAMBURG1837 IHAMBURG10 IHAMBURG499 IHAMBURG338 IHAMBURG1015 IHAMBURG479 ISEEVETA49 IHAMBURG1952 IHAMBURG316 IHAMBURG487 IHAMBURG938 IHAMBURG250 IHAMBURG1830 IHAMBURG1350 IHHRAHLS3 IHHWILHE2 IHAMBURG699 IHAMBURG628 IHAMBURG2018 IHAMBURG626 IHHSCHNE4 IHAMBURG41 IHAMBURG664 IHAMBURG2025 IHHSTEIL2 IHAMBURG1813 IHAMBURG2011 IHAMBURG475 IHAMBURG333 IHAMBURG277 IHAMBURG1753 IHAMBURG1282 IHAMBURG1709 IHAMBURG1044 IHAMBURG1112 IHAMBURG180 IHAMBURG1306 IHAMBURG410 IHAMBURG537 IHAMBURG1194 IHAMBURG1383 IHAMBURG1336 IHAMBURG963 IHAMBURG229 IHAMBURG1186 IHAMBURG1108 IHHSASEL2 IHAMBURG1052 IHAMBURG46 IHHEIDEL5 IHAMBURG723 IHHOHMOO2 IHAMBURG213 IHAMBURG1942 IHAMBURG215 IHAMBURG154 IHAMBURG2075 IHAMBURG1974 IHAMBURG184 IHAMBURG56 IHAMBURG1516 IHAMBURG1252 IHAMBURG1919 IHAMBURG1500 IHAMBURG1064 IHAMBURG1074 IHAMBURG340 IHAMBURG1298 IHHRISSE2 IHAMBURG656 IHAMBURG737 IHAMBURG1538 IHHFARMS3 IHAMBURG1212 IHAMBURG155 IHAMBURG219 IHAMBURG1068 IHAMBURG2039 IHHFUHLS3 IHAMBURG1789 IHAMBURG933 IHAMBURG1508 IWENTORF21 IHAMBURG1823 IHAMBURG1779 IHAMBURG136 IHAMBURG1602 IHAMBURG1671 IHAMBURG1880 IHAMBURG1342 IHAMBURG260 IHAMBURG242 IHAMBURG406 IHAMBURG400 IHAMBURG824 IHAMBURG114 IHAMBURG269 IHAMBURG497 IHAMBURG254 IHHMARIE5 IHAMBURG1918 IHHHAMBU4 IHAMBURG390 IHAMBURG1990 IHAMBURG1150 IHAMBURG1484 IHHLURUP2 IHAMBURG1106 IHAMBURG832 IHAMBURG1540 IHAMBURG2041 IHAMBURG592 IHAMBURG2052 IHAMBURG1296 IHHBARMB5 IHAMBURG452 IHAMBURG550 IHAMBURG376 IHAMBURG89 IHAMBURG684 IHHLOKST3 IHAMBURG152 IHAMBURG98 IHAMBURG1635 IHAMBURG515 IHAMBURG1791 IHAMBURG1092 IHAMBURG719 IHAMBURG270 IHAMBURG2031 IHAMBURG772 IHAMBURG446 IHAMBURG1421 IHAMBURG95 IHAMBURG1056 IHAMBURG1026 IHHHOHEN2 IHAMBURG441 IHAMBURG47 IHAMBURG456 IHAMBURG1200 IHHWELLI2 IHAMBURG206 INORDERS72 IHAMBURG1264 IHORN16 IHAMBURG1054 IHAMBURG144 IHAMBURG880 IHAMBURG1192 IHAMBURG867 IHAMBURG1582 IHAMBURG2072 IHAMBURG22 IHAMBURG762 IHAMBURG1284 IHAMBURG39 IHAMBURG2079 IHAMBURG630 IHHHAMBU5 IHAMBURG1308 IHHMARIE2 IHAMBURG190 IHAMBURG83 IHAMBURG153 IHAMBURG195 IHAMBURG610 IHAMBURG778 IHAMBURG93 IHAMBURG1086 IHAMBURG252 IHAMBURG289 IHAMBURG365 IHAMBURG1655 IHAMBURG104 IHAMBURG1164 IHAMBURG50 IHAMBURG1214 IHAMBURG262 IHAMBURG355 IHAMBURG1986
2017-08-20 19:23:27,639 INFO idw_p4_dt   1.765 n=8766
2017-08-20 19:23:27,639 INFO idw_p2_all  1.066 n=8784
2017-08-20 19:23:27,639 INFO idw_p3_cn5  1.203 n=8784
2017-08-20 19:23:27,640 INFO max_cn3     2.891 n=8784
2017-08-20 19:23:27,640 INFO idw_p4_all  1.214 n=8784
2017-08-20 19:23:27,640 INFO nn          1.896 n=8784
2017-08-20 19:23:27,640 INFO min_cn3     0.847 n=8784
2017-08-20 19:23:27,640 INFO mean_dt     1.278 n=8766
2017-08-20 19:23:27,640 INFO min_all     5.380 n=8784
2017-08-20 19:23:27,640 INFO max_cn5     3.226 n=8784
2017-08-20 19:23:27,640 INFO mean_all    0.955 n=8784
2017-08-20 19:23:27,640 INFO idw_p1_cn3  1.438 n=8784
2017-08-20 19:23:27,640 INFO eddh        1.391 n=8771
2017-08-20 19:23:27,640 INFO mean_cn5    1.275 n=8784
2017-08-20 19:23:27,641 INFO idw_p2_dt   1.656 n=8766
2017-08-20 19:23:27,641 INFO idw_p1_all  1.003 n=8784
2017-08-20 19:23:27,641 INFO idw_p1_cn5  1.206 n=8784
2017-08-20 19:23:27,641 INFO min_cn5     0.738 n=8784
2017-08-20 19:23:27,641 INFO median_dt   1.211 n=8766
2017-08-20 19:23:27,641 INFO median_cn5  1.021 n=8784
2017-08-20 19:23:27,641 INFO median_all  0.768 n=8784
2017-08-20 19:23:27,641 INFO idw_p4_cn5  1.223 n=8784
2017-08-20 19:23:27,641 INFO idw_p3_cn3  1.444 n=8784
2017-08-20 19:23:27,641 INFO max_dt      2.862 n=8766
2017-08-20 19:23:27,641 INFO min_dt      0.959 n=8766
2017-08-20 19:23:27,642 INFO mean_cn3    1.479 n=8784
2017-08-20 19:23:27,642 INFO idw_p1_dt   1.513 n=8766
2017-08-20 19:23:27,642 INFO idw_p4_cn3  1.454 n=8784
2017-08-20 19:23:27,642 INFO idw_p3_all  1.148 n=8784
2017-08-20 19:23:27,642 INFO idw_p2_cn3  1.436 n=8784
2017-08-20 19:23:27,642 INFO idw_p2_cn5  1.190 n=8784
2017-08-20 19:23:27,642 INFO max_all     15.115 n=8784
2017-08-20 19:23:27,642 INFO median_cn3  1.292 n=8784
2017-08-20 19:23:27,642 INFO idw_p3_dt   1.730 n=8766
2017-08-20 19:23:27,642 INFO end method list
2017-08-20 19:23:27,906 INFO interpolate for IHM
2017-08-20 19:23:27,906 INFO currently at 2 out of 10
2017-08-20 19:23:27,907 INFO use IHAMBURG1008 IHAMBURG168 IHAMBURG2029 IHAMBURG840 IHAMBURG1372 IHAMBURG600 IHAMBURG1208 IHAMBURG998 IHAMBURG81 IHAMBURG204 IHAMBURG640 IHAMBURG1316 ISCHENEF11 IHAMBURG990 ILBROSEN2 IHAMBURG1332 IHAMBURG1920 IHAMBURG1797 IHAMBURG1526 IHAMBURG1268 IHAMBURG84 IHAMBURG1142 IHAMBURG751 IHAMBURG1134 IWEDEL8 IHAMBURG1470 IHAMBURG1360 IHAMBURG1172 IHAMBURG149 IHAMBURG439 IHAMBURG280 IHAMBURG731 IHAMBURG2016 IHAMBURG1088 IHAMBURG1631 IHAMBURG1946 IHAMBURG1216 IHAMBURG1809 IHAMBURG192 IHAMBURG1144 IHAMBURG342 IHAMBURG1502 IHAMBURG450 IHAMBURG1691 IHAMBURG90 IHAMBURG1910 IHHCURSL2 IHAMBURG163 IHAMBURG286 IHAMBURG375 IHAMBURG1504 IHHEINLA2 IHAMBURG1427 IHAMBURG1586 IHAMBURG291 IHAMBURG924 IHAMBURG1314 IHAMBURG427 IHAMBURG1082 IHAMBURG1735 IHHSINST2 IHAMBURG1182 IHAMBURG123 IHAMBURG49 IHAMBURG2034 IHAMBURG1120 IHHWINTE4 IHAMBURG1058 IHAMBURG1755 IHAMBURG1929 IHAMBURG1234 IHHFARMS2 IHAMBURG935 IHAMBURG1377 IHAMBURG1870 INORDERS16 IHAMBURG1028 ILBALVES2 IHAMBURG1230 IHAMBURG405 IHAMBURG1759 IHAMBURG52 IHHOTTEN2 IHAMBURG951 IHAMBURG1973 IHAMBURG1124 IHAMBURG1202 IHAMBURG768 IHAMBURG1458 IHAMBURG1843 IHAMBURG146 IHAMBURG812 IHAMBURG2076 IHAMBURG1832 IHAMBURG279 IHAMBURG158 IHAMBURG205 IHAMBURG1156 IHAMBURG1326 IHAMBURG128 IHAMBURG119 IHHKLEIN2 IHAMBURG435 IHAMBURG1176 IHHWINTE2 IHAMBURG68 ISEEVETA74 IHHLANGE3 IHAMBURG82 IHAMBURG955 IHAMBURG1154 IHAMBURG787 IHAMBURG1548 IHAMBURG172 IHAMBURG2081 IHAMBURG620 IHAMBURG971 IHAMBURG1370 IHAMBURG214 IHAMBURG1945 IHAMBURG256 IHAMBURG1036 IHAMBURG367 IHAMBURG1697 IHHHAMBU2 IHAMBURG2017 IHAMBURG290 IHAMBURG1391 IHAMBURG138 IHAMBURG1098 IBNNINGS3 IHHOSDOR2 IHAMBURG1933 IHAMBURG1198 IHAMBURG1998 IHAMBURG988 IHHEIDEL4 IHAMBURG638 IHAMBURG2004 IHAMBURG209 IHAMBURG1389 IHAMBURG1681 IHAMBURG2026 IHAMBURG170 IHAMBURG402 IHAMBURG760 IHAMBURG2065 IHAMBURG1614 IHHSCHNE2 IHAMBURG1118 IHAMBURG42 IHAMBURG230 IHAMBURG1819 IHAMBURG797 IHAMBURG2043 IHAMBURG132 IHAMBURG239 IHAMBURG1773 IHAMBURG805 IHAMBURG1941 IHAMBURG1629 IHAMBURG32 IHAMBURG1932 IHAMBURG2088 IHAMBURG353 IHAMBURG2045 IHAMBURG398 IHAMBURG1864 IHAMBURG200 IHAMBURG900 IHAMBURG711 IHAMBURG2000 IHAMBURG1622 IHAMBURG1928 IHAMBURG336 IHAMBURG272 IAHRENSB13 IHAMBURG1368 IHHDOCKE2 IHAMBURG373 IHAMBURG517 IHAMBURG1379 IHAMBURG1805 IHHHINSC4 IHAMBURG1494 IHAMBURG910 IHAMBURG693 IHAMBURG150 IHAMBURG1923 IHAMBURG1248 IHAMBURG976 IHAMBURG2062 IHAMBURG1266 ILBHOOPT2 IHAMBURG2013 IHAMBURG1346 IHAMBURG531 IHAMBURG267 IHAMBURG1110 IHAMBURG527 IHAMBURG1915 IHHMARIE4 IHAMBURG53 IHAMBURG423 IHHEIDEL2 IHAMBURG61 IHAMBURG2066 IHAMBURG2030 IHAMBURG469 IHAMBURG863 IHAMBURG175 IHHEISSE2 IHAMBURG1988 IHAMBURG1236 IHAMBURG654 IHAMBURG1204 IHAMBURG2009 IHAMBURG1953 IHAMBURG594 IHAMBURG465 IHHNEUGR2 IHHMEIEN2 IHHHINSC2 IHAMBURG1985 IHAMBURG258 IHHFUHLS2 IHHNIEND2 IHAMBURG315 IHAMBURG2070 IHAMBURG1188 IHHHELLB2 IHAMBURG60 IHAMBURG118 IHAMBURG1950 IHAMBURG20 IHAMBURG1136 IHAMBURG598 IHAMBURG224 IHAMBURG1940 IHAMBURG2005 IHAMBURG329 IHAMBURG64 IHAMBURG169 IHAMBURG1411 IHAMBURG2010 IHAMBURG489 IHAMBURG1512 IHAMBURG404 IHAMBURG1785 IHAMBURG431 IHAMBURG335 IHAMBURG957 IHAMBURG99 IHAMBURG108 IHAMBURG674 IHHGRUEN2 IHAMBURG1220 IHAMBURG363 IHAMBURG1462 IHAMBURG243 IHHGROSS2 IHAMBURG162 IHAMBURG1837 IHAMBURG10 IHAMBURG499 IHAMBURG338 IHAMBURG1015 IHAMBURG479 ISEEVETA49 IHAMBURG1952 IHAMBURG316 IHAMBURG487 IHAMBURG938 IHAMBURG250 IHAMBURG1830 IHAMBURG1350 IHHRAHLS3 IHHWILHE2 IHAMBURG699 IHAMBURG628 IHAMBURG2018 IHAMBURG626 IHHSCHNE4 IHAMBURG41 IHAMBURG664 IHAMBURG2025 IHHSTEIL2 IHAMBURG1813 IHAMBURG2011 IHAMBURG475 IHAMBURG333 IHAMBURG277 IHAMBURG1753 IHAMBURG1282 IHAMBURG1709 IHAMBURG1044 IHAMBURG1112 IHAMBURG180 IHAMBURG1306 IHAMBURG410 IHAMBURG537 IHAMBURG1194 IHAMBURG1383 IHAMBURG1336 IHAMBURG963 IHAMBURG229 IHAMBURG1186 IHAMBURG1108 IHHSASEL2 IHAMBURG1052 IHAMBURG46 IHHEIDEL5 IHAMBURG723 IHHOHMOO2 IHAMBURG213 IHAMBURG1942 IHAMBURG215 IHAMBURG154 IHAMBURG2075 IHAMBURG1974 IHAMBURG184 IHAMBURG56 IHAMBURG1516 IHAMBURG1252 IHAMBURG1919 IHAMBURG1500 IHAMBURG1064 IHAMBURG1074 IHAMBURG340 IHAMBURG1298 IHHRISSE2 IHAMBURG656 IHAMBURG737 IHAMBURG1538 IHHFARMS3 IHAMBURG1212 IHAMBURG155 IHAMBURG219 IHAMBURG1068 IHAMBURG2039 IHHFUHLS3 IHAMBURG1789 IHAMBURG933 IHAMBURG1508 IWENTORF21 IHAMBURG1823 IHAMBURG1779 IHAMBURG136 IHAMBURG1602 IHAMBURG1671 IHAMBURG1880 IHAMBURG1342 IHAMBURG260 IHAMBURG242 IHAMBURG406 IHAMBURG400 IHAMBURG824 IHAMBURG114 IHAMBURG269 IHAMBURG497 IHAMBURG254 IHHMARIE5 IHAMBURG1918 IHHHAMBU4 IHAMBURG390 IHAMBURG1990 IHAMBURG1150 IHAMBURG1484 IHHLURUP2 IHAMBURG1106 IHAMBURG832 IHAMBURG1540 IHAMBURG2041 IHAMBURG592 IHAMBURG2052 IHAMBURG1296 IHHBARMB5 IHAMBURG452 IHAMBURG550 IHAMBURG376 IHAMBURG89 IHAMBURG684 IHHLOKST3 IHAMBURG152 IHAMBURG98 IHAMBURG1635 IHAMBURG515 IHAMBURG1791 IHAMBURG1092 IHAMBURG719 IHAMBURG270 IHAMBURG2031 IHAMBURG772 IHAMBURG446 IHAMBURG1421 IHAMBURG95 IHAMBURG1056 IHAMBURG1026 IHHHOHEN2 IHAMBURG441 IHAMBURG47 IHAMBURG456 IHAMBURG1200 IHHWELLI2 IHAMBURG206 INORDERS72 IHAMBURG1264 IHORN16 IHAMBURG1054 IHAMBURG144 IHAMBURG880 IHAMBURG1192 IHAMBURG867 IHAMBURG1582 IHAMBURG2072 IHAMBURG22 IHAMBURG762 IHAMBURG1284 IHAMBURG39 IHAMBURG2079 IHAMBURG630 IHHHAMBU5 IHAMBURG1308 IHHMARIE2 IHAMBURG190 IHAMBURG83 IHAMBURG153 IHAMBURG195 IHAMBURG610 IHAMBURG778 IHAMBURG93 IHAMBURG1086 IHAMBURG252 IHAMBURG289 IHAMBURG365 IHAMBURG1655 IHAMBURG104 IHAMBURG1164 IHAMBURG50 IHAMBURG1214 IHAMBURG262 IHAMBURG355 IHAMBURG1986
2017-08-20 19:50:12,386 INFO idw_p4_dt   2.151 n=8759
2017-08-20 19:50:12,387 INFO idw_p2_all  1.200 n=8784
2017-08-20 19:50:12,387 INFO idw_p3_cn5  1.828 n=8784
2017-08-20 19:50:12,388 INFO max_cn3     2.592 n=8784
2017-08-20 19:50:12,388 INFO idw_p4_all  1.940 n=8784
2017-08-20 19:50:12,388 INFO nn          2.181 n=8784
2017-08-20 19:50:12,388 INFO min_cn3     0.783 n=8784
2017-08-20 19:50:12,388 INFO mean_dt     1.351 n=8759
2017-08-20 19:50:12,389 INFO min_all     5.508 n=8784
2017-08-20 19:50:12,389 INFO max_cn5     2.733 n=8784
2017-08-20 19:50:12,389 INFO mean_all    0.945 n=8784
2017-08-20 19:50:12,389 INFO idw_p1_cn3  1.458 n=8784
2017-08-20 19:50:12,389 INFO eddh        1.495 n=8774
2017-08-20 19:50:12,390 INFO mean_cn5    1.073 n=8784
2017-08-20 19:50:12,390 INFO idw_p2_dt   1.939 n=8759
2017-08-20 19:50:12,390 INFO idw_p1_all  0.968 n=8784
2017-08-20 19:50:12,390 INFO idw_p1_cn5  1.269 n=8784
2017-08-20 19:50:12,390 INFO min_cn5     1.043 n=8784
2017-08-20 19:50:12,390 INFO median_dt   1.192 n=8759
2017-08-20 19:50:12,391 INFO median_cn5  0.995 n=8784
2017-08-20 19:50:12,391 INFO median_all  0.787 n=8784
2017-08-20 19:50:12,391 INFO idw_p4_cn5  1.987 n=8784
2017-08-20 19:50:12,391 INFO idw_p3_cn3  1.897 n=8784
2017-08-20 19:50:12,391 INFO max_dt      2.863 n=8759
2017-08-20 19:50:12,392 INFO min_dt      0.936 n=8759
2017-08-20 19:50:12,392 INFO mean_cn3    1.229 n=8784
2017-08-20 19:50:12,392 INFO idw_p1_dt   1.630 n=8759
2017-08-20 19:50:12,392 INFO idw_p4_cn3  2.015 n=8784
2017-08-20 19:50:12,392 INFO idw_p3_all  1.658 n=8784
2017-08-20 19:50:12,393 INFO idw_p2_cn3  1.708 n=8784
2017-08-20 19:50:12,393 INFO idw_p2_cn5  1.570 n=8784
2017-08-20 19:50:12,393 INFO max_all     14.977 n=8784
2017-08-20 19:50:12,393 INFO median_cn3  1.080 n=8784
2017-08-20 19:50:12,393 INFO idw_p3_dt   2.092 n=8759
2017-08-20 19:50:12,393 INFO end method list
2017-08-20 19:50:12,742 INFO interpolate for LGM
2017-08-20 19:50:12,743 INFO currently at 3 out of 10
2017-08-20 19:50:12,743 INFO use IHAMBURG1008 IHAMBURG168 IHAMBURG2029 IHAMBURG840 IHAMBURG1372 IHAMBURG600 IHAMBURG1208 IHAMBURG998 IHAMBURG81 IHAMBURG204 IHAMBURG640 IHAMBURG1316 ISCHENEF11 IHAMBURG990 ILBROSEN2 IHAMBURG1332 IHAMBURG1920 IHAMBURG1797 IHAMBURG1526 IHAMBURG1268 IHAMBURG84 IHAMBURG1142 IHAMBURG751 IHAMBURG1134 IWEDEL8 IHAMBURG1470 IHAMBURG1360 IHAMBURG1172 IHAMBURG149 IHAMBURG439 IHAMBURG280 IHAMBURG731 IHAMBURG2016 IHAMBURG1088 IHAMBURG1631 IHAMBURG1946 IHAMBURG1216 IHAMBURG1809 IHAMBURG192 IHAMBURG1144 IHAMBURG342 IHAMBURG1502 IHAMBURG450 IHAMBURG1691 IHAMBURG90 IHAMBURG1910 IHHCURSL2 IHAMBURG163 IHAMBURG286 IHAMBURG375 IHAMBURG1504 IHHEINLA2 IHAMBURG1427 IHAMBURG1586 IHAMBURG291 IHAMBURG924 IHAMBURG1314 IHAMBURG427 IHAMBURG1082 IHAMBURG1735 IHHSINST2 IHAMBURG1182 IHAMBURG123 IHAMBURG49 IHAMBURG2034 IHAMBURG1120 IHHWINTE4 IHAMBURG1058 IHAMBURG1755 IHAMBURG1929 IHAMBURG1234 IHHFARMS2 IHAMBURG935 IHAMBURG1377 IHAMBURG1870 INORDERS16 IHAMBURG1028 ILBALVES2 IHAMBURG1230 IHAMBURG405 IHAMBURG1759 IHAMBURG52 IHHOTTEN2 IHAMBURG951 IHAMBURG1973 IHAMBURG1124 IHAMBURG1202 IHAMBURG768 IHAMBURG1458 IHAMBURG1843 IHAMBURG146 IHAMBURG812 IHAMBURG2076 IHAMBURG1832 IHAMBURG279 IHAMBURG158 IHAMBURG205 IHAMBURG1156 IHAMBURG1326 IHAMBURG128 IHAMBURG119 IHHKLEIN2 IHAMBURG435 IHAMBURG1176 IHHWINTE2 IHAMBURG68 ISEEVETA74 IHHLANGE3 IHAMBURG82 IHAMBURG955 IHAMBURG1154 IHAMBURG787 IHAMBURG1548 IHAMBURG172 IHAMBURG2081 IHAMBURG620 IHAMBURG971 IHAMBURG1370 IHAMBURG214 IHAMBURG1945 IHAMBURG256 IHAMBURG1036 IHAMBURG367 IHAMBURG1697 IHHHAMBU2 IHAMBURG2017 IHAMBURG290 IHAMBURG1391 IHAMBURG138 IHAMBURG1098 IBNNINGS3 IHHOSDOR2 IHAMBURG1933 IHAMBURG1198 IHAMBURG1998 IHAMBURG988 IHHEIDEL4 IHAMBURG638 IHAMBURG2004 IHAMBURG209 IHAMBURG1389 IHAMBURG1681 IHAMBURG2026 IHAMBURG170 IHAMBURG402 IHAMBURG760 IHAMBURG2065 IHAMBURG1614 IHHSCHNE2 IHAMBURG1118 IHAMBURG42 IHAMBURG230 IHAMBURG1819 IHAMBURG797 IHAMBURG2043 IHAMBURG132 IHAMBURG239 IHAMBURG1773 IHAMBURG805 IHAMBURG1941 IHAMBURG1629 IHAMBURG32 IHAMBURG1932 IHAMBURG2088 IHAMBURG353 IHAMBURG2045 IHAMBURG398 IHAMBURG1864 IHAMBURG200 IHAMBURG900 IHAMBURG711 IHAMBURG2000 IHAMBURG1622 IHAMBURG1928 IHAMBURG336 IHAMBURG272 IAHRENSB13 IHAMBURG1368 IHHDOCKE2 IHAMBURG373 IHAMBURG517 IHAMBURG1379 IHAMBURG1805 IHHHINSC4 IHAMBURG1494 IHAMBURG910 IHAMBURG693 IHAMBURG150 IHAMBURG1923 IHAMBURG1248 IHAMBURG976 IHAMBURG2062 IHAMBURG1266 ILBHOOPT2 IHAMBURG2013 IHAMBURG1346 IHAMBURG531 IHAMBURG267 IHAMBURG1110 IHAMBURG527 IHAMBURG1915 IHHMARIE4 IHAMBURG53 IHAMBURG423 IHHEIDEL2 IHAMBURG61 IHAMBURG2066 IHAMBURG2030 IHAMBURG469 IHAMBURG863 IHAMBURG175 IHHEISSE2 IHAMBURG1988 IHAMBURG1236 IHAMBURG654 IHAMBURG1204 IHAMBURG2009 IHAMBURG1953 IHAMBURG594 IHAMBURG465 IHHNEUGR2 IHHMEIEN2 IHHHINSC2 IHAMBURG1985 IHAMBURG258 IHHFUHLS2 IHHNIEND2 IHAMBURG315 IHAMBURG2070 IHAMBURG1188 IHHHELLB2 IHAMBURG60 IHAMBURG118 IHAMBURG1950 IHAMBURG20 IHAMBURG1136 IHAMBURG598 IHAMBURG224 IHAMBURG1940 IHAMBURG2005 IHAMBURG329 IHAMBURG64 IHAMBURG169 IHAMBURG1411 IHAMBURG2010 IHAMBURG489 IHAMBURG1512 IHAMBURG404 IHAMBURG1785 IHAMBURG431 IHAMBURG335 IHAMBURG957 IHAMBURG99 IHAMBURG108 IHAMBURG674 IHHGRUEN2 IHAMBURG1220 IHAMBURG363 IHAMBURG1462 IHAMBURG243 IHHGROSS2 IHAMBURG162 IHAMBURG1837 IHAMBURG10 IHAMBURG499 IHAMBURG338 IHAMBURG1015 IHAMBURG479 ISEEVETA49 IHAMBURG1952 IHAMBURG316 IHAMBURG487 IHAMBURG938 IHAMBURG250 IHAMBURG1830 IHAMBURG1350 IHHRAHLS3 IHHWILHE2 IHAMBURG699 IHAMBURG628 IHAMBURG2018 IHAMBURG626 IHHSCHNE4 IHAMBURG41 IHAMBURG664 IHAMBURG2025 IHHSTEIL2 IHAMBURG1813 IHAMBURG2011 IHAMBURG475 IHAMBURG333 IHAMBURG277 IHAMBURG1753 IHAMBURG1282 IHAMBURG1709 IHAMBURG1044 IHAMBURG1112 IHAMBURG180 IHAMBURG1306 IHAMBURG410 IHAMBURG537 IHAMBURG1194 IHAMBURG1383 IHAMBURG1336 IHAMBURG963 IHAMBURG229 IHAMBURG1186 IHAMBURG1108 IHHSASEL2 IHAMBURG1052 IHAMBURG46 IHHEIDEL5 IHAMBURG723 IHHOHMOO2 IHAMBURG213 IHAMBURG1942 IHAMBURG215 IHAMBURG154 IHAMBURG2075 IHAMBURG1974 IHAMBURG184 IHAMBURG56 IHAMBURG1516 IHAMBURG1252 IHAMBURG1919 IHAMBURG1500 IHAMBURG1064 IHAMBURG1074 IHAMBURG340 IHAMBURG1298 IHHRISSE2 IHAMBURG656 IHAMBURG737 IHAMBURG1538 IHHFARMS3 IHAMBURG1212 IHAMBURG155 IHAMBURG219 IHAMBURG1068 IHAMBURG2039 IHHFUHLS3 IHAMBURG1789 IHAMBURG933 IHAMBURG1508 IWENTORF21 IHAMBURG1823 IHAMBURG1779 IHAMBURG136 IHAMBURG1602 IHAMBURG1671 IHAMBURG1880 IHAMBURG1342 IHAMBURG260 IHAMBURG242 IHAMBURG406 IHAMBURG400 IHAMBURG824 IHAMBURG114 IHAMBURG269 IHAMBURG497 IHAMBURG254 IHHMARIE5 IHAMBURG1918 IHHHAMBU4 IHAMBURG390 IHAMBURG1990 IHAMBURG1150 IHAMBURG1484 IHHLURUP2 IHAMBURG1106 IHAMBURG832 IHAMBURG1540 IHAMBURG2041 IHAMBURG592 IHAMBURG2052 IHAMBURG1296 IHHBARMB5 IHAMBURG452 IHAMBURG550 IHAMBURG376 IHAMBURG89 IHAMBURG684 IHHLOKST3 IHAMBURG152 IHAMBURG98 IHAMBURG1635 IHAMBURG515 IHAMBURG1791 IHAMBURG1092 IHAMBURG719 IHAMBURG270 IHAMBURG2031 IHAMBURG772 IHAMBURG446 IHAMBURG1421 IHAMBURG95 IHAMBURG1056 IHAMBURG1026 IHHHOHEN2 IHAMBURG441 IHAMBURG47 IHAMBURG456 IHAMBURG1200 IHHWELLI2 IHAMBURG206 INORDERS72 IHAMBURG1264 IHORN16 IHAMBURG1054 IHAMBURG144 IHAMBURG880 IHAMBURG1192 IHAMBURG867 IHAMBURG1582 IHAMBURG2072 IHAMBURG22 IHAMBURG762 IHAMBURG1284 IHAMBURG39 IHAMBURG2079 IHAMBURG630 IHHHAMBU5 IHAMBURG1308 IHHMARIE2 IHAMBURG190 IHAMBURG83 IHAMBURG153 IHAMBURG195 IHAMBURG610 IHAMBURG778 IHAMBURG93 IHAMBURG1086 IHAMBURG252 IHAMBURG289 IHAMBURG365 IHAMBURG1655 IHAMBURG104 IHAMBURG1164 IHAMBURG50 IHAMBURG1214 IHAMBURG262 IHAMBURG355 IHAMBURG1986
2017-08-20 20:16:43,350 INFO idw_p4_dt   1.769 n=8638
2017-08-20 20:16:43,350 INFO idw_p2_all  1.692 n=8769
2017-08-20 20:16:43,351 INFO idw_p3_cn5  1.593 n=8769
2017-08-20 20:16:43,351 INFO max_cn3     4.330 n=8769
2017-08-20 20:16:43,351 INFO idw_p4_all  1.511 n=8769
2017-08-20 20:16:43,351 INFO nn          1.828 n=8769
2017-08-20 20:16:43,351 INFO min_cn3     0.854 n=8769
2017-08-20 20:16:43,351 INFO mean_dt     1.442 n=8638
2017-08-20 20:16:43,351 INFO min_all     4.655 n=8769
2017-08-20 20:16:43,351 INFO max_cn5     4.637 n=8769
2017-08-20 20:16:43,351 INFO mean_all    1.950 n=8769
2017-08-20 20:16:43,351 INFO idw_p1_cn3  1.775 n=8769
2017-08-20 20:16:43,351 INFO eddh        0.823 n=8757
2017-08-20 20:16:43,352 INFO mean_cn5    1.894 n=8769
2017-08-20 20:16:43,352 INFO idw_p2_dt   1.670 n=8638
2017-08-20 20:16:43,352 INFO idw_p1_all  1.862 n=8769
2017-08-20 20:16:43,352 INFO idw_p1_cn5  1.792 n=8769
2017-08-20 20:16:43,352 INFO min_cn5     0.835 n=8769
2017-08-20 20:16:43,352 INFO median_dt   1.244 n=8638
2017-08-20 20:16:43,352 INFO median_cn5  1.561 n=8769
2017-08-20 20:16:43,352 INFO median_all  1.756 n=8769
2017-08-20 20:16:43,352 INFO idw_p4_cn5  1.609 n=8769
2017-08-20 20:16:43,352 INFO idw_p3_cn3  1.615 n=8769
2017-08-20 20:16:43,352 INFO max_dt      2.542 n=8638
2017-08-20 20:16:43,353 INFO min_dt      1.045 n=8638
2017-08-20 20:16:43,353 INFO mean_cn3    1.900 n=8769
2017-08-20 20:16:43,353 INFO idw_p1_dt   1.508 n=8638
2017-08-20 20:16:43,353 INFO idw_p4_cn3  1.635 n=8769
2017-08-20 20:16:43,353 INFO idw_p3_all  1.508 n=8769
2017-08-20 20:16:43,353 INFO idw_p2_cn3  1.654 n=8769
2017-08-20 20:16:43,353 INFO idw_p2_cn5  1.654 n=8769
2017-08-20 20:16:43,353 INFO max_all     16.097 n=8769
2017-08-20 20:16:43,353 INFO median_cn3  1.371 n=8769
2017-08-20 20:16:43,353 INFO idw_p3_dt   1.745 n=8638
2017-08-20 20:16:43,353 INFO end method list
2017-08-20 20:16:43,621 INFO interpolate for LWM
2017-08-20 20:16:43,621 INFO currently at 4 out of 10
2017-08-20 20:16:43,622 INFO use IHAMBURG1008 IHAMBURG168 IHAMBURG2029 IHAMBURG840 IHAMBURG1372 IHAMBURG600 IHAMBURG1208 IHAMBURG998 IHAMBURG81 IHAMBURG204 IHAMBURG640 IHAMBURG1316 ISCHENEF11 IHAMBURG990 ILBROSEN2 IHAMBURG1332 IHAMBURG1920 IHAMBURG1797 IHAMBURG1526 IHAMBURG1268 IHAMBURG84 IHAMBURG1142 IHAMBURG751 IHAMBURG1134 IWEDEL8 IHAMBURG1470 IHAMBURG1360 IHAMBURG1172 IHAMBURG149 IHAMBURG439 IHAMBURG280 IHAMBURG731 IHAMBURG2016 IHAMBURG1088 IHAMBURG1631 IHAMBURG1946 IHAMBURG1216 IHAMBURG1809 IHAMBURG192 IHAMBURG1144 IHAMBURG342 IHAMBURG1502 IHAMBURG450 IHAMBURG1691 IHAMBURG90 IHAMBURG1910 IHHCURSL2 IHAMBURG163 IHAMBURG286 IHAMBURG375 IHAMBURG1504 IHHEINLA2 IHAMBURG1427 IHAMBURG1586 IHAMBURG291 IHAMBURG924 IHAMBURG1314 IHAMBURG427 IHAMBURG1082 IHAMBURG1735 IHHSINST2 IHAMBURG1182 IHAMBURG123 IHAMBURG49 IHAMBURG2034 IHAMBURG1120 IHHWINTE4 IHAMBURG1058 IHAMBURG1755 IHAMBURG1929 IHAMBURG1234 IHHFARMS2 IHAMBURG935 IHAMBURG1377 IHAMBURG1870 INORDERS16 IHAMBURG1028 ILBALVES2 IHAMBURG1230 IHAMBURG405 IHAMBURG1759 IHAMBURG52 IHHOTTEN2 IHAMBURG951 IHAMBURG1973 IHAMBURG1124 IHAMBURG1202 IHAMBURG768 IHAMBURG1458 IHAMBURG1843 IHAMBURG146 IHAMBURG812 IHAMBURG2076 IHAMBURG1832 IHAMBURG279 IHAMBURG158 IHAMBURG205 IHAMBURG1156 IHAMBURG1326 IHAMBURG128 IHAMBURG119 IHHKLEIN2 IHAMBURG435 IHAMBURG1176 IHHWINTE2 IHAMBURG68 ISEEVETA74 IHHLANGE3 IHAMBURG82 IHAMBURG955 IHAMBURG1154 IHAMBURG787 IHAMBURG1548 IHAMBURG172 IHAMBURG2081 IHAMBURG620 IHAMBURG971 IHAMBURG1370 IHAMBURG214 IHAMBURG1945 IHAMBURG256 IHAMBURG1036 IHAMBURG367 IHAMBURG1697 IHHHAMBU2 IHAMBURG2017 IHAMBURG290 IHAMBURG1391 IHAMBURG138 IHAMBURG1098 IBNNINGS3 IHHOSDOR2 IHAMBURG1933 IHAMBURG1198 IHAMBURG1998 IHAMBURG988 IHHEIDEL4 IHAMBURG638 IHAMBURG2004 IHAMBURG209 IHAMBURG1389 IHAMBURG1681 IHAMBURG2026 IHAMBURG170 IHAMBURG402 IHAMBURG760 IHAMBURG2065 IHAMBURG1614 IHHSCHNE2 IHAMBURG1118 IHAMBURG42 IHAMBURG230 IHAMBURG1819 IHAMBURG797 IHAMBURG2043 IHAMBURG132 IHAMBURG239 IHAMBURG1773 IHAMBURG805 IHAMBURG1941 IHAMBURG1629 IHAMBURG32 IHAMBURG1932 IHAMBURG2088 IHAMBURG353 IHAMBURG2045 IHAMBURG398 IHAMBURG1864 IHAMBURG200 IHAMBURG900 IHAMBURG711 IHAMBURG2000 IHAMBURG1622 IHAMBURG1928 IHAMBURG336 IHAMBURG272 IAHRENSB13 IHAMBURG1368 IHHDOCKE2 IHAMBURG373 IHAMBURG517 IHAMBURG1379 IHAMBURG1805 IHHHINSC4 IHAMBURG1494 IHAMBURG910 IHAMBURG693 IHAMBURG150 IHAMBURG1923 IHAMBURG1248 IHAMBURG976 IHAMBURG2062 IHAMBURG1266 ILBHOOPT2 IHAMBURG2013 IHAMBURG1346 IHAMBURG531 IHAMBURG267 IHAMBURG1110 IHAMBURG527 IHAMBURG1915 IHHMARIE4 IHAMBURG53 IHAMBURG423 IHHEIDEL2 IHAMBURG61 IHAMBURG2066 IHAMBURG2030 IHAMBURG469 IHAMBURG863 IHAMBURG175 IHHEISSE2 IHAMBURG1988 IHAMBURG1236 IHAMBURG654 IHAMBURG1204 IHAMBURG2009 IHAMBURG1953 IHAMBURG594 IHAMBURG465 IHHNEUGR2 IHHMEIEN2 IHHHINSC2 IHAMBURG1985 IHAMBURG258 IHHFUHLS2 IHHNIEND2 IHAMBURG315 IHAMBURG2070 IHAMBURG1188 IHHHELLB2 IHAMBURG60 IHAMBURG118 IHAMBURG1950 IHAMBURG20 IHAMBURG1136 IHAMBURG598 IHAMBURG224 IHAMBURG1940 IHAMBURG2005 IHAMBURG329 IHAMBURG64 IHAMBURG169 IHAMBURG1411 IHAMBURG2010 IHAMBURG489 IHAMBURG1512 IHAMBURG404 IHAMBURG1785 IHAMBURG431 IHAMBURG335 IHAMBURG957 IHAMBURG99 IHAMBURG108 IHAMBURG674 IHHGRUEN2 IHAMBURG1220 IHAMBURG363 IHAMBURG1462 IHAMBURG243 IHHGROSS2 IHAMBURG162 IHAMBURG1837 IHAMBURG10 IHAMBURG499 IHAMBURG338 IHAMBURG1015 IHAMBURG479 ISEEVETA49 IHAMBURG1952 IHAMBURG316 IHAMBURG487 IHAMBURG938 IHAMBURG250 IHAMBURG1830 IHAMBURG1350 IHHRAHLS3 IHHWILHE2 IHAMBURG699 IHAMBURG628 IHAMBURG2018 IHAMBURG626 IHHSCHNE4 IHAMBURG41 IHAMBURG664 IHAMBURG2025 IHHSTEIL2 IHAMBURG1813 IHAMBURG2011 IHAMBURG475 IHAMBURG333 IHAMBURG277 IHAMBURG1753 IHAMBURG1282 IHAMBURG1709 IHAMBURG1044 IHAMBURG1112 IHAMBURG180 IHAMBURG1306 IHAMBURG410 IHAMBURG537 IHAMBURG1194 IHAMBURG1383 IHAMBURG1336 IHAMBURG963 IHAMBURG229 IHAMBURG1186 IHAMBURG1108 IHHSASEL2 IHAMBURG1052 IHAMBURG46 IHHEIDEL5 IHAMBURG723 IHHOHMOO2 IHAMBURG213 IHAMBURG1942 IHAMBURG215 IHAMBURG154 IHAMBURG2075 IHAMBURG1974 IHAMBURG184 IHAMBURG56 IHAMBURG1516 IHAMBURG1252 IHAMBURG1919 IHAMBURG1500 IHAMBURG1064 IHAMBURG1074 IHAMBURG340 IHAMBURG1298 IHHRISSE2 IHAMBURG656 IHAMBURG737 IHAMBURG1538 IHHFARMS3 IHAMBURG1212 IHAMBURG155 IHAMBURG219 IHAMBURG1068 IHAMBURG2039 IHHFUHLS3 IHAMBURG1789 IHAMBURG933 IHAMBURG1508 IWENTORF21 IHAMBURG1823 IHAMBURG1779 IHAMBURG136 IHAMBURG1602 IHAMBURG1671 IHAMBURG1880 IHAMBURG1342 IHAMBURG260 IHAMBURG242 IHAMBURG406 IHAMBURG400 IHAMBURG824 IHAMBURG114 IHAMBURG269 IHAMBURG497 IHAMBURG254 IHHMARIE5 IHAMBURG1918 IHHHAMBU4 IHAMBURG390 IHAMBURG1990 IHAMBURG1150 IHAMBURG1484 IHHLURUP2 IHAMBURG1106 IHAMBURG832 IHAMBURG1540 IHAMBURG2041 IHAMBURG592 IHAMBURG2052 IHAMBURG1296 IHHBARMB5 IHAMBURG452 IHAMBURG550 IHAMBURG376 IHAMBURG89 IHAMBURG684 IHHLOKST3 IHAMBURG152 IHAMBURG98 IHAMBURG1635 IHAMBURG515 IHAMBURG1791 IHAMBURG1092 IHAMBURG719 IHAMBURG270 IHAMBURG2031 IHAMBURG772 IHAMBURG446 IHAMBURG1421 IHAMBURG95 IHAMBURG1056 IHAMBURG1026 IHHHOHEN2 IHAMBURG441 IHAMBURG47 IHAMBURG456 IHAMBURG1200 IHHWELLI2 IHAMBURG206 INORDERS72 IHAMBURG1264 IHORN16 IHAMBURG1054 IHAMBURG144 IHAMBURG880 IHAMBURG1192 IHAMBURG867 IHAMBURG1582 IHAMBURG2072 IHAMBURG22 IHAMBURG762 IHAMBURG1284 IHAMBURG39 IHAMBURG2079 IHAMBURG630 IHHHAMBU5 IHAMBURG1308 IHHMARIE2 IHAMBURG190 IHAMBURG83 IHAMBURG153 IHAMBURG195 IHAMBURG610 IHAMBURG778 IHAMBURG93 IHAMBURG1086 IHAMBURG252 IHAMBURG289 IHAMBURG365 IHAMBURG1655 IHAMBURG104 IHAMBURG1164 IHAMBURG50 IHAMBURG1214 IHAMBURG262 IHAMBURG355 IHAMBURG1986
2017-08-20 20:43:03,872 INFO idw_p2_all  1.939 n=8523
2017-08-20 20:43:03,873 INFO idw_p3_cn5  2.001 n=8523
2017-08-20 20:43:03,873 INFO max_cn3     4.409 n=8523
2017-08-20 20:43:03,873 INFO nn          1.885 n=8523
2017-08-20 20:43:03,873 INFO min_cn3     0.923 n=8523
2017-08-20 20:43:03,873 INFO min_all     4.527 n=8523
2017-08-20 20:43:03,873 INFO max_cn5     4.950 n=8523
2017-08-20 20:43:03,873 INFO mean_all    2.069 n=8523
2017-08-20 20:43:03,874 INFO idw_p1_cn3  2.003 n=8523
2017-08-20 20:43:03,874 INFO idw_p4_cn3  1.860 n=8523
2017-08-20 20:43:03,874 INFO mean_cn5    2.336 n=8523
2017-08-20 20:43:03,874 INFO idw_p1_all  2.003 n=8523
2017-08-20 20:43:03,874 INFO idw_p1_cn5  2.233 n=8523
2017-08-20 20:43:03,874 INFO max_all     16.121 n=8523
2017-08-20 20:43:03,874 INFO median_cn5  2.125 n=8523
2017-08-20 20:43:03,874 INFO median_all  1.878 n=8523
2017-08-20 20:43:03,874 INFO idw_p4_cn5  1.906 n=8523
2017-08-20 20:43:03,874 INFO idw_p3_cn3  1.907 n=8523
2017-08-20 20:43:03,874 INFO min_cn5     0.921 n=8523
2017-08-20 20:43:03,875 INFO mean_cn3    2.020 n=8523
2017-08-20 20:43:03,875 INFO eddh        0.970 n=8512
2017-08-20 20:43:03,875 INFO idw_p3_all  1.883 n=8523
2017-08-20 20:43:03,875 INFO idw_p2_cn3  1.959 n=8523
2017-08-20 20:43:03,875 INFO idw_p2_cn5  2.116 n=8523
2017-08-20 20:43:03,875 INFO idw_p4_all  1.827 n=8523
2017-08-20 20:43:03,875 INFO median_cn3  1.451 n=8523
2017-08-20 20:43:03,875 INFO end method list
2017-08-20 20:43:04,144 INFO interpolate for RIM
2017-08-20 20:43:04,144 INFO currently at 5 out of 10
2017-08-20 20:43:04,145 INFO use IHAMBURG1008 IHAMBURG168 IHAMBURG2029 IHAMBURG840 IHAMBURG1372 IHAMBURG600 IHAMBURG1208 IHAMBURG998 IHAMBURG81 IHAMBURG204 IHAMBURG640 IHAMBURG1316 ISCHENEF11 IHAMBURG990 ILBROSEN2 IHAMBURG1332 IHAMBURG1920 IHAMBURG1797 IHAMBURG1526 IHAMBURG1268 IHAMBURG84 IHAMBURG1142 IHAMBURG751 IHAMBURG1134 IWEDEL8 IHAMBURG1470 IHAMBURG1360 IHAMBURG1172 IHAMBURG149 IHAMBURG439 IHAMBURG280 IHAMBURG731 IHAMBURG2016 IHAMBURG1088 IHAMBURG1631 IHAMBURG1946 IHAMBURG1216 IHAMBURG1809 IHAMBURG192 IHAMBURG1144 IHAMBURG342 IHAMBURG1502 IHAMBURG450 IHAMBURG1691 IHAMBURG90 IHAMBURG1910 IHHCURSL2 IHAMBURG163 IHAMBURG286 IHAMBURG375 IHAMBURG1504 IHHEINLA2 IHAMBURG1427 IHAMBURG1586 IHAMBURG291 IHAMBURG924 IHAMBURG1314 IHAMBURG427 IHAMBURG1082 IHAMBURG1735 IHHSINST2 IHAMBURG1182 IHAMBURG123 IHAMBURG49 IHAMBURG2034 IHAMBURG1120 IHHWINTE4 IHAMBURG1058 IHAMBURG1755 IHAMBURG1929 IHAMBURG1234 IHHFARMS2 IHAMBURG935 IHAMBURG1377 IHAMBURG1870 INORDERS16 IHAMBURG1028 ILBALVES2 IHAMBURG1230 IHAMBURG405 IHAMBURG1759 IHAMBURG52 IHHOTTEN2 IHAMBURG951 IHAMBURG1973 IHAMBURG1124 IHAMBURG1202 IHAMBURG768 IHAMBURG1458 IHAMBURG1843 IHAMBURG146 IHAMBURG812 IHAMBURG2076 IHAMBURG1832 IHAMBURG279 IHAMBURG158 IHAMBURG205 IHAMBURG1156 IHAMBURG1326 IHAMBURG128 IHAMBURG119 IHHKLEIN2 IHAMBURG435 IHAMBURG1176 IHHWINTE2 IHAMBURG68 ISEEVETA74 IHHLANGE3 IHAMBURG82 IHAMBURG955 IHAMBURG1154 IHAMBURG787 IHAMBURG1548 IHAMBURG172 IHAMBURG2081 IHAMBURG620 IHAMBURG971 IHAMBURG1370 IHAMBURG214 IHAMBURG1945 IHAMBURG256 IHAMBURG1036 IHAMBURG367 IHAMBURG1697 IHHHAMBU2 IHAMBURG2017 IHAMBURG290 IHAMBURG1391 IHAMBURG138 IHAMBURG1098 IBNNINGS3 IHHOSDOR2 IHAMBURG1933 IHAMBURG1198 IHAMBURG1998 IHAMBURG988 IHHEIDEL4 IHAMBURG638 IHAMBURG2004 IHAMBURG209 IHAMBURG1389 IHAMBURG1681 IHAMBURG2026 IHAMBURG170 IHAMBURG402 IHAMBURG760 IHAMBURG2065 IHAMBURG1614 IHHSCHNE2 IHAMBURG1118 IHAMBURG42 IHAMBURG230 IHAMBURG1819 IHAMBURG797 IHAMBURG2043 IHAMBURG132 IHAMBURG239 IHAMBURG1773 IHAMBURG805 IHAMBURG1941 IHAMBURG1629 IHAMBURG32 IHAMBURG1932 IHAMBURG2088 IHAMBURG353 IHAMBURG2045 IHAMBURG398 IHAMBURG1864 IHAMBURG200 IHAMBURG900 IHAMBURG711 IHAMBURG2000 IHAMBURG1622 IHAMBURG1928 IHAMBURG336 IHAMBURG272 IAHRENSB13 IHAMBURG1368 IHHDOCKE2 IHAMBURG373 IHAMBURG517 IHAMBURG1379 IHAMBURG1805 IHHHINSC4 IHAMBURG1494 IHAMBURG910 IHAMBURG693 IHAMBURG150 IHAMBURG1923 IHAMBURG1248 IHAMBURG976 IHAMBURG2062 IHAMBURG1266 ILBHOOPT2 IHAMBURG2013 IHAMBURG1346 IHAMBURG531 IHAMBURG267 IHAMBURG1110 IHAMBURG527 IHAMBURG1915 IHHMARIE4 IHAMBURG53 IHAMBURG423 IHHEIDEL2 IHAMBURG61 IHAMBURG2066 IHAMBURG2030 IHAMBURG469 IHAMBURG863 IHAMBURG175 IHHEISSE2 IHAMBURG1988 IHAMBURG1236 IHAMBURG654 IHAMBURG1204 IHAMBURG2009 IHAMBURG1953 IHAMBURG594 IHAMBURG465 IHHNEUGR2 IHHMEIEN2 IHHHINSC2 IHAMBURG1985 IHAMBURG258 IHHFUHLS2 IHHNIEND2 IHAMBURG315 IHAMBURG2070 IHAMBURG1188 IHHHELLB2 IHAMBURG60 IHAMBURG118 IHAMBURG1950 IHAMBURG20 IHAMBURG1136 IHAMBURG598 IHAMBURG224 IHAMBURG1940 IHAMBURG2005 IHAMBURG329 IHAMBURG64 IHAMBURG169 IHAMBURG1411 IHAMBURG2010 IHAMBURG489 IHAMBURG1512 IHAMBURG404 IHAMBURG1785 IHAMBURG431 IHAMBURG335 IHAMBURG957 IHAMBURG99 IHAMBURG108 IHAMBURG674 IHHGRUEN2 IHAMBURG1220 IHAMBURG363 IHAMBURG1462 IHAMBURG243 IHHGROSS2 IHAMBURG162 IHAMBURG1837 IHAMBURG10 IHAMBURG499 IHAMBURG338 IHAMBURG1015 IHAMBURG479 ISEEVETA49 IHAMBURG1952 IHAMBURG316 IHAMBURG487 IHAMBURG938 IHAMBURG250 IHAMBURG1830 IHAMBURG1350 IHHRAHLS3 IHHWILHE2 IHAMBURG699 IHAMBURG628 IHAMBURG2018 IHAMBURG626 IHHSCHNE4 IHAMBURG41 IHAMBURG664 IHAMBURG2025 IHHSTEIL2 IHAMBURG1813 IHAMBURG2011 IHAMBURG475 IHAMBURG333 IHAMBURG277 IHAMBURG1753 IHAMBURG1282 IHAMBURG1709 IHAMBURG1044 IHAMBURG1112 IHAMBURG180 IHAMBURG1306 IHAMBURG410 IHAMBURG537 IHAMBURG1194 IHAMBURG1383 IHAMBURG1336 IHAMBURG963 IHAMBURG229 IHAMBURG1186 IHAMBURG1108 IHHSASEL2 IHAMBURG1052 IHAMBURG46 IHHEIDEL5 IHAMBURG723 IHHOHMOO2 IHAMBURG213 IHAMBURG1942 IHAMBURG215 IHAMBURG154 IHAMBURG2075 IHAMBURG1974 IHAMBURG184 IHAMBURG56 IHAMBURG1516 IHAMBURG1252 IHAMBURG1919 IHAMBURG1500 IHAMBURG1064 IHAMBURG1074 IHAMBURG340 IHAMBURG1298 IHHRISSE2 IHAMBURG656 IHAMBURG737 IHAMBURG1538 IHHFARMS3 IHAMBURG1212 IHAMBURG155 IHAMBURG219 IHAMBURG1068 IHAMBURG2039 IHHFUHLS3 IHAMBURG1789 IHAMBURG933 IHAMBURG1508 IWENTORF21 IHAMBURG1823 IHAMBURG1779 IHAMBURG136 IHAMBURG1602 IHAMBURG1671 IHAMBURG1880 IHAMBURG1342 IHAMBURG260 IHAMBURG242 IHAMBURG406 IHAMBURG400 IHAMBURG824 IHAMBURG114 IHAMBURG269 IHAMBURG497 IHAMBURG254 IHHMARIE5 IHAMBURG1918 IHHHAMBU4 IHAMBURG390 IHAMBURG1990 IHAMBURG1150 IHAMBURG1484 IHHLURUP2 IHAMBURG1106 IHAMBURG832 IHAMBURG1540 IHAMBURG2041 IHAMBURG592 IHAMBURG2052 IHAMBURG1296 IHHBARMB5 IHAMBURG452 IHAMBURG550 IHAMBURG376 IHAMBURG89 IHAMBURG684 IHHLOKST3 IHAMBURG152 IHAMBURG98 IHAMBURG1635 IHAMBURG515 IHAMBURG1791 IHAMBURG1092 IHAMBURG719 IHAMBURG270 IHAMBURG2031 IHAMBURG772 IHAMBURG446 IHAMBURG1421 IHAMBURG95 IHAMBURG1056 IHAMBURG1026 IHHHOHEN2 IHAMBURG441 IHAMBURG47 IHAMBURG456 IHAMBURG1200 IHHWELLI2 IHAMBURG206 INORDERS72 IHAMBURG1264 IHORN16 IHAMBURG1054 IHAMBURG144 IHAMBURG880 IHAMBURG1192 IHAMBURG867 IHAMBURG1582 IHAMBURG2072 IHAMBURG22 IHAMBURG762 IHAMBURG1284 IHAMBURG39 IHAMBURG2079 IHAMBURG630 IHHHAMBU5 IHAMBURG1308 IHHMARIE2 IHAMBURG190 IHAMBURG83 IHAMBURG153 IHAMBURG195 IHAMBURG610 IHAMBURG778 IHAMBURG93 IHAMBURG1086 IHAMBURG252 IHAMBURG289 IHAMBURG365 IHAMBURG1655 IHAMBURG104 IHAMBURG1164 IHAMBURG50 IHAMBURG1214 IHAMBURG262 IHAMBURG355 IHAMBURG1986
2017-08-20 21:09:56,511 INFO idw_p4_dt   1.619 n=3885
2017-08-20 21:09:56,512 INFO idw_p2_all  1.729 n=8761
2017-08-20 21:09:56,512 INFO idw_p3_cn5  1.922 n=8761
2017-08-20 21:09:56,512 INFO max_cn3     3.209 n=8761
2017-08-20 21:09:56,512 INFO nn          2.349 n=8761
2017-08-20 21:09:56,512 INFO min_cn3     1.210 n=8761
2017-08-20 21:09:56,512 INFO mean_dt     1.286 n=3885
2017-08-20 21:09:56,512 INFO min_all     4.755 n=8761
2017-08-20 21:09:56,512 INFO max_cn5     3.405 n=8761
2017-08-20 21:09:56,512 INFO mean_all    1.810 n=8761
2017-08-20 21:09:56,512 INFO idw_p1_cn3  1.829 n=8761
2017-08-20 21:09:56,513 INFO min_dt      1.367 n=3885
2017-08-20 21:09:56,513 INFO idw_p4_cn3  2.076 n=8761
2017-08-20 21:09:56,513 INFO mean_cn5    1.385 n=8761
2017-08-20 21:09:56,513 INFO idw_p2_dt   1.565 n=3885
2017-08-20 21:09:56,513 INFO idw_p1_all  1.776 n=8761
2017-08-20 21:09:56,513 INFO idw_p1_cn5  1.584 n=8761
2017-08-20 21:09:56,513 INFO max_all     15.978 n=8761
2017-08-20 21:09:56,513 INFO median_dt   1.483 n=3885
2017-08-20 21:09:56,513 INFO median_cn5  1.341 n=8761
2017-08-20 21:09:56,513 INFO median_all  1.621 n=8761
2017-08-20 21:09:56,513 INFO idw_p4_cn5  2.039 n=8761
2017-08-20 21:09:56,514 INFO idw_p3_cn3  1.994 n=8761
2017-08-20 21:09:56,514 INFO max_dt      2.314 n=3885
2017-08-20 21:09:56,514 INFO min_cn5     1.339 n=8761
2017-08-20 21:09:56,514 INFO mean_cn3    1.783 n=8761
2017-08-20 21:09:56,514 INFO idw_p1_dt   1.427 n=3885
2017-08-20 21:09:56,514 INFO eddh        0.970 n=8754
2017-08-20 21:09:56,514 INFO idw_p3_all  1.869 n=8761
2017-08-20 21:09:56,514 INFO idw_p2_cn3  1.905 n=8761
2017-08-20 21:09:56,514 INFO idw_p2_cn5  1.771 n=8761
2017-08-20 21:09:56,514 INFO idw_p4_all  2.017 n=8761
2017-08-20 21:09:56,514 INFO median_cn3  1.619 n=8761
2017-08-20 21:09:56,515 INFO idw_p3_dt   1.610 n=3885
2017-08-20 21:09:56,515 INFO end method list
2017-08-20 21:09:56,784 INFO interpolate for SGM
2017-08-20 21:09:56,784 INFO currently at 6 out of 10
2017-08-20 21:09:56,785 INFO use IHAMBURG1008 IHAMBURG168 IHAMBURG2029 IHAMBURG840 IHAMBURG1372 IHAMBURG600 IHAMBURG1208 IHAMBURG998 IHAMBURG81 IHAMBURG204 IHAMBURG640 IHAMBURG1316 ISCHENEF11 IHAMBURG990 ILBROSEN2 IHAMBURG1332 IHAMBURG1920 IHAMBURG1797 IHAMBURG1526 IHAMBURG1268 IHAMBURG84 IHAMBURG1142 IHAMBURG751 IHAMBURG1134 IWEDEL8 IHAMBURG1470 IHAMBURG1360 IHAMBURG1172 IHAMBURG149 IHAMBURG439 IHAMBURG280 IHAMBURG731 IHAMBURG2016 IHAMBURG1088 IHAMBURG1631 IHAMBURG1946 IHAMBURG1216 IHAMBURG1809 IHAMBURG192 IHAMBURG1144 IHAMBURG342 IHAMBURG1502 IHAMBURG450 IHAMBURG1691 IHAMBURG90 IHAMBURG1910 IHHCURSL2 IHAMBURG163 IHAMBURG286 IHAMBURG375 IHAMBURG1504 IHHEINLA2 IHAMBURG1427 IHAMBURG1586 IHAMBURG291 IHAMBURG924 IHAMBURG1314 IHAMBURG427 IHAMBURG1082 IHAMBURG1735 IHHSINST2 IHAMBURG1182 IHAMBURG123 IHAMBURG49 IHAMBURG2034 IHAMBURG1120 IHHWINTE4 IHAMBURG1058 IHAMBURG1755 IHAMBURG1929 IHAMBURG1234 IHHFARMS2 IHAMBURG935 IHAMBURG1377 IHAMBURG1870 INORDERS16 IHAMBURG1028 ILBALVES2 IHAMBURG1230 IHAMBURG405 IHAMBURG1759 IHAMBURG52 IHHOTTEN2 IHAMBURG951 IHAMBURG1973 IHAMBURG1124 IHAMBURG1202 IHAMBURG768 IHAMBURG1458 IHAMBURG1843 IHAMBURG146 IHAMBURG812 IHAMBURG2076 IHAMBURG1832 IHAMBURG279 IHAMBURG158 IHAMBURG205 IHAMBURG1156 IHAMBURG1326 IHAMBURG128 IHAMBURG119 IHHKLEIN2 IHAMBURG435 IHAMBURG1176 IHHWINTE2 IHAMBURG68 ISEEVETA74 IHHLANGE3 IHAMBURG82 IHAMBURG955 IHAMBURG1154 IHAMBURG787 IHAMBURG1548 IHAMBURG172 IHAMBURG2081 IHAMBURG620 IHAMBURG971 IHAMBURG1370 IHAMBURG214 IHAMBURG1945 IHAMBURG256 IHAMBURG1036 IHAMBURG367 IHAMBURG1697 IHHHAMBU2 IHAMBURG2017 IHAMBURG290 IHAMBURG1391 IHAMBURG138 IHAMBURG1098 IBNNINGS3 IHHOSDOR2 IHAMBURG1933 IHAMBURG1198 IHAMBURG1998 IHAMBURG988 IHHEIDEL4 IHAMBURG638 IHAMBURG2004 IHAMBURG209 IHAMBURG1389 IHAMBURG1681 IHAMBURG2026 IHAMBURG170 IHAMBURG402 IHAMBURG760 IHAMBURG2065 IHAMBURG1614 IHHSCHNE2 IHAMBURG1118 IHAMBURG42 IHAMBURG230 IHAMBURG1819 IHAMBURG797 IHAMBURG2043 IHAMBURG132 IHAMBURG239 IHAMBURG1773 IHAMBURG805 IHAMBURG1941 IHAMBURG1629 IHAMBURG32 IHAMBURG1932 IHAMBURG2088 IHAMBURG353 IHAMBURG2045 IHAMBURG398 IHAMBURG1864 IHAMBURG200 IHAMBURG900 IHAMBURG711 IHAMBURG2000 IHAMBURG1622 IHAMBURG1928 IHAMBURG336 IHAMBURG272 IAHRENSB13 IHAMBURG1368 IHHDOCKE2 IHAMBURG373 IHAMBURG517 IHAMBURG1379 IHAMBURG1805 IHHHINSC4 IHAMBURG1494 IHAMBURG910 IHAMBURG693 IHAMBURG150 IHAMBURG1923 IHAMBURG1248 IHAMBURG976 IHAMBURG2062 IHAMBURG1266 ILBHOOPT2 IHAMBURG2013 IHAMBURG1346 IHAMBURG531 IHAMBURG267 IHAMBURG1110 IHAMBURG527 IHAMBURG1915 IHHMARIE4 IHAMBURG53 IHAMBURG423 IHHEIDEL2 IHAMBURG61 IHAMBURG2066 IHAMBURG2030 IHAMBURG469 IHAMBURG863 IHAMBURG175 IHHEISSE2 IHAMBURG1988 IHAMBURG1236 IHAMBURG654 IHAMBURG1204 IHAMBURG2009 IHAMBURG1953 IHAMBURG594 IHAMBURG465 IHHNEUGR2 IHHMEIEN2 IHHHINSC2 IHAMBURG1985 IHAMBURG258 IHHFUHLS2 IHHNIEND2 IHAMBURG315 IHAMBURG2070 IHAMBURG1188 IHHHELLB2 IHAMBURG60 IHAMBURG118 IHAMBURG1950 IHAMBURG20 IHAMBURG1136 IHAMBURG598 IHAMBURG224 IHAMBURG1940 IHAMBURG2005 IHAMBURG329 IHAMBURG64 IHAMBURG169 IHAMBURG1411 IHAMBURG2010 IHAMBURG489 IHAMBURG1512 IHAMBURG404 IHAMBURG1785 IHAMBURG431 IHAMBURG335 IHAMBURG957 IHAMBURG99 IHAMBURG108 IHAMBURG674 IHHGRUEN2 IHAMBURG1220 IHAMBURG363 IHAMBURG1462 IHAMBURG243 IHHGROSS2 IHAMBURG162 IHAMBURG1837 IHAMBURG10 IHAMBURG499 IHAMBURG338 IHAMBURG1015 IHAMBURG479 ISEEVETA49 IHAMBURG1952 IHAMBURG316 IHAMBURG487 IHAMBURG938 IHAMBURG250 IHAMBURG1830 IHAMBURG1350 IHHRAHLS3 IHHWILHE2 IHAMBURG699 IHAMBURG628 IHAMBURG2018 IHAMBURG626 IHHSCHNE4 IHAMBURG41 IHAMBURG664 IHAMBURG2025 IHHSTEIL2 IHAMBURG1813 IHAMBURG2011 IHAMBURG475 IHAMBURG333 IHAMBURG277 IHAMBURG1753 IHAMBURG1282 IHAMBURG1709 IHAMBURG1044 IHAMBURG1112 IHAMBURG180 IHAMBURG1306 IHAMBURG410 IHAMBURG537 IHAMBURG1194 IHAMBURG1383 IHAMBURG1336 IHAMBURG963 IHAMBURG229 IHAMBURG1186 IHAMBURG1108 IHHSASEL2 IHAMBURG1052 IHAMBURG46 IHHEIDEL5 IHAMBURG723 IHHOHMOO2 IHAMBURG213 IHAMBURG1942 IHAMBURG215 IHAMBURG154 IHAMBURG2075 IHAMBURG1974 IHAMBURG184 IHAMBURG56 IHAMBURG1516 IHAMBURG1252 IHAMBURG1919 IHAMBURG1500 IHAMBURG1064 IHAMBURG1074 IHAMBURG340 IHAMBURG1298 IHHRISSE2 IHAMBURG656 IHAMBURG737 IHAMBURG1538 IHHFARMS3 IHAMBURG1212 IHAMBURG155 IHAMBURG219 IHAMBURG1068 IHAMBURG2039 IHHFUHLS3 IHAMBURG1789 IHAMBURG933 IHAMBURG1508 IWENTORF21 IHAMBURG1823 IHAMBURG1779 IHAMBURG136 IHAMBURG1602 IHAMBURG1671 IHAMBURG1880 IHAMBURG1342 IHAMBURG260 IHAMBURG242 IHAMBURG406 IHAMBURG400 IHAMBURG824 IHAMBURG114 IHAMBURG269 IHAMBURG497 IHAMBURG254 IHHMARIE5 IHAMBURG1918 IHHHAMBU4 IHAMBURG390 IHAMBURG1990 IHAMBURG1150 IHAMBURG1484 IHHLURUP2 IHAMBURG1106 IHAMBURG832 IHAMBURG1540 IHAMBURG2041 IHAMBURG592 IHAMBURG2052 IHAMBURG1296 IHHBARMB5 IHAMBURG452 IHAMBURG550 IHAMBURG376 IHAMBURG89 IHAMBURG684 IHHLOKST3 IHAMBURG152 IHAMBURG98 IHAMBURG1635 IHAMBURG515 IHAMBURG1791 IHAMBURG1092 IHAMBURG719 IHAMBURG270 IHAMBURG2031 IHAMBURG772 IHAMBURG446 IHAMBURG1421 IHAMBURG95 IHAMBURG1056 IHAMBURG1026 IHHHOHEN2 IHAMBURG441 IHAMBURG47 IHAMBURG456 IHAMBURG1200 IHHWELLI2 IHAMBURG206 INORDERS72 IHAMBURG1264 IHORN16 IHAMBURG1054 IHAMBURG144 IHAMBURG880 IHAMBURG1192 IHAMBURG867 IHAMBURG1582 IHAMBURG2072 IHAMBURG22 IHAMBURG762 IHAMBURG1284 IHAMBURG39 IHAMBURG2079 IHAMBURG630 IHHHAMBU5 IHAMBURG1308 IHHMARIE2 IHAMBURG190 IHAMBURG83 IHAMBURG153 IHAMBURG195 IHAMBURG610 IHAMBURG778 IHAMBURG93 IHAMBURG1086 IHAMBURG252 IHAMBURG289 IHAMBURG365 IHAMBURG1655 IHAMBURG104 IHAMBURG1164 IHAMBURG50 IHAMBURG1214 IHAMBURG262 IHAMBURG355 IHAMBURG1986
2017-08-20 21:36:39,967 INFO idw_p4_dt   1.330 n=8742
2017-08-20 21:36:39,968 INFO idw_p2_all  1.727 n=8783
2017-08-20 21:36:39,968 INFO idw_p3_cn5  1.379 n=8783
2017-08-20 21:36:39,968 INFO max_cn3     2.457 n=8783
2017-08-20 21:36:39,968 INFO idw_p4_all  1.389 n=8783
2017-08-20 21:36:39,968 INFO nn          1.590 n=8783
2017-08-20 21:36:39,968 INFO min_cn3     0.964 n=8783
2017-08-20 21:36:39,969 INFO mean_dt     1.453 n=8742
2017-08-20 21:36:39,969 INFO min_all     4.711 n=8783
2017-08-20 21:36:39,969 INFO max_cn5     2.691 n=8783
2017-08-20 21:36:39,969 INFO mean_all    1.818 n=8783
2017-08-20 21:36:39,969 INFO idw_p1_cn3  1.442 n=8783
2017-08-20 21:36:39,969 INFO eddh        0.740 n=8774
2017-08-20 21:36:39,969 INFO mean_cn5    1.520 n=8783
2017-08-20 21:36:39,969 INFO idw_p2_dt   1.309 n=8742
2017-08-20 21:36:39,969 INFO idw_p1_all  1.837 n=8783
2017-08-20 21:36:39,969 INFO idw_p1_cn5  1.478 n=8783
2017-08-20 21:36:39,969 INFO min_cn5     0.981 n=8783
2017-08-20 21:36:39,970 INFO median_dt   1.323 n=8742
2017-08-20 21:36:39,970 INFO median_cn5  1.352 n=8783
2017-08-20 21:36:39,970 INFO median_all  1.612 n=8783
2017-08-20 21:36:39,970 INFO idw_p4_cn5  1.356 n=8783
2017-08-20 21:36:39,970 INFO idw_p3_cn3  1.374 n=8783
2017-08-20 21:36:39,970 INFO max_dt      2.350 n=8742
2017-08-20 21:36:39,970 INFO min_dt      1.143 n=8742
2017-08-20 21:36:39,970 INFO mean_cn3    1.481 n=8783
2017-08-20 21:36:39,970 INFO idw_p1_dt   1.336 n=8742
2017-08-20 21:36:39,970 INFO idw_p4_cn3  1.359 n=8783
2017-08-20 21:36:39,970 INFO idw_p3_all  1.511 n=8783
2017-08-20 21:36:39,971 INFO idw_p2_cn3  1.402 n=8783
2017-08-20 21:36:39,971 INFO idw_p2_cn5  1.422 n=8783
2017-08-20 21:36:39,971 INFO max_all     15.974 n=8783
2017-08-20 21:36:39,971 INFO median_cn3  1.271 n=8783
2017-08-20 21:36:39,971 INFO idw_p3_dt   1.318 n=8742
2017-08-20 21:36:39,971 INFO end method list
2017-08-20 21:36:40,242 INFO interpolate for SWM
2017-08-20 21:36:40,242 INFO currently at 7 out of 10
2017-08-20 21:36:40,243 INFO use IHAMBURG1008 IHAMBURG168 IHAMBURG2029 IHAMBURG840 IHAMBURG1372 IHAMBURG600 IHAMBURG1208 IHAMBURG998 IHAMBURG81 IHAMBURG204 IHAMBURG640 IHAMBURG1316 ISCHENEF11 IHAMBURG990 ILBROSEN2 IHAMBURG1332 IHAMBURG1920 IHAMBURG1797 IHAMBURG1526 IHAMBURG1268 IHAMBURG84 IHAMBURG1142 IHAMBURG751 IHAMBURG1134 IWEDEL8 IHAMBURG1470 IHAMBURG1360 IHAMBURG1172 IHAMBURG149 IHAMBURG439 IHAMBURG280 IHAMBURG731 IHAMBURG2016 IHAMBURG1088 IHAMBURG1631 IHAMBURG1946 IHAMBURG1216 IHAMBURG1809 IHAMBURG192 IHAMBURG1144 IHAMBURG342 IHAMBURG1502 IHAMBURG450 IHAMBURG1691 IHAMBURG90 IHAMBURG1910 IHHCURSL2 IHAMBURG163 IHAMBURG286 IHAMBURG375 IHAMBURG1504 IHHEINLA2 IHAMBURG1427 IHAMBURG1586 IHAMBURG291 IHAMBURG924 IHAMBURG1314 IHAMBURG427 IHAMBURG1082 IHAMBURG1735 IHHSINST2 IHAMBURG1182 IHAMBURG123 IHAMBURG49 IHAMBURG2034 IHAMBURG1120 IHHWINTE4 IHAMBURG1058 IHAMBURG1755 IHAMBURG1929 IHAMBURG1234 IHHFARMS2 IHAMBURG935 IHAMBURG1377 IHAMBURG1870 INORDERS16 IHAMBURG1028 ILBALVES2 IHAMBURG1230 IHAMBURG405 IHAMBURG1759 IHAMBURG52 IHHOTTEN2 IHAMBURG951 IHAMBURG1973 IHAMBURG1124 IHAMBURG1202 IHAMBURG768 IHAMBURG1458 IHAMBURG1843 IHAMBURG146 IHAMBURG812 IHAMBURG2076 IHAMBURG1832 IHAMBURG279 IHAMBURG158 IHAMBURG205 IHAMBURG1156 IHAMBURG1326 IHAMBURG128 IHAMBURG119 IHHKLEIN2 IHAMBURG435 IHAMBURG1176 IHHWINTE2 IHAMBURG68 ISEEVETA74 IHHLANGE3 IHAMBURG82 IHAMBURG955 IHAMBURG1154 IHAMBURG787 IHAMBURG1548 IHAMBURG172 IHAMBURG2081 IHAMBURG620 IHAMBURG971 IHAMBURG1370 IHAMBURG214 IHAMBURG1945 IHAMBURG256 IHAMBURG1036 IHAMBURG367 IHAMBURG1697 IHHHAMBU2 IHAMBURG2017 IHAMBURG290 IHAMBURG1391 IHAMBURG138 IHAMBURG1098 IBNNINGS3 IHHOSDOR2 IHAMBURG1933 IHAMBURG1198 IHAMBURG1998 IHAMBURG988 IHHEIDEL4 IHAMBURG638 IHAMBURG2004 IHAMBURG209 IHAMBURG1389 IHAMBURG1681 IHAMBURG2026 IHAMBURG170 IHAMBURG402 IHAMBURG760 IHAMBURG2065 IHAMBURG1614 IHHSCHNE2 IHAMBURG1118 IHAMBURG42 IHAMBURG230 IHAMBURG1819 IHAMBURG797 IHAMBURG2043 IHAMBURG132 IHAMBURG239 IHAMBURG1773 IHAMBURG805 IHAMBURG1941 IHAMBURG1629 IHAMBURG32 IHAMBURG1932 IHAMBURG2088 IHAMBURG353 IHAMBURG2045 IHAMBURG398 IHAMBURG1864 IHAMBURG200 IHAMBURG900 IHAMBURG711 IHAMBURG2000 IHAMBURG1622 IHAMBURG1928 IHAMBURG336 IHAMBURG272 IAHRENSB13 IHAMBURG1368 IHHDOCKE2 IHAMBURG373 IHAMBURG517 IHAMBURG1379 IHAMBURG1805 IHHHINSC4 IHAMBURG1494 IHAMBURG910 IHAMBURG693 IHAMBURG150 IHAMBURG1923 IHAMBURG1248 IHAMBURG976 IHAMBURG2062 IHAMBURG1266 ILBHOOPT2 IHAMBURG2013 IHAMBURG1346 IHAMBURG531 IHAMBURG267 IHAMBURG1110 IHAMBURG527 IHAMBURG1915 IHHMARIE4 IHAMBURG53 IHAMBURG423 IHHEIDEL2 IHAMBURG61 IHAMBURG2066 IHAMBURG2030 IHAMBURG469 IHAMBURG863 IHAMBURG175 IHHEISSE2 IHAMBURG1988 IHAMBURG1236 IHAMBURG654 IHAMBURG1204 IHAMBURG2009 IHAMBURG1953 IHAMBURG594 IHAMBURG465 IHHNEUGR2 IHHMEIEN2 IHHHINSC2 IHAMBURG1985 IHAMBURG258 IHHFUHLS2 IHHNIEND2 IHAMBURG315 IHAMBURG2070 IHAMBURG1188 IHHHELLB2 IHAMBURG60 IHAMBURG118 IHAMBURG1950 IHAMBURG20 IHAMBURG1136 IHAMBURG598 IHAMBURG224 IHAMBURG1940 IHAMBURG2005 IHAMBURG329 IHAMBURG64 IHAMBURG169 IHAMBURG1411 IHAMBURG2010 IHAMBURG489 IHAMBURG1512 IHAMBURG404 IHAMBURG1785 IHAMBURG431 IHAMBURG335 IHAMBURG957 IHAMBURG99 IHAMBURG108 IHAMBURG674 IHHGRUEN2 IHAMBURG1220 IHAMBURG363 IHAMBURG1462 IHAMBURG243 IHHGROSS2 IHAMBURG162 IHAMBURG1837 IHAMBURG10 IHAMBURG499 IHAMBURG338 IHAMBURG1015 IHAMBURG479 ISEEVETA49 IHAMBURG1952 IHAMBURG316 IHAMBURG487 IHAMBURG938 IHAMBURG250 IHAMBURG1830 IHAMBURG1350 IHHRAHLS3 IHHWILHE2 IHAMBURG699 IHAMBURG628 IHAMBURG2018 IHAMBURG626 IHHSCHNE4 IHAMBURG41 IHAMBURG664 IHAMBURG2025 IHHSTEIL2 IHAMBURG1813 IHAMBURG2011 IHAMBURG475 IHAMBURG333 IHAMBURG277 IHAMBURG1753 IHAMBURG1282 IHAMBURG1709 IHAMBURG1044 IHAMBURG1112 IHAMBURG180 IHAMBURG1306 IHAMBURG410 IHAMBURG537 IHAMBURG1194 IHAMBURG1383 IHAMBURG1336 IHAMBURG963 IHAMBURG229 IHAMBURG1186 IHAMBURG1108 IHHSASEL2 IHAMBURG1052 IHAMBURG46 IHHEIDEL5 IHAMBURG723 IHHOHMOO2 IHAMBURG213 IHAMBURG1942 IHAMBURG215 IHAMBURG154 IHAMBURG2075 IHAMBURG1974 IHAMBURG184 IHAMBURG56 IHAMBURG1516 IHAMBURG1252 IHAMBURG1919 IHAMBURG1500 IHAMBURG1064 IHAMBURG1074 IHAMBURG340 IHAMBURG1298 IHHRISSE2 IHAMBURG656 IHAMBURG737 IHAMBURG1538 IHHFARMS3 IHAMBURG1212 IHAMBURG155 IHAMBURG219 IHAMBURG1068 IHAMBURG2039 IHHFUHLS3 IHAMBURG1789 IHAMBURG933 IHAMBURG1508 IWENTORF21 IHAMBURG1823 IHAMBURG1779 IHAMBURG136 IHAMBURG1602 IHAMBURG1671 IHAMBURG1880 IHAMBURG1342 IHAMBURG260 IHAMBURG242 IHAMBURG406 IHAMBURG400 IHAMBURG824 IHAMBURG114 IHAMBURG269 IHAMBURG497 IHAMBURG254 IHHMARIE5 IHAMBURG1918 IHHHAMBU4 IHAMBURG390 IHAMBURG1990 IHAMBURG1150 IHAMBURG1484 IHHLURUP2 IHAMBURG1106 IHAMBURG832 IHAMBURG1540 IHAMBURG2041 IHAMBURG592 IHAMBURG2052 IHAMBURG1296 IHHBARMB5 IHAMBURG452 IHAMBURG550 IHAMBURG376 IHAMBURG89 IHAMBURG684 IHHLOKST3 IHAMBURG152 IHAMBURG98 IHAMBURG1635 IHAMBURG515 IHAMBURG1791 IHAMBURG1092 IHAMBURG719 IHAMBURG270 IHAMBURG2031 IHAMBURG772 IHAMBURG446 IHAMBURG1421 IHAMBURG95 IHAMBURG1056 IHAMBURG1026 IHHHOHEN2 IHAMBURG441 IHAMBURG47 IHAMBURG456 IHAMBURG1200 IHHWELLI2 IHAMBURG206 INORDERS72 IHAMBURG1264 IHORN16 IHAMBURG1054 IHAMBURG144 IHAMBURG880 IHAMBURG1192 IHAMBURG867 IHAMBURG1582 IHAMBURG2072 IHAMBURG22 IHAMBURG762 IHAMBURG1284 IHAMBURG39 IHAMBURG2079 IHAMBURG630 IHHHAMBU5 IHAMBURG1308 IHHMARIE2 IHAMBURG190 IHAMBURG83 IHAMBURG153 IHAMBURG195 IHAMBURG610 IHAMBURG778 IHAMBURG93 IHAMBURG1086 IHAMBURG252 IHAMBURG289 IHAMBURG365 IHAMBURG1655 IHAMBURG104 IHAMBURG1164 IHAMBURG50 IHAMBURG1214 IHAMBURG262 IHAMBURG355 IHAMBURG1986
2017-08-20 22:03:23,880 INFO idw_p4_dt   1.484 n=8655
2017-08-20 22:03:23,880 INFO idw_p2_all  1.553 n=8699
2017-08-20 22:03:23,881 INFO idw_p3_cn5  1.487 n=8699
2017-08-20 22:03:23,881 INFO max_cn3     3.692 n=8699
2017-08-20 22:03:23,881 INFO idw_p4_all  1.488 n=8699
2017-08-20 22:03:23,881 INFO nn          1.814 n=8699
2017-08-20 22:03:23,881 INFO min_cn3     0.774 n=8699
2017-08-20 22:03:23,881 INFO mean_dt     1.435 n=8655
2017-08-20 22:03:23,881 INFO min_all     4.775 n=8699
2017-08-20 22:03:23,881 INFO max_cn5     4.878 n=8699
2017-08-20 22:03:23,881 INFO mean_all    1.577 n=8699
2017-08-20 22:03:23,881 INFO idw_p1_cn3  1.598 n=8699
2017-08-20 22:03:23,881 INFO eddh        0.671 n=8688
2017-08-20 22:03:23,882 INFO mean_cn5    1.745 n=8699
2017-08-20 22:03:23,882 INFO idw_p2_dt   1.428 n=8655
2017-08-20 22:03:23,882 INFO idw_p1_all  1.597 n=8699
2017-08-20 22:03:23,882 INFO idw_p1_cn5  1.599 n=8699
2017-08-20 22:03:23,882 INFO min_cn5     0.963 n=8699
2017-08-20 22:03:23,882 INFO median_dt   1.402 n=8655
2017-08-20 22:03:23,882 INFO median_cn5  1.333 n=8699
2017-08-20 22:03:23,882 INFO median_all  1.343 n=8699
2017-08-20 22:03:23,882 INFO idw_p4_cn5  1.494 n=8699
2017-08-20 22:03:23,882 INFO idw_p3_cn3  1.490 n=8699
2017-08-20 22:03:23,882 INFO max_dt      2.470 n=8655
2017-08-20 22:03:23,883 INFO min_dt      0.958 n=8655
2017-08-20 22:03:23,883 INFO mean_cn3    1.791 n=8699
2017-08-20 22:03:23,883 INFO idw_p1_dt   1.408 n=8655
2017-08-20 22:03:23,883 INFO idw_p4_cn3  1.497 n=8699
2017-08-20 22:03:23,883 INFO idw_p3_all  1.492 n=8699
2017-08-20 22:03:23,883 INFO idw_p2_cn3  1.512 n=8699
2017-08-20 22:03:23,883 INFO idw_p2_cn5  1.512 n=8699
2017-08-20 22:03:23,883 INFO max_all     15.853 n=8699
2017-08-20 22:03:23,883 INFO median_cn3  1.476 n=8699
2017-08-20 22:03:23,883 INFO idw_p3_dt   1.456 n=8655
2017-08-20 22:03:23,883 INFO end method list
2017-08-20 22:03:24,152 INFO interpolate for WGM
2017-08-20 22:03:24,153 INFO currently at 8 out of 10
2017-08-20 22:03:24,153 INFO use IHAMBURG1008 IHAMBURG168 IHAMBURG2029 IHAMBURG840 IHAMBURG1372 IHAMBURG600 IHAMBURG1208 IHAMBURG998 IHAMBURG81 IHAMBURG204 IHAMBURG640 IHAMBURG1316 ISCHENEF11 IHAMBURG990 ILBROSEN2 IHAMBURG1332 IHAMBURG1920 IHAMBURG1797 IHAMBURG1526 IHAMBURG1268 IHAMBURG84 IHAMBURG1142 IHAMBURG751 IHAMBURG1134 IWEDEL8 IHAMBURG1470 IHAMBURG1360 IHAMBURG1172 IHAMBURG149 IHAMBURG439 IHAMBURG280 IHAMBURG731 IHAMBURG2016 IHAMBURG1088 IHAMBURG1631 IHAMBURG1946 IHAMBURG1216 IHAMBURG1809 IHAMBURG192 IHAMBURG1144 IHAMBURG342 IHAMBURG1502 IHAMBURG450 IHAMBURG1691 IHAMBURG90 IHAMBURG1910 IHHCURSL2 IHAMBURG163 IHAMBURG286 IHAMBURG375 IHAMBURG1504 IHHEINLA2 IHAMBURG1427 IHAMBURG1586 IHAMBURG291 IHAMBURG924 IHAMBURG1314 IHAMBURG427 IHAMBURG1082 IHAMBURG1735 IHHSINST2 IHAMBURG1182 IHAMBURG123 IHAMBURG49 IHAMBURG2034 IHAMBURG1120 IHHWINTE4 IHAMBURG1058 IHAMBURG1755 IHAMBURG1929 IHAMBURG1234 IHHFARMS2 IHAMBURG935 IHAMBURG1377 IHAMBURG1870 INORDERS16 IHAMBURG1028 ILBALVES2 IHAMBURG1230 IHAMBURG405 IHAMBURG1759 IHAMBURG52 IHHOTTEN2 IHAMBURG951 IHAMBURG1973 IHAMBURG1124 IHAMBURG1202 IHAMBURG768 IHAMBURG1458 IHAMBURG1843 IHAMBURG146 IHAMBURG812 IHAMBURG2076 IHAMBURG1832 IHAMBURG279 IHAMBURG158 IHAMBURG205 IHAMBURG1156 IHAMBURG1326 IHAMBURG128 IHAMBURG119 IHHKLEIN2 IHAMBURG435 IHAMBURG1176 IHHWINTE2 IHAMBURG68 ISEEVETA74 IHHLANGE3 IHAMBURG82 IHAMBURG955 IHAMBURG1154 IHAMBURG787 IHAMBURG1548 IHAMBURG172 IHAMBURG2081 IHAMBURG620 IHAMBURG971 IHAMBURG1370 IHAMBURG214 IHAMBURG1945 IHAMBURG256 IHAMBURG1036 IHAMBURG367 IHAMBURG1697 IHHHAMBU2 IHAMBURG2017 IHAMBURG290 IHAMBURG1391 IHAMBURG138 IHAMBURG1098 IBNNINGS3 IHHOSDOR2 IHAMBURG1933 IHAMBURG1198 IHAMBURG1998 IHAMBURG988 IHHEIDEL4 IHAMBURG638 IHAMBURG2004 IHAMBURG209 IHAMBURG1389 IHAMBURG1681 IHAMBURG2026 IHAMBURG170 IHAMBURG402 IHAMBURG760 IHAMBURG2065 IHAMBURG1614 IHHSCHNE2 IHAMBURG1118 IHAMBURG42 IHAMBURG230 IHAMBURG1819 IHAMBURG797 IHAMBURG2043 IHAMBURG132 IHAMBURG239 IHAMBURG1773 IHAMBURG805 IHAMBURG1941 IHAMBURG1629 IHAMBURG32 IHAMBURG1932 IHAMBURG2088 IHAMBURG353 IHAMBURG2045 IHAMBURG398 IHAMBURG1864 IHAMBURG200 IHAMBURG900 IHAMBURG711 IHAMBURG2000 IHAMBURG1622 IHAMBURG1928 IHAMBURG336 IHAMBURG272 IAHRENSB13 IHAMBURG1368 IHHDOCKE2 IHAMBURG373 IHAMBURG517 IHAMBURG1379 IHAMBURG1805 IHHHINSC4 IHAMBURG1494 IHAMBURG910 IHAMBURG693 IHAMBURG150 IHAMBURG1923 IHAMBURG1248 IHAMBURG976 IHAMBURG2062 IHAMBURG1266 ILBHOOPT2 IHAMBURG2013 IHAMBURG1346 IHAMBURG531 IHAMBURG267 IHAMBURG1110 IHAMBURG527 IHAMBURG1915 IHHMARIE4 IHAMBURG53 IHAMBURG423 IHHEIDEL2 IHAMBURG61 IHAMBURG2066 IHAMBURG2030 IHAMBURG469 IHAMBURG863 IHAMBURG175 IHHEISSE2 IHAMBURG1988 IHAMBURG1236 IHAMBURG654 IHAMBURG1204 IHAMBURG2009 IHAMBURG1953 IHAMBURG594 IHAMBURG465 IHHNEUGR2 IHHMEIEN2 IHHHINSC2 IHAMBURG1985 IHAMBURG258 IHHFUHLS2 IHHNIEND2 IHAMBURG315 IHAMBURG2070 IHAMBURG1188 IHHHELLB2 IHAMBURG60 IHAMBURG118 IHAMBURG1950 IHAMBURG20 IHAMBURG1136 IHAMBURG598 IHAMBURG224 IHAMBURG1940 IHAMBURG2005 IHAMBURG329 IHAMBURG64 IHAMBURG169 IHAMBURG1411 IHAMBURG2010 IHAMBURG489 IHAMBURG1512 IHAMBURG404 IHAMBURG1785 IHAMBURG431 IHAMBURG335 IHAMBURG957 IHAMBURG99 IHAMBURG108 IHAMBURG674 IHHGRUEN2 IHAMBURG1220 IHAMBURG363 IHAMBURG1462 IHAMBURG243 IHHGROSS2 IHAMBURG162 IHAMBURG1837 IHAMBURG10 IHAMBURG499 IHAMBURG338 IHAMBURG1015 IHAMBURG479 ISEEVETA49 IHAMBURG1952 IHAMBURG316 IHAMBURG487 IHAMBURG938 IHAMBURG250 IHAMBURG1830 IHAMBURG1350 IHHRAHLS3 IHHWILHE2 IHAMBURG699 IHAMBURG628 IHAMBURG2018 IHAMBURG626 IHHSCHNE4 IHAMBURG41 IHAMBURG664 IHAMBURG2025 IHHSTEIL2 IHAMBURG1813 IHAMBURG2011 IHAMBURG475 IHAMBURG333 IHAMBURG277 IHAMBURG1753 IHAMBURG1282 IHAMBURG1709 IHAMBURG1044 IHAMBURG1112 IHAMBURG180 IHAMBURG1306 IHAMBURG410 IHAMBURG537 IHAMBURG1194 IHAMBURG1383 IHAMBURG1336 IHAMBURG963 IHAMBURG229 IHAMBURG1186 IHAMBURG1108 IHHSASEL2 IHAMBURG1052 IHAMBURG46 IHHEIDEL5 IHAMBURG723 IHHOHMOO2 IHAMBURG213 IHAMBURG1942 IHAMBURG215 IHAMBURG154 IHAMBURG2075 IHAMBURG1974 IHAMBURG184 IHAMBURG56 IHAMBURG1516 IHAMBURG1252 IHAMBURG1919 IHAMBURG1500 IHAMBURG1064 IHAMBURG1074 IHAMBURG340 IHAMBURG1298 IHHRISSE2 IHAMBURG656 IHAMBURG737 IHAMBURG1538 IHHFARMS3 IHAMBURG1212 IHAMBURG155 IHAMBURG219 IHAMBURG1068 IHAMBURG2039 IHHFUHLS3 IHAMBURG1789 IHAMBURG933 IHAMBURG1508 IWENTORF21 IHAMBURG1823 IHAMBURG1779 IHAMBURG136 IHAMBURG1602 IHAMBURG1671 IHAMBURG1880 IHAMBURG1342 IHAMBURG260 IHAMBURG242 IHAMBURG406 IHAMBURG400 IHAMBURG824 IHAMBURG114 IHAMBURG269 IHAMBURG497 IHAMBURG254 IHHMARIE5 IHAMBURG1918 IHHHAMBU4 IHAMBURG390 IHAMBURG1990 IHAMBURG1150 IHAMBURG1484 IHHLURUP2 IHAMBURG1106 IHAMBURG832 IHAMBURG1540 IHAMBURG2041 IHAMBURG592 IHAMBURG2052 IHAMBURG1296 IHHBARMB5 IHAMBURG452 IHAMBURG550 IHAMBURG376 IHAMBURG89 IHAMBURG684 IHHLOKST3 IHAMBURG152 IHAMBURG98 IHAMBURG1635 IHAMBURG515 IHAMBURG1791 IHAMBURG1092 IHAMBURG719 IHAMBURG270 IHAMBURG2031 IHAMBURG772 IHAMBURG446 IHAMBURG1421 IHAMBURG95 IHAMBURG1056 IHAMBURG1026 IHHHOHEN2 IHAMBURG441 IHAMBURG47 IHAMBURG456 IHAMBURG1200 IHHWELLI2 IHAMBURG206 INORDERS72 IHAMBURG1264 IHORN16 IHAMBURG1054 IHAMBURG144 IHAMBURG880 IHAMBURG1192 IHAMBURG867 IHAMBURG1582 IHAMBURG2072 IHAMBURG22 IHAMBURG762 IHAMBURG1284 IHAMBURG39 IHAMBURG2079 IHAMBURG630 IHHHAMBU5 IHAMBURG1308 IHHMARIE2 IHAMBURG190 IHAMBURG83 IHAMBURG153 IHAMBURG195 IHAMBURG610 IHAMBURG778 IHAMBURG93 IHAMBURG1086 IHAMBURG252 IHAMBURG289 IHAMBURG365 IHAMBURG1655 IHAMBURG104 IHAMBURG1164 IHAMBURG50 IHAMBURG1214 IHAMBURG262 IHAMBURG355 IHAMBURG1986
2017-08-20 22:30:09,329 INFO idw_p4_dt   1.053 n=8685
2017-08-20 22:30:09,330 INFO idw_p2_all  1.205 n=8760
2017-08-20 22:30:09,330 INFO idw_p3_cn5  1.039 n=8760
2017-08-20 22:30:09,330 INFO max_cn3     1.911 n=8760
2017-08-20 22:30:09,331 INFO idw_p4_all  1.059 n=8760
2017-08-20 22:30:09,331 INFO nn          1.080 n=8760
2017-08-20 22:30:09,331 INFO min_cn3     0.826 n=8760
2017-08-20 22:30:09,331 INFO mean_dt     1.053 n=8685
2017-08-20 22:30:09,331 INFO min_all     4.945 n=8760
2017-08-20 22:30:09,331 INFO max_cn5     3.279 n=8760
2017-08-20 22:30:09,331 INFO mean_all    1.480 n=8760
2017-08-20 22:30:09,331 INFO idw_p1_cn3  0.958 n=8760
2017-08-20 22:30:09,331 INFO eddh        0.894 n=8747
2017-08-20 22:30:09,331 INFO mean_cn5    1.401 n=8760
2017-08-20 22:30:09,331 INFO idw_p2_dt   0.998 n=8685
2017-08-20 22:30:09,332 INFO idw_p1_all  1.497 n=8760
2017-08-20 22:30:09,332 INFO idw_p1_cn5  1.094 n=8760
2017-08-20 22:30:09,332 INFO min_cn5     0.838 n=8760
2017-08-20 22:30:09,332 INFO median_dt   1.048 n=8685
2017-08-20 22:30:09,332 INFO median_cn5  1.254 n=8760
2017-08-20 22:30:09,332 INFO median_all  1.274 n=8760
2017-08-20 22:30:09,332 INFO idw_p4_cn5  1.061 n=8760
2017-08-20 22:30:09,332 INFO idw_p3_cn3  1.037 n=8760
2017-08-20 22:30:09,332 INFO max_dt      1.986 n=8685
2017-08-20 22:30:09,332 INFO min_dt      0.802 n=8685
2017-08-20 22:30:09,332 INFO mean_cn3    1.017 n=8760
2017-08-20 22:30:09,332 INFO idw_p1_dt   0.965 n=8685
2017-08-20 22:30:09,333 INFO idw_p4_cn3  1.062 n=8760
2017-08-20 22:30:09,333 INFO idw_p3_all  1.051 n=8760
2017-08-20 22:30:09,333 INFO idw_p2_cn3  0.994 n=8760
2017-08-20 22:30:09,333 INFO idw_p2_cn5  1.017 n=8760
2017-08-20 22:30:09,333 INFO max_all     15.636 n=8760
2017-08-20 22:30:09,333 INFO median_cn3  0.987 n=8760
2017-08-20 22:30:09,333 INFO idw_p3_dt   1.033 n=8685
2017-08-20 22:30:09,333 INFO end method list
2017-08-20 22:30:09,602 INFO interpolate for WWM
2017-08-20 22:30:09,603 INFO currently at 9 out of 10
2017-08-20 22:30:09,603 INFO use IHAMBURG1008 IHAMBURG168 IHAMBURG2029 IHAMBURG840 IHAMBURG1372 IHAMBURG600 IHAMBURG1208 IHAMBURG998 IHAMBURG81 IHAMBURG204 IHAMBURG640 IHAMBURG1316 ISCHENEF11 IHAMBURG990 ILBROSEN2 IHAMBURG1332 IHAMBURG1920 IHAMBURG1797 IHAMBURG1526 IHAMBURG1268 IHAMBURG84 IHAMBURG1142 IHAMBURG751 IHAMBURG1134 IWEDEL8 IHAMBURG1470 IHAMBURG1360 IHAMBURG1172 IHAMBURG149 IHAMBURG439 IHAMBURG280 IHAMBURG731 IHAMBURG2016 IHAMBURG1088 IHAMBURG1631 IHAMBURG1946 IHAMBURG1216 IHAMBURG1809 IHAMBURG192 IHAMBURG1144 IHAMBURG342 IHAMBURG1502 IHAMBURG450 IHAMBURG1691 IHAMBURG90 IHAMBURG1910 IHHCURSL2 IHAMBURG163 IHAMBURG286 IHAMBURG375 IHAMBURG1504 IHHEINLA2 IHAMBURG1427 IHAMBURG1586 IHAMBURG291 IHAMBURG924 IHAMBURG1314 IHAMBURG427 IHAMBURG1082 IHAMBURG1735 IHHSINST2 IHAMBURG1182 IHAMBURG123 IHAMBURG49 IHAMBURG2034 IHAMBURG1120 IHHWINTE4 IHAMBURG1058 IHAMBURG1755 IHAMBURG1929 IHAMBURG1234 IHHFARMS2 IHAMBURG935 IHAMBURG1377 IHAMBURG1870 INORDERS16 IHAMBURG1028 ILBALVES2 IHAMBURG1230 IHAMBURG405 IHAMBURG1759 IHAMBURG52 IHHOTTEN2 IHAMBURG951 IHAMBURG1973 IHAMBURG1124 IHAMBURG1202 IHAMBURG768 IHAMBURG1458 IHAMBURG1843 IHAMBURG146 IHAMBURG812 IHAMBURG2076 IHAMBURG1832 IHAMBURG279 IHAMBURG158 IHAMBURG205 IHAMBURG1156 IHAMBURG1326 IHAMBURG128 IHAMBURG119 IHHKLEIN2 IHAMBURG435 IHAMBURG1176 IHHWINTE2 IHAMBURG68 ISEEVETA74 IHHLANGE3 IHAMBURG82 IHAMBURG955 IHAMBURG1154 IHAMBURG787 IHAMBURG1548 IHAMBURG172 IHAMBURG2081 IHAMBURG620 IHAMBURG971 IHAMBURG1370 IHAMBURG214 IHAMBURG1945 IHAMBURG256 IHAMBURG1036 IHAMBURG367 IHAMBURG1697 IHHHAMBU2 IHAMBURG2017 IHAMBURG290 IHAMBURG1391 IHAMBURG138 IHAMBURG1098 IBNNINGS3 IHHOSDOR2 IHAMBURG1933 IHAMBURG1198 IHAMBURG1998 IHAMBURG988 IHHEIDEL4 IHAMBURG638 IHAMBURG2004 IHAMBURG209 IHAMBURG1389 IHAMBURG1681 IHAMBURG2026 IHAMBURG170 IHAMBURG402 IHAMBURG760 IHAMBURG2065 IHAMBURG1614 IHHSCHNE2 IHAMBURG1118 IHAMBURG42 IHAMBURG230 IHAMBURG1819 IHAMBURG797 IHAMBURG2043 IHAMBURG132 IHAMBURG239 IHAMBURG1773 IHAMBURG805 IHAMBURG1941 IHAMBURG1629 IHAMBURG32 IHAMBURG1932 IHAMBURG2088 IHAMBURG353 IHAMBURG2045 IHAMBURG398 IHAMBURG1864 IHAMBURG200 IHAMBURG900 IHAMBURG711 IHAMBURG2000 IHAMBURG1622 IHAMBURG1928 IHAMBURG336 IHAMBURG272 IAHRENSB13 IHAMBURG1368 IHHDOCKE2 IHAMBURG373 IHAMBURG517 IHAMBURG1379 IHAMBURG1805 IHHHINSC4 IHAMBURG1494 IHAMBURG910 IHAMBURG693 IHAMBURG150 IHAMBURG1923 IHAMBURG1248 IHAMBURG976 IHAMBURG2062 IHAMBURG1266 ILBHOOPT2 IHAMBURG2013 IHAMBURG1346 IHAMBURG531 IHAMBURG267 IHAMBURG1110 IHAMBURG527 IHAMBURG1915 IHHMARIE4 IHAMBURG53 IHAMBURG423 IHHEIDEL2 IHAMBURG61 IHAMBURG2066 IHAMBURG2030 IHAMBURG469 IHAMBURG863 IHAMBURG175 IHHEISSE2 IHAMBURG1988 IHAMBURG1236 IHAMBURG654 IHAMBURG1204 IHAMBURG2009 IHAMBURG1953 IHAMBURG594 IHAMBURG465 IHHNEUGR2 IHHMEIEN2 IHHHINSC2 IHAMBURG1985 IHAMBURG258 IHHFUHLS2 IHHNIEND2 IHAMBURG315 IHAMBURG2070 IHAMBURG1188 IHHHELLB2 IHAMBURG60 IHAMBURG118 IHAMBURG1950 IHAMBURG20 IHAMBURG1136 IHAMBURG598 IHAMBURG224 IHAMBURG1940 IHAMBURG2005 IHAMBURG329 IHAMBURG64 IHAMBURG169 IHAMBURG1411 IHAMBURG2010 IHAMBURG489 IHAMBURG1512 IHAMBURG404 IHAMBURG1785 IHAMBURG431 IHAMBURG335 IHAMBURG957 IHAMBURG99 IHAMBURG108 IHAMBURG674 IHHGRUEN2 IHAMBURG1220 IHAMBURG363 IHAMBURG1462 IHAMBURG243 IHHGROSS2 IHAMBURG162 IHAMBURG1837 IHAMBURG10 IHAMBURG499 IHAMBURG338 IHAMBURG1015 IHAMBURG479 ISEEVETA49 IHAMBURG1952 IHAMBURG316 IHAMBURG487 IHAMBURG938 IHAMBURG250 IHAMBURG1830 IHAMBURG1350 IHHRAHLS3 IHHWILHE2 IHAMBURG699 IHAMBURG628 IHAMBURG2018 IHAMBURG626 IHHSCHNE4 IHAMBURG41 IHAMBURG664 IHAMBURG2025 IHHSTEIL2 IHAMBURG1813 IHAMBURG2011 IHAMBURG475 IHAMBURG333 IHAMBURG277 IHAMBURG1753 IHAMBURG1282 IHAMBURG1709 IHAMBURG1044 IHAMBURG1112 IHAMBURG180 IHAMBURG1306 IHAMBURG410 IHAMBURG537 IHAMBURG1194 IHAMBURG1383 IHAMBURG1336 IHAMBURG963 IHAMBURG229 IHAMBURG1186 IHAMBURG1108 IHHSASEL2 IHAMBURG1052 IHAMBURG46 IHHEIDEL5 IHAMBURG723 IHHOHMOO2 IHAMBURG213 IHAMBURG1942 IHAMBURG215 IHAMBURG154 IHAMBURG2075 IHAMBURG1974 IHAMBURG184 IHAMBURG56 IHAMBURG1516 IHAMBURG1252 IHAMBURG1919 IHAMBURG1500 IHAMBURG1064 IHAMBURG1074 IHAMBURG340 IHAMBURG1298 IHHRISSE2 IHAMBURG656 IHAMBURG737 IHAMBURG1538 IHHFARMS3 IHAMBURG1212 IHAMBURG155 IHAMBURG219 IHAMBURG1068 IHAMBURG2039 IHHFUHLS3 IHAMBURG1789 IHAMBURG933 IHAMBURG1508 IWENTORF21 IHAMBURG1823 IHAMBURG1779 IHAMBURG136 IHAMBURG1602 IHAMBURG1671 IHAMBURG1880 IHAMBURG1342 IHAMBURG260 IHAMBURG242 IHAMBURG406 IHAMBURG400 IHAMBURG824 IHAMBURG114 IHAMBURG269 IHAMBURG497 IHAMBURG254 IHHMARIE5 IHAMBURG1918 IHHHAMBU4 IHAMBURG390 IHAMBURG1990 IHAMBURG1150 IHAMBURG1484 IHHLURUP2 IHAMBURG1106 IHAMBURG832 IHAMBURG1540 IHAMBURG2041 IHAMBURG592 IHAMBURG2052 IHAMBURG1296 IHHBARMB5 IHAMBURG452 IHAMBURG550 IHAMBURG376 IHAMBURG89 IHAMBURG684 IHHLOKST3 IHAMBURG152 IHAMBURG98 IHAMBURG1635 IHAMBURG515 IHAMBURG1791 IHAMBURG1092 IHAMBURG719 IHAMBURG270 IHAMBURG2031 IHAMBURG772 IHAMBURG446 IHAMBURG1421 IHAMBURG95 IHAMBURG1056 IHAMBURG1026 IHHHOHEN2 IHAMBURG441 IHAMBURG47 IHAMBURG456 IHAMBURG1200 IHHWELLI2 IHAMBURG206 INORDERS72 IHAMBURG1264 IHORN16 IHAMBURG1054 IHAMBURG144 IHAMBURG880 IHAMBURG1192 IHAMBURG867 IHAMBURG1582 IHAMBURG2072 IHAMBURG22 IHAMBURG762 IHAMBURG1284 IHAMBURG39 IHAMBURG2079 IHAMBURG630 IHHHAMBU5 IHAMBURG1308 IHHMARIE2 IHAMBURG190 IHAMBURG83 IHAMBURG153 IHAMBURG195 IHAMBURG610 IHAMBURG778 IHAMBURG93 IHAMBURG1086 IHAMBURG252 IHAMBURG289 IHAMBURG365 IHAMBURG1655 IHAMBURG104 IHAMBURG1164 IHAMBURG50 IHAMBURG1214 IHAMBURG262 IHAMBURG355 IHAMBURG1986
2017-08-20 22:57:00,650 INFO idw_p4_dt   1.278 n=8740
2017-08-20 22:57:00,651 INFO idw_p2_all  1.328 n=8784
2017-08-20 22:57:00,651 INFO idw_p3_cn5  1.076 n=8784
2017-08-20 22:57:00,651 INFO max_cn3     2.553 n=8784
2017-08-20 22:57:00,651 INFO idw_p4_all  1.107 n=8784
2017-08-20 22:57:00,651 INFO nn          1.303 n=8784
2017-08-20 22:57:00,652 INFO min_cn3     0.758 n=8784
2017-08-20 22:57:00,652 INFO mean_dt     1.337 n=8740
2017-08-20 22:57:00,652 INFO min_all     4.899 n=8784
2017-08-20 22:57:00,652 INFO max_cn5     3.863 n=8784
2017-08-20 22:57:00,652 INFO mean_all    1.487 n=8784
2017-08-20 22:57:00,652 INFO idw_p1_cn3  1.074 n=8784
2017-08-20 22:57:00,652 INFO eddh        1.008 n=8773
2017-08-20 22:57:00,652 INFO mean_cn5    1.477 n=8784
2017-08-20 22:57:00,652 INFO idw_p2_dt   1.222 n=8740
2017-08-20 22:57:00,652 INFO idw_p1_all  1.522 n=8784
2017-08-20 22:57:00,652 INFO idw_p1_cn5  1.179 n=8784
2017-08-20 22:57:00,653 INFO min_cn5     0.790 n=8784
2017-08-20 22:57:00,653 INFO median_dt   1.203 n=8740
2017-08-20 22:57:00,653 INFO median_cn5  1.226 n=8784
2017-08-20 22:57:00,653 INFO median_all  1.276 n=8784
2017-08-20 22:57:00,653 INFO idw_p4_cn5  1.090 n=8784
2017-08-20 22:57:00,653 INFO idw_p3_cn3  1.066 n=8784
2017-08-20 22:57:00,653 INFO max_dt      2.533 n=8740
2017-08-20 22:57:00,653 INFO min_dt      0.754 n=8740
2017-08-20 22:57:00,653 INFO mean_cn3    1.223 n=8784
2017-08-20 22:57:00,653 INFO idw_p1_dt   1.211 n=8740
2017-08-20 22:57:00,653 INFO idw_p4_cn3  1.087 n=8784
2017-08-20 22:57:00,654 INFO idw_p3_all  1.162 n=8784
2017-08-20 22:57:00,654 INFO idw_p2_cn3  1.053 n=8784
2017-08-20 22:57:00,654 INFO idw_p2_cn5  1.087 n=8784
2017-08-20 22:57:00,654 INFO max_all     15.727 n=8784
2017-08-20 22:57:00,654 INFO median_cn3  1.012 n=8784
2017-08-20 22:57:00,654 INFO idw_p3_dt   1.253 n=8740
2017-08-20 22:57:00,654 INFO end method list
2017-08-20 22:57:00,932 INFO interpolate for ZOM
2017-08-20 22:57:00,933 INFO currently at 10 out of 10
2017-08-20 22:57:00,933 INFO use IHAMBURG1008 IHAMBURG168 IHAMBURG2029 IHAMBURG840 IHAMBURG1372 IHAMBURG600 IHAMBURG1208 IHAMBURG998 IHAMBURG81 IHAMBURG204 IHAMBURG640 IHAMBURG1316 ISCHENEF11 IHAMBURG990 ILBROSEN2 IHAMBURG1332 IHAMBURG1920 IHAMBURG1797 IHAMBURG1526 IHAMBURG1268 IHAMBURG84 IHAMBURG1142 IHAMBURG751 IHAMBURG1134 IWEDEL8 IHAMBURG1470 IHAMBURG1360 IHAMBURG1172 IHAMBURG149 IHAMBURG439 IHAMBURG280 IHAMBURG731 IHAMBURG2016 IHAMBURG1088 IHAMBURG1631 IHAMBURG1946 IHAMBURG1216 IHAMBURG1809 IHAMBURG192 IHAMBURG1144 IHAMBURG342 IHAMBURG1502 IHAMBURG450 IHAMBURG1691 IHAMBURG90 IHAMBURG1910 IHHCURSL2 IHAMBURG163 IHAMBURG286 IHAMBURG375 IHAMBURG1504 IHHEINLA2 IHAMBURG1427 IHAMBURG1586 IHAMBURG291 IHAMBURG924 IHAMBURG1314 IHAMBURG427 IHAMBURG1082 IHAMBURG1735 IHHSINST2 IHAMBURG1182 IHAMBURG123 IHAMBURG49 IHAMBURG2034 IHAMBURG1120 IHHWINTE4 IHAMBURG1058 IHAMBURG1755 IHAMBURG1929 IHAMBURG1234 IHHFARMS2 IHAMBURG935 IHAMBURG1377 IHAMBURG1870 INORDERS16 IHAMBURG1028 ILBALVES2 IHAMBURG1230 IHAMBURG405 IHAMBURG1759 IHAMBURG52 IHHOTTEN2 IHAMBURG951 IHAMBURG1973 IHAMBURG1124 IHAMBURG1202 IHAMBURG768 IHAMBURG1458 IHAMBURG1843 IHAMBURG146 IHAMBURG812 IHAMBURG2076 IHAMBURG1832 IHAMBURG279 IHAMBURG158 IHAMBURG205 IHAMBURG1156 IHAMBURG1326 IHAMBURG128 IHAMBURG119 IHHKLEIN2 IHAMBURG435 IHAMBURG1176 IHHWINTE2 IHAMBURG68 ISEEVETA74 IHHLANGE3 IHAMBURG82 IHAMBURG955 IHAMBURG1154 IHAMBURG787 IHAMBURG1548 IHAMBURG172 IHAMBURG2081 IHAMBURG620 IHAMBURG971 IHAMBURG1370 IHAMBURG214 IHAMBURG1945 IHAMBURG256 IHAMBURG1036 IHAMBURG367 IHAMBURG1697 IHHHAMBU2 IHAMBURG2017 IHAMBURG290 IHAMBURG1391 IHAMBURG138 IHAMBURG1098 IBNNINGS3 IHHOSDOR2 IHAMBURG1933 IHAMBURG1198 IHAMBURG1998 IHAMBURG988 IHHEIDEL4 IHAMBURG638 IHAMBURG2004 IHAMBURG209 IHAMBURG1389 IHAMBURG1681 IHAMBURG2026 IHAMBURG170 IHAMBURG402 IHAMBURG760 IHAMBURG2065 IHAMBURG1614 IHHSCHNE2 IHAMBURG1118 IHAMBURG42 IHAMBURG230 IHAMBURG1819 IHAMBURG797 IHAMBURG2043 IHAMBURG132 IHAMBURG239 IHAMBURG1773 IHAMBURG805 IHAMBURG1941 IHAMBURG1629 IHAMBURG32 IHAMBURG1932 IHAMBURG2088 IHAMBURG353 IHAMBURG2045 IHAMBURG398 IHAMBURG1864 IHAMBURG200 IHAMBURG900 IHAMBURG711 IHAMBURG2000 IHAMBURG1622 IHAMBURG1928 IHAMBURG336 IHAMBURG272 IAHRENSB13 IHAMBURG1368 IHHDOCKE2 IHAMBURG373 IHAMBURG517 IHAMBURG1379 IHAMBURG1805 IHHHINSC4 IHAMBURG1494 IHAMBURG910 IHAMBURG693 IHAMBURG150 IHAMBURG1923 IHAMBURG1248 IHAMBURG976 IHAMBURG2062 IHAMBURG1266 ILBHOOPT2 IHAMBURG2013 IHAMBURG1346 IHAMBURG531 IHAMBURG267 IHAMBURG1110 IHAMBURG527 IHAMBURG1915 IHHMARIE4 IHAMBURG53 IHAMBURG423 IHHEIDEL2 IHAMBURG61 IHAMBURG2066 IHAMBURG2030 IHAMBURG469 IHAMBURG863 IHAMBURG175 IHHEISSE2 IHAMBURG1988 IHAMBURG1236 IHAMBURG654 IHAMBURG1204 IHAMBURG2009 IHAMBURG1953 IHAMBURG594 IHAMBURG465 IHHNEUGR2 IHHMEIEN2 IHHHINSC2 IHAMBURG1985 IHAMBURG258 IHHFUHLS2 IHHNIEND2 IHAMBURG315 IHAMBURG2070 IHAMBURG1188 IHHHELLB2 IHAMBURG60 IHAMBURG118 IHAMBURG1950 IHAMBURG20 IHAMBURG1136 IHAMBURG598 IHAMBURG224 IHAMBURG1940 IHAMBURG2005 IHAMBURG329 IHAMBURG64 IHAMBURG169 IHAMBURG1411 IHAMBURG2010 IHAMBURG489 IHAMBURG1512 IHAMBURG404 IHAMBURG1785 IHAMBURG431 IHAMBURG335 IHAMBURG957 IHAMBURG99 IHAMBURG108 IHAMBURG674 IHHGRUEN2 IHAMBURG1220 IHAMBURG363 IHAMBURG1462 IHAMBURG243 IHHGROSS2 IHAMBURG162 IHAMBURG1837 IHAMBURG10 IHAMBURG499 IHAMBURG338 IHAMBURG1015 IHAMBURG479 ISEEVETA49 IHAMBURG1952 IHAMBURG316 IHAMBURG487 IHAMBURG938 IHAMBURG250 IHAMBURG1830 IHAMBURG1350 IHHRAHLS3 IHHWILHE2 IHAMBURG699 IHAMBURG628 IHAMBURG2018 IHAMBURG626 IHHSCHNE4 IHAMBURG41 IHAMBURG664 IHAMBURG2025 IHHSTEIL2 IHAMBURG1813 IHAMBURG2011 IHAMBURG475 IHAMBURG333 IHAMBURG277 IHAMBURG1753 IHAMBURG1282 IHAMBURG1709 IHAMBURG1044 IHAMBURG1112 IHAMBURG180 IHAMBURG1306 IHAMBURG410 IHAMBURG537 IHAMBURG1194 IHAMBURG1383 IHAMBURG1336 IHAMBURG963 IHAMBURG229 IHAMBURG1186 IHAMBURG1108 IHHSASEL2 IHAMBURG1052 IHAMBURG46 IHHEIDEL5 IHAMBURG723 IHHOHMOO2 IHAMBURG213 IHAMBURG1942 IHAMBURG215 IHAMBURG154 IHAMBURG2075 IHAMBURG1974 IHAMBURG184 IHAMBURG56 IHAMBURG1516 IHAMBURG1252 IHAMBURG1919 IHAMBURG1500 IHAMBURG1064 IHAMBURG1074 IHAMBURG340 IHAMBURG1298 IHHRISSE2 IHAMBURG656 IHAMBURG737 IHAMBURG1538 IHHFARMS3 IHAMBURG1212 IHAMBURG155 IHAMBURG219 IHAMBURG1068 IHAMBURG2039 IHHFUHLS3 IHAMBURG1789 IHAMBURG933 IHAMBURG1508 IWENTORF21 IHAMBURG1823 IHAMBURG1779 IHAMBURG136 IHAMBURG1602 IHAMBURG1671 IHAMBURG1880 IHAMBURG1342 IHAMBURG260 IHAMBURG242 IHAMBURG406 IHAMBURG400 IHAMBURG824 IHAMBURG114 IHAMBURG269 IHAMBURG497 IHAMBURG254 IHHMARIE5 IHAMBURG1918 IHHHAMBU4 IHAMBURG390 IHAMBURG1990 IHAMBURG1150 IHAMBURG1484 IHHLURUP2 IHAMBURG1106 IHAMBURG832 IHAMBURG1540 IHAMBURG2041 IHAMBURG592 IHAMBURG2052 IHAMBURG1296 IHHBARMB5 IHAMBURG452 IHAMBURG550 IHAMBURG376 IHAMBURG89 IHAMBURG684 IHHLOKST3 IHAMBURG152 IHAMBURG98 IHAMBURG1635 IHAMBURG515 IHAMBURG1791 IHAMBURG1092 IHAMBURG719 IHAMBURG270 IHAMBURG2031 IHAMBURG772 IHAMBURG446 IHAMBURG1421 IHAMBURG95 IHAMBURG1056 IHAMBURG1026 IHHHOHEN2 IHAMBURG441 IHAMBURG47 IHAMBURG456 IHAMBURG1200 IHHWELLI2 IHAMBURG206 INORDERS72 IHAMBURG1264 IHORN16 IHAMBURG1054 IHAMBURG144 IHAMBURG880 IHAMBURG1192 IHAMBURG867 IHAMBURG1582 IHAMBURG2072 IHAMBURG22 IHAMBURG762 IHAMBURG1284 IHAMBURG39 IHAMBURG2079 IHAMBURG630 IHHHAMBU5 IHAMBURG1308 IHHMARIE2 IHAMBURG190 IHAMBURG83 IHAMBURG153 IHAMBURG195 IHAMBURG610 IHAMBURG778 IHAMBURG93 IHAMBURG1086 IHAMBURG252 IHAMBURG289 IHAMBURG365 IHAMBURG1655 IHAMBURG104 IHAMBURG1164 IHAMBURG50 IHAMBURG1214 IHAMBURG262 IHAMBURG355 IHAMBURG1986
2017-08-20 23:23:52,857 INFO idw_p4_dt   2.734 n=8754
2017-08-20 23:23:52,858 INFO idw_p2_all  2.355 n=8769
2017-08-20 23:23:52,858 INFO idw_p3_cn5  6.728 n=8769
2017-08-20 23:23:52,858 INFO max_cn3     13.889 n=8769
2017-08-20 23:23:52,858 INFO idw_p4_all  6.449 n=8769
2017-08-20 23:23:52,858 INFO nn          13.858 n=8769
2017-08-20 23:23:52,858 INFO min_cn3     1.515 n=8769
2017-08-20 23:23:52,858 INFO mean_dt     1.783 n=8754
2017-08-20 23:23:52,858 INFO min_all     5.141 n=8769
2017-08-20 23:23:52,858 INFO max_cn5     13.972 n=8769
2017-08-20 23:23:52,859 INFO mean_all    1.136 n=8769
2017-08-20 23:23:52,859 INFO idw_p1_cn3  6.002 n=8769
2017-08-20 23:23:52,859 INFO eddh        1.114 n=8760
2017-08-20 23:23:52,859 INFO mean_cn5    3.414 n=8769
2017-08-20 23:23:52,859 INFO idw_p2_dt   2.310 n=8754
2017-08-20 23:23:52,859 INFO idw_p1_all  1.382 n=8769
2017-08-20 23:23:52,859 INFO idw_p1_cn5  4.615 n=8769
2017-08-20 23:23:52,859 INFO min_cn5     1.995 n=8769
2017-08-20 23:23:52,859 INFO median_dt   1.217 n=8754
2017-08-20 23:23:52,859 INFO median_cn5  1.301 n=8769
2017-08-20 23:23:52,859 INFO median_all  0.928 n=8769
2017-08-20 23:23:52,860 INFO idw_p4_cn5  7.400 n=8769
2017-08-20 23:23:52,860 INFO idw_p3_cn3  7.257 n=8769
2017-08-20 23:23:52,860 INFO max_dt      4.080 n=8754
2017-08-20 23:23:52,860 INFO min_dt      1.711 n=8754
2017-08-20 23:23:52,860 INFO mean_cn3    5.190 n=8769
2017-08-20 23:23:52,860 INFO idw_p1_dt   2.015 n=8754
2017-08-20 23:23:52,860 INFO idw_p4_cn3  7.678 n=8769
2017-08-20 23:23:52,860 INFO idw_p3_all  4.475 n=8769
2017-08-20 23:23:52,860 INFO idw_p2_cn3  6.703 n=8769
2017-08-20 23:23:52,860 INFO idw_p2_cn5  5.787 n=8769
2017-08-20 23:23:52,860 INFO max_all     15.441 n=8769
2017-08-20 23:23:52,861 INFO median_cn3  2.157 n=8769
2017-08-20 23:23:52,861 INFO idw_p3_dt   2.561 n=8754
2017-08-20 23:23:52,861 INFO end method list
2017-08-20 23:23:53,187 INFO idw_p4_dt   1.76330 n=73624
2017-08-20 23:23:53,187 INFO idw_p2_all  1.62194 n=87416
2017-08-20 23:23:53,188 INFO idw_p2_dt   1.61318 n=73624
2017-08-20 23:23:53,188 INFO idw_p3_cn5  2.58304 n=87416
2017-08-20 23:23:53,188 INFO max_cn3     5.35323 n=87416
2017-08-20 23:23:53,188 INFO nn          4.71248 n=87416
2017-08-20 23:23:53,189 INFO max_cn5     5.72370 n=87416
2017-08-20 23:23:53,189 INFO idw_p1_dt   1.47457 n=73624
2017-08-20 23:23:53,189 INFO idw_p1_cn3  2.39761 n=87416
2017-08-20 23:23:53,189 INFO mean_cn5    1.86635 n=87416
2017-08-20 23:23:53,190 INFO idw_p1_cn5  2.05858 n=87416
2017-08-20 23:23:53,190 INFO max_all     15.69500 n=87416
2017-08-20 23:23:53,190 INFO idw_p3_dt   1.70841 n=73624
2017-08-20 23:23:53,190 INFO median_all  1.37520 n=87416
2017-08-20 23:23:53,191 INFO max_dt      2.75159 n=73624
2017-08-20 23:23:53,191 INFO mean_cn3    2.22386 n=87416
2017-08-20 23:23:53,191 INFO eddh        1.03901 n=87310
2017-08-20 23:23:53,191 INFO idw_p2_cn3  2.57992 n=87416
2017-08-20 23:23:53,192 INFO median_cn3  1.41001 n=87416
2017-08-20 23:23:53,192 INFO median_cn5  1.38124 n=87416
2017-08-20 23:23:53,192 INFO mean_dt     1.39862 n=73624
2017-08-20 23:23:53,193 INFO min_all     4.94024 n=87416
2017-08-20 23:23:53,193 INFO mean_all    1.56797 n=87416
2017-08-20 23:23:53,193 INFO idw_p1_all  1.57870 n=87416
2017-08-20 23:23:53,193 INFO min_cn5     1.10359 n=87416
2017-08-20 23:23:53,194 INFO median_dt   1.24817 n=73624
2017-08-20 23:23:53,194 INFO idw_p4_cn5  2.77644 n=87416
2017-08-20 23:23:53,194 INFO idw_p3_cn3  2.73879 n=87416
2017-08-20 23:23:53,194 INFO min_dt      1.09302 n=73624
2017-08-20 23:23:53,195 INFO idw_p4_cn3  2.86565 n=87416
2017-08-20 23:23:53,195 INFO idw_p3_all  2.00951 n=87416
2017-08-20 23:23:53,195 INFO idw_p2_cn5  2.32987 n=87416
2017-08-20 23:23:53,195 INFO idw_p4_all  2.51194 n=87416
2017-08-20 23:23:53,196 INFO min_cn3     0.97257 n=87416
