2017-08-20 04:15:37,940 INFO ### Start new logging
2017-08-20 04:15:37,941 INFO General Overview
2017-08-20 04:15:37,941 INFO targets: HCM IHM LGM LWM RIM SGM SWM WGM WWM ZOM
2017-08-20 04:15:37,941 INFO neighbours: IHAMBURG229 IHAMBURG69 IHAMBURG184 IHAMBURG1548 IHAMBURG403 IHAMBURG469 IHAMBURG214 IHAMBURG1194 IHAMBURG289 IHAMBURG604 IHAMBURG465 IHAMBURG1128 IHAMBURG600 IHAMBURG772 IHAMBURG376 IHAMBURG741 IHAMBURG1142 IHAMBURG1186 IHAMBURG80 IHAMBURG499 IHAMBURG154 IHHRISSE2 IHAMBURG1208 IHAMBURG656 IHAMBURG128 IHAMBURG1360 IHAMBURG1098 IHAMBURG1192 IHAMBURG646 IHAMBURG1234 IHAMBURG50 IHAMBURG998 IHAMBURG119 IHAMBURG565 IHAMBURG98 IHAMBURG2052 IHAMBURG1504 IHAMBURG1296 IHAMBURG168 IHAMBURG1200 IHAMBURG971 IHAMBURG104 IHAMBURG1236 IHAMBURG789 IHAMBURG1787 IHAMBURG2025 IHAMBURG1508 IHAMBURG367 IHAMBURG230 IHAMBURG628 IHAMBURG1204 IHAMBURG1102 IHAMBURG1830 IHAMBURG1832 IHAMBURG363 IHAMBURG340 IHAMBURG1346 IHAMBURG1136 IHAMBURG53 IHAMBURG1144 IHAMBURG68 IHAMBURG209 IHAMBURG1002 IHAMBURG237 IHAMBURG258 IHAMBURG400 IHAMBURG2024 IHAMBURG1306 IHAMBURG731 IHAMBURG1462 IHAMBURG61 IHAMBURG1342 IHAMBURG1458 IHAMBURG192 IHAMBURG1184 IHAMBURG540 IHAMBURG1540 IHAMBURG1391 IHAMBURG778 IHAMBURG380 IHHHELLB2 IHAMBURG450 IHAMBURG1266 IHAMBURG1797 IHAMBURG1172 IOSTSTEI3 IHAMBURG1188 IHAMBURG1464 IHAMBURG550 IHAMBURG60 IHAMBURG479 IHAMBURG844 IHAMBURG405 IHAMBURG1036 IHAMBURG1300 IHAMBURG285 IHAMBURG487 IHAMBURG180 IHAMBURG42 IHAMBURG737 ISEEVETA49 IHAMBURG1082 IHAMBURG514 IWINSENL6 IHAMBURG1470 IHAMBURG56 IHAMBURG200 IHAMBURG1302 IHAMBURG439 IHAMBURG333 IHAMBURG684 IHAMBURG1783 IHAMBURG481 IHAMBURG316 IHAMBURG256 IHAMBURG460 IHAMBURG654 IHAMBURG1044 IHAMBURG1150 IHAMBURG1254 IHAMBURG250 IHAMBURG1411 IHAMBURG1154 IHAMBURG175 IHAMBURG280 IHAMBURG640 IHAMBURG417 IHAMBURG123 IHAMBURG664 IHAMBURG109 IHAMBURG1064 IHAMBURG938 IHAMBURG914 IHAMBURG108 IHAMBURG195 IHAMBURG1791 IHAMBURG204 IHAMBURG1421 INORDERS21 IHAMBURG1368 IHAMBURG2029 IHAMBURG365 IHAMBURG709 IHAMBURG361 IHAMBURG471 IHAMBURG113 IHAMBURG353 IHAMBURG1216 IHAMBURG219 IHAMBURG1134 IHAMBURG142 IHAMBURG803 IHHMEIEN2 IHAMBURG1494 IHAMBURG404 IHAMBURG527 IHAMBURG329 IHAMBURG206 IHAMBURG2026 IHAMBURG1086 IHAMBURG1538 IHAMBURG338 IHAMBURG49 IHAMBURG610 IHAMBURG1152 IHAMBURG172 IHAMBURG199 IHAMBURG1068 IHAMBURG1058 IHAMBURG308 IHAMBURG693 IHAMBURG1478 IHHBERGS2 IHAMBURG1212 IHAMBURG832 IHAMBURG375 IHAMBURG1284 IHAMBURG454 IHAMBURG162 IHAMBURG1076 IHAMBURG1008 IHAMBURG1108 IHAMBURG1110 IHAMBURG1114 IHAMBURG1118 IHAMBURG1230 IHAMBURG1252 IHAMBURG131 IHAMBURG1314 IHAMBURG1372 IHAMBURG1377 IHAMBURG158 IHAMBURG1586 IHAMBURG1600 IHAMBURG218 IHAMBURG222 IHAMBURG355 IHAMBURG435 IHAMBURG489 IHAMBURG64 IHAMBURG648 IHAMBURG84
2017-08-20 04:15:37,941 INFO End overview
2017-08-20 04:15:37,942 INFO Several Runs
2017-08-20 04:15:37,942 INFO end targets
2017-08-20 04:15:37,942 INFO overall results
2017-08-20 04:15:37,942 INFO interpolate for HCM
2017-08-20 04:15:37,942 INFO currently at 1 out of 10
2017-08-20 04:15:37,942 INFO use IHAMBURG229 IHAMBURG69 IHAMBURG184 IHAMBURG1548 IHAMBURG403 IHAMBURG469 IHAMBURG214 IHAMBURG1194 IHAMBURG289 IHAMBURG604 IHAMBURG465 IHAMBURG1128 IHAMBURG600 IHAMBURG772 IHAMBURG376 IHAMBURG741 IHAMBURG1142 IHAMBURG1186 IHAMBURG80 IHAMBURG499 IHAMBURG154 IHHRISSE2 IHAMBURG1208 IHAMBURG656 IHAMBURG128 IHAMBURG1360 IHAMBURG1098 IHAMBURG1192 IHAMBURG646 IHAMBURG1234 IHAMBURG50 IHAMBURG998 IHAMBURG119 IHAMBURG565 IHAMBURG98 IHAMBURG2052 IHAMBURG1504 IHAMBURG1296 IHAMBURG168 IHAMBURG1200 IHAMBURG971 IHAMBURG104 IHAMBURG1236 IHAMBURG789 IHAMBURG1787 IHAMBURG2025 IHAMBURG1508 IHAMBURG367 IHAMBURG230 IHAMBURG628 IHAMBURG1204 IHAMBURG1102 IHAMBURG1830 IHAMBURG1832 IHAMBURG363 IHAMBURG340 IHAMBURG1346 IHAMBURG1136 IHAMBURG53 IHAMBURG1144 IHAMBURG68 IHAMBURG209 IHAMBURG1002 IHAMBURG237 IHAMBURG258 IHAMBURG400 IHAMBURG2024 IHAMBURG1306 IHAMBURG731 IHAMBURG1462 IHAMBURG61 IHAMBURG1342 IHAMBURG1458 IHAMBURG192 IHAMBURG1184 IHAMBURG540 IHAMBURG1540 IHAMBURG1391 IHAMBURG778 IHAMBURG380 IHHHELLB2 IHAMBURG450 IHAMBURG1266 IHAMBURG1797 IHAMBURG1172 IOSTSTEI3 IHAMBURG1188 IHAMBURG1464 IHAMBURG550 IHAMBURG60 IHAMBURG479 IHAMBURG844 IHAMBURG405 IHAMBURG1036 IHAMBURG1300 IHAMBURG285 IHAMBURG487 IHAMBURG180 IHAMBURG42 IHAMBURG737 ISEEVETA49 IHAMBURG1082 IHAMBURG514 IWINSENL6 IHAMBURG1470 IHAMBURG56 IHAMBURG200 IHAMBURG1302 IHAMBURG439 IHAMBURG333 IHAMBURG684 IHAMBURG1783 IHAMBURG481 IHAMBURG316 IHAMBURG256 IHAMBURG460 IHAMBURG654 IHAMBURG1044 IHAMBURG1150 IHAMBURG1254 IHAMBURG250 IHAMBURG1411 IHAMBURG1154 IHAMBURG175 IHAMBURG280 IHAMBURG640 IHAMBURG417 IHAMBURG123 IHAMBURG664 IHAMBURG109 IHAMBURG1064 IHAMBURG938 IHAMBURG914 IHAMBURG108 IHAMBURG195 IHAMBURG1791 IHAMBURG204 IHAMBURG1421 INORDERS21 IHAMBURG1368 IHAMBURG2029 IHAMBURG365 IHAMBURG709 IHAMBURG361 IHAMBURG471 IHAMBURG113 IHAMBURG353 IHAMBURG1216 IHAMBURG219 IHAMBURG1134 IHAMBURG142 IHAMBURG803 IHHMEIEN2 IHAMBURG1494 IHAMBURG404 IHAMBURG527 IHAMBURG329 IHAMBURG206 IHAMBURG2026 IHAMBURG1086 IHAMBURG1538 IHAMBURG338 IHAMBURG49 IHAMBURG610 IHAMBURG1152 IHAMBURG172 IHAMBURG199 IHAMBURG1068 IHAMBURG1058 IHAMBURG308 IHAMBURG693 IHAMBURG1478 IHHBERGS2 IHAMBURG1212 IHAMBURG832 IHAMBURG375 IHAMBURG1284 IHAMBURG454 IHAMBURG162 IHAMBURG1076 IHAMBURG1008 IHAMBURG1108 IHAMBURG1110 IHAMBURG1114 IHAMBURG1118 IHAMBURG1230 IHAMBURG1252 IHAMBURG131 IHAMBURG1314 IHAMBURG1372 IHAMBURG1377 IHAMBURG158 IHAMBURG1586 IHAMBURG1600 IHAMBURG218 IHAMBURG222 IHAMBURG355 IHAMBURG435 IHAMBURG489 IHAMBURG64 IHAMBURG648 IHAMBURG84
2017-08-20 04:28:59,696 INFO idw_p1_dt   0.842 n=8665
2017-08-20 04:28:59,697 INFO nn          0.890 n=8783
2017-08-20 04:28:59,697 INFO min_cn3     0.595 n=8783
2017-08-20 04:28:59,697 INFO idw_p3_cn3  0.875 n=8783
2017-08-20 04:28:59,697 INFO idw_p4_all  0.869 n=8783
2017-08-20 04:28:59,697 INFO idw_p4_cn3  0.876 n=8783
2017-08-20 04:28:59,697 INFO idw_p2_all  0.821 n=8783
2017-08-20 04:28:59,697 INFO max_cn3     1.141 n=8783
2017-08-20 04:28:59,697 INFO mean_cn5    0.762 n=8783
2017-08-20 04:28:59,697 INFO median_dt   0.809 n=8665
2017-08-20 04:28:59,698 INFO idw_p3_all  0.864 n=8783
2017-08-20 04:28:59,698 INFO min_all     3.763 n=8783
2017-08-20 04:28:59,698 INFO mean_cn3    0.773 n=8783
2017-08-20 04:28:59,698 INFO min_cn5     0.831 n=8783
2017-08-20 04:28:59,698 INFO idw_p2_dt   0.874 n=8665
2017-08-20 04:28:59,698 INFO mean_all    0.624 n=8783
2017-08-20 04:28:59,698 INFO median_all  0.646 n=8783
2017-08-20 04:28:59,698 INFO max_cn5     1.262 n=8783
2017-08-20 04:28:59,698 INFO idw_p3_dt   0.881 n=8665
2017-08-20 04:28:59,698 INFO median_cn3  0.816 n=8783
2017-08-20 04:28:59,698 INFO idw_p1_cn3  0.842 n=8783
2017-08-20 04:28:59,699 INFO idw_p3_cn5  0.873 n=8783
2017-08-20 04:28:59,699 INFO idw_p4_dt   0.883 n=8665
2017-08-20 04:28:59,699 INFO eddh        1.388 n=8771
2017-08-20 04:28:59,699 INFO min_dt      0.887 n=8665
2017-08-20 04:28:59,699 INFO idw_p2_cn3  0.871 n=8783
2017-08-20 04:28:59,699 INFO idw_p2_cn5  0.869 n=8783
2017-08-20 04:28:59,699 INFO idw_p1_cn5  0.828 n=8783
2017-08-20 04:28:59,699 INFO idw_p4_cn5  0.875 n=8783
2017-08-20 04:28:59,699 INFO idw_p1_all  0.511 n=8783
2017-08-20 04:28:59,699 INFO mean_dt     0.765 n=8665
2017-08-20 04:28:59,699 INFO median_cn5  0.794 n=8783
2017-08-20 04:28:59,699 INFO max_all     1.764 n=8783
2017-08-20 04:28:59,700 INFO max_dt      1.108 n=8665
2017-08-20 04:28:59,700 INFO end method list
2017-08-20 04:28:59,901 INFO interpolate for IHM
2017-08-20 04:28:59,902 INFO currently at 2 out of 10
2017-08-20 04:28:59,902 INFO use IHAMBURG229 IHAMBURG69 IHAMBURG184 IHAMBURG1548 IHAMBURG403 IHAMBURG469 IHAMBURG214 IHAMBURG1194 IHAMBURG289 IHAMBURG604 IHAMBURG465 IHAMBURG1128 IHAMBURG600 IHAMBURG772 IHAMBURG376 IHAMBURG741 IHAMBURG1142 IHAMBURG1186 IHAMBURG80 IHAMBURG499 IHAMBURG154 IHHRISSE2 IHAMBURG1208 IHAMBURG656 IHAMBURG128 IHAMBURG1360 IHAMBURG1098 IHAMBURG1192 IHAMBURG646 IHAMBURG1234 IHAMBURG50 IHAMBURG998 IHAMBURG119 IHAMBURG565 IHAMBURG98 IHAMBURG2052 IHAMBURG1504 IHAMBURG1296 IHAMBURG168 IHAMBURG1200 IHAMBURG971 IHAMBURG104 IHAMBURG1236 IHAMBURG789 IHAMBURG1787 IHAMBURG2025 IHAMBURG1508 IHAMBURG367 IHAMBURG230 IHAMBURG628 IHAMBURG1204 IHAMBURG1102 IHAMBURG1830 IHAMBURG1832 IHAMBURG363 IHAMBURG340 IHAMBURG1346 IHAMBURG1136 IHAMBURG53 IHAMBURG1144 IHAMBURG68 IHAMBURG209 IHAMBURG1002 IHAMBURG237 IHAMBURG258 IHAMBURG400 IHAMBURG2024 IHAMBURG1306 IHAMBURG731 IHAMBURG1462 IHAMBURG61 IHAMBURG1342 IHAMBURG1458 IHAMBURG192 IHAMBURG1184 IHAMBURG540 IHAMBURG1540 IHAMBURG1391 IHAMBURG778 IHAMBURG380 IHHHELLB2 IHAMBURG450 IHAMBURG1266 IHAMBURG1797 IHAMBURG1172 IOSTSTEI3 IHAMBURG1188 IHAMBURG1464 IHAMBURG550 IHAMBURG60 IHAMBURG479 IHAMBURG844 IHAMBURG405 IHAMBURG1036 IHAMBURG1300 IHAMBURG285 IHAMBURG487 IHAMBURG180 IHAMBURG42 IHAMBURG737 ISEEVETA49 IHAMBURG1082 IHAMBURG514 IWINSENL6 IHAMBURG1470 IHAMBURG56 IHAMBURG200 IHAMBURG1302 IHAMBURG439 IHAMBURG333 IHAMBURG684 IHAMBURG1783 IHAMBURG481 IHAMBURG316 IHAMBURG256 IHAMBURG460 IHAMBURG654 IHAMBURG1044 IHAMBURG1150 IHAMBURG1254 IHAMBURG250 IHAMBURG1411 IHAMBURG1154 IHAMBURG175 IHAMBURG280 IHAMBURG640 IHAMBURG417 IHAMBURG123 IHAMBURG664 IHAMBURG109 IHAMBURG1064 IHAMBURG938 IHAMBURG914 IHAMBURG108 IHAMBURG195 IHAMBURG1791 IHAMBURG204 IHAMBURG1421 INORDERS21 IHAMBURG1368 IHAMBURG2029 IHAMBURG365 IHAMBURG709 IHAMBURG361 IHAMBURG471 IHAMBURG113 IHAMBURG353 IHAMBURG1216 IHAMBURG219 IHAMBURG1134 IHAMBURG142 IHAMBURG803 IHHMEIEN2 IHAMBURG1494 IHAMBURG404 IHAMBURG527 IHAMBURG329 IHAMBURG206 IHAMBURG2026 IHAMBURG1086 IHAMBURG1538 IHAMBURG338 IHAMBURG49 IHAMBURG610 IHAMBURG1152 IHAMBURG172 IHAMBURG199 IHAMBURG1068 IHAMBURG1058 IHAMBURG308 IHAMBURG693 IHAMBURG1478 IHHBERGS2 IHAMBURG1212 IHAMBURG832 IHAMBURG375 IHAMBURG1284 IHAMBURG454 IHAMBURG162 IHAMBURG1076 IHAMBURG1008 IHAMBURG1108 IHAMBURG1110 IHAMBURG1114 IHAMBURG1118 IHAMBURG1230 IHAMBURG1252 IHAMBURG131 IHAMBURG1314 IHAMBURG1372 IHAMBURG1377 IHAMBURG158 IHAMBURG1586 IHAMBURG1600 IHAMBURG218 IHAMBURG222 IHAMBURG355 IHAMBURG435 IHAMBURG489 IHAMBURG64 IHAMBURG648 IHAMBURG84
2017-08-20 04:41:43,164 INFO idw_p1_dt   0.725 n=8669
2017-08-20 04:41:43,167 INFO nn          0.964 n=8781
2017-08-20 04:41:43,169 INFO min_cn3     0.896 n=8781
2017-08-20 04:41:43,170 INFO idw_p3_cn3  0.826 n=8781
2017-08-20 04:41:43,173 INFO idw_p4_all  0.732 n=8781
2017-08-20 04:41:43,175 INFO idw_p4_cn3  0.860 n=8781
2017-08-20 04:41:43,177 INFO idw_p2_all  0.495 n=8781
2017-08-20 04:41:43,179 INFO max_cn3     1.033 n=8781
2017-08-20 04:41:43,181 INFO mean_cn5    0.603 n=8781
2017-08-20 04:41:43,182 INFO median_dt   0.729 n=8669
2017-08-20 04:41:43,184 INFO idw_p3_all  0.597 n=8781
2017-08-20 04:41:43,186 INFO min_all     3.918 n=8781
2017-08-20 04:41:43,188 INFO mean_cn3    0.725 n=8781
2017-08-20 04:41:43,190 INFO min_cn5     0.941 n=8781
2017-08-20 04:41:43,192 INFO idw_p2_dt   0.779 n=8669
2017-08-20 04:41:43,194 INFO mean_all    0.713 n=8781
2017-08-20 04:41:43,195 INFO median_all  0.734 n=8781
2017-08-20 04:41:43,197 INFO max_cn5     1.095 n=8781
2017-08-20 04:41:43,199 INFO idw_p3_dt   0.827 n=8669
2017-08-20 04:41:43,201 INFO median_cn3  0.766 n=8781
2017-08-20 04:41:43,203 INFO idw_p1_cn3  0.752 n=8781
2017-08-20 04:41:43,204 INFO idw_p3_cn5  0.760 n=8781
2017-08-20 04:41:43,206 INFO idw_p4_dt   0.866 n=8669
2017-08-20 04:41:43,208 INFO eddh        1.487 n=8775
2017-08-20 04:41:43,209 INFO min_dt      0.913 n=8669
2017-08-20 04:41:43,211 INFO idw_p2_cn3  0.788 n=8781
2017-08-20 04:41:43,213 INFO idw_p2_cn5  0.700 n=8781
2017-08-20 04:41:43,215 INFO idw_p1_cn5  0.644 n=8781
2017-08-20 04:41:43,217 INFO idw_p4_cn5  0.815 n=8781
2017-08-20 04:41:43,218 INFO idw_p1_all  0.586 n=8781
2017-08-20 04:41:43,219 INFO mean_dt     0.680 n=8669
2017-08-20 04:41:43,221 INFO median_cn5  0.638 n=8781
2017-08-20 04:41:43,222 INFO max_all     1.611 n=8781
2017-08-20 04:41:43,224 INFO max_dt      0.997 n=8669
2017-08-20 04:41:43,225 INFO end method list
2017-08-20 04:41:43,493 INFO interpolate for LGM
2017-08-20 04:41:43,496 INFO currently at 3 out of 10
2017-08-20 04:41:43,497 INFO use IHAMBURG229 IHAMBURG69 IHAMBURG184 IHAMBURG1548 IHAMBURG403 IHAMBURG469 IHAMBURG214 IHAMBURG1194 IHAMBURG289 IHAMBURG604 IHAMBURG465 IHAMBURG1128 IHAMBURG600 IHAMBURG772 IHAMBURG376 IHAMBURG741 IHAMBURG1142 IHAMBURG1186 IHAMBURG80 IHAMBURG499 IHAMBURG154 IHHRISSE2 IHAMBURG1208 IHAMBURG656 IHAMBURG128 IHAMBURG1360 IHAMBURG1098 IHAMBURG1192 IHAMBURG646 IHAMBURG1234 IHAMBURG50 IHAMBURG998 IHAMBURG119 IHAMBURG565 IHAMBURG98 IHAMBURG2052 IHAMBURG1504 IHAMBURG1296 IHAMBURG168 IHAMBURG1200 IHAMBURG971 IHAMBURG104 IHAMBURG1236 IHAMBURG789 IHAMBURG1787 IHAMBURG2025 IHAMBURG1508 IHAMBURG367 IHAMBURG230 IHAMBURG628 IHAMBURG1204 IHAMBURG1102 IHAMBURG1830 IHAMBURG1832 IHAMBURG363 IHAMBURG340 IHAMBURG1346 IHAMBURG1136 IHAMBURG53 IHAMBURG1144 IHAMBURG68 IHAMBURG209 IHAMBURG1002 IHAMBURG237 IHAMBURG258 IHAMBURG400 IHAMBURG2024 IHAMBURG1306 IHAMBURG731 IHAMBURG1462 IHAMBURG61 IHAMBURG1342 IHAMBURG1458 IHAMBURG192 IHAMBURG1184 IHAMBURG540 IHAMBURG1540 IHAMBURG1391 IHAMBURG778 IHAMBURG380 IHHHELLB2 IHAMBURG450 IHAMBURG1266 IHAMBURG1797 IHAMBURG1172 IOSTSTEI3 IHAMBURG1188 IHAMBURG1464 IHAMBURG550 IHAMBURG60 IHAMBURG479 IHAMBURG844 IHAMBURG405 IHAMBURG1036 IHAMBURG1300 IHAMBURG285 IHAMBURG487 IHAMBURG180 IHAMBURG42 IHAMBURG737 ISEEVETA49 IHAMBURG1082 IHAMBURG514 IWINSENL6 IHAMBURG1470 IHAMBURG56 IHAMBURG200 IHAMBURG1302 IHAMBURG439 IHAMBURG333 IHAMBURG684 IHAMBURG1783 IHAMBURG481 IHAMBURG316 IHAMBURG256 IHAMBURG460 IHAMBURG654 IHAMBURG1044 IHAMBURG1150 IHAMBURG1254 IHAMBURG250 IHAMBURG1411 IHAMBURG1154 IHAMBURG175 IHAMBURG280 IHAMBURG640 IHAMBURG417 IHAMBURG123 IHAMBURG664 IHAMBURG109 IHAMBURG1064 IHAMBURG938 IHAMBURG914 IHAMBURG108 IHAMBURG195 IHAMBURG1791 IHAMBURG204 IHAMBURG1421 INORDERS21 IHAMBURG1368 IHAMBURG2029 IHAMBURG365 IHAMBURG709 IHAMBURG361 IHAMBURG471 IHAMBURG113 IHAMBURG353 IHAMBURG1216 IHAMBURG219 IHAMBURG1134 IHAMBURG142 IHAMBURG803 IHHMEIEN2 IHAMBURG1494 IHAMBURG404 IHAMBURG527 IHAMBURG329 IHAMBURG206 IHAMBURG2026 IHAMBURG1086 IHAMBURG1538 IHAMBURG338 IHAMBURG49 IHAMBURG610 IHAMBURG1152 IHAMBURG172 IHAMBURG199 IHAMBURG1068 IHAMBURG1058 IHAMBURG308 IHAMBURG693 IHAMBURG1478 IHHBERGS2 IHAMBURG1212 IHAMBURG832 IHAMBURG375 IHAMBURG1284 IHAMBURG454 IHAMBURG162 IHAMBURG1076 IHAMBURG1008 IHAMBURG1108 IHAMBURG1110 IHAMBURG1114 IHAMBURG1118 IHAMBURG1230 IHAMBURG1252 IHAMBURG131 IHAMBURG1314 IHAMBURG1372 IHAMBURG1377 IHAMBURG158 IHAMBURG1586 IHAMBURG1600 IHAMBURG218 IHAMBURG222 IHAMBURG355 IHAMBURG435 IHAMBURG489 IHAMBURG64 IHAMBURG648 IHAMBURG84
2017-08-20 04:54:40,018 INFO idw_p1_dt   1.197 n=7488
2017-08-20 04:54:40,019 INFO nn          1.292 n=8766
2017-08-20 04:54:40,019 INFO min_cn3     1.138 n=8766
2017-08-20 04:54:40,020 INFO idw_p3_cn3  1.287 n=8766
2017-08-20 04:54:40,020 INFO idw_p4_all  1.259 n=8766
2017-08-20 04:54:40,020 INFO idw_p4_cn3  1.282 n=8766
2017-08-20 04:54:40,020 INFO idw_p2_all  1.327 n=8766
2017-08-20 04:54:40,020 INFO max_cn3     2.155 n=8766
2017-08-20 04:54:40,020 INFO mean_cn5    1.442 n=8766
2017-08-20 04:54:40,020 INFO median_dt   1.091 n=7488
2017-08-20 04:54:40,020 INFO idw_p3_all  1.260 n=8766
2017-08-20 04:54:40,020 INFO min_all     2.875 n=8766
2017-08-20 04:54:40,020 INFO mean_cn3    1.462 n=8766
2017-08-20 04:54:40,020 INFO min_cn5     1.050 n=8766
2017-08-20 04:54:40,020 INFO idw_p2_dt   1.262 n=7488
2017-08-20 04:54:40,021 INFO mean_all    1.511 n=8766
2017-08-20 04:54:40,021 INFO median_all  1.504 n=8766
2017-08-20 04:54:40,021 INFO idw_p3_dt   1.282 n=7488
2017-08-20 04:54:40,021 INFO median_cn3  1.395 n=8766
2017-08-20 04:54:40,021 INFO idw_p1_cn3  1.368 n=8766
2017-08-20 04:54:40,021 INFO idw_p3_cn5  1.278 n=8766
2017-08-20 04:54:40,021 INFO idw_p4_dt   1.287 n=7488
2017-08-20 04:54:40,021 INFO mean_dt     1.092 n=7488
2017-08-20 04:54:40,021 INFO eddh        0.820 n=8756
2017-08-20 04:54:40,021 INFO min_dt      0.961 n=7488
2017-08-20 04:54:40,021 INFO idw_p2_cn3  1.309 n=8766
2017-08-20 04:54:40,022 INFO idw_p2_cn5  1.303 n=8766
2017-08-20 04:54:40,022 INFO idw_p1_cn5  1.367 n=8766
2017-08-20 04:54:40,022 INFO idw_p4_cn5  1.274 n=8766
2017-08-20 04:54:40,022 INFO idw_p1_all  1.438 n=8766
2017-08-20 04:54:40,022 INFO max_cn5     2.424 n=8766
2017-08-20 04:54:40,022 INFO median_cn5  1.368 n=8766
2017-08-20 04:54:40,022 INFO max_all     3.277 n=8766
2017-08-20 04:54:40,022 INFO max_dt      1.447 n=7488
2017-08-20 04:54:40,022 INFO end method list
2017-08-20 04:54:40,275 INFO interpolate for LWM
2017-08-20 04:54:40,276 INFO currently at 4 out of 10
2017-08-20 04:54:40,276 INFO use IHAMBURG229 IHAMBURG69 IHAMBURG184 IHAMBURG1548 IHAMBURG403 IHAMBURG469 IHAMBURG214 IHAMBURG1194 IHAMBURG289 IHAMBURG604 IHAMBURG465 IHAMBURG1128 IHAMBURG600 IHAMBURG772 IHAMBURG376 IHAMBURG741 IHAMBURG1142 IHAMBURG1186 IHAMBURG80 IHAMBURG499 IHAMBURG154 IHHRISSE2 IHAMBURG1208 IHAMBURG656 IHAMBURG128 IHAMBURG1360 IHAMBURG1098 IHAMBURG1192 IHAMBURG646 IHAMBURG1234 IHAMBURG50 IHAMBURG998 IHAMBURG119 IHAMBURG565 IHAMBURG98 IHAMBURG2052 IHAMBURG1504 IHAMBURG1296 IHAMBURG168 IHAMBURG1200 IHAMBURG971 IHAMBURG104 IHAMBURG1236 IHAMBURG789 IHAMBURG1787 IHAMBURG2025 IHAMBURG1508 IHAMBURG367 IHAMBURG230 IHAMBURG628 IHAMBURG1204 IHAMBURG1102 IHAMBURG1830 IHAMBURG1832 IHAMBURG363 IHAMBURG340 IHAMBURG1346 IHAMBURG1136 IHAMBURG53 IHAMBURG1144 IHAMBURG68 IHAMBURG209 IHAMBURG1002 IHAMBURG237 IHAMBURG258 IHAMBURG400 IHAMBURG2024 IHAMBURG1306 IHAMBURG731 IHAMBURG1462 IHAMBURG61 IHAMBURG1342 IHAMBURG1458 IHAMBURG192 IHAMBURG1184 IHAMBURG540 IHAMBURG1540 IHAMBURG1391 IHAMBURG778 IHAMBURG380 IHHHELLB2 IHAMBURG450 IHAMBURG1266 IHAMBURG1797 IHAMBURG1172 IOSTSTEI3 IHAMBURG1188 IHAMBURG1464 IHAMBURG550 IHAMBURG60 IHAMBURG479 IHAMBURG844 IHAMBURG405 IHAMBURG1036 IHAMBURG1300 IHAMBURG285 IHAMBURG487 IHAMBURG180 IHAMBURG42 IHAMBURG737 ISEEVETA49 IHAMBURG1082 IHAMBURG514 IWINSENL6 IHAMBURG1470 IHAMBURG56 IHAMBURG200 IHAMBURG1302 IHAMBURG439 IHAMBURG333 IHAMBURG684 IHAMBURG1783 IHAMBURG481 IHAMBURG316 IHAMBURG256 IHAMBURG460 IHAMBURG654 IHAMBURG1044 IHAMBURG1150 IHAMBURG1254 IHAMBURG250 IHAMBURG1411 IHAMBURG1154 IHAMBURG175 IHAMBURG280 IHAMBURG640 IHAMBURG417 IHAMBURG123 IHAMBURG664 IHAMBURG109 IHAMBURG1064 IHAMBURG938 IHAMBURG914 IHAMBURG108 IHAMBURG195 IHAMBURG1791 IHAMBURG204 IHAMBURG1421 INORDERS21 IHAMBURG1368 IHAMBURG2029 IHAMBURG365 IHAMBURG709 IHAMBURG361 IHAMBURG471 IHAMBURG113 IHAMBURG353 IHAMBURG1216 IHAMBURG219 IHAMBURG1134 IHAMBURG142 IHAMBURG803 IHHMEIEN2 IHAMBURG1494 IHAMBURG404 IHAMBURG527 IHAMBURG329 IHAMBURG206 IHAMBURG2026 IHAMBURG1086 IHAMBURG1538 IHAMBURG338 IHAMBURG49 IHAMBURG610 IHAMBURG1152 IHAMBURG172 IHAMBURG199 IHAMBURG1068 IHAMBURG1058 IHAMBURG308 IHAMBURG693 IHAMBURG1478 IHHBERGS2 IHAMBURG1212 IHAMBURG832 IHAMBURG375 IHAMBURG1284 IHAMBURG454 IHAMBURG162 IHAMBURG1076 IHAMBURG1008 IHAMBURG1108 IHAMBURG1110 IHAMBURG1114 IHAMBURG1118 IHAMBURG1230 IHAMBURG1252 IHAMBURG131 IHAMBURG1314 IHAMBURG1372 IHAMBURG1377 IHAMBURG158 IHAMBURG1586 IHAMBURG1600 IHAMBURG218 IHAMBURG222 IHAMBURG355 IHAMBURG435 IHAMBURG489 IHAMBURG64 IHAMBURG648 IHAMBURG84
2017-08-20 05:06:39,433 INFO nn          1.370 n=8518
2017-08-20 05:06:39,434 INFO min_cn3     1.215 n=8518
2017-08-20 05:06:39,434 INFO idw_p3_cn3  1.446 n=8518
2017-08-20 05:06:39,434 INFO idw_p4_all  1.406 n=8518
2017-08-20 05:06:39,434 INFO idw_p4_cn3  1.423 n=8518
2017-08-20 05:06:39,434 INFO idw_p2_all  1.517 n=8518
2017-08-20 05:06:39,434 INFO max_cn3     2.291 n=8518
2017-08-20 05:06:39,434 INFO mean_cn5    1.562 n=8518
2017-08-20 05:06:39,434 INFO idw_p3_all  1.448 n=8518
2017-08-20 05:06:39,434 INFO min_all     2.695 n=8518
2017-08-20 05:06:39,434 INFO mean_cn3    1.583 n=8518
2017-08-20 05:06:39,435 INFO min_cn5     1.125 n=8518
2017-08-20 05:06:39,435 INFO mean_all    1.635 n=8518
2017-08-20 05:06:39,435 INFO median_all  1.627 n=8518
2017-08-20 05:06:39,435 INFO median_cn3  1.514 n=8518
2017-08-20 05:06:39,435 INFO idw_p1_cn3  1.528 n=8518
2017-08-20 05:06:39,435 INFO idw_p3_cn5  1.439 n=8518
2017-08-20 05:06:39,435 INFO eddh        0.973 n=8509
2017-08-20 05:06:39,435 INFO idw_p2_cn3  1.480 n=8518
2017-08-20 05:06:39,435 INFO idw_p2_cn5  1.476 n=8518
2017-08-20 05:06:39,435 INFO idw_p1_cn5  1.522 n=8518
2017-08-20 05:06:39,435 INFO idw_p4_cn5  1.415 n=8518
2017-08-20 05:06:39,435 INFO idw_p1_all  1.580 n=8518
2017-08-20 05:06:39,436 INFO max_cn5     2.569 n=8518
2017-08-20 05:06:39,436 INFO median_cn5  1.485 n=8518
2017-08-20 05:06:39,436 INFO max_all     3.427 n=8518
2017-08-20 05:06:39,436 INFO end method list
2017-08-20 05:06:39,610 INFO interpolate for RIM
2017-08-20 05:06:39,610 INFO currently at 5 out of 10
2017-08-20 05:06:39,610 INFO use IHAMBURG229 IHAMBURG69 IHAMBURG184 IHAMBURG1548 IHAMBURG403 IHAMBURG469 IHAMBURG214 IHAMBURG1194 IHAMBURG289 IHAMBURG604 IHAMBURG465 IHAMBURG1128 IHAMBURG600 IHAMBURG772 IHAMBURG376 IHAMBURG741 IHAMBURG1142 IHAMBURG1186 IHAMBURG80 IHAMBURG499 IHAMBURG154 IHHRISSE2 IHAMBURG1208 IHAMBURG656 IHAMBURG128 IHAMBURG1360 IHAMBURG1098 IHAMBURG1192 IHAMBURG646 IHAMBURG1234 IHAMBURG50 IHAMBURG998 IHAMBURG119 IHAMBURG565 IHAMBURG98 IHAMBURG2052 IHAMBURG1504 IHAMBURG1296 IHAMBURG168 IHAMBURG1200 IHAMBURG971 IHAMBURG104 IHAMBURG1236 IHAMBURG789 IHAMBURG1787 IHAMBURG2025 IHAMBURG1508 IHAMBURG367 IHAMBURG230 IHAMBURG628 IHAMBURG1204 IHAMBURG1102 IHAMBURG1830 IHAMBURG1832 IHAMBURG363 IHAMBURG340 IHAMBURG1346 IHAMBURG1136 IHAMBURG53 IHAMBURG1144 IHAMBURG68 IHAMBURG209 IHAMBURG1002 IHAMBURG237 IHAMBURG258 IHAMBURG400 IHAMBURG2024 IHAMBURG1306 IHAMBURG731 IHAMBURG1462 IHAMBURG61 IHAMBURG1342 IHAMBURG1458 IHAMBURG192 IHAMBURG1184 IHAMBURG540 IHAMBURG1540 IHAMBURG1391 IHAMBURG778 IHAMBURG380 IHHHELLB2 IHAMBURG450 IHAMBURG1266 IHAMBURG1797 IHAMBURG1172 IOSTSTEI3 IHAMBURG1188 IHAMBURG1464 IHAMBURG550 IHAMBURG60 IHAMBURG479 IHAMBURG844 IHAMBURG405 IHAMBURG1036 IHAMBURG1300 IHAMBURG285 IHAMBURG487 IHAMBURG180 IHAMBURG42 IHAMBURG737 ISEEVETA49 IHAMBURG1082 IHAMBURG514 IWINSENL6 IHAMBURG1470 IHAMBURG56 IHAMBURG200 IHAMBURG1302 IHAMBURG439 IHAMBURG333 IHAMBURG684 IHAMBURG1783 IHAMBURG481 IHAMBURG316 IHAMBURG256 IHAMBURG460 IHAMBURG654 IHAMBURG1044 IHAMBURG1150 IHAMBURG1254 IHAMBURG250 IHAMBURG1411 IHAMBURG1154 IHAMBURG175 IHAMBURG280 IHAMBURG640 IHAMBURG417 IHAMBURG123 IHAMBURG664 IHAMBURG109 IHAMBURG1064 IHAMBURG938 IHAMBURG914 IHAMBURG108 IHAMBURG195 IHAMBURG1791 IHAMBURG204 IHAMBURG1421 INORDERS21 IHAMBURG1368 IHAMBURG2029 IHAMBURG365 IHAMBURG709 IHAMBURG361 IHAMBURG471 IHAMBURG113 IHAMBURG353 IHAMBURG1216 IHAMBURG219 IHAMBURG1134 IHAMBURG142 IHAMBURG803 IHHMEIEN2 IHAMBURG1494 IHAMBURG404 IHAMBURG527 IHAMBURG329 IHAMBURG206 IHAMBURG2026 IHAMBURG1086 IHAMBURG1538 IHAMBURG338 IHAMBURG49 IHAMBURG610 IHAMBURG1152 IHAMBURG172 IHAMBURG199 IHAMBURG1068 IHAMBURG1058 IHAMBURG308 IHAMBURG693 IHAMBURG1478 IHHBERGS2 IHAMBURG1212 IHAMBURG832 IHAMBURG375 IHAMBURG1284 IHAMBURG454 IHAMBURG162 IHAMBURG1076 IHAMBURG1008 IHAMBURG1108 IHAMBURG1110 IHAMBURG1114 IHAMBURG1118 IHAMBURG1230 IHAMBURG1252 IHAMBURG131 IHAMBURG1314 IHAMBURG1372 IHAMBURG1377 IHAMBURG158 IHAMBURG1586 IHAMBURG1600 IHAMBURG218 IHAMBURG222 IHAMBURG355 IHAMBURG435 IHAMBURG489 IHAMBURG64 IHAMBURG648 IHAMBURG84
2017-08-20 05:18:42,202 INFO nn          1.495 n=8761
2017-08-20 05:18:42,203 INFO min_cn3     1.433 n=8761
2017-08-20 05:18:42,203 INFO idw_p3_cn3  1.289 n=8761
2017-08-20 05:18:42,203 INFO idw_p4_all  1.271 n=8761
2017-08-20 05:18:42,203 INFO idw_p4_cn3  1.308 n=8761
2017-08-20 05:18:42,203 INFO idw_p2_all  1.370 n=8761
2017-08-20 05:18:42,203 INFO max_cn3     2.120 n=8761
2017-08-20 05:18:42,203 INFO mean_cn5    1.433 n=8761
2017-08-20 05:18:42,203 INFO idw_p3_all  1.304 n=8761
2017-08-20 05:18:42,203 INFO min_all     3.013 n=8761
2017-08-20 05:18:42,204 INFO mean_cn3    1.356 n=8761
2017-08-20 05:18:42,204 INFO min_cn5     1.442 n=8761
2017-08-20 05:18:42,204 INFO mean_all    1.409 n=8761
2017-08-20 05:18:42,204 INFO median_all  1.399 n=8761
2017-08-20 05:18:42,204 INFO median_cn3  1.287 n=8761
2017-08-20 05:18:42,204 INFO idw_p1_cn3  1.305 n=8761
2017-08-20 05:18:42,204 INFO idw_p3_cn5  1.291 n=8761
2017-08-20 05:18:42,204 INFO eddh        0.973 n=8757
2017-08-20 05:18:42,204 INFO idw_p2_cn3  1.285 n=8761
2017-08-20 05:18:42,204 INFO idw_p2_cn5  1.311 n=8761
2017-08-20 05:18:42,204 INFO idw_p1_cn5  1.362 n=8761
2017-08-20 05:18:42,204 INFO idw_p4_cn5  1.298 n=8761
2017-08-20 05:18:42,205 INFO idw_p1_all  1.408 n=8761
2017-08-20 05:18:42,205 INFO max_cn5     2.436 n=8761
2017-08-20 05:18:42,205 INFO median_cn5  1.321 n=8761
2017-08-20 05:18:42,205 INFO max_all     3.085 n=8761
2017-08-20 05:18:42,205 INFO end method list
2017-08-20 05:18:42,392 INFO interpolate for SGM
2017-08-20 05:18:42,392 INFO currently at 6 out of 10
2017-08-20 05:18:42,392 INFO use IHAMBURG229 IHAMBURG69 IHAMBURG184 IHAMBURG1548 IHAMBURG403 IHAMBURG469 IHAMBURG214 IHAMBURG1194 IHAMBURG289 IHAMBURG604 IHAMBURG465 IHAMBURG1128 IHAMBURG600 IHAMBURG772 IHAMBURG376 IHAMBURG741 IHAMBURG1142 IHAMBURG1186 IHAMBURG80 IHAMBURG499 IHAMBURG154 IHHRISSE2 IHAMBURG1208 IHAMBURG656 IHAMBURG128 IHAMBURG1360 IHAMBURG1098 IHAMBURG1192 IHAMBURG646 IHAMBURG1234 IHAMBURG50 IHAMBURG998 IHAMBURG119 IHAMBURG565 IHAMBURG98 IHAMBURG2052 IHAMBURG1504 IHAMBURG1296 IHAMBURG168 IHAMBURG1200 IHAMBURG971 IHAMBURG104 IHAMBURG1236 IHAMBURG789 IHAMBURG1787 IHAMBURG2025 IHAMBURG1508 IHAMBURG367 IHAMBURG230 IHAMBURG628 IHAMBURG1204 IHAMBURG1102 IHAMBURG1830 IHAMBURG1832 IHAMBURG363 IHAMBURG340 IHAMBURG1346 IHAMBURG1136 IHAMBURG53 IHAMBURG1144 IHAMBURG68 IHAMBURG209 IHAMBURG1002 IHAMBURG237 IHAMBURG258 IHAMBURG400 IHAMBURG2024 IHAMBURG1306 IHAMBURG731 IHAMBURG1462 IHAMBURG61 IHAMBURG1342 IHAMBURG1458 IHAMBURG192 IHAMBURG1184 IHAMBURG540 IHAMBURG1540 IHAMBURG1391 IHAMBURG778 IHAMBURG380 IHHHELLB2 IHAMBURG450 IHAMBURG1266 IHAMBURG1797 IHAMBURG1172 IOSTSTEI3 IHAMBURG1188 IHAMBURG1464 IHAMBURG550 IHAMBURG60 IHAMBURG479 IHAMBURG844 IHAMBURG405 IHAMBURG1036 IHAMBURG1300 IHAMBURG285 IHAMBURG487 IHAMBURG180 IHAMBURG42 IHAMBURG737 ISEEVETA49 IHAMBURG1082 IHAMBURG514 IWINSENL6 IHAMBURG1470 IHAMBURG56 IHAMBURG200 IHAMBURG1302 IHAMBURG439 IHAMBURG333 IHAMBURG684 IHAMBURG1783 IHAMBURG481 IHAMBURG316 IHAMBURG256 IHAMBURG460 IHAMBURG654 IHAMBURG1044 IHAMBURG1150 IHAMBURG1254 IHAMBURG250 IHAMBURG1411 IHAMBURG1154 IHAMBURG175 IHAMBURG280 IHAMBURG640 IHAMBURG417 IHAMBURG123 IHAMBURG664 IHAMBURG109 IHAMBURG1064 IHAMBURG938 IHAMBURG914 IHAMBURG108 IHAMBURG195 IHAMBURG1791 IHAMBURG204 IHAMBURG1421 INORDERS21 IHAMBURG1368 IHAMBURG2029 IHAMBURG365 IHAMBURG709 IHAMBURG361 IHAMBURG471 IHAMBURG113 IHAMBURG353 IHAMBURG1216 IHAMBURG219 IHAMBURG1134 IHAMBURG142 IHAMBURG803 IHHMEIEN2 IHAMBURG1494 IHAMBURG404 IHAMBURG527 IHAMBURG329 IHAMBURG206 IHAMBURG2026 IHAMBURG1086 IHAMBURG1538 IHAMBURG338 IHAMBURG49 IHAMBURG610 IHAMBURG1152 IHAMBURG172 IHAMBURG199 IHAMBURG1068 IHAMBURG1058 IHAMBURG308 IHAMBURG693 IHAMBURG1478 IHHBERGS2 IHAMBURG1212 IHAMBURG832 IHAMBURG375 IHAMBURG1284 IHAMBURG454 IHAMBURG162 IHAMBURG1076 IHAMBURG1008 IHAMBURG1108 IHAMBURG1110 IHAMBURG1114 IHAMBURG1118 IHAMBURG1230 IHAMBURG1252 IHAMBURG131 IHAMBURG1314 IHAMBURG1372 IHAMBURG1377 IHAMBURG158 IHAMBURG1586 IHAMBURG1600 IHAMBURG218 IHAMBURG222 IHAMBURG355 IHAMBURG435 IHAMBURG489 IHAMBURG64 IHAMBURG648 IHAMBURG84
2017-08-20 05:30:34,056 INFO idw_p1_dt   1.393 n=8650
2017-08-20 05:30:34,057 INFO nn          1.831 n=8779
2017-08-20 05:30:34,057 INFO min_cn3     1.033 n=8779
2017-08-20 05:30:34,057 INFO idw_p3_cn3  1.613 n=8779
2017-08-20 05:30:34,057 INFO idw_p4_all  1.509 n=8779
2017-08-20 05:30:34,057 INFO idw_p4_cn3  1.634 n=8779
2017-08-20 05:30:34,057 INFO idw_p2_all  1.422 n=8779
2017-08-20 05:30:34,058 INFO max_cn3     2.078 n=8779
2017-08-20 05:30:34,058 INFO mean_cn5    1.374 n=8779
2017-08-20 05:30:34,058 INFO median_dt   1.371 n=8650
2017-08-20 05:30:34,058 INFO idw_p3_all  1.462 n=8779
2017-08-20 05:30:34,058 INFO min_all     2.964 n=8779
2017-08-20 05:30:34,058 INFO mean_cn3    1.551 n=8779
2017-08-20 05:30:34,058 INFO min_cn5     1.081 n=8779
2017-08-20 05:30:34,058 INFO idw_p2_dt   1.457 n=8650
2017-08-20 05:30:34,058 INFO mean_all    1.362 n=8779
2017-08-20 05:30:34,058 INFO median_all  1.353 n=8779
2017-08-20 05:30:34,058 INFO max_cn5     2.182 n=8779
2017-08-20 05:30:34,058 INFO idw_p3_dt   1.527 n=8650
2017-08-20 05:30:34,059 INFO median_cn3  1.709 n=8779
2017-08-20 05:30:34,059 INFO idw_p1_cn3  1.570 n=8779
2017-08-20 05:30:34,059 INFO idw_p3_cn5  1.493 n=8779
2017-08-20 05:30:34,059 INFO idw_p4_dt   1.593 n=8650
2017-08-20 05:30:34,059 INFO eddh        0.746 n=8771
2017-08-20 05:30:34,059 INFO min_dt      1.155 n=8650
2017-08-20 05:30:34,059 INFO idw_p2_cn3  1.591 n=8779
2017-08-20 05:30:34,059 INFO idw_p2_cn5  1.451 n=8779
2017-08-20 05:30:34,059 INFO idw_p1_cn5  1.410 n=8779
2017-08-20 05:30:34,059 INFO idw_p4_cn5  1.535 n=8779
2017-08-20 05:30:34,059 INFO idw_p1_all  1.391 n=8779
2017-08-20 05:30:34,059 INFO mean_dt     1.338 n=8650
2017-08-20 05:30:34,060 INFO median_cn5  1.387 n=8779
2017-08-20 05:30:34,060 INFO max_all     3.104 n=8779
2017-08-20 05:30:34,060 INFO max_dt      1.985 n=8650
2017-08-20 05:30:34,060 INFO end method list
2017-08-20 05:30:34,217 INFO interpolate for SWM
2017-08-20 05:30:34,217 INFO currently at 7 out of 10
2017-08-20 05:30:34,218 INFO use IHAMBURG229 IHAMBURG69 IHAMBURG184 IHAMBURG1548 IHAMBURG403 IHAMBURG469 IHAMBURG214 IHAMBURG1194 IHAMBURG289 IHAMBURG604 IHAMBURG465 IHAMBURG1128 IHAMBURG600 IHAMBURG772 IHAMBURG376 IHAMBURG741 IHAMBURG1142 IHAMBURG1186 IHAMBURG80 IHAMBURG499 IHAMBURG154 IHHRISSE2 IHAMBURG1208 IHAMBURG656 IHAMBURG128 IHAMBURG1360 IHAMBURG1098 IHAMBURG1192 IHAMBURG646 IHAMBURG1234 IHAMBURG50 IHAMBURG998 IHAMBURG119 IHAMBURG565 IHAMBURG98 IHAMBURG2052 IHAMBURG1504 IHAMBURG1296 IHAMBURG168 IHAMBURG1200 IHAMBURG971 IHAMBURG104 IHAMBURG1236 IHAMBURG789 IHAMBURG1787 IHAMBURG2025 IHAMBURG1508 IHAMBURG367 IHAMBURG230 IHAMBURG628 IHAMBURG1204 IHAMBURG1102 IHAMBURG1830 IHAMBURG1832 IHAMBURG363 IHAMBURG340 IHAMBURG1346 IHAMBURG1136 IHAMBURG53 IHAMBURG1144 IHAMBURG68 IHAMBURG209 IHAMBURG1002 IHAMBURG237 IHAMBURG258 IHAMBURG400 IHAMBURG2024 IHAMBURG1306 IHAMBURG731 IHAMBURG1462 IHAMBURG61 IHAMBURG1342 IHAMBURG1458 IHAMBURG192 IHAMBURG1184 IHAMBURG540 IHAMBURG1540 IHAMBURG1391 IHAMBURG778 IHAMBURG380 IHHHELLB2 IHAMBURG450 IHAMBURG1266 IHAMBURG1797 IHAMBURG1172 IOSTSTEI3 IHAMBURG1188 IHAMBURG1464 IHAMBURG550 IHAMBURG60 IHAMBURG479 IHAMBURG844 IHAMBURG405 IHAMBURG1036 IHAMBURG1300 IHAMBURG285 IHAMBURG487 IHAMBURG180 IHAMBURG42 IHAMBURG737 ISEEVETA49 IHAMBURG1082 IHAMBURG514 IWINSENL6 IHAMBURG1470 IHAMBURG56 IHAMBURG200 IHAMBURG1302 IHAMBURG439 IHAMBURG333 IHAMBURG684 IHAMBURG1783 IHAMBURG481 IHAMBURG316 IHAMBURG256 IHAMBURG460 IHAMBURG654 IHAMBURG1044 IHAMBURG1150 IHAMBURG1254 IHAMBURG250 IHAMBURG1411 IHAMBURG1154 IHAMBURG175 IHAMBURG280 IHAMBURG640 IHAMBURG417 IHAMBURG123 IHAMBURG664 IHAMBURG109 IHAMBURG1064 IHAMBURG938 IHAMBURG914 IHAMBURG108 IHAMBURG195 IHAMBURG1791 IHAMBURG204 IHAMBURG1421 INORDERS21 IHAMBURG1368 IHAMBURG2029 IHAMBURG365 IHAMBURG709 IHAMBURG361 IHAMBURG471 IHAMBURG113 IHAMBURG353 IHAMBURG1216 IHAMBURG219 IHAMBURG1134 IHAMBURG142 IHAMBURG803 IHHMEIEN2 IHAMBURG1494 IHAMBURG404 IHAMBURG527 IHAMBURG329 IHAMBURG206 IHAMBURG2026 IHAMBURG1086 IHAMBURG1538 IHAMBURG338 IHAMBURG49 IHAMBURG610 IHAMBURG1152 IHAMBURG172 IHAMBURG199 IHAMBURG1068 IHAMBURG1058 IHAMBURG308 IHAMBURG693 IHAMBURG1478 IHHBERGS2 IHAMBURG1212 IHAMBURG832 IHAMBURG375 IHAMBURG1284 IHAMBURG454 IHAMBURG162 IHAMBURG1076 IHAMBURG1008 IHAMBURG1108 IHAMBURG1110 IHAMBURG1114 IHAMBURG1118 IHAMBURG1230 IHAMBURG1252 IHAMBURG131 IHAMBURG1314 IHAMBURG1372 IHAMBURG1377 IHAMBURG158 IHAMBURG1586 IHAMBURG1600 IHAMBURG218 IHAMBURG222 IHAMBURG355 IHAMBURG435 IHAMBURG489 IHAMBURG64 IHAMBURG648 IHAMBURG84
2017-08-20 05:42:24,294 INFO idw_p1_dt   1.157 n=8576
2017-08-20 05:42:24,295 INFO nn          1.505 n=8695
2017-08-20 05:42:24,295 INFO min_cn3     0.987 n=8695
2017-08-20 05:42:24,295 INFO idw_p3_cn3  1.426 n=8695
2017-08-20 05:42:24,295 INFO idw_p4_all  1.428 n=8695
2017-08-20 05:42:24,295 INFO idw_p4_cn3  1.464 n=8695
2017-08-20 05:42:24,295 INFO idw_p2_all  1.145 n=8695
2017-08-20 05:42:24,296 INFO max_cn3     1.775 n=8695
2017-08-20 05:42:24,296 INFO mean_cn5    1.019 n=8695
2017-08-20 05:42:24,296 INFO median_dt   1.094 n=8576
2017-08-20 05:42:24,296 INFO idw_p3_all  1.313 n=8695
2017-08-20 05:42:24,296 INFO min_all     3.067 n=8695
2017-08-20 05:42:24,296 INFO mean_cn3    1.133 n=8695
2017-08-20 05:42:24,296 INFO min_cn5     0.963 n=8695
2017-08-20 05:42:24,296 INFO idw_p2_dt   1.313 n=8576
2017-08-20 05:42:24,296 INFO mean_all    1.033 n=8695
2017-08-20 05:42:24,296 INFO median_all  1.035 n=8695
2017-08-20 05:42:24,296 INFO max_cn5     1.845 n=8695
2017-08-20 05:42:24,296 INFO idw_p3_dt   1.416 n=8576
2017-08-20 05:42:24,297 INFO median_cn3  1.365 n=8695
2017-08-20 05:42:24,297 INFO idw_p1_cn3  1.235 n=8695
2017-08-20 05:42:24,297 INFO idw_p3_cn5  1.389 n=8695
2017-08-20 05:42:24,297 INFO idw_p4_dt   1.465 n=8576
2017-08-20 05:42:24,297 INFO eddh        0.668 n=8691
2017-08-20 05:42:24,297 INFO min_dt      1.000 n=8576
2017-08-20 05:42:24,297 INFO idw_p2_cn3  1.349 n=8695
2017-08-20 05:42:24,297 INFO idw_p2_cn5  1.271 n=8695
2017-08-20 05:42:24,297 INFO idw_p1_cn5  1.123 n=8695
2017-08-20 05:42:24,297 INFO idw_p4_cn5  1.451 n=8695
2017-08-20 05:42:24,297 INFO idw_p1_all  1.058 n=8695
2017-08-20 05:42:24,297 INFO mean_dt     1.028 n=8576
2017-08-20 05:42:24,298 INFO median_cn5  1.024 n=8695
2017-08-20 05:42:24,298 INFO max_all     2.777 n=8695
2017-08-20 05:42:24,298 INFO max_dt      1.667 n=8576
2017-08-20 05:42:24,298 INFO end method list
2017-08-20 05:42:24,453 INFO interpolate for WGM
2017-08-20 05:42:24,453 INFO currently at 8 out of 10
2017-08-20 05:42:24,453 INFO use IHAMBURG229 IHAMBURG69 IHAMBURG184 IHAMBURG1548 IHAMBURG403 IHAMBURG469 IHAMBURG214 IHAMBURG1194 IHAMBURG289 IHAMBURG604 IHAMBURG465 IHAMBURG1128 IHAMBURG600 IHAMBURG772 IHAMBURG376 IHAMBURG741 IHAMBURG1142 IHAMBURG1186 IHAMBURG80 IHAMBURG499 IHAMBURG154 IHHRISSE2 IHAMBURG1208 IHAMBURG656 IHAMBURG128 IHAMBURG1360 IHAMBURG1098 IHAMBURG1192 IHAMBURG646 IHAMBURG1234 IHAMBURG50 IHAMBURG998 IHAMBURG119 IHAMBURG565 IHAMBURG98 IHAMBURG2052 IHAMBURG1504 IHAMBURG1296 IHAMBURG168 IHAMBURG1200 IHAMBURG971 IHAMBURG104 IHAMBURG1236 IHAMBURG789 IHAMBURG1787 IHAMBURG2025 IHAMBURG1508 IHAMBURG367 IHAMBURG230 IHAMBURG628 IHAMBURG1204 IHAMBURG1102 IHAMBURG1830 IHAMBURG1832 IHAMBURG363 IHAMBURG340 IHAMBURG1346 IHAMBURG1136 IHAMBURG53 IHAMBURG1144 IHAMBURG68 IHAMBURG209 IHAMBURG1002 IHAMBURG237 IHAMBURG258 IHAMBURG400 IHAMBURG2024 IHAMBURG1306 IHAMBURG731 IHAMBURG1462 IHAMBURG61 IHAMBURG1342 IHAMBURG1458 IHAMBURG192 IHAMBURG1184 IHAMBURG540 IHAMBURG1540 IHAMBURG1391 IHAMBURG778 IHAMBURG380 IHHHELLB2 IHAMBURG450 IHAMBURG1266 IHAMBURG1797 IHAMBURG1172 IOSTSTEI3 IHAMBURG1188 IHAMBURG1464 IHAMBURG550 IHAMBURG60 IHAMBURG479 IHAMBURG844 IHAMBURG405 IHAMBURG1036 IHAMBURG1300 IHAMBURG285 IHAMBURG487 IHAMBURG180 IHAMBURG42 IHAMBURG737 ISEEVETA49 IHAMBURG1082 IHAMBURG514 IWINSENL6 IHAMBURG1470 IHAMBURG56 IHAMBURG200 IHAMBURG1302 IHAMBURG439 IHAMBURG333 IHAMBURG684 IHAMBURG1783 IHAMBURG481 IHAMBURG316 IHAMBURG256 IHAMBURG460 IHAMBURG654 IHAMBURG1044 IHAMBURG1150 IHAMBURG1254 IHAMBURG250 IHAMBURG1411 IHAMBURG1154 IHAMBURG175 IHAMBURG280 IHAMBURG640 IHAMBURG417 IHAMBURG123 IHAMBURG664 IHAMBURG109 IHAMBURG1064 IHAMBURG938 IHAMBURG914 IHAMBURG108 IHAMBURG195 IHAMBURG1791 IHAMBURG204 IHAMBURG1421 INORDERS21 IHAMBURG1368 IHAMBURG2029 IHAMBURG365 IHAMBURG709 IHAMBURG361 IHAMBURG471 IHAMBURG113 IHAMBURG353 IHAMBURG1216 IHAMBURG219 IHAMBURG1134 IHAMBURG142 IHAMBURG803 IHHMEIEN2 IHAMBURG1494 IHAMBURG404 IHAMBURG527 IHAMBURG329 IHAMBURG206 IHAMBURG2026 IHAMBURG1086 IHAMBURG1538 IHAMBURG338 IHAMBURG49 IHAMBURG610 IHAMBURG1152 IHAMBURG172 IHAMBURG199 IHAMBURG1068 IHAMBURG1058 IHAMBURG308 IHAMBURG693 IHAMBURG1478 IHHBERGS2 IHAMBURG1212 IHAMBURG832 IHAMBURG375 IHAMBURG1284 IHAMBURG454 IHAMBURG162 IHAMBURG1076 IHAMBURG1008 IHAMBURG1108 IHAMBURG1110 IHAMBURG1114 IHAMBURG1118 IHAMBURG1230 IHAMBURG1252 IHAMBURG131 IHAMBURG1314 IHAMBURG1372 IHAMBURG1377 IHAMBURG158 IHAMBURG1586 IHAMBURG1600 IHAMBURG218 IHAMBURG222 IHAMBURG355 IHAMBURG435 IHAMBURG489 IHAMBURG64 IHAMBURG648 IHAMBURG84
2017-08-20 05:54:15,371 INFO idw_p1_dt   1.028 n=8620
2017-08-20 05:54:15,371 INFO nn          1.041 n=8758
2017-08-20 05:54:15,371 INFO min_cn3     0.964 n=8758
2017-08-20 05:54:15,372 INFO idw_p3_cn3  1.021 n=8758
2017-08-20 05:54:15,372 INFO idw_p4_all  1.007 n=8758
2017-08-20 05:54:15,372 INFO idw_p4_cn3  1.020 n=8758
2017-08-20 05:54:15,372 INFO idw_p2_all  1.013 n=8758
2017-08-20 05:54:15,372 INFO max_cn3     2.046 n=8758
2017-08-20 05:54:15,372 INFO mean_cn5    1.265 n=8758
2017-08-20 05:54:15,372 INFO median_dt   1.073 n=8620
2017-08-20 05:54:15,372 INFO idw_p3_all  1.005 n=8758
2017-08-20 05:54:15,372 INFO min_all     3.200 n=8758
2017-08-20 05:54:15,372 INFO mean_cn3    1.392 n=8758
2017-08-20 05:54:15,372 INFO min_cn5     0.873 n=8758
2017-08-20 05:54:15,372 INFO idw_p2_dt   1.024 n=8620
2017-08-20 05:54:15,373 INFO mean_all    1.028 n=8758
2017-08-20 05:54:15,373 INFO median_all  1.026 n=8758
2017-08-20 05:54:15,373 INFO max_cn5     2.167 n=8758
2017-08-20 05:54:15,373 INFO idw_p3_dt   1.024 n=8620
2017-08-20 05:54:15,373 INFO median_cn3  1.497 n=8758
2017-08-20 05:54:15,373 INFO idw_p1_cn3  1.108 n=8758
2017-08-20 05:54:15,373 INFO idw_p3_cn5  1.013 n=8758
2017-08-20 05:54:15,373 INFO idw_p4_dt   1.026 n=8620
2017-08-20 05:54:15,373 INFO eddh        0.896 n=8749
2017-08-20 05:54:15,373 INFO min_dt      0.935 n=8620
2017-08-20 05:54:15,373 INFO idw_p2_cn3  1.031 n=8758
2017-08-20 05:54:15,374 INFO idw_p2_cn5  1.021 n=8758
2017-08-20 05:54:15,374 INFO idw_p1_cn5  1.090 n=8758
2017-08-20 05:54:15,374 INFO idw_p4_cn5  1.013 n=8758
2017-08-20 05:54:15,374 INFO idw_p1_all  1.055 n=8758
2017-08-20 05:54:15,374 INFO mean_dt     1.085 n=8620
2017-08-20 05:54:15,374 INFO median_cn5  1.320 n=8758
2017-08-20 05:54:15,374 INFO max_all     2.671 n=8758
2017-08-20 05:54:15,374 INFO max_dt      1.913 n=8620
2017-08-20 05:54:15,374 INFO end method list
2017-08-20 05:54:15,529 INFO interpolate for WWM
2017-08-20 05:54:15,530 INFO currently at 9 out of 10
2017-08-20 05:54:15,530 INFO use IHAMBURG229 IHAMBURG69 IHAMBURG184 IHAMBURG1548 IHAMBURG403 IHAMBURG469 IHAMBURG214 IHAMBURG1194 IHAMBURG289 IHAMBURG604 IHAMBURG465 IHAMBURG1128 IHAMBURG600 IHAMBURG772 IHAMBURG376 IHAMBURG741 IHAMBURG1142 IHAMBURG1186 IHAMBURG80 IHAMBURG499 IHAMBURG154 IHHRISSE2 IHAMBURG1208 IHAMBURG656 IHAMBURG128 IHAMBURG1360 IHAMBURG1098 IHAMBURG1192 IHAMBURG646 IHAMBURG1234 IHAMBURG50 IHAMBURG998 IHAMBURG119 IHAMBURG565 IHAMBURG98 IHAMBURG2052 IHAMBURG1504 IHAMBURG1296 IHAMBURG168 IHAMBURG1200 IHAMBURG971 IHAMBURG104 IHAMBURG1236 IHAMBURG789 IHAMBURG1787 IHAMBURG2025 IHAMBURG1508 IHAMBURG367 IHAMBURG230 IHAMBURG628 IHAMBURG1204 IHAMBURG1102 IHAMBURG1830 IHAMBURG1832 IHAMBURG363 IHAMBURG340 IHAMBURG1346 IHAMBURG1136 IHAMBURG53 IHAMBURG1144 IHAMBURG68 IHAMBURG209 IHAMBURG1002 IHAMBURG237 IHAMBURG258 IHAMBURG400 IHAMBURG2024 IHAMBURG1306 IHAMBURG731 IHAMBURG1462 IHAMBURG61 IHAMBURG1342 IHAMBURG1458 IHAMBURG192 IHAMBURG1184 IHAMBURG540 IHAMBURG1540 IHAMBURG1391 IHAMBURG778 IHAMBURG380 IHHHELLB2 IHAMBURG450 IHAMBURG1266 IHAMBURG1797 IHAMBURG1172 IOSTSTEI3 IHAMBURG1188 IHAMBURG1464 IHAMBURG550 IHAMBURG60 IHAMBURG479 IHAMBURG844 IHAMBURG405 IHAMBURG1036 IHAMBURG1300 IHAMBURG285 IHAMBURG487 IHAMBURG180 IHAMBURG42 IHAMBURG737 ISEEVETA49 IHAMBURG1082 IHAMBURG514 IWINSENL6 IHAMBURG1470 IHAMBURG56 IHAMBURG200 IHAMBURG1302 IHAMBURG439 IHAMBURG333 IHAMBURG684 IHAMBURG1783 IHAMBURG481 IHAMBURG316 IHAMBURG256 IHAMBURG460 IHAMBURG654 IHAMBURG1044 IHAMBURG1150 IHAMBURG1254 IHAMBURG250 IHAMBURG1411 IHAMBURG1154 IHAMBURG175 IHAMBURG280 IHAMBURG640 IHAMBURG417 IHAMBURG123 IHAMBURG664 IHAMBURG109 IHAMBURG1064 IHAMBURG938 IHAMBURG914 IHAMBURG108 IHAMBURG195 IHAMBURG1791 IHAMBURG204 IHAMBURG1421 INORDERS21 IHAMBURG1368 IHAMBURG2029 IHAMBURG365 IHAMBURG709 IHAMBURG361 IHAMBURG471 IHAMBURG113 IHAMBURG353 IHAMBURG1216 IHAMBURG219 IHAMBURG1134 IHAMBURG142 IHAMBURG803 IHHMEIEN2 IHAMBURG1494 IHAMBURG404 IHAMBURG527 IHAMBURG329 IHAMBURG206 IHAMBURG2026 IHAMBURG1086 IHAMBURG1538 IHAMBURG338 IHAMBURG49 IHAMBURG610 IHAMBURG1152 IHAMBURG172 IHAMBURG199 IHAMBURG1068 IHAMBURG1058 IHAMBURG308 IHAMBURG693 IHAMBURG1478 IHHBERGS2 IHAMBURG1212 IHAMBURG832 IHAMBURG375 IHAMBURG1284 IHAMBURG454 IHAMBURG162 IHAMBURG1076 IHAMBURG1008 IHAMBURG1108 IHAMBURG1110 IHAMBURG1114 IHAMBURG1118 IHAMBURG1230 IHAMBURG1252 IHAMBURG131 IHAMBURG1314 IHAMBURG1372 IHAMBURG1377 IHAMBURG158 IHAMBURG1586 IHAMBURG1600 IHAMBURG218 IHAMBURG222 IHAMBURG355 IHAMBURG435 IHAMBURG489 IHAMBURG64 IHAMBURG648 IHAMBURG84
2017-08-20 06:06:04,222 INFO idw_p1_dt   1.049 n=8634
2017-08-20 06:06:04,223 INFO nn          1.011 n=8782
2017-08-20 06:06:04,223 INFO min_cn3     0.920 n=8782
2017-08-20 06:06:04,223 INFO idw_p3_cn3  1.028 n=8782
2017-08-20 06:06:04,223 INFO idw_p4_all  0.993 n=8782
2017-08-20 06:06:04,224 INFO idw_p4_cn3  1.006 n=8782
2017-08-20 06:06:04,224 INFO idw_p2_all  1.083 n=8782
2017-08-20 06:06:04,224 INFO max_cn3     2.119 n=8782
2017-08-20 06:06:04,224 INFO mean_cn5    1.281 n=8782
2017-08-20 06:06:04,224 INFO median_dt   1.024 n=8634
2017-08-20 06:06:04,224 INFO idw_p3_all  1.022 n=8782
2017-08-20 06:06:04,224 INFO min_all     3.147 n=8782
2017-08-20 06:06:04,224 INFO mean_cn3    1.442 n=8782
2017-08-20 06:06:04,224 INFO min_cn5     0.777 n=8782
2017-08-20 06:06:04,224 INFO idw_p2_dt   1.026 n=8634
2017-08-20 06:06:04,224 INFO mean_all    1.047 n=8782
2017-08-20 06:06:04,224 INFO median_all  1.041 n=8782
2017-08-20 06:06:04,225 INFO max_cn5     2.220 n=8782
2017-08-20 06:06:04,225 INFO idw_p3_dt   1.011 n=8634
2017-08-20 06:06:04,225 INFO median_cn3  1.573 n=8782
2017-08-20 06:06:04,225 INFO idw_p1_cn3  1.230 n=8782
2017-08-20 06:06:04,225 INFO idw_p3_cn5  1.016 n=8782
2017-08-20 06:06:04,225 INFO idw_p4_dt   1.004 n=8634
2017-08-20 06:06:04,225 INFO eddh        1.016 n=8771
2017-08-20 06:06:04,225 INFO min_dt      0.799 n=8634
2017-08-20 06:06:04,225 INFO idw_p2_cn3  1.088 n=8782
2017-08-20 06:06:04,225 INFO idw_p2_cn5  1.069 n=8782
2017-08-20 06:06:04,225 INFO idw_p1_cn5  1.174 n=8782
2017-08-20 06:06:04,225 INFO idw_p4_cn5  0.998 n=8782
2017-08-20 06:06:04,226 INFO idw_p1_all  1.090 n=8782
2017-08-20 06:06:04,226 INFO mean_dt     1.070 n=8634
2017-08-20 06:06:04,226 INFO median_cn5  1.335 n=8782
2017-08-20 06:06:04,226 INFO max_all     2.730 n=8782
2017-08-20 06:06:04,226 INFO max_dt      1.939 n=8634
2017-08-20 06:06:04,226 INFO end method list
2017-08-20 06:06:04,376 INFO interpolate for ZOM
2017-08-20 06:06:04,377 INFO currently at 10 out of 10
2017-08-20 06:06:04,377 INFO use IHAMBURG229 IHAMBURG69 IHAMBURG184 IHAMBURG1548 IHAMBURG403 IHAMBURG469 IHAMBURG214 IHAMBURG1194 IHAMBURG289 IHAMBURG604 IHAMBURG465 IHAMBURG1128 IHAMBURG600 IHAMBURG772 IHAMBURG376 IHAMBURG741 IHAMBURG1142 IHAMBURG1186 IHAMBURG80 IHAMBURG499 IHAMBURG154 IHHRISSE2 IHAMBURG1208 IHAMBURG656 IHAMBURG128 IHAMBURG1360 IHAMBURG1098 IHAMBURG1192 IHAMBURG646 IHAMBURG1234 IHAMBURG50 IHAMBURG998 IHAMBURG119 IHAMBURG565 IHAMBURG98 IHAMBURG2052 IHAMBURG1504 IHAMBURG1296 IHAMBURG168 IHAMBURG1200 IHAMBURG971 IHAMBURG104 IHAMBURG1236 IHAMBURG789 IHAMBURG1787 IHAMBURG2025 IHAMBURG1508 IHAMBURG367 IHAMBURG230 IHAMBURG628 IHAMBURG1204 IHAMBURG1102 IHAMBURG1830 IHAMBURG1832 IHAMBURG363 IHAMBURG340 IHAMBURG1346 IHAMBURG1136 IHAMBURG53 IHAMBURG1144 IHAMBURG68 IHAMBURG209 IHAMBURG1002 IHAMBURG237 IHAMBURG258 IHAMBURG400 IHAMBURG2024 IHAMBURG1306 IHAMBURG731 IHAMBURG1462 IHAMBURG61 IHAMBURG1342 IHAMBURG1458 IHAMBURG192 IHAMBURG1184 IHAMBURG540 IHAMBURG1540 IHAMBURG1391 IHAMBURG778 IHAMBURG380 IHHHELLB2 IHAMBURG450 IHAMBURG1266 IHAMBURG1797 IHAMBURG1172 IOSTSTEI3 IHAMBURG1188 IHAMBURG1464 IHAMBURG550 IHAMBURG60 IHAMBURG479 IHAMBURG844 IHAMBURG405 IHAMBURG1036 IHAMBURG1300 IHAMBURG285 IHAMBURG487 IHAMBURG180 IHAMBURG42 IHAMBURG737 ISEEVETA49 IHAMBURG1082 IHAMBURG514 IWINSENL6 IHAMBURG1470 IHAMBURG56 IHAMBURG200 IHAMBURG1302 IHAMBURG439 IHAMBURG333 IHAMBURG684 IHAMBURG1783 IHAMBURG481 IHAMBURG316 IHAMBURG256 IHAMBURG460 IHAMBURG654 IHAMBURG1044 IHAMBURG1150 IHAMBURG1254 IHAMBURG250 IHAMBURG1411 IHAMBURG1154 IHAMBURG175 IHAMBURG280 IHAMBURG640 IHAMBURG417 IHAMBURG123 IHAMBURG664 IHAMBURG109 IHAMBURG1064 IHAMBURG938 IHAMBURG914 IHAMBURG108 IHAMBURG195 IHAMBURG1791 IHAMBURG204 IHAMBURG1421 INORDERS21 IHAMBURG1368 IHAMBURG2029 IHAMBURG365 IHAMBURG709 IHAMBURG361 IHAMBURG471 IHAMBURG113 IHAMBURG353 IHAMBURG1216 IHAMBURG219 IHAMBURG1134 IHAMBURG142 IHAMBURG803 IHHMEIEN2 IHAMBURG1494 IHAMBURG404 IHAMBURG527 IHAMBURG329 IHAMBURG206 IHAMBURG2026 IHAMBURG1086 IHAMBURG1538 IHAMBURG338 IHAMBURG49 IHAMBURG610 IHAMBURG1152 IHAMBURG172 IHAMBURG199 IHAMBURG1068 IHAMBURG1058 IHAMBURG308 IHAMBURG693 IHAMBURG1478 IHHBERGS2 IHAMBURG1212 IHAMBURG832 IHAMBURG375 IHAMBURG1284 IHAMBURG454 IHAMBURG162 IHAMBURG1076 IHAMBURG1008 IHAMBURG1108 IHAMBURG1110 IHAMBURG1114 IHAMBURG1118 IHAMBURG1230 IHAMBURG1252 IHAMBURG131 IHAMBURG1314 IHAMBURG1372 IHAMBURG1377 IHAMBURG158 IHAMBURG1586 IHAMBURG1600 IHAMBURG218 IHAMBURG222 IHAMBURG355 IHAMBURG435 IHAMBURG489 IHAMBURG64 IHAMBURG648 IHAMBURG84
2017-08-20 06:17:51,618 INFO idw_p1_dt   0.690 n=8630
2017-08-20 06:17:51,619 INFO nn          0.658 n=8768
2017-08-20 06:17:51,619 INFO min_cn3     0.837 n=8768
2017-08-20 06:17:51,619 INFO idw_p3_cn3  0.650 n=8768
2017-08-20 06:17:51,619 INFO idw_p4_all  0.649 n=8768
2017-08-20 06:17:51,620 INFO idw_p4_cn3  0.654 n=8768
2017-08-20 06:17:51,620 INFO idw_p2_all  0.725 n=8768
2017-08-20 06:17:51,620 INFO max_cn3     1.238 n=8768
2017-08-20 06:17:51,620 INFO mean_cn5    0.813 n=8768
2017-08-20 06:17:51,620 INFO median_dt   0.755 n=8630
2017-08-20 06:17:51,620 INFO idw_p3_all  0.667 n=8768
2017-08-20 06:17:51,620 INFO min_all     3.462 n=8768
2017-08-20 06:17:51,620 INFO mean_cn3    0.737 n=8768
2017-08-20 06:17:51,620 INFO min_cn5     0.883 n=8768
2017-08-20 06:17:51,620 INFO idw_p2_dt   0.658 n=8630
2017-08-20 06:17:51,620 INFO mean_all    0.747 n=8768
2017-08-20 06:17:51,620 INFO median_all  0.743 n=8768
2017-08-20 06:17:51,620 INFO max_cn5     1.672 n=8768
2017-08-20 06:17:51,621 INFO idw_p3_dt   0.654 n=8630
2017-08-20 06:17:51,621 INFO median_cn3  0.726 n=8768
2017-08-20 06:17:51,621 INFO idw_p1_cn3  0.672 n=8768
2017-08-20 06:17:51,621 INFO idw_p3_cn5  0.649 n=8768
2017-08-20 06:17:51,621 INFO idw_p4_dt   0.656 n=8630
2017-08-20 06:17:51,621 INFO eddh        1.108 n=8764
2017-08-20 06:17:51,621 INFO min_dt      0.911 n=8630
2017-08-20 06:17:51,621 INFO idw_p2_cn3  0.649 n=8768
2017-08-20 06:17:51,621 INFO idw_p2_cn5  0.665 n=8768
2017-08-20 06:17:51,621 INFO idw_p1_cn5  0.727 n=8768
2017-08-20 06:17:51,621 INFO idw_p4_cn5  0.651 n=8768
2017-08-20 06:17:51,622 INFO idw_p1_all  0.750 n=8768
2017-08-20 06:17:51,622 INFO mean_dt     0.780 n=8630
2017-08-20 06:17:51,622 INFO median_cn5  0.781 n=8768
2017-08-20 06:17:51,622 INFO max_all     2.230 n=8768
2017-08-20 06:17:51,622 INFO max_dt      1.314 n=8630
2017-08-20 06:17:51,622 INFO end method list
2017-08-20 06:17:51,818 INFO nn          1.251 n=87391
2017-08-20 06:17:51,819 INFO idw_p4_dt   1.135 n=67932
2017-08-20 06:17:51,819 INFO idw_p3_cn3  1.183 n=87391
2017-08-20 06:17:51,819 INFO mean_cn5    1.197 n=87391
2017-08-20 06:17:51,819 INFO median_dt   1.012 n=67932
2017-08-20 06:17:51,819 INFO idw_p3_all  1.132 n=87391
2017-08-20 06:17:51,820 INFO min_all     3.233 n=87391
2017-08-20 06:17:51,820 INFO min_cn5     1.013 n=87391
2017-08-20 06:17:51,820 INFO idw_p3_cn5  1.154 n=87391
2017-08-20 06:17:51,820 INFO idw_p2_cn3  1.180 n=87391
2017-08-20 06:17:51,821 INFO idw_p2_cn5  1.147 n=87391
2017-08-20 06:17:51,821 INFO idw_p1_all  1.142 n=87391
2017-08-20 06:17:51,821 INFO max_cn5     2.042 n=87391
2017-08-20 06:17:51,821 INFO idw_p1_dt   1.032 n=67932
2017-08-20 06:17:51,822 INFO max_all     2.729 n=87391
2017-08-20 06:17:51,822 INFO min_cn3     1.024 n=87391
2017-08-20 06:17:51,822 INFO idw_p4_all  1.148 n=87391
2017-08-20 06:17:51,822 INFO idw_p4_cn3  1.190 n=87391
2017-08-20 06:17:51,823 INFO idw_p2_dt   1.077 n=67932
2017-08-20 06:17:51,823 INFO max_cn3     1.854 n=87391
2017-08-20 06:17:51,823 INFO idw_p1_cn3  1.197 n=87391
2017-08-20 06:17:51,823 INFO mean_dt     1.000 n=67932
2017-08-20 06:17:51,824 INFO idw_p2_all  1.135 n=87391
2017-08-20 06:17:51,824 INFO mean_cn3    1.258 n=87391
2017-08-20 06:17:51,824 INFO mean_all    1.159 n=87391
2017-08-20 06:17:51,824 INFO median_all  1.157 n=87391
2017-08-20 06:17:51,824 INFO idw_p3_dt   1.111 n=67932
2017-08-20 06:17:51,825 INFO min_dt      0.950 n=67932
2017-08-20 06:17:51,825 INFO eddh        1.038 n=87314
2017-08-20 06:17:51,825 INFO idw_p1_cn5  1.160 n=87391
2017-08-20 06:17:51,825 INFO idw_p4_cn5  1.167 n=87391
2017-08-20 06:17:51,826 INFO max_dt      1.590 n=67932
2017-08-20 06:17:51,826 INFO median_cn3  1.310 n=87391
2017-08-20 06:17:51,826 INFO median_cn5  1.181 n=87391
