2017-08-21 08:06:55,477 INFO ### Start new logging
2017-08-21 08:06:55,478 INFO General Overview
2017-08-21 08:06:55,478 INFO targets: HCM IHM LGM LWM RIM SGM SWM WGM WWM ZOM
2017-08-21 08:06:55,478 INFO neighbours: IHHNEUGR2 IHAMBURG123 IHAMBURG2088 IHAMBURG155 IHAMBURG598 IHAMBURG1198 IHHHAMBU3 IHAMBURG367 IHAMBURG1036 IHAMBURG93 IHAMBURG1628 IHAMBURG403 IHAMBURG2011 IHAMBURG487 IHHRISSE2 IHHKIRCH2 IHAMBURG1458 IHAMBURG632 IHAMBURG2045 IHAMBURG628 IHAMBURG286 IHHHINSC2 IHAMBURG213 IHAMBURG237 IHAMBURG604 IHAMBURG1787 IHAMBURG1470 IHAMBURG594 IHAMBURG1202 IHAMBURG1830 IHAMBURG2018 IHAMBURG832 IHHHINSC4 IHAMBURG22 IHAMBURG1252 IHAMBURG82 IHAMBURG630 IHAMBURG142 IHAMBURG565 IHAMBURG172 IHAMBURG1374 IHAMBURG166 IHAMBURG1945 IHAMBURG1002 IHAMBURG1920 IHAMBURG2017 IHAMBURG1933 IHAMBURG1976 IHAMBURG1256 IHAMBURG1254 ILBALVES2 IHAMBURG52 IHAMBURG1484 IHAMBURG489 IHAMBURG1841 IHAMBURG1600 IHAMBURG938 IHAMBURG136 IHAMBURG61 IHAMBURG251 IAHRENSB13 IHAMBURG1110 IHAMBURG128 IHAMBURG1655 IHAMBURG974 IHHSTEIL2 IHAMBURG108 IHAMBURG600 IHAMBURG1008 IHAMBURG329 IHAMBURG291 IHAMBURG1832 IHAMBURG1586 IHAMBURG439 IHAMBURG1216 IHAMBURG206 IHAMBURG1142 IHAMBURG2008 IHAMBURG56 IBNNINGS3 IHAMBURG239 IHAMBURG1074 IHHHINSC3 IHHEINLA2 IHAMBURG64 IHAMBURG2048 IHAMBURG1360 IHAMBURG131 IHAMBURG243 IHAMBURG209 IHAMBURG1128 IHAMBURG1526 IHHFUHLS2 ISANKTUR5 IHAMBURG1890 IHAMBURG867 IHAMBURG1214 IHAMBURG254 IHAMBURG664 IHHWILHE2 IHAMBURG1316 IHAMBURG149 IHAMBURG365 IHAMBURG361 IHAMBURG1923 IHAMBURG280 IHAMBURG1244 IHAMBURG1108 IHHMARIE3 IHAMBURG10 IHAMBURG292 IHAMBURG2034 IHAMBURG342 IHAMBURG646 IHAMBURG1538 IHAMBURG200 IHAMBURG988 IHAMBURG778 IHHNIEND2 IHAMBURG1082 IHAMBURG98 IHAMBURG44 IHHKLEIN2 IHAMBURG1300 IHAMBURG20 IHAMBURG662 IHAMBURG2013 IHAMBURG2043 IHAMBURG1136 IHAMBURG606 IHHSASEL2 IHAMBURG797 IHAMBURG1661 IHAMBURG1783 IHAMBURG497 IHAMBURG2065 IHAMBURG57 IHAMBURG1870 IHAMBURG222 IHAMBURG1819 IHAMBURG89 IHAMBURG550 IHAMBURG1639 IHAMBURG456 IHAMBURG1953 IHAMBURG2069 IHAMBURG1811 IHAMBURG1064 IHAMBURG1679 IHAMBURG812 IHHEIDEL4 IHAMBURG267 IHAMBURG1212 IHAMBURG1940 IHHRAHLS3 IHAMBURG1508 IHHMARIE5 IHAMBURG1675 IHAMBURG2002 IHAMBURG1270 IHAMBURG42 IHAMBURG1929 IHAMBURG1697 IHAMBURG204 IHAMBURG53 IHAMBURG951 IHAMBURG515 IHAMBURG847 IHAMBURG1635 IHAMBURG955 IHAMBURG887 IHAMBURG1098 IHAMBURG1916 IHAMBURG258 IHAMBURG1114 IHAMBURG715 IHAMBURG1864 IHAMBURG1922 IHAMBURG514 IHAMBURG268 IHAMBURG79 IHAMBURG1645 IHAMBURG1076 IHAMBURG41 IHAMBURG638 IHAMBURG1582 IHAMBURG398 IHAMBURG762 ISEEVETA49 IHAMBURG1332 IHAMBURG406 IHAMBURG215 IHAMBURG723 IHAMBURG1144 IHAMBURG537 IHAMBURG1236 IHAMBURG863 IHAMBURG1346 IHAMBURG971 IHAMBURG60 IHAMBURG1918 IHAMBURG1962 IHAMBURG95 IHHHOHEN3 IHAMBURG2085 IHAMBURG2000 IHAMBURG1054 IHAMBURG1124 IHAMBURG1629 IHAMBURG1266 IHAMBURG46 IHAMBURG1681 IHAMBURG674 INORDERS72 IHAMBURG417 IHAMBURG1464 IHAMBURG279 IHAMBURG146 IHAMBURG1616 IHAMBURG230 IHAMBURG1755 IHAMBURG289 IHAMBURG900 IHAMBURG1942 IHHSCHNE3 IHAMBURG1188 IHAMBURG2024 IHAMBURG699 IHAMBURG1771 IHAMBURG2072 IHAMBURG844 IHAMBURG170 IHAMBURG164 IHAMBURG1815 IHAMBURG1986 IHAMBURG114 ILBHOOPT2 IHHSCHNE2 IHAMBURG774 IHAMBURG787 IHHFARMS2 IHAMBURG412 IHAMBURG1092 IHAMBURG914 IHAMBURG1184 IHAMBURG274 IHAMBURG2026 IHAMBURG224 IHAMBURG184 IHAMBURG1428 IHAMBURG452 IHAMBURG1699 IHAMBURG1977 IHAMBURG969 IHAMBURG620 IHAMBURG189 IHAMBURG104 IHAMBURG32 IWEDEL8 IHAMBURG353 IHAMBURG1134 IHAMBURG1220 IHHLANGE3 IHAMBURG423 IHAMBURG772 IHHWELLI2 IHAMBURG333 IHAMBURG394 IHAMBURG315 IHAMBURG1314 IHAMBURG1421 IHHHAMBU5 IHAMBURG2062 IHAMBURG517 IHAMBURG338 IHAMBURG990 IHAMBURG341 IHHHAMBU4 IHAMBURG355 IHAMBURG2076 IHAMBURG1946 IHAMBURG851 IHAMBURG1671 IHAMBURG34 IHAMBURG99 IHAMBURG50 IHAMBURG2042 IHAMBURG1985 IHAMBURG1150 IHAMBURG1930 IHAMBURG154 IHHHAMBU2 IHAMBURG1990 IHAMBURG1512 IHAMBURG460 IHHALSTE2 IHAMBURG2031 IHAMBURG1643 IHAMBURG1436 IHAMBURG719 IHHBARMB6 IHAMBURG1152 IHAMBURG768 IHAMBURG1056 IHAMBURG250 IHAMBURG1192 IHAMBURG410 IHAMBURG567 IHHWINTE4 IHAMBURG68 IBARSBTT19 IHAMBURG150 IHAMBURG1967 IHAMBURG1791 IHAMBURG308 IHAMBURG693 IHAMBURG479 IHAMBURG183 IHAMBURG1052 IHAMBURG1336 IHAMBURG2009 IHAMBURG2025 IHAMBURG1088 IHAMBURG1974 IHAMBURG454 IHAMBURG840 IHAMBURG1112 IHAMBURG1306 IHAMBURG163 IHHHOHEN2 IHAMBURG1910 IHAMBURG499 IHAMBURG1516 IHAMBURG380 IHAMBURG1102 IHHFUHLS3 IHAMBURG1982 IHHHELLB3 IHAMBURG1342 IHAMBURG1952 IHAMBURG390 IHAMBURG376 IHAMBURG1995 IHAMBURG1540 IHAMBURG190 IHAMBURG978 IHAMBURG1411 IHHWANDS2 IHAMBURG875 IHAMBURG119 IHAMBURG1391 IHAMBURG976 IHAMBURG2030 IHAMBURG162 IHAMBURG260 IHAMBURG335 IHAMBURG933 IWENTORF21 IHAMBURG957 IHAMBURG404 IHAMBURG169 IHAMBURG1292 IHAMBURG316 IHORN16 IHAMBURG1268 IHAMBURG1176 IHAMBURG218 IHAMBURG1282 IHAMBURG195 IHAMBURG1106 IHAMBURG731 IHAMBURG270 IHAMBURG1614 IHAMBURG1735 IHAMBURG998 IHHNEUBO3 IHAMBURG285 IHAMBURG1389 IHAMBURG1166 IHAMBURG402 IHAMBURG198 IHAMBURG684 IHAMBURG1302 IHHBARMB5 IHAMBURG441 IHAMBURG132 IHAMBURG1622 IHAMBURG1845 IHAMBURG276 IHAMBURG2005 ISEEVETA74 IHAMBURG84 IHAMBURG2079 IHHWINTE2 IHAMBURG1476 IHHBERGS2 IHAMBURG880 IHAMBURG737 IHAMBURG152 IBORNSEN2 IHAMBURG1326 IHAMBURG158 IHAMBURG140 IHAMBURG1058 ILBROSEN2 IHAMBURG1084 IHAMBURG1156 IHAMBURG171 IHAMBURG214 IHAMBURG1620 IHAMBURG69 IHAMBURG1194 IHAMBURG935 IHAMBURG1120 IHAMBURG656 IHAMBURG1086 IHAMBURG1691 IHAMBURG1548 IHAMBURG144 IHAMBURG261 IHAMBURG1230 IHAMBURG481 IHAMBURG469 INORDERS5 IHAMBURG1028 IHAMBURG927 IHAMBURG1180 IHAMBURG92 IHHCURSL2 IHAMBURG216 IHAMBURG1973 IHAMBURG1190 IHAMBURG1284 IHAMBURG805 IHAMBURG106 IHHSINST2 IHAMBURG1427 IHAMBURG262 IHAMBURG803 IHAMBURG256 IHAMBURG1296 IHAMBURG1709 IHAMBURG1182
2017-08-21 08:06:55,478 INFO End overview
2017-08-21 08:06:55,478 INFO Several Runs
2017-08-21 08:06:55,478 INFO end targets
2017-08-21 08:06:55,479 INFO overall results
2017-08-21 08:06:55,479 INFO interpolate for HCM
2017-08-21 08:06:55,479 INFO currently at 1 out of 10
2017-08-21 08:06:55,479 INFO use IHHNEUGR2 IHAMBURG123 IHAMBURG2088 IHAMBURG155 IHAMBURG598 IHAMBURG1198 IHHHAMBU3 IHAMBURG367 IHAMBURG1036 IHAMBURG93 IHAMBURG1628 IHAMBURG403 IHAMBURG2011 IHAMBURG487 IHHRISSE2 IHHKIRCH2 IHAMBURG1458 IHAMBURG632 IHAMBURG2045 IHAMBURG628 IHAMBURG286 IHHHINSC2 IHAMBURG213 IHAMBURG237 IHAMBURG604 IHAMBURG1787 IHAMBURG1470 IHAMBURG594 IHAMBURG1202 IHAMBURG1830 IHAMBURG2018 IHAMBURG832 IHHHINSC4 IHAMBURG22 IHAMBURG1252 IHAMBURG82 IHAMBURG630 IHAMBURG142 IHAMBURG565 IHAMBURG172 IHAMBURG1374 IHAMBURG166 IHAMBURG1945 IHAMBURG1002 IHAMBURG1920 IHAMBURG2017 IHAMBURG1933 IHAMBURG1976 IHAMBURG1256 IHAMBURG1254 ILBALVES2 IHAMBURG52 IHAMBURG1484 IHAMBURG489 IHAMBURG1841 IHAMBURG1600 IHAMBURG938 IHAMBURG136 IHAMBURG61 IHAMBURG251 IAHRENSB13 IHAMBURG1110 IHAMBURG128 IHAMBURG1655 IHAMBURG974 IHHSTEIL2 IHAMBURG108 IHAMBURG600 IHAMBURG1008 IHAMBURG329 IHAMBURG291 IHAMBURG1832 IHAMBURG1586 IHAMBURG439 IHAMBURG1216 IHAMBURG206 IHAMBURG1142 IHAMBURG2008 IHAMBURG56 IBNNINGS3 IHAMBURG239 IHAMBURG1074 IHHHINSC3 IHHEINLA2 IHAMBURG64 IHAMBURG2048 IHAMBURG1360 IHAMBURG131 IHAMBURG243 IHAMBURG209 IHAMBURG1128 IHAMBURG1526 IHHFUHLS2 ISANKTUR5 IHAMBURG1890 IHAMBURG867 IHAMBURG1214 IHAMBURG254 IHAMBURG664 IHHWILHE2 IHAMBURG1316 IHAMBURG149 IHAMBURG365 IHAMBURG361 IHAMBURG1923 IHAMBURG280 IHAMBURG1244 IHAMBURG1108 IHHMARIE3 IHAMBURG10 IHAMBURG292 IHAMBURG2034 IHAMBURG342 IHAMBURG646 IHAMBURG1538 IHAMBURG200 IHAMBURG988 IHAMBURG778 IHHNIEND2 IHAMBURG1082 IHAMBURG98 IHAMBURG44 IHHKLEIN2 IHAMBURG1300 IHAMBURG20 IHAMBURG662 IHAMBURG2013 IHAMBURG2043 IHAMBURG1136 IHAMBURG606 IHHSASEL2 IHAMBURG797 IHAMBURG1661 IHAMBURG1783 IHAMBURG497 IHAMBURG2065 IHAMBURG57 IHAMBURG1870 IHAMBURG222 IHAMBURG1819 IHAMBURG89 IHAMBURG550 IHAMBURG1639 IHAMBURG456 IHAMBURG1953 IHAMBURG2069 IHAMBURG1811 IHAMBURG1064 IHAMBURG1679 IHAMBURG812 IHHEIDEL4 IHAMBURG267 IHAMBURG1212 IHAMBURG1940 IHHRAHLS3 IHAMBURG1508 IHHMARIE5 IHAMBURG1675 IHAMBURG2002 IHAMBURG1270 IHAMBURG42 IHAMBURG1929 IHAMBURG1697 IHAMBURG204 IHAMBURG53 IHAMBURG951 IHAMBURG515 IHAMBURG847 IHAMBURG1635 IHAMBURG955 IHAMBURG887 IHAMBURG1098 IHAMBURG1916 IHAMBURG258 IHAMBURG1114 IHAMBURG715 IHAMBURG1864 IHAMBURG1922 IHAMBURG514 IHAMBURG268 IHAMBURG79 IHAMBURG1645 IHAMBURG1076 IHAMBURG41 IHAMBURG638 IHAMBURG1582 IHAMBURG398 IHAMBURG762 ISEEVETA49 IHAMBURG1332 IHAMBURG406 IHAMBURG215 IHAMBURG723 IHAMBURG1144 IHAMBURG537 IHAMBURG1236 IHAMBURG863 IHAMBURG1346 IHAMBURG971 IHAMBURG60 IHAMBURG1918 IHAMBURG1962 IHAMBURG95 IHHHOHEN3 IHAMBURG2085 IHAMBURG2000 IHAMBURG1054 IHAMBURG1124 IHAMBURG1629 IHAMBURG1266 IHAMBURG46 IHAMBURG1681 IHAMBURG674 INORDERS72 IHAMBURG417 IHAMBURG1464 IHAMBURG279 IHAMBURG146 IHAMBURG1616 IHAMBURG230 IHAMBURG1755 IHAMBURG289 IHAMBURG900 IHAMBURG1942 IHHSCHNE3 IHAMBURG1188 IHAMBURG2024 IHAMBURG699 IHAMBURG1771 IHAMBURG2072 IHAMBURG844 IHAMBURG170 IHAMBURG164 IHAMBURG1815 IHAMBURG1986 IHAMBURG114 ILBHOOPT2 IHHSCHNE2 IHAMBURG774 IHAMBURG787 IHHFARMS2 IHAMBURG412 IHAMBURG1092 IHAMBURG914 IHAMBURG1184 IHAMBURG274 IHAMBURG2026 IHAMBURG224 IHAMBURG184 IHAMBURG1428 IHAMBURG452 IHAMBURG1699 IHAMBURG1977 IHAMBURG969 IHAMBURG620 IHAMBURG189 IHAMBURG104 IHAMBURG32 IWEDEL8 IHAMBURG353 IHAMBURG1134 IHAMBURG1220 IHHLANGE3 IHAMBURG423 IHAMBURG772 IHHWELLI2 IHAMBURG333 IHAMBURG394 IHAMBURG315 IHAMBURG1314 IHAMBURG1421 IHHHAMBU5 IHAMBURG2062 IHAMBURG517 IHAMBURG338 IHAMBURG990 IHAMBURG341 IHHHAMBU4 IHAMBURG355 IHAMBURG2076 IHAMBURG1946 IHAMBURG851 IHAMBURG1671 IHAMBURG34 IHAMBURG99 IHAMBURG50 IHAMBURG2042 IHAMBURG1985 IHAMBURG1150 IHAMBURG1930 IHAMBURG154 IHHHAMBU2 IHAMBURG1990 IHAMBURG1512 IHAMBURG460 IHHALSTE2 IHAMBURG2031 IHAMBURG1643 IHAMBURG1436 IHAMBURG719 IHHBARMB6 IHAMBURG1152 IHAMBURG768 IHAMBURG1056 IHAMBURG250 IHAMBURG1192 IHAMBURG410 IHAMBURG567 IHHWINTE4 IHAMBURG68 IBARSBTT19 IHAMBURG150 IHAMBURG1967 IHAMBURG1791 IHAMBURG308 IHAMBURG693 IHAMBURG479 IHAMBURG183 IHAMBURG1052 IHAMBURG1336 IHAMBURG2009 IHAMBURG2025 IHAMBURG1088 IHAMBURG1974 IHAMBURG454 IHAMBURG840 IHAMBURG1112 IHAMBURG1306 IHAMBURG163 IHHHOHEN2 IHAMBURG1910 IHAMBURG499 IHAMBURG1516 IHAMBURG380 IHAMBURG1102 IHHFUHLS3 IHAMBURG1982 IHHHELLB3 IHAMBURG1342 IHAMBURG1952 IHAMBURG390 IHAMBURG376 IHAMBURG1995 IHAMBURG1540 IHAMBURG190 IHAMBURG978 IHAMBURG1411 IHHWANDS2 IHAMBURG875 IHAMBURG119 IHAMBURG1391 IHAMBURG976 IHAMBURG2030 IHAMBURG162 IHAMBURG260 IHAMBURG335 IHAMBURG933 IWENTORF21 IHAMBURG957 IHAMBURG404 IHAMBURG169 IHAMBURG1292 IHAMBURG316 IHORN16 IHAMBURG1268 IHAMBURG1176 IHAMBURG218 IHAMBURG1282 IHAMBURG195 IHAMBURG1106 IHAMBURG731 IHAMBURG270 IHAMBURG1614 IHAMBURG1735 IHAMBURG998 IHHNEUBO3 IHAMBURG285 IHAMBURG1389 IHAMBURG1166 IHAMBURG402 IHAMBURG198 IHAMBURG684 IHAMBURG1302 IHHBARMB5 IHAMBURG441 IHAMBURG132 IHAMBURG1622 IHAMBURG1845 IHAMBURG276 IHAMBURG2005 ISEEVETA74 IHAMBURG84 IHAMBURG2079 IHHWINTE2 IHAMBURG1476 IHHBERGS2 IHAMBURG880 IHAMBURG737 IHAMBURG152 IBORNSEN2 IHAMBURG1326 IHAMBURG158 IHAMBURG140 IHAMBURG1058 ILBROSEN2 IHAMBURG1084 IHAMBURG1156 IHAMBURG171 IHAMBURG214 IHAMBURG1620 IHAMBURG69 IHAMBURG1194 IHAMBURG935 IHAMBURG1120 IHAMBURG656 IHAMBURG1086 IHAMBURG1691 IHAMBURG1548 IHAMBURG144 IHAMBURG261 IHAMBURG1230 IHAMBURG481 IHAMBURG469 INORDERS5 IHAMBURG1028 IHAMBURG927 IHAMBURG1180 IHAMBURG92 IHHCURSL2 IHAMBURG216 IHAMBURG1973 IHAMBURG1190 IHAMBURG1284 IHAMBURG805 IHAMBURG106 IHHSINST2 IHAMBURG1427 IHAMBURG262 IHAMBURG803 IHAMBURG256 IHAMBURG1296 IHAMBURG1709 IHAMBURG1182
2017-08-21 08:32:45,333 INFO nn          3.188 n=8784
2017-08-21 08:32:45,334 INFO idw_p2_dt   2.989 n=8767
2017-08-21 08:32:45,334 INFO min_cn5     0.716 n=8784
2017-08-21 08:32:45,334 INFO idw_p4_cn5  3.055 n=8784
2017-08-21 08:32:45,334 INFO idw_p3_dt   3.095 n=8767
2017-08-21 08:32:45,335 INFO median_cn3  1.932 n=8784
2017-08-21 08:32:45,335 INFO max_cn5     3.957 n=8784
2017-08-21 08:32:45,335 INFO min_cn3     1.132 n=8784
2017-08-21 08:32:45,335 INFO eddh        1.379 n=8772
2017-08-21 08:32:45,335 INFO idw_p2_cn5  2.724 n=8784
2017-08-21 08:32:45,336 INFO idw_p1_cn5  2.169 n=8784
2017-08-21 08:32:45,336 INFO idw_p2_all  2.013 n=8784
2017-08-21 08:32:45,336 INFO idw_p2_cn3  2.860 n=8784
2017-08-21 08:32:45,336 INFO idw_p4_cn3  3.065 n=8784
2017-08-21 08:32:45,336 INFO min_dt      1.075 n=8767
2017-08-21 08:32:45,336 INFO median_cn5  1.371 n=8784
2017-08-21 08:32:45,337 INFO max_dt      3.616 n=8767
2017-08-21 08:32:45,337 INFO max_cn3     3.700 n=8784
2017-08-21 08:32:45,337 INFO idw_p3_all  2.859 n=8784
2017-08-21 08:32:45,337 INFO idw_p1_cn3  2.532 n=8784
2017-08-21 08:32:45,337 INFO mean_cn3    2.090 n=8784
2017-08-21 08:32:45,338 INFO median_dt   1.742 n=8767
2017-08-21 08:32:45,338 INFO max_all     15.132 n=8784
2017-08-21 08:32:45,338 INFO idw_p1_all  1.074 n=8784
2017-08-21 08:32:45,338 INFO idw_p1_dt   2.607 n=8767
2017-08-21 08:32:45,338 INFO idw_p3_cn5  2.965 n=8784
2017-08-21 08:32:45,338 INFO idw_p4_dt   3.136 n=8767
2017-08-21 08:32:45,339 INFO mean_cn5    1.623 n=8784
2017-08-21 08:32:45,339 INFO mean_all    0.926 n=8784
2017-08-21 08:32:45,339 INFO median_all  0.748 n=8784
2017-08-21 08:32:45,339 INFO idw_p4_all  3.042 n=8784
2017-08-21 08:32:45,339 INFO mean_dt     1.688 n=8767
2017-08-21 08:32:45,340 INFO idw_p3_cn3  3.001 n=8784
2017-08-21 08:32:45,340 INFO min_all     5.574 n=8784
2017-08-21 08:32:45,340 INFO end method list
2017-08-21 08:32:45,653 INFO interpolate for IHM
2017-08-21 08:32:45,653 INFO currently at 2 out of 10
2017-08-21 08:32:45,654 INFO use IHHNEUGR2 IHAMBURG123 IHAMBURG2088 IHAMBURG155 IHAMBURG598 IHAMBURG1198 IHHHAMBU3 IHAMBURG367 IHAMBURG1036 IHAMBURG93 IHAMBURG1628 IHAMBURG403 IHAMBURG2011 IHAMBURG487 IHHRISSE2 IHHKIRCH2 IHAMBURG1458 IHAMBURG632 IHAMBURG2045 IHAMBURG628 IHAMBURG286 IHHHINSC2 IHAMBURG213 IHAMBURG237 IHAMBURG604 IHAMBURG1787 IHAMBURG1470 IHAMBURG594 IHAMBURG1202 IHAMBURG1830 IHAMBURG2018 IHAMBURG832 IHHHINSC4 IHAMBURG22 IHAMBURG1252 IHAMBURG82 IHAMBURG630 IHAMBURG142 IHAMBURG565 IHAMBURG172 IHAMBURG1374 IHAMBURG166 IHAMBURG1945 IHAMBURG1002 IHAMBURG1920 IHAMBURG2017 IHAMBURG1933 IHAMBURG1976 IHAMBURG1256 IHAMBURG1254 ILBALVES2 IHAMBURG52 IHAMBURG1484 IHAMBURG489 IHAMBURG1841 IHAMBURG1600 IHAMBURG938 IHAMBURG136 IHAMBURG61 IHAMBURG251 IAHRENSB13 IHAMBURG1110 IHAMBURG128 IHAMBURG1655 IHAMBURG974 IHHSTEIL2 IHAMBURG108 IHAMBURG600 IHAMBURG1008 IHAMBURG329 IHAMBURG291 IHAMBURG1832 IHAMBURG1586 IHAMBURG439 IHAMBURG1216 IHAMBURG206 IHAMBURG1142 IHAMBURG2008 IHAMBURG56 IBNNINGS3 IHAMBURG239 IHAMBURG1074 IHHHINSC3 IHHEINLA2 IHAMBURG64 IHAMBURG2048 IHAMBURG1360 IHAMBURG131 IHAMBURG243 IHAMBURG209 IHAMBURG1128 IHAMBURG1526 IHHFUHLS2 ISANKTUR5 IHAMBURG1890 IHAMBURG867 IHAMBURG1214 IHAMBURG254 IHAMBURG664 IHHWILHE2 IHAMBURG1316 IHAMBURG149 IHAMBURG365 IHAMBURG361 IHAMBURG1923 IHAMBURG280 IHAMBURG1244 IHAMBURG1108 IHHMARIE3 IHAMBURG10 IHAMBURG292 IHAMBURG2034 IHAMBURG342 IHAMBURG646 IHAMBURG1538 IHAMBURG200 IHAMBURG988 IHAMBURG778 IHHNIEND2 IHAMBURG1082 IHAMBURG98 IHAMBURG44 IHHKLEIN2 IHAMBURG1300 IHAMBURG20 IHAMBURG662 IHAMBURG2013 IHAMBURG2043 IHAMBURG1136 IHAMBURG606 IHHSASEL2 IHAMBURG797 IHAMBURG1661 IHAMBURG1783 IHAMBURG497 IHAMBURG2065 IHAMBURG57 IHAMBURG1870 IHAMBURG222 IHAMBURG1819 IHAMBURG89 IHAMBURG550 IHAMBURG1639 IHAMBURG456 IHAMBURG1953 IHAMBURG2069 IHAMBURG1811 IHAMBURG1064 IHAMBURG1679 IHAMBURG812 IHHEIDEL4 IHAMBURG267 IHAMBURG1212 IHAMBURG1940 IHHRAHLS3 IHAMBURG1508 IHHMARIE5 IHAMBURG1675 IHAMBURG2002 IHAMBURG1270 IHAMBURG42 IHAMBURG1929 IHAMBURG1697 IHAMBURG204 IHAMBURG53 IHAMBURG951 IHAMBURG515 IHAMBURG847 IHAMBURG1635 IHAMBURG955 IHAMBURG887 IHAMBURG1098 IHAMBURG1916 IHAMBURG258 IHAMBURG1114 IHAMBURG715 IHAMBURG1864 IHAMBURG1922 IHAMBURG514 IHAMBURG268 IHAMBURG79 IHAMBURG1645 IHAMBURG1076 IHAMBURG41 IHAMBURG638 IHAMBURG1582 IHAMBURG398 IHAMBURG762 ISEEVETA49 IHAMBURG1332 IHAMBURG406 IHAMBURG215 IHAMBURG723 IHAMBURG1144 IHAMBURG537 IHAMBURG1236 IHAMBURG863 IHAMBURG1346 IHAMBURG971 IHAMBURG60 IHAMBURG1918 IHAMBURG1962 IHAMBURG95 IHHHOHEN3 IHAMBURG2085 IHAMBURG2000 IHAMBURG1054 IHAMBURG1124 IHAMBURG1629 IHAMBURG1266 IHAMBURG46 IHAMBURG1681 IHAMBURG674 INORDERS72 IHAMBURG417 IHAMBURG1464 IHAMBURG279 IHAMBURG146 IHAMBURG1616 IHAMBURG230 IHAMBURG1755 IHAMBURG289 IHAMBURG900 IHAMBURG1942 IHHSCHNE3 IHAMBURG1188 IHAMBURG2024 IHAMBURG699 IHAMBURG1771 IHAMBURG2072 IHAMBURG844 IHAMBURG170 IHAMBURG164 IHAMBURG1815 IHAMBURG1986 IHAMBURG114 ILBHOOPT2 IHHSCHNE2 IHAMBURG774 IHAMBURG787 IHHFARMS2 IHAMBURG412 IHAMBURG1092 IHAMBURG914 IHAMBURG1184 IHAMBURG274 IHAMBURG2026 IHAMBURG224 IHAMBURG184 IHAMBURG1428 IHAMBURG452 IHAMBURG1699 IHAMBURG1977 IHAMBURG969 IHAMBURG620 IHAMBURG189 IHAMBURG104 IHAMBURG32 IWEDEL8 IHAMBURG353 IHAMBURG1134 IHAMBURG1220 IHHLANGE3 IHAMBURG423 IHAMBURG772 IHHWELLI2 IHAMBURG333 IHAMBURG394 IHAMBURG315 IHAMBURG1314 IHAMBURG1421 IHHHAMBU5 IHAMBURG2062 IHAMBURG517 IHAMBURG338 IHAMBURG990 IHAMBURG341 IHHHAMBU4 IHAMBURG355 IHAMBURG2076 IHAMBURG1946 IHAMBURG851 IHAMBURG1671 IHAMBURG34 IHAMBURG99 IHAMBURG50 IHAMBURG2042 IHAMBURG1985 IHAMBURG1150 IHAMBURG1930 IHAMBURG154 IHHHAMBU2 IHAMBURG1990 IHAMBURG1512 IHAMBURG460 IHHALSTE2 IHAMBURG2031 IHAMBURG1643 IHAMBURG1436 IHAMBURG719 IHHBARMB6 IHAMBURG1152 IHAMBURG768 IHAMBURG1056 IHAMBURG250 IHAMBURG1192 IHAMBURG410 IHAMBURG567 IHHWINTE4 IHAMBURG68 IBARSBTT19 IHAMBURG150 IHAMBURG1967 IHAMBURG1791 IHAMBURG308 IHAMBURG693 IHAMBURG479 IHAMBURG183 IHAMBURG1052 IHAMBURG1336 IHAMBURG2009 IHAMBURG2025 IHAMBURG1088 IHAMBURG1974 IHAMBURG454 IHAMBURG840 IHAMBURG1112 IHAMBURG1306 IHAMBURG163 IHHHOHEN2 IHAMBURG1910 IHAMBURG499 IHAMBURG1516 IHAMBURG380 IHAMBURG1102 IHHFUHLS3 IHAMBURG1982 IHHHELLB3 IHAMBURG1342 IHAMBURG1952 IHAMBURG390 IHAMBURG376 IHAMBURG1995 IHAMBURG1540 IHAMBURG190 IHAMBURG978 IHAMBURG1411 IHHWANDS2 IHAMBURG875 IHAMBURG119 IHAMBURG1391 IHAMBURG976 IHAMBURG2030 IHAMBURG162 IHAMBURG260 IHAMBURG335 IHAMBURG933 IWENTORF21 IHAMBURG957 IHAMBURG404 IHAMBURG169 IHAMBURG1292 IHAMBURG316 IHORN16 IHAMBURG1268 IHAMBURG1176 IHAMBURG218 IHAMBURG1282 IHAMBURG195 IHAMBURG1106 IHAMBURG731 IHAMBURG270 IHAMBURG1614 IHAMBURG1735 IHAMBURG998 IHHNEUBO3 IHAMBURG285 IHAMBURG1389 IHAMBURG1166 IHAMBURG402 IHAMBURG198 IHAMBURG684 IHAMBURG1302 IHHBARMB5 IHAMBURG441 IHAMBURG132 IHAMBURG1622 IHAMBURG1845 IHAMBURG276 IHAMBURG2005 ISEEVETA74 IHAMBURG84 IHAMBURG2079 IHHWINTE2 IHAMBURG1476 IHHBERGS2 IHAMBURG880 IHAMBURG737 IHAMBURG152 IBORNSEN2 IHAMBURG1326 IHAMBURG158 IHAMBURG140 IHAMBURG1058 ILBROSEN2 IHAMBURG1084 IHAMBURG1156 IHAMBURG171 IHAMBURG214 IHAMBURG1620 IHAMBURG69 IHAMBURG1194 IHAMBURG935 IHAMBURG1120 IHAMBURG656 IHAMBURG1086 IHAMBURG1691 IHAMBURG1548 IHAMBURG144 IHAMBURG261 IHAMBURG1230 IHAMBURG481 IHAMBURG469 INORDERS5 IHAMBURG1028 IHAMBURG927 IHAMBURG1180 IHAMBURG92 IHHCURSL2 IHAMBURG216 IHAMBURG1973 IHAMBURG1190 IHAMBURG1284 IHAMBURG805 IHAMBURG106 IHHSINST2 IHAMBURG1427 IHAMBURG262 IHAMBURG803 IHAMBURG256 IHAMBURG1296 IHAMBURG1709 IHAMBURG1182
2017-08-21 08:58:09,413 INFO nn          2.174 n=8784
2017-08-21 08:58:09,413 INFO idw_p2_dt   2.174 n=8770
2017-08-21 08:58:09,413 INFO min_cn5     0.712 n=8784
2017-08-21 08:58:09,414 INFO idw_p4_cn5  2.045 n=8784
2017-08-21 08:58:09,414 INFO idw_p3_dt   2.208 n=8770
2017-08-21 08:58:09,414 INFO median_cn3  1.811 n=8784
2017-08-21 08:58:09,414 INFO max_cn5     6.284 n=8784
2017-08-21 08:58:09,414 INFO min_cn3     0.866 n=8784
2017-08-21 08:58:09,414 INFO eddh        1.486 n=8777
2017-08-21 08:58:09,414 INFO idw_p2_cn5  1.866 n=8784
2017-08-21 08:58:09,414 INFO idw_p1_cn5  1.803 n=8784
2017-08-21 08:58:09,414 INFO idw_p2_all  1.325 n=8784
2017-08-21 08:58:09,414 INFO idw_p2_cn3  1.953 n=8784
2017-08-21 08:58:09,414 INFO idw_p4_cn3  2.067 n=8784
2017-08-21 08:58:09,415 INFO min_dt      0.928 n=8770
2017-08-21 08:58:09,415 INFO median_cn5  1.167 n=8784
2017-08-21 08:58:09,415 INFO max_dt      3.613 n=8770
2017-08-21 08:58:09,415 INFO max_cn3     3.535 n=8784
2017-08-21 08:58:09,415 INFO idw_p3_all  1.786 n=8784
2017-08-21 08:58:09,415 INFO idw_p1_cn3  1.900 n=8784
2017-08-21 08:58:09,415 INFO mean_cn3    1.874 n=8784
2017-08-21 08:58:09,415 INFO median_dt   1.740 n=8770
2017-08-21 08:58:09,415 INFO max_all     14.999 n=8784
2017-08-21 08:58:09,415 INFO idw_p1_all  0.974 n=8784
2017-08-21 08:58:09,415 INFO idw_p1_dt   2.054 n=8770
2017-08-21 08:58:09,415 INFO idw_p3_cn5  1.965 n=8784
2017-08-21 08:58:09,416 INFO idw_p4_dt   2.209 n=8770
2017-08-21 08:58:09,416 INFO mean_cn5    1.854 n=8784
2017-08-21 08:58:09,416 INFO mean_all    0.922 n=8784
2017-08-21 08:58:09,416 INFO median_all  0.782 n=8784
2017-08-21 08:58:09,416 INFO idw_p4_all  2.002 n=8784
2017-08-21 08:58:09,416 INFO mean_dt     1.818 n=8770
2017-08-21 08:58:09,416 INFO idw_p3_cn3  2.014 n=8784
2017-08-21 08:58:09,416 INFO min_all     5.720 n=8784
2017-08-21 08:58:09,416 INFO end method list
2017-08-21 08:58:09,666 INFO interpolate for LGM
2017-08-21 08:58:09,667 INFO currently at 3 out of 10
2017-08-21 08:58:09,667 INFO use IHHNEUGR2 IHAMBURG123 IHAMBURG2088 IHAMBURG155 IHAMBURG598 IHAMBURG1198 IHHHAMBU3 IHAMBURG367 IHAMBURG1036 IHAMBURG93 IHAMBURG1628 IHAMBURG403 IHAMBURG2011 IHAMBURG487 IHHRISSE2 IHHKIRCH2 IHAMBURG1458 IHAMBURG632 IHAMBURG2045 IHAMBURG628 IHAMBURG286 IHHHINSC2 IHAMBURG213 IHAMBURG237 IHAMBURG604 IHAMBURG1787 IHAMBURG1470 IHAMBURG594 IHAMBURG1202 IHAMBURG1830 IHAMBURG2018 IHAMBURG832 IHHHINSC4 IHAMBURG22 IHAMBURG1252 IHAMBURG82 IHAMBURG630 IHAMBURG142 IHAMBURG565 IHAMBURG172 IHAMBURG1374 IHAMBURG166 IHAMBURG1945 IHAMBURG1002 IHAMBURG1920 IHAMBURG2017 IHAMBURG1933 IHAMBURG1976 IHAMBURG1256 IHAMBURG1254 ILBALVES2 IHAMBURG52 IHAMBURG1484 IHAMBURG489 IHAMBURG1841 IHAMBURG1600 IHAMBURG938 IHAMBURG136 IHAMBURG61 IHAMBURG251 IAHRENSB13 IHAMBURG1110 IHAMBURG128 IHAMBURG1655 IHAMBURG974 IHHSTEIL2 IHAMBURG108 IHAMBURG600 IHAMBURG1008 IHAMBURG329 IHAMBURG291 IHAMBURG1832 IHAMBURG1586 IHAMBURG439 IHAMBURG1216 IHAMBURG206 IHAMBURG1142 IHAMBURG2008 IHAMBURG56 IBNNINGS3 IHAMBURG239 IHAMBURG1074 IHHHINSC3 IHHEINLA2 IHAMBURG64 IHAMBURG2048 IHAMBURG1360 IHAMBURG131 IHAMBURG243 IHAMBURG209 IHAMBURG1128 IHAMBURG1526 IHHFUHLS2 ISANKTUR5 IHAMBURG1890 IHAMBURG867 IHAMBURG1214 IHAMBURG254 IHAMBURG664 IHHWILHE2 IHAMBURG1316 IHAMBURG149 IHAMBURG365 IHAMBURG361 IHAMBURG1923 IHAMBURG280 IHAMBURG1244 IHAMBURG1108 IHHMARIE3 IHAMBURG10 IHAMBURG292 IHAMBURG2034 IHAMBURG342 IHAMBURG646 IHAMBURG1538 IHAMBURG200 IHAMBURG988 IHAMBURG778 IHHNIEND2 IHAMBURG1082 IHAMBURG98 IHAMBURG44 IHHKLEIN2 IHAMBURG1300 IHAMBURG20 IHAMBURG662 IHAMBURG2013 IHAMBURG2043 IHAMBURG1136 IHAMBURG606 IHHSASEL2 IHAMBURG797 IHAMBURG1661 IHAMBURG1783 IHAMBURG497 IHAMBURG2065 IHAMBURG57 IHAMBURG1870 IHAMBURG222 IHAMBURG1819 IHAMBURG89 IHAMBURG550 IHAMBURG1639 IHAMBURG456 IHAMBURG1953 IHAMBURG2069 IHAMBURG1811 IHAMBURG1064 IHAMBURG1679 IHAMBURG812 IHHEIDEL4 IHAMBURG267 IHAMBURG1212 IHAMBURG1940 IHHRAHLS3 IHAMBURG1508 IHHMARIE5 IHAMBURG1675 IHAMBURG2002 IHAMBURG1270 IHAMBURG42 IHAMBURG1929 IHAMBURG1697 IHAMBURG204 IHAMBURG53 IHAMBURG951 IHAMBURG515 IHAMBURG847 IHAMBURG1635 IHAMBURG955 IHAMBURG887 IHAMBURG1098 IHAMBURG1916 IHAMBURG258 IHAMBURG1114 IHAMBURG715 IHAMBURG1864 IHAMBURG1922 IHAMBURG514 IHAMBURG268 IHAMBURG79 IHAMBURG1645 IHAMBURG1076 IHAMBURG41 IHAMBURG638 IHAMBURG1582 IHAMBURG398 IHAMBURG762 ISEEVETA49 IHAMBURG1332 IHAMBURG406 IHAMBURG215 IHAMBURG723 IHAMBURG1144 IHAMBURG537 IHAMBURG1236 IHAMBURG863 IHAMBURG1346 IHAMBURG971 IHAMBURG60 IHAMBURG1918 IHAMBURG1962 IHAMBURG95 IHHHOHEN3 IHAMBURG2085 IHAMBURG2000 IHAMBURG1054 IHAMBURG1124 IHAMBURG1629 IHAMBURG1266 IHAMBURG46 IHAMBURG1681 IHAMBURG674 INORDERS72 IHAMBURG417 IHAMBURG1464 IHAMBURG279 IHAMBURG146 IHAMBURG1616 IHAMBURG230 IHAMBURG1755 IHAMBURG289 IHAMBURG900 IHAMBURG1942 IHHSCHNE3 IHAMBURG1188 IHAMBURG2024 IHAMBURG699 IHAMBURG1771 IHAMBURG2072 IHAMBURG844 IHAMBURG170 IHAMBURG164 IHAMBURG1815 IHAMBURG1986 IHAMBURG114 ILBHOOPT2 IHHSCHNE2 IHAMBURG774 IHAMBURG787 IHHFARMS2 IHAMBURG412 IHAMBURG1092 IHAMBURG914 IHAMBURG1184 IHAMBURG274 IHAMBURG2026 IHAMBURG224 IHAMBURG184 IHAMBURG1428 IHAMBURG452 IHAMBURG1699 IHAMBURG1977 IHAMBURG969 IHAMBURG620 IHAMBURG189 IHAMBURG104 IHAMBURG32 IWEDEL8 IHAMBURG353 IHAMBURG1134 IHAMBURG1220 IHHLANGE3 IHAMBURG423 IHAMBURG772 IHHWELLI2 IHAMBURG333 IHAMBURG394 IHAMBURG315 IHAMBURG1314 IHAMBURG1421 IHHHAMBU5 IHAMBURG2062 IHAMBURG517 IHAMBURG338 IHAMBURG990 IHAMBURG341 IHHHAMBU4 IHAMBURG355 IHAMBURG2076 IHAMBURG1946 IHAMBURG851 IHAMBURG1671 IHAMBURG34 IHAMBURG99 IHAMBURG50 IHAMBURG2042 IHAMBURG1985 IHAMBURG1150 IHAMBURG1930 IHAMBURG154 IHHHAMBU2 IHAMBURG1990 IHAMBURG1512 IHAMBURG460 IHHALSTE2 IHAMBURG2031 IHAMBURG1643 IHAMBURG1436 IHAMBURG719 IHHBARMB6 IHAMBURG1152 IHAMBURG768 IHAMBURG1056 IHAMBURG250 IHAMBURG1192 IHAMBURG410 IHAMBURG567 IHHWINTE4 IHAMBURG68 IBARSBTT19 IHAMBURG150 IHAMBURG1967 IHAMBURG1791 IHAMBURG308 IHAMBURG693 IHAMBURG479 IHAMBURG183 IHAMBURG1052 IHAMBURG1336 IHAMBURG2009 IHAMBURG2025 IHAMBURG1088 IHAMBURG1974 IHAMBURG454 IHAMBURG840 IHAMBURG1112 IHAMBURG1306 IHAMBURG163 IHHHOHEN2 IHAMBURG1910 IHAMBURG499 IHAMBURG1516 IHAMBURG380 IHAMBURG1102 IHHFUHLS3 IHAMBURG1982 IHHHELLB3 IHAMBURG1342 IHAMBURG1952 IHAMBURG390 IHAMBURG376 IHAMBURG1995 IHAMBURG1540 IHAMBURG190 IHAMBURG978 IHAMBURG1411 IHHWANDS2 IHAMBURG875 IHAMBURG119 IHAMBURG1391 IHAMBURG976 IHAMBURG2030 IHAMBURG162 IHAMBURG260 IHAMBURG335 IHAMBURG933 IWENTORF21 IHAMBURG957 IHAMBURG404 IHAMBURG169 IHAMBURG1292 IHAMBURG316 IHORN16 IHAMBURG1268 IHAMBURG1176 IHAMBURG218 IHAMBURG1282 IHAMBURG195 IHAMBURG1106 IHAMBURG731 IHAMBURG270 IHAMBURG1614 IHAMBURG1735 IHAMBURG998 IHHNEUBO3 IHAMBURG285 IHAMBURG1389 IHAMBURG1166 IHAMBURG402 IHAMBURG198 IHAMBURG684 IHAMBURG1302 IHHBARMB5 IHAMBURG441 IHAMBURG132 IHAMBURG1622 IHAMBURG1845 IHAMBURG276 IHAMBURG2005 ISEEVETA74 IHAMBURG84 IHAMBURG2079 IHHWINTE2 IHAMBURG1476 IHHBERGS2 IHAMBURG880 IHAMBURG737 IHAMBURG152 IBORNSEN2 IHAMBURG1326 IHAMBURG158 IHAMBURG140 IHAMBURG1058 ILBROSEN2 IHAMBURG1084 IHAMBURG1156 IHAMBURG171 IHAMBURG214 IHAMBURG1620 IHAMBURG69 IHAMBURG1194 IHAMBURG935 IHAMBURG1120 IHAMBURG656 IHAMBURG1086 IHAMBURG1691 IHAMBURG1548 IHAMBURG144 IHAMBURG261 IHAMBURG1230 IHAMBURG481 IHAMBURG469 INORDERS5 IHAMBURG1028 IHAMBURG927 IHAMBURG1180 IHAMBURG92 IHHCURSL2 IHAMBURG216 IHAMBURG1973 IHAMBURG1190 IHAMBURG1284 IHAMBURG805 IHAMBURG106 IHHSINST2 IHAMBURG1427 IHAMBURG262 IHAMBURG803 IHAMBURG256 IHAMBURG1296 IHAMBURG1709 IHAMBURG1182
2017-08-21 09:23:20,787 INFO nn          1.585 n=8768
2017-08-21 09:23:20,789 INFO idw_p2_dt   1.202 n=8682
2017-08-21 09:23:20,789 INFO min_cn5     0.949 n=8768
2017-08-21 09:23:20,789 INFO idw_p4_cn5  1.293 n=8768
2017-08-21 09:23:20,789 INFO idw_p3_dt   1.219 n=8682
2017-08-21 09:23:20,789 INFO median_cn3  1.288 n=8768
2017-08-21 09:23:20,789 INFO max_cn5     4.425 n=8768
2017-08-21 09:23:20,789 INFO min_cn3     0.894 n=8768
2017-08-21 09:23:20,789 INFO eddh        0.826 n=8754
2017-08-21 09:23:20,789 INFO idw_p2_cn5  1.307 n=8768
2017-08-21 09:23:20,789 INFO idw_p1_cn5  1.431 n=8768
2017-08-21 09:23:20,789 INFO idw_p2_all  1.420 n=8768
2017-08-21 09:23:20,790 INFO idw_p2_cn3  1.351 n=8768
2017-08-21 09:23:20,790 INFO idw_p4_cn3  1.327 n=8768
2017-08-21 09:23:20,790 INFO min_dt      0.838 n=8682
2017-08-21 09:23:20,790 INFO median_cn5  1.256 n=8768
2017-08-21 09:23:20,790 INFO max_dt      2.312 n=8682
2017-08-21 09:23:20,790 INFO max_cn3     4.266 n=8768
2017-08-21 09:23:20,790 INFO idw_p3_all  1.213 n=8768
2017-08-21 09:23:20,790 INFO idw_p1_cn3  1.514 n=8768
2017-08-21 09:23:20,790 INFO mean_cn3    1.846 n=8768
2017-08-21 09:23:20,790 INFO median_dt   1.124 n=8682
2017-08-21 09:23:20,790 INFO max_all     16.079 n=8768
2017-08-21 09:23:20,790 INFO idw_p1_all  1.748 n=8768
2017-08-21 09:23:20,791 INFO idw_p1_dt   1.133 n=8682
2017-08-21 09:23:20,791 INFO idw_p3_cn5  1.271 n=8768
2017-08-21 09:23:20,791 INFO idw_p4_dt   1.223 n=8682
2017-08-21 09:23:20,791 INFO mean_cn5    1.582 n=8768
2017-08-21 09:23:20,791 INFO mean_all    1.906 n=8768
2017-08-21 09:23:20,791 INFO median_all  1.693 n=8768
2017-08-21 09:23:20,791 INFO idw_p4_all  1.227 n=8768
2017-08-21 09:23:20,791 INFO mean_dt     1.233 n=8682
2017-08-21 09:23:20,791 INFO idw_p3_cn3  1.310 n=8768
2017-08-21 09:23:20,791 INFO min_all     4.850 n=8768
2017-08-21 09:23:20,791 INFO end method list
2017-08-21 09:23:21,054 INFO interpolate for LWM
2017-08-21 09:23:21,055 INFO currently at 4 out of 10
2017-08-21 09:23:21,055 INFO use IHHNEUGR2 IHAMBURG123 IHAMBURG2088 IHAMBURG155 IHAMBURG598 IHAMBURG1198 IHHHAMBU3 IHAMBURG367 IHAMBURG1036 IHAMBURG93 IHAMBURG1628 IHAMBURG403 IHAMBURG2011 IHAMBURG487 IHHRISSE2 IHHKIRCH2 IHAMBURG1458 IHAMBURG632 IHAMBURG2045 IHAMBURG628 IHAMBURG286 IHHHINSC2 IHAMBURG213 IHAMBURG237 IHAMBURG604 IHAMBURG1787 IHAMBURG1470 IHAMBURG594 IHAMBURG1202 IHAMBURG1830 IHAMBURG2018 IHAMBURG832 IHHHINSC4 IHAMBURG22 IHAMBURG1252 IHAMBURG82 IHAMBURG630 IHAMBURG142 IHAMBURG565 IHAMBURG172 IHAMBURG1374 IHAMBURG166 IHAMBURG1945 IHAMBURG1002 IHAMBURG1920 IHAMBURG2017 IHAMBURG1933 IHAMBURG1976 IHAMBURG1256 IHAMBURG1254 ILBALVES2 IHAMBURG52 IHAMBURG1484 IHAMBURG489 IHAMBURG1841 IHAMBURG1600 IHAMBURG938 IHAMBURG136 IHAMBURG61 IHAMBURG251 IAHRENSB13 IHAMBURG1110 IHAMBURG128 IHAMBURG1655 IHAMBURG974 IHHSTEIL2 IHAMBURG108 IHAMBURG600 IHAMBURG1008 IHAMBURG329 IHAMBURG291 IHAMBURG1832 IHAMBURG1586 IHAMBURG439 IHAMBURG1216 IHAMBURG206 IHAMBURG1142 IHAMBURG2008 IHAMBURG56 IBNNINGS3 IHAMBURG239 IHAMBURG1074 IHHHINSC3 IHHEINLA2 IHAMBURG64 IHAMBURG2048 IHAMBURG1360 IHAMBURG131 IHAMBURG243 IHAMBURG209 IHAMBURG1128 IHAMBURG1526 IHHFUHLS2 ISANKTUR5 IHAMBURG1890 IHAMBURG867 IHAMBURG1214 IHAMBURG254 IHAMBURG664 IHHWILHE2 IHAMBURG1316 IHAMBURG149 IHAMBURG365 IHAMBURG361 IHAMBURG1923 IHAMBURG280 IHAMBURG1244 IHAMBURG1108 IHHMARIE3 IHAMBURG10 IHAMBURG292 IHAMBURG2034 IHAMBURG342 IHAMBURG646 IHAMBURG1538 IHAMBURG200 IHAMBURG988 IHAMBURG778 IHHNIEND2 IHAMBURG1082 IHAMBURG98 IHAMBURG44 IHHKLEIN2 IHAMBURG1300 IHAMBURG20 IHAMBURG662 IHAMBURG2013 IHAMBURG2043 IHAMBURG1136 IHAMBURG606 IHHSASEL2 IHAMBURG797 IHAMBURG1661 IHAMBURG1783 IHAMBURG497 IHAMBURG2065 IHAMBURG57 IHAMBURG1870 IHAMBURG222 IHAMBURG1819 IHAMBURG89 IHAMBURG550 IHAMBURG1639 IHAMBURG456 IHAMBURG1953 IHAMBURG2069 IHAMBURG1811 IHAMBURG1064 IHAMBURG1679 IHAMBURG812 IHHEIDEL4 IHAMBURG267 IHAMBURG1212 IHAMBURG1940 IHHRAHLS3 IHAMBURG1508 IHHMARIE5 IHAMBURG1675 IHAMBURG2002 IHAMBURG1270 IHAMBURG42 IHAMBURG1929 IHAMBURG1697 IHAMBURG204 IHAMBURG53 IHAMBURG951 IHAMBURG515 IHAMBURG847 IHAMBURG1635 IHAMBURG955 IHAMBURG887 IHAMBURG1098 IHAMBURG1916 IHAMBURG258 IHAMBURG1114 IHAMBURG715 IHAMBURG1864 IHAMBURG1922 IHAMBURG514 IHAMBURG268 IHAMBURG79 IHAMBURG1645 IHAMBURG1076 IHAMBURG41 IHAMBURG638 IHAMBURG1582 IHAMBURG398 IHAMBURG762 ISEEVETA49 IHAMBURG1332 IHAMBURG406 IHAMBURG215 IHAMBURG723 IHAMBURG1144 IHAMBURG537 IHAMBURG1236 IHAMBURG863 IHAMBURG1346 IHAMBURG971 IHAMBURG60 IHAMBURG1918 IHAMBURG1962 IHAMBURG95 IHHHOHEN3 IHAMBURG2085 IHAMBURG2000 IHAMBURG1054 IHAMBURG1124 IHAMBURG1629 IHAMBURG1266 IHAMBURG46 IHAMBURG1681 IHAMBURG674 INORDERS72 IHAMBURG417 IHAMBURG1464 IHAMBURG279 IHAMBURG146 IHAMBURG1616 IHAMBURG230 IHAMBURG1755 IHAMBURG289 IHAMBURG900 IHAMBURG1942 IHHSCHNE3 IHAMBURG1188 IHAMBURG2024 IHAMBURG699 IHAMBURG1771 IHAMBURG2072 IHAMBURG844 IHAMBURG170 IHAMBURG164 IHAMBURG1815 IHAMBURG1986 IHAMBURG114 ILBHOOPT2 IHHSCHNE2 IHAMBURG774 IHAMBURG787 IHHFARMS2 IHAMBURG412 IHAMBURG1092 IHAMBURG914 IHAMBURG1184 IHAMBURG274 IHAMBURG2026 IHAMBURG224 IHAMBURG184 IHAMBURG1428 IHAMBURG452 IHAMBURG1699 IHAMBURG1977 IHAMBURG969 IHAMBURG620 IHAMBURG189 IHAMBURG104 IHAMBURG32 IWEDEL8 IHAMBURG353 IHAMBURG1134 IHAMBURG1220 IHHLANGE3 IHAMBURG423 IHAMBURG772 IHHWELLI2 IHAMBURG333 IHAMBURG394 IHAMBURG315 IHAMBURG1314 IHAMBURG1421 IHHHAMBU5 IHAMBURG2062 IHAMBURG517 IHAMBURG338 IHAMBURG990 IHAMBURG341 IHHHAMBU4 IHAMBURG355 IHAMBURG2076 IHAMBURG1946 IHAMBURG851 IHAMBURG1671 IHAMBURG34 IHAMBURG99 IHAMBURG50 IHAMBURG2042 IHAMBURG1985 IHAMBURG1150 IHAMBURG1930 IHAMBURG154 IHHHAMBU2 IHAMBURG1990 IHAMBURG1512 IHAMBURG460 IHHALSTE2 IHAMBURG2031 IHAMBURG1643 IHAMBURG1436 IHAMBURG719 IHHBARMB6 IHAMBURG1152 IHAMBURG768 IHAMBURG1056 IHAMBURG250 IHAMBURG1192 IHAMBURG410 IHAMBURG567 IHHWINTE4 IHAMBURG68 IBARSBTT19 IHAMBURG150 IHAMBURG1967 IHAMBURG1791 IHAMBURG308 IHAMBURG693 IHAMBURG479 IHAMBURG183 IHAMBURG1052 IHAMBURG1336 IHAMBURG2009 IHAMBURG2025 IHAMBURG1088 IHAMBURG1974 IHAMBURG454 IHAMBURG840 IHAMBURG1112 IHAMBURG1306 IHAMBURG163 IHHHOHEN2 IHAMBURG1910 IHAMBURG499 IHAMBURG1516 IHAMBURG380 IHAMBURG1102 IHHFUHLS3 IHAMBURG1982 IHHHELLB3 IHAMBURG1342 IHAMBURG1952 IHAMBURG390 IHAMBURG376 IHAMBURG1995 IHAMBURG1540 IHAMBURG190 IHAMBURG978 IHAMBURG1411 IHHWANDS2 IHAMBURG875 IHAMBURG119 IHAMBURG1391 IHAMBURG976 IHAMBURG2030 IHAMBURG162 IHAMBURG260 IHAMBURG335 IHAMBURG933 IWENTORF21 IHAMBURG957 IHAMBURG404 IHAMBURG169 IHAMBURG1292 IHAMBURG316 IHORN16 IHAMBURG1268 IHAMBURG1176 IHAMBURG218 IHAMBURG1282 IHAMBURG195 IHAMBURG1106 IHAMBURG731 IHAMBURG270 IHAMBURG1614 IHAMBURG1735 IHAMBURG998 IHHNEUBO3 IHAMBURG285 IHAMBURG1389 IHAMBURG1166 IHAMBURG402 IHAMBURG198 IHAMBURG684 IHAMBURG1302 IHHBARMB5 IHAMBURG441 IHAMBURG132 IHAMBURG1622 IHAMBURG1845 IHAMBURG276 IHAMBURG2005 ISEEVETA74 IHAMBURG84 IHAMBURG2079 IHHWINTE2 IHAMBURG1476 IHHBERGS2 IHAMBURG880 IHAMBURG737 IHAMBURG152 IBORNSEN2 IHAMBURG1326 IHAMBURG158 IHAMBURG140 IHAMBURG1058 ILBROSEN2 IHAMBURG1084 IHAMBURG1156 IHAMBURG171 IHAMBURG214 IHAMBURG1620 IHAMBURG69 IHAMBURG1194 IHAMBURG935 IHAMBURG1120 IHAMBURG656 IHAMBURG1086 IHAMBURG1691 IHAMBURG1548 IHAMBURG144 IHAMBURG261 IHAMBURG1230 IHAMBURG481 IHAMBURG469 INORDERS5 IHAMBURG1028 IHAMBURG927 IHAMBURG1180 IHAMBURG92 IHHCURSL2 IHAMBURG216 IHAMBURG1973 IHAMBURG1190 IHAMBURG1284 IHAMBURG805 IHAMBURG106 IHHSINST2 IHAMBURG1427 IHAMBURG262 IHAMBURG803 IHAMBURG256 IHAMBURG1296 IHAMBURG1709 IHAMBURG1182
2017-08-21 09:48:32,488 INFO mean_all    2.032 n=8521
2017-08-21 09:48:32,489 INFO idw_p1_dt   1.298 n=7681
2017-08-21 09:48:32,489 INFO idw_p2_dt   1.305 n=7681
2017-08-21 09:48:32,489 INFO min_cn5     1.024 n=8521
2017-08-21 09:48:32,489 INFO idw_p4_cn5  1.506 n=8521
2017-08-21 09:48:32,489 INFO idw_p3_dt   1.309 n=7681
2017-08-21 09:48:32,489 INFO median_cn3  1.461 n=8521
2017-08-21 09:48:32,489 INFO max_cn5     4.522 n=8521
2017-08-21 09:48:32,489 INFO min_cn3     0.959 n=8521
2017-08-21 09:48:32,489 INFO eddh        0.968 n=8508
2017-08-21 09:48:32,489 INFO idw_p2_cn5  1.634 n=8521
2017-08-21 09:48:32,490 INFO idw_p3_cn5  1.565 n=8521
2017-08-21 09:48:32,490 INFO idw_p2_all  1.760 n=8521
2017-08-21 09:48:32,490 INFO idw_p2_cn3  1.716 n=8521
2017-08-21 09:48:32,490 INFO idw_p4_cn3  1.530 n=8521
2017-08-21 09:48:32,490 INFO min_dt      0.935 n=7681
2017-08-21 09:48:32,490 INFO idw_p4_dt   1.311 n=7681
2017-08-21 09:48:32,490 INFO max_dt      2.251 n=7681
2017-08-21 09:48:32,490 INFO max_cn3     4.361 n=8521
2017-08-21 09:48:32,490 INFO idw_p3_all  1.600 n=8521
2017-08-21 09:48:32,490 INFO idw_p1_cn3  1.852 n=8521
2017-08-21 09:48:32,490 INFO mean_cn3    2.016 n=8521
2017-08-21 09:48:32,491 INFO mean_dt     1.290 n=7681
2017-08-21 09:48:32,491 INFO median_dt   1.200 n=7681
2017-08-21 09:48:32,491 INFO max_all     16.137 n=8521
2017-08-21 09:48:32,491 INFO nn          1.706 n=8521
2017-08-21 09:48:32,491 INFO median_cn5  1.407 n=8521
2017-08-21 09:48:32,491 INFO mean_cn5    1.754 n=8521
2017-08-21 09:48:32,491 INFO idw_p1_cn5  1.701 n=8521
2017-08-21 09:48:32,491 INFO median_all  1.819 n=8521
2017-08-21 09:48:32,491 INFO idw_p4_all  1.496 n=8521
2017-08-21 09:48:32,491 INFO idw_p1_all  1.915 n=8521
2017-08-21 09:48:32,491 INFO idw_p3_cn3  1.608 n=8521
2017-08-21 09:48:32,491 INFO min_all     4.707 n=8521
2017-08-21 09:48:32,492 INFO end method list
2017-08-21 09:48:32,746 INFO interpolate for RIM
2017-08-21 09:48:32,747 INFO currently at 5 out of 10
2017-08-21 09:48:32,747 INFO use IHHNEUGR2 IHAMBURG123 IHAMBURG2088 IHAMBURG155 IHAMBURG598 IHAMBURG1198 IHHHAMBU3 IHAMBURG367 IHAMBURG1036 IHAMBURG93 IHAMBURG1628 IHAMBURG403 IHAMBURG2011 IHAMBURG487 IHHRISSE2 IHHKIRCH2 IHAMBURG1458 IHAMBURG632 IHAMBURG2045 IHAMBURG628 IHAMBURG286 IHHHINSC2 IHAMBURG213 IHAMBURG237 IHAMBURG604 IHAMBURG1787 IHAMBURG1470 IHAMBURG594 IHAMBURG1202 IHAMBURG1830 IHAMBURG2018 IHAMBURG832 IHHHINSC4 IHAMBURG22 IHAMBURG1252 IHAMBURG82 IHAMBURG630 IHAMBURG142 IHAMBURG565 IHAMBURG172 IHAMBURG1374 IHAMBURG166 IHAMBURG1945 IHAMBURG1002 IHAMBURG1920 IHAMBURG2017 IHAMBURG1933 IHAMBURG1976 IHAMBURG1256 IHAMBURG1254 ILBALVES2 IHAMBURG52 IHAMBURG1484 IHAMBURG489 IHAMBURG1841 IHAMBURG1600 IHAMBURG938 IHAMBURG136 IHAMBURG61 IHAMBURG251 IAHRENSB13 IHAMBURG1110 IHAMBURG128 IHAMBURG1655 IHAMBURG974 IHHSTEIL2 IHAMBURG108 IHAMBURG600 IHAMBURG1008 IHAMBURG329 IHAMBURG291 IHAMBURG1832 IHAMBURG1586 IHAMBURG439 IHAMBURG1216 IHAMBURG206 IHAMBURG1142 IHAMBURG2008 IHAMBURG56 IBNNINGS3 IHAMBURG239 IHAMBURG1074 IHHHINSC3 IHHEINLA2 IHAMBURG64 IHAMBURG2048 IHAMBURG1360 IHAMBURG131 IHAMBURG243 IHAMBURG209 IHAMBURG1128 IHAMBURG1526 IHHFUHLS2 ISANKTUR5 IHAMBURG1890 IHAMBURG867 IHAMBURG1214 IHAMBURG254 IHAMBURG664 IHHWILHE2 IHAMBURG1316 IHAMBURG149 IHAMBURG365 IHAMBURG361 IHAMBURG1923 IHAMBURG280 IHAMBURG1244 IHAMBURG1108 IHHMARIE3 IHAMBURG10 IHAMBURG292 IHAMBURG2034 IHAMBURG342 IHAMBURG646 IHAMBURG1538 IHAMBURG200 IHAMBURG988 IHAMBURG778 IHHNIEND2 IHAMBURG1082 IHAMBURG98 IHAMBURG44 IHHKLEIN2 IHAMBURG1300 IHAMBURG20 IHAMBURG662 IHAMBURG2013 IHAMBURG2043 IHAMBURG1136 IHAMBURG606 IHHSASEL2 IHAMBURG797 IHAMBURG1661 IHAMBURG1783 IHAMBURG497 IHAMBURG2065 IHAMBURG57 IHAMBURG1870 IHAMBURG222 IHAMBURG1819 IHAMBURG89 IHAMBURG550 IHAMBURG1639 IHAMBURG456 IHAMBURG1953 IHAMBURG2069 IHAMBURG1811 IHAMBURG1064 IHAMBURG1679 IHAMBURG812 IHHEIDEL4 IHAMBURG267 IHAMBURG1212 IHAMBURG1940 IHHRAHLS3 IHAMBURG1508 IHHMARIE5 IHAMBURG1675 IHAMBURG2002 IHAMBURG1270 IHAMBURG42 IHAMBURG1929 IHAMBURG1697 IHAMBURG204 IHAMBURG53 IHAMBURG951 IHAMBURG515 IHAMBURG847 IHAMBURG1635 IHAMBURG955 IHAMBURG887 IHAMBURG1098 IHAMBURG1916 IHAMBURG258 IHAMBURG1114 IHAMBURG715 IHAMBURG1864 IHAMBURG1922 IHAMBURG514 IHAMBURG268 IHAMBURG79 IHAMBURG1645 IHAMBURG1076 IHAMBURG41 IHAMBURG638 IHAMBURG1582 IHAMBURG398 IHAMBURG762 ISEEVETA49 IHAMBURG1332 IHAMBURG406 IHAMBURG215 IHAMBURG723 IHAMBURG1144 IHAMBURG537 IHAMBURG1236 IHAMBURG863 IHAMBURG1346 IHAMBURG971 IHAMBURG60 IHAMBURG1918 IHAMBURG1962 IHAMBURG95 IHHHOHEN3 IHAMBURG2085 IHAMBURG2000 IHAMBURG1054 IHAMBURG1124 IHAMBURG1629 IHAMBURG1266 IHAMBURG46 IHAMBURG1681 IHAMBURG674 INORDERS72 IHAMBURG417 IHAMBURG1464 IHAMBURG279 IHAMBURG146 IHAMBURG1616 IHAMBURG230 IHAMBURG1755 IHAMBURG289 IHAMBURG900 IHAMBURG1942 IHHSCHNE3 IHAMBURG1188 IHAMBURG2024 IHAMBURG699 IHAMBURG1771 IHAMBURG2072 IHAMBURG844 IHAMBURG170 IHAMBURG164 IHAMBURG1815 IHAMBURG1986 IHAMBURG114 ILBHOOPT2 IHHSCHNE2 IHAMBURG774 IHAMBURG787 IHHFARMS2 IHAMBURG412 IHAMBURG1092 IHAMBURG914 IHAMBURG1184 IHAMBURG274 IHAMBURG2026 IHAMBURG224 IHAMBURG184 IHAMBURG1428 IHAMBURG452 IHAMBURG1699 IHAMBURG1977 IHAMBURG969 IHAMBURG620 IHAMBURG189 IHAMBURG104 IHAMBURG32 IWEDEL8 IHAMBURG353 IHAMBURG1134 IHAMBURG1220 IHHLANGE3 IHAMBURG423 IHAMBURG772 IHHWELLI2 IHAMBURG333 IHAMBURG394 IHAMBURG315 IHAMBURG1314 IHAMBURG1421 IHHHAMBU5 IHAMBURG2062 IHAMBURG517 IHAMBURG338 IHAMBURG990 IHAMBURG341 IHHHAMBU4 IHAMBURG355 IHAMBURG2076 IHAMBURG1946 IHAMBURG851 IHAMBURG1671 IHAMBURG34 IHAMBURG99 IHAMBURG50 IHAMBURG2042 IHAMBURG1985 IHAMBURG1150 IHAMBURG1930 IHAMBURG154 IHHHAMBU2 IHAMBURG1990 IHAMBURG1512 IHAMBURG460 IHHALSTE2 IHAMBURG2031 IHAMBURG1643 IHAMBURG1436 IHAMBURG719 IHHBARMB6 IHAMBURG1152 IHAMBURG768 IHAMBURG1056 IHAMBURG250 IHAMBURG1192 IHAMBURG410 IHAMBURG567 IHHWINTE4 IHAMBURG68 IBARSBTT19 IHAMBURG150 IHAMBURG1967 IHAMBURG1791 IHAMBURG308 IHAMBURG693 IHAMBURG479 IHAMBURG183 IHAMBURG1052 IHAMBURG1336 IHAMBURG2009 IHAMBURG2025 IHAMBURG1088 IHAMBURG1974 IHAMBURG454 IHAMBURG840 IHAMBURG1112 IHAMBURG1306 IHAMBURG163 IHHHOHEN2 IHAMBURG1910 IHAMBURG499 IHAMBURG1516 IHAMBURG380 IHAMBURG1102 IHHFUHLS3 IHAMBURG1982 IHHHELLB3 IHAMBURG1342 IHAMBURG1952 IHAMBURG390 IHAMBURG376 IHAMBURG1995 IHAMBURG1540 IHAMBURG190 IHAMBURG978 IHAMBURG1411 IHHWANDS2 IHAMBURG875 IHAMBURG119 IHAMBURG1391 IHAMBURG976 IHAMBURG2030 IHAMBURG162 IHAMBURG260 IHAMBURG335 IHAMBURG933 IWENTORF21 IHAMBURG957 IHAMBURG404 IHAMBURG169 IHAMBURG1292 IHAMBURG316 IHORN16 IHAMBURG1268 IHAMBURG1176 IHAMBURG218 IHAMBURG1282 IHAMBURG195 IHAMBURG1106 IHAMBURG731 IHAMBURG270 IHAMBURG1614 IHAMBURG1735 IHAMBURG998 IHHNEUBO3 IHAMBURG285 IHAMBURG1389 IHAMBURG1166 IHAMBURG402 IHAMBURG198 IHAMBURG684 IHAMBURG1302 IHHBARMB5 IHAMBURG441 IHAMBURG132 IHAMBURG1622 IHAMBURG1845 IHAMBURG276 IHAMBURG2005 ISEEVETA74 IHAMBURG84 IHAMBURG2079 IHHWINTE2 IHAMBURG1476 IHHBERGS2 IHAMBURG880 IHAMBURG737 IHAMBURG152 IBORNSEN2 IHAMBURG1326 IHAMBURG158 IHAMBURG140 IHAMBURG1058 ILBROSEN2 IHAMBURG1084 IHAMBURG1156 IHAMBURG171 IHAMBURG214 IHAMBURG1620 IHAMBURG69 IHAMBURG1194 IHAMBURG935 IHAMBURG1120 IHAMBURG656 IHAMBURG1086 IHAMBURG1691 IHAMBURG1548 IHAMBURG144 IHAMBURG261 IHAMBURG1230 IHAMBURG481 IHAMBURG469 INORDERS5 IHAMBURG1028 IHAMBURG927 IHAMBURG1180 IHAMBURG92 IHHCURSL2 IHAMBURG216 IHAMBURG1973 IHAMBURG1190 IHAMBURG1284 IHAMBURG805 IHAMBURG106 IHHSINST2 IHAMBURG1427 IHAMBURG262 IHAMBURG803 IHAMBURG256 IHAMBURG1296 IHAMBURG1709 IHAMBURG1182
2017-08-21 10:14:01,292 INFO mean_all    1.780 n=8761
2017-08-21 10:14:01,293 INFO idw_p1_dt   1.761 n=3890
2017-08-21 10:14:01,293 INFO idw_p2_dt   1.714 n=3890
2017-08-21 10:14:01,293 INFO min_cn5     1.023 n=8761
2017-08-21 10:14:01,294 INFO idw_p4_cn5  1.964 n=8761
2017-08-21 10:14:01,294 INFO idw_p3_dt   1.677 n=3890
2017-08-21 10:14:01,294 INFO median_cn3  1.773 n=8761
2017-08-21 10:14:01,294 INFO max_cn5     3.358 n=8761
2017-08-21 10:14:01,294 INFO min_cn3     1.315 n=8761
2017-08-21 10:14:01,294 INFO eddh        0.968 n=8750
2017-08-21 10:14:01,294 INFO idw_p2_cn5  1.886 n=8761
2017-08-21 10:14:01,294 INFO idw_p3_cn5  1.942 n=8761
2017-08-21 10:14:01,294 INFO idw_p2_all  1.795 n=8761
2017-08-21 10:14:01,294 INFO idw_p2_cn3  1.964 n=8761
2017-08-21 10:14:01,294 INFO idw_p4_cn3  1.971 n=8761
2017-08-21 10:14:01,295 INFO min_dt      1.212 n=3890
2017-08-21 10:14:01,295 INFO idw_p4_dt   1.653 n=3890
2017-08-21 10:14:01,295 INFO max_dt      2.935 n=3890
2017-08-21 10:14:01,295 INFO max_cn3     3.275 n=8761
2017-08-21 10:14:01,295 INFO idw_p3_all  1.919 n=8761
2017-08-21 10:14:01,295 INFO idw_p1_cn3  1.977 n=8761
2017-08-21 10:14:01,295 INFO mean_cn3    2.011 n=8761
2017-08-21 10:14:01,295 INFO mean_dt     1.843 n=3890
2017-08-21 10:14:01,295 INFO median_dt   1.683 n=3890
2017-08-21 10:14:01,295 INFO max_all     15.976 n=8761
2017-08-21 10:14:01,295 INFO nn          1.989 n=8761
2017-08-21 10:14:01,295 INFO median_cn5  1.451 n=8761
2017-08-21 10:14:01,296 INFO mean_cn5    1.570 n=8761
2017-08-21 10:14:01,296 INFO idw_p1_cn5  1.760 n=8761
2017-08-21 10:14:01,296 INFO median_all  1.570 n=8761
2017-08-21 10:14:01,296 INFO idw_p4_all  1.959 n=8761
2017-08-21 10:14:01,296 INFO idw_p1_all  1.768 n=8761
2017-08-21 10:14:01,296 INFO idw_p3_cn3  1.965 n=8761
2017-08-21 10:14:01,296 INFO min_all     4.962 n=8761
2017-08-21 10:14:01,296 INFO end method list
2017-08-21 10:14:01,547 INFO interpolate for SGM
2017-08-21 10:14:01,548 INFO currently at 6 out of 10
2017-08-21 10:14:01,548 INFO use IHHNEUGR2 IHAMBURG123 IHAMBURG2088 IHAMBURG155 IHAMBURG598 IHAMBURG1198 IHHHAMBU3 IHAMBURG367 IHAMBURG1036 IHAMBURG93 IHAMBURG1628 IHAMBURG403 IHAMBURG2011 IHAMBURG487 IHHRISSE2 IHHKIRCH2 IHAMBURG1458 IHAMBURG632 IHAMBURG2045 IHAMBURG628 IHAMBURG286 IHHHINSC2 IHAMBURG213 IHAMBURG237 IHAMBURG604 IHAMBURG1787 IHAMBURG1470 IHAMBURG594 IHAMBURG1202 IHAMBURG1830 IHAMBURG2018 IHAMBURG832 IHHHINSC4 IHAMBURG22 IHAMBURG1252 IHAMBURG82 IHAMBURG630 IHAMBURG142 IHAMBURG565 IHAMBURG172 IHAMBURG1374 IHAMBURG166 IHAMBURG1945 IHAMBURG1002 IHAMBURG1920 IHAMBURG2017 IHAMBURG1933 IHAMBURG1976 IHAMBURG1256 IHAMBURG1254 ILBALVES2 IHAMBURG52 IHAMBURG1484 IHAMBURG489 IHAMBURG1841 IHAMBURG1600 IHAMBURG938 IHAMBURG136 IHAMBURG61 IHAMBURG251 IAHRENSB13 IHAMBURG1110 IHAMBURG128 IHAMBURG1655 IHAMBURG974 IHHSTEIL2 IHAMBURG108 IHAMBURG600 IHAMBURG1008 IHAMBURG329 IHAMBURG291 IHAMBURG1832 IHAMBURG1586 IHAMBURG439 IHAMBURG1216 IHAMBURG206 IHAMBURG1142 IHAMBURG2008 IHAMBURG56 IBNNINGS3 IHAMBURG239 IHAMBURG1074 IHHHINSC3 IHHEINLA2 IHAMBURG64 IHAMBURG2048 IHAMBURG1360 IHAMBURG131 IHAMBURG243 IHAMBURG209 IHAMBURG1128 IHAMBURG1526 IHHFUHLS2 ISANKTUR5 IHAMBURG1890 IHAMBURG867 IHAMBURG1214 IHAMBURG254 IHAMBURG664 IHHWILHE2 IHAMBURG1316 IHAMBURG149 IHAMBURG365 IHAMBURG361 IHAMBURG1923 IHAMBURG280 IHAMBURG1244 IHAMBURG1108 IHHMARIE3 IHAMBURG10 IHAMBURG292 IHAMBURG2034 IHAMBURG342 IHAMBURG646 IHAMBURG1538 IHAMBURG200 IHAMBURG988 IHAMBURG778 IHHNIEND2 IHAMBURG1082 IHAMBURG98 IHAMBURG44 IHHKLEIN2 IHAMBURG1300 IHAMBURG20 IHAMBURG662 IHAMBURG2013 IHAMBURG2043 IHAMBURG1136 IHAMBURG606 IHHSASEL2 IHAMBURG797 IHAMBURG1661 IHAMBURG1783 IHAMBURG497 IHAMBURG2065 IHAMBURG57 IHAMBURG1870 IHAMBURG222 IHAMBURG1819 IHAMBURG89 IHAMBURG550 IHAMBURG1639 IHAMBURG456 IHAMBURG1953 IHAMBURG2069 IHAMBURG1811 IHAMBURG1064 IHAMBURG1679 IHAMBURG812 IHHEIDEL4 IHAMBURG267 IHAMBURG1212 IHAMBURG1940 IHHRAHLS3 IHAMBURG1508 IHHMARIE5 IHAMBURG1675 IHAMBURG2002 IHAMBURG1270 IHAMBURG42 IHAMBURG1929 IHAMBURG1697 IHAMBURG204 IHAMBURG53 IHAMBURG951 IHAMBURG515 IHAMBURG847 IHAMBURG1635 IHAMBURG955 IHAMBURG887 IHAMBURG1098 IHAMBURG1916 IHAMBURG258 IHAMBURG1114 IHAMBURG715 IHAMBURG1864 IHAMBURG1922 IHAMBURG514 IHAMBURG268 IHAMBURG79 IHAMBURG1645 IHAMBURG1076 IHAMBURG41 IHAMBURG638 IHAMBURG1582 IHAMBURG398 IHAMBURG762 ISEEVETA49 IHAMBURG1332 IHAMBURG406 IHAMBURG215 IHAMBURG723 IHAMBURG1144 IHAMBURG537 IHAMBURG1236 IHAMBURG863 IHAMBURG1346 IHAMBURG971 IHAMBURG60 IHAMBURG1918 IHAMBURG1962 IHAMBURG95 IHHHOHEN3 IHAMBURG2085 IHAMBURG2000 IHAMBURG1054 IHAMBURG1124 IHAMBURG1629 IHAMBURG1266 IHAMBURG46 IHAMBURG1681 IHAMBURG674 INORDERS72 IHAMBURG417 IHAMBURG1464 IHAMBURG279 IHAMBURG146 IHAMBURG1616 IHAMBURG230 IHAMBURG1755 IHAMBURG289 IHAMBURG900 IHAMBURG1942 IHHSCHNE3 IHAMBURG1188 IHAMBURG2024 IHAMBURG699 IHAMBURG1771 IHAMBURG2072 IHAMBURG844 IHAMBURG170 IHAMBURG164 IHAMBURG1815 IHAMBURG1986 IHAMBURG114 ILBHOOPT2 IHHSCHNE2 IHAMBURG774 IHAMBURG787 IHHFARMS2 IHAMBURG412 IHAMBURG1092 IHAMBURG914 IHAMBURG1184 IHAMBURG274 IHAMBURG2026 IHAMBURG224 IHAMBURG184 IHAMBURG1428 IHAMBURG452 IHAMBURG1699 IHAMBURG1977 IHAMBURG969 IHAMBURG620 IHAMBURG189 IHAMBURG104 IHAMBURG32 IWEDEL8 IHAMBURG353 IHAMBURG1134 IHAMBURG1220 IHHLANGE3 IHAMBURG423 IHAMBURG772 IHHWELLI2 IHAMBURG333 IHAMBURG394 IHAMBURG315 IHAMBURG1314 IHAMBURG1421 IHHHAMBU5 IHAMBURG2062 IHAMBURG517 IHAMBURG338 IHAMBURG990 IHAMBURG341 IHHHAMBU4 IHAMBURG355 IHAMBURG2076 IHAMBURG1946 IHAMBURG851 IHAMBURG1671 IHAMBURG34 IHAMBURG99 IHAMBURG50 IHAMBURG2042 IHAMBURG1985 IHAMBURG1150 IHAMBURG1930 IHAMBURG154 IHHHAMBU2 IHAMBURG1990 IHAMBURG1512 IHAMBURG460 IHHALSTE2 IHAMBURG2031 IHAMBURG1643 IHAMBURG1436 IHAMBURG719 IHHBARMB6 IHAMBURG1152 IHAMBURG768 IHAMBURG1056 IHAMBURG250 IHAMBURG1192 IHAMBURG410 IHAMBURG567 IHHWINTE4 IHAMBURG68 IBARSBTT19 IHAMBURG150 IHAMBURG1967 IHAMBURG1791 IHAMBURG308 IHAMBURG693 IHAMBURG479 IHAMBURG183 IHAMBURG1052 IHAMBURG1336 IHAMBURG2009 IHAMBURG2025 IHAMBURG1088 IHAMBURG1974 IHAMBURG454 IHAMBURG840 IHAMBURG1112 IHAMBURG1306 IHAMBURG163 IHHHOHEN2 IHAMBURG1910 IHAMBURG499 IHAMBURG1516 IHAMBURG380 IHAMBURG1102 IHHFUHLS3 IHAMBURG1982 IHHHELLB3 IHAMBURG1342 IHAMBURG1952 IHAMBURG390 IHAMBURG376 IHAMBURG1995 IHAMBURG1540 IHAMBURG190 IHAMBURG978 IHAMBURG1411 IHHWANDS2 IHAMBURG875 IHAMBURG119 IHAMBURG1391 IHAMBURG976 IHAMBURG2030 IHAMBURG162 IHAMBURG260 IHAMBURG335 IHAMBURG933 IWENTORF21 IHAMBURG957 IHAMBURG404 IHAMBURG169 IHAMBURG1292 IHAMBURG316 IHORN16 IHAMBURG1268 IHAMBURG1176 IHAMBURG218 IHAMBURG1282 IHAMBURG195 IHAMBURG1106 IHAMBURG731 IHAMBURG270 IHAMBURG1614 IHAMBURG1735 IHAMBURG998 IHHNEUBO3 IHAMBURG285 IHAMBURG1389 IHAMBURG1166 IHAMBURG402 IHAMBURG198 IHAMBURG684 IHAMBURG1302 IHHBARMB5 IHAMBURG441 IHAMBURG132 IHAMBURG1622 IHAMBURG1845 IHAMBURG276 IHAMBURG2005 ISEEVETA74 IHAMBURG84 IHAMBURG2079 IHHWINTE2 IHAMBURG1476 IHHBERGS2 IHAMBURG880 IHAMBURG737 IHAMBURG152 IBORNSEN2 IHAMBURG1326 IHAMBURG158 IHAMBURG140 IHAMBURG1058 ILBROSEN2 IHAMBURG1084 IHAMBURG1156 IHAMBURG171 IHAMBURG214 IHAMBURG1620 IHAMBURG69 IHAMBURG1194 IHAMBURG935 IHAMBURG1120 IHAMBURG656 IHAMBURG1086 IHAMBURG1691 IHAMBURG1548 IHAMBURG144 IHAMBURG261 IHAMBURG1230 IHAMBURG481 IHAMBURG469 INORDERS5 IHAMBURG1028 IHAMBURG927 IHAMBURG1180 IHAMBURG92 IHHCURSL2 IHAMBURG216 IHAMBURG1973 IHAMBURG1190 IHAMBURG1284 IHAMBURG805 IHAMBURG106 IHHSINST2 IHAMBURG1427 IHAMBURG262 IHAMBURG803 IHAMBURG256 IHAMBURG1296 IHAMBURG1709 IHAMBURG1182
2017-08-21 10:39:21,974 INFO nn          1.210 n=8783
2017-08-21 10:39:21,975 INFO idw_p2_dt   1.197 n=8742
2017-08-21 10:39:21,975 INFO min_cn5     0.979 n=8783
2017-08-21 10:39:21,975 INFO idw_p4_cn5  1.223 n=8783
2017-08-21 10:39:21,975 INFO idw_p3_dt   1.190 n=8742
2017-08-21 10:39:21,975 INFO median_cn3  1.241 n=8783
2017-08-21 10:39:21,975 INFO max_cn5     2.714 n=8783
2017-08-21 10:39:21,975 INFO min_cn3     0.972 n=8783
2017-08-21 10:39:21,976 INFO eddh        0.749 n=8771
2017-08-21 10:39:21,976 INFO idw_p2_cn5  1.280 n=8783
2017-08-21 10:39:21,976 INFO idw_p1_cn5  1.333 n=8783
2017-08-21 10:39:21,976 INFO idw_p2_all  1.630 n=8783
2017-08-21 10:39:21,976 INFO idw_p2_cn3  1.291 n=8783
2017-08-21 10:39:21,976 INFO idw_p4_cn3  1.226 n=8783
2017-08-21 10:39:21,976 INFO min_dt      1.136 n=8742
2017-08-21 10:39:21,976 INFO median_cn5  1.225 n=8783
2017-08-21 10:39:21,976 INFO max_dt      2.096 n=8742
2017-08-21 10:39:21,976 INFO max_cn3     2.230 n=8783
2017-08-21 10:39:21,976 INFO idw_p3_all  1.386 n=8783
2017-08-21 10:39:21,976 INFO idw_p1_cn3  1.353 n=8783
2017-08-21 10:39:21,977 INFO mean_cn3    1.421 n=8783
2017-08-21 10:39:21,977 INFO median_dt   1.328 n=8742
2017-08-21 10:39:21,977 INFO max_all     15.987 n=8783
2017-08-21 10:39:21,977 INFO idw_p1_all  1.786 n=8783
2017-08-21 10:39:21,977 INFO idw_p1_dt   1.253 n=8742
2017-08-21 10:39:21,977 INFO idw_p3_cn5  1.243 n=8783
2017-08-21 10:39:21,977 INFO idw_p4_dt   1.191 n=8742
2017-08-21 10:39:21,977 INFO mean_cn5    1.388 n=8783
2017-08-21 10:39:21,977 INFO mean_all    1.785 n=8783
2017-08-21 10:39:21,977 INFO median_all  1.560 n=8783
2017-08-21 10:39:21,978 INFO idw_p4_all  1.262 n=8783
2017-08-21 10:39:21,978 INFO mean_dt     1.407 n=8742
2017-08-21 10:39:21,978 INFO idw_p3_cn3  1.250 n=8783
2017-08-21 10:39:21,978 INFO min_all     4.921 n=8783
2017-08-21 10:39:21,978 INFO end method list
2017-08-21 10:39:22,229 INFO interpolate for SWM
2017-08-21 10:39:22,230 INFO currently at 7 out of 10
2017-08-21 10:39:22,230 INFO use IHHNEUGR2 IHAMBURG123 IHAMBURG2088 IHAMBURG155 IHAMBURG598 IHAMBURG1198 IHHHAMBU3 IHAMBURG367 IHAMBURG1036 IHAMBURG93 IHAMBURG1628 IHAMBURG403 IHAMBURG2011 IHAMBURG487 IHHRISSE2 IHHKIRCH2 IHAMBURG1458 IHAMBURG632 IHAMBURG2045 IHAMBURG628 IHAMBURG286 IHHHINSC2 IHAMBURG213 IHAMBURG237 IHAMBURG604 IHAMBURG1787 IHAMBURG1470 IHAMBURG594 IHAMBURG1202 IHAMBURG1830 IHAMBURG2018 IHAMBURG832 IHHHINSC4 IHAMBURG22 IHAMBURG1252 IHAMBURG82 IHAMBURG630 IHAMBURG142 IHAMBURG565 IHAMBURG172 IHAMBURG1374 IHAMBURG166 IHAMBURG1945 IHAMBURG1002 IHAMBURG1920 IHAMBURG2017 IHAMBURG1933 IHAMBURG1976 IHAMBURG1256 IHAMBURG1254 ILBALVES2 IHAMBURG52 IHAMBURG1484 IHAMBURG489 IHAMBURG1841 IHAMBURG1600 IHAMBURG938 IHAMBURG136 IHAMBURG61 IHAMBURG251 IAHRENSB13 IHAMBURG1110 IHAMBURG128 IHAMBURG1655 IHAMBURG974 IHHSTEIL2 IHAMBURG108 IHAMBURG600 IHAMBURG1008 IHAMBURG329 IHAMBURG291 IHAMBURG1832 IHAMBURG1586 IHAMBURG439 IHAMBURG1216 IHAMBURG206 IHAMBURG1142 IHAMBURG2008 IHAMBURG56 IBNNINGS3 IHAMBURG239 IHAMBURG1074 IHHHINSC3 IHHEINLA2 IHAMBURG64 IHAMBURG2048 IHAMBURG1360 IHAMBURG131 IHAMBURG243 IHAMBURG209 IHAMBURG1128 IHAMBURG1526 IHHFUHLS2 ISANKTUR5 IHAMBURG1890 IHAMBURG867 IHAMBURG1214 IHAMBURG254 IHAMBURG664 IHHWILHE2 IHAMBURG1316 IHAMBURG149 IHAMBURG365 IHAMBURG361 IHAMBURG1923 IHAMBURG280 IHAMBURG1244 IHAMBURG1108 IHHMARIE3 IHAMBURG10 IHAMBURG292 IHAMBURG2034 IHAMBURG342 IHAMBURG646 IHAMBURG1538 IHAMBURG200 IHAMBURG988 IHAMBURG778 IHHNIEND2 IHAMBURG1082 IHAMBURG98 IHAMBURG44 IHHKLEIN2 IHAMBURG1300 IHAMBURG20 IHAMBURG662 IHAMBURG2013 IHAMBURG2043 IHAMBURG1136 IHAMBURG606 IHHSASEL2 IHAMBURG797 IHAMBURG1661 IHAMBURG1783 IHAMBURG497 IHAMBURG2065 IHAMBURG57 IHAMBURG1870 IHAMBURG222 IHAMBURG1819 IHAMBURG89 IHAMBURG550 IHAMBURG1639 IHAMBURG456 IHAMBURG1953 IHAMBURG2069 IHAMBURG1811 IHAMBURG1064 IHAMBURG1679 IHAMBURG812 IHHEIDEL4 IHAMBURG267 IHAMBURG1212 IHAMBURG1940 IHHRAHLS3 IHAMBURG1508 IHHMARIE5 IHAMBURG1675 IHAMBURG2002 IHAMBURG1270 IHAMBURG42 IHAMBURG1929 IHAMBURG1697 IHAMBURG204 IHAMBURG53 IHAMBURG951 IHAMBURG515 IHAMBURG847 IHAMBURG1635 IHAMBURG955 IHAMBURG887 IHAMBURG1098 IHAMBURG1916 IHAMBURG258 IHAMBURG1114 IHAMBURG715 IHAMBURG1864 IHAMBURG1922 IHAMBURG514 IHAMBURG268 IHAMBURG79 IHAMBURG1645 IHAMBURG1076 IHAMBURG41 IHAMBURG638 IHAMBURG1582 IHAMBURG398 IHAMBURG762 ISEEVETA49 IHAMBURG1332 IHAMBURG406 IHAMBURG215 IHAMBURG723 IHAMBURG1144 IHAMBURG537 IHAMBURG1236 IHAMBURG863 IHAMBURG1346 IHAMBURG971 IHAMBURG60 IHAMBURG1918 IHAMBURG1962 IHAMBURG95 IHHHOHEN3 IHAMBURG2085 IHAMBURG2000 IHAMBURG1054 IHAMBURG1124 IHAMBURG1629 IHAMBURG1266 IHAMBURG46 IHAMBURG1681 IHAMBURG674 INORDERS72 IHAMBURG417 IHAMBURG1464 IHAMBURG279 IHAMBURG146 IHAMBURG1616 IHAMBURG230 IHAMBURG1755 IHAMBURG289 IHAMBURG900 IHAMBURG1942 IHHSCHNE3 IHAMBURG1188 IHAMBURG2024 IHAMBURG699 IHAMBURG1771 IHAMBURG2072 IHAMBURG844 IHAMBURG170 IHAMBURG164 IHAMBURG1815 IHAMBURG1986 IHAMBURG114 ILBHOOPT2 IHHSCHNE2 IHAMBURG774 IHAMBURG787 IHHFARMS2 IHAMBURG412 IHAMBURG1092 IHAMBURG914 IHAMBURG1184 IHAMBURG274 IHAMBURG2026 IHAMBURG224 IHAMBURG184 IHAMBURG1428 IHAMBURG452 IHAMBURG1699 IHAMBURG1977 IHAMBURG969 IHAMBURG620 IHAMBURG189 IHAMBURG104 IHAMBURG32 IWEDEL8 IHAMBURG353 IHAMBURG1134 IHAMBURG1220 IHHLANGE3 IHAMBURG423 IHAMBURG772 IHHWELLI2 IHAMBURG333 IHAMBURG394 IHAMBURG315 IHAMBURG1314 IHAMBURG1421 IHHHAMBU5 IHAMBURG2062 IHAMBURG517 IHAMBURG338 IHAMBURG990 IHAMBURG341 IHHHAMBU4 IHAMBURG355 IHAMBURG2076 IHAMBURG1946 IHAMBURG851 IHAMBURG1671 IHAMBURG34 IHAMBURG99 IHAMBURG50 IHAMBURG2042 IHAMBURG1985 IHAMBURG1150 IHAMBURG1930 IHAMBURG154 IHHHAMBU2 IHAMBURG1990 IHAMBURG1512 IHAMBURG460 IHHALSTE2 IHAMBURG2031 IHAMBURG1643 IHAMBURG1436 IHAMBURG719 IHHBARMB6 IHAMBURG1152 IHAMBURG768 IHAMBURG1056 IHAMBURG250 IHAMBURG1192 IHAMBURG410 IHAMBURG567 IHHWINTE4 IHAMBURG68 IBARSBTT19 IHAMBURG150 IHAMBURG1967 IHAMBURG1791 IHAMBURG308 IHAMBURG693 IHAMBURG479 IHAMBURG183 IHAMBURG1052 IHAMBURG1336 IHAMBURG2009 IHAMBURG2025 IHAMBURG1088 IHAMBURG1974 IHAMBURG454 IHAMBURG840 IHAMBURG1112 IHAMBURG1306 IHAMBURG163 IHHHOHEN2 IHAMBURG1910 IHAMBURG499 IHAMBURG1516 IHAMBURG380 IHAMBURG1102 IHHFUHLS3 IHAMBURG1982 IHHHELLB3 IHAMBURG1342 IHAMBURG1952 IHAMBURG390 IHAMBURG376 IHAMBURG1995 IHAMBURG1540 IHAMBURG190 IHAMBURG978 IHAMBURG1411 IHHWANDS2 IHAMBURG875 IHAMBURG119 IHAMBURG1391 IHAMBURG976 IHAMBURG2030 IHAMBURG162 IHAMBURG260 IHAMBURG335 IHAMBURG933 IWENTORF21 IHAMBURG957 IHAMBURG404 IHAMBURG169 IHAMBURG1292 IHAMBURG316 IHORN16 IHAMBURG1268 IHAMBURG1176 IHAMBURG218 IHAMBURG1282 IHAMBURG195 IHAMBURG1106 IHAMBURG731 IHAMBURG270 IHAMBURG1614 IHAMBURG1735 IHAMBURG998 IHHNEUBO3 IHAMBURG285 IHAMBURG1389 IHAMBURG1166 IHAMBURG402 IHAMBURG198 IHAMBURG684 IHAMBURG1302 IHHBARMB5 IHAMBURG441 IHAMBURG132 IHAMBURG1622 IHAMBURG1845 IHAMBURG276 IHAMBURG2005 ISEEVETA74 IHAMBURG84 IHAMBURG2079 IHHWINTE2 IHAMBURG1476 IHHBERGS2 IHAMBURG880 IHAMBURG737 IHAMBURG152 IBORNSEN2 IHAMBURG1326 IHAMBURG158 IHAMBURG140 IHAMBURG1058 ILBROSEN2 IHAMBURG1084 IHAMBURG1156 IHAMBURG171 IHAMBURG214 IHAMBURG1620 IHAMBURG69 IHAMBURG1194 IHAMBURG935 IHAMBURG1120 IHAMBURG656 IHAMBURG1086 IHAMBURG1691 IHAMBURG1548 IHAMBURG144 IHAMBURG261 IHAMBURG1230 IHAMBURG481 IHAMBURG469 INORDERS5 IHAMBURG1028 IHAMBURG927 IHAMBURG1180 IHAMBURG92 IHHCURSL2 IHAMBURG216 IHAMBURG1973 IHAMBURG1190 IHAMBURG1284 IHAMBURG805 IHAMBURG106 IHHSINST2 IHAMBURG1427 IHAMBURG262 IHAMBURG803 IHAMBURG256 IHAMBURG1296 IHAMBURG1709 IHAMBURG1182
2017-08-21 11:04:40,421 INFO nn          1.810 n=8699
2017-08-21 11:04:40,422 INFO idw_p2_dt   1.372 n=8664
2017-08-21 11:04:40,422 INFO min_cn5     0.899 n=8699
2017-08-21 11:04:40,422 INFO idw_p4_cn5  1.427 n=8699
2017-08-21 11:04:40,423 INFO idw_p3_dt   1.398 n=8664
2017-08-21 11:04:40,423 INFO median_cn3  1.441 n=8699
2017-08-21 11:04:40,423 INFO max_cn5     4.405 n=8699
2017-08-21 11:04:40,423 INFO min_cn3     0.768 n=8699
2017-08-21 11:04:40,423 INFO eddh        0.669 n=8686
2017-08-21 11:04:40,423 INFO idw_p2_cn5  1.429 n=8699
2017-08-21 11:04:40,423 INFO idw_p1_cn5  1.497 n=8699
2017-08-21 11:04:40,423 INFO idw_p2_all  1.470 n=8699
2017-08-21 11:04:40,423 INFO idw_p2_cn3  1.447 n=8699
2017-08-21 11:04:40,423 INFO idw_p4_cn3  1.433 n=8699
2017-08-21 11:04:40,423 INFO min_dt      0.942 n=8664
2017-08-21 11:04:40,423 INFO median_cn5  1.268 n=8699
2017-08-21 11:04:40,424 INFO max_dt      2.244 n=8664
2017-08-21 11:04:40,424 INFO max_cn3     3.487 n=8699
2017-08-21 11:04:40,424 INFO idw_p3_all  1.413 n=8699
2017-08-21 11:04:40,424 INFO idw_p1_cn3  1.535 n=8699
2017-08-21 11:04:40,424 INFO mean_cn3    1.726 n=8699
2017-08-21 11:04:40,424 INFO median_dt   1.410 n=8664
2017-08-21 11:04:40,424 INFO max_all     15.840 n=8699
2017-08-21 11:04:40,424 INFO idw_p1_all  1.535 n=8699
2017-08-21 11:04:40,424 INFO idw_p1_dt   1.356 n=8664
2017-08-21 11:04:40,424 INFO idw_p3_cn5  1.414 n=8699
2017-08-21 11:04:40,424 INFO idw_p4_dt   1.426 n=8664
2017-08-21 11:04:40,424 INFO mean_cn5    1.612 n=8699
2017-08-21 11:04:40,425 INFO mean_all    1.531 n=8699
2017-08-21 11:04:40,425 INFO median_all  1.276 n=8699
2017-08-21 11:04:40,425 INFO idw_p4_all  1.419 n=8699
2017-08-21 11:04:40,425 INFO mean_dt     1.386 n=8664
2017-08-21 11:04:40,425 INFO idw_p3_cn3  1.425 n=8699
2017-08-21 11:04:40,425 INFO min_all     4.993 n=8699
2017-08-21 11:04:40,425 INFO end method list
2017-08-21 11:04:40,677 INFO interpolate for WGM
2017-08-21 11:04:40,678 INFO currently at 8 out of 10
2017-08-21 11:04:40,679 INFO use IHHNEUGR2 IHAMBURG123 IHAMBURG2088 IHAMBURG155 IHAMBURG598 IHAMBURG1198 IHHHAMBU3 IHAMBURG367 IHAMBURG1036 IHAMBURG93 IHAMBURG1628 IHAMBURG403 IHAMBURG2011 IHAMBURG487 IHHRISSE2 IHHKIRCH2 IHAMBURG1458 IHAMBURG632 IHAMBURG2045 IHAMBURG628 IHAMBURG286 IHHHINSC2 IHAMBURG213 IHAMBURG237 IHAMBURG604 IHAMBURG1787 IHAMBURG1470 IHAMBURG594 IHAMBURG1202 IHAMBURG1830 IHAMBURG2018 IHAMBURG832 IHHHINSC4 IHAMBURG22 IHAMBURG1252 IHAMBURG82 IHAMBURG630 IHAMBURG142 IHAMBURG565 IHAMBURG172 IHAMBURG1374 IHAMBURG166 IHAMBURG1945 IHAMBURG1002 IHAMBURG1920 IHAMBURG2017 IHAMBURG1933 IHAMBURG1976 IHAMBURG1256 IHAMBURG1254 ILBALVES2 IHAMBURG52 IHAMBURG1484 IHAMBURG489 IHAMBURG1841 IHAMBURG1600 IHAMBURG938 IHAMBURG136 IHAMBURG61 IHAMBURG251 IAHRENSB13 IHAMBURG1110 IHAMBURG128 IHAMBURG1655 IHAMBURG974 IHHSTEIL2 IHAMBURG108 IHAMBURG600 IHAMBURG1008 IHAMBURG329 IHAMBURG291 IHAMBURG1832 IHAMBURG1586 IHAMBURG439 IHAMBURG1216 IHAMBURG206 IHAMBURG1142 IHAMBURG2008 IHAMBURG56 IBNNINGS3 IHAMBURG239 IHAMBURG1074 IHHHINSC3 IHHEINLA2 IHAMBURG64 IHAMBURG2048 IHAMBURG1360 IHAMBURG131 IHAMBURG243 IHAMBURG209 IHAMBURG1128 IHAMBURG1526 IHHFUHLS2 ISANKTUR5 IHAMBURG1890 IHAMBURG867 IHAMBURG1214 IHAMBURG254 IHAMBURG664 IHHWILHE2 IHAMBURG1316 IHAMBURG149 IHAMBURG365 IHAMBURG361 IHAMBURG1923 IHAMBURG280 IHAMBURG1244 IHAMBURG1108 IHHMARIE3 IHAMBURG10 IHAMBURG292 IHAMBURG2034 IHAMBURG342 IHAMBURG646 IHAMBURG1538 IHAMBURG200 IHAMBURG988 IHAMBURG778 IHHNIEND2 IHAMBURG1082 IHAMBURG98 IHAMBURG44 IHHKLEIN2 IHAMBURG1300 IHAMBURG20 IHAMBURG662 IHAMBURG2013 IHAMBURG2043 IHAMBURG1136 IHAMBURG606 IHHSASEL2 IHAMBURG797 IHAMBURG1661 IHAMBURG1783 IHAMBURG497 IHAMBURG2065 IHAMBURG57 IHAMBURG1870 IHAMBURG222 IHAMBURG1819 IHAMBURG89 IHAMBURG550 IHAMBURG1639 IHAMBURG456 IHAMBURG1953 IHAMBURG2069 IHAMBURG1811 IHAMBURG1064 IHAMBURG1679 IHAMBURG812 IHHEIDEL4 IHAMBURG267 IHAMBURG1212 IHAMBURG1940 IHHRAHLS3 IHAMBURG1508 IHHMARIE5 IHAMBURG1675 IHAMBURG2002 IHAMBURG1270 IHAMBURG42 IHAMBURG1929 IHAMBURG1697 IHAMBURG204 IHAMBURG53 IHAMBURG951 IHAMBURG515 IHAMBURG847 IHAMBURG1635 IHAMBURG955 IHAMBURG887 IHAMBURG1098 IHAMBURG1916 IHAMBURG258 IHAMBURG1114 IHAMBURG715 IHAMBURG1864 IHAMBURG1922 IHAMBURG514 IHAMBURG268 IHAMBURG79 IHAMBURG1645 IHAMBURG1076 IHAMBURG41 IHAMBURG638 IHAMBURG1582 IHAMBURG398 IHAMBURG762 ISEEVETA49 IHAMBURG1332 IHAMBURG406 IHAMBURG215 IHAMBURG723 IHAMBURG1144 IHAMBURG537 IHAMBURG1236 IHAMBURG863 IHAMBURG1346 IHAMBURG971 IHAMBURG60 IHAMBURG1918 IHAMBURG1962 IHAMBURG95 IHHHOHEN3 IHAMBURG2085 IHAMBURG2000 IHAMBURG1054 IHAMBURG1124 IHAMBURG1629 IHAMBURG1266 IHAMBURG46 IHAMBURG1681 IHAMBURG674 INORDERS72 IHAMBURG417 IHAMBURG1464 IHAMBURG279 IHAMBURG146 IHAMBURG1616 IHAMBURG230 IHAMBURG1755 IHAMBURG289 IHAMBURG900 IHAMBURG1942 IHHSCHNE3 IHAMBURG1188 IHAMBURG2024 IHAMBURG699 IHAMBURG1771 IHAMBURG2072 IHAMBURG844 IHAMBURG170 IHAMBURG164 IHAMBURG1815 IHAMBURG1986 IHAMBURG114 ILBHOOPT2 IHHSCHNE2 IHAMBURG774 IHAMBURG787 IHHFARMS2 IHAMBURG412 IHAMBURG1092 IHAMBURG914 IHAMBURG1184 IHAMBURG274 IHAMBURG2026 IHAMBURG224 IHAMBURG184 IHAMBURG1428 IHAMBURG452 IHAMBURG1699 IHAMBURG1977 IHAMBURG969 IHAMBURG620 IHAMBURG189 IHAMBURG104 IHAMBURG32 IWEDEL8 IHAMBURG353 IHAMBURG1134 IHAMBURG1220 IHHLANGE3 IHAMBURG423 IHAMBURG772 IHHWELLI2 IHAMBURG333 IHAMBURG394 IHAMBURG315 IHAMBURG1314 IHAMBURG1421 IHHHAMBU5 IHAMBURG2062 IHAMBURG517 IHAMBURG338 IHAMBURG990 IHAMBURG341 IHHHAMBU4 IHAMBURG355 IHAMBURG2076 IHAMBURG1946 IHAMBURG851 IHAMBURG1671 IHAMBURG34 IHAMBURG99 IHAMBURG50 IHAMBURG2042 IHAMBURG1985 IHAMBURG1150 IHAMBURG1930 IHAMBURG154 IHHHAMBU2 IHAMBURG1990 IHAMBURG1512 IHAMBURG460 IHHALSTE2 IHAMBURG2031 IHAMBURG1643 IHAMBURG1436 IHAMBURG719 IHHBARMB6 IHAMBURG1152 IHAMBURG768 IHAMBURG1056 IHAMBURG250 IHAMBURG1192 IHAMBURG410 IHAMBURG567 IHHWINTE4 IHAMBURG68 IBARSBTT19 IHAMBURG150 IHAMBURG1967 IHAMBURG1791 IHAMBURG308 IHAMBURG693 IHAMBURG479 IHAMBURG183 IHAMBURG1052 IHAMBURG1336 IHAMBURG2009 IHAMBURG2025 IHAMBURG1088 IHAMBURG1974 IHAMBURG454 IHAMBURG840 IHAMBURG1112 IHAMBURG1306 IHAMBURG163 IHHHOHEN2 IHAMBURG1910 IHAMBURG499 IHAMBURG1516 IHAMBURG380 IHAMBURG1102 IHHFUHLS3 IHAMBURG1982 IHHHELLB3 IHAMBURG1342 IHAMBURG1952 IHAMBURG390 IHAMBURG376 IHAMBURG1995 IHAMBURG1540 IHAMBURG190 IHAMBURG978 IHAMBURG1411 IHHWANDS2 IHAMBURG875 IHAMBURG119 IHAMBURG1391 IHAMBURG976 IHAMBURG2030 IHAMBURG162 IHAMBURG260 IHAMBURG335 IHAMBURG933 IWENTORF21 IHAMBURG957 IHAMBURG404 IHAMBURG169 IHAMBURG1292 IHAMBURG316 IHORN16 IHAMBURG1268 IHAMBURG1176 IHAMBURG218 IHAMBURG1282 IHAMBURG195 IHAMBURG1106 IHAMBURG731 IHAMBURG270 IHAMBURG1614 IHAMBURG1735 IHAMBURG998 IHHNEUBO3 IHAMBURG285 IHAMBURG1389 IHAMBURG1166 IHAMBURG402 IHAMBURG198 IHAMBURG684 IHAMBURG1302 IHHBARMB5 IHAMBURG441 IHAMBURG132 IHAMBURG1622 IHAMBURG1845 IHAMBURG276 IHAMBURG2005 ISEEVETA74 IHAMBURG84 IHAMBURG2079 IHHWINTE2 IHAMBURG1476 IHHBERGS2 IHAMBURG880 IHAMBURG737 IHAMBURG152 IBORNSEN2 IHAMBURG1326 IHAMBURG158 IHAMBURG140 IHAMBURG1058 ILBROSEN2 IHAMBURG1084 IHAMBURG1156 IHAMBURG171 IHAMBURG214 IHAMBURG1620 IHAMBURG69 IHAMBURG1194 IHAMBURG935 IHAMBURG1120 IHAMBURG656 IHAMBURG1086 IHAMBURG1691 IHAMBURG1548 IHAMBURG144 IHAMBURG261 IHAMBURG1230 IHAMBURG481 IHAMBURG469 INORDERS5 IHAMBURG1028 IHAMBURG927 IHAMBURG1180 IHAMBURG92 IHHCURSL2 IHAMBURG216 IHAMBURG1973 IHAMBURG1190 IHAMBURG1284 IHAMBURG805 IHAMBURG106 IHHSINST2 IHAMBURG1427 IHAMBURG262 IHAMBURG803 IHAMBURG256 IHAMBURG1296 IHAMBURG1709 IHAMBURG1182
2017-08-21 11:30:17,453 INFO nn          1.423 n=8762
2017-08-21 11:30:17,454 INFO idw_p2_dt   1.263 n=8699
2017-08-21 11:30:17,454 INFO min_cn5     0.872 n=8762
2017-08-21 11:30:17,454 INFO idw_p4_cn5  1.365 n=8762
2017-08-21 11:30:17,454 INFO idw_p3_dt   1.319 n=8699
2017-08-21 11:30:17,454 INFO median_cn3  1.257 n=8762
2017-08-21 11:30:17,454 INFO max_cn5     3.519 n=8762
2017-08-21 11:30:17,454 INFO min_cn3     0.881 n=8762
2017-08-21 11:30:17,454 INFO eddh        0.899 n=8754
2017-08-21 11:30:17,454 INFO idw_p2_cn5  1.360 n=8762
2017-08-21 11:30:17,454 INFO idw_p1_cn5  1.452 n=8762
2017-08-21 11:30:17,454 INFO idw_p2_all  1.542 n=8762
2017-08-21 11:30:17,454 INFO idw_p2_cn3  1.296 n=8762
2017-08-21 11:30:17,455 INFO idw_p4_cn3  1.360 n=8762
2017-08-21 11:30:17,455 INFO min_dt      0.866 n=8699
2017-08-21 11:30:17,455 INFO median_cn5  1.639 n=8762
2017-08-21 11:30:17,455 INFO max_dt      2.216 n=8699
2017-08-21 11:30:17,455 INFO max_cn3     2.575 n=8762
2017-08-21 11:30:17,455 INFO idw_p3_all  1.433 n=8762
2017-08-21 11:30:17,455 INFO idw_p1_cn3  1.292 n=8762
2017-08-21 11:30:17,455 INFO mean_cn3    1.364 n=8762
2017-08-21 11:30:17,455 INFO median_dt   1.194 n=8699
2017-08-21 11:30:17,455 INFO max_all     15.658 n=8762
2017-08-21 11:30:17,455 INFO idw_p1_all  1.550 n=8762
2017-08-21 11:30:17,455 INFO idw_p1_dt   1.213 n=8699
2017-08-21 11:30:17,456 INFO idw_p3_cn5  1.349 n=8762
2017-08-21 11:30:17,456 INFO idw_p4_dt   1.358 n=8699
2017-08-21 11:30:17,456 INFO mean_cn5    1.650 n=8762
2017-08-21 11:30:17,456 INFO mean_all    1.447 n=8762
2017-08-21 11:30:17,456 INFO median_all  1.228 n=8762
2017-08-21 11:30:17,456 INFO idw_p4_all  1.382 n=8762
2017-08-21 11:30:17,456 INFO mean_dt     1.239 n=8699
2017-08-21 11:30:17,456 INFO idw_p3_cn3  1.329 n=8762
2017-08-21 11:30:17,456 INFO min_all     5.148 n=8762
2017-08-21 11:30:17,456 INFO end method list
2017-08-21 11:30:17,710 INFO interpolate for WWM
2017-08-21 11:30:17,711 INFO currently at 9 out of 10
2017-08-21 11:30:17,711 INFO use IHHNEUGR2 IHAMBURG123 IHAMBURG2088 IHAMBURG155 IHAMBURG598 IHAMBURG1198 IHHHAMBU3 IHAMBURG367 IHAMBURG1036 IHAMBURG93 IHAMBURG1628 IHAMBURG403 IHAMBURG2011 IHAMBURG487 IHHRISSE2 IHHKIRCH2 IHAMBURG1458 IHAMBURG632 IHAMBURG2045 IHAMBURG628 IHAMBURG286 IHHHINSC2 IHAMBURG213 IHAMBURG237 IHAMBURG604 IHAMBURG1787 IHAMBURG1470 IHAMBURG594 IHAMBURG1202 IHAMBURG1830 IHAMBURG2018 IHAMBURG832 IHHHINSC4 IHAMBURG22 IHAMBURG1252 IHAMBURG82 IHAMBURG630 IHAMBURG142 IHAMBURG565 IHAMBURG172 IHAMBURG1374 IHAMBURG166 IHAMBURG1945 IHAMBURG1002 IHAMBURG1920 IHAMBURG2017 IHAMBURG1933 IHAMBURG1976 IHAMBURG1256 IHAMBURG1254 ILBALVES2 IHAMBURG52 IHAMBURG1484 IHAMBURG489 IHAMBURG1841 IHAMBURG1600 IHAMBURG938 IHAMBURG136 IHAMBURG61 IHAMBURG251 IAHRENSB13 IHAMBURG1110 IHAMBURG128 IHAMBURG1655 IHAMBURG974 IHHSTEIL2 IHAMBURG108 IHAMBURG600 IHAMBURG1008 IHAMBURG329 IHAMBURG291 IHAMBURG1832 IHAMBURG1586 IHAMBURG439 IHAMBURG1216 IHAMBURG206 IHAMBURG1142 IHAMBURG2008 IHAMBURG56 IBNNINGS3 IHAMBURG239 IHAMBURG1074 IHHHINSC3 IHHEINLA2 IHAMBURG64 IHAMBURG2048 IHAMBURG1360 IHAMBURG131 IHAMBURG243 IHAMBURG209 IHAMBURG1128 IHAMBURG1526 IHHFUHLS2 ISANKTUR5 IHAMBURG1890 IHAMBURG867 IHAMBURG1214 IHAMBURG254 IHAMBURG664 IHHWILHE2 IHAMBURG1316 IHAMBURG149 IHAMBURG365 IHAMBURG361 IHAMBURG1923 IHAMBURG280 IHAMBURG1244 IHAMBURG1108 IHHMARIE3 IHAMBURG10 IHAMBURG292 IHAMBURG2034 IHAMBURG342 IHAMBURG646 IHAMBURG1538 IHAMBURG200 IHAMBURG988 IHAMBURG778 IHHNIEND2 IHAMBURG1082 IHAMBURG98 IHAMBURG44 IHHKLEIN2 IHAMBURG1300 IHAMBURG20 IHAMBURG662 IHAMBURG2013 IHAMBURG2043 IHAMBURG1136 IHAMBURG606 IHHSASEL2 IHAMBURG797 IHAMBURG1661 IHAMBURG1783 IHAMBURG497 IHAMBURG2065 IHAMBURG57 IHAMBURG1870 IHAMBURG222 IHAMBURG1819 IHAMBURG89 IHAMBURG550 IHAMBURG1639 IHAMBURG456 IHAMBURG1953 IHAMBURG2069 IHAMBURG1811 IHAMBURG1064 IHAMBURG1679 IHAMBURG812 IHHEIDEL4 IHAMBURG267 IHAMBURG1212 IHAMBURG1940 IHHRAHLS3 IHAMBURG1508 IHHMARIE5 IHAMBURG1675 IHAMBURG2002 IHAMBURG1270 IHAMBURG42 IHAMBURG1929 IHAMBURG1697 IHAMBURG204 IHAMBURG53 IHAMBURG951 IHAMBURG515 IHAMBURG847 IHAMBURG1635 IHAMBURG955 IHAMBURG887 IHAMBURG1098 IHAMBURG1916 IHAMBURG258 IHAMBURG1114 IHAMBURG715 IHAMBURG1864 IHAMBURG1922 IHAMBURG514 IHAMBURG268 IHAMBURG79 IHAMBURG1645 IHAMBURG1076 IHAMBURG41 IHAMBURG638 IHAMBURG1582 IHAMBURG398 IHAMBURG762 ISEEVETA49 IHAMBURG1332 IHAMBURG406 IHAMBURG215 IHAMBURG723 IHAMBURG1144 IHAMBURG537 IHAMBURG1236 IHAMBURG863 IHAMBURG1346 IHAMBURG971 IHAMBURG60 IHAMBURG1918 IHAMBURG1962 IHAMBURG95 IHHHOHEN3 IHAMBURG2085 IHAMBURG2000 IHAMBURG1054 IHAMBURG1124 IHAMBURG1629 IHAMBURG1266 IHAMBURG46 IHAMBURG1681 IHAMBURG674 INORDERS72 IHAMBURG417 IHAMBURG1464 IHAMBURG279 IHAMBURG146 IHAMBURG1616 IHAMBURG230 IHAMBURG1755 IHAMBURG289 IHAMBURG900 IHAMBURG1942 IHHSCHNE3 IHAMBURG1188 IHAMBURG2024 IHAMBURG699 IHAMBURG1771 IHAMBURG2072 IHAMBURG844 IHAMBURG170 IHAMBURG164 IHAMBURG1815 IHAMBURG1986 IHAMBURG114 ILBHOOPT2 IHHSCHNE2 IHAMBURG774 IHAMBURG787 IHHFARMS2 IHAMBURG412 IHAMBURG1092 IHAMBURG914 IHAMBURG1184 IHAMBURG274 IHAMBURG2026 IHAMBURG224 IHAMBURG184 IHAMBURG1428 IHAMBURG452 IHAMBURG1699 IHAMBURG1977 IHAMBURG969 IHAMBURG620 IHAMBURG189 IHAMBURG104 IHAMBURG32 IWEDEL8 IHAMBURG353 IHAMBURG1134 IHAMBURG1220 IHHLANGE3 IHAMBURG423 IHAMBURG772 IHHWELLI2 IHAMBURG333 IHAMBURG394 IHAMBURG315 IHAMBURG1314 IHAMBURG1421 IHHHAMBU5 IHAMBURG2062 IHAMBURG517 IHAMBURG338 IHAMBURG990 IHAMBURG341 IHHHAMBU4 IHAMBURG355 IHAMBURG2076 IHAMBURG1946 IHAMBURG851 IHAMBURG1671 IHAMBURG34 IHAMBURG99 IHAMBURG50 IHAMBURG2042 IHAMBURG1985 IHAMBURG1150 IHAMBURG1930 IHAMBURG154 IHHHAMBU2 IHAMBURG1990 IHAMBURG1512 IHAMBURG460 IHHALSTE2 IHAMBURG2031 IHAMBURG1643 IHAMBURG1436 IHAMBURG719 IHHBARMB6 IHAMBURG1152 IHAMBURG768 IHAMBURG1056 IHAMBURG250 IHAMBURG1192 IHAMBURG410 IHAMBURG567 IHHWINTE4 IHAMBURG68 IBARSBTT19 IHAMBURG150 IHAMBURG1967 IHAMBURG1791 IHAMBURG308 IHAMBURG693 IHAMBURG479 IHAMBURG183 IHAMBURG1052 IHAMBURG1336 IHAMBURG2009 IHAMBURG2025 IHAMBURG1088 IHAMBURG1974 IHAMBURG454 IHAMBURG840 IHAMBURG1112 IHAMBURG1306 IHAMBURG163 IHHHOHEN2 IHAMBURG1910 IHAMBURG499 IHAMBURG1516 IHAMBURG380 IHAMBURG1102 IHHFUHLS3 IHAMBURG1982 IHHHELLB3 IHAMBURG1342 IHAMBURG1952 IHAMBURG390 IHAMBURG376 IHAMBURG1995 IHAMBURG1540 IHAMBURG190 IHAMBURG978 IHAMBURG1411 IHHWANDS2 IHAMBURG875 IHAMBURG119 IHAMBURG1391 IHAMBURG976 IHAMBURG2030 IHAMBURG162 IHAMBURG260 IHAMBURG335 IHAMBURG933 IWENTORF21 IHAMBURG957 IHAMBURG404 IHAMBURG169 IHAMBURG1292 IHAMBURG316 IHORN16 IHAMBURG1268 IHAMBURG1176 IHAMBURG218 IHAMBURG1282 IHAMBURG195 IHAMBURG1106 IHAMBURG731 IHAMBURG270 IHAMBURG1614 IHAMBURG1735 IHAMBURG998 IHHNEUBO3 IHAMBURG285 IHAMBURG1389 IHAMBURG1166 IHAMBURG402 IHAMBURG198 IHAMBURG684 IHAMBURG1302 IHHBARMB5 IHAMBURG441 IHAMBURG132 IHAMBURG1622 IHAMBURG1845 IHAMBURG276 IHAMBURG2005 ISEEVETA74 IHAMBURG84 IHAMBURG2079 IHHWINTE2 IHAMBURG1476 IHHBERGS2 IHAMBURG880 IHAMBURG737 IHAMBURG152 IBORNSEN2 IHAMBURG1326 IHAMBURG158 IHAMBURG140 IHAMBURG1058 ILBROSEN2 IHAMBURG1084 IHAMBURG1156 IHAMBURG171 IHAMBURG214 IHAMBURG1620 IHAMBURG69 IHAMBURG1194 IHAMBURG935 IHAMBURG1120 IHAMBURG656 IHAMBURG1086 IHAMBURG1691 IHAMBURG1548 IHAMBURG144 IHAMBURG261 IHAMBURG1230 IHAMBURG481 IHAMBURG469 INORDERS5 IHAMBURG1028 IHAMBURG927 IHAMBURG1180 IHAMBURG92 IHHCURSL2 IHAMBURG216 IHAMBURG1973 IHAMBURG1190 IHAMBURG1284 IHAMBURG805 IHAMBURG106 IHHSINST2 IHAMBURG1427 IHAMBURG262 IHAMBURG803 IHAMBURG256 IHAMBURG1296 IHAMBURG1709 IHAMBURG1182
2017-08-21 11:55:52,280 INFO nn          1.527 n=8784
2017-08-21 11:55:52,280 INFO idw_p2_dt   1.292 n=8739
2017-08-21 11:55:52,281 INFO min_cn5     0.840 n=8784
2017-08-21 11:55:52,281 INFO idw_p4_cn5  1.352 n=8784
2017-08-21 11:55:52,281 INFO idw_p3_dt   1.336 n=8739
2017-08-21 11:55:52,281 INFO median_cn3  1.288 n=8784
2017-08-21 11:55:52,281 INFO max_cn5     3.990 n=8784
2017-08-21 11:55:52,281 INFO min_cn3     0.832 n=8784
2017-08-21 11:55:52,281 INFO eddh        1.006 n=8772
2017-08-21 11:55:52,281 INFO idw_p2_cn5  1.347 n=8784
2017-08-21 11:55:52,281 INFO idw_p1_cn5  1.440 n=8784
2017-08-21 11:55:52,281 INFO idw_p2_all  1.458 n=8784
2017-08-21 11:55:52,281 INFO idw_p2_cn3  1.317 n=8784
2017-08-21 11:55:52,282 INFO idw_p4_cn3  1.358 n=8784
2017-08-21 11:55:52,282 INFO min_dt      0.800 n=8739
2017-08-21 11:55:52,282 INFO median_cn5  1.536 n=8784
2017-08-21 11:55:52,282 INFO max_dt      2.730 n=8739
2017-08-21 11:55:52,282 INFO max_cn3     3.286 n=8784
2017-08-21 11:55:52,282 INFO idw_p3_all  1.380 n=8784
2017-08-21 11:55:52,282 INFO idw_p1_cn3  1.347 n=8784
2017-08-21 11:55:52,282 INFO mean_cn3    1.564 n=8784
2017-08-21 11:55:52,282 INFO median_dt   1.163 n=8739
2017-08-21 11:55:52,282 INFO max_all     15.743 n=8784
2017-08-21 11:55:52,282 INFO idw_p1_all  1.547 n=8784
2017-08-21 11:55:52,283 INFO idw_p1_dt   1.257 n=8739
2017-08-21 11:55:52,283 INFO idw_p3_cn5  1.333 n=8784
2017-08-21 11:55:52,283 INFO idw_p4_dt   1.369 n=8739
2017-08-21 11:55:52,283 INFO mean_cn5    1.686 n=8784
2017-08-21 11:55:52,283 INFO mean_all    1.450 n=8784
2017-08-21 11:55:52,283 INFO median_all  1.222 n=8784
2017-08-21 11:55:52,283 INFO idw_p4_all  1.351 n=8784
2017-08-21 11:55:52,283 INFO mean_dt     1.367 n=8739
2017-08-21 11:55:52,283 INFO idw_p3_cn3  1.331 n=8784
2017-08-21 11:55:52,283 INFO min_all     5.114 n=8784
2017-08-21 11:55:52,283 INFO end method list
2017-08-21 11:55:52,537 INFO interpolate for ZOM
2017-08-21 11:55:52,538 INFO currently at 10 out of 10
2017-08-21 11:55:52,538 INFO use IHHNEUGR2 IHAMBURG123 IHAMBURG2088 IHAMBURG155 IHAMBURG598 IHAMBURG1198 IHHHAMBU3 IHAMBURG367 IHAMBURG1036 IHAMBURG93 IHAMBURG1628 IHAMBURG403 IHAMBURG2011 IHAMBURG487 IHHRISSE2 IHHKIRCH2 IHAMBURG1458 IHAMBURG632 IHAMBURG2045 IHAMBURG628 IHAMBURG286 IHHHINSC2 IHAMBURG213 IHAMBURG237 IHAMBURG604 IHAMBURG1787 IHAMBURG1470 IHAMBURG594 IHAMBURG1202 IHAMBURG1830 IHAMBURG2018 IHAMBURG832 IHHHINSC4 IHAMBURG22 IHAMBURG1252 IHAMBURG82 IHAMBURG630 IHAMBURG142 IHAMBURG565 IHAMBURG172 IHAMBURG1374 IHAMBURG166 IHAMBURG1945 IHAMBURG1002 IHAMBURG1920 IHAMBURG2017 IHAMBURG1933 IHAMBURG1976 IHAMBURG1256 IHAMBURG1254 ILBALVES2 IHAMBURG52 IHAMBURG1484 IHAMBURG489 IHAMBURG1841 IHAMBURG1600 IHAMBURG938 IHAMBURG136 IHAMBURG61 IHAMBURG251 IAHRENSB13 IHAMBURG1110 IHAMBURG128 IHAMBURG1655 IHAMBURG974 IHHSTEIL2 IHAMBURG108 IHAMBURG600 IHAMBURG1008 IHAMBURG329 IHAMBURG291 IHAMBURG1832 IHAMBURG1586 IHAMBURG439 IHAMBURG1216 IHAMBURG206 IHAMBURG1142 IHAMBURG2008 IHAMBURG56 IBNNINGS3 IHAMBURG239 IHAMBURG1074 IHHHINSC3 IHHEINLA2 IHAMBURG64 IHAMBURG2048 IHAMBURG1360 IHAMBURG131 IHAMBURG243 IHAMBURG209 IHAMBURG1128 IHAMBURG1526 IHHFUHLS2 ISANKTUR5 IHAMBURG1890 IHAMBURG867 IHAMBURG1214 IHAMBURG254 IHAMBURG664 IHHWILHE2 IHAMBURG1316 IHAMBURG149 IHAMBURG365 IHAMBURG361 IHAMBURG1923 IHAMBURG280 IHAMBURG1244 IHAMBURG1108 IHHMARIE3 IHAMBURG10 IHAMBURG292 IHAMBURG2034 IHAMBURG342 IHAMBURG646 IHAMBURG1538 IHAMBURG200 IHAMBURG988 IHAMBURG778 IHHNIEND2 IHAMBURG1082 IHAMBURG98 IHAMBURG44 IHHKLEIN2 IHAMBURG1300 IHAMBURG20 IHAMBURG662 IHAMBURG2013 IHAMBURG2043 IHAMBURG1136 IHAMBURG606 IHHSASEL2 IHAMBURG797 IHAMBURG1661 IHAMBURG1783 IHAMBURG497 IHAMBURG2065 IHAMBURG57 IHAMBURG1870 IHAMBURG222 IHAMBURG1819 IHAMBURG89 IHAMBURG550 IHAMBURG1639 IHAMBURG456 IHAMBURG1953 IHAMBURG2069 IHAMBURG1811 IHAMBURG1064 IHAMBURG1679 IHAMBURG812 IHHEIDEL4 IHAMBURG267 IHAMBURG1212 IHAMBURG1940 IHHRAHLS3 IHAMBURG1508 IHHMARIE5 IHAMBURG1675 IHAMBURG2002 IHAMBURG1270 IHAMBURG42 IHAMBURG1929 IHAMBURG1697 IHAMBURG204 IHAMBURG53 IHAMBURG951 IHAMBURG515 IHAMBURG847 IHAMBURG1635 IHAMBURG955 IHAMBURG887 IHAMBURG1098 IHAMBURG1916 IHAMBURG258 IHAMBURG1114 IHAMBURG715 IHAMBURG1864 IHAMBURG1922 IHAMBURG514 IHAMBURG268 IHAMBURG79 IHAMBURG1645 IHAMBURG1076 IHAMBURG41 IHAMBURG638 IHAMBURG1582 IHAMBURG398 IHAMBURG762 ISEEVETA49 IHAMBURG1332 IHAMBURG406 IHAMBURG215 IHAMBURG723 IHAMBURG1144 IHAMBURG537 IHAMBURG1236 IHAMBURG863 IHAMBURG1346 IHAMBURG971 IHAMBURG60 IHAMBURG1918 IHAMBURG1962 IHAMBURG95 IHHHOHEN3 IHAMBURG2085 IHAMBURG2000 IHAMBURG1054 IHAMBURG1124 IHAMBURG1629 IHAMBURG1266 IHAMBURG46 IHAMBURG1681 IHAMBURG674 INORDERS72 IHAMBURG417 IHAMBURG1464 IHAMBURG279 IHAMBURG146 IHAMBURG1616 IHAMBURG230 IHAMBURG1755 IHAMBURG289 IHAMBURG900 IHAMBURG1942 IHHSCHNE3 IHAMBURG1188 IHAMBURG2024 IHAMBURG699 IHAMBURG1771 IHAMBURG2072 IHAMBURG844 IHAMBURG170 IHAMBURG164 IHAMBURG1815 IHAMBURG1986 IHAMBURG114 ILBHOOPT2 IHHSCHNE2 IHAMBURG774 IHAMBURG787 IHHFARMS2 IHAMBURG412 IHAMBURG1092 IHAMBURG914 IHAMBURG1184 IHAMBURG274 IHAMBURG2026 IHAMBURG224 IHAMBURG184 IHAMBURG1428 IHAMBURG452 IHAMBURG1699 IHAMBURG1977 IHAMBURG969 IHAMBURG620 IHAMBURG189 IHAMBURG104 IHAMBURG32 IWEDEL8 IHAMBURG353 IHAMBURG1134 IHAMBURG1220 IHHLANGE3 IHAMBURG423 IHAMBURG772 IHHWELLI2 IHAMBURG333 IHAMBURG394 IHAMBURG315 IHAMBURG1314 IHAMBURG1421 IHHHAMBU5 IHAMBURG2062 IHAMBURG517 IHAMBURG338 IHAMBURG990 IHAMBURG341 IHHHAMBU4 IHAMBURG355 IHAMBURG2076 IHAMBURG1946 IHAMBURG851 IHAMBURG1671 IHAMBURG34 IHAMBURG99 IHAMBURG50 IHAMBURG2042 IHAMBURG1985 IHAMBURG1150 IHAMBURG1930 IHAMBURG154 IHHHAMBU2 IHAMBURG1990 IHAMBURG1512 IHAMBURG460 IHHALSTE2 IHAMBURG2031 IHAMBURG1643 IHAMBURG1436 IHAMBURG719 IHHBARMB6 IHAMBURG1152 IHAMBURG768 IHAMBURG1056 IHAMBURG250 IHAMBURG1192 IHAMBURG410 IHAMBURG567 IHHWINTE4 IHAMBURG68 IBARSBTT19 IHAMBURG150 IHAMBURG1967 IHAMBURG1791 IHAMBURG308 IHAMBURG693 IHAMBURG479 IHAMBURG183 IHAMBURG1052 IHAMBURG1336 IHAMBURG2009 IHAMBURG2025 IHAMBURG1088 IHAMBURG1974 IHAMBURG454 IHAMBURG840 IHAMBURG1112 IHAMBURG1306 IHAMBURG163 IHHHOHEN2 IHAMBURG1910 IHAMBURG499 IHAMBURG1516 IHAMBURG380 IHAMBURG1102 IHHFUHLS3 IHAMBURG1982 IHHHELLB3 IHAMBURG1342 IHAMBURG1952 IHAMBURG390 IHAMBURG376 IHAMBURG1995 IHAMBURG1540 IHAMBURG190 IHAMBURG978 IHAMBURG1411 IHHWANDS2 IHAMBURG875 IHAMBURG119 IHAMBURG1391 IHAMBURG976 IHAMBURG2030 IHAMBURG162 IHAMBURG260 IHAMBURG335 IHAMBURG933 IWENTORF21 IHAMBURG957 IHAMBURG404 IHAMBURG169 IHAMBURG1292 IHAMBURG316 IHORN16 IHAMBURG1268 IHAMBURG1176 IHAMBURG218 IHAMBURG1282 IHAMBURG195 IHAMBURG1106 IHAMBURG731 IHAMBURG270 IHAMBURG1614 IHAMBURG1735 IHAMBURG998 IHHNEUBO3 IHAMBURG285 IHAMBURG1389 IHAMBURG1166 IHAMBURG402 IHAMBURG198 IHAMBURG684 IHAMBURG1302 IHHBARMB5 IHAMBURG441 IHAMBURG132 IHAMBURG1622 IHAMBURG1845 IHAMBURG276 IHAMBURG2005 ISEEVETA74 IHAMBURG84 IHAMBURG2079 IHHWINTE2 IHAMBURG1476 IHHBERGS2 IHAMBURG880 IHAMBURG737 IHAMBURG152 IBORNSEN2 IHAMBURG1326 IHAMBURG158 IHAMBURG140 IHAMBURG1058 ILBROSEN2 IHAMBURG1084 IHAMBURG1156 IHAMBURG171 IHAMBURG214 IHAMBURG1620 IHAMBURG69 IHAMBURG1194 IHAMBURG935 IHAMBURG1120 IHAMBURG656 IHAMBURG1086 IHAMBURG1691 IHAMBURG1548 IHAMBURG144 IHAMBURG261 IHAMBURG1230 IHAMBURG481 IHAMBURG469 INORDERS5 IHAMBURG1028 IHAMBURG927 IHAMBURG1180 IHAMBURG92 IHHCURSL2 IHAMBURG216 IHAMBURG1973 IHAMBURG1190 IHAMBURG1284 IHAMBURG805 IHAMBURG106 IHHSINST2 IHAMBURG1427 IHAMBURG262 IHAMBURG803 IHAMBURG256 IHAMBURG1296 IHAMBURG1709 IHAMBURG1182
2017-08-21 12:21:13,713 INFO nn          13.903 n=8771
2017-08-21 12:21:13,714 INFO idw_p2_dt   4.495 n=8762
2017-08-21 12:21:13,714 INFO min_cn5     1.286 n=8771
2017-08-21 12:21:13,714 INFO idw_p4_cn5  7.803 n=8771
2017-08-21 12:21:13,714 INFO idw_p3_dt   4.454 n=8762
2017-08-21 12:21:13,714 INFO median_cn3  11.348 n=8771
2017-08-21 12:21:13,714 INFO max_cn5     13.931 n=8771
2017-08-21 12:21:13,715 INFO min_cn3     0.963 n=8771
2017-08-21 12:21:13,715 INFO eddh        1.117 n=8766
2017-08-21 12:21:13,715 INFO idw_p2_cn5  6.832 n=8771
2017-08-21 12:21:13,715 INFO idw_p1_cn5  6.149 n=8771
2017-08-21 12:21:13,715 INFO idw_p2_all  2.642 n=8771
2017-08-21 12:21:13,715 INFO idw_p2_cn3  8.289 n=8771
2017-08-21 12:21:13,715 INFO idw_p4_cn3  8.378 n=8771
2017-08-21 12:21:13,715 INFO min_dt      1.065 n=8762
2017-08-21 12:21:13,715 INFO median_cn5  1.641 n=8771
2017-08-21 12:21:13,715 INFO max_dt      12.055 n=8762
2017-08-21 12:21:13,715 INFO max_cn3     13.929 n=8771
2017-08-21 12:21:13,715 INFO idw_p3_all  4.825 n=8771
2017-08-21 12:21:13,716 INFO idw_p1_cn3  8.324 n=8771
2017-08-21 12:21:13,716 INFO mean_cn3    8.436 n=8771
2017-08-21 12:21:13,716 INFO median_dt   2.090 n=8762
2017-08-21 12:21:13,716 INFO max_all     15.460 n=8771
2017-08-21 12:21:13,716 INFO idw_p1_all  1.451 n=8771
2017-08-21 12:21:13,716 INFO idw_p1_dt   4.489 n=8762
2017-08-21 12:21:13,716 INFO idw_p3_cn5  7.383 n=8771
2017-08-21 12:21:13,716 INFO idw_p4_dt   4.398 n=8762
2017-08-21 12:21:13,716 INFO mean_cn5    5.369 n=8771
2017-08-21 12:21:13,716 INFO mean_all    1.116 n=8771
2017-08-21 12:21:13,716 INFO median_all  0.894 n=8771
2017-08-21 12:21:13,716 INFO idw_p4_all  6.663 n=8771
2017-08-21 12:21:13,716 INFO mean_dt     4.416 n=8762
2017-08-21 12:21:13,717 INFO idw_p3_cn3  8.314 n=8771
2017-08-21 12:21:13,717 INFO min_all     5.335 n=8771
2017-08-21 12:21:13,717 INFO end method list
2017-08-21 12:21:14,035 INFO min_cn5     0.94335 n=87417
2017-08-21 12:21:14,035 INFO idw_p4_all  2.69736 n=87417
2017-08-21 12:21:14,036 INFO idw_p4_cn5  2.99436 n=87417
2017-08-21 12:21:14,036 INFO idw_p3_dt   2.21018 n=81396
2017-08-21 12:21:14,036 INFO idw_p4_cn3  3.15217 n=87417
2017-08-21 12:21:14,036 INFO min_cn3     0.97029 n=87417
2017-08-21 12:21:14,037 INFO idw_p2_cn5  2.70230 n=87417
2017-08-21 12:21:14,037 INFO idw_p3_cn5  2.86947 n=87417
2017-08-21 12:21:14,037 INFO idw_p2_all  1.74495 n=87417
2017-08-21 12:21:14,037 INFO min_dt      0.97409 n=81396
2017-08-21 12:21:14,038 INFO max_dt      4.71709 n=81396
2017-08-21 12:21:14,038 INFO max_cn3     5.50555 n=87417
2017-08-21 12:21:14,038 INFO median_cn5  1.40541 n=87417
2017-08-21 12:21:14,038 INFO mean_dt     2.00625 n=81396
2017-08-21 12:21:14,039 INFO idw_p1_all  1.56084 n=87417
2017-08-21 12:21:14,039 INFO idw_p2_dt   2.19218 n=81396
2017-08-21 12:21:14,039 INFO median_cn3  3.87323 n=87417
2017-08-21 12:21:14,039 INFO max_cn5     5.96777 n=87417
2017-08-21 12:21:14,040 INFO idw_p1_cn5  2.49239 n=87417
2017-08-21 12:21:14,040 INFO idw_p2_cn3  3.11045 n=87417
2017-08-21 12:21:14,040 INFO eddh        1.03718 n=87310
2017-08-21 12:21:14,040 INFO median_dt   1.49252 n=81396
2017-08-21 12:21:14,040 INFO idw_p3_all  2.24353 n=87417
2017-08-21 12:21:14,041 INFO idw_p1_cn3  3.11170 n=87417
2017-08-21 12:21:14,041 INFO mean_cn3    3.16334 n=87417
2017-08-21 12:21:14,041 INFO max_all     15.70398 n=87417
2017-08-21 12:21:14,041 INFO idw_p1_dt   2.11925 n=81396
2017-08-21 12:21:14,042 INFO nn          4.76784 n=87417
2017-08-21 12:21:14,042 INFO idw_p4_dt   2.21062 n=81396
2017-08-21 12:21:14,042 INFO mean_cn5    2.30454 n=87417
2017-08-21 12:21:14,042 INFO mean_all    1.53483 n=87417
2017-08-21 12:21:14,043 INFO median_all  1.32767 n=87417
2017-08-21 12:21:14,043 INFO idw_p3_cn3  3.12620 n=87417
2017-08-21 12:21:14,043 INFO min_all     5.14301 n=87417
